++++ Instance Info ++++
Instance name: tsi3_16_budget_030_D1_md050_US2_USpar10
Network name: tsi3_16_budget_030
Number of nodes: 18
Number of profitable nodes: 16
Max number of discovery: 8
Max duration: 3000
Alrijne Collecting Time: 360.000000
++++ Uncertainty  ++++
Uncertainty Set Type: 2
Uncertainty Set Parameter: 0.100000
Total Deterministic Profit in the Network: 550.000000
++++ Solution of the Model ++++
-----------------------------------------------
Objective:
Best Lower Bound: -0.237500
Best upper bound: -0.237500
Elapsed time Branch-and-Cut: 263.186000
Elapsed time Starting Cuts: 3.781000
Cplex Gap: 0.000000
B&C nodes: 1718
Number Logic Benders Cuts: 3468
Number Starting Scenarios: 0
Cardinality of Y: 51
Number of Tight y in the sub-problem: 36

Variables Master Problem:

Phi =-0.237500 

Discoveries: w_i (i is a profitable node). 
 w_[node:3] = 1.000000
 w_[node:4] = 1.000000
 w_[node:6] = 1.000000
 w_[node:7] = 1.000000
 w_[node:8] = 1.000000
 w_[node:9] = 1.000000
 w_[node:10] = 1.000000
 w_[node:11] = 1.000000

Scenarios and Tight Ys Sub-Problem

Overline Scenario: ovxi_i (i is a profitable node). 
 ov_xi_[node:1] = 0.100000
 ov_xi_[node:2] = 0.100000
 ov_xi_[node:3] = 0.037500
 ov_xi_[node:4] = 0.100000
 ov_xi_[node:5] = 0.000000
 ov_xi_[node:6] = 0.012500
 ov_xi_[node:7] = 0.012500
 ov_xi_[node:8] = 0.100000
 ov_xi_[node:9] = 0.100000
 ov_xi_[node:10] = 0.025000
 ov_xi_[node:11] = 0.100000
 ov_xi_[node:12] = 0.012500
 ov_xi_[node:13] = 0.000000
 ov_xi_[node:14] = 0.100000
 ov_xi_[node:15] = 0.100000
 ov_xi_[node:16] = 0.100000

 Tigth Ys: 

 y = 2 { 
Node 1: {
y_[node:1] = 0
xi_y_i_[y:2][node:1] = 0.033333
} 
Node 2: {
y_[node:2] = 1
xi_y_i_[y:2][node:2] = 0.066667
} 
Node 3: {
y_[node:3] = 0
xi_y_i_[y:2][node:3] = 0.100000
} 
Node 4: {
y_[node:4] = 0
xi_y_i_[y:2][node:4] = 0.100000
} 
Node 5: {
y_[node:5] = 0
xi_y_i_[y:2][node:5] = 0.100000
} 
Node 6: {
y_[node:6] = 0
xi_y_i_[y:2][node:6] = 0.033333
} 
Node 7: {
y_[node:7] = 0
xi_y_i_[y:2][node:7] = 0.066667
} 
Node 8: {
y_[node:8] = 0
xi_y_i_[y:2][node:8] = 0.033333
} 
Node 9: {
y_[node:9] = 0
xi_y_i_[y:2][node:9] = 0.033333
} 
Node 10: {
y_[node:10] = 0
xi_y_i_[y:2][node:10] = 0.100000
} 
Node 11: {
y_[node:11] = 0
xi_y_i_[y:2][node:11] = 0.100000
} 
Node 12: {
y_[node:12] = 0
xi_y_i_[y:2][node:12] = 0.100000
} 
Node 13: {
y_[node:13] = 1
xi_y_i_[y:2][node:13] = 0.000000
} 
Node 14: {
y_[node:14] = 0
xi_y_i_[y:2][node:14] = 0.100000
} 
Node 15: {
y_[node:15] = 1
xi_y_i_[y:2][node:15] = 0.033333
} 
Node 16: {
y_[node:16] = 1
xi_y_i_[y:2][node:16] = 0.000000
} 

 } 

 y = 3 { 
Node 1: {
y_[node:1] = 1
xi_y_i_[y:3][node:1] = 0.033333
} 
Node 2: {
y_[node:2] = 1
xi_y_i_[y:3][node:2] = 0.066667
} 
Node 3: {
y_[node:3] = 0
xi_y_i_[y:3][node:3] = 0.100000
} 
Node 4: {
y_[node:4] = 0
xi_y_i_[y:3][node:4] = 0.100000
} 
Node 5: {
y_[node:5] = 0
xi_y_i_[y:3][node:5] = 0.100000
} 
Node 6: {
y_[node:6] = 0
xi_y_i_[y:3][node:6] = 0.033333
} 
Node 7: {
y_[node:7] = 0
xi_y_i_[y:3][node:7] = 0.066667
} 
Node 8: {
y_[node:8] = 0
xi_y_i_[y:3][node:8] = 0.033333
} 
Node 9: {
y_[node:9] = 0
xi_y_i_[y:3][node:9] = 0.033333
} 
Node 10: {
y_[node:10] = 1
xi_y_i_[y:3][node:10] = 0.100000
} 
Node 11: {
y_[node:11] = 0
xi_y_i_[y:3][node:11] = 0.100000
} 
Node 12: {
y_[node:12] = 0
xi_y_i_[y:3][node:12] = 0.100000
} 
Node 13: {
y_[node:13] = 1
xi_y_i_[y:3][node:13] = 0.000000
} 
Node 14: {
y_[node:14] = 0
xi_y_i_[y:3][node:14] = 0.100000
} 
Node 15: {
y_[node:15] = 0
xi_y_i_[y:3][node:15] = 0.033333
} 
Node 16: {
y_[node:16] = 1
xi_y_i_[y:3][node:16] = 0.000000
} 

 } 

 y = 4 { 
Node 1: {
y_[node:1] = 0
xi_y_i_[y:4][node:1] = 0.033333
} 
Node 2: {
y_[node:2] = 0
xi_y_i_[y:4][node:2] = 0.066667
} 
Node 3: {
y_[node:3] = 1
xi_y_i_[y:4][node:3] = 0.100000
} 
Node 4: {
y_[node:4] = 1
xi_y_i_[y:4][node:4] = 0.100000
} 
Node 5: {
y_[node:5] = 0
xi_y_i_[y:4][node:5] = 0.100000
} 
Node 6: {
y_[node:6] = 0
xi_y_i_[y:4][node:6] = 0.033333
} 
Node 7: {
y_[node:7] = 0
xi_y_i_[y:4][node:7] = 0.066667
} 
Node 8: {
y_[node:8] = 0
xi_y_i_[y:4][node:8] = 0.100000
} 
Node 9: {
y_[node:9] = 0
xi_y_i_[y:4][node:9] = 0.033333
} 
Node 10: {
y_[node:10] = 0
xi_y_i_[y:4][node:10] = 0.100000
} 
Node 11: {
y_[node:11] = 1
xi_y_i_[y:4][node:11] = 0.033333
} 
Node 12: {
y_[node:12] = 0
xi_y_i_[y:4][node:12] = 0.100000
} 
Node 13: {
y_[node:13] = 0
xi_y_i_[y:4][node:13] = 0.000000
} 
Node 14: {
y_[node:14] = 0
xi_y_i_[y:4][node:14] = 0.100000
} 
Node 15: {
y_[node:15] = 0
xi_y_i_[y:4][node:15] = 0.033333
} 
Node 16: {
y_[node:16] = 0
xi_y_i_[y:4][node:16] = 0.000000
} 

 } 

 y = 6 { 
Node 1: {
y_[node:1] = 0
xi_y_i_[y:6][node:1] = 0.033333
} 
Node 2: {
y_[node:2] = 0
xi_y_i_[y:6][node:2] = 0.066667
} 
Node 3: {
y_[node:3] = 0
xi_y_i_[y:6][node:3] = 0.100000
} 
Node 4: {
y_[node:4] = 0
xi_y_i_[y:6][node:4] = 0.100000
} 
Node 5: {
y_[node:5] = 0
xi_y_i_[y:6][node:5] = 0.100000
} 
Node 6: {
y_[node:6] = 0
xi_y_i_[y:6][node:6] = 0.033333
} 
Node 7: {
y_[node:7] = 0
xi_y_i_[y:6][node:7] = 0.066667
} 
Node 8: {
y_[node:8] = 1
xi_y_i_[y:6][node:8] = 0.033333
} 
Node 9: {
y_[node:9] = 1
xi_y_i_[y:6][node:9] = 0.033333
} 
Node 10: {
y_[node:10] = 1
xi_y_i_[y:6][node:10] = 0.100000
} 
Node 11: {
y_[node:11] = 0
xi_y_i_[y:6][node:11] = 0.100000
} 
Node 12: {
y_[node:12] = 0
xi_y_i_[y:6][node:12] = 0.100000
} 
Node 13: {
y_[node:13] = 0
xi_y_i_[y:6][node:13] = 0.000000
} 
Node 14: {
y_[node:14] = 0
xi_y_i_[y:6][node:14] = 0.100000
} 
Node 15: {
y_[node:15] = 0
xi_y_i_[y:6][node:15] = 0.033333
} 
Node 16: {
y_[node:16] = 1
xi_y_i_[y:6][node:16] = 0.000000
} 

 } 

 y = 7 { 
Node 1: {
y_[node:1] = 1
xi_y_i_[y:7][node:1] = 0.033333
} 
Node 2: {
y_[node:2] = 0
xi_y_i_[y:7][node:2] = 0.066667
} 
Node 3: {
y_[node:3] = 0
xi_y_i_[y:7][node:3] = 0.100000
} 
Node 4: {
y_[node:4] = 0
xi_y_i_[y:7][node:4] = 0.100000
} 
Node 5: {
y_[node:5] = 0
xi_y_i_[y:7][node:5] = 0.100000
} 
Node 6: {
y_[node:6] = 0
xi_y_i_[y:7][node:6] = 0.033333
} 
Node 7: {
y_[node:7] = 1
xi_y_i_[y:7][node:7] = 0.066667
} 
Node 8: {
y_[node:8] = 0
xi_y_i_[y:7][node:8] = 0.033333
} 
Node 9: {
y_[node:9] = 0
xi_y_i_[y:7][node:9] = 0.033333
} 
Node 10: {
y_[node:10] = 1
xi_y_i_[y:7][node:10] = 0.100000
} 
Node 11: {
y_[node:11] = 0
xi_y_i_[y:7][node:11] = 0.100000
} 
Node 12: {
y_[node:12] = 0
xi_y_i_[y:7][node:12] = 0.100000
} 
Node 13: {
y_[node:13] = 1
xi_y_i_[y:7][node:13] = 0.000000
} 
Node 14: {
y_[node:14] = 0
xi_y_i_[y:7][node:14] = 0.100000
} 
Node 15: {
y_[node:15] = 1
xi_y_i_[y:7][node:15] = 0.033333
} 
Node 16: {
y_[node:16] = 0
xi_y_i_[y:7][node:16] = 0.000000
} 

 } 

 y = 8 { 
Node 1: {
y_[node:1] = 1
xi_y_i_[y:8][node:1] = 0.033333
} 
Node 2: {
y_[node:2] = 1
xi_y_i_[y:8][node:2] = 0.066667
} 
Node 3: {
y_[node:3] = 0
xi_y_i_[y:8][node:3] = 0.100000
} 
Node 4: {
y_[node:4] = 0
xi_y_i_[y:8][node:4] = 0.100000
} 
Node 5: {
y_[node:5] = 0
xi_y_i_[y:8][node:5] = 0.100000
} 
Node 6: {
y_[node:6] = 1
xi_y_i_[y:8][node:6] = 0.033333
} 
Node 7: {
y_[node:7] = 0
xi_y_i_[y:8][node:7] = 0.066667
} 
Node 8: {
y_[node:8] = 0
xi_y_i_[y:8][node:8] = 0.033333
} 
Node 9: {
y_[node:9] = 0
xi_y_i_[y:8][node:9] = 0.033333
} 
Node 10: {
y_[node:10] = 0
xi_y_i_[y:8][node:10] = 0.100000
} 
Node 11: {
y_[node:11] = 0
xi_y_i_[y:8][node:11] = 0.100000
} 
Node 12: {
y_[node:12] = 0
xi_y_i_[y:8][node:12] = 0.100000
} 
Node 13: {
y_[node:13] = 0
xi_y_i_[y:8][node:13] = 0.000000
} 
Node 14: {
y_[node:14] = 0
xi_y_i_[y:8][node:14] = 0.100000
} 
Node 15: {
y_[node:15] = 1
xi_y_i_[y:8][node:15] = 0.033333
} 
Node 16: {
y_[node:16] = 0
xi_y_i_[y:8][node:16] = 0.000000
} 

 } 

 y = 9 { 
Node 1: {
y_[node:1] = 0
xi_y_i_[y:9][node:1] = 0.033333
} 
Node 2: {
y_[node:2] = 0
xi_y_i_[y:9][node:2] = 0.066667
} 
Node 3: {
y_[node:3] = 0
xi_y_i_[y:9][node:3] = 0.100000
} 
Node 4: {
y_[node:4] = 0
xi_y_i_[y:9][node:4] = 0.100000
} 
Node 5: {
y_[node:5] = 0
xi_y_i_[y:9][node:5] = 0.100000
} 
Node 6: {
y_[node:6] = 1
xi_y_i_[y:9][node:6] = 0.033333
} 
Node 7: {
y_[node:7] = 1
xi_y_i_[y:9][node:7] = 0.066667
} 
Node 8: {
y_[node:8] = 1
xi_y_i_[y:9][node:8] = 0.033333
} 
Node 9: {
y_[node:9] = 1
xi_y_i_[y:9][node:9] = 0.033333
} 
Node 10: {
y_[node:10] = 0
xi_y_i_[y:9][node:10] = 0.100000
} 
Node 11: {
y_[node:11] = 0
xi_y_i_[y:9][node:11] = 0.100000
} 
Node 12: {
y_[node:12] = 0
xi_y_i_[y:9][node:12] = 0.100000
} 
Node 13: {
y_[node:13] = 1
xi_y_i_[y:9][node:13] = 0.000000
} 
Node 14: {
y_[node:14] = 0
xi_y_i_[y:9][node:14] = 0.100000
} 
Node 15: {
y_[node:15] = 0
xi_y_i_[y:9][node:15] = 0.033333
} 
Node 16: {
y_[node:16] = 0
xi_y_i_[y:9][node:16] = 0.000000
} 

 } 

 y = 10 { 
Node 1: {
y_[node:1] = 1
xi_y_i_[y:10][node:1] = 0.033333
} 
Node 2: {
y_[node:2] = 1
xi_y_i_[y:10][node:2] = 0.066667
} 
Node 3: {
y_[node:3] = 0
xi_y_i_[y:10][node:3] = 0.100000
} 
Node 4: {
y_[node:4] = 0
xi_y_i_[y:10][node:4] = 0.100000
} 
Node 5: {
y_[node:5] = 0
xi_y_i_[y:10][node:5] = 0.100000
} 
Node 6: {
y_[node:6] = 1
xi_y_i_[y:10][node:6] = 0.033333
} 
Node 7: {
y_[node:7] = 1
xi_y_i_[y:10][node:7] = 0.066667
} 
Node 8: {
y_[node:8] = 0
xi_y_i_[y:10][node:8] = 0.033333
} 
Node 9: {
y_[node:9] = 0
xi_y_i_[y:10][node:9] = 0.033333
} 
Node 10: {
y_[node:10] = 0
xi_y_i_[y:10][node:10] = 0.100000
} 
Node 11: {
y_[node:11] = 0
xi_y_i_[y:10][node:11] = 0.100000
} 
Node 12: {
y_[node:12] = 0
xi_y_i_[y:10][node:12] = 0.100000
} 
Node 13: {
y_[node:13] = 0
xi_y_i_[y:10][node:13] = 0.000000
} 
Node 14: {
y_[node:14] = 0
xi_y_i_[y:10][node:14] = 0.100000
} 
Node 15: {
y_[node:15] = 1
xi_y_i_[y:10][node:15] = 0.033333
} 
Node 16: {
y_[node:16] = 1
xi_y_i_[y:10][node:16] = 0.000000
} 

 } 

 y = 11 { 
Node 1: {
y_[node:1] = 0
xi_y_i_[y:11][node:1] = 0.033333
} 
Node 2: {
y_[node:2] = 0
xi_y_i_[y:11][node:2] = 0.066667
} 
Node 3: {
y_[node:3] = 0
xi_y_i_[y:11][node:3] = 0.100000
} 
Node 4: {
y_[node:4] = 0
xi_y_i_[y:11][node:4] = 0.100000
} 
Node 5: {
y_[node:5] = 0
xi_y_i_[y:11][node:5] = 0.100000
} 
Node 6: {
y_[node:6] = 1
xi_y_i_[y:11][node:6] = 0.033333
} 
Node 7: {
y_[node:7] = 0
xi_y_i_[y:11][node:7] = 0.066667
} 
Node 8: {
y_[node:8] = 1
xi_y_i_[y:11][node:8] = 0.033333
} 
Node 9: {
y_[node:9] = 1
xi_y_i_[y:11][node:9] = 0.033333
} 
Node 10: {
y_[node:10] = 1
xi_y_i_[y:11][node:10] = 0.100000
} 
Node 11: {
y_[node:11] = 0
xi_y_i_[y:11][node:11] = 0.100000
} 
Node 12: {
y_[node:12] = 0
xi_y_i_[y:11][node:12] = 0.100000
} 
Node 13: {
y_[node:13] = 1
xi_y_i_[y:11][node:13] = 0.000000
} 
Node 14: {
y_[node:14] = 0
xi_y_i_[y:11][node:14] = 0.100000
} 
Node 15: {
y_[node:15] = 0
xi_y_i_[y:11][node:15] = 0.033333
} 
Node 16: {
y_[node:16] = 0
xi_y_i_[y:11][node:16] = 0.000000
} 

 } 

 y = 12 { 
Node 1: {
y_[node:1] = 1
xi_y_i_[y:12][node:1] = 0.033333
} 
Node 2: {
y_[node:2] = 1
xi_y_i_[y:12][node:2] = 0.066667
} 
Node 3: {
y_[node:3] = 1
xi_y_i_[y:12][node:3] = 0.100000
} 
Node 4: {
y_[node:4] = 0
xi_y_i_[y:12][node:4] = 0.100000
} 
Node 5: {
y_[node:5] = 0
xi_y_i_[y:12][node:5] = 0.100000
} 
Node 6: {
y_[node:6] = 0
xi_y_i_[y:12][node:6] = 0.033333
} 
Node 7: {
y_[node:7] = 0
xi_y_i_[y:12][node:7] = 0.066667
} 
Node 8: {
y_[node:8] = 0
xi_y_i_[y:12][node:8] = 0.100000
} 
Node 9: {
y_[node:9] = 0
xi_y_i_[y:12][node:9] = 0.033333
} 
Node 10: {
y_[node:10] = 0
xi_y_i_[y:12][node:10] = 0.100000
} 
Node 11: {
y_[node:11] = 0
xi_y_i_[y:12][node:11] = 0.033333
} 
Node 12: {
y_[node:12] = 0
xi_y_i_[y:12][node:12] = 0.100000
} 
Node 13: {
y_[node:13] = 0
xi_y_i_[y:12][node:13] = 0.000000
} 
Node 14: {
y_[node:14] = 0
xi_y_i_[y:12][node:14] = 0.100000
} 
Node 15: {
y_[node:15] = 1
xi_y_i_[y:12][node:15] = 0.033333
} 
Node 16: {
y_[node:16] = 0
xi_y_i_[y:12][node:16] = 0.000000
} 

 } 

 y = 13 { 
Node 1: {
y_[node:1] = 0
xi_y_i_[y:13][node:1] = 0.033333
} 
Node 2: {
y_[node:2] = 0
xi_y_i_[y:13][node:2] = 0.066667
} 
Node 3: {
y_[node:3] = 0
xi_y_i_[y:13][node:3] = 0.100000
} 
Node 4: {
y_[node:4] = 0
xi_y_i_[y:13][node:4] = 0.100000
} 
Node 5: {
y_[node:5] = 0
xi_y_i_[y:13][node:5] = 0.100000
} 
Node 6: {
y_[node:6] = 0
xi_y_i_[y:13][node:6] = 0.033333
} 
Node 7: {
y_[node:7] = 0
xi_y_i_[y:13][node:7] = 0.066667
} 
Node 8: {
y_[node:8] = 1
xi_y_i_[y:13][node:8] = 0.100000
} 
Node 9: {
y_[node:9] = 1
xi_y_i_[y:13][node:9] = 0.033333
} 
Node 10: {
y_[node:10] = 0
xi_y_i_[y:13][node:10] = 0.100000
} 
Node 11: {
y_[node:11] = 0
xi_y_i_[y:13][node:11] = 0.033333
} 
Node 12: {
y_[node:12] = 0
xi_y_i_[y:13][node:12] = 0.100000
} 
Node 13: {
y_[node:13] = 1
xi_y_i_[y:13][node:13] = 0.000000
} 
Node 14: {
y_[node:14] = 0
xi_y_i_[y:13][node:14] = 0.100000
} 
Node 15: {
y_[node:15] = 0
xi_y_i_[y:13][node:15] = 0.033333
} 
Node 16: {
y_[node:16] = 1
xi_y_i_[y:13][node:16] = 0.000000
} 

 } 

 y = 14 { 
Node 1: {
y_[node:1] = 1
xi_y_i_[y:14][node:1] = 0.033333
} 
Node 2: {
y_[node:2] = 1
xi_y_i_[y:14][node:2] = 0.066667
} 
Node 3: {
y_[node:3] = 0
xi_y_i_[y:14][node:3] = 0.100000
} 
Node 4: {
y_[node:4] = 0
xi_y_i_[y:14][node:4] = 0.100000
} 
Node 5: {
y_[node:5] = 0
xi_y_i_[y:14][node:5] = 0.100000
} 
Node 6: {
y_[node:6] = 0
xi_y_i_[y:14][node:6] = 0.033333
} 
Node 7: {
y_[node:7] = 1
xi_y_i_[y:14][node:7] = 0.066667
} 
Node 8: {
y_[node:8] = 0
xi_y_i_[y:14][node:8] = 0.033333
} 
Node 9: {
y_[node:9] = 0
xi_y_i_[y:14][node:9] = 0.033333
} 
Node 10: {
y_[node:10] = 0
xi_y_i_[y:14][node:10] = 0.100000
} 
Node 11: {
y_[node:11] = 0
xi_y_i_[y:14][node:11] = 0.100000
} 
Node 12: {
y_[node:12] = 0
xi_y_i_[y:14][node:12] = 0.100000
} 
Node 13: {
y_[node:13] = 1
xi_y_i_[y:14][node:13] = 0.000000
} 
Node 14: {
y_[node:14] = 0
xi_y_i_[y:14][node:14] = 0.100000
} 
Node 15: {
y_[node:15] = 1
xi_y_i_[y:14][node:15] = 0.033333
} 
Node 16: {
y_[node:16] = 1
xi_y_i_[y:14][node:16] = 0.000000
} 

 } 

 y = 15 { 
Node 1: {
y_[node:1] = 0
xi_y_i_[y:15][node:1] = 0.033333
} 
Node 2: {
y_[node:2] = 0
xi_y_i_[y:15][node:2] = 0.066667
} 
Node 3: {
y_[node:3] = 0
xi_y_i_[y:15][node:3] = 0.100000
} 
Node 4: {
y_[node:4] = 0
xi_y_i_[y:15][node:4] = 0.100000
} 
Node 5: {
y_[node:5] = 0
xi_y_i_[y:15][node:5] = 0.100000
} 
Node 6: {
y_[node:6] = 0
xi_y_i_[y:15][node:6] = 0.033333
} 
Node 7: {
y_[node:7] = 1
xi_y_i_[y:15][node:7] = 0.066667
} 
Node 8: {
y_[node:8] = 1
xi_y_i_[y:15][node:8] = 0.033333
} 
Node 9: {
y_[node:9] = 1
xi_y_i_[y:15][node:9] = 0.033333
} 
Node 10: {
y_[node:10] = 1
xi_y_i_[y:15][node:10] = 0.100000
} 
Node 11: {
y_[node:11] = 0
xi_y_i_[y:15][node:11] = 0.100000
} 
Node 12: {
y_[node:12] = 0
xi_y_i_[y:15][node:12] = 0.100000
} 
Node 13: {
y_[node:13] = 1
xi_y_i_[y:15][node:13] = 0.000000
} 
Node 14: {
y_[node:14] = 0
xi_y_i_[y:15][node:14] = 0.100000
} 
Node 15: {
y_[node:15] = 0
xi_y_i_[y:15][node:15] = 0.033333
} 
Node 16: {
y_[node:16] = 0
xi_y_i_[y:15][node:16] = 0.000000
} 

 } 

 y = 17 { 
Node 1: {
y_[node:1] = 0
xi_y_i_[y:17][node:1] = 0.033333
} 
Node 2: {
y_[node:2] = 0
xi_y_i_[y:17][node:2] = 0.066667
} 
Node 3: {
y_[node:3] = 0
xi_y_i_[y:17][node:3] = 0.100000
} 
Node 4: {
y_[node:4] = 0
xi_y_i_[y:17][node:4] = 0.100000
} 
Node 5: {
y_[node:5] = 0
xi_y_i_[y:17][node:5] = 0.100000
} 
Node 6: {
y_[node:6] = 1
xi_y_i_[y:17][node:6] = 0.033333
} 
Node 7: {
y_[node:7] = 1
xi_y_i_[y:17][node:7] = 0.066667
} 
Node 8: {
y_[node:8] = 1
xi_y_i_[y:17][node:8] = 0.033333
} 
Node 9: {
y_[node:9] = 0
xi_y_i_[y:17][node:9] = 0.033333
} 
Node 10: {
y_[node:10] = 1
xi_y_i_[y:17][node:10] = 0.100000
} 
Node 11: {
y_[node:11] = 0
xi_y_i_[y:17][node:11] = 0.100000
} 
Node 12: {
y_[node:12] = 0
xi_y_i_[y:17][node:12] = 0.100000
} 
Node 13: {
y_[node:13] = 1
xi_y_i_[y:17][node:13] = 0.000000
} 
Node 14: {
y_[node:14] = 0
xi_y_i_[y:17][node:14] = 0.100000
} 
Node 15: {
y_[node:15] = 0
xi_y_i_[y:17][node:15] = 0.033333
} 
Node 16: {
y_[node:16] = 1
xi_y_i_[y:17][node:16] = 0.000000
} 

 } 

 y = 18 { 
Node 1: {
y_[node:1] = 0
xi_y_i_[y:18][node:1] = 0.033333
} 
Node 2: {
y_[node:2] = 0
xi_y_i_[y:18][node:2] = 0.066667
} 
Node 3: {
y_[node:3] = 0
xi_y_i_[y:18][node:3] = 0.100000
} 
Node 4: {
y_[node:4] = 0
xi_y_i_[y:18][node:4] = 0.100000
} 
Node 5: {
y_[node:5] = 0
xi_y_i_[y:18][node:5] = 0.100000
} 
Node 6: {
y_[node:6] = 0
xi_y_i_[y:18][node:6] = 0.033333
} 
Node 7: {
y_[node:7] = 1
xi_y_i_[y:18][node:7] = 0.066667
} 
Node 8: {
y_[node:8] = 1
xi_y_i_[y:18][node:8] = 0.033333
} 
Node 9: {
y_[node:9] = 1
xi_y_i_[y:18][node:9] = 0.033333
} 
Node 10: {
y_[node:10] = 1
xi_y_i_[y:18][node:10] = 0.100000
} 
Node 11: {
y_[node:11] = 0
xi_y_i_[y:18][node:11] = 0.100000
} 
Node 12: {
y_[node:12] = 0
xi_y_i_[y:18][node:12] = 0.100000
} 
Node 13: {
y_[node:13] = 1
xi_y_i_[y:18][node:13] = 0.000000
} 
Node 14: {
y_[node:14] = 0
xi_y_i_[y:18][node:14] = 0.100000
} 
Node 15: {
y_[node:15] = 0
xi_y_i_[y:18][node:15] = 0.033333
} 
Node 16: {
y_[node:16] = 1
xi_y_i_[y:18][node:16] = 0.000000
} 

 } 

 y = 19 { 
Node 1: {
y_[node:1] = 1
xi_y_i_[y:19][node:1] = 0.033333
} 
Node 2: {
y_[node:2] = 0
xi_y_i_[y:19][node:2] = 0.066667
} 
Node 3: {
y_[node:3] = 0
xi_y_i_[y:19][node:3] = 0.100000
} 
Node 4: {
y_[node:4] = 0
xi_y_i_[y:19][node:4] = 0.100000
} 
Node 5: {
y_[node:5] = 0
xi_y_i_[y:19][node:5] = 0.100000
} 
Node 6: {
y_[node:6] = 1
xi_y_i_[y:19][node:6] = 0.033333
} 
Node 7: {
y_[node:7] = 0
xi_y_i_[y:19][node:7] = 0.066667
} 
Node 8: {
y_[node:8] = 0
xi_y_i_[y:19][node:8] = 0.100000
} 
Node 9: {
y_[node:9] = 0
xi_y_i_[y:19][node:9] = 0.033333
} 
Node 10: {
y_[node:10] = 1
xi_y_i_[y:19][node:10] = 0.100000
} 
Node 11: {
y_[node:11] = 0
xi_y_i_[y:19][node:11] = 0.033333
} 
Node 12: {
y_[node:12] = 0
xi_y_i_[y:19][node:12] = 0.100000
} 
Node 13: {
y_[node:13] = 0
xi_y_i_[y:19][node:13] = 0.000000
} 
Node 14: {
y_[node:14] = 0
xi_y_i_[y:19][node:14] = 0.100000
} 
Node 15: {
y_[node:15] = 1
xi_y_i_[y:19][node:15] = 0.033333
} 
Node 16: {
y_[node:16] = 1
xi_y_i_[y:19][node:16] = 0.000000
} 

 } 

 y = 21 { 
Node 1: {
y_[node:1] = 1
xi_y_i_[y:21][node:1] = 0.033333
} 
Node 2: {
y_[node:2] = 0
xi_y_i_[y:21][node:2] = 0.066667
} 
Node 3: {
y_[node:3] = 0
xi_y_i_[y:21][node:3] = 0.100000
} 
Node 4: {
y_[node:4] = 0
xi_y_i_[y:21][node:4] = 0.100000
} 
Node 5: {
y_[node:5] = 0
xi_y_i_[y:21][node:5] = 0.100000
} 
Node 6: {
y_[node:6] = 1
xi_y_i_[y:21][node:6] = 0.033333
} 
Node 7: {
y_[node:7] = 1
xi_y_i_[y:21][node:7] = 0.066667
} 
Node 8: {
y_[node:8] = 0
xi_y_i_[y:21][node:8] = 0.033333
} 
Node 9: {
y_[node:9] = 0
xi_y_i_[y:21][node:9] = 0.033333
} 
Node 10: {
y_[node:10] = 1
xi_y_i_[y:21][node:10] = 0.100000
} 
Node 11: {
y_[node:11] = 0
xi_y_i_[y:21][node:11] = 0.100000
} 
Node 12: {
y_[node:12] = 0
xi_y_i_[y:21][node:12] = 0.100000
} 
Node 13: {
y_[node:13] = 1
xi_y_i_[y:21][node:13] = 0.000000
} 
Node 14: {
y_[node:14] = 0
xi_y_i_[y:21][node:14] = 0.100000
} 
Node 15: {
y_[node:15] = 0
xi_y_i_[y:21][node:15] = 0.033333
} 
Node 16: {
y_[node:16] = 1
xi_y_i_[y:21][node:16] = 0.000000
} 

 } 

 y = 22 { 
Node 1: {
y_[node:1] = 0
xi_y_i_[y:22][node:1] = 0.033333
} 
Node 2: {
y_[node:2] = 0
xi_y_i_[y:22][node:2] = 0.066667
} 
Node 3: {
y_[node:3] = 0
xi_y_i_[y:22][node:3] = 0.100000
} 
Node 4: {
y_[node:4] = 0
xi_y_i_[y:22][node:4] = 0.100000
} 
Node 5: {
y_[node:5] = 0
xi_y_i_[y:22][node:5] = 0.100000
} 
Node 6: {
y_[node:6] = 1
xi_y_i_[y:22][node:6] = 0.033333
} 
Node 7: {
y_[node:7] = 1
xi_y_i_[y:22][node:7] = 0.066667
} 
Node 8: {
y_[node:8] = 0
xi_y_i_[y:22][node:8] = 0.033333
} 
Node 9: {
y_[node:9] = 0
xi_y_i_[y:22][node:9] = 0.033333
} 
Node 10: {
y_[node:10] = 1
xi_y_i_[y:22][node:10] = 0.100000
} 
Node 11: {
y_[node:11] = 0
xi_y_i_[y:22][node:11] = 0.100000
} 
Node 12: {
y_[node:12] = 0
xi_y_i_[y:22][node:12] = 0.100000
} 
Node 13: {
y_[node:13] = 1
xi_y_i_[y:22][node:13] = 0.000000
} 
Node 14: {
y_[node:14] = 0
xi_y_i_[y:22][node:14] = 0.100000
} 
Node 15: {
y_[node:15] = 1
xi_y_i_[y:22][node:15] = 0.033333
} 
Node 16: {
y_[node:16] = 1
xi_y_i_[y:22][node:16] = 0.000000
} 

 } 

 y = 23 { 
Node 1: {
y_[node:1] = 1
xi_y_i_[y:23][node:1] = 0.033333
} 
Node 2: {
y_[node:2] = 0
xi_y_i_[y:23][node:2] = 0.066667
} 
Node 3: {
y_[node:3] = 1
xi_y_i_[y:23][node:3] = 0.100000
} 
Node 4: {
y_[node:4] = 0
xi_y_i_[y:23][node:4] = 0.100000
} 
Node 5: {
y_[node:5] = 0
xi_y_i_[y:23][node:5] = 0.100000
} 
Node 6: {
y_[node:6] = 0
xi_y_i_[y:23][node:6] = 0.033333
} 
Node 7: {
y_[node:7] = 1
xi_y_i_[y:23][node:7] = 0.066667
} 
Node 8: {
y_[node:8] = 0
xi_y_i_[y:23][node:8] = 0.033333
} 
Node 9: {
y_[node:9] = 0
xi_y_i_[y:23][node:9] = 0.033333
} 
Node 10: {
y_[node:10] = 0
xi_y_i_[y:23][node:10] = 0.100000
} 
Node 11: {
y_[node:11] = 0
xi_y_i_[y:23][node:11] = 0.100000
} 
Node 12: {
y_[node:12] = 0
xi_y_i_[y:23][node:12] = 0.100000
} 
Node 13: {
y_[node:13] = 0
xi_y_i_[y:23][node:13] = 0.000000
} 
Node 14: {
y_[node:14] = 0
xi_y_i_[y:23][node:14] = 0.100000
} 
Node 15: {
y_[node:15] = 1
xi_y_i_[y:23][node:15] = 0.033333
} 
Node 16: {
y_[node:16] = 0
xi_y_i_[y:23][node:16] = 0.000000
} 

 } 

 y = 24 { 
Node 1: {
y_[node:1] = 1
xi_y_i_[y:24][node:1] = 0.033333
} 
Node 2: {
y_[node:2] = 1
xi_y_i_[y:24][node:2] = 0.066667
} 
Node 3: {
y_[node:3] = 0
xi_y_i_[y:24][node:3] = 0.100000
} 
Node 4: {
y_[node:4] = 0
xi_y_i_[y:24][node:4] = 0.100000
} 
Node 5: {
y_[node:5] = 0
xi_y_i_[y:24][node:5] = 0.100000
} 
Node 6: {
y_[node:6] = 1
xi_y_i_[y:24][node:6] = 0.033333
} 
Node 7: {
y_[node:7] = 1
xi_y_i_[y:24][node:7] = 0.066667
} 
Node 8: {
y_[node:8] = 0
xi_y_i_[y:24][node:8] = 0.033333
} 
Node 9: {
y_[node:9] = 0
xi_y_i_[y:24][node:9] = 0.033333
} 
Node 10: {
y_[node:10] = 0
xi_y_i_[y:24][node:10] = 0.100000
} 
Node 11: {
y_[node:11] = 0
xi_y_i_[y:24][node:11] = 0.100000
} 
Node 12: {
y_[node:12] = 0
xi_y_i_[y:24][node:12] = 0.100000
} 
Node 13: {
y_[node:13] = 1
xi_y_i_[y:24][node:13] = 0.000000
} 
Node 14: {
y_[node:14] = 0
xi_y_i_[y:24][node:14] = 0.100000
} 
Node 15: {
y_[node:15] = 1
xi_y_i_[y:24][node:15] = 0.033333
} 
Node 16: {
y_[node:16] = 1
xi_y_i_[y:24][node:16] = 0.000000
} 

 } 

 y = 25 { 
Node 1: {
y_[node:1] = 0
xi_y_i_[y:25][node:1] = 0.033333
} 
Node 2: {
y_[node:2] = 0
xi_y_i_[y:25][node:2] = 0.066667
} 
Node 3: {
y_[node:3] = 0
xi_y_i_[y:25][node:3] = 0.100000
} 
Node 4: {
y_[node:4] = 0
xi_y_i_[y:25][node:4] = 0.100000
} 
Node 5: {
y_[node:5] = 0
xi_y_i_[y:25][node:5] = 0.100000
} 
Node 6: {
y_[node:6] = 1
xi_y_i_[y:25][node:6] = 0.033333
} 
Node 7: {
y_[node:7] = 1
xi_y_i_[y:25][node:7] = 0.066667
} 
Node 8: {
y_[node:8] = 0
xi_y_i_[y:25][node:8] = 0.033333
} 
Node 9: {
y_[node:9] = 1
xi_y_i_[y:25][node:9] = 0.033333
} 
Node 10: {
y_[node:10] = 1
xi_y_i_[y:25][node:10] = 0.100000
} 
Node 11: {
y_[node:11] = 0
xi_y_i_[y:25][node:11] = 0.100000
} 
Node 12: {
y_[node:12] = 0
xi_y_i_[y:25][node:12] = 0.100000
} 
Node 13: {
y_[node:13] = 1
xi_y_i_[y:25][node:13] = 0.000000
} 
Node 14: {
y_[node:14] = 0
xi_y_i_[y:25][node:14] = 0.100000
} 
Node 15: {
y_[node:15] = 0
xi_y_i_[y:25][node:15] = 0.033333
} 
Node 16: {
y_[node:16] = 1
xi_y_i_[y:25][node:16] = 0.000000
} 

 } 

 y = 26 { 
Node 1: {
y_[node:1] = 0
xi_y_i_[y:26][node:1] = 0.033333
} 
Node 2: {
y_[node:2] = 0
xi_y_i_[y:26][node:2] = 0.066667
} 
Node 3: {
y_[node:3] = 0
xi_y_i_[y:26][node:3] = 0.100000
} 
Node 4: {
y_[node:4] = 0
xi_y_i_[y:26][node:4] = 0.100000
} 
Node 5: {
y_[node:5] = 0
xi_y_i_[y:26][node:5] = 0.100000
} 
Node 6: {
y_[node:6] = 1
xi_y_i_[y:26][node:6] = 0.033333
} 
Node 7: {
y_[node:7] = 0
xi_y_i_[y:26][node:7] = 0.066667
} 
Node 8: {
y_[node:8] = 1
xi_y_i_[y:26][node:8] = 0.100000
} 
Node 9: {
y_[node:9] = 1
xi_y_i_[y:26][node:9] = 0.033333
} 
Node 10: {
y_[node:10] = 0
xi_y_i_[y:26][node:10] = 0.100000
} 
Node 11: {
y_[node:11] = 0
xi_y_i_[y:26][node:11] = 0.033333
} 
Node 12: {
y_[node:12] = 0
xi_y_i_[y:26][node:12] = 0.100000
} 
Node 13: {
y_[node:13] = 0
xi_y_i_[y:26][node:13] = 0.000000
} 
Node 14: {
y_[node:14] = 0
xi_y_i_[y:26][node:14] = 0.100000
} 
Node 15: {
y_[node:15] = 0
xi_y_i_[y:26][node:15] = 0.033333
} 
Node 16: {
y_[node:16] = 1
xi_y_i_[y:26][node:16] = 0.000000
} 

 } 

 y = 27 { 
Node 1: {
y_[node:1] = 1
xi_y_i_[y:27][node:1] = 0.033333
} 
Node 2: {
y_[node:2] = 0
xi_y_i_[y:27][node:2] = 0.066667
} 
Node 3: {
y_[node:3] = 0
xi_y_i_[y:27][node:3] = 0.100000
} 
Node 4: {
y_[node:4] = 0
xi_y_i_[y:27][node:4] = 0.100000
} 
Node 5: {
y_[node:5] = 0
xi_y_i_[y:27][node:5] = 0.100000
} 
Node 6: {
y_[node:6] = 1
xi_y_i_[y:27][node:6] = 0.033333
} 
Node 7: {
y_[node:7] = 0
xi_y_i_[y:27][node:7] = 0.066667
} 
Node 8: {
y_[node:8] = 1
xi_y_i_[y:27][node:8] = 0.033333
} 
Node 9: {
y_[node:9] = 0
xi_y_i_[y:27][node:9] = 0.033333
} 
Node 10: {
y_[node:10] = 0
xi_y_i_[y:27][node:10] = 0.100000
} 
Node 11: {
y_[node:11] = 0
xi_y_i_[y:27][node:11] = 0.100000
} 
Node 12: {
y_[node:12] = 0
xi_y_i_[y:27][node:12] = 0.100000
} 
Node 13: {
y_[node:13] = 0
xi_y_i_[y:27][node:13] = 0.000000
} 
Node 14: {
y_[node:14] = 0
xi_y_i_[y:27][node:14] = 0.100000
} 
Node 15: {
y_[node:15] = 0
xi_y_i_[y:27][node:15] = 0.033333
} 
Node 16: {
y_[node:16] = 1
xi_y_i_[y:27][node:16] = 0.000000
} 

 } 

 y = 28 { 
Node 1: {
y_[node:1] = 1
xi_y_i_[y:28][node:1] = 0.033333
} 
Node 2: {
y_[node:2] = 1
xi_y_i_[y:28][node:2] = 0.066667
} 
Node 3: {
y_[node:3] = 0
xi_y_i_[y:28][node:3] = 0.100000
} 
Node 4: {
y_[node:4] = 0
xi_y_i_[y:28][node:4] = 0.100000
} 
Node 5: {
y_[node:5] = 0
xi_y_i_[y:28][node:5] = 0.100000
} 
Node 6: {
y_[node:6] = 1
xi_y_i_[y:28][node:6] = 0.033333
} 
Node 7: {
y_[node:7] = 0
xi_y_i_[y:28][node:7] = 0.066667
} 
Node 8: {
y_[node:8] = 0
xi_y_i_[y:28][node:8] = 0.033333
} 
Node 9: {
y_[node:9] = 0
xi_y_i_[y:28][node:9] = 0.033333
} 
Node 10: {
y_[node:10] = 1
xi_y_i_[y:28][node:10] = 0.100000
} 
Node 11: {
y_[node:11] = 0
xi_y_i_[y:28][node:11] = 0.100000
} 
Node 12: {
y_[node:12] = 0
xi_y_i_[y:28][node:12] = 0.100000
} 
Node 13: {
y_[node:13] = 0
xi_y_i_[y:28][node:13] = 0.000000
} 
Node 14: {
y_[node:14] = 0
xi_y_i_[y:28][node:14] = 0.100000
} 
Node 15: {
y_[node:15] = 0
xi_y_i_[y:28][node:15] = 0.033333
} 
Node 16: {
y_[node:16] = 0
xi_y_i_[y:28][node:16] = 0.000000
} 

 } 

 y = 29 { 
Node 1: {
y_[node:1] = 0
xi_y_i_[y:29][node:1] = 0.033333
} 
Node 2: {
y_[node:2] = 0
xi_y_i_[y:29][node:2] = 0.066667
} 
Node 3: {
y_[node:3] = 0
xi_y_i_[y:29][node:3] = 0.100000
} 
Node 4: {
y_[node:4] = 0
xi_y_i_[y:29][node:4] = 0.100000
} 
Node 5: {
y_[node:5] = 0
xi_y_i_[y:29][node:5] = 0.100000
} 
Node 6: {
y_[node:6] = 1
xi_y_i_[y:29][node:6] = 0.033333
} 
Node 7: {
y_[node:7] = 1
xi_y_i_[y:29][node:7] = 0.066667
} 
Node 8: {
y_[node:8] = 1
xi_y_i_[y:29][node:8] = 0.100000
} 
Node 9: {
y_[node:9] = 1
xi_y_i_[y:29][node:9] = 0.033333
} 
Node 10: {
y_[node:10] = 0
xi_y_i_[y:29][node:10] = 0.100000
} 
Node 11: {
y_[node:11] = 0
xi_y_i_[y:29][node:11] = 0.033333
} 
Node 12: {
y_[node:12] = 0
xi_y_i_[y:29][node:12] = 0.100000
} 
Node 13: {
y_[node:13] = 0
xi_y_i_[y:29][node:13] = 0.000000
} 
Node 14: {
y_[node:14] = 0
xi_y_i_[y:29][node:14] = 0.100000
} 
Node 15: {
y_[node:15] = 0
xi_y_i_[y:29][node:15] = 0.033333
} 
Node 16: {
y_[node:16] = 1
xi_y_i_[y:29][node:16] = 0.000000
} 

 } 

 y = 32 { 
Node 1: {
y_[node:1] = 1
xi_y_i_[y:32][node:1] = 0.033333
} 
Node 2: {
y_[node:2] = 1
xi_y_i_[y:32][node:2] = 0.066667
} 
Node 3: {
y_[node:3] = 0
xi_y_i_[y:32][node:3] = 0.100000
} 
Node 4: {
y_[node:4] = 0
xi_y_i_[y:32][node:4] = 0.100000
} 
Node 5: {
y_[node:5] = 0
xi_y_i_[y:32][node:5] = 0.100000
} 
Node 6: {
y_[node:6] = 0
xi_y_i_[y:32][node:6] = 0.033333
} 
Node 7: {
y_[node:7] = 0
xi_y_i_[y:32][node:7] = 0.066667
} 
Node 8: {
y_[node:8] = 0
xi_y_i_[y:32][node:8] = 0.100000
} 
Node 9: {
y_[node:9] = 0
xi_y_i_[y:32][node:9] = 0.033333
} 
Node 10: {
y_[node:10] = 1
xi_y_i_[y:32][node:10] = 0.100000
} 
Node 11: {
y_[node:11] = 0
xi_y_i_[y:32][node:11] = 0.033333
} 
Node 12: {
y_[node:12] = 0
xi_y_i_[y:32][node:12] = 0.100000
} 
Node 13: {
y_[node:13] = 1
xi_y_i_[y:32][node:13] = 0.000000
} 
Node 14: {
y_[node:14] = 0
xi_y_i_[y:32][node:14] = 0.100000
} 
Node 15: {
y_[node:15] = 1
xi_y_i_[y:32][node:15] = 0.033333
} 
Node 16: {
y_[node:16] = 1
xi_y_i_[y:32][node:16] = 0.000000
} 

 } 

 y = 33 { 
Node 1: {
y_[node:1] = 1
xi_y_i_[y:33][node:1] = 0.033333
} 
Node 2: {
y_[node:2] = 0
xi_y_i_[y:33][node:2] = 0.066667
} 
Node 3: {
y_[node:3] = 0
xi_y_i_[y:33][node:3] = 0.100000
} 
Node 4: {
y_[node:4] = 0
xi_y_i_[y:33][node:4] = 0.100000
} 
Node 5: {
y_[node:5] = 0
xi_y_i_[y:33][node:5] = 0.100000
} 
Node 6: {
y_[node:6] = 0
xi_y_i_[y:33][node:6] = 0.033333
} 
Node 7: {
y_[node:7] = 1
xi_y_i_[y:33][node:7] = 0.066667
} 
Node 8: {
y_[node:8] = 0
xi_y_i_[y:33][node:8] = 0.033333
} 
Node 9: {
y_[node:9] = 0
xi_y_i_[y:33][node:9] = 0.033333
} 
Node 10: {
y_[node:10] = 1
xi_y_i_[y:33][node:10] = 0.100000
} 
Node 11: {
y_[node:11] = 0
xi_y_i_[y:33][node:11] = 0.100000
} 
Node 12: {
y_[node:12] = 0
xi_y_i_[y:33][node:12] = 0.100000
} 
Node 13: {
y_[node:13] = 0
xi_y_i_[y:33][node:13] = 0.000000
} 
Node 14: {
y_[node:14] = 0
xi_y_i_[y:33][node:14] = 0.100000
} 
Node 15: {
y_[node:15] = 1
xi_y_i_[y:33][node:15] = 0.033333
} 
Node 16: {
y_[node:16] = 1
xi_y_i_[y:33][node:16] = 0.000000
} 

 } 

 y = 34 { 
Node 1: {
y_[node:1] = 0
xi_y_i_[y:34][node:1] = 0.033333
} 
Node 2: {
y_[node:2] = 1
xi_y_i_[y:34][node:2] = 0.066667
} 
Node 3: {
y_[node:3] = 0
xi_y_i_[y:34][node:3] = 0.100000
} 
Node 4: {
y_[node:4] = 1
xi_y_i_[y:34][node:4] = 0.100000
} 
Node 5: {
y_[node:5] = 0
xi_y_i_[y:34][node:5] = 0.100000
} 
Node 6: {
y_[node:6] = 0
xi_y_i_[y:34][node:6] = 0.033333
} 
Node 7: {
y_[node:7] = 0
xi_y_i_[y:34][node:7] = 0.066667
} 
Node 8: {
y_[node:8] = 0
xi_y_i_[y:34][node:8] = 0.100000
} 
Node 9: {
y_[node:9] = 0
xi_y_i_[y:34][node:9] = 0.033333
} 
Node 10: {
y_[node:10] = 0
xi_y_i_[y:34][node:10] = 0.100000
} 
Node 11: {
y_[node:11] = 0
xi_y_i_[y:34][node:11] = 0.033333
} 
Node 12: {
y_[node:12] = 0
xi_y_i_[y:34][node:12] = 0.100000
} 
Node 13: {
y_[node:13] = 0
xi_y_i_[y:34][node:13] = 0.000000
} 
Node 14: {
y_[node:14] = 0
xi_y_i_[y:34][node:14] = 0.100000
} 
Node 15: {
y_[node:15] = 1
xi_y_i_[y:34][node:15] = 0.033333
} 
Node 16: {
y_[node:16] = 0
xi_y_i_[y:34][node:16] = 0.000000
} 

 } 

 y = 35 { 
Node 1: {
y_[node:1] = 0
xi_y_i_[y:35][node:1] = 0.033333
} 
Node 2: {
y_[node:2] = 1
xi_y_i_[y:35][node:2] = 0.066667
} 
Node 3: {
y_[node:3] = 0
xi_y_i_[y:35][node:3] = 0.100000
} 
Node 4: {
y_[node:4] = 0
xi_y_i_[y:35][node:4] = 0.100000
} 
Node 5: {
y_[node:5] = 1
xi_y_i_[y:35][node:5] = 0.100000
} 
Node 6: {
y_[node:6] = 0
xi_y_i_[y:35][node:6] = 0.033333
} 
Node 7: {
y_[node:7] = 0
xi_y_i_[y:35][node:7] = 0.066667
} 
Node 8: {
y_[node:8] = 0
xi_y_i_[y:35][node:8] = 0.033333
} 
Node 9: {
y_[node:9] = 0
xi_y_i_[y:35][node:9] = 0.033333
} 
Node 10: {
y_[node:10] = 0
xi_y_i_[y:35][node:10] = 0.100000
} 
Node 11: {
y_[node:11] = 0
xi_y_i_[y:35][node:11] = 0.100000
} 
Node 12: {
y_[node:12] = 0
xi_y_i_[y:35][node:12] = 0.100000
} 
Node 13: {
y_[node:13] = 0
xi_y_i_[y:35][node:13] = 0.000000
} 
Node 14: {
y_[node:14] = 0
xi_y_i_[y:35][node:14] = 0.100000
} 
Node 15: {
y_[node:15] = 1
xi_y_i_[y:35][node:15] = 0.033333
} 
Node 16: {
y_[node:16] = 0
xi_y_i_[y:35][node:16] = 0.000000
} 

 } 

 y = 37 { 
Node 1: {
y_[node:1] = 0
xi_y_i_[y:37][node:1] = 0.033333
} 
Node 2: {
y_[node:2] = 0
xi_y_i_[y:37][node:2] = 0.066667
} 
Node 3: {
y_[node:3] = 1
xi_y_i_[y:37][node:3] = 0.100000
} 
Node 4: {
y_[node:4] = 1
xi_y_i_[y:37][node:4] = 0.100000
} 
Node 5: {
y_[node:5] = 0
xi_y_i_[y:37][node:5] = 0.100000
} 
Node 6: {
y_[node:6] = 0
xi_y_i_[y:37][node:6] = 0.033333
} 
Node 7: {
y_[node:7] = 0
xi_y_i_[y:37][node:7] = 0.066667
} 
Node 8: {
y_[node:8] = 0
xi_y_i_[y:37][node:8] = 0.033333
} 
Node 9: {
y_[node:9] = 0
xi_y_i_[y:37][node:9] = 0.033333
} 
Node 10: {
y_[node:10] = 0
xi_y_i_[y:37][node:10] = 0.100000
} 
Node 11: {
y_[node:11] = 0
xi_y_i_[y:37][node:11] = 0.100000
} 
Node 12: {
y_[node:12] = 0
xi_y_i_[y:37][node:12] = 0.100000
} 
Node 13: {
y_[node:13] = 0
xi_y_i_[y:37][node:13] = 0.000000
} 
Node 14: {
y_[node:14] = 0
xi_y_i_[y:37][node:14] = 0.100000
} 
Node 15: {
y_[node:15] = 1
xi_y_i_[y:37][node:15] = 0.033333
} 
Node 16: {
y_[node:16] = 0
xi_y_i_[y:37][node:16] = 0.000000
} 

 } 

 y = 39 { 
Node 1: {
y_[node:1] = 1
xi_y_i_[y:39][node:1] = 0.033333
} 
Node 2: {
y_[node:2] = 0
xi_y_i_[y:39][node:2] = 0.066667
} 
Node 3: {
y_[node:3] = 0
xi_y_i_[y:39][node:3] = 0.100000
} 
Node 4: {
y_[node:4] = 0
xi_y_i_[y:39][node:4] = 0.100000
} 
Node 5: {
y_[node:5] = 0
xi_y_i_[y:39][node:5] = 0.100000
} 
Node 6: {
y_[node:6] = 1
xi_y_i_[y:39][node:6] = 0.033333
} 
Node 7: {
y_[node:7] = 0
xi_y_i_[y:39][node:7] = 0.066667
} 
Node 8: {
y_[node:8] = 0
xi_y_i_[y:39][node:8] = 0.033333
} 
Node 9: {
y_[node:9] = 0
xi_y_i_[y:39][node:9] = 0.033333
} 
Node 10: {
y_[node:10] = 1
xi_y_i_[y:39][node:10] = 0.100000
} 
Node 11: {
y_[node:11] = 0
xi_y_i_[y:39][node:11] = 0.100000
} 
Node 12: {
y_[node:12] = 0
xi_y_i_[y:39][node:12] = 0.100000
} 
Node 13: {
y_[node:13] = 1
xi_y_i_[y:39][node:13] = 0.000000
} 
Node 14: {
y_[node:14] = 0
xi_y_i_[y:39][node:14] = 0.100000
} 
Node 15: {
y_[node:15] = 1
xi_y_i_[y:39][node:15] = 0.033333
} 
Node 16: {
y_[node:16] = 0
xi_y_i_[y:39][node:16] = 0.000000
} 

 } 

 y = 41 { 
Node 1: {
y_[node:1] = 0
xi_y_i_[y:41][node:1] = 0.033333
} 
Node 2: {
y_[node:2] = 0
xi_y_i_[y:41][node:2] = 0.066667
} 
Node 3: {
y_[node:3] = 1
xi_y_i_[y:41][node:3] = 0.100000
} 
Node 4: {
y_[node:4] = 0
xi_y_i_[y:41][node:4] = 0.100000
} 
Node 5: {
y_[node:5] = 0
xi_y_i_[y:41][node:5] = 0.100000
} 
Node 6: {
y_[node:6] = 0
xi_y_i_[y:41][node:6] = 0.033333
} 
Node 7: {
y_[node:7] = 0
xi_y_i_[y:41][node:7] = 0.066667
} 
Node 8: {
y_[node:8] = 0
xi_y_i_[y:41][node:8] = 0.033333
} 
Node 9: {
y_[node:9] = 0
xi_y_i_[y:41][node:9] = 0.033333
} 
Node 10: {
y_[node:10] = 0
xi_y_i_[y:41][node:10] = 0.100000
} 
Node 11: {
y_[node:11] = 0
xi_y_i_[y:41][node:11] = 0.100000
} 
Node 12: {
y_[node:12] = 0
xi_y_i_[y:41][node:12] = 0.100000
} 
Node 13: {
y_[node:13] = 0
xi_y_i_[y:41][node:13] = 0.000000
} 
Node 14: {
y_[node:14] = 0
xi_y_i_[y:41][node:14] = 0.100000
} 
Node 15: {
y_[node:15] = 1
xi_y_i_[y:41][node:15] = 0.033333
} 
Node 16: {
y_[node:16] = 1
xi_y_i_[y:41][node:16] = 0.000000
} 

 } 

 y = 43 { 
Node 1: {
y_[node:1] = 0
xi_y_i_[y:43][node:1] = 0.033333
} 
Node 2: {
y_[node:2] = 0
xi_y_i_[y:43][node:2] = 0.066667
} 
Node 3: {
y_[node:3] = 0
xi_y_i_[y:43][node:3] = 0.100000
} 
Node 4: {
y_[node:4] = 0
xi_y_i_[y:43][node:4] = 0.100000
} 
Node 5: {
y_[node:5] = 0
xi_y_i_[y:43][node:5] = 0.100000
} 
Node 6: {
y_[node:6] = 0
xi_y_i_[y:43][node:6] = 0.033333
} 
Node 7: {
y_[node:7] = 0
xi_y_i_[y:43][node:7] = 0.066667
} 
Node 8: {
y_[node:8] = 1
xi_y_i_[y:43][node:8] = 0.033333
} 
Node 9: {
y_[node:9] = 0
xi_y_i_[y:43][node:9] = 0.033333
} 
Node 10: {
y_[node:10] = 0
xi_y_i_[y:43][node:10] = 0.100000
} 
Node 11: {
y_[node:11] = 0
xi_y_i_[y:43][node:11] = 0.100000
} 
Node 12: {
y_[node:12] = 0
xi_y_i_[y:43][node:12] = 0.100000
} 
Node 13: {
y_[node:13] = 0
xi_y_i_[y:43][node:13] = 0.000000
} 
Node 14: {
y_[node:14] = 0
xi_y_i_[y:43][node:14] = 0.100000
} 
Node 15: {
y_[node:15] = 1
xi_y_i_[y:43][node:15] = 0.033333
} 
Node 16: {
y_[node:16] = 1
xi_y_i_[y:43][node:16] = 0.000000
} 

 } 

 y = 44 { 
Node 1: {
y_[node:1] = 0
xi_y_i_[y:44][node:1] = 0.033333
} 
Node 2: {
y_[node:2] = 0
xi_y_i_[y:44][node:2] = 0.066667
} 
Node 3: {
y_[node:3] = 0
xi_y_i_[y:44][node:3] = 0.100000
} 
Node 4: {
y_[node:4] = 0
xi_y_i_[y:44][node:4] = 0.100000
} 
Node 5: {
y_[node:5] = 0
xi_y_i_[y:44][node:5] = 0.100000
} 
Node 6: {
y_[node:6] = 1
xi_y_i_[y:44][node:6] = 0.033333
} 
Node 7: {
y_[node:7] = 0
xi_y_i_[y:44][node:7] = 0.066667
} 
Node 8: {
y_[node:8] = 1
xi_y_i_[y:44][node:8] = 0.033333
} 
Node 9: {
y_[node:9] = 0
xi_y_i_[y:44][node:9] = 0.033333
} 
Node 10: {
y_[node:10] = 0
xi_y_i_[y:44][node:10] = 0.100000
} 
Node 11: {
y_[node:11] = 0
xi_y_i_[y:44][node:11] = 0.100000
} 
Node 12: {
y_[node:12] = 0
xi_y_i_[y:44][node:12] = 0.100000
} 
Node 13: {
y_[node:13] = 0
xi_y_i_[y:44][node:13] = 0.000000
} 
Node 14: {
y_[node:14] = 0
xi_y_i_[y:44][node:14] = 0.100000
} 
Node 15: {
y_[node:15] = 1
xi_y_i_[y:44][node:15] = 0.033333
} 
Node 16: {
y_[node:16] = 1
xi_y_i_[y:44][node:16] = 0.000000
} 

 } 

 y = 46 { 
Node 1: {
y_[node:1] = 0
xi_y_i_[y:46][node:1] = 0.033333
} 
Node 2: {
y_[node:2] = 1
xi_y_i_[y:46][node:2] = 0.066667
} 
Node 3: {
y_[node:3] = 0
xi_y_i_[y:46][node:3] = 0.100000
} 
Node 4: {
y_[node:4] = 0
xi_y_i_[y:46][node:4] = 0.100000
} 
Node 5: {
y_[node:5] = 0
xi_y_i_[y:46][node:5] = 0.100000
} 
Node 6: {
y_[node:6] = 0
xi_y_i_[y:46][node:6] = 0.033333
} 
Node 7: {
y_[node:7] = 1
xi_y_i_[y:46][node:7] = 0.066667
} 
Node 8: {
y_[node:8] = 0
xi_y_i_[y:46][node:8] = 0.033333
} 
Node 9: {
y_[node:9] = 0
xi_y_i_[y:46][node:9] = 0.033333
} 
Node 10: {
y_[node:10] = 1
xi_y_i_[y:46][node:10] = 0.100000
} 
Node 11: {
y_[node:11] = 0
xi_y_i_[y:46][node:11] = 0.100000
} 
Node 12: {
y_[node:12] = 0
xi_y_i_[y:46][node:12] = 0.100000
} 
Node 13: {
y_[node:13] = 1
xi_y_i_[y:46][node:13] = 0.000000
} 
Node 14: {
y_[node:14] = 0
xi_y_i_[y:46][node:14] = 0.100000
} 
Node 15: {
y_[node:15] = 0
xi_y_i_[y:46][node:15] = 0.033333
} 
Node 16: {
y_[node:16] = 0
xi_y_i_[y:46][node:16] = 0.000000
} 

 } 

 y = 50 { 
Node 1: {
y_[node:1] = 0
xi_y_i_[y:50][node:1] = 0.033333
} 
Node 2: {
y_[node:2] = 0
xi_y_i_[y:50][node:2] = 0.066667
} 
Node 3: {
y_[node:3] = 1
xi_y_i_[y:50][node:3] = 0.100000
} 
Node 4: {
y_[node:4] = 0
xi_y_i_[y:50][node:4] = 0.033333
} 
Node 5: {
y_[node:5] = 0
xi_y_i_[y:50][node:5] = 0.100000
} 
Node 6: {
y_[node:6] = 0
xi_y_i_[y:50][node:6] = 0.033333
} 
Node 7: {
y_[node:7] = 1
xi_y_i_[y:50][node:7] = 0.066667
} 
Node 8: {
y_[node:8] = 0
xi_y_i_[y:50][node:8] = 0.100000
} 
Node 9: {
y_[node:9] = 0
xi_y_i_[y:50][node:9] = 0.033333
} 
Node 10: {
y_[node:10] = 0
xi_y_i_[y:50][node:10] = 0.100000
} 
Node 11: {
y_[node:11] = 0
xi_y_i_[y:50][node:11] = 0.100000
} 
Node 12: {
y_[node:12] = 0
xi_y_i_[y:50][node:12] = 0.100000
} 
Node 13: {
y_[node:13] = 0
xi_y_i_[y:50][node:13] = 0.000000
} 
Node 14: {
y_[node:14] = 0
xi_y_i_[y:50][node:14] = 0.100000
} 
Node 15: {
y_[node:15] = 1
xi_y_i_[y:50][node:15] = 0.033333
} 
Node 16: {
y_[node:16] = 1
xi_y_i_[y:50][node:16] = 0.000000
} 

 } 
Legenda_Model:Instance_Name	Network_Name	Num_Nodes	Num_Prof_Nodes	Max_Tour_Duration	Max_Num_Discoveries	Max_Discoveries_Fraction	Best_LB	Best_Ub	Cplex_Gap	Root_Node_LB	Branch_and_Cut_Elapsed_Time	Starting_Cuts_Elapsed_Time	Tot_Time	Num_Logic_Benders_Cuts	Number_Starting_Scenarios	Num_BandC_Nodes	Number_Discoveries	Profit_cost	Discovery_cost	Card_Y	Num_Tight_Y	US_Type	US_Param	US_Tot_Det_Profit
Table_Model:tsi3_16_budget_030_D1_md050_US2_USpar10	tsi3_16_budget_030	18	16	3000	8	0.500000	-0.237500	-0.237500	0.000000	0.000000	263.186000	3.781000	266.967000	3468	0	1718	8	-0.237500	0.000000	51	36	2	0.100000	550.000000
