++++ Instance Info ++++
Instance name: tsi_prob_2_mod_budget_15_D1_md075_US2_USpar15
Network name: tsi_prob_2_mod_budget_15
Number of nodes: 21
Number of profitable nodes: 19
Max number of discovery: 15
Max duration: 1500
Alrijne Collecting Time: 360.000000
++++ Uncertainty  ++++
Uncertainty Set Type: 2
Uncertainty Set Parameter: 0.150000
Total Deterministic Profit in the Network: 450.000000
++++ Solution of the Model ++++
-----------------------------------------------
Objective:
Best Lower Bound: -0.173077
Best upper bound: -0.173077
Elapsed time Branch-and-Cut: 21.278000
Elapsed time Starting Cuts: 14.669000
Cplex Gap: 0.000000
B&C nodes: 0
Number Logic Benders Cuts: 88
Number Starting Scenarios: 0
Cardinality of Y: 47
Number of Tight y in the sub-problem: 19

Variables Master Problem:

Phi =-0.173077 

Discoveries: w_i (i is a profitable node). 
 w_[node:1] = 1.000000
 w_[node:2] = 1.000000
 w_[node:3] = 1.000000
 w_[node:7] = 1.000000
 w_[node:8] = 1.000000
 w_[node:9] = 1.000000
 w_[node:10] = 1.000000
 w_[node:11] = 1.000000
 w_[node:12] = 1.000000
 w_[node:13] = 1.000000
 w_[node:14] = 1.000000
 w_[node:15] = 1.000000
 w_[node:16] = 1.000000
 w_[node:17] = 1.000000
 w_[node:18] = 1.000000

Scenarios and Tight Ys Sub-Problem

Overline Scenario: ovxi_i (i is a profitable node). 
 ov_xi_[node:1] = 0.007692
 ov_xi_[node:2] = 0.015385
 ov_xi_[node:3] = 0.150000
 ov_xi_[node:4] = 0.150000
 ov_xi_[node:5] = 0.000000
 ov_xi_[node:6] = 0.000000
 ov_xi_[node:7] = 0.000000
 ov_xi_[node:8] = 0.015385
 ov_xi_[node:9] = 0.000000
 ov_xi_[node:10] = 0.007692
 ov_xi_[node:11] = 0.007692
 ov_xi_[node:12] = 0.000000
 ov_xi_[node:13] = 0.150000
 ov_xi_[node:14] = 0.150000
 ov_xi_[node:15] = 0.015385
 ov_xi_[node:16] = 0.007692
 ov_xi_[node:17] = 0.023077
 ov_xi_[node:18] = 0.150000
 ov_xi_[node:19] = 0.150000

 Tigth Ys: 

 y = 0 { 
Node 1: {
y_[node:1] = 1
xi_y_i_[y:0][node:1] = 0.007692
} 
Node 2: {
y_[node:2] = 1
xi_y_i_[y:0][node:2] = 0.015385
} 
Node 3: {
y_[node:3] = 0
xi_y_i_[y:0][node:3] = 0.150000
} 
Node 4: {
y_[node:4] = 1
xi_y_i_[y:0][node:4] = 0.150000
} 
Node 5: {
y_[node:5] = 1
xi_y_i_[y:0][node:5] = 0.000000
} 
Node 6: {
y_[node:6] = 1
xi_y_i_[y:0][node:6] = 0.000000
} 
Node 7: {
y_[node:7] = 1
xi_y_i_[y:0][node:7] = 0.000000
} 
Node 8: {
y_[node:8] = 0
xi_y_i_[y:0][node:8] = 0.015385
} 
Node 9: {
y_[node:9] = 0
xi_y_i_[y:0][node:9] = 0.000000
} 
Node 10: {
y_[node:10] = 0
xi_y_i_[y:0][node:10] = 0.007692
} 
Node 11: {
y_[node:11] = 0
xi_y_i_[y:0][node:11] = 0.007692
} 
Node 12: {
y_[node:12] = 0
xi_y_i_[y:0][node:12] = 0.000000
} 
Node 13: {
y_[node:13] = 0
xi_y_i_[y:0][node:13] = 0.150000
} 
Node 14: {
y_[node:14] = 0
xi_y_i_[y:0][node:14] = 0.150000
} 
Node 15: {
y_[node:15] = 0
xi_y_i_[y:0][node:15] = 0.015385
} 
Node 16: {
y_[node:16] = 0
xi_y_i_[y:0][node:16] = 0.007692
} 
Node 17: {
y_[node:17] = 0
xi_y_i_[y:0][node:17] = 0.023077
} 
Node 18: {
y_[node:18] = 0
xi_y_i_[y:0][node:18] = 0.150000
} 
Node 19: {
y_[node:19] = 0
xi_y_i_[y:0][node:19] = 0.150000
} 

 } 

 y = 2 { 
Node 1: {
y_[node:1] = 0
xi_y_i_[y:2][node:1] = 0.007692
} 
Node 2: {
y_[node:2] = 0
xi_y_i_[y:2][node:2] = 0.015385
} 
Node 3: {
y_[node:3] = 0
xi_y_i_[y:2][node:3] = 0.150000
} 
Node 4: {
y_[node:4] = 0
xi_y_i_[y:2][node:4] = 0.150000
} 
Node 5: {
y_[node:5] = 0
xi_y_i_[y:2][node:5] = 0.000000
} 
Node 6: {
y_[node:6] = 0
xi_y_i_[y:2][node:6] = 0.000000
} 
Node 7: {
y_[node:7] = 0
xi_y_i_[y:2][node:7] = 0.000000
} 
Node 8: {
y_[node:8] = 0
xi_y_i_[y:2][node:8] = 0.015385
} 
Node 9: {
y_[node:9] = 0
xi_y_i_[y:2][node:9] = 0.000000
} 
Node 10: {
y_[node:10] = 0
xi_y_i_[y:2][node:10] = 0.007692
} 
Node 11: {
y_[node:11] = 0
xi_y_i_[y:2][node:11] = 0.007692
} 
Node 12: {
y_[node:12] = 0
xi_y_i_[y:2][node:12] = 0.000000
} 
Node 13: {
y_[node:13] = 0
xi_y_i_[y:2][node:13] = 0.150000
} 
Node 14: {
y_[node:14] = 1
xi_y_i_[y:2][node:14] = 0.150000
} 
Node 15: {
y_[node:15] = 1
xi_y_i_[y:2][node:15] = 0.015385
} 
Node 16: {
y_[node:16] = 1
xi_y_i_[y:2][node:16] = 0.007692
} 
Node 17: {
y_[node:17] = 0
xi_y_i_[y:2][node:17] = 0.023077
} 
Node 18: {
y_[node:18] = 0
xi_y_i_[y:2][node:18] = 0.150000
} 
Node 19: {
y_[node:19] = 0
xi_y_i_[y:2][node:19] = 0.150000
} 

 } 

 y = 3 { 
Node 1: {
y_[node:1] = 0
xi_y_i_[y:3][node:1] = 0.007692
} 
Node 2: {
y_[node:2] = 0
xi_y_i_[y:3][node:2] = 0.015385
} 
Node 3: {
y_[node:3] = 0
xi_y_i_[y:3][node:3] = 0.150000
} 
Node 4: {
y_[node:4] = 0
xi_y_i_[y:3][node:4] = 0.150000
} 
Node 5: {
y_[node:5] = 0
xi_y_i_[y:3][node:5] = 0.000000
} 
Node 6: {
y_[node:6] = 0
xi_y_i_[y:3][node:6] = 0.000000
} 
Node 7: {
y_[node:7] = 0
xi_y_i_[y:3][node:7] = 0.000000
} 
Node 8: {
y_[node:8] = 0
xi_y_i_[y:3][node:8] = 0.015385
} 
Node 9: {
y_[node:9] = 0
xi_y_i_[y:3][node:9] = 0.000000
} 
Node 10: {
y_[node:10] = 0
xi_y_i_[y:3][node:10] = 0.007692
} 
Node 11: {
y_[node:11] = 0
xi_y_i_[y:3][node:11] = 0.007692
} 
Node 12: {
y_[node:12] = 0
xi_y_i_[y:3][node:12] = 0.000000
} 
Node 13: {
y_[node:13] = 0
xi_y_i_[y:3][node:13] = 0.150000
} 
Node 14: {
y_[node:14] = 0
xi_y_i_[y:3][node:14] = 0.150000
} 
Node 15: {
y_[node:15] = 0
xi_y_i_[y:3][node:15] = 0.015385
} 
Node 16: {
y_[node:16] = 0
xi_y_i_[y:3][node:16] = 0.007692
} 
Node 17: {
y_[node:17] = 1
xi_y_i_[y:3][node:17] = 0.023077
} 
Node 18: {
y_[node:18] = 1
xi_y_i_[y:3][node:18] = 0.150000
} 
Node 19: {
y_[node:19] = 0
xi_y_i_[y:3][node:19] = 0.150000
} 

 } 

 y = 7 { 
Node 1: {
y_[node:1] = 0
xi_y_i_[y:7][node:1] = 0.007692
} 
Node 2: {
y_[node:2] = 0
xi_y_i_[y:7][node:2] = 0.015385
} 
Node 3: {
y_[node:3] = 0
xi_y_i_[y:7][node:3] = 0.150000
} 
Node 4: {
y_[node:4] = 0
xi_y_i_[y:7][node:4] = 0.150000
} 
Node 5: {
y_[node:5] = 0
xi_y_i_[y:7][node:5] = 0.000000
} 
Node 6: {
y_[node:6] = 0
xi_y_i_[y:7][node:6] = 0.000000
} 
Node 7: {
y_[node:7] = 0
xi_y_i_[y:7][node:7] = 0.000000
} 
Node 8: {
y_[node:8] = 1
xi_y_i_[y:7][node:8] = 0.015385
} 
Node 9: {
y_[node:9] = 0
xi_y_i_[y:7][node:9] = 0.000000
} 
Node 10: {
y_[node:10] = 1
xi_y_i_[y:7][node:10] = 0.007692
} 
Node 11: {
y_[node:11] = 0
xi_y_i_[y:7][node:11] = 0.007692
} 
Node 12: {
y_[node:12] = 0
xi_y_i_[y:7][node:12] = 0.000000
} 
Node 13: {
y_[node:13] = 1
xi_y_i_[y:7][node:13] = 0.150000
} 
Node 14: {
y_[node:14] = 0
xi_y_i_[y:7][node:14] = 0.150000
} 
Node 15: {
y_[node:15] = 0
xi_y_i_[y:7][node:15] = 0.015385
} 
Node 16: {
y_[node:16] = 0
xi_y_i_[y:7][node:16] = 0.007692
} 
Node 17: {
y_[node:17] = 0
xi_y_i_[y:7][node:17] = 0.023077
} 
Node 18: {
y_[node:18] = 0
xi_y_i_[y:7][node:18] = 0.150000
} 
Node 19: {
y_[node:19] = 0
xi_y_i_[y:7][node:19] = 0.150000
} 

 } 

 y = 10 { 
Node 1: {
y_[node:1] = 0
xi_y_i_[y:10][node:1] = 0.007692
} 
Node 2: {
y_[node:2] = 0
xi_y_i_[y:10][node:2] = 0.015385
} 
Node 3: {
y_[node:3] = 0
xi_y_i_[y:10][node:3] = 0.150000
} 
Node 4: {
y_[node:4] = 0
xi_y_i_[y:10][node:4] = 0.150000
} 
Node 5: {
y_[node:5] = 0
xi_y_i_[y:10][node:5] = 0.000000
} 
Node 6: {
y_[node:6] = 0
xi_y_i_[y:10][node:6] = 0.000000
} 
Node 7: {
y_[node:7] = 0
xi_y_i_[y:10][node:7] = 0.000000
} 
Node 8: {
y_[node:8] = 1
xi_y_i_[y:10][node:8] = 0.015385
} 
Node 9: {
y_[node:9] = 0
xi_y_i_[y:10][node:9] = 0.000000
} 
Node 10: {
y_[node:10] = 0
xi_y_i_[y:10][node:10] = 0.007692
} 
Node 11: {
y_[node:11] = 1
xi_y_i_[y:10][node:11] = 0.007692
} 
Node 12: {
y_[node:12] = 1
xi_y_i_[y:10][node:12] = 0.000000
} 
Node 13: {
y_[node:13] = 1
xi_y_i_[y:10][node:13] = 0.150000
} 
Node 14: {
y_[node:14] = 0
xi_y_i_[y:10][node:14] = 0.150000
} 
Node 15: {
y_[node:15] = 0
xi_y_i_[y:10][node:15] = 0.015385
} 
Node 16: {
y_[node:16] = 0
xi_y_i_[y:10][node:16] = 0.007692
} 
Node 17: {
y_[node:17] = 0
xi_y_i_[y:10][node:17] = 0.023077
} 
Node 18: {
y_[node:18] = 0
xi_y_i_[y:10][node:18] = 0.150000
} 
Node 19: {
y_[node:19] = 0
xi_y_i_[y:10][node:19] = 0.150000
} 

 } 

 y = 15 { 
Node 1: {
y_[node:1] = 0
xi_y_i_[y:15][node:1] = 0.007692
} 
Node 2: {
y_[node:2] = 0
xi_y_i_[y:15][node:2] = 0.015385
} 
Node 3: {
y_[node:3] = 0
xi_y_i_[y:15][node:3] = 0.150000
} 
Node 4: {
y_[node:4] = 0
xi_y_i_[y:15][node:4] = 0.150000
} 
Node 5: {
y_[node:5] = 0
xi_y_i_[y:15][node:5] = 0.000000
} 
Node 6: {
y_[node:6] = 0
xi_y_i_[y:15][node:6] = 0.000000
} 
Node 7: {
y_[node:7] = 1
xi_y_i_[y:15][node:7] = 0.000000
} 
Node 8: {
y_[node:8] = 1
xi_y_i_[y:15][node:8] = 0.015385
} 
Node 9: {
y_[node:9] = 1
xi_y_i_[y:15][node:9] = 0.000000
} 
Node 10: {
y_[node:10] = 1
xi_y_i_[y:15][node:10] = 0.007692
} 
Node 11: {
y_[node:11] = 0
xi_y_i_[y:15][node:11] = 0.007692
} 
Node 12: {
y_[node:12] = 1
xi_y_i_[y:15][node:12] = 0.000000
} 
Node 13: {
y_[node:13] = 1
xi_y_i_[y:15][node:13] = 0.150000
} 
Node 14: {
y_[node:14] = 0
xi_y_i_[y:15][node:14] = 0.150000
} 
Node 15: {
y_[node:15] = 0
xi_y_i_[y:15][node:15] = 0.015385
} 
Node 16: {
y_[node:16] = 0
xi_y_i_[y:15][node:16] = 0.007692
} 
Node 17: {
y_[node:17] = 0
xi_y_i_[y:15][node:17] = 0.023077
} 
Node 18: {
y_[node:18] = 0
xi_y_i_[y:15][node:18] = 0.150000
} 
Node 19: {
y_[node:19] = 0
xi_y_i_[y:15][node:19] = 0.150000
} 

 } 

 y = 16 { 
Node 1: {
y_[node:1] = 1
xi_y_i_[y:16][node:1] = 0.007692
} 
Node 2: {
y_[node:2] = 0
xi_y_i_[y:16][node:2] = 0.015385
} 
Node 3: {
y_[node:3] = 0
xi_y_i_[y:16][node:3] = 0.150000
} 
Node 4: {
y_[node:4] = 1
xi_y_i_[y:16][node:4] = 0.150000
} 
Node 5: {
y_[node:5] = 1
xi_y_i_[y:16][node:5] = 0.000000
} 
Node 6: {
y_[node:6] = 0
xi_y_i_[y:16][node:6] = 0.000000
} 
Node 7: {
y_[node:7] = 1
xi_y_i_[y:16][node:7] = 0.000000
} 
Node 8: {
y_[node:8] = 0
xi_y_i_[y:16][node:8] = 0.015385
} 
Node 9: {
y_[node:9] = 0
xi_y_i_[y:16][node:9] = 0.000000
} 
Node 10: {
y_[node:10] = 1
xi_y_i_[y:16][node:10] = 0.007692
} 
Node 11: {
y_[node:11] = 1
xi_y_i_[y:16][node:11] = 0.007692
} 
Node 12: {
y_[node:12] = 0
xi_y_i_[y:16][node:12] = 0.000000
} 
Node 13: {
y_[node:13] = 0
xi_y_i_[y:16][node:13] = 0.150000
} 
Node 14: {
y_[node:14] = 0
xi_y_i_[y:16][node:14] = 0.150000
} 
Node 15: {
y_[node:15] = 0
xi_y_i_[y:16][node:15] = 0.015385
} 
Node 16: {
y_[node:16] = 0
xi_y_i_[y:16][node:16] = 0.007692
} 
Node 17: {
y_[node:17] = 0
xi_y_i_[y:16][node:17] = 0.023077
} 
Node 18: {
y_[node:18] = 0
xi_y_i_[y:16][node:18] = 0.150000
} 
Node 19: {
y_[node:19] = 0
xi_y_i_[y:16][node:19] = 0.150000
} 

 } 

 y = 17 { 
Node 1: {
y_[node:1] = 0
xi_y_i_[y:17][node:1] = 0.007692
} 
Node 2: {
y_[node:2] = 1
xi_y_i_[y:17][node:2] = 0.015385
} 
Node 3: {
y_[node:3] = 0
xi_y_i_[y:17][node:3] = 0.150000
} 
Node 4: {
y_[node:4] = 0
xi_y_i_[y:17][node:4] = 0.150000
} 
Node 5: {
y_[node:5] = 0
xi_y_i_[y:17][node:5] = 0.000000
} 
Node 6: {
y_[node:6] = 1
xi_y_i_[y:17][node:6] = 0.142308
} 
Node 7: {
y_[node:7] = 1
xi_y_i_[y:17][node:7] = 0.000000
} 
Node 8: {
y_[node:8] = 0
xi_y_i_[y:17][node:8] = 0.015385
} 
Node 9: {
y_[node:9] = 0
xi_y_i_[y:17][node:9] = 0.000000
} 
Node 10: {
y_[node:10] = 1
xi_y_i_[y:17][node:10] = 0.007692
} 
Node 11: {
y_[node:11] = 1
xi_y_i_[y:17][node:11] = 0.007692
} 
Node 12: {
y_[node:12] = 0
xi_y_i_[y:17][node:12] = 0.000000
} 
Node 13: {
y_[node:13] = 0
xi_y_i_[y:17][node:13] = 0.150000
} 
Node 14: {
y_[node:14] = 0
xi_y_i_[y:17][node:14] = 0.150000
} 
Node 15: {
y_[node:15] = 0
xi_y_i_[y:17][node:15] = 0.015385
} 
Node 16: {
y_[node:16] = 0
xi_y_i_[y:17][node:16] = 0.007692
} 
Node 17: {
y_[node:17] = 0
xi_y_i_[y:17][node:17] = 0.023077
} 
Node 18: {
y_[node:18] = 0
xi_y_i_[y:17][node:18] = 0.150000
} 
Node 19: {
y_[node:19] = 0
xi_y_i_[y:17][node:19] = 0.007692
} 

 } 

 y = 18 { 
Node 1: {
y_[node:1] = 0
xi_y_i_[y:18][node:1] = 0.007692
} 
Node 2: {
y_[node:2] = 0
xi_y_i_[y:18][node:2] = 0.015385
} 
Node 3: {
y_[node:3] = 0
xi_y_i_[y:18][node:3] = 0.150000
} 
Node 4: {
y_[node:4] = 0
xi_y_i_[y:18][node:4] = 0.150000
} 
Node 5: {
y_[node:5] = 0
xi_y_i_[y:18][node:5] = 0.000000
} 
Node 6: {
y_[node:6] = 0
xi_y_i_[y:18][node:6] = 0.000000
} 
Node 7: {
y_[node:7] = 0
xi_y_i_[y:18][node:7] = 0.000000
} 
Node 8: {
y_[node:8] = 0
xi_y_i_[y:18][node:8] = 0.015385
} 
Node 9: {
y_[node:9] = 0
xi_y_i_[y:18][node:9] = 0.000000
} 
Node 10: {
y_[node:10] = 0
xi_y_i_[y:18][node:10] = 0.007692
} 
Node 11: {
y_[node:11] = 0
xi_y_i_[y:18][node:11] = 0.007692
} 
Node 12: {
y_[node:12] = 0
xi_y_i_[y:18][node:12] = 0.000000
} 
Node 13: {
y_[node:13] = 0
xi_y_i_[y:18][node:13] = 0.150000
} 
Node 14: {
y_[node:14] = 1
xi_y_i_[y:18][node:14] = 0.150000
} 
Node 15: {
y_[node:15] = 0
xi_y_i_[y:18][node:15] = 0.015385
} 
Node 16: {
y_[node:16] = 0
xi_y_i_[y:18][node:16] = 0.007692
} 
Node 17: {
y_[node:17] = 1
xi_y_i_[y:18][node:17] = 0.023077
} 
Node 18: {
y_[node:18] = 0
xi_y_i_[y:18][node:18] = 0.150000
} 
Node 19: {
y_[node:19] = 0
xi_y_i_[y:18][node:19] = 0.150000
} 

 } 

 y = 22 { 
Node 1: {
y_[node:1] = 0
xi_y_i_[y:22][node:1] = 0.007692
} 
Node 2: {
y_[node:2] = 0
xi_y_i_[y:22][node:2] = 0.015385
} 
Node 3: {
y_[node:3] = 0
xi_y_i_[y:22][node:3] = 0.150000
} 
Node 4: {
y_[node:4] = 1
xi_y_i_[y:22][node:4] = 0.150000
} 
Node 5: {
y_[node:5] = 1
xi_y_i_[y:22][node:5] = 0.000000
} 
Node 6: {
y_[node:6] = 1
xi_y_i_[y:22][node:6] = 0.007692
} 
Node 7: {
y_[node:7] = 0
xi_y_i_[y:22][node:7] = 0.000000
} 
Node 8: {
y_[node:8] = 0
xi_y_i_[y:22][node:8] = 0.015385
} 
Node 9: {
y_[node:9] = 0
xi_y_i_[y:22][node:9] = 0.000000
} 
Node 10: {
y_[node:10] = 1
xi_y_i_[y:22][node:10] = 0.007692
} 
Node 11: {
y_[node:11] = 1
xi_y_i_[y:22][node:11] = 0.007692
} 
Node 12: {
y_[node:12] = 0
xi_y_i_[y:22][node:12] = 0.000000
} 
Node 13: {
y_[node:13] = 0
xi_y_i_[y:22][node:13] = 0.150000
} 
Node 14: {
y_[node:14] = 0
xi_y_i_[y:22][node:14] = 0.150000
} 
Node 15: {
y_[node:15] = 0
xi_y_i_[y:22][node:15] = 0.015385
} 
Node 16: {
y_[node:16] = 0
xi_y_i_[y:22][node:16] = 0.007692
} 
Node 17: {
y_[node:17] = 0
xi_y_i_[y:22][node:17] = 0.023077
} 
Node 18: {
y_[node:18] = 0
xi_y_i_[y:22][node:18] = 0.150000
} 
Node 19: {
y_[node:19] = 0
xi_y_i_[y:22][node:19] = 0.142308
} 

 } 

 y = 23 { 
Node 1: {
y_[node:1] = 0
xi_y_i_[y:23][node:1] = 0.007692
} 
Node 2: {
y_[node:2] = 0
xi_y_i_[y:23][node:2] = 0.015385
} 
Node 3: {
y_[node:3] = 0
xi_y_i_[y:23][node:3] = 0.150000
} 
Node 4: {
y_[node:4] = 0
xi_y_i_[y:23][node:4] = 0.150000
} 
Node 5: {
y_[node:5] = 0
xi_y_i_[y:23][node:5] = 0.000000
} 
Node 6: {
y_[node:6] = 0
xi_y_i_[y:23][node:6] = 0.000000
} 
Node 7: {
y_[node:7] = 0
xi_y_i_[y:23][node:7] = 0.000000
} 
Node 8: {
y_[node:8] = 1
xi_y_i_[y:23][node:8] = 0.015385
} 
Node 9: {
y_[node:9] = 1
xi_y_i_[y:23][node:9] = 0.000000
} 
Node 10: {
y_[node:10] = 0
xi_y_i_[y:23][node:10] = 0.007692
} 
Node 11: {
y_[node:11] = 1
xi_y_i_[y:23][node:11] = 0.007692
} 
Node 12: {
y_[node:12] = 1
xi_y_i_[y:23][node:12] = 0.000000
} 
Node 13: {
y_[node:13] = 1
xi_y_i_[y:23][node:13] = 0.150000
} 
Node 14: {
y_[node:14] = 0
xi_y_i_[y:23][node:14] = 0.150000
} 
Node 15: {
y_[node:15] = 0
xi_y_i_[y:23][node:15] = 0.015385
} 
Node 16: {
y_[node:16] = 0
xi_y_i_[y:23][node:16] = 0.007692
} 
Node 17: {
y_[node:17] = 0
xi_y_i_[y:23][node:17] = 0.023077
} 
Node 18: {
y_[node:18] = 0
xi_y_i_[y:23][node:18] = 0.150000
} 
Node 19: {
y_[node:19] = 0
xi_y_i_[y:23][node:19] = 0.150000
} 

 } 

 y = 25 { 
Node 1: {
y_[node:1] = 1
xi_y_i_[y:25][node:1] = 0.007692
} 
Node 2: {
y_[node:2] = 1
xi_y_i_[y:25][node:2] = 0.015385
} 
Node 3: {
y_[node:3] = 1
xi_y_i_[y:25][node:3] = 0.150000
} 
Node 4: {
y_[node:4] = 0
xi_y_i_[y:25][node:4] = 0.150000
} 
Node 5: {
y_[node:5] = 0
xi_y_i_[y:25][node:5] = 0.000000
} 
Node 6: {
y_[node:6] = 0
xi_y_i_[y:25][node:6] = 0.000000
} 
Node 7: {
y_[node:7] = 1
xi_y_i_[y:25][node:7] = 0.000000
} 
Node 8: {
y_[node:8] = 0
xi_y_i_[y:25][node:8] = 0.015385
} 
Node 9: {
y_[node:9] = 0
xi_y_i_[y:25][node:9] = 0.000000
} 
Node 10: {
y_[node:10] = 0
xi_y_i_[y:25][node:10] = 0.007692
} 
Node 11: {
y_[node:11] = 0
xi_y_i_[y:25][node:11] = 0.007692
} 
Node 12: {
y_[node:12] = 0
xi_y_i_[y:25][node:12] = 0.000000
} 
Node 13: {
y_[node:13] = 0
xi_y_i_[y:25][node:13] = 0.150000
} 
Node 14: {
y_[node:14] = 0
xi_y_i_[y:25][node:14] = 0.150000
} 
Node 15: {
y_[node:15] = 0
xi_y_i_[y:25][node:15] = 0.015385
} 
Node 16: {
y_[node:16] = 0
xi_y_i_[y:25][node:16] = 0.007692
} 
Node 17: {
y_[node:17] = 0
xi_y_i_[y:25][node:17] = 0.023077
} 
Node 18: {
y_[node:18] = 0
xi_y_i_[y:25][node:18] = 0.150000
} 
Node 19: {
y_[node:19] = 0
xi_y_i_[y:25][node:19] = 0.150000
} 

 } 

 y = 26 { 
Node 1: {
y_[node:1] = 0
xi_y_i_[y:26][node:1] = 0.007692
} 
Node 2: {
y_[node:2] = 1
xi_y_i_[y:26][node:2] = 0.015385
} 
Node 3: {
y_[node:3] = 0
xi_y_i_[y:26][node:3] = 0.150000
} 
Node 4: {
y_[node:4] = 1
xi_y_i_[y:26][node:4] = 0.150000
} 
Node 5: {
y_[node:5] = 1
xi_y_i_[y:26][node:5] = 0.000000
} 
Node 6: {
y_[node:6] = 1
xi_y_i_[y:26][node:6] = 0.000000
} 
Node 7: {
y_[node:7] = 0
xi_y_i_[y:26][node:7] = 0.000000
} 
Node 8: {
y_[node:8] = 0
xi_y_i_[y:26][node:8] = 0.015385
} 
Node 9: {
y_[node:9] = 0
xi_y_i_[y:26][node:9] = 0.000000
} 
Node 10: {
y_[node:10] = 0
xi_y_i_[y:26][node:10] = 0.007692
} 
Node 11: {
y_[node:11] = 1
xi_y_i_[y:26][node:11] = 0.007692
} 
Node 12: {
y_[node:12] = 0
xi_y_i_[y:26][node:12] = 0.000000
} 
Node 13: {
y_[node:13] = 0
xi_y_i_[y:26][node:13] = 0.150000
} 
Node 14: {
y_[node:14] = 0
xi_y_i_[y:26][node:14] = 0.150000
} 
Node 15: {
y_[node:15] = 0
xi_y_i_[y:26][node:15] = 0.015385
} 
Node 16: {
y_[node:16] = 0
xi_y_i_[y:26][node:16] = 0.007692
} 
Node 17: {
y_[node:17] = 0
xi_y_i_[y:26][node:17] = 0.023077
} 
Node 18: {
y_[node:18] = 0
xi_y_i_[y:26][node:18] = 0.150000
} 
Node 19: {
y_[node:19] = 0
xi_y_i_[y:26][node:19] = 0.150000
} 

 } 

 y = 28 { 
Node 1: {
y_[node:1] = 0
xi_y_i_[y:28][node:1] = 0.007692
} 
Node 2: {
y_[node:2] = 0
xi_y_i_[y:28][node:2] = 0.015385
} 
Node 3: {
y_[node:3] = 0
xi_y_i_[y:28][node:3] = 0.150000
} 
Node 4: {
y_[node:4] = 0
xi_y_i_[y:28][node:4] = 0.150000
} 
Node 5: {
y_[node:5] = 0
xi_y_i_[y:28][node:5] = 0.000000
} 
Node 6: {
y_[node:6] = 0
xi_y_i_[y:28][node:6] = 0.000000
} 
Node 7: {
y_[node:7] = 0
xi_y_i_[y:28][node:7] = 0.000000
} 
Node 8: {
y_[node:8] = 1
xi_y_i_[y:28][node:8] = 0.015385
} 
Node 9: {
y_[node:9] = 0
xi_y_i_[y:28][node:9] = 0.000000
} 
Node 10: {
y_[node:10] = 0
xi_y_i_[y:28][node:10] = 0.007692
} 
Node 11: {
y_[node:11] = 0
xi_y_i_[y:28][node:11] = 0.007692
} 
Node 12: {
y_[node:12] = 0
xi_y_i_[y:28][node:12] = 0.000000
} 
Node 13: {
y_[node:13] = 0
xi_y_i_[y:28][node:13] = 0.150000
} 
Node 14: {
y_[node:14] = 1
xi_y_i_[y:28][node:14] = 0.150000
} 
Node 15: {
y_[node:15] = 0
xi_y_i_[y:28][node:15] = 0.015385
} 
Node 16: {
y_[node:16] = 1
xi_y_i_[y:28][node:16] = 0.007692
} 
Node 17: {
y_[node:17] = 0
xi_y_i_[y:28][node:17] = 0.023077
} 
Node 18: {
y_[node:18] = 0
xi_y_i_[y:28][node:18] = 0.150000
} 
Node 19: {
y_[node:19] = 0
xi_y_i_[y:28][node:19] = 0.150000
} 

 } 

 y = 29 { 
Node 1: {
y_[node:1] = 1
xi_y_i_[y:29][node:1] = 0.007692
} 
Node 2: {
y_[node:2] = 0
xi_y_i_[y:29][node:2] = 0.015385
} 
Node 3: {
y_[node:3] = 0
xi_y_i_[y:29][node:3] = 0.150000
} 
Node 4: {
y_[node:4] = 1
xi_y_i_[y:29][node:4] = 0.150000
} 
Node 5: {
y_[node:5] = 1
xi_y_i_[y:29][node:5] = 0.000000
} 
Node 6: {
y_[node:6] = 1
xi_y_i_[y:29][node:6] = 0.000000
} 
Node 7: {
y_[node:7] = 0
xi_y_i_[y:29][node:7] = 0.000000
} 
Node 8: {
y_[node:8] = 0
xi_y_i_[y:29][node:8] = 0.015385
} 
Node 9: {
y_[node:9] = 0
xi_y_i_[y:29][node:9] = 0.000000
} 
Node 10: {
y_[node:10] = 1
xi_y_i_[y:29][node:10] = 0.007692
} 
Node 11: {
y_[node:11] = 1
xi_y_i_[y:29][node:11] = 0.007692
} 
Node 12: {
y_[node:12] = 0
xi_y_i_[y:29][node:12] = 0.000000
} 
Node 13: {
y_[node:13] = 0
xi_y_i_[y:29][node:13] = 0.150000
} 
Node 14: {
y_[node:14] = 0
xi_y_i_[y:29][node:14] = 0.150000
} 
Node 15: {
y_[node:15] = 0
xi_y_i_[y:29][node:15] = 0.015385
} 
Node 16: {
y_[node:16] = 0
xi_y_i_[y:29][node:16] = 0.007692
} 
Node 17: {
y_[node:17] = 0
xi_y_i_[y:29][node:17] = 0.023077
} 
Node 18: {
y_[node:18] = 0
xi_y_i_[y:29][node:18] = 0.150000
} 
Node 19: {
y_[node:19] = 0
xi_y_i_[y:29][node:19] = 0.150000
} 

 } 

 y = 34 { 
Node 1: {
y_[node:1] = 1
xi_y_i_[y:34][node:1] = 0.007692
} 
Node 2: {
y_[node:2] = 0
xi_y_i_[y:34][node:2] = 0.015385
} 
Node 3: {
y_[node:3] = 0
xi_y_i_[y:34][node:3] = 0.150000
} 
Node 4: {
y_[node:4] = 1
xi_y_i_[y:34][node:4] = 0.150000
} 
Node 5: {
y_[node:5] = 1
xi_y_i_[y:34][node:5] = 0.015385
} 
Node 6: {
y_[node:6] = 0
xi_y_i_[y:34][node:6] = 0.000000
} 
Node 7: {
y_[node:7] = 0
xi_y_i_[y:34][node:7] = 0.000000
} 
Node 8: {
y_[node:8] = 0
xi_y_i_[y:34][node:8] = 0.015385
} 
Node 9: {
y_[node:9] = 1
xi_y_i_[y:34][node:9] = 0.000000
} 
Node 10: {
y_[node:10] = 0
xi_y_i_[y:34][node:10] = 0.007692
} 
Node 11: {
y_[node:11] = 0
xi_y_i_[y:34][node:11] = 0.007692
} 
Node 12: {
y_[node:12] = 0
xi_y_i_[y:34][node:12] = 0.000000
} 
Node 13: {
y_[node:13] = 0
xi_y_i_[y:34][node:13] = 0.150000
} 
Node 14: {
y_[node:14] = 0
xi_y_i_[y:34][node:14] = 0.150000
} 
Node 15: {
y_[node:15] = 0
xi_y_i_[y:34][node:15] = 0.015385
} 
Node 16: {
y_[node:16] = 0
xi_y_i_[y:34][node:16] = 0.007692
} 
Node 17: {
y_[node:17] = 0
xi_y_i_[y:34][node:17] = 0.023077
} 
Node 18: {
y_[node:18] = 0
xi_y_i_[y:34][node:18] = 0.150000
} 
Node 19: {
y_[node:19] = 0
xi_y_i_[y:34][node:19] = 0.134615
} 

 } 

 y = 39 { 
Node 1: {
y_[node:1] = 0
xi_y_i_[y:39][node:1] = 0.007692
} 
Node 2: {
y_[node:2] = 1
xi_y_i_[y:39][node:2] = 0.015385
} 
Node 3: {
y_[node:3] = 0
xi_y_i_[y:39][node:3] = 0.150000
} 
Node 4: {
y_[node:4] = 1
xi_y_i_[y:39][node:4] = 0.142308
} 
Node 5: {
y_[node:5] = 1
xi_y_i_[y:39][node:5] = 0.000000
} 
Node 6: {
y_[node:6] = 0
xi_y_i_[y:39][node:6] = 0.007692
} 
Node 7: {
y_[node:7] = 0
xi_y_i_[y:39][node:7] = 0.000000
} 
Node 8: {
y_[node:8] = 1
xi_y_i_[y:39][node:8] = 0.015385
} 
Node 9: {
y_[node:9] = 0
xi_y_i_[y:39][node:9] = 0.000000
} 
Node 10: {
y_[node:10] = 0
xi_y_i_[y:39][node:10] = 0.007692
} 
Node 11: {
y_[node:11] = 0
xi_y_i_[y:39][node:11] = 0.007692
} 
Node 12: {
y_[node:12] = 0
xi_y_i_[y:39][node:12] = 0.000000
} 
Node 13: {
y_[node:13] = 0
xi_y_i_[y:39][node:13] = 0.150000
} 
Node 14: {
y_[node:14] = 0
xi_y_i_[y:39][node:14] = 0.150000
} 
Node 15: {
y_[node:15] = 0
xi_y_i_[y:39][node:15] = 0.015385
} 
Node 16: {
y_[node:16] = 0
xi_y_i_[y:39][node:16] = 0.007692
} 
Node 17: {
y_[node:17] = 0
xi_y_i_[y:39][node:17] = 0.023077
} 
Node 18: {
y_[node:18] = 0
xi_y_i_[y:39][node:18] = 0.150000
} 
Node 19: {
y_[node:19] = 0
xi_y_i_[y:39][node:19] = 0.150000
} 

 } 

 y = 41 { 
Node 1: {
y_[node:1] = 0
xi_y_i_[y:41][node:1] = 0.007692
} 
Node 2: {
y_[node:2] = 0
xi_y_i_[y:41][node:2] = 0.015385
} 
Node 3: {
y_[node:3] = 0
xi_y_i_[y:41][node:3] = 0.150000
} 
Node 4: {
y_[node:4] = 0
xi_y_i_[y:41][node:4] = 0.150000
} 
Node 5: {
y_[node:5] = 0
xi_y_i_[y:41][node:5] = 0.000000
} 
Node 6: {
y_[node:6] = 0
xi_y_i_[y:41][node:6] = 0.000000
} 
Node 7: {
y_[node:7] = 1
xi_y_i_[y:41][node:7] = 0.000000
} 
Node 8: {
y_[node:8] = 1
xi_y_i_[y:41][node:8] = 0.015385
} 
Node 9: {
y_[node:9] = 1
xi_y_i_[y:41][node:9] = 0.000000
} 
Node 10: {
y_[node:10] = 0
xi_y_i_[y:41][node:10] = 0.007692
} 
Node 11: {
y_[node:11] = 1
xi_y_i_[y:41][node:11] = 0.007692
} 
Node 12: {
y_[node:12] = 1
xi_y_i_[y:41][node:12] = 0.000000
} 
Node 13: {
y_[node:13] = 1
xi_y_i_[y:41][node:13] = 0.150000
} 
Node 14: {
y_[node:14] = 0
xi_y_i_[y:41][node:14] = 0.150000
} 
Node 15: {
y_[node:15] = 0
xi_y_i_[y:41][node:15] = 0.015385
} 
Node 16: {
y_[node:16] = 0
xi_y_i_[y:41][node:16] = 0.007692
} 
Node 17: {
y_[node:17] = 0
xi_y_i_[y:41][node:17] = 0.023077
} 
Node 18: {
y_[node:18] = 0
xi_y_i_[y:41][node:18] = 0.150000
} 
Node 19: {
y_[node:19] = 0
xi_y_i_[y:41][node:19] = 0.150000
} 

 } 

 y = 44 { 
Node 1: {
y_[node:1] = 1
xi_y_i_[y:44][node:1] = 0.007692
} 
Node 2: {
y_[node:2] = 1
xi_y_i_[y:44][node:2] = 0.015385
} 
Node 3: {
y_[node:3] = 0
xi_y_i_[y:44][node:3] = 0.150000
} 
Node 4: {
y_[node:4] = 0
xi_y_i_[y:44][node:4] = 0.150000
} 
Node 5: {
y_[node:5] = 0
xi_y_i_[y:44][node:5] = 0.000000
} 
Node 6: {
y_[node:6] = 0
xi_y_i_[y:44][node:6] = 0.000000
} 
Node 7: {
y_[node:7] = 0
xi_y_i_[y:44][node:7] = 0.000000
} 
Node 8: {
y_[node:8] = 0
xi_y_i_[y:44][node:8] = 0.015385
} 
Node 9: {
y_[node:9] = 0
xi_y_i_[y:44][node:9] = 0.000000
} 
Node 10: {
y_[node:10] = 0
xi_y_i_[y:44][node:10] = 0.007692
} 
Node 11: {
y_[node:11] = 0
xi_y_i_[y:44][node:11] = 0.007692
} 
Node 12: {
y_[node:12] = 0
xi_y_i_[y:44][node:12] = 0.000000
} 
Node 13: {
y_[node:13] = 0
xi_y_i_[y:44][node:13] = 0.150000
} 
Node 14: {
y_[node:14] = 0
xi_y_i_[y:44][node:14] = 0.150000
} 
Node 15: {
y_[node:15] = 0
xi_y_i_[y:44][node:15] = 0.015385
} 
Node 16: {
y_[node:16] = 0
xi_y_i_[y:44][node:16] = 0.007692
} 
Node 17: {
y_[node:17] = 0
xi_y_i_[y:44][node:17] = 0.023077
} 
Node 18: {
y_[node:18] = 0
xi_y_i_[y:44][node:18] = 0.150000
} 
Node 19: {
y_[node:19] = 1
xi_y_i_[y:44][node:19] = 0.150000
} 

 } 
Legenda_Model:Instance_Name	Network_Name	Num_Nodes	Num_Prof_Nodes	Max_Tour_Duration	Max_Num_Discoveries	Max_Discoveries_Fraction	Best_LB	Best_Ub	Cplex_Gap	Root_Node_LB	Branch_and_Cut_Elapsed_Time	Starting_Cuts_Elapsed_Time	Tot_Time	Num_Logic_Benders_Cuts	Number_Starting_Scenarios	Num_BandC_Nodes	Number_Discoveries	Profit_cost	Discovery_cost	Card_Y	Num_Tight_Y	US_Type	US_Param	US_Tot_Det_Profit
Table_Model:tsi_prob_2_mod_budget_15_D1_md075_US2_USpar15	tsi_prob_2_mod_budget_15	21	19	1500	15	0.750000	-0.173077	-0.173077	0.000000	0.000000	21.278000	14.669000	35.947000	88	0	0	15	-0.173077	0.000000	47	19	2	0.150000	450.000000
