++++ Instance Info ++++
Instance name: tsi_prob_3_mod_budget_100_D1_md050_US2_USpar5
Network name: tsi_prob_3_mod_budget_100
Number of nodes: 33
Number of profitable nodes: 31
Max number of discovery: 16
Max duration: 10000
Alrijne Collecting Time: 360.000000
++++ Uncertainty  ++++
Uncertainty Set Type: 2
Uncertainty Set Parameter: 0.050000
Total Deterministic Profit in the Network: 800.000000
++++ Solution of the Model ++++
-----------------------------------------------
Objective:
Best Lower Bound: -1.000000
Best upper bound: -1.000000
Elapsed time Branch-and-Cut: 0.004000
Elapsed time Starting Cuts: 8.154000
Cplex Gap: 0.000000
B&C nodes: 0
Number Logic Benders Cuts: 0
Number Starting Scenarios: 0
Cardinality of Y: 119
Number of Tight y in the sub-problem: 16

Variables Master Problem:

Phi =-1.000000 

Discoveries: w_i (i is a profitable node). 

Scenarios and Tight Ys Sub-Problem

Overline Scenario: ovxi_i (i is a profitable node). 
 ov_xi_[node:1] = 0.050000
 ov_xi_[node:2] = 0.050000
 ov_xi_[node:3] = 0.000000
 ov_xi_[node:4] = 0.000000
 ov_xi_[node:5] = 0.000000
 ov_xi_[node:6] = 0.000000
 ov_xi_[node:7] = 0.000000
 ov_xi_[node:8] = 0.000000
 ov_xi_[node:9] = 0.000000
 ov_xi_[node:10] = 0.000000
 ov_xi_[node:11] = 0.000000
 ov_xi_[node:12] = 0.000000
 ov_xi_[node:13] = 0.000000
 ov_xi_[node:14] = 0.050000
 ov_xi_[node:15] = 0.050000
 ov_xi_[node:16] = 0.050000
 ov_xi_[node:17] = 0.050000
 ov_xi_[node:18] = 0.050000
 ov_xi_[node:19] = 0.050000
 ov_xi_[node:20] = 0.050000
 ov_xi_[node:21] = 0.050000
 ov_xi_[node:22] = 0.050000
 ov_xi_[node:23] = 0.050000
 ov_xi_[node:24] = 0.050000
 ov_xi_[node:25] = 0.050000
 ov_xi_[node:26] = 0.050000
 ov_xi_[node:27] = 0.050000
 ov_xi_[node:28] = 0.050000
 ov_xi_[node:29] = 0.050000
 ov_xi_[node:30] = 0.050000
 ov_xi_[node:31] = 0.050000

 Tigth Ys: 

 y = 5 { 
Node 1: {
y_[node:1] = 1
xi_y_i_[y:5][node:1] = 0.050000
} 
Node 2: {
y_[node:2] = 1
xi_y_i_[y:5][node:2] = 0.050000
} 
Node 3: {
y_[node:3] = 1
xi_y_i_[y:5][node:3] = 0.000000
} 
Node 4: {
y_[node:4] = 0
xi_y_i_[y:5][node:4] = 0.000000
} 
Node 5: {
y_[node:5] = 1
xi_y_i_[y:5][node:5] = 0.000000
} 
Node 6: {
y_[node:6] = 1
xi_y_i_[y:5][node:6] = 0.000000
} 
Node 7: {
y_[node:7] = 1
xi_y_i_[y:5][node:7] = 0.000000
} 
Node 8: {
y_[node:8] = 1
xi_y_i_[y:5][node:8] = 0.000000
} 
Node 9: {
y_[node:9] = 1
xi_y_i_[y:5][node:9] = 0.000000
} 
Node 10: {
y_[node:10] = 1
xi_y_i_[y:5][node:10] = 0.000000
} 
Node 11: {
y_[node:11] = 0
xi_y_i_[y:5][node:11] = 0.000000
} 
Node 12: {
y_[node:12] = 1
xi_y_i_[y:5][node:12] = 0.000000
} 
Node 13: {
y_[node:13] = 1
xi_y_i_[y:5][node:13] = 0.000000
} 
Node 14: {
y_[node:14] = 1
xi_y_i_[y:5][node:14] = 0.050000
} 
Node 15: {
y_[node:15] = 1
xi_y_i_[y:5][node:15] = 0.050000
} 
Node 16: {
y_[node:16] = 1
xi_y_i_[y:5][node:16] = 0.050000
} 
Node 17: {
y_[node:17] = 1
xi_y_i_[y:5][node:17] = 0.050000
} 
Node 18: {
y_[node:18] = 1
xi_y_i_[y:5][node:18] = 0.050000
} 
Node 19: {
y_[node:19] = 1
xi_y_i_[y:5][node:19] = 0.050000
} 
Node 20: {
y_[node:20] = 1
xi_y_i_[y:5][node:20] = 0.050000
} 
Node 21: {
y_[node:21] = 1
xi_y_i_[y:5][node:21] = 0.050000
} 
Node 22: {
y_[node:22] = 1
xi_y_i_[y:5][node:22] = 0.050000
} 
Node 23: {
y_[node:23] = 1
xi_y_i_[y:5][node:23] = 0.050000
} 
Node 24: {
y_[node:24] = 1
xi_y_i_[y:5][node:24] = 0.050000
} 
Node 25: {
y_[node:25] = 1
xi_y_i_[y:5][node:25] = 0.050000
} 
Node 26: {
y_[node:26] = 1
xi_y_i_[y:5][node:26] = 0.050000
} 
Node 27: {
y_[node:27] = 1
xi_y_i_[y:5][node:27] = 0.050000
} 
Node 28: {
y_[node:28] = 1
xi_y_i_[y:5][node:28] = 0.050000
} 
Node 29: {
y_[node:29] = 1
xi_y_i_[y:5][node:29] = 0.050000
} 
Node 30: {
y_[node:30] = 1
xi_y_i_[y:5][node:30] = 0.050000
} 
Node 31: {
y_[node:31] = 1
xi_y_i_[y:5][node:31] = 0.050000
} 

 } 

 y = 10 { 
Node 1: {
y_[node:1] = 1
xi_y_i_[y:10][node:1] = 0.050000
} 
Node 2: {
y_[node:2] = 1
xi_y_i_[y:10][node:2] = 0.050000
} 
Node 3: {
y_[node:3] = 1
xi_y_i_[y:10][node:3] = 0.000000
} 
Node 4: {
y_[node:4] = 1
xi_y_i_[y:10][node:4] = 0.000000
} 
Node 5: {
y_[node:5] = 0
xi_y_i_[y:10][node:5] = 0.000000
} 
Node 6: {
y_[node:6] = 1
xi_y_i_[y:10][node:6] = 0.000000
} 
Node 7: {
y_[node:7] = 0
xi_y_i_[y:10][node:7] = 0.000000
} 
Node 8: {
y_[node:8] = 0
xi_y_i_[y:10][node:8] = 0.000000
} 
Node 9: {
y_[node:9] = 1
xi_y_i_[y:10][node:9] = 0.000000
} 
Node 10: {
y_[node:10] = 0
xi_y_i_[y:10][node:10] = 0.000000
} 
Node 11: {
y_[node:11] = 1
xi_y_i_[y:10][node:11] = 0.000000
} 
Node 12: {
y_[node:12] = 1
xi_y_i_[y:10][node:12] = 0.000000
} 
Node 13: {
y_[node:13] = 1
xi_y_i_[y:10][node:13] = 0.000000
} 
Node 14: {
y_[node:14] = 1
xi_y_i_[y:10][node:14] = 0.050000
} 
Node 15: {
y_[node:15] = 1
xi_y_i_[y:10][node:15] = 0.050000
} 
Node 16: {
y_[node:16] = 1
xi_y_i_[y:10][node:16] = 0.050000
} 
Node 17: {
y_[node:17] = 1
xi_y_i_[y:10][node:17] = 0.050000
} 
Node 18: {
y_[node:18] = 1
xi_y_i_[y:10][node:18] = 0.050000
} 
Node 19: {
y_[node:19] = 1
xi_y_i_[y:10][node:19] = 0.050000
} 
Node 20: {
y_[node:20] = 1
xi_y_i_[y:10][node:20] = 0.050000
} 
Node 21: {
y_[node:21] = 1
xi_y_i_[y:10][node:21] = 0.050000
} 
Node 22: {
y_[node:22] = 1
xi_y_i_[y:10][node:22] = 0.050000
} 
Node 23: {
y_[node:23] = 1
xi_y_i_[y:10][node:23] = 0.050000
} 
Node 24: {
y_[node:24] = 1
xi_y_i_[y:10][node:24] = 0.050000
} 
Node 25: {
y_[node:25] = 1
xi_y_i_[y:10][node:25] = 0.050000
} 
Node 26: {
y_[node:26] = 1
xi_y_i_[y:10][node:26] = 0.050000
} 
Node 27: {
y_[node:27] = 1
xi_y_i_[y:10][node:27] = 0.050000
} 
Node 28: {
y_[node:28] = 1
xi_y_i_[y:10][node:28] = 0.050000
} 
Node 29: {
y_[node:29] = 1
xi_y_i_[y:10][node:29] = 0.050000
} 
Node 30: {
y_[node:30] = 1
xi_y_i_[y:10][node:30] = 0.050000
} 
Node 31: {
y_[node:31] = 1
xi_y_i_[y:10][node:31] = 0.050000
} 

 } 

 y = 48 { 
Node 1: {
y_[node:1] = 1
xi_y_i_[y:48][node:1] = 0.050000
} 
Node 2: {
y_[node:2] = 1
xi_y_i_[y:48][node:2] = 0.050000
} 
Node 3: {
y_[node:3] = 0
xi_y_i_[y:48][node:3] = 0.000000
} 
Node 4: {
y_[node:4] = 1
xi_y_i_[y:48][node:4] = 0.000000
} 
Node 5: {
y_[node:5] = 1
xi_y_i_[y:48][node:5] = 0.000000
} 
Node 6: {
y_[node:6] = 1
xi_y_i_[y:48][node:6] = 0.000000
} 
Node 7: {
y_[node:7] = 1
xi_y_i_[y:48][node:7] = 0.000000
} 
Node 8: {
y_[node:8] = 1
xi_y_i_[y:48][node:8] = 0.000000
} 
Node 9: {
y_[node:9] = 1
xi_y_i_[y:48][node:9] = 0.000000
} 
Node 10: {
y_[node:10] = 1
xi_y_i_[y:48][node:10] = 0.000000
} 
Node 11: {
y_[node:11] = 1
xi_y_i_[y:48][node:11] = 0.000000
} 
Node 12: {
y_[node:12] = 0
xi_y_i_[y:48][node:12] = 0.000000
} 
Node 13: {
y_[node:13] = 0
xi_y_i_[y:48][node:13] = 0.000000
} 
Node 14: {
y_[node:14] = 1
xi_y_i_[y:48][node:14] = 0.050000
} 
Node 15: {
y_[node:15] = 1
xi_y_i_[y:48][node:15] = 0.050000
} 
Node 16: {
y_[node:16] = 1
xi_y_i_[y:48][node:16] = 0.050000
} 
Node 17: {
y_[node:17] = 1
xi_y_i_[y:48][node:17] = 0.050000
} 
Node 18: {
y_[node:18] = 1
xi_y_i_[y:48][node:18] = 0.050000
} 
Node 19: {
y_[node:19] = 1
xi_y_i_[y:48][node:19] = 0.050000
} 
Node 20: {
y_[node:20] = 1
xi_y_i_[y:48][node:20] = 0.050000
} 
Node 21: {
y_[node:21] = 1
xi_y_i_[y:48][node:21] = 0.050000
} 
Node 22: {
y_[node:22] = 1
xi_y_i_[y:48][node:22] = 0.050000
} 
Node 23: {
y_[node:23] = 1
xi_y_i_[y:48][node:23] = 0.050000
} 
Node 24: {
y_[node:24] = 1
xi_y_i_[y:48][node:24] = 0.050000
} 
Node 25: {
y_[node:25] = 1
xi_y_i_[y:48][node:25] = 0.050000
} 
Node 26: {
y_[node:26] = 1
xi_y_i_[y:48][node:26] = 0.050000
} 
Node 27: {
y_[node:27] = 1
xi_y_i_[y:48][node:27] = 0.050000
} 
Node 28: {
y_[node:28] = 1
xi_y_i_[y:48][node:28] = 0.050000
} 
Node 29: {
y_[node:29] = 1
xi_y_i_[y:48][node:29] = 0.050000
} 
Node 30: {
y_[node:30] = 1
xi_y_i_[y:48][node:30] = 0.050000
} 
Node 31: {
y_[node:31] = 1
xi_y_i_[y:48][node:31] = 0.050000
} 

 } 

 y = 53 { 
Node 1: {
y_[node:1] = 1
xi_y_i_[y:53][node:1] = 0.050000
} 
Node 2: {
y_[node:2] = 1
xi_y_i_[y:53][node:2] = 0.050000
} 
Node 3: {
y_[node:3] = 0
xi_y_i_[y:53][node:3] = 0.000000
} 
Node 4: {
y_[node:4] = 1
xi_y_i_[y:53][node:4] = 0.000000
} 
Node 5: {
y_[node:5] = 1
xi_y_i_[y:53][node:5] = 0.000000
} 
Node 6: {
y_[node:6] = 1
xi_y_i_[y:53][node:6] = 0.000000
} 
Node 7: {
y_[node:7] = 1
xi_y_i_[y:53][node:7] = 0.000000
} 
Node 8: {
y_[node:8] = 0
xi_y_i_[y:53][node:8] = 0.000000
} 
Node 9: {
y_[node:9] = 1
xi_y_i_[y:53][node:9] = 0.000000
} 
Node 10: {
y_[node:10] = 1
xi_y_i_[y:53][node:10] = 0.000000
} 
Node 11: {
y_[node:11] = 0
xi_y_i_[y:53][node:11] = 0.000000
} 
Node 12: {
y_[node:12] = 0
xi_y_i_[y:53][node:12] = 0.000000
} 
Node 13: {
y_[node:13] = 1
xi_y_i_[y:53][node:13] = 0.000000
} 
Node 14: {
y_[node:14] = 1
xi_y_i_[y:53][node:14] = 0.050000
} 
Node 15: {
y_[node:15] = 1
xi_y_i_[y:53][node:15] = 0.050000
} 
Node 16: {
y_[node:16] = 1
xi_y_i_[y:53][node:16] = 0.050000
} 
Node 17: {
y_[node:17] = 1
xi_y_i_[y:53][node:17] = 0.050000
} 
Node 18: {
y_[node:18] = 1
xi_y_i_[y:53][node:18] = 0.050000
} 
Node 19: {
y_[node:19] = 1
xi_y_i_[y:53][node:19] = 0.050000
} 
Node 20: {
y_[node:20] = 1
xi_y_i_[y:53][node:20] = 0.050000
} 
Node 21: {
y_[node:21] = 1
xi_y_i_[y:53][node:21] = 0.050000
} 
Node 22: {
y_[node:22] = 1
xi_y_i_[y:53][node:22] = 0.050000
} 
Node 23: {
y_[node:23] = 1
xi_y_i_[y:53][node:23] = 0.050000
} 
Node 24: {
y_[node:24] = 1
xi_y_i_[y:53][node:24] = 0.050000
} 
Node 25: {
y_[node:25] = 1
xi_y_i_[y:53][node:25] = 0.050000
} 
Node 26: {
y_[node:26] = 1
xi_y_i_[y:53][node:26] = 0.050000
} 
Node 27: {
y_[node:27] = 1
xi_y_i_[y:53][node:27] = 0.050000
} 
Node 28: {
y_[node:28] = 1
xi_y_i_[y:53][node:28] = 0.050000
} 
Node 29: {
y_[node:29] = 1
xi_y_i_[y:53][node:29] = 0.050000
} 
Node 30: {
y_[node:30] = 1
xi_y_i_[y:53][node:30] = 0.050000
} 
Node 31: {
y_[node:31] = 1
xi_y_i_[y:53][node:31] = 0.050000
} 

 } 

 y = 59 { 
Node 1: {
y_[node:1] = 1
xi_y_i_[y:59][node:1] = 0.050000
} 
Node 2: {
y_[node:2] = 1
xi_y_i_[y:59][node:2] = 0.050000
} 
Node 3: {
y_[node:3] = 0
xi_y_i_[y:59][node:3] = 0.000000
} 
Node 4: {
y_[node:4] = 1
xi_y_i_[y:59][node:4] = 0.000000
} 
Node 5: {
y_[node:5] = 1
xi_y_i_[y:59][node:5] = 0.000000
} 
Node 6: {
y_[node:6] = 1
xi_y_i_[y:59][node:6] = 0.000000
} 
Node 7: {
y_[node:7] = 1
xi_y_i_[y:59][node:7] = 0.000000
} 
Node 8: {
y_[node:8] = 1
xi_y_i_[y:59][node:8] = 0.000000
} 
Node 9: {
y_[node:9] = 0
xi_y_i_[y:59][node:9] = 0.000000
} 
Node 10: {
y_[node:10] = 1
xi_y_i_[y:59][node:10] = 0.000000
} 
Node 11: {
y_[node:11] = 1
xi_y_i_[y:59][node:11] = 0.000000
} 
Node 12: {
y_[node:12] = 1
xi_y_i_[y:59][node:12] = 0.000000
} 
Node 13: {
y_[node:13] = 1
xi_y_i_[y:59][node:13] = 0.000000
} 
Node 14: {
y_[node:14] = 1
xi_y_i_[y:59][node:14] = 0.050000
} 
Node 15: {
y_[node:15] = 1
xi_y_i_[y:59][node:15] = 0.050000
} 
Node 16: {
y_[node:16] = 1
xi_y_i_[y:59][node:16] = 0.050000
} 
Node 17: {
y_[node:17] = 1
xi_y_i_[y:59][node:17] = 0.050000
} 
Node 18: {
y_[node:18] = 1
xi_y_i_[y:59][node:18] = 0.050000
} 
Node 19: {
y_[node:19] = 1
xi_y_i_[y:59][node:19] = 0.050000
} 
Node 20: {
y_[node:20] = 1
xi_y_i_[y:59][node:20] = 0.050000
} 
Node 21: {
y_[node:21] = 1
xi_y_i_[y:59][node:21] = 0.050000
} 
Node 22: {
y_[node:22] = 1
xi_y_i_[y:59][node:22] = 0.050000
} 
Node 23: {
y_[node:23] = 1
xi_y_i_[y:59][node:23] = 0.050000
} 
Node 24: {
y_[node:24] = 1
xi_y_i_[y:59][node:24] = 0.050000
} 
Node 25: {
y_[node:25] = 1
xi_y_i_[y:59][node:25] = 0.050000
} 
Node 26: {
y_[node:26] = 1
xi_y_i_[y:59][node:26] = 0.050000
} 
Node 27: {
y_[node:27] = 1
xi_y_i_[y:59][node:27] = 0.050000
} 
Node 28: {
y_[node:28] = 1
xi_y_i_[y:59][node:28] = 0.050000
} 
Node 29: {
y_[node:29] = 1
xi_y_i_[y:59][node:29] = 0.050000
} 
Node 30: {
y_[node:30] = 1
xi_y_i_[y:59][node:30] = 0.050000
} 
Node 31: {
y_[node:31] = 1
xi_y_i_[y:59][node:31] = 0.050000
} 

 } 

 y = 72 { 
Node 1: {
y_[node:1] = 1
xi_y_i_[y:72][node:1] = 0.050000
} 
Node 2: {
y_[node:2] = 1
xi_y_i_[y:72][node:2] = 0.050000
} 
Node 3: {
y_[node:3] = 1
xi_y_i_[y:72][node:3] = 0.000000
} 
Node 4: {
y_[node:4] = 1
xi_y_i_[y:72][node:4] = 0.000000
} 
Node 5: {
y_[node:5] = 1
xi_y_i_[y:72][node:5] = 0.000000
} 
Node 6: {
y_[node:6] = 1
xi_y_i_[y:72][node:6] = 0.000000
} 
Node 7: {
y_[node:7] = 1
xi_y_i_[y:72][node:7] = 0.000000
} 
Node 8: {
y_[node:8] = 0
xi_y_i_[y:72][node:8] = 0.000000
} 
Node 9: {
y_[node:9] = 1
xi_y_i_[y:72][node:9] = 0.000000
} 
Node 10: {
y_[node:10] = 0
xi_y_i_[y:72][node:10] = 0.000000
} 
Node 11: {
y_[node:11] = 1
xi_y_i_[y:72][node:11] = 0.000000
} 
Node 12: {
y_[node:12] = 1
xi_y_i_[y:72][node:12] = 0.000000
} 
Node 13: {
y_[node:13] = 1
xi_y_i_[y:72][node:13] = 0.000000
} 
Node 14: {
y_[node:14] = 1
xi_y_i_[y:72][node:14] = 0.050000
} 
Node 15: {
y_[node:15] = 1
xi_y_i_[y:72][node:15] = 0.050000
} 
Node 16: {
y_[node:16] = 1
xi_y_i_[y:72][node:16] = 0.050000
} 
Node 17: {
y_[node:17] = 1
xi_y_i_[y:72][node:17] = 0.050000
} 
Node 18: {
y_[node:18] = 1
xi_y_i_[y:72][node:18] = 0.050000
} 
Node 19: {
y_[node:19] = 1
xi_y_i_[y:72][node:19] = 0.050000
} 
Node 20: {
y_[node:20] = 1
xi_y_i_[y:72][node:20] = 0.050000
} 
Node 21: {
y_[node:21] = 1
xi_y_i_[y:72][node:21] = 0.050000
} 
Node 22: {
y_[node:22] = 1
xi_y_i_[y:72][node:22] = 0.050000
} 
Node 23: {
y_[node:23] = 1
xi_y_i_[y:72][node:23] = 0.050000
} 
Node 24: {
y_[node:24] = 1
xi_y_i_[y:72][node:24] = 0.050000
} 
Node 25: {
y_[node:25] = 1
xi_y_i_[y:72][node:25] = 0.050000
} 
Node 26: {
y_[node:26] = 1
xi_y_i_[y:72][node:26] = 0.050000
} 
Node 27: {
y_[node:27] = 1
xi_y_i_[y:72][node:27] = 0.050000
} 
Node 28: {
y_[node:28] = 1
xi_y_i_[y:72][node:28] = 0.050000
} 
Node 29: {
y_[node:29] = 1
xi_y_i_[y:72][node:29] = 0.050000
} 
Node 30: {
y_[node:30] = 1
xi_y_i_[y:72][node:30] = 0.050000
} 
Node 31: {
y_[node:31] = 1
xi_y_i_[y:72][node:31] = 0.050000
} 

 } 

 y = 74 { 
Node 1: {
y_[node:1] = 1
xi_y_i_[y:74][node:1] = 0.050000
} 
Node 2: {
y_[node:2] = 1
xi_y_i_[y:74][node:2] = 0.050000
} 
Node 3: {
y_[node:3] = 1
xi_y_i_[y:74][node:3] = 0.000000
} 
Node 4: {
y_[node:4] = 1
xi_y_i_[y:74][node:4] = 0.000000
} 
Node 5: {
y_[node:5] = 1
xi_y_i_[y:74][node:5] = 0.000000
} 
Node 6: {
y_[node:6] = 1
xi_y_i_[y:74][node:6] = 0.000000
} 
Node 7: {
y_[node:7] = 0
xi_y_i_[y:74][node:7] = 0.000000
} 
Node 8: {
y_[node:8] = 0
xi_y_i_[y:74][node:8] = 0.000000
} 
Node 9: {
y_[node:9] = 1
xi_y_i_[y:74][node:9] = 0.000000
} 
Node 10: {
y_[node:10] = 1
xi_y_i_[y:74][node:10] = 0.000000
} 
Node 11: {
y_[node:11] = 1
xi_y_i_[y:74][node:11] = 0.000000
} 
Node 12: {
y_[node:12] = 1
xi_y_i_[y:74][node:12] = 0.000000
} 
Node 13: {
y_[node:13] = 1
xi_y_i_[y:74][node:13] = 0.000000
} 
Node 14: {
y_[node:14] = 1
xi_y_i_[y:74][node:14] = 0.050000
} 
Node 15: {
y_[node:15] = 1
xi_y_i_[y:74][node:15] = 0.050000
} 
Node 16: {
y_[node:16] = 1
xi_y_i_[y:74][node:16] = 0.050000
} 
Node 17: {
y_[node:17] = 1
xi_y_i_[y:74][node:17] = 0.050000
} 
Node 18: {
y_[node:18] = 1
xi_y_i_[y:74][node:18] = 0.050000
} 
Node 19: {
y_[node:19] = 1
xi_y_i_[y:74][node:19] = 0.050000
} 
Node 20: {
y_[node:20] = 1
xi_y_i_[y:74][node:20] = 0.050000
} 
Node 21: {
y_[node:21] = 1
xi_y_i_[y:74][node:21] = 0.050000
} 
Node 22: {
y_[node:22] = 1
xi_y_i_[y:74][node:22] = 0.050000
} 
Node 23: {
y_[node:23] = 1
xi_y_i_[y:74][node:23] = 0.050000
} 
Node 24: {
y_[node:24] = 1
xi_y_i_[y:74][node:24] = 0.050000
} 
Node 25: {
y_[node:25] = 1
xi_y_i_[y:74][node:25] = 0.050000
} 
Node 26: {
y_[node:26] = 1
xi_y_i_[y:74][node:26] = 0.050000
} 
Node 27: {
y_[node:27] = 1
xi_y_i_[y:74][node:27] = 0.050000
} 
Node 28: {
y_[node:28] = 1
xi_y_i_[y:74][node:28] = 0.050000
} 
Node 29: {
y_[node:29] = 1
xi_y_i_[y:74][node:29] = 0.050000
} 
Node 30: {
y_[node:30] = 1
xi_y_i_[y:74][node:30] = 0.050000
} 
Node 31: {
y_[node:31] = 1
xi_y_i_[y:74][node:31] = 0.050000
} 

 } 

 y = 85 { 
Node 1: {
y_[node:1] = 1
xi_y_i_[y:85][node:1] = 0.000000
} 
Node 2: {
y_[node:2] = 1
xi_y_i_[y:85][node:2] = 0.050000
} 
Node 3: {
y_[node:3] = 1
xi_y_i_[y:85][node:3] = 0.050000
} 
Node 4: {
y_[node:4] = 1
xi_y_i_[y:85][node:4] = 0.050000
} 
Node 5: {
y_[node:5] = 1
xi_y_i_[y:85][node:5] = 0.050000
} 
Node 6: {
y_[node:6] = 1
xi_y_i_[y:85][node:6] = 0.050000
} 
Node 7: {
y_[node:7] = 1
xi_y_i_[y:85][node:7] = 0.050000
} 
Node 8: {
y_[node:8] = 1
xi_y_i_[y:85][node:8] = 0.050000
} 
Node 9: {
y_[node:9] = 1
xi_y_i_[y:85][node:9] = 0.050000
} 
Node 10: {
y_[node:10] = 1
xi_y_i_[y:85][node:10] = 0.000000
} 
Node 11: {
y_[node:11] = 1
xi_y_i_[y:85][node:11] = 0.000000
} 
Node 12: {
y_[node:12] = 1
xi_y_i_[y:85][node:12] = 0.050000
} 
Node 13: {
y_[node:13] = 1
xi_y_i_[y:85][node:13] = 0.050000
} 
Node 14: {
y_[node:14] = 1
xi_y_i_[y:85][node:14] = 0.000000
} 
Node 15: {
y_[node:15] = 0
xi_y_i_[y:85][node:15] = 0.000000
} 
Node 16: {
y_[node:16] = 1
xi_y_i_[y:85][node:16] = 0.000000
} 
Node 17: {
y_[node:17] = 1
xi_y_i_[y:85][node:17] = 0.000000
} 
Node 18: {
y_[node:18] = 1
xi_y_i_[y:85][node:18] = 0.050000
} 
Node 19: {
y_[node:19] = 1
xi_y_i_[y:85][node:19] = 0.050000
} 
Node 20: {
y_[node:20] = 1
xi_y_i_[y:85][node:20] = 0.050000
} 
Node 21: {
y_[node:21] = 1
xi_y_i_[y:85][node:21] = 0.050000
} 
Node 22: {
y_[node:22] = 1
xi_y_i_[y:85][node:22] = 0.050000
} 
Node 23: {
y_[node:23] = 1
xi_y_i_[y:85][node:23] = 0.000000
} 
Node 24: {
y_[node:24] = 1
xi_y_i_[y:85][node:24] = 0.000000
} 
Node 25: {
y_[node:25] = 1
xi_y_i_[y:85][node:25] = 0.050000
} 
Node 26: {
y_[node:26] = 1
xi_y_i_[y:85][node:26] = 0.050000
} 
Node 27: {
y_[node:27] = 1
xi_y_i_[y:85][node:27] = 0.050000
} 
Node 28: {
y_[node:28] = 1
xi_y_i_[y:85][node:28] = 0.000000
} 
Node 29: {
y_[node:29] = 1
xi_y_i_[y:85][node:29] = 0.050000
} 
Node 30: {
y_[node:30] = 1
xi_y_i_[y:85][node:30] = 0.000000
} 
Node 31: {
y_[node:31] = 1
xi_y_i_[y:85][node:31] = 0.050000
} 

 } 

 y = 86 { 
Node 1: {
y_[node:1] = 1
xi_y_i_[y:86][node:1] = 0.000000
} 
Node 2: {
y_[node:2] = 1
xi_y_i_[y:86][node:2] = 0.000000
} 
Node 3: {
y_[node:3] = 1
xi_y_i_[y:86][node:3] = 0.000000
} 
Node 4: {
y_[node:4] = 1
xi_y_i_[y:86][node:4] = 0.050000
} 
Node 5: {
y_[node:5] = 1
xi_y_i_[y:86][node:5] = 0.050000
} 
Node 6: {
y_[node:6] = 0
xi_y_i_[y:86][node:6] = 0.000000
} 
Node 7: {
y_[node:7] = 1
xi_y_i_[y:86][node:7] = 0.050000
} 
Node 8: {
y_[node:8] = 1
xi_y_i_[y:86][node:8] = 0.050000
} 
Node 9: {
y_[node:9] = 1
xi_y_i_[y:86][node:9] = 0.050000
} 
Node 10: {
y_[node:10] = 0
xi_y_i_[y:86][node:10] = 0.000000
} 
Node 11: {
y_[node:11] = 1
xi_y_i_[y:86][node:11] = 0.050000
} 
Node 12: {
y_[node:12] = 1
xi_y_i_[y:86][node:12] = 0.050000
} 
Node 13: {
y_[node:13] = 1
xi_y_i_[y:86][node:13] = 0.050000
} 
Node 14: {
y_[node:14] = 1
xi_y_i_[y:86][node:14] = 0.000000
} 
Node 15: {
y_[node:15] = 1
xi_y_i_[y:86][node:15] = 0.050000
} 
Node 16: {
y_[node:16] = 1
xi_y_i_[y:86][node:16] = 0.050000
} 
Node 17: {
y_[node:17] = 1
xi_y_i_[y:86][node:17] = 0.050000
} 
Node 18: {
y_[node:18] = 1
xi_y_i_[y:86][node:18] = 0.050000
} 
Node 19: {
y_[node:19] = 0
xi_y_i_[y:86][node:19] = 0.000000
} 
Node 20: {
y_[node:20] = 1
xi_y_i_[y:86][node:20] = 0.050000
} 
Node 21: {
y_[node:21] = 1
xi_y_i_[y:86][node:21] = 0.000000
} 
Node 22: {
y_[node:22] = 1
xi_y_i_[y:86][node:22] = 0.000000
} 
Node 23: {
y_[node:23] = 1
xi_y_i_[y:86][node:23] = 0.000000
} 
Node 24: {
y_[node:24] = 1
xi_y_i_[y:86][node:24] = 0.000000
} 
Node 25: {
y_[node:25] = 1
xi_y_i_[y:86][node:25] = 0.050000
} 
Node 26: {
y_[node:26] = 1
xi_y_i_[y:86][node:26] = 0.050000
} 
Node 27: {
y_[node:27] = 1
xi_y_i_[y:86][node:27] = 0.050000
} 
Node 28: {
y_[node:28] = 1
xi_y_i_[y:86][node:28] = 0.050000
} 
Node 29: {
y_[node:29] = 1
xi_y_i_[y:86][node:29] = 0.050000
} 
Node 30: {
y_[node:30] = 1
xi_y_i_[y:86][node:30] = 0.050000
} 
Node 31: {
y_[node:31] = 1
xi_y_i_[y:86][node:31] = 0.050000
} 

 } 

 y = 89 { 
Node 1: {
y_[node:1] = 1
xi_y_i_[y:89][node:1] = 0.000000
} 
Node 2: {
y_[node:2] = 1
xi_y_i_[y:89][node:2] = 0.050000
} 
Node 3: {
y_[node:3] = 1
xi_y_i_[y:89][node:3] = 0.050000
} 
Node 4: {
y_[node:4] = 0
xi_y_i_[y:89][node:4] = 0.000000
} 
Node 5: {
y_[node:5] = 1
xi_y_i_[y:89][node:5] = 0.000000
} 
Node 6: {
y_[node:6] = 1
xi_y_i_[y:89][node:6] = 0.050000
} 
Node 7: {
y_[node:7] = 1
xi_y_i_[y:89][node:7] = 0.050000
} 
Node 8: {
y_[node:8] = 1
xi_y_i_[y:89][node:8] = 0.000000
} 
Node 9: {
y_[node:9] = 1
xi_y_i_[y:89][node:9] = 0.050000
} 
Node 10: {
y_[node:10] = 1
xi_y_i_[y:89][node:10] = 0.050000
} 
Node 11: {
y_[node:11] = 1
xi_y_i_[y:89][node:11] = 0.050000
} 
Node 12: {
y_[node:12] = 1
xi_y_i_[y:89][node:12] = 0.000000
} 
Node 13: {
y_[node:13] = 1
xi_y_i_[y:89][node:13] = 0.050000
} 
Node 14: {
y_[node:14] = 1
xi_y_i_[y:89][node:14] = 0.000000
} 
Node 15: {
y_[node:15] = 1
xi_y_i_[y:89][node:15] = 0.050000
} 
Node 16: {
y_[node:16] = 1
xi_y_i_[y:89][node:16] = 0.000000
} 
Node 17: {
y_[node:17] = 1
xi_y_i_[y:89][node:17] = 0.000000
} 
Node 18: {
y_[node:18] = 1
xi_y_i_[y:89][node:18] = 0.050000
} 
Node 19: {
y_[node:19] = 0
xi_y_i_[y:89][node:19] = 0.000000
} 
Node 20: {
y_[node:20] = 1
xi_y_i_[y:89][node:20] = 0.000000
} 
Node 21: {
y_[node:21] = 1
xi_y_i_[y:89][node:21] = 0.050000
} 
Node 22: {
y_[node:22] = 1
xi_y_i_[y:89][node:22] = 0.050000
} 
Node 23: {
y_[node:23] = 0
xi_y_i_[y:89][node:23] = 0.000000
} 
Node 24: {
y_[node:24] = 1
xi_y_i_[y:89][node:24] = 0.050000
} 
Node 25: {
y_[node:25] = 1
xi_y_i_[y:89][node:25] = 0.050000
} 
Node 26: {
y_[node:26] = 1
xi_y_i_[y:89][node:26] = 0.050000
} 
Node 27: {
y_[node:27] = 1
xi_y_i_[y:89][node:27] = 0.050000
} 
Node 28: {
y_[node:28] = 1
xi_y_i_[y:89][node:28] = 0.050000
} 
Node 29: {
y_[node:29] = 1
xi_y_i_[y:89][node:29] = 0.050000
} 
Node 30: {
y_[node:30] = 1
xi_y_i_[y:89][node:30] = 0.050000
} 
Node 31: {
y_[node:31] = 1
xi_y_i_[y:89][node:31] = 0.050000
} 

 } 

 y = 94 { 
Node 1: {
y_[node:1] = 1
xi_y_i_[y:94][node:1] = 0.000000
} 
Node 2: {
y_[node:2] = 1
xi_y_i_[y:94][node:2] = 0.050000
} 
Node 3: {
y_[node:3] = 1
xi_y_i_[y:94][node:3] = 0.000000
} 
Node 4: {
y_[node:4] = 1
xi_y_i_[y:94][node:4] = 0.050000
} 
Node 5: {
y_[node:5] = 1
xi_y_i_[y:94][node:5] = 0.050000
} 
Node 6: {
y_[node:6] = 1
xi_y_i_[y:94][node:6] = 0.000000
} 
Node 7: {
y_[node:7] = 1
xi_y_i_[y:94][node:7] = 0.050000
} 
Node 8: {
y_[node:8] = 1
xi_y_i_[y:94][node:8] = 0.050000
} 
Node 9: {
y_[node:9] = 1
xi_y_i_[y:94][node:9] = 0.000000
} 
Node 10: {
y_[node:10] = 1
xi_y_i_[y:94][node:10] = 0.050000
} 
Node 11: {
y_[node:11] = 1
xi_y_i_[y:94][node:11] = 0.050000
} 
Node 12: {
y_[node:12] = 1
xi_y_i_[y:94][node:12] = 0.050000
} 
Node 13: {
y_[node:13] = 1
xi_y_i_[y:94][node:13] = 0.050000
} 
Node 14: {
y_[node:14] = 1
xi_y_i_[y:94][node:14] = 0.050000
} 
Node 15: {
y_[node:15] = 1
xi_y_i_[y:94][node:15] = 0.000000
} 
Node 16: {
y_[node:16] = 1
xi_y_i_[y:94][node:16] = 0.050000
} 
Node 17: {
y_[node:17] = 0
xi_y_i_[y:94][node:17] = 0.000000
} 
Node 18: {
y_[node:18] = 1
xi_y_i_[y:94][node:18] = 0.050000
} 
Node 19: {
y_[node:19] = 1
xi_y_i_[y:94][node:19] = 0.000000
} 
Node 20: {
y_[node:20] = 1
xi_y_i_[y:94][node:20] = 0.000000
} 
Node 21: {
y_[node:21] = 1
xi_y_i_[y:94][node:21] = 0.050000
} 
Node 22: {
y_[node:22] = 1
xi_y_i_[y:94][node:22] = 0.050000
} 
Node 23: {
y_[node:23] = 1
xi_y_i_[y:94][node:23] = 0.050000
} 
Node 24: {
y_[node:24] = 1
xi_y_i_[y:94][node:24] = 0.000000
} 
Node 25: {
y_[node:25] = 1
xi_y_i_[y:94][node:25] = 0.050000
} 
Node 26: {
y_[node:26] = 1
xi_y_i_[y:94][node:26] = 0.000000
} 
Node 27: {
y_[node:27] = 1
xi_y_i_[y:94][node:27] = 0.000000
} 
Node 28: {
y_[node:28] = 1
xi_y_i_[y:94][node:28] = 0.050000
} 
Node 29: {
y_[node:29] = 1
xi_y_i_[y:94][node:29] = 0.050000
} 
Node 30: {
y_[node:30] = 1
xi_y_i_[y:94][node:30] = 0.050000
} 
Node 31: {
y_[node:31] = 1
xi_y_i_[y:94][node:31] = 0.050000
} 

 } 

 y = 95 { 
Node 1: {
y_[node:1] = 1
xi_y_i_[y:95][node:1] = 0.000000
} 
Node 2: {
y_[node:2] = 1
xi_y_i_[y:95][node:2] = 0.050000
} 
Node 3: {
y_[node:3] = 1
xi_y_i_[y:95][node:3] = 0.050000
} 
Node 4: {
y_[node:4] = 1
xi_y_i_[y:95][node:4] = 0.050000
} 
Node 5: {
y_[node:5] = 0
xi_y_i_[y:95][node:5] = 0.000000
} 
Node 6: {
y_[node:6] = 1
xi_y_i_[y:95][node:6] = 0.050000
} 
Node 7: {
y_[node:7] = 1
xi_y_i_[y:95][node:7] = 0.050000
} 
Node 8: {
y_[node:8] = 1
xi_y_i_[y:95][node:8] = 0.050000
} 
Node 9: {
y_[node:9] = 1
xi_y_i_[y:95][node:9] = 0.050000
} 
Node 10: {
y_[node:10] = 1
xi_y_i_[y:95][node:10] = 0.000000
} 
Node 11: {
y_[node:11] = 1
xi_y_i_[y:95][node:11] = 0.000000
} 
Node 12: {
y_[node:12] = 1
xi_y_i_[y:95][node:12] = 0.000000
} 
Node 13: {
y_[node:13] = 1
xi_y_i_[y:95][node:13] = 0.050000
} 
Node 14: {
y_[node:14] = 1
xi_y_i_[y:95][node:14] = 0.050000
} 
Node 15: {
y_[node:15] = 1
xi_y_i_[y:95][node:15] = 0.050000
} 
Node 16: {
y_[node:16] = 1
xi_y_i_[y:95][node:16] = 0.000000
} 
Node 17: {
y_[node:17] = 1
xi_y_i_[y:95][node:17] = 0.050000
} 
Node 18: {
y_[node:18] = 1
xi_y_i_[y:95][node:18] = 0.000000
} 
Node 19: {
y_[node:19] = 1
xi_y_i_[y:95][node:19] = 0.000000
} 
Node 20: {
y_[node:20] = 1
xi_y_i_[y:95][node:20] = 0.050000
} 
Node 21: {
y_[node:21] = 1
xi_y_i_[y:95][node:21] = 0.050000
} 
Node 22: {
y_[node:22] = 1
xi_y_i_[y:95][node:22] = 0.050000
} 
Node 23: {
y_[node:23] = 1
xi_y_i_[y:95][node:23] = 0.050000
} 
Node 24: {
y_[node:24] = 1
xi_y_i_[y:95][node:24] = 0.050000
} 
Node 25: {
y_[node:25] = 1
xi_y_i_[y:95][node:25] = 0.050000
} 
Node 26: {
y_[node:26] = 1
xi_y_i_[y:95][node:26] = 0.000000
} 
Node 27: {
y_[node:27] = 1
xi_y_i_[y:95][node:27] = 0.000000
} 
Node 28: {
y_[node:28] = 1
xi_y_i_[y:95][node:28] = 0.000000
} 
Node 29: {
y_[node:29] = 1
xi_y_i_[y:95][node:29] = 0.050000
} 
Node 30: {
y_[node:30] = 1
xi_y_i_[y:95][node:30] = 0.050000
} 
Node 31: {
y_[node:31] = 1
xi_y_i_[y:95][node:31] = 0.050000
} 

 } 

 y = 102 { 
Node 1: {
y_[node:1] = 1
xi_y_i_[y:102][node:1] = 0.000000
} 
Node 2: {
y_[node:2] = 1
xi_y_i_[y:102][node:2] = 0.050000
} 
Node 3: {
y_[node:3] = 1
xi_y_i_[y:102][node:3] = 0.050000
} 
Node 4: {
y_[node:4] = 1
xi_y_i_[y:102][node:4] = 0.050000
} 
Node 5: {
y_[node:5] = 1
xi_y_i_[y:102][node:5] = 0.050000
} 
Node 6: {
y_[node:6] = 1
xi_y_i_[y:102][node:6] = 0.000000
} 
Node 7: {
y_[node:7] = 1
xi_y_i_[y:102][node:7] = 0.000000
} 
Node 8: {
y_[node:8] = 1
xi_y_i_[y:102][node:8] = 0.050000
} 
Node 9: {
y_[node:9] = 1
xi_y_i_[y:102][node:9] = 0.000000
} 
Node 10: {
y_[node:10] = 1
xi_y_i_[y:102][node:10] = 0.050000
} 
Node 11: {
y_[node:11] = 1
xi_y_i_[y:102][node:11] = 0.050000
} 
Node 12: {
y_[node:12] = 1
xi_y_i_[y:102][node:12] = 0.050000
} 
Node 13: {
y_[node:13] = 1
xi_y_i_[y:102][node:13] = 0.000000
} 
Node 14: {
y_[node:14] = 1
xi_y_i_[y:102][node:14] = 0.050000
} 
Node 15: {
y_[node:15] = 1
xi_y_i_[y:102][node:15] = 0.050000
} 
Node 16: {
y_[node:16] = 1
xi_y_i_[y:102][node:16] = 0.050000
} 
Node 17: {
y_[node:17] = 1
xi_y_i_[y:102][node:17] = 0.050000
} 
Node 18: {
y_[node:18] = 1
xi_y_i_[y:102][node:18] = 0.000000
} 
Node 19: {
y_[node:19] = 1
xi_y_i_[y:102][node:19] = 0.050000
} 
Node 20: {
y_[node:20] = 1
xi_y_i_[y:102][node:20] = 0.000000
} 
Node 21: {
y_[node:21] = 1
xi_y_i_[y:102][node:21] = 0.000000
} 
Node 22: {
y_[node:22] = 1
xi_y_i_[y:102][node:22] = 0.050000
} 
Node 23: {
y_[node:23] = 1
xi_y_i_[y:102][node:23] = 0.050000
} 
Node 24: {
y_[node:24] = 1
xi_y_i_[y:102][node:24] = 0.050000
} 
Node 25: {
y_[node:25] = 1
xi_y_i_[y:102][node:25] = 0.000000
} 
Node 26: {
y_[node:26] = 0
xi_y_i_[y:102][node:26] = 0.000000
} 
Node 27: {
y_[node:27] = 1
xi_y_i_[y:102][node:27] = 0.050000
} 
Node 28: {
y_[node:28] = 1
xi_y_i_[y:102][node:28] = 0.050000
} 
Node 29: {
y_[node:29] = 1
xi_y_i_[y:102][node:29] = 0.050000
} 
Node 30: {
y_[node:30] = 1
xi_y_i_[y:102][node:30] = 0.000000
} 
Node 31: {
y_[node:31] = 1
xi_y_i_[y:102][node:31] = 0.050000
} 

 } 

 y = 106 { 
Node 1: {
y_[node:1] = 1
xi_y_i_[y:106][node:1] = 0.000000
} 
Node 2: {
y_[node:2] = 1
xi_y_i_[y:106][node:2] = 0.050000
} 
Node 3: {
y_[node:3] = 1
xi_y_i_[y:106][node:3] = 0.000000
} 
Node 4: {
y_[node:4] = 1
xi_y_i_[y:106][node:4] = 0.050000
} 
Node 5: {
y_[node:5] = 1
xi_y_i_[y:106][node:5] = 0.000000
} 
Node 6: {
y_[node:6] = 1
xi_y_i_[y:106][node:6] = 0.050000
} 
Node 7: {
y_[node:7] = 1
xi_y_i_[y:106][node:7] = 0.050000
} 
Node 8: {
y_[node:8] = 1
xi_y_i_[y:106][node:8] = 0.050000
} 
Node 9: {
y_[node:9] = 1
xi_y_i_[y:106][node:9] = 0.050000
} 
Node 10: {
y_[node:10] = 1
xi_y_i_[y:106][node:10] = 0.050000
} 
Node 11: {
y_[node:11] = 1
xi_y_i_[y:106][node:11] = 0.000000
} 
Node 12: {
y_[node:12] = 1
xi_y_i_[y:106][node:12] = 0.050000
} 
Node 13: {
y_[node:13] = 1
xi_y_i_[y:106][node:13] = 0.050000
} 
Node 14: {
y_[node:14] = 1
xi_y_i_[y:106][node:14] = 0.000000
} 
Node 15: {
y_[node:15] = 1
xi_y_i_[y:106][node:15] = 0.000000
} 
Node 16: {
y_[node:16] = 0
xi_y_i_[y:106][node:16] = 0.000000
} 
Node 17: {
y_[node:17] = 1
xi_y_i_[y:106][node:17] = 0.050000
} 
Node 18: {
y_[node:18] = 1
xi_y_i_[y:106][node:18] = 0.050000
} 
Node 19: {
y_[node:19] = 1
xi_y_i_[y:106][node:19] = 0.050000
} 
Node 20: {
y_[node:20] = 1
xi_y_i_[y:106][node:20] = 0.050000
} 
Node 21: {
y_[node:21] = 1
xi_y_i_[y:106][node:21] = 0.000000
} 
Node 22: {
y_[node:22] = 1
xi_y_i_[y:106][node:22] = 0.050000
} 
Node 23: {
y_[node:23] = 1
xi_y_i_[y:106][node:23] = 0.050000
} 
Node 24: {
y_[node:24] = 1
xi_y_i_[y:106][node:24] = 0.050000
} 
Node 25: {
y_[node:25] = 1
xi_y_i_[y:106][node:25] = 0.000000
} 
Node 26: {
y_[node:26] = 1
xi_y_i_[y:106][node:26] = 0.050000
} 
Node 27: {
y_[node:27] = 1
xi_y_i_[y:106][node:27] = 0.050000
} 
Node 28: {
y_[node:28] = 1
xi_y_i_[y:106][node:28] = 0.050000
} 
Node 29: {
y_[node:29] = 1
xi_y_i_[y:106][node:29] = 0.000000
} 
Node 30: {
y_[node:30] = 1
xi_y_i_[y:106][node:30] = 0.000000
} 
Node 31: {
y_[node:31] = 1
xi_y_i_[y:106][node:31] = 0.050000
} 

 } 

 y = 114 { 
Node 1: {
y_[node:1] = 1
xi_y_i_[y:114][node:1] = 0.000000
} 
Node 2: {
y_[node:2] = 1
xi_y_i_[y:114][node:2] = 0.050000
} 
Node 3: {
y_[node:3] = 0
xi_y_i_[y:114][node:3] = 0.000000
} 
Node 4: {
y_[node:4] = 1
xi_y_i_[y:114][node:4] = 0.050000
} 
Node 5: {
y_[node:5] = 1
xi_y_i_[y:114][node:5] = 0.050000
} 
Node 6: {
y_[node:6] = 1
xi_y_i_[y:114][node:6] = 0.000000
} 
Node 7: {
y_[node:7] = 1
xi_y_i_[y:114][node:7] = 0.050000
} 
Node 8: {
y_[node:8] = 1
xi_y_i_[y:114][node:8] = 0.050000
} 
Node 9: {
y_[node:9] = 1
xi_y_i_[y:114][node:9] = 0.000000
} 
Node 10: {
y_[node:10] = 1
xi_y_i_[y:114][node:10] = 0.050000
} 
Node 11: {
y_[node:11] = 1
xi_y_i_[y:114][node:11] = 0.050000
} 
Node 12: {
y_[node:12] = 1
xi_y_i_[y:114][node:12] = 0.050000
} 
Node 13: {
y_[node:13] = 1
xi_y_i_[y:114][node:13] = 0.050000
} 
Node 14: {
y_[node:14] = 1
xi_y_i_[y:114][node:14] = 0.050000
} 
Node 15: {
y_[node:15] = 1
xi_y_i_[y:114][node:15] = 0.050000
} 
Node 16: {
y_[node:16] = 1
xi_y_i_[y:114][node:16] = 0.050000
} 
Node 17: {
y_[node:17] = 1
xi_y_i_[y:114][node:17] = 0.000000
} 
Node 18: {
y_[node:18] = 1
xi_y_i_[y:114][node:18] = 0.050000
} 
Node 19: {
y_[node:19] = 0
xi_y_i_[y:114][node:19] = 0.000000
} 
Node 20: {
y_[node:20] = 1
xi_y_i_[y:114][node:20] = 0.000000
} 
Node 21: {
y_[node:21] = 1
xi_y_i_[y:114][node:21] = 0.050000
} 
Node 22: {
y_[node:22] = 1
xi_y_i_[y:114][node:22] = 0.000000
} 
Node 23: {
y_[node:23] = 1
xi_y_i_[y:114][node:23] = 0.000000
} 
Node 24: {
y_[node:24] = 1
xi_y_i_[y:114][node:24] = 0.050000
} 
Node 25: {
y_[node:25] = 1
xi_y_i_[y:114][node:25] = 0.000000
} 
Node 26: {
y_[node:26] = 1
xi_y_i_[y:114][node:26] = 0.050000
} 
Node 27: {
y_[node:27] = 1
xi_y_i_[y:114][node:27] = 0.050000
} 
Node 28: {
y_[node:28] = 1
xi_y_i_[y:114][node:28] = 0.050000
} 
Node 29: {
y_[node:29] = 1
xi_y_i_[y:114][node:29] = 0.000000
} 
Node 30: {
y_[node:30] = 1
xi_y_i_[y:114][node:30] = 0.050000
} 
Node 31: {
y_[node:31] = 1
xi_y_i_[y:114][node:31] = 0.050000
} 

 } 

 y = 118 { 
Node 1: {
y_[node:1] = 1
xi_y_i_[y:118][node:1] = 0.000000
} 
Node 2: {
y_[node:2] = 1
xi_y_i_[y:118][node:2] = 0.050000
} 
Node 3: {
y_[node:3] = 1
xi_y_i_[y:118][node:3] = 0.050000
} 
Node 4: {
y_[node:4] = 1
xi_y_i_[y:118][node:4] = 0.000000
} 
Node 5: {
y_[node:5] = 1
xi_y_i_[y:118][node:5] = 0.050000
} 
Node 6: {
y_[node:6] = 1
xi_y_i_[y:118][node:6] = 0.050000
} 
Node 7: {
y_[node:7] = 1
xi_y_i_[y:118][node:7] = 0.000000
} 
Node 8: {
y_[node:8] = 1
xi_y_i_[y:118][node:8] = 0.050000
} 
Node 9: {
y_[node:9] = 1
xi_y_i_[y:118][node:9] = 0.000000
} 
Node 10: {
y_[node:10] = 1
xi_y_i_[y:118][node:10] = 0.050000
} 
Node 11: {
y_[node:11] = 1
xi_y_i_[y:118][node:11] = 0.050000
} 
Node 12: {
y_[node:12] = 1
xi_y_i_[y:118][node:12] = 0.050000
} 
Node 13: {
y_[node:13] = 1
xi_y_i_[y:118][node:13] = 0.000000
} 
Node 14: {
y_[node:14] = 1
xi_y_i_[y:118][node:14] = 0.050000
} 
Node 15: {
y_[node:15] = 1
xi_y_i_[y:118][node:15] = 0.000000
} 
Node 16: {
y_[node:16] = 1
xi_y_i_[y:118][node:16] = 0.050000
} 
Node 17: {
y_[node:17] = 1
xi_y_i_[y:118][node:17] = 0.000000
} 
Node 18: {
y_[node:18] = 1
xi_y_i_[y:118][node:18] = 0.050000
} 
Node 19: {
y_[node:19] = 1
xi_y_i_[y:118][node:19] = 0.050000
} 
Node 20: {
y_[node:20] = 1
xi_y_i_[y:118][node:20] = 0.000000
} 
Node 21: {
y_[node:21] = 1
xi_y_i_[y:118][node:21] = 0.000000
} 
Node 22: {
y_[node:22] = 1
xi_y_i_[y:118][node:22] = 0.050000
} 
Node 23: {
y_[node:23] = 1
xi_y_i_[y:118][node:23] = 0.050000
} 
Node 24: {
y_[node:24] = 1
xi_y_i_[y:118][node:24] = 0.050000
} 
Node 25: {
y_[node:25] = 1
xi_y_i_[y:118][node:25] = 0.000000
} 
Node 26: {
y_[node:26] = 1
xi_y_i_[y:118][node:26] = 0.050000
} 
Node 27: {
y_[node:27] = 1
xi_y_i_[y:118][node:27] = 0.050000
} 
Node 28: {
y_[node:28] = 1
xi_y_i_[y:118][node:28] = 0.050000
} 
Node 29: {
y_[node:29] = 1
xi_y_i_[y:118][node:29] = 0.000000
} 
Node 30: {
y_[node:30] = 1
xi_y_i_[y:118][node:30] = 0.050000
} 
Node 31: {
y_[node:31] = 1
xi_y_i_[y:118][node:31] = 0.050000
} 

 } 
Legenda_Model:Instance_Name	Network_Name	Num_Nodes	Num_Prof_Nodes	Max_Tour_Duration	Max_Num_Discoveries	Max_Discoveries_Fraction	Best_LB	Best_Ub	Cplex_Gap	Root_Node_LB	Branch_and_Cut_Elapsed_Time	Starting_Cuts_Elapsed_Time	Tot_Time	Num_Logic_Benders_Cuts	Number_Starting_Scenarios	Num_BandC_Nodes	Number_Discoveries	Profit_cost	Discovery_cost	Card_Y	Num_Tight_Y	US_Type	US_Param	US_Tot_Det_Profit
Table_Model:tsi_prob_3_mod_budget_100_D1_md050_US2_USpar5	tsi_prob_3_mod_budget_100	33	31	10000	16	0.500000	-1.000000	-1.000000	0.000000	0.000000	0.004000	8.154000	8.158000	0	0	0	0	-1.000000	0.000000	119	16	2	0.050000	800.000000
