++++ Instance Info ++++
Instance name: tsi2_10_budget_32_D1_md075_US2_USpar20
Network name: tsi2_10_budget_32
Number of nodes: 12
Number of profitable nodes: 10
Max number of discovery: 8
Max duration: 3200
Alrijne Collecting Time: 360.000000
++++ Uncertainty  ++++
Uncertainty Set Type: 2
Uncertainty Set Parameter: 0.200000
Total Deterministic Profit in the Network: 265.000000
++++ Solution of the Model ++++
-----------------------------------------------
Objective:
Best Lower Bound: -0.666667
Best upper bound: -0.666667
Elapsed time Branch-and-Cut: 3.451000
Elapsed time Starting Cuts: 1.211000
Cplex Gap: 0.000000
B&C nodes: 0
Number Logic Benders Cuts: 97
Number Starting Scenarios: 0
Cardinality of Y: 20
Number of Tight y in the sub-problem: 10

Variables Master Problem:

Phi =-0.666667 

Discoveries: w_i (i is a profitable node). 
 w_[node:1] = 1.000000
 w_[node:2] = 1.000000
 w_[node:3] = 1.000000
 w_[node:4] = 1.000000
 w_[node:5] = 1.000000
 w_[node:6] = 1.000000
 w_[node:7] = 1.000000
 w_[node:8] = 1.000000

Scenarios and Tight Ys Sub-Problem

Overline Scenario: ovxi_i (i is a profitable node). 
 ov_xi_[node:1] = 0.133333
 ov_xi_[node:2] = 0.000000
 ov_xi_[node:3] = 0.000000
 ov_xi_[node:4] = 0.000000
 ov_xi_[node:5] = 0.133333
 ov_xi_[node:6] = 0.200000
 ov_xi_[node:7] = 0.200000
 ov_xi_[node:8] = 0.133333
 ov_xi_[node:9] = 0.200000
 ov_xi_[node:10] = 0.000000

 Tigth Ys: 

 y = 2 { 
Node 1: {
y_[node:1] = 1
xi_y_i_[y:2][node:1] = 0.133333
} 
Node 2: {
y_[node:2] = 1
xi_y_i_[y:2][node:2] = 0.000000
} 
Node 3: {
y_[node:3] = 1
xi_y_i_[y:2][node:3] = 0.000000
} 
Node 4: {
y_[node:4] = 1
xi_y_i_[y:2][node:4] = 0.000000
} 
Node 5: {
y_[node:5] = 1
xi_y_i_[y:2][node:5] = 0.133333
} 
Node 6: {
y_[node:6] = 1
xi_y_i_[y:2][node:6] = 0.200000
} 
Node 7: {
y_[node:7] = 0
xi_y_i_[y:2][node:7] = 0.200000
} 
Node 8: {
y_[node:8] = 0
xi_y_i_[y:2][node:8] = 0.133333
} 
Node 9: {
y_[node:9] = 1
xi_y_i_[y:2][node:9] = 0.200000
} 
Node 10: {
y_[node:10] = 1
xi_y_i_[y:2][node:10] = 0.000000
} 

 } 

 y = 4 { 
Node 1: {
y_[node:1] = 1
xi_y_i_[y:4][node:1] = 0.133333
} 
Node 2: {
y_[node:2] = 1
xi_y_i_[y:4][node:2] = 0.000000
} 
Node 3: {
y_[node:3] = 1
xi_y_i_[y:4][node:3] = 0.000000
} 
Node 4: {
y_[node:4] = 0
xi_y_i_[y:4][node:4] = 0.000000
} 
Node 5: {
y_[node:5] = 0
xi_y_i_[y:4][node:5] = 0.133333
} 
Node 6: {
y_[node:6] = 0
xi_y_i_[y:4][node:6] = 0.200000
} 
Node 7: {
y_[node:7] = 1
xi_y_i_[y:4][node:7] = 0.200000
} 
Node 8: {
y_[node:8] = 1
xi_y_i_[y:4][node:8] = 0.133333
} 
Node 9: {
y_[node:9] = 1
xi_y_i_[y:4][node:9] = 0.200000
} 
Node 10: {
y_[node:10] = 0
xi_y_i_[y:4][node:10] = 0.000000
} 

 } 

 y = 6 { 
Node 1: {
y_[node:1] = 0
xi_y_i_[y:6][node:1] = 0.133333
} 
Node 2: {
y_[node:2] = 0
xi_y_i_[y:6][node:2] = 0.000000
} 
Node 3: {
y_[node:3] = 0
xi_y_i_[y:6][node:3] = 0.000000
} 
Node 4: {
y_[node:4] = 1
xi_y_i_[y:6][node:4] = 0.000000
} 
Node 5: {
y_[node:5] = 1
xi_y_i_[y:6][node:5] = 0.133333
} 
Node 6: {
y_[node:6] = 1
xi_y_i_[y:6][node:6] = 0.200000
} 
Node 7: {
y_[node:7] = 1
xi_y_i_[y:6][node:7] = 0.200000
} 
Node 8: {
y_[node:8] = 1
xi_y_i_[y:6][node:8] = 0.133333
} 
Node 9: {
y_[node:9] = 0
xi_y_i_[y:6][node:9] = 0.200000
} 
Node 10: {
y_[node:10] = 0
xi_y_i_[y:6][node:10] = 0.000000
} 

 } 

 y = 7 { 
Node 1: {
y_[node:1] = 1
xi_y_i_[y:7][node:1] = 0.133333
} 
Node 2: {
y_[node:2] = 1
xi_y_i_[y:7][node:2] = 0.000000
} 
Node 3: {
y_[node:3] = 0
xi_y_i_[y:7][node:3] = 0.000000
} 
Node 4: {
y_[node:4] = 0
xi_y_i_[y:7][node:4] = 0.000000
} 
Node 5: {
y_[node:5] = 0
xi_y_i_[y:7][node:5] = 0.133333
} 
Node 6: {
y_[node:6] = 0
xi_y_i_[y:7][node:6] = 0.200000
} 
Node 7: {
y_[node:7] = 1
xi_y_i_[y:7][node:7] = 0.200000
} 
Node 8: {
y_[node:8] = 1
xi_y_i_[y:7][node:8] = 0.133333
} 
Node 9: {
y_[node:9] = 1
xi_y_i_[y:7][node:9] = 0.200000
} 
Node 10: {
y_[node:10] = 1
xi_y_i_[y:7][node:10] = 0.000000
} 

 } 

 y = 9 { 
Node 1: {
y_[node:1] = 1
xi_y_i_[y:9][node:1] = 0.133333
} 
Node 2: {
y_[node:2] = 0
xi_y_i_[y:9][node:2] = 0.000000
} 
Node 3: {
y_[node:3] = 1
xi_y_i_[y:9][node:3] = 0.000000
} 
Node 4: {
y_[node:4] = 0
xi_y_i_[y:9][node:4] = 0.000000
} 
Node 5: {
y_[node:5] = 0
xi_y_i_[y:9][node:5] = 0.133333
} 
Node 6: {
y_[node:6] = 0
xi_y_i_[y:9][node:6] = 0.200000
} 
Node 7: {
y_[node:7] = 1
xi_y_i_[y:9][node:7] = 0.200000
} 
Node 8: {
y_[node:8] = 1
xi_y_i_[y:9][node:8] = 0.133333
} 
Node 9: {
y_[node:9] = 1
xi_y_i_[y:9][node:9] = 0.200000
} 
Node 10: {
y_[node:10] = 1
xi_y_i_[y:9][node:10] = 0.000000
} 

 } 

 y = 10 { 
Node 1: {
y_[node:1] = 0
xi_y_i_[y:10][node:1] = 0.133333
} 
Node 2: {
y_[node:2] = 1
xi_y_i_[y:10][node:2] = 0.000000
} 
Node 3: {
y_[node:3] = 1
xi_y_i_[y:10][node:3] = 0.000000
} 
Node 4: {
y_[node:4] = 1
xi_y_i_[y:10][node:4] = 0.000000
} 
Node 5: {
y_[node:5] = 1
xi_y_i_[y:10][node:5] = 0.133333
} 
Node 6: {
y_[node:6] = 1
xi_y_i_[y:10][node:6] = 0.200000
} 
Node 7: {
y_[node:7] = 1
xi_y_i_[y:10][node:7] = 0.200000
} 
Node 8: {
y_[node:8] = 1
xi_y_i_[y:10][node:8] = 0.133333
} 
Node 9: {
y_[node:9] = 0
xi_y_i_[y:10][node:9] = 0.200000
} 
Node 10: {
y_[node:10] = 0
xi_y_i_[y:10][node:10] = 0.000000
} 

 } 

 y = 12 { 
Node 1: {
y_[node:1] = 1
xi_y_i_[y:12][node:1] = 0.133333
} 
Node 2: {
y_[node:2] = 0
xi_y_i_[y:12][node:2] = 0.000000
} 
Node 3: {
y_[node:3] = 1
xi_y_i_[y:12][node:3] = 0.000000
} 
Node 4: {
y_[node:4] = 0
xi_y_i_[y:12][node:4] = 0.000000
} 
Node 5: {
y_[node:5] = 1
xi_y_i_[y:12][node:5] = 0.133333
} 
Node 6: {
y_[node:6] = 1
xi_y_i_[y:12][node:6] = 0.200000
} 
Node 7: {
y_[node:7] = 1
xi_y_i_[y:12][node:7] = 0.200000
} 
Node 8: {
y_[node:8] = 0
xi_y_i_[y:12][node:8] = 0.133333
} 
Node 9: {
y_[node:9] = 0
xi_y_i_[y:12][node:9] = 0.200000
} 
Node 10: {
y_[node:10] = 0
xi_y_i_[y:12][node:10] = 0.000000
} 

 } 

 y = 13 { 
Node 1: {
y_[node:1] = 0
xi_y_i_[y:13][node:1] = 0.133333
} 
Node 2: {
y_[node:2] = 0
xi_y_i_[y:13][node:2] = 0.000000
} 
Node 3: {
y_[node:3] = 0
xi_y_i_[y:13][node:3] = 0.000000
} 
Node 4: {
y_[node:4] = 0
xi_y_i_[y:13][node:4] = 0.000000
} 
Node 5: {
y_[node:5] = 1
xi_y_i_[y:13][node:5] = 0.133333
} 
Node 6: {
y_[node:6] = 1
xi_y_i_[y:13][node:6] = 0.200000
} 
Node 7: {
y_[node:7] = 1
xi_y_i_[y:13][node:7] = 0.200000
} 
Node 8: {
y_[node:8] = 1
xi_y_i_[y:13][node:8] = 0.133333
} 
Node 9: {
y_[node:9] = 1
xi_y_i_[y:13][node:9] = 0.000000
} 
Node 10: {
y_[node:10] = 0
xi_y_i_[y:13][node:10] = 0.200000
} 

 } 

 y = 17 { 
Node 1: {
y_[node:1] = 1
xi_y_i_[y:17][node:1] = 0.133333
} 
Node 2: {
y_[node:2] = 1
xi_y_i_[y:17][node:2] = 0.000000
} 
Node 3: {
y_[node:3] = 1
xi_y_i_[y:17][node:3] = 0.000000
} 
Node 4: {
y_[node:4] = 0
xi_y_i_[y:17][node:4] = 0.000000
} 
Node 5: {
y_[node:5] = 0
xi_y_i_[y:17][node:5] = 0.133333
} 
Node 6: {
y_[node:6] = 0
xi_y_i_[y:17][node:6] = 0.200000
} 
Node 7: {
y_[node:7] = 1
xi_y_i_[y:17][node:7] = 0.200000
} 
Node 8: {
y_[node:8] = 1
xi_y_i_[y:17][node:8] = 0.133333
} 
Node 9: {
y_[node:9] = 1
xi_y_i_[y:17][node:9] = 0.000000
} 
Node 10: {
y_[node:10] = 1
xi_y_i_[y:17][node:10] = 0.200000
} 

 } 

 y = 18 { 
Node 1: {
y_[node:1] = 1
xi_y_i_[y:18][node:1] = 0.133333
} 
Node 2: {
y_[node:2] = 0
xi_y_i_[y:18][node:2] = 0.000000
} 
Node 3: {
y_[node:3] = 0
xi_y_i_[y:18][node:3] = 0.000000
} 
Node 4: {
y_[node:4] = 1
xi_y_i_[y:18][node:4] = 0.000000
} 
Node 5: {
y_[node:5] = 1
xi_y_i_[y:18][node:5] = 0.133333
} 
Node 6: {
y_[node:6] = 1
xi_y_i_[y:18][node:6] = 0.200000
} 
Node 7: {
y_[node:7] = 1
xi_y_i_[y:18][node:7] = 0.200000
} 
Node 8: {
y_[node:8] = 0
xi_y_i_[y:18][node:8] = 0.133333
} 
Node 9: {
y_[node:9] = 0
xi_y_i_[y:18][node:9] = 0.000000
} 
Node 10: {
y_[node:10] = 0
xi_y_i_[y:18][node:10] = 0.200000
} 

 } 
Legenda_Model:Instance_Name	Network_Name	Num_Nodes	Num_Prof_Nodes	Max_Tour_Duration	Max_Num_Discoveries	Max_Discoveries_Fraction	Best_LB	Best_Ub	Cplex_Gap	Root_Node_LB	Branch_and_Cut_Elapsed_Time	Starting_Cuts_Elapsed_Time	Tot_Time	Num_Logic_Benders_Cuts	Number_Starting_Scenarios	Num_BandC_Nodes	Number_Discoveries	Profit_cost	Discovery_cost	Card_Y	Num_Tight_Y	US_Type	US_Param	US_Tot_Det_Profit
Table_Model:tsi2_10_budget_32_D1_md075_US2_USpar20	tsi2_10_budget_32	12	10	3200	8	0.750000	-0.666667	-0.666667	0.000000	0.000000	3.451000	1.211000	4.662000	97	0	0	8	-0.666667	0.000000	20	10	2	0.200000	265.000000
