++++ Instance Info ++++
Instance name: tsi1_15_budget_15_D1_md025_US2_USpar5
Network name: tsi1_15_budget_15
Number of nodes: 17
Number of profitable nodes: 15
Max number of discovery: 4
Max duration: 1500
Alrijne Collecting Time: 360.000000
++++ Uncertainty  ++++
Uncertainty Set Type: 2
Uncertainty Set Parameter: 0.050000
Total Deterministic Profit in the Network: 170.000000
++++ Solution of the Model ++++
-----------------------------------------------
Objective:
Best Lower Bound: 0.000000
Best upper bound: 0.000000
Elapsed time Branch-and-Cut: 0.005000
Elapsed time Starting Cuts: 0.143000
Cplex Gap: 0.000000
B&C nodes: 0
Number Logic Benders Cuts: 0
Number Starting Scenarios: 0
Cardinality of Y: 0
Number of Tight y in the sub-problem: 0

Variables Master Problem:

Phi =0.000000 

Discoveries: w_i (i is a profitable node). 

Scenarios and Tight Ys Sub-Problem

Overline Scenario: ovxi_i (i is a profitable node). 
 ov_xi_[node:1] = 0.000000
 ov_xi_[node:2] = 0.000000
 ov_xi_[node:3] = 0.000000
 ov_xi_[node:4] = 0.000000
 ov_xi_[node:5] = 0.000000
 ov_xi_[node:6] = 0.000000
 ov_xi_[node:7] = 0.000000
 ov_xi_[node:8] = 0.000000
 ov_xi_[node:9] = 0.000000
 ov_xi_[node:10] = 0.000000
 ov_xi_[node:11] = 0.000000
 ov_xi_[node:12] = 0.000000
 ov_xi_[node:13] = 0.000000
 ov_xi_[node:14] = 0.000000
 ov_xi_[node:15] = 0.000000

 Tigth Ys: 
Legenda_Model:Instance_Name	Network_Name	Num_Nodes	Num_Prof_Nodes	Max_Tour_Duration	Max_Num_Discoveries	Max_Discoveries_Fraction	Best_LB	Best_Ub	Cplex_Gap	Root_Node_LB	Branch_and_Cut_Elapsed_Time	Starting_Cuts_Elapsed_Time	Tot_Time	Num_Logic_Benders_Cuts	Number_Starting_Scenarios	Num_BandC_Nodes	Number_Discoveries	Profit_cost	Discovery_cost	Card_Y	Num_Tight_Y	US_Type	US_Param	US_Tot_Det_Profit
Table_Model:tsi1_15_budget_15_D1_md025_US2_USpar5	tsi1_15_budget_15	17	15	1500	4	0.250000	0.000000	0.000000	0.000000	0.000000	0.005000	0.143000	0.148000	0	0	0	0	0.000000	0.000000	0	0	2	0.050000	170.000000
