++++ Instance Info ++++
Instance name: tsi_prob_2_mod_budget_20_D1_md075_US2_USpar15
Network name: tsi_prob_2_mod_budget_20
Number of nodes: 21
Number of profitable nodes: 19
Max number of discovery: 15
Max duration: 2000
Alrijne Collecting Time: 360.000000
++++ Uncertainty  ++++
Uncertainty Set Type: 2
Uncertainty Set Parameter: 0.150000
Total Deterministic Profit in the Network: 450.000000
++++ Solution of the Model ++++
-----------------------------------------------
Objective:
Best Lower Bound: -0.340000
Best upper bound: -0.340000
Elapsed time Branch-and-Cut: 38.389000
Elapsed time Starting Cuts: 31.144000
Cplex Gap: 0.000000
B&C nodes: 3
Number Logic Benders Cuts: 80
Number Starting Scenarios: 0
Cardinality of Y: 123
Number of Tight y in the sub-problem: 28

Variables Master Problem:

Phi =-0.340000 

Discoveries: w_i (i is a profitable node). 
 w_[node:1] = 1.000000
 w_[node:2] = 1.000000
 w_[node:3] = 1.000000
 w_[node:4] = 1.000000
 w_[node:5] = 1.000000
 w_[node:6] = 1.000000
 w_[node:7] = 1.000000
 w_[node:8] = 1.000000
 w_[node:9] = 1.000000
 w_[node:10] = 1.000000
 w_[node:11] = 1.000000
 w_[node:12] = 1.000000
 w_[node:13] = 1.000000
 w_[node:18] = 1.000000
 w_[node:19] = 1.000000

Scenarios and Tight Ys Sub-Problem

Overline Scenario: ovxi_i (i is a profitable node). 
 ov_xi_[node:1] = 0.000000
 ov_xi_[node:2] = 0.020000
 ov_xi_[node:3] = 0.150000
 ov_xi_[node:4] = 0.010000
 ov_xi_[node:5] = 0.000000
 ov_xi_[node:6] = 0.130000
 ov_xi_[node:7] = 0.010000
 ov_xi_[node:8] = 0.010000
 ov_xi_[node:9] = 0.020000
 ov_xi_[node:10] = 0.010000
 ov_xi_[node:11] = 0.010000
 ov_xi_[node:12] = 0.010000
 ov_xi_[node:13] = 0.130000
 ov_xi_[node:14] = 0.150000
 ov_xi_[node:15] = 0.000000
 ov_xi_[node:16] = 0.000000
 ov_xi_[node:17] = 0.040000
 ov_xi_[node:18] = 0.150000
 ov_xi_[node:19] = 0.150000

 Tigth Ys: 

 y = 2 { 
Node 1: {
y_[node:1] = 0
xi_y_i_[y:2][node:1] = 0.000000
} 
Node 2: {
y_[node:2] = 0
xi_y_i_[y:2][node:2] = 0.020000
} 
Node 3: {
y_[node:3] = 0
xi_y_i_[y:2][node:3] = 0.150000
} 
Node 4: {
y_[node:4] = 0
xi_y_i_[y:2][node:4] = 0.010000
} 
Node 5: {
y_[node:5] = 0
xi_y_i_[y:2][node:5] = 0.000000
} 
Node 6: {
y_[node:6] = 0
xi_y_i_[y:2][node:6] = 0.130000
} 
Node 7: {
y_[node:7] = 0
xi_y_i_[y:2][node:7] = 0.010000
} 
Node 8: {
y_[node:8] = 0
xi_y_i_[y:2][node:8] = 0.010000
} 
Node 9: {
y_[node:9] = 0
xi_y_i_[y:2][node:9] = 0.020000
} 
Node 10: {
y_[node:10] = 0
xi_y_i_[y:2][node:10] = 0.010000
} 
Node 11: {
y_[node:11] = 0
xi_y_i_[y:2][node:11] = 0.010000
} 
Node 12: {
y_[node:12] = 0
xi_y_i_[y:2][node:12] = 0.010000
} 
Node 13: {
y_[node:13] = 0
xi_y_i_[y:2][node:13] = 0.130000
} 
Node 14: {
y_[node:14] = 1
xi_y_i_[y:2][node:14] = 0.150000
} 
Node 15: {
y_[node:15] = 1
xi_y_i_[y:2][node:15] = 0.000000
} 
Node 16: {
y_[node:16] = 1
xi_y_i_[y:2][node:16] = 0.000000
} 
Node 17: {
y_[node:17] = 1
xi_y_i_[y:2][node:17] = 0.040000
} 
Node 18: {
y_[node:18] = 1
xi_y_i_[y:2][node:18] = 0.150000
} 
Node 19: {
y_[node:19] = 0
xi_y_i_[y:2][node:19] = 0.150000
} 

 } 

 y = 4 { 
Node 1: {
y_[node:1] = 1
xi_y_i_[y:4][node:1] = 0.000000
} 
Node 2: {
y_[node:2] = 0
xi_y_i_[y:4][node:2] = 0.020000
} 
Node 3: {
y_[node:3] = 1
xi_y_i_[y:4][node:3] = 0.150000
} 
Node 4: {
y_[node:4] = 0
xi_y_i_[y:4][node:4] = 0.010000
} 
Node 5: {
y_[node:5] = 0
xi_y_i_[y:4][node:5] = 0.000000
} 
Node 6: {
y_[node:6] = 0
xi_y_i_[y:4][node:6] = 0.130000
} 
Node 7: {
y_[node:7] = 0
xi_y_i_[y:4][node:7] = 0.010000
} 
Node 8: {
y_[node:8] = 0
xi_y_i_[y:4][node:8] = 0.010000
} 
Node 9: {
y_[node:9] = 0
xi_y_i_[y:4][node:9] = 0.020000
} 
Node 10: {
y_[node:10] = 0
xi_y_i_[y:4][node:10] = 0.010000
} 
Node 11: {
y_[node:11] = 0
xi_y_i_[y:4][node:11] = 0.010000
} 
Node 12: {
y_[node:12] = 0
xi_y_i_[y:4][node:12] = 0.010000
} 
Node 13: {
y_[node:13] = 0
xi_y_i_[y:4][node:13] = 0.130000
} 
Node 14: {
y_[node:14] = 0
xi_y_i_[y:4][node:14] = 0.000000
} 
Node 15: {
y_[node:15] = 0
xi_y_i_[y:4][node:15] = 0.150000
} 
Node 16: {
y_[node:16] = 0
xi_y_i_[y:4][node:16] = 0.000000
} 
Node 17: {
y_[node:17] = 1
xi_y_i_[y:4][node:17] = 0.040000
} 
Node 18: {
y_[node:18] = 0
xi_y_i_[y:4][node:18] = 0.150000
} 
Node 19: {
y_[node:19] = 1
xi_y_i_[y:4][node:19] = 0.150000
} 

 } 

 y = 13 { 
Node 1: {
y_[node:1] = 0
xi_y_i_[y:13][node:1] = 0.000000
} 
Node 2: {
y_[node:2] = 1
xi_y_i_[y:13][node:2] = 0.020000
} 
Node 3: {
y_[node:3] = 0
xi_y_i_[y:13][node:3] = 0.150000
} 
Node 4: {
y_[node:4] = 1
xi_y_i_[y:13][node:4] = 0.010000
} 
Node 5: {
y_[node:5] = 0
xi_y_i_[y:13][node:5] = 0.000000
} 
Node 6: {
y_[node:6] = 1
xi_y_i_[y:13][node:6] = 0.130000
} 
Node 7: {
y_[node:7] = 0
xi_y_i_[y:13][node:7] = 0.010000
} 
Node 8: {
y_[node:8] = 0
xi_y_i_[y:13][node:8] = 0.010000
} 
Node 9: {
y_[node:9] = 1
xi_y_i_[y:13][node:9] = 0.020000
} 
Node 10: {
y_[node:10] = 1
xi_y_i_[y:13][node:10] = 0.010000
} 
Node 11: {
y_[node:11] = 1
xi_y_i_[y:13][node:11] = 0.010000
} 
Node 12: {
y_[node:12] = 1
xi_y_i_[y:13][node:12] = 0.010000
} 
Node 13: {
y_[node:13] = 1
xi_y_i_[y:13][node:13] = 0.130000
} 
Node 14: {
y_[node:14] = 0
xi_y_i_[y:13][node:14] = 0.150000
} 
Node 15: {
y_[node:15] = 0
xi_y_i_[y:13][node:15] = 0.000000
} 
Node 16: {
y_[node:16] = 0
xi_y_i_[y:13][node:16] = 0.000000
} 
Node 17: {
y_[node:17] = 0
xi_y_i_[y:13][node:17] = 0.040000
} 
Node 18: {
y_[node:18] = 0
xi_y_i_[y:13][node:18] = 0.150000
} 
Node 19: {
y_[node:19] = 0
xi_y_i_[y:13][node:19] = 0.150000
} 

 } 

 y = 22 { 
Node 1: {
y_[node:1] = 0
xi_y_i_[y:22][node:1] = 0.000000
} 
Node 2: {
y_[node:2] = 0
xi_y_i_[y:22][node:2] = 0.020000
} 
Node 3: {
y_[node:3] = 0
xi_y_i_[y:22][node:3] = 0.150000
} 
Node 4: {
y_[node:4] = 0
xi_y_i_[y:22][node:4] = 0.010000
} 
Node 5: {
y_[node:5] = 0
xi_y_i_[y:22][node:5] = 0.000000
} 
Node 6: {
y_[node:6] = 0
xi_y_i_[y:22][node:6] = 0.130000
} 
Node 7: {
y_[node:7] = 0
xi_y_i_[y:22][node:7] = 0.010000
} 
Node 8: {
y_[node:8] = 0
xi_y_i_[y:22][node:8] = 0.010000
} 
Node 9: {
y_[node:9] = 0
xi_y_i_[y:22][node:9] = 0.020000
} 
Node 10: {
y_[node:10] = 0
xi_y_i_[y:22][node:10] = 0.010000
} 
Node 11: {
y_[node:11] = 0
xi_y_i_[y:22][node:11] = 0.010000
} 
Node 12: {
y_[node:12] = 0
xi_y_i_[y:22][node:12] = 0.010000
} 
Node 13: {
y_[node:13] = 0
xi_y_i_[y:22][node:13] = 0.130000
} 
Node 14: {
y_[node:14] = 0
xi_y_i_[y:22][node:14] = 0.150000
} 
Node 15: {
y_[node:15] = 0
xi_y_i_[y:22][node:15] = 0.000000
} 
Node 16: {
y_[node:16] = 1
xi_y_i_[y:22][node:16] = 0.040000
} 
Node 17: {
y_[node:17] = 0
xi_y_i_[y:22][node:17] = 0.000000
} 
Node 18: {
y_[node:18] = 1
xi_y_i_[y:22][node:18] = 0.150000
} 
Node 19: {
y_[node:19] = 1
xi_y_i_[y:22][node:19] = 0.150000
} 

 } 

 y = 28 { 
Node 1: {
y_[node:1] = 0
xi_y_i_[y:28][node:1] = 0.000000
} 
Node 2: {
y_[node:2] = 1
xi_y_i_[y:28][node:2] = 0.020000
} 
Node 3: {
y_[node:3] = 0
xi_y_i_[y:28][node:3] = 0.150000
} 
Node 4: {
y_[node:4] = 0
xi_y_i_[y:28][node:4] = 0.010000
} 
Node 5: {
y_[node:5] = 1
xi_y_i_[y:28][node:5] = 0.000000
} 
Node 6: {
y_[node:6] = 1
xi_y_i_[y:28][node:6] = 0.130000
} 
Node 7: {
y_[node:7] = 0
xi_y_i_[y:28][node:7] = 0.010000
} 
Node 8: {
y_[node:8] = 1
xi_y_i_[y:28][node:8] = 0.010000
} 
Node 9: {
y_[node:9] = 1
xi_y_i_[y:28][node:9] = 0.020000
} 
Node 10: {
y_[node:10] = 1
xi_y_i_[y:28][node:10] = 0.010000
} 
Node 11: {
y_[node:11] = 1
xi_y_i_[y:28][node:11] = 0.010000
} 
Node 12: {
y_[node:12] = 1
xi_y_i_[y:28][node:12] = 0.010000
} 
Node 13: {
y_[node:13] = 1
xi_y_i_[y:28][node:13] = 0.130000
} 
Node 14: {
y_[node:14] = 0
xi_y_i_[y:28][node:14] = 0.150000
} 
Node 15: {
y_[node:15] = 0
xi_y_i_[y:28][node:15] = 0.000000
} 
Node 16: {
y_[node:16] = 0
xi_y_i_[y:28][node:16] = 0.000000
} 
Node 17: {
y_[node:17] = 0
xi_y_i_[y:28][node:17] = 0.040000
} 
Node 18: {
y_[node:18] = 0
xi_y_i_[y:28][node:18] = 0.150000
} 
Node 19: {
y_[node:19] = 0
xi_y_i_[y:28][node:19] = 0.150000
} 

 } 

 y = 29 { 
Node 1: {
y_[node:1] = 1
xi_y_i_[y:29][node:1] = 0.000000
} 
Node 2: {
y_[node:2] = 0
xi_y_i_[y:29][node:2] = 0.020000
} 
Node 3: {
y_[node:3] = 0
xi_y_i_[y:29][node:3] = 0.150000
} 
Node 4: {
y_[node:4] = 1
xi_y_i_[y:29][node:4] = 0.010000
} 
Node 5: {
y_[node:5] = 1
xi_y_i_[y:29][node:5] = 0.000000
} 
Node 6: {
y_[node:6] = 1
xi_y_i_[y:29][node:6] = 0.130000
} 
Node 7: {
y_[node:7] = 1
xi_y_i_[y:29][node:7] = 0.010000
} 
Node 8: {
y_[node:8] = 1
xi_y_i_[y:29][node:8] = 0.010000
} 
Node 9: {
y_[node:9] = 1
xi_y_i_[y:29][node:9] = 0.020000
} 
Node 10: {
y_[node:10] = 1
xi_y_i_[y:29][node:10] = 0.010000
} 
Node 11: {
y_[node:11] = 1
xi_y_i_[y:29][node:11] = 0.010000
} 
Node 12: {
y_[node:12] = 1
xi_y_i_[y:29][node:12] = 0.010000
} 
Node 13: {
y_[node:13] = 1
xi_y_i_[y:29][node:13] = 0.130000
} 
Node 14: {
y_[node:14] = 0
xi_y_i_[y:29][node:14] = 0.150000
} 
Node 15: {
y_[node:15] = 0
xi_y_i_[y:29][node:15] = 0.000000
} 
Node 16: {
y_[node:16] = 0
xi_y_i_[y:29][node:16] = 0.000000
} 
Node 17: {
y_[node:17] = 0
xi_y_i_[y:29][node:17] = 0.040000
} 
Node 18: {
y_[node:18] = 0
xi_y_i_[y:29][node:18] = 0.150000
} 
Node 19: {
y_[node:19] = 0
xi_y_i_[y:29][node:19] = 0.150000
} 

 } 

 y = 33 { 
Node 1: {
y_[node:1] = 0
xi_y_i_[y:33][node:1] = 0.000000
} 
Node 2: {
y_[node:2] = 0
xi_y_i_[y:33][node:2] = 0.020000
} 
Node 3: {
y_[node:3] = 1
xi_y_i_[y:33][node:3] = 0.150000
} 
Node 4: {
y_[node:4] = 0
xi_y_i_[y:33][node:4] = 0.010000
} 
Node 5: {
y_[node:5] = 0
xi_y_i_[y:33][node:5] = 0.000000
} 
Node 6: {
y_[node:6] = 0
xi_y_i_[y:33][node:6] = 0.130000
} 
Node 7: {
y_[node:7] = 0
xi_y_i_[y:33][node:7] = 0.010000
} 
Node 8: {
y_[node:8] = 0
xi_y_i_[y:33][node:8] = 0.010000
} 
Node 9: {
y_[node:9] = 0
xi_y_i_[y:33][node:9] = 0.020000
} 
Node 10: {
y_[node:10] = 0
xi_y_i_[y:33][node:10] = 0.010000
} 
Node 11: {
y_[node:11] = 0
xi_y_i_[y:33][node:11] = 0.010000
} 
Node 12: {
y_[node:12] = 0
xi_y_i_[y:33][node:12] = 0.010000
} 
Node 13: {
y_[node:13] = 0
xi_y_i_[y:33][node:13] = 0.130000
} 
Node 14: {
y_[node:14] = 0
xi_y_i_[y:33][node:14] = 0.150000
} 
Node 15: {
y_[node:15] = 0
xi_y_i_[y:33][node:15] = 0.000000
} 
Node 16: {
y_[node:16] = 1
xi_y_i_[y:33][node:16] = 0.040000
} 
Node 17: {
y_[node:17] = 0
xi_y_i_[y:33][node:17] = 0.000000
} 
Node 18: {
y_[node:18] = 0
xi_y_i_[y:33][node:18] = 0.150000
} 
Node 19: {
y_[node:19] = 1
xi_y_i_[y:33][node:19] = 0.150000
} 

 } 

 y = 34 { 
Node 1: {
y_[node:1] = 0
xi_y_i_[y:34][node:1] = 0.000000
} 
Node 2: {
y_[node:2] = 0
xi_y_i_[y:34][node:2] = 0.020000
} 
Node 3: {
y_[node:3] = 0
xi_y_i_[y:34][node:3] = 0.150000
} 
Node 4: {
y_[node:4] = 0
xi_y_i_[y:34][node:4] = 0.010000
} 
Node 5: {
y_[node:5] = 0
xi_y_i_[y:34][node:5] = 0.000000
} 
Node 6: {
y_[node:6] = 0
xi_y_i_[y:34][node:6] = 0.130000
} 
Node 7: {
y_[node:7] = 0
xi_y_i_[y:34][node:7] = 0.010000
} 
Node 8: {
y_[node:8] = 0
xi_y_i_[y:34][node:8] = 0.010000
} 
Node 9: {
y_[node:9] = 0
xi_y_i_[y:34][node:9] = 0.020000
} 
Node 10: {
y_[node:10] = 0
xi_y_i_[y:34][node:10] = 0.010000
} 
Node 11: {
y_[node:11] = 0
xi_y_i_[y:34][node:11] = 0.010000
} 
Node 12: {
y_[node:12] = 0
xi_y_i_[y:34][node:12] = 0.010000
} 
Node 13: {
y_[node:13] = 0
xi_y_i_[y:34][node:13] = 0.130000
} 
Node 14: {
y_[node:14] = 0
xi_y_i_[y:34][node:14] = 0.150000
} 
Node 15: {
y_[node:15] = 0
xi_y_i_[y:34][node:15] = 0.000000
} 
Node 16: {
y_[node:16] = 1
xi_y_i_[y:34][node:16] = 0.040000
} 
Node 17: {
y_[node:17] = 1
xi_y_i_[y:34][node:17] = 0.000000
} 
Node 18: {
y_[node:18] = 1
xi_y_i_[y:34][node:18] = 0.150000
} 
Node 19: {
y_[node:19] = 1
xi_y_i_[y:34][node:19] = 0.150000
} 

 } 

 y = 36 { 
Node 1: {
y_[node:1] = 1
xi_y_i_[y:36][node:1] = 0.000000
} 
Node 2: {
y_[node:2] = 1
xi_y_i_[y:36][node:2] = 0.020000
} 
Node 3: {
y_[node:3] = 1
xi_y_i_[y:36][node:3] = 0.150000
} 
Node 4: {
y_[node:4] = 0
xi_y_i_[y:36][node:4] = 0.010000
} 
Node 5: {
y_[node:5] = 0
xi_y_i_[y:36][node:5] = 0.000000
} 
Node 6: {
y_[node:6] = 0
xi_y_i_[y:36][node:6] = 0.130000
} 
Node 7: {
y_[node:7] = 0
xi_y_i_[y:36][node:7] = 0.010000
} 
Node 8: {
y_[node:8] = 0
xi_y_i_[y:36][node:8] = 0.010000
} 
Node 9: {
y_[node:9] = 0
xi_y_i_[y:36][node:9] = 0.020000
} 
Node 10: {
y_[node:10] = 0
xi_y_i_[y:36][node:10] = 0.010000
} 
Node 11: {
y_[node:11] = 0
xi_y_i_[y:36][node:11] = 0.010000
} 
Node 12: {
y_[node:12] = 0
xi_y_i_[y:36][node:12] = 0.010000
} 
Node 13: {
y_[node:13] = 0
xi_y_i_[y:36][node:13] = 0.130000
} 
Node 14: {
y_[node:14] = 0
xi_y_i_[y:36][node:14] = 0.020000
} 
Node 15: {
y_[node:15] = 0
xi_y_i_[y:36][node:15] = 0.150000
} 
Node 16: {
y_[node:16] = 0
xi_y_i_[y:36][node:16] = 0.000000
} 
Node 17: {
y_[node:17] = 1
xi_y_i_[y:36][node:17] = 0.020000
} 
Node 18: {
y_[node:18] = 0
xi_y_i_[y:36][node:18] = 0.150000
} 
Node 19: {
y_[node:19] = 1
xi_y_i_[y:36][node:19] = 0.150000
} 

 } 

 y = 45 { 
Node 1: {
y_[node:1] = 0
xi_y_i_[y:45][node:1] = 0.000000
} 
Node 2: {
y_[node:2] = 1
xi_y_i_[y:45][node:2] = 0.020000
} 
Node 3: {
y_[node:3] = 1
xi_y_i_[y:45][node:3] = 0.150000
} 
Node 4: {
y_[node:4] = 1
xi_y_i_[y:45][node:4] = 0.010000
} 
Node 5: {
y_[node:5] = 1
xi_y_i_[y:45][node:5] = 0.000000
} 
Node 6: {
y_[node:6] = 1
xi_y_i_[y:45][node:6] = 0.130000
} 
Node 7: {
y_[node:7] = 1
xi_y_i_[y:45][node:7] = 0.010000
} 
Node 8: {
y_[node:8] = 0
xi_y_i_[y:45][node:8] = 0.010000
} 
Node 9: {
y_[node:9] = 0
xi_y_i_[y:45][node:9] = 0.020000
} 
Node 10: {
y_[node:10] = 1
xi_y_i_[y:45][node:10] = 0.010000
} 
Node 11: {
y_[node:11] = 1
xi_y_i_[y:45][node:11] = 0.010000
} 
Node 12: {
y_[node:12] = 0
xi_y_i_[y:45][node:12] = 0.010000
} 
Node 13: {
y_[node:13] = 0
xi_y_i_[y:45][node:13] = 0.130000
} 
Node 14: {
y_[node:14] = 0
xi_y_i_[y:45][node:14] = 0.150000
} 
Node 15: {
y_[node:15] = 0
xi_y_i_[y:45][node:15] = 0.000000
} 
Node 16: {
y_[node:16] = 0
xi_y_i_[y:45][node:16] = 0.000000
} 
Node 17: {
y_[node:17] = 0
xi_y_i_[y:45][node:17] = 0.040000
} 
Node 18: {
y_[node:18] = 0
xi_y_i_[y:45][node:18] = 0.150000
} 
Node 19: {
y_[node:19] = 0
xi_y_i_[y:45][node:19] = 0.150000
} 

 } 

 y = 47 { 
Node 1: {
y_[node:1] = 0
xi_y_i_[y:47][node:1] = 0.000000
} 
Node 2: {
y_[node:2] = 1
xi_y_i_[y:47][node:2] = 0.020000
} 
Node 3: {
y_[node:3] = 1
xi_y_i_[y:47][node:3] = 0.150000
} 
Node 4: {
y_[node:4] = 0
xi_y_i_[y:47][node:4] = 0.010000
} 
Node 5: {
y_[node:5] = 0
xi_y_i_[y:47][node:5] = 0.000000
} 
Node 6: {
y_[node:6] = 0
xi_y_i_[y:47][node:6] = 0.130000
} 
Node 7: {
y_[node:7] = 1
xi_y_i_[y:47][node:7] = 0.010000
} 
Node 8: {
y_[node:8] = 1
xi_y_i_[y:47][node:8] = 0.010000
} 
Node 9: {
y_[node:9] = 0
xi_y_i_[y:47][node:9] = 0.020000
} 
Node 10: {
y_[node:10] = 0
xi_y_i_[y:47][node:10] = 0.010000
} 
Node 11: {
y_[node:11] = 0
xi_y_i_[y:47][node:11] = 0.010000
} 
Node 12: {
y_[node:12] = 0
xi_y_i_[y:47][node:12] = 0.010000
} 
Node 13: {
y_[node:13] = 0
xi_y_i_[y:47][node:13] = 0.130000
} 
Node 14: {
y_[node:14] = 0
xi_y_i_[y:47][node:14] = 0.150000
} 
Node 15: {
y_[node:15] = 0
xi_y_i_[y:47][node:15] = 0.000000
} 
Node 16: {
y_[node:16] = 0
xi_y_i_[y:47][node:16] = 0.000000
} 
Node 17: {
y_[node:17] = 0
xi_y_i_[y:47][node:17] = 0.040000
} 
Node 18: {
y_[node:18] = 0
xi_y_i_[y:47][node:18] = 0.150000
} 
Node 19: {
y_[node:19] = 1
xi_y_i_[y:47][node:19] = 0.150000
} 

 } 

 y = 49 { 
Node 1: {
y_[node:1] = 0
xi_y_i_[y:49][node:1] = 0.000000
} 
Node 2: {
y_[node:2] = 1
xi_y_i_[y:49][node:2] = 0.020000
} 
Node 3: {
y_[node:3] = 0
xi_y_i_[y:49][node:3] = 0.150000
} 
Node 4: {
y_[node:4] = 0
xi_y_i_[y:49][node:4] = 0.010000
} 
Node 5: {
y_[node:5] = 1
xi_y_i_[y:49][node:5] = 0.000000
} 
Node 6: {
y_[node:6] = 1
xi_y_i_[y:49][node:6] = 0.130000
} 
Node 7: {
y_[node:7] = 1
xi_y_i_[y:49][node:7] = 0.010000
} 
Node 8: {
y_[node:8] = 0
xi_y_i_[y:49][node:8] = 0.010000
} 
Node 9: {
y_[node:9] = 1
xi_y_i_[y:49][node:9] = 0.020000
} 
Node 10: {
y_[node:10] = 1
xi_y_i_[y:49][node:10] = 0.010000
} 
Node 11: {
y_[node:11] = 1
xi_y_i_[y:49][node:11] = 0.010000
} 
Node 12: {
y_[node:12] = 1
xi_y_i_[y:49][node:12] = 0.010000
} 
Node 13: {
y_[node:13] = 1
xi_y_i_[y:49][node:13] = 0.130000
} 
Node 14: {
y_[node:14] = 0
xi_y_i_[y:49][node:14] = 0.150000
} 
Node 15: {
y_[node:15] = 0
xi_y_i_[y:49][node:15] = 0.000000
} 
Node 16: {
y_[node:16] = 0
xi_y_i_[y:49][node:16] = 0.000000
} 
Node 17: {
y_[node:17] = 0
xi_y_i_[y:49][node:17] = 0.040000
} 
Node 18: {
y_[node:18] = 0
xi_y_i_[y:49][node:18] = 0.150000
} 
Node 19: {
y_[node:19] = 0
xi_y_i_[y:49][node:19] = 0.150000
} 

 } 

 y = 50 { 
Node 1: {
y_[node:1] = 0
xi_y_i_[y:50][node:1] = 0.000000
} 
Node 2: {
y_[node:2] = 1
xi_y_i_[y:50][node:2] = 0.020000
} 
Node 3: {
y_[node:3] = 0
xi_y_i_[y:50][node:3] = 0.150000
} 
Node 4: {
y_[node:4] = 1
xi_y_i_[y:50][node:4] = 0.010000
} 
Node 5: {
y_[node:5] = 1
xi_y_i_[y:50][node:5] = 0.000000
} 
Node 6: {
y_[node:6] = 1
xi_y_i_[y:50][node:6] = 0.130000
} 
Node 7: {
y_[node:7] = 1
xi_y_i_[y:50][node:7] = 0.010000
} 
Node 8: {
y_[node:8] = 0
xi_y_i_[y:50][node:8] = 0.010000
} 
Node 9: {
y_[node:9] = 1
xi_y_i_[y:50][node:9] = 0.020000
} 
Node 10: {
y_[node:10] = 1
xi_y_i_[y:50][node:10] = 0.010000
} 
Node 11: {
y_[node:11] = 0
xi_y_i_[y:50][node:11] = 0.010000
} 
Node 12: {
y_[node:12] = 1
xi_y_i_[y:50][node:12] = 0.010000
} 
Node 13: {
y_[node:13] = 1
xi_y_i_[y:50][node:13] = 0.130000
} 
Node 14: {
y_[node:14] = 0
xi_y_i_[y:50][node:14] = 0.150000
} 
Node 15: {
y_[node:15] = 0
xi_y_i_[y:50][node:15] = 0.000000
} 
Node 16: {
y_[node:16] = 0
xi_y_i_[y:50][node:16] = 0.000000
} 
Node 17: {
y_[node:17] = 0
xi_y_i_[y:50][node:17] = 0.040000
} 
Node 18: {
y_[node:18] = 0
xi_y_i_[y:50][node:18] = 0.150000
} 
Node 19: {
y_[node:19] = 0
xi_y_i_[y:50][node:19] = 0.150000
} 

 } 

 y = 52 { 
Node 1: {
y_[node:1] = 0
xi_y_i_[y:52][node:1] = 0.000000
} 
Node 2: {
y_[node:2] = 0
xi_y_i_[y:52][node:2] = 0.020000
} 
Node 3: {
y_[node:3] = 1
xi_y_i_[y:52][node:3] = 0.150000
} 
Node 4: {
y_[node:4] = 1
xi_y_i_[y:52][node:4] = 0.010000
} 
Node 5: {
y_[node:5] = 0
xi_y_i_[y:52][node:5] = 0.000000
} 
Node 6: {
y_[node:6] = 1
xi_y_i_[y:52][node:6] = 0.130000
} 
Node 7: {
y_[node:7] = 1
xi_y_i_[y:52][node:7] = 0.010000
} 
Node 8: {
y_[node:8] = 0
xi_y_i_[y:52][node:8] = 0.010000
} 
Node 9: {
y_[node:9] = 1
xi_y_i_[y:52][node:9] = 0.020000
} 
Node 10: {
y_[node:10] = 1
xi_y_i_[y:52][node:10] = 0.010000
} 
Node 11: {
y_[node:11] = 1
xi_y_i_[y:52][node:11] = 0.010000
} 
Node 12: {
y_[node:12] = 0
xi_y_i_[y:52][node:12] = 0.010000
} 
Node 13: {
y_[node:13] = 0
xi_y_i_[y:52][node:13] = 0.130000
} 
Node 14: {
y_[node:14] = 0
xi_y_i_[y:52][node:14] = 0.150000
} 
Node 15: {
y_[node:15] = 0
xi_y_i_[y:52][node:15] = 0.000000
} 
Node 16: {
y_[node:16] = 0
xi_y_i_[y:52][node:16] = 0.000000
} 
Node 17: {
y_[node:17] = 0
xi_y_i_[y:52][node:17] = 0.040000
} 
Node 18: {
y_[node:18] = 0
xi_y_i_[y:52][node:18] = 0.150000
} 
Node 19: {
y_[node:19] = 0
xi_y_i_[y:52][node:19] = 0.150000
} 

 } 

 y = 54 { 
Node 1: {
y_[node:1] = 1
xi_y_i_[y:54][node:1] = 0.000000
} 
Node 2: {
y_[node:2] = 1
xi_y_i_[y:54][node:2] = 0.020000
} 
Node 3: {
y_[node:3] = 0
xi_y_i_[y:54][node:3] = 0.150000
} 
Node 4: {
y_[node:4] = 1
xi_y_i_[y:54][node:4] = 0.010000
} 
Node 5: {
y_[node:5] = 1
xi_y_i_[y:54][node:5] = 0.000000
} 
Node 6: {
y_[node:6] = 1
xi_y_i_[y:54][node:6] = 0.130000
} 
Node 7: {
y_[node:7] = 1
xi_y_i_[y:54][node:7] = 0.010000
} 
Node 8: {
y_[node:8] = 0
xi_y_i_[y:54][node:8] = 0.010000
} 
Node 9: {
y_[node:9] = 1
xi_y_i_[y:54][node:9] = 0.020000
} 
Node 10: {
y_[node:10] = 0
xi_y_i_[y:54][node:10] = 0.010000
} 
Node 11: {
y_[node:11] = 1
xi_y_i_[y:54][node:11] = 0.010000
} 
Node 12: {
y_[node:12] = 1
xi_y_i_[y:54][node:12] = 0.010000
} 
Node 13: {
y_[node:13] = 1
xi_y_i_[y:54][node:13] = 0.130000
} 
Node 14: {
y_[node:14] = 0
xi_y_i_[y:54][node:14] = 0.150000
} 
Node 15: {
y_[node:15] = 0
xi_y_i_[y:54][node:15] = 0.000000
} 
Node 16: {
y_[node:16] = 0
xi_y_i_[y:54][node:16] = 0.000000
} 
Node 17: {
y_[node:17] = 0
xi_y_i_[y:54][node:17] = 0.040000
} 
Node 18: {
y_[node:18] = 0
xi_y_i_[y:54][node:18] = 0.150000
} 
Node 19: {
y_[node:19] = 0
xi_y_i_[y:54][node:19] = 0.150000
} 

 } 

 y = 55 { 
Node 1: {
y_[node:1] = 1
xi_y_i_[y:55][node:1] = 0.000000
} 
Node 2: {
y_[node:2] = 1
xi_y_i_[y:55][node:2] = 0.020000
} 
Node 3: {
y_[node:3] = 1
xi_y_i_[y:55][node:3] = 0.150000
} 
Node 4: {
y_[node:4] = 0
xi_y_i_[y:55][node:4] = 0.010000
} 
Node 5: {
y_[node:5] = 0
xi_y_i_[y:55][node:5] = 0.000000
} 
Node 6: {
y_[node:6] = 0
xi_y_i_[y:55][node:6] = 0.130000
} 
Node 7: {
y_[node:7] = 1
xi_y_i_[y:55][node:7] = 0.010000
} 
Node 8: {
y_[node:8] = 1
xi_y_i_[y:55][node:8] = 0.010000
} 
Node 9: {
y_[node:9] = 0
xi_y_i_[y:55][node:9] = 0.020000
} 
Node 10: {
y_[node:10] = 0
xi_y_i_[y:55][node:10] = 0.010000
} 
Node 11: {
y_[node:11] = 0
xi_y_i_[y:55][node:11] = 0.010000
} 
Node 12: {
y_[node:12] = 0
xi_y_i_[y:55][node:12] = 0.010000
} 
Node 13: {
y_[node:13] = 0
xi_y_i_[y:55][node:13] = 0.130000
} 
Node 14: {
y_[node:14] = 0
xi_y_i_[y:55][node:14] = 0.150000
} 
Node 15: {
y_[node:15] = 0
xi_y_i_[y:55][node:15] = 0.000000
} 
Node 16: {
y_[node:16] = 0
xi_y_i_[y:55][node:16] = 0.000000
} 
Node 17: {
y_[node:17] = 0
xi_y_i_[y:55][node:17] = 0.040000
} 
Node 18: {
y_[node:18] = 0
xi_y_i_[y:55][node:18] = 0.150000
} 
Node 19: {
y_[node:19] = 1
xi_y_i_[y:55][node:19] = 0.150000
} 

 } 

 y = 56 { 
Node 1: {
y_[node:1] = 0
xi_y_i_[y:56][node:1] = 0.000000
} 
Node 2: {
y_[node:2] = 1
xi_y_i_[y:56][node:2] = 0.020000
} 
Node 3: {
y_[node:3] = 0
xi_y_i_[y:56][node:3] = 0.150000
} 
Node 4: {
y_[node:4] = 1
xi_y_i_[y:56][node:4] = 0.010000
} 
Node 5: {
y_[node:5] = 1
xi_y_i_[y:56][node:5] = 0.000000
} 
Node 6: {
y_[node:6] = 1
xi_y_i_[y:56][node:6] = 0.130000
} 
Node 7: {
y_[node:7] = 1
xi_y_i_[y:56][node:7] = 0.010000
} 
Node 8: {
y_[node:8] = 0
xi_y_i_[y:56][node:8] = 0.010000
} 
Node 9: {
y_[node:9] = 1
xi_y_i_[y:56][node:9] = 0.020000
} 
Node 10: {
y_[node:10] = 1
xi_y_i_[y:56][node:10] = 0.010000
} 
Node 11: {
y_[node:11] = 1
xi_y_i_[y:56][node:11] = 0.010000
} 
Node 12: {
y_[node:12] = 0
xi_y_i_[y:56][node:12] = 0.010000
} 
Node 13: {
y_[node:13] = 1
xi_y_i_[y:56][node:13] = 0.130000
} 
Node 14: {
y_[node:14] = 0
xi_y_i_[y:56][node:14] = 0.150000
} 
Node 15: {
y_[node:15] = 0
xi_y_i_[y:56][node:15] = 0.000000
} 
Node 16: {
y_[node:16] = 0
xi_y_i_[y:56][node:16] = 0.000000
} 
Node 17: {
y_[node:17] = 0
xi_y_i_[y:56][node:17] = 0.040000
} 
Node 18: {
y_[node:18] = 0
xi_y_i_[y:56][node:18] = 0.150000
} 
Node 19: {
y_[node:19] = 0
xi_y_i_[y:56][node:19] = 0.150000
} 

 } 

 y = 57 { 
Node 1: {
y_[node:1] = 0
xi_y_i_[y:57][node:1] = 0.000000
} 
Node 2: {
y_[node:2] = 1
xi_y_i_[y:57][node:2] = 0.020000
} 
Node 3: {
y_[node:3] = 0
xi_y_i_[y:57][node:3] = 0.150000
} 
Node 4: {
y_[node:4] = 1
xi_y_i_[y:57][node:4] = 0.010000
} 
Node 5: {
y_[node:5] = 1
xi_y_i_[y:57][node:5] = 0.000000
} 
Node 6: {
y_[node:6] = 1
xi_y_i_[y:57][node:6] = 0.130000
} 
Node 7: {
y_[node:7] = 0
xi_y_i_[y:57][node:7] = 0.010000
} 
Node 8: {
y_[node:8] = 0
xi_y_i_[y:57][node:8] = 0.010000
} 
Node 9: {
y_[node:9] = 1
xi_y_i_[y:57][node:9] = 0.020000
} 
Node 10: {
y_[node:10] = 1
xi_y_i_[y:57][node:10] = 0.010000
} 
Node 11: {
y_[node:11] = 1
xi_y_i_[y:57][node:11] = 0.010000
} 
Node 12: {
y_[node:12] = 1
xi_y_i_[y:57][node:12] = 0.010000
} 
Node 13: {
y_[node:13] = 1
xi_y_i_[y:57][node:13] = 0.130000
} 
Node 14: {
y_[node:14] = 0
xi_y_i_[y:57][node:14] = 0.150000
} 
Node 15: {
y_[node:15] = 0
xi_y_i_[y:57][node:15] = 0.000000
} 
Node 16: {
y_[node:16] = 0
xi_y_i_[y:57][node:16] = 0.000000
} 
Node 17: {
y_[node:17] = 0
xi_y_i_[y:57][node:17] = 0.040000
} 
Node 18: {
y_[node:18] = 0
xi_y_i_[y:57][node:18] = 0.150000
} 
Node 19: {
y_[node:19] = 0
xi_y_i_[y:57][node:19] = 0.150000
} 

 } 

 y = 62 { 
Node 1: {
y_[node:1] = 1
xi_y_i_[y:62][node:1] = 0.000000
} 
Node 2: {
y_[node:2] = 1
xi_y_i_[y:62][node:2] = 0.020000
} 
Node 3: {
y_[node:3] = 0
xi_y_i_[y:62][node:3] = 0.150000
} 
Node 4: {
y_[node:4] = 0
xi_y_i_[y:62][node:4] = 0.010000
} 
Node 5: {
y_[node:5] = 0
xi_y_i_[y:62][node:5] = 0.000000
} 
Node 6: {
y_[node:6] = 1
xi_y_i_[y:62][node:6] = 0.130000
} 
Node 7: {
y_[node:7] = 1
xi_y_i_[y:62][node:7] = 0.010000
} 
Node 8: {
y_[node:8] = 0
xi_y_i_[y:62][node:8] = 0.010000
} 
Node 9: {
y_[node:9] = 1
xi_y_i_[y:62][node:9] = 0.020000
} 
Node 10: {
y_[node:10] = 1
xi_y_i_[y:62][node:10] = 0.010000
} 
Node 11: {
y_[node:11] = 1
xi_y_i_[y:62][node:11] = 0.010000
} 
Node 12: {
y_[node:12] = 1
xi_y_i_[y:62][node:12] = 0.010000
} 
Node 13: {
y_[node:13] = 1
xi_y_i_[y:62][node:13] = 0.130000
} 
Node 14: {
y_[node:14] = 0
xi_y_i_[y:62][node:14] = 0.150000
} 
Node 15: {
y_[node:15] = 0
xi_y_i_[y:62][node:15] = 0.000000
} 
Node 16: {
y_[node:16] = 0
xi_y_i_[y:62][node:16] = 0.000000
} 
Node 17: {
y_[node:17] = 0
xi_y_i_[y:62][node:17] = 0.040000
} 
Node 18: {
y_[node:18] = 0
xi_y_i_[y:62][node:18] = 0.150000
} 
Node 19: {
y_[node:19] = 0
xi_y_i_[y:62][node:19] = 0.150000
} 

 } 

 y = 63 { 
Node 1: {
y_[node:1] = 1
xi_y_i_[y:63][node:1] = 0.000000
} 
Node 2: {
y_[node:2] = 1
xi_y_i_[y:63][node:2] = 0.020000
} 
Node 3: {
y_[node:3] = 0
xi_y_i_[y:63][node:3] = 0.150000
} 
Node 4: {
y_[node:4] = 0
xi_y_i_[y:63][node:4] = 0.010000
} 
Node 5: {
y_[node:5] = 0
xi_y_i_[y:63][node:5] = 0.000000
} 
Node 6: {
y_[node:6] = 1
xi_y_i_[y:63][node:6] = 0.130000
} 
Node 7: {
y_[node:7] = 0
xi_y_i_[y:63][node:7] = 0.010000
} 
Node 8: {
y_[node:8] = 1
xi_y_i_[y:63][node:8] = 0.010000
} 
Node 9: {
y_[node:9] = 1
xi_y_i_[y:63][node:9] = 0.020000
} 
Node 10: {
y_[node:10] = 1
xi_y_i_[y:63][node:10] = 0.010000
} 
Node 11: {
y_[node:11] = 1
xi_y_i_[y:63][node:11] = 0.010000
} 
Node 12: {
y_[node:12] = 1
xi_y_i_[y:63][node:12] = 0.010000
} 
Node 13: {
y_[node:13] = 1
xi_y_i_[y:63][node:13] = 0.130000
} 
Node 14: {
y_[node:14] = 0
xi_y_i_[y:63][node:14] = 0.150000
} 
Node 15: {
y_[node:15] = 0
xi_y_i_[y:63][node:15] = 0.000000
} 
Node 16: {
y_[node:16] = 0
xi_y_i_[y:63][node:16] = 0.000000
} 
Node 17: {
y_[node:17] = 0
xi_y_i_[y:63][node:17] = 0.040000
} 
Node 18: {
y_[node:18] = 0
xi_y_i_[y:63][node:18] = 0.150000
} 
Node 19: {
y_[node:19] = 0
xi_y_i_[y:63][node:19] = 0.150000
} 

 } 

 y = 71 { 
Node 1: {
y_[node:1] = 0
xi_y_i_[y:71][node:1] = 0.000000
} 
Node 2: {
y_[node:2] = 0
xi_y_i_[y:71][node:2] = 0.020000
} 
Node 3: {
y_[node:3] = 1
xi_y_i_[y:71][node:3] = 0.150000
} 
Node 4: {
y_[node:4] = 1
xi_y_i_[y:71][node:4] = 0.010000
} 
Node 5: {
y_[node:5] = 1
xi_y_i_[y:71][node:5] = 0.000000
} 
Node 6: {
y_[node:6] = 1
xi_y_i_[y:71][node:6] = 0.130000
} 
Node 7: {
y_[node:7] = 1
xi_y_i_[y:71][node:7] = 0.010000
} 
Node 8: {
y_[node:8] = 0
xi_y_i_[y:71][node:8] = 0.010000
} 
Node 9: {
y_[node:9] = 1
xi_y_i_[y:71][node:9] = 0.020000
} 
Node 10: {
y_[node:10] = 1
xi_y_i_[y:71][node:10] = 0.010000
} 
Node 11: {
y_[node:11] = 1
xi_y_i_[y:71][node:11] = 0.010000
} 
Node 12: {
y_[node:12] = 0
xi_y_i_[y:71][node:12] = 0.010000
} 
Node 13: {
y_[node:13] = 0
xi_y_i_[y:71][node:13] = 0.130000
} 
Node 14: {
y_[node:14] = 0
xi_y_i_[y:71][node:14] = 0.150000
} 
Node 15: {
y_[node:15] = 0
xi_y_i_[y:71][node:15] = 0.000000
} 
Node 16: {
y_[node:16] = 0
xi_y_i_[y:71][node:16] = 0.000000
} 
Node 17: {
y_[node:17] = 0
xi_y_i_[y:71][node:17] = 0.040000
} 
Node 18: {
y_[node:18] = 0
xi_y_i_[y:71][node:18] = 0.150000
} 
Node 19: {
y_[node:19] = 0
xi_y_i_[y:71][node:19] = 0.150000
} 

 } 

 y = 99 { 
Node 1: {
y_[node:1] = 0
xi_y_i_[y:99][node:1] = 0.000000
} 
Node 2: {
y_[node:2] = 1
xi_y_i_[y:99][node:2] = 0.020000
} 
Node 3: {
y_[node:3] = 0
xi_y_i_[y:99][node:3] = 0.150000
} 
Node 4: {
y_[node:4] = 1
xi_y_i_[y:99][node:4] = 0.010000
} 
Node 5: {
y_[node:5] = 0
xi_y_i_[y:99][node:5] = 0.000000
} 
Node 6: {
y_[node:6] = 1
xi_y_i_[y:99][node:6] = 0.130000
} 
Node 7: {
y_[node:7] = 1
xi_y_i_[y:99][node:7] = 0.010000
} 
Node 8: {
y_[node:8] = 1
xi_y_i_[y:99][node:8] = 0.010000
} 
Node 9: {
y_[node:9] = 1
xi_y_i_[y:99][node:9] = 0.020000
} 
Node 10: {
y_[node:10] = 0
xi_y_i_[y:99][node:10] = 0.010000
} 
Node 11: {
y_[node:11] = 0
xi_y_i_[y:99][node:11] = 0.010000
} 
Node 12: {
y_[node:12] = 1
xi_y_i_[y:99][node:12] = 0.010000
} 
Node 13: {
y_[node:13] = 1
xi_y_i_[y:99][node:13] = 0.130000
} 
Node 14: {
y_[node:14] = 0
xi_y_i_[y:99][node:14] = 0.150000
} 
Node 15: {
y_[node:15] = 0
xi_y_i_[y:99][node:15] = 0.000000
} 
Node 16: {
y_[node:16] = 0
xi_y_i_[y:99][node:16] = 0.000000
} 
Node 17: {
y_[node:17] = 0
xi_y_i_[y:99][node:17] = 0.040000
} 
Node 18: {
y_[node:18] = 0
xi_y_i_[y:99][node:18] = 0.150000
} 
Node 19: {
y_[node:19] = 0
xi_y_i_[y:99][node:19] = 0.150000
} 

 } 

 y = 104 { 
Node 1: {
y_[node:1] = 0
xi_y_i_[y:104][node:1] = 0.000000
} 
Node 2: {
y_[node:2] = 1
xi_y_i_[y:104][node:2] = 0.020000
} 
Node 3: {
y_[node:3] = 0
xi_y_i_[y:104][node:3] = 0.150000
} 
Node 4: {
y_[node:4] = 1
xi_y_i_[y:104][node:4] = 0.010000
} 
Node 5: {
y_[node:5] = 1
xi_y_i_[y:104][node:5] = 0.000000
} 
Node 6: {
y_[node:6] = 1
xi_y_i_[y:104][node:6] = 0.130000
} 
Node 7: {
y_[node:7] = 0
xi_y_i_[y:104][node:7] = 0.010000
} 
Node 8: {
y_[node:8] = 1
xi_y_i_[y:104][node:8] = 0.010000
} 
Node 9: {
y_[node:9] = 1
xi_y_i_[y:104][node:9] = 0.020000
} 
Node 10: {
y_[node:10] = 1
xi_y_i_[y:104][node:10] = 0.010000
} 
Node 11: {
y_[node:11] = 1
xi_y_i_[y:104][node:11] = 0.010000
} 
Node 12: {
y_[node:12] = 0
xi_y_i_[y:104][node:12] = 0.010000
} 
Node 13: {
y_[node:13] = 1
xi_y_i_[y:104][node:13] = 0.130000
} 
Node 14: {
y_[node:14] = 0
xi_y_i_[y:104][node:14] = 0.150000
} 
Node 15: {
y_[node:15] = 0
xi_y_i_[y:104][node:15] = 0.000000
} 
Node 16: {
y_[node:16] = 0
xi_y_i_[y:104][node:16] = 0.000000
} 
Node 17: {
y_[node:17] = 0
xi_y_i_[y:104][node:17] = 0.040000
} 
Node 18: {
y_[node:18] = 0
xi_y_i_[y:104][node:18] = 0.150000
} 
Node 19: {
y_[node:19] = 0
xi_y_i_[y:104][node:19] = 0.150000
} 

 } 

 y = 106 { 
Node 1: {
y_[node:1] = 0
xi_y_i_[y:106][node:1] = 0.000000
} 
Node 2: {
y_[node:2] = 1
xi_y_i_[y:106][node:2] = 0.020000
} 
Node 3: {
y_[node:3] = 0
xi_y_i_[y:106][node:3] = 0.150000
} 
Node 4: {
y_[node:4] = 1
xi_y_i_[y:106][node:4] = 0.010000
} 
Node 5: {
y_[node:5] = 1
xi_y_i_[y:106][node:5] = 0.000000
} 
Node 6: {
y_[node:6] = 1
xi_y_i_[y:106][node:6] = 0.130000
} 
Node 7: {
y_[node:7] = 1
xi_y_i_[y:106][node:7] = 0.010000
} 
Node 8: {
y_[node:8] = 1
xi_y_i_[y:106][node:8] = 0.010000
} 
Node 9: {
y_[node:9] = 1
xi_y_i_[y:106][node:9] = 0.020000
} 
Node 10: {
y_[node:10] = 0
xi_y_i_[y:106][node:10] = 0.010000
} 
Node 11: {
y_[node:11] = 1
xi_y_i_[y:106][node:11] = 0.010000
} 
Node 12: {
y_[node:12] = 0
xi_y_i_[y:106][node:12] = 0.010000
} 
Node 13: {
y_[node:13] = 1
xi_y_i_[y:106][node:13] = 0.130000
} 
Node 14: {
y_[node:14] = 0
xi_y_i_[y:106][node:14] = 0.150000
} 
Node 15: {
y_[node:15] = 0
xi_y_i_[y:106][node:15] = 0.000000
} 
Node 16: {
y_[node:16] = 0
xi_y_i_[y:106][node:16] = 0.000000
} 
Node 17: {
y_[node:17] = 0
xi_y_i_[y:106][node:17] = 0.040000
} 
Node 18: {
y_[node:18] = 0
xi_y_i_[y:106][node:18] = 0.150000
} 
Node 19: {
y_[node:19] = 0
xi_y_i_[y:106][node:19] = 0.150000
} 

 } 

 y = 111 { 
Node 1: {
y_[node:1] = 0
xi_y_i_[y:111][node:1] = 0.000000
} 
Node 2: {
y_[node:2] = 1
xi_y_i_[y:111][node:2] = 0.020000
} 
Node 3: {
y_[node:3] = 0
xi_y_i_[y:111][node:3] = 0.150000
} 
Node 4: {
y_[node:4] = 1
xi_y_i_[y:111][node:4] = 0.010000
} 
Node 5: {
y_[node:5] = 1
xi_y_i_[y:111][node:5] = 0.000000
} 
Node 6: {
y_[node:6] = 1
xi_y_i_[y:111][node:6] = 0.130000
} 
Node 7: {
y_[node:7] = 1
xi_y_i_[y:111][node:7] = 0.010000
} 
Node 8: {
y_[node:8] = 1
xi_y_i_[y:111][node:8] = 0.010000
} 
Node 9: {
y_[node:9] = 1
xi_y_i_[y:111][node:9] = 0.020000
} 
Node 10: {
y_[node:10] = 0
xi_y_i_[y:111][node:10] = 0.010000
} 
Node 11: {
y_[node:11] = 0
xi_y_i_[y:111][node:11] = 0.010000
} 
Node 12: {
y_[node:12] = 1
xi_y_i_[y:111][node:12] = 0.010000
} 
Node 13: {
y_[node:13] = 1
xi_y_i_[y:111][node:13] = 0.130000
} 
Node 14: {
y_[node:14] = 0
xi_y_i_[y:111][node:14] = 0.150000
} 
Node 15: {
y_[node:15] = 0
xi_y_i_[y:111][node:15] = 0.000000
} 
Node 16: {
y_[node:16] = 0
xi_y_i_[y:111][node:16] = 0.000000
} 
Node 17: {
y_[node:17] = 0
xi_y_i_[y:111][node:17] = 0.040000
} 
Node 18: {
y_[node:18] = 0
xi_y_i_[y:111][node:18] = 0.150000
} 
Node 19: {
y_[node:19] = 0
xi_y_i_[y:111][node:19] = 0.150000
} 

 } 

 y = 112 { 
Node 1: {
y_[node:1] = 1
xi_y_i_[y:112][node:1] = 0.000000
} 
Node 2: {
y_[node:2] = 1
xi_y_i_[y:112][node:2] = 0.020000
} 
Node 3: {
y_[node:3] = 0
xi_y_i_[y:112][node:3] = 0.150000
} 
Node 4: {
y_[node:4] = 1
xi_y_i_[y:112][node:4] = 0.010000
} 
Node 5: {
y_[node:5] = 0
xi_y_i_[y:112][node:5] = 0.000000
} 
Node 6: {
y_[node:6] = 1
xi_y_i_[y:112][node:6] = 0.130000
} 
Node 7: {
y_[node:7] = 0
xi_y_i_[y:112][node:7] = 0.010000
} 
Node 8: {
y_[node:8] = 1
xi_y_i_[y:112][node:8] = 0.010000
} 
Node 9: {
y_[node:9] = 1
xi_y_i_[y:112][node:9] = 0.020000
} 
Node 10: {
y_[node:10] = 0
xi_y_i_[y:112][node:10] = 0.010000
} 
Node 11: {
y_[node:11] = 1
xi_y_i_[y:112][node:11] = 0.010000
} 
Node 12: {
y_[node:12] = 1
xi_y_i_[y:112][node:12] = 0.010000
} 
Node 13: {
y_[node:13] = 1
xi_y_i_[y:112][node:13] = 0.130000
} 
Node 14: {
y_[node:14] = 0
xi_y_i_[y:112][node:14] = 0.150000
} 
Node 15: {
y_[node:15] = 0
xi_y_i_[y:112][node:15] = 0.000000
} 
Node 16: {
y_[node:16] = 0
xi_y_i_[y:112][node:16] = 0.000000
} 
Node 17: {
y_[node:17] = 0
xi_y_i_[y:112][node:17] = 0.040000
} 
Node 18: {
y_[node:18] = 0
xi_y_i_[y:112][node:18] = 0.150000
} 
Node 19: {
y_[node:19] = 0
xi_y_i_[y:112][node:19] = 0.150000
} 

 } 

 y = 113 { 
Node 1: {
y_[node:1] = 1
xi_y_i_[y:113][node:1] = 0.000000
} 
Node 2: {
y_[node:2] = 1
xi_y_i_[y:113][node:2] = 0.020000
} 
Node 3: {
y_[node:3] = 0
xi_y_i_[y:113][node:3] = 0.150000
} 
Node 4: {
y_[node:4] = 1
xi_y_i_[y:113][node:4] = 0.010000
} 
Node 5: {
y_[node:5] = 1
xi_y_i_[y:113][node:5] = 0.000000
} 
Node 6: {
y_[node:6] = 1
xi_y_i_[y:113][node:6] = 0.130000
} 
Node 7: {
y_[node:7] = 0
xi_y_i_[y:113][node:7] = 0.010000
} 
Node 8: {
y_[node:8] = 1
xi_y_i_[y:113][node:8] = 0.010000
} 
Node 9: {
y_[node:9] = 1
xi_y_i_[y:113][node:9] = 0.020000
} 
Node 10: {
y_[node:10] = 0
xi_y_i_[y:113][node:10] = 0.010000
} 
Node 11: {
y_[node:11] = 1
xi_y_i_[y:113][node:11] = 0.010000
} 
Node 12: {
y_[node:12] = 1
xi_y_i_[y:113][node:12] = 0.010000
} 
Node 13: {
y_[node:13] = 1
xi_y_i_[y:113][node:13] = 0.130000
} 
Node 14: {
y_[node:14] = 0
xi_y_i_[y:113][node:14] = 0.000000
} 
Node 15: {
y_[node:15] = 0
xi_y_i_[y:113][node:15] = 0.150000
} 
Node 16: {
y_[node:16] = 0
xi_y_i_[y:113][node:16] = 0.040000
} 
Node 17: {
y_[node:17] = 0
xi_y_i_[y:113][node:17] = 0.000000
} 
Node 18: {
y_[node:18] = 0
xi_y_i_[y:113][node:18] = 0.150000
} 
Node 19: {
y_[node:19] = 0
xi_y_i_[y:113][node:19] = 0.150000
} 

 } 

 y = 117 { 
Node 1: {
y_[node:1] = 0
xi_y_i_[y:117][node:1] = 0.000000
} 
Node 2: {
y_[node:2] = 0
xi_y_i_[y:117][node:2] = 0.020000
} 
Node 3: {
y_[node:3] = 0
xi_y_i_[y:117][node:3] = 0.150000
} 
Node 4: {
y_[node:4] = 0
xi_y_i_[y:117][node:4] = 0.010000
} 
Node 5: {
y_[node:5] = 0
xi_y_i_[y:117][node:5] = 0.000000
} 
Node 6: {
y_[node:6] = 1
xi_y_i_[y:117][node:6] = 0.130000
} 
Node 7: {
y_[node:7] = 1
xi_y_i_[y:117][node:7] = 0.010000
} 
Node 8: {
y_[node:8] = 1
xi_y_i_[y:117][node:8] = 0.010000
} 
Node 9: {
y_[node:9] = 1
xi_y_i_[y:117][node:9] = 0.020000
} 
Node 10: {
y_[node:10] = 0
xi_y_i_[y:117][node:10] = 0.010000
} 
Node 11: {
y_[node:11] = 1
xi_y_i_[y:117][node:11] = 0.010000
} 
Node 12: {
y_[node:12] = 1
xi_y_i_[y:117][node:12] = 0.010000
} 
Node 13: {
y_[node:13] = 0
xi_y_i_[y:117][node:13] = 0.130000
} 
Node 14: {
y_[node:14] = 0
xi_y_i_[y:117][node:14] = 0.000000
} 
Node 15: {
y_[node:15] = 0
xi_y_i_[y:117][node:15] = 0.040000
} 
Node 16: {
y_[node:16] = 1
xi_y_i_[y:117][node:16] = 0.150000
} 
Node 17: {
y_[node:17] = 0
xi_y_i_[y:117][node:17] = 0.000000
} 
Node 18: {
y_[node:18] = 0
xi_y_i_[y:117][node:18] = 0.150000
} 
Node 19: {
y_[node:19] = 0
xi_y_i_[y:117][node:19] = 0.150000
} 

 } 
Legenda_Model:Instance_Name	Network_Name	Num_Nodes	Num_Prof_Nodes	Max_Tour_Duration	Max_Num_Discoveries	Max_Discoveries_Fraction	Best_LB	Best_Ub	Cplex_Gap	Root_Node_LB	Branch_and_Cut_Elapsed_Time	Starting_Cuts_Elapsed_Time	Tot_Time	Num_Logic_Benders_Cuts	Number_Starting_Scenarios	Num_BandC_Nodes	Number_Discoveries	Profit_cost	Discovery_cost	Card_Y	Num_Tight_Y	US_Type	US_Param	US_Tot_Det_Profit
Table_Model:tsi_prob_2_mod_budget_20_D1_md075_US2_USpar15	tsi_prob_2_mod_budget_20	21	19	2000	15	0.750000	-0.340000	-0.340000	0.000000	0.000000	38.389000	31.144000	69.533000	80	0	3	15	-0.340000	0.000000	123	28	2	0.150000	450.000000
