++++ Instance Info ++++
Instance name: tsi_prob_1_mod_1_budget_15_D1_md075_US2_USpar5
Network name: tsi_prob_1_mod_1_budget_15
Number of nodes: 32
Number of profitable nodes: 30
Max number of discovery: 23
Max duration: 1500
Alrijne Collecting Time: 360.000000
++++ Uncertainty  ++++
Uncertainty Set Type: 2
Uncertainty Set Parameter: 0.050000
Total Deterministic Profit in the Network: 285.000000
++++ Solution of the Model ++++
-----------------------------------------------
Objective:
Best Lower Bound: -0.080769
Best upper bound: -0.080769
Elapsed time Branch-and-Cut: 47.250000
Elapsed time Starting Cuts: 36.753000
Cplex Gap: 0.000000
B&C nodes: 0
Number Logic Benders Cuts: 109
Number Starting Scenarios: 0
Cardinality of Y: 34
Number of Tight y in the sub-problem: 22

Variables Master Problem:

Phi =-0.080769 

Discoveries: w_i (i is a profitable node). 
 w_[node:1] = 1.000000
 w_[node:2] = 1.000000
 w_[node:3] = 1.000000
 w_[node:4] = 1.000000
 w_[node:5] = 1.000000
 w_[node:6] = 1.000000
 w_[node:7] = 1.000000
 w_[node:8] = 1.000000
 w_[node:9] = 1.000000
 w_[node:10] = 1.000000
 w_[node:11] = 1.000000
 w_[node:12] = 1.000000
 w_[node:13] = 1.000000
 w_[node:14] = 1.000000
 w_[node:15] = 1.000000
 w_[node:16] = 1.000000
 w_[node:17] = 1.000000
 w_[node:18] = 1.000000
 w_[node:19] = 1.000000
 w_[node:20] = 1.000000
 w_[node:21] = 1.000000
 w_[node:26] = 1.000000
 w_[node:27] = 1.000000

Scenarios and Tight Ys Sub-Problem

Overline Scenario: ovxi_i (i is a profitable node). 
 ov_xi_[node:1] = 0.050000
 ov_xi_[node:2] = 0.050000
 ov_xi_[node:3] = 0.050000
 ov_xi_[node:4] = 0.048077
 ov_xi_[node:5] = 0.000000
 ov_xi_[node:6] = 0.030769
 ov_xi_[node:7] = 0.030769
 ov_xi_[node:8] = 0.000000
 ov_xi_[node:9] = 0.000000
 ov_xi_[node:10] = 0.050000
 ov_xi_[node:11] = 0.030769
 ov_xi_[node:12] = 0.000000
 ov_xi_[node:13] = 0.050000
 ov_xi_[node:14] = 0.050000
 ov_xi_[node:15] = 0.050000
 ov_xi_[node:16] = 0.048077
 ov_xi_[node:17] = 0.032692
 ov_xi_[node:18] = 0.000000
 ov_xi_[node:19] = 0.015385
 ov_xi_[node:20] = 0.015385
 ov_xi_[node:21] = 0.050000
 ov_xi_[node:22] = 0.050000
 ov_xi_[node:23] = 0.050000
 ov_xi_[node:24] = 0.050000
 ov_xi_[node:25] = 0.050000
 ov_xi_[node:26] = 0.015385
 ov_xi_[node:27] = 0.032692
 ov_xi_[node:28] = 0.050000
 ov_xi_[node:29] = 0.050000
 ov_xi_[node:30] = 0.000000

 Tigth Ys: 

 y = 0 { 
Node 1: {
y_[node:1] = 0
xi_y_i_[y:0][node:1] = 0.050000
} 
Node 2: {
y_[node:2] = 0
xi_y_i_[y:0][node:2] = 0.050000
} 
Node 3: {
y_[node:3] = 0
xi_y_i_[y:0][node:3] = 0.050000
} 
Node 4: {
y_[node:4] = 0
xi_y_i_[y:0][node:4] = 0.048077
} 
Node 5: {
y_[node:5] = 0
xi_y_i_[y:0][node:5] = 0.000000
} 
Node 6: {
y_[node:6] = 0
xi_y_i_[y:0][node:6] = 0.030769
} 
Node 7: {
y_[node:7] = 0
xi_y_i_[y:0][node:7] = 0.030769
} 
Node 8: {
y_[node:8] = 1
xi_y_i_[y:0][node:8] = 0.000000
} 
Node 9: {
y_[node:9] = 1
xi_y_i_[y:0][node:9] = 0.000000
} 
Node 10: {
y_[node:10] = 1
xi_y_i_[y:0][node:10] = 0.050000
} 
Node 11: {
y_[node:11] = 1
xi_y_i_[y:0][node:11] = 0.030769
} 
Node 12: {
y_[node:12] = 0
xi_y_i_[y:0][node:12] = 0.000000
} 
Node 13: {
y_[node:13] = 0
xi_y_i_[y:0][node:13] = 0.050000
} 
Node 14: {
y_[node:14] = 0
xi_y_i_[y:0][node:14] = 0.050000
} 
Node 15: {
y_[node:15] = 0
xi_y_i_[y:0][node:15] = 0.050000
} 
Node 16: {
y_[node:16] = 0
xi_y_i_[y:0][node:16] = 0.048077
} 
Node 17: {
y_[node:17] = 0
xi_y_i_[y:0][node:17] = 0.032692
} 
Node 18: {
y_[node:18] = 1
xi_y_i_[y:0][node:18] = 0.000000
} 
Node 19: {
y_[node:19] = 0
xi_y_i_[y:0][node:19] = 0.015385
} 
Node 20: {
y_[node:20] = 0
xi_y_i_[y:0][node:20] = 0.015385
} 
Node 21: {
y_[node:21] = 0
xi_y_i_[y:0][node:21] = 0.050000
} 
Node 22: {
y_[node:22] = 0
xi_y_i_[y:0][node:22] = 0.050000
} 
Node 23: {
y_[node:23] = 0
xi_y_i_[y:0][node:23] = 0.050000
} 
Node 24: {
y_[node:24] = 0
xi_y_i_[y:0][node:24] = 0.000000
} 
Node 25: {
y_[node:25] = 0
xi_y_i_[y:0][node:25] = 0.050000
} 
Node 26: {
y_[node:26] = 0
xi_y_i_[y:0][node:26] = 0.015385
} 
Node 27: {
y_[node:27] = 0
xi_y_i_[y:0][node:27] = 0.032692
} 
Node 28: {
y_[node:28] = 0
xi_y_i_[y:0][node:28] = 0.050000
} 
Node 29: {
y_[node:29] = 0
xi_y_i_[y:0][node:29] = 0.050000
} 
Node 30: {
y_[node:30] = 0
xi_y_i_[y:0][node:30] = 0.050000
} 

 } 

 y = 2 { 
Node 1: {
y_[node:1] = 0
xi_y_i_[y:2][node:1] = 0.050000
} 
Node 2: {
y_[node:2] = 0
xi_y_i_[y:2][node:2] = 0.050000
} 
Node 3: {
y_[node:3] = 0
xi_y_i_[y:2][node:3] = 0.050000
} 
Node 4: {
y_[node:4] = 0
xi_y_i_[y:2][node:4] = 0.048077
} 
Node 5: {
y_[node:5] = 0
xi_y_i_[y:2][node:5] = 0.000000
} 
Node 6: {
y_[node:6] = 0
xi_y_i_[y:2][node:6] = 0.030769
} 
Node 7: {
y_[node:7] = 0
xi_y_i_[y:2][node:7] = 0.030769
} 
Node 8: {
y_[node:8] = 0
xi_y_i_[y:2][node:8] = 0.000000
} 
Node 9: {
y_[node:9] = 0
xi_y_i_[y:2][node:9] = 0.000000
} 
Node 10: {
y_[node:10] = 0
xi_y_i_[y:2][node:10] = 0.050000
} 
Node 11: {
y_[node:11] = 0
xi_y_i_[y:2][node:11] = 0.030769
} 
Node 12: {
y_[node:12] = 0
xi_y_i_[y:2][node:12] = 0.000000
} 
Node 13: {
y_[node:13] = 0
xi_y_i_[y:2][node:13] = 0.050000
} 
Node 14: {
y_[node:14] = 0
xi_y_i_[y:2][node:14] = 0.050000
} 
Node 15: {
y_[node:15] = 0
xi_y_i_[y:2][node:15] = 0.050000
} 
Node 16: {
y_[node:16] = 0
xi_y_i_[y:2][node:16] = 0.048077
} 
Node 17: {
y_[node:17] = 0
xi_y_i_[y:2][node:17] = 0.032692
} 
Node 18: {
y_[node:18] = 0
xi_y_i_[y:2][node:18] = 0.000000
} 
Node 19: {
y_[node:19] = 1
xi_y_i_[y:2][node:19] = 0.015385
} 
Node 20: {
y_[node:20] = 0
xi_y_i_[y:2][node:20] = 0.015385
} 
Node 21: {
y_[node:21] = 0
xi_y_i_[y:2][node:21] = 0.050000
} 
Node 22: {
y_[node:22] = 0
xi_y_i_[y:2][node:22] = 0.050000
} 
Node 23: {
y_[node:23] = 0
xi_y_i_[y:2][node:23] = 0.050000
} 
Node 24: {
y_[node:24] = 0
xi_y_i_[y:2][node:24] = 0.050000
} 
Node 25: {
y_[node:25] = 1
xi_y_i_[y:2][node:25] = 0.000000
} 
Node 26: {
y_[node:26] = 1
xi_y_i_[y:2][node:26] = 0.015385
} 
Node 27: {
y_[node:27] = 0
xi_y_i_[y:2][node:27] = 0.032692
} 
Node 28: {
y_[node:28] = 0
xi_y_i_[y:2][node:28] = 0.050000
} 
Node 29: {
y_[node:29] = 0
xi_y_i_[y:2][node:29] = 0.050000
} 
Node 30: {
y_[node:30] = 1
xi_y_i_[y:2][node:30] = 0.050000
} 

 } 

 y = 3 { 
Node 1: {
y_[node:1] = 0
xi_y_i_[y:3][node:1] = 0.050000
} 
Node 2: {
y_[node:2] = 0
xi_y_i_[y:3][node:2] = 0.050000
} 
Node 3: {
y_[node:3] = 0
xi_y_i_[y:3][node:3] = 0.050000
} 
Node 4: {
y_[node:4] = 0
xi_y_i_[y:3][node:4] = 0.048077
} 
Node 5: {
y_[node:5] = 0
xi_y_i_[y:3][node:5] = 0.000000
} 
Node 6: {
y_[node:6] = 0
xi_y_i_[y:3][node:6] = 0.030769
} 
Node 7: {
y_[node:7] = 0
xi_y_i_[y:3][node:7] = 0.030769
} 
Node 8: {
y_[node:8] = 0
xi_y_i_[y:3][node:8] = 0.000000
} 
Node 9: {
y_[node:9] = 0
xi_y_i_[y:3][node:9] = 0.000000
} 
Node 10: {
y_[node:10] = 0
xi_y_i_[y:3][node:10] = 0.050000
} 
Node 11: {
y_[node:11] = 0
xi_y_i_[y:3][node:11] = 0.030769
} 
Node 12: {
y_[node:12] = 0
xi_y_i_[y:3][node:12] = 0.000000
} 
Node 13: {
y_[node:13] = 0
xi_y_i_[y:3][node:13] = 0.050000
} 
Node 14: {
y_[node:14] = 0
xi_y_i_[y:3][node:14] = 0.050000
} 
Node 15: {
y_[node:15] = 0
xi_y_i_[y:3][node:15] = 0.050000
} 
Node 16: {
y_[node:16] = 0
xi_y_i_[y:3][node:16] = 0.048077
} 
Node 17: {
y_[node:17] = 1
xi_y_i_[y:3][node:17] = 0.032692
} 
Node 18: {
y_[node:18] = 0
xi_y_i_[y:3][node:18] = 0.000000
} 
Node 19: {
y_[node:19] = 0
xi_y_i_[y:3][node:19] = 0.015385
} 
Node 20: {
y_[node:20] = 0
xi_y_i_[y:3][node:20] = 0.015385
} 
Node 21: {
y_[node:21] = 0
xi_y_i_[y:3][node:21] = 0.050000
} 
Node 22: {
y_[node:22] = 0
xi_y_i_[y:3][node:22] = 0.050000
} 
Node 23: {
y_[node:23] = 0
xi_y_i_[y:3][node:23] = 0.050000
} 
Node 24: {
y_[node:24] = 0
xi_y_i_[y:3][node:24] = 0.000000
} 
Node 25: {
y_[node:25] = 0
xi_y_i_[y:3][node:25] = 0.050000
} 
Node 26: {
y_[node:26] = 1
xi_y_i_[y:3][node:26] = 0.015385
} 
Node 27: {
y_[node:27] = 1
xi_y_i_[y:3][node:27] = 0.032692
} 
Node 28: {
y_[node:28] = 0
xi_y_i_[y:3][node:28] = 0.050000
} 
Node 29: {
y_[node:29] = 0
xi_y_i_[y:3][node:29] = 0.050000
} 
Node 30: {
y_[node:30] = 0
xi_y_i_[y:3][node:30] = 0.050000
} 

 } 

 y = 4 { 
Node 1: {
y_[node:1] = 0
xi_y_i_[y:4][node:1] = 0.050000
} 
Node 2: {
y_[node:2] = 0
xi_y_i_[y:4][node:2] = 0.050000
} 
Node 3: {
y_[node:3] = 0
xi_y_i_[y:4][node:3] = 0.050000
} 
Node 4: {
y_[node:4] = 0
xi_y_i_[y:4][node:4] = 0.048077
} 
Node 5: {
y_[node:5] = 0
xi_y_i_[y:4][node:5] = 0.000000
} 
Node 6: {
y_[node:6] = 0
xi_y_i_[y:4][node:6] = 0.030769
} 
Node 7: {
y_[node:7] = 0
xi_y_i_[y:4][node:7] = 0.030769
} 
Node 8: {
y_[node:8] = 0
xi_y_i_[y:4][node:8] = 0.000000
} 
Node 9: {
y_[node:9] = 0
xi_y_i_[y:4][node:9] = 0.000000
} 
Node 10: {
y_[node:10] = 0
xi_y_i_[y:4][node:10] = 0.050000
} 
Node 11: {
y_[node:11] = 0
xi_y_i_[y:4][node:11] = 0.030769
} 
Node 12: {
y_[node:12] = 0
xi_y_i_[y:4][node:12] = 0.000000
} 
Node 13: {
y_[node:13] = 0
xi_y_i_[y:4][node:13] = 0.050000
} 
Node 14: {
y_[node:14] = 0
xi_y_i_[y:4][node:14] = 0.050000
} 
Node 15: {
y_[node:15] = 0
xi_y_i_[y:4][node:15] = 0.050000
} 
Node 16: {
y_[node:16] = 0
xi_y_i_[y:4][node:16] = 0.048077
} 
Node 17: {
y_[node:17] = 0
xi_y_i_[y:4][node:17] = 0.032692
} 
Node 18: {
y_[node:18] = 1
xi_y_i_[y:4][node:18] = 0.000000
} 
Node 19: {
y_[node:19] = 1
xi_y_i_[y:4][node:19] = 0.015385
} 
Node 20: {
y_[node:20] = 1
xi_y_i_[y:4][node:20] = 0.015385
} 
Node 21: {
y_[node:21] = 1
xi_y_i_[y:4][node:21] = 0.050000
} 
Node 22: {
y_[node:22] = 0
xi_y_i_[y:4][node:22] = 0.050000
} 
Node 23: {
y_[node:23] = 0
xi_y_i_[y:4][node:23] = 0.050000
} 
Node 24: {
y_[node:24] = 0
xi_y_i_[y:4][node:24] = 0.000000
} 
Node 25: {
y_[node:25] = 0
xi_y_i_[y:4][node:25] = 0.050000
} 
Node 26: {
y_[node:26] = 0
xi_y_i_[y:4][node:26] = 0.015385
} 
Node 27: {
y_[node:27] = 0
xi_y_i_[y:4][node:27] = 0.032692
} 
Node 28: {
y_[node:28] = 0
xi_y_i_[y:4][node:28] = 0.050000
} 
Node 29: {
y_[node:29] = 0
xi_y_i_[y:4][node:29] = 0.050000
} 
Node 30: {
y_[node:30] = 0
xi_y_i_[y:4][node:30] = 0.050000
} 

 } 

 y = 5 { 
Node 1: {
y_[node:1] = 1
xi_y_i_[y:5][node:1] = 0.050000
} 
Node 2: {
y_[node:2] = 0
xi_y_i_[y:5][node:2] = 0.050000
} 
Node 3: {
y_[node:3] = 0
xi_y_i_[y:5][node:3] = 0.050000
} 
Node 4: {
y_[node:4] = 0
xi_y_i_[y:5][node:4] = 0.048077
} 
Node 5: {
y_[node:5] = 0
xi_y_i_[y:5][node:5] = 0.000000
} 
Node 6: {
y_[node:6] = 0
xi_y_i_[y:5][node:6] = 0.030769
} 
Node 7: {
y_[node:7] = 1
xi_y_i_[y:5][node:7] = 0.030769
} 
Node 8: {
y_[node:8] = 1
xi_y_i_[y:5][node:8] = 0.000000
} 
Node 9: {
y_[node:9] = 0
xi_y_i_[y:5][node:9] = 0.000000
} 
Node 10: {
y_[node:10] = 0
xi_y_i_[y:5][node:10] = 0.050000
} 
Node 11: {
y_[node:11] = 0
xi_y_i_[y:5][node:11] = 0.030769
} 
Node 12: {
y_[node:12] = 0
xi_y_i_[y:5][node:12] = 0.000000
} 
Node 13: {
y_[node:13] = 0
xi_y_i_[y:5][node:13] = 0.050000
} 
Node 14: {
y_[node:14] = 0
xi_y_i_[y:5][node:14] = 0.050000
} 
Node 15: {
y_[node:15] = 0
xi_y_i_[y:5][node:15] = 0.050000
} 
Node 16: {
y_[node:16] = 0
xi_y_i_[y:5][node:16] = 0.048077
} 
Node 17: {
y_[node:17] = 0
xi_y_i_[y:5][node:17] = 0.032692
} 
Node 18: {
y_[node:18] = 0
xi_y_i_[y:5][node:18] = 0.000000
} 
Node 19: {
y_[node:19] = 0
xi_y_i_[y:5][node:19] = 0.015385
} 
Node 20: {
y_[node:20] = 0
xi_y_i_[y:5][node:20] = 0.015385
} 
Node 21: {
y_[node:21] = 0
xi_y_i_[y:5][node:21] = 0.050000
} 
Node 22: {
y_[node:22] = 0
xi_y_i_[y:5][node:22] = 0.050000
} 
Node 23: {
y_[node:23] = 0
xi_y_i_[y:5][node:23] = 0.050000
} 
Node 24: {
y_[node:24] = 0
xi_y_i_[y:5][node:24] = 0.000000
} 
Node 25: {
y_[node:25] = 0
xi_y_i_[y:5][node:25] = 0.050000
} 
Node 26: {
y_[node:26] = 0
xi_y_i_[y:5][node:26] = 0.015385
} 
Node 27: {
y_[node:27] = 0
xi_y_i_[y:5][node:27] = 0.032692
} 
Node 28: {
y_[node:28] = 0
xi_y_i_[y:5][node:28] = 0.050000
} 
Node 29: {
y_[node:29] = 0
xi_y_i_[y:5][node:29] = 0.050000
} 
Node 30: {
y_[node:30] = 0
xi_y_i_[y:5][node:30] = 0.050000
} 

 } 

 y = 6 { 
Node 1: {
y_[node:1] = 0
xi_y_i_[y:6][node:1] = 0.050000
} 
Node 2: {
y_[node:2] = 0
xi_y_i_[y:6][node:2] = 0.050000
} 
Node 3: {
y_[node:3] = 0
xi_y_i_[y:6][node:3] = 0.050000
} 
Node 4: {
y_[node:4] = 0
xi_y_i_[y:6][node:4] = 0.048077
} 
Node 5: {
y_[node:5] = 0
xi_y_i_[y:6][node:5] = 0.000000
} 
Node 6: {
y_[node:6] = 0
xi_y_i_[y:6][node:6] = 0.030769
} 
Node 7: {
y_[node:7] = 0
xi_y_i_[y:6][node:7] = 0.030769
} 
Node 8: {
y_[node:8] = 0
xi_y_i_[y:6][node:8] = 0.000000
} 
Node 9: {
y_[node:9] = 0
xi_y_i_[y:6][node:9] = 0.000000
} 
Node 10: {
y_[node:10] = 0
xi_y_i_[y:6][node:10] = 0.050000
} 
Node 11: {
y_[node:11] = 0
xi_y_i_[y:6][node:11] = 0.030769
} 
Node 12: {
y_[node:12] = 0
xi_y_i_[y:6][node:12] = 0.000000
} 
Node 13: {
y_[node:13] = 0
xi_y_i_[y:6][node:13] = 0.050000
} 
Node 14: {
y_[node:14] = 0
xi_y_i_[y:6][node:14] = 0.050000
} 
Node 15: {
y_[node:15] = 0
xi_y_i_[y:6][node:15] = 0.050000
} 
Node 16: {
y_[node:16] = 1
xi_y_i_[y:6][node:16] = 0.048077
} 
Node 17: {
y_[node:17] = 0
xi_y_i_[y:6][node:17] = 0.032692
} 
Node 18: {
y_[node:18] = 0
xi_y_i_[y:6][node:18] = 0.000000
} 
Node 19: {
y_[node:19] = 0
xi_y_i_[y:6][node:19] = 0.015385
} 
Node 20: {
y_[node:20] = 0
xi_y_i_[y:6][node:20] = 0.015385
} 
Node 21: {
y_[node:21] = 0
xi_y_i_[y:6][node:21] = 0.050000
} 
Node 22: {
y_[node:22] = 0
xi_y_i_[y:6][node:22] = 0.050000
} 
Node 23: {
y_[node:23] = 0
xi_y_i_[y:6][node:23] = 0.050000
} 
Node 24: {
y_[node:24] = 0
xi_y_i_[y:6][node:24] = 0.000000
} 
Node 25: {
y_[node:25] = 0
xi_y_i_[y:6][node:25] = 0.050000
} 
Node 26: {
y_[node:26] = 0
xi_y_i_[y:6][node:26] = 0.015385
} 
Node 27: {
y_[node:27] = 1
xi_y_i_[y:6][node:27] = 0.032692
} 
Node 28: {
y_[node:28] = 0
xi_y_i_[y:6][node:28] = 0.050000
} 
Node 29: {
y_[node:29] = 0
xi_y_i_[y:6][node:29] = 0.050000
} 
Node 30: {
y_[node:30] = 0
xi_y_i_[y:6][node:30] = 0.050000
} 

 } 

 y = 7 { 
Node 1: {
y_[node:1] = 0
xi_y_i_[y:7][node:1] = 0.050000
} 
Node 2: {
y_[node:2] = 0
xi_y_i_[y:7][node:2] = 0.050000
} 
Node 3: {
y_[node:3] = 0
xi_y_i_[y:7][node:3] = 0.050000
} 
Node 4: {
y_[node:4] = 1
xi_y_i_[y:7][node:4] = 0.048077
} 
Node 5: {
y_[node:5] = 1
xi_y_i_[y:7][node:5] = 0.000000
} 
Node 6: {
y_[node:6] = 0
xi_y_i_[y:7][node:6] = 0.030769
} 
Node 7: {
y_[node:7] = 0
xi_y_i_[y:7][node:7] = 0.030769
} 
Node 8: {
y_[node:8] = 0
xi_y_i_[y:7][node:8] = 0.000000
} 
Node 9: {
y_[node:9] = 0
xi_y_i_[y:7][node:9] = 0.000000
} 
Node 10: {
y_[node:10] = 0
xi_y_i_[y:7][node:10] = 0.050000
} 
Node 11: {
y_[node:11] = 0
xi_y_i_[y:7][node:11] = 0.030769
} 
Node 12: {
y_[node:12] = 0
xi_y_i_[y:7][node:12] = 0.000000
} 
Node 13: {
y_[node:13] = 0
xi_y_i_[y:7][node:13] = 0.050000
} 
Node 14: {
y_[node:14] = 0
xi_y_i_[y:7][node:14] = 0.050000
} 
Node 15: {
y_[node:15] = 0
xi_y_i_[y:7][node:15] = 0.050000
} 
Node 16: {
y_[node:16] = 0
xi_y_i_[y:7][node:16] = 0.048077
} 
Node 17: {
y_[node:17] = 1
xi_y_i_[y:7][node:17] = 0.032692
} 
Node 18: {
y_[node:18] = 0
xi_y_i_[y:7][node:18] = 0.000000
} 
Node 19: {
y_[node:19] = 0
xi_y_i_[y:7][node:19] = 0.015385
} 
Node 20: {
y_[node:20] = 0
xi_y_i_[y:7][node:20] = 0.015385
} 
Node 21: {
y_[node:21] = 0
xi_y_i_[y:7][node:21] = 0.050000
} 
Node 22: {
y_[node:22] = 0
xi_y_i_[y:7][node:22] = 0.050000
} 
Node 23: {
y_[node:23] = 0
xi_y_i_[y:7][node:23] = 0.050000
} 
Node 24: {
y_[node:24] = 0
xi_y_i_[y:7][node:24] = 0.000000
} 
Node 25: {
y_[node:25] = 0
xi_y_i_[y:7][node:25] = 0.050000
} 
Node 26: {
y_[node:26] = 0
xi_y_i_[y:7][node:26] = 0.015385
} 
Node 27: {
y_[node:27] = 0
xi_y_i_[y:7][node:27] = 0.032692
} 
Node 28: {
y_[node:28] = 0
xi_y_i_[y:7][node:28] = 0.050000
} 
Node 29: {
y_[node:29] = 0
xi_y_i_[y:7][node:29] = 0.050000
} 
Node 30: {
y_[node:30] = 0
xi_y_i_[y:7][node:30] = 0.050000
} 

 } 

 y = 8 { 
Node 1: {
y_[node:1] = 1
xi_y_i_[y:8][node:1] = 0.050000
} 
Node 2: {
y_[node:2] = 0
xi_y_i_[y:8][node:2] = 0.050000
} 
Node 3: {
y_[node:3] = 0
xi_y_i_[y:8][node:3] = 0.050000
} 
Node 4: {
y_[node:4] = 0
xi_y_i_[y:8][node:4] = 0.048077
} 
Node 5: {
y_[node:5] = 0
xi_y_i_[y:8][node:5] = 0.000000
} 
Node 6: {
y_[node:6] = 1
xi_y_i_[y:8][node:6] = 0.030769
} 
Node 7: {
y_[node:7] = 0
xi_y_i_[y:8][node:7] = 0.030769
} 
Node 8: {
y_[node:8] = 0
xi_y_i_[y:8][node:8] = 0.000000
} 
Node 9: {
y_[node:9] = 0
xi_y_i_[y:8][node:9] = 0.000000
} 
Node 10: {
y_[node:10] = 0
xi_y_i_[y:8][node:10] = 0.050000
} 
Node 11: {
y_[node:11] = 0
xi_y_i_[y:8][node:11] = 0.030769
} 
Node 12: {
y_[node:12] = 1
xi_y_i_[y:8][node:12] = 0.000000
} 
Node 13: {
y_[node:13] = 0
xi_y_i_[y:8][node:13] = 0.050000
} 
Node 14: {
y_[node:14] = 0
xi_y_i_[y:8][node:14] = 0.050000
} 
Node 15: {
y_[node:15] = 0
xi_y_i_[y:8][node:15] = 0.050000
} 
Node 16: {
y_[node:16] = 0
xi_y_i_[y:8][node:16] = 0.048077
} 
Node 17: {
y_[node:17] = 0
xi_y_i_[y:8][node:17] = 0.032692
} 
Node 18: {
y_[node:18] = 0
xi_y_i_[y:8][node:18] = 0.000000
} 
Node 19: {
y_[node:19] = 0
xi_y_i_[y:8][node:19] = 0.015385
} 
Node 20: {
y_[node:20] = 0
xi_y_i_[y:8][node:20] = 0.015385
} 
Node 21: {
y_[node:21] = 0
xi_y_i_[y:8][node:21] = 0.050000
} 
Node 22: {
y_[node:22] = 0
xi_y_i_[y:8][node:22] = 0.050000
} 
Node 23: {
y_[node:23] = 0
xi_y_i_[y:8][node:23] = 0.050000
} 
Node 24: {
y_[node:24] = 0
xi_y_i_[y:8][node:24] = 0.000000
} 
Node 25: {
y_[node:25] = 0
xi_y_i_[y:8][node:25] = 0.050000
} 
Node 26: {
y_[node:26] = 0
xi_y_i_[y:8][node:26] = 0.015385
} 
Node 27: {
y_[node:27] = 0
xi_y_i_[y:8][node:27] = 0.032692
} 
Node 28: {
y_[node:28] = 0
xi_y_i_[y:8][node:28] = 0.050000
} 
Node 29: {
y_[node:29] = 0
xi_y_i_[y:8][node:29] = 0.050000
} 
Node 30: {
y_[node:30] = 0
xi_y_i_[y:8][node:30] = 0.050000
} 

 } 

 y = 11 { 
Node 1: {
y_[node:1] = 0
xi_y_i_[y:11][node:1] = 0.050000
} 
Node 2: {
y_[node:2] = 0
xi_y_i_[y:11][node:2] = 0.050000
} 
Node 3: {
y_[node:3] = 0
xi_y_i_[y:11][node:3] = 0.050000
} 
Node 4: {
y_[node:4] = 0
xi_y_i_[y:11][node:4] = 0.048077
} 
Node 5: {
y_[node:5] = 0
xi_y_i_[y:11][node:5] = 0.000000
} 
Node 6: {
y_[node:6] = 0
xi_y_i_[y:11][node:6] = 0.030769
} 
Node 7: {
y_[node:7] = 0
xi_y_i_[y:11][node:7] = 0.030769
} 
Node 8: {
y_[node:8] = 0
xi_y_i_[y:11][node:8] = 0.000000
} 
Node 9: {
y_[node:9] = 0
xi_y_i_[y:11][node:9] = 0.000000
} 
Node 10: {
y_[node:10] = 0
xi_y_i_[y:11][node:10] = 0.050000
} 
Node 11: {
y_[node:11] = 0
xi_y_i_[y:11][node:11] = 0.030769
} 
Node 12: {
y_[node:12] = 0
xi_y_i_[y:11][node:12] = 0.000000
} 
Node 13: {
y_[node:13] = 0
xi_y_i_[y:11][node:13] = 0.050000
} 
Node 14: {
y_[node:14] = 0
xi_y_i_[y:11][node:14] = 0.050000
} 
Node 15: {
y_[node:15] = 0
xi_y_i_[y:11][node:15] = 0.050000
} 
Node 16: {
y_[node:16] = 0
xi_y_i_[y:11][node:16] = 0.048077
} 
Node 17: {
y_[node:17] = 0
xi_y_i_[y:11][node:17] = 0.032692
} 
Node 18: {
y_[node:18] = 1
xi_y_i_[y:11][node:18] = 0.000000
} 
Node 19: {
y_[node:19] = 0
xi_y_i_[y:11][node:19] = 0.015385
} 
Node 20: {
y_[node:20] = 1
xi_y_i_[y:11][node:20] = 0.015385
} 
Node 21: {
y_[node:21] = 0
xi_y_i_[y:11][node:21] = 0.050000
} 
Node 22: {
y_[node:22] = 0
xi_y_i_[y:11][node:22] = 0.050000
} 
Node 23: {
y_[node:23] = 0
xi_y_i_[y:11][node:23] = 0.050000
} 
Node 24: {
y_[node:24] = 0
xi_y_i_[y:11][node:24] = 0.050000
} 
Node 25: {
y_[node:25] = 1
xi_y_i_[y:11][node:25] = 0.000000
} 
Node 26: {
y_[node:26] = 1
xi_y_i_[y:11][node:26] = 0.015385
} 
Node 27: {
y_[node:27] = 0
xi_y_i_[y:11][node:27] = 0.032692
} 
Node 28: {
y_[node:28] = 0
xi_y_i_[y:11][node:28] = 0.050000
} 
Node 29: {
y_[node:29] = 0
xi_y_i_[y:11][node:29] = 0.050000
} 
Node 30: {
y_[node:30] = 1
xi_y_i_[y:11][node:30] = 0.050000
} 

 } 

 y = 13 { 
Node 1: {
y_[node:1] = 0
xi_y_i_[y:13][node:1] = 0.050000
} 
Node 2: {
y_[node:2] = 0
xi_y_i_[y:13][node:2] = 0.050000
} 
Node 3: {
y_[node:3] = 0
xi_y_i_[y:13][node:3] = 0.050000
} 
Node 4: {
y_[node:4] = 0
xi_y_i_[y:13][node:4] = 0.048077
} 
Node 5: {
y_[node:5] = 0
xi_y_i_[y:13][node:5] = 0.000000
} 
Node 6: {
y_[node:6] = 0
xi_y_i_[y:13][node:6] = 0.030769
} 
Node 7: {
y_[node:7] = 1
xi_y_i_[y:13][node:7] = 0.030769
} 
Node 8: {
y_[node:8] = 0
xi_y_i_[y:13][node:8] = 0.000000
} 
Node 9: {
y_[node:9] = 1
xi_y_i_[y:13][node:9] = 0.000000
} 
Node 10: {
y_[node:10] = 1
xi_y_i_[y:13][node:10] = 0.050000
} 
Node 11: {
y_[node:11] = 0
xi_y_i_[y:13][node:11] = 0.030769
} 
Node 12: {
y_[node:12] = 0
xi_y_i_[y:13][node:12] = 0.000000
} 
Node 13: {
y_[node:13] = 0
xi_y_i_[y:13][node:13] = 0.050000
} 
Node 14: {
y_[node:14] = 0
xi_y_i_[y:13][node:14] = 0.050000
} 
Node 15: {
y_[node:15] = 0
xi_y_i_[y:13][node:15] = 0.050000
} 
Node 16: {
y_[node:16] = 0
xi_y_i_[y:13][node:16] = 0.048077
} 
Node 17: {
y_[node:17] = 0
xi_y_i_[y:13][node:17] = 0.032692
} 
Node 18: {
y_[node:18] = 0
xi_y_i_[y:13][node:18] = 0.000000
} 
Node 19: {
y_[node:19] = 0
xi_y_i_[y:13][node:19] = 0.015385
} 
Node 20: {
y_[node:20] = 0
xi_y_i_[y:13][node:20] = 0.015385
} 
Node 21: {
y_[node:21] = 0
xi_y_i_[y:13][node:21] = 0.050000
} 
Node 22: {
y_[node:22] = 0
xi_y_i_[y:13][node:22] = 0.050000
} 
Node 23: {
y_[node:23] = 0
xi_y_i_[y:13][node:23] = 0.050000
} 
Node 24: {
y_[node:24] = 0
xi_y_i_[y:13][node:24] = 0.000000
} 
Node 25: {
y_[node:25] = 0
xi_y_i_[y:13][node:25] = 0.050000
} 
Node 26: {
y_[node:26] = 0
xi_y_i_[y:13][node:26] = 0.015385
} 
Node 27: {
y_[node:27] = 0
xi_y_i_[y:13][node:27] = 0.032692
} 
Node 28: {
y_[node:28] = 0
xi_y_i_[y:13][node:28] = 0.050000
} 
Node 29: {
y_[node:29] = 0
xi_y_i_[y:13][node:29] = 0.050000
} 
Node 30: {
y_[node:30] = 0
xi_y_i_[y:13][node:30] = 0.050000
} 

 } 

 y = 14 { 
Node 1: {
y_[node:1] = 0
xi_y_i_[y:14][node:1] = 0.050000
} 
Node 2: {
y_[node:2] = 0
xi_y_i_[y:14][node:2] = 0.050000
} 
Node 3: {
y_[node:3] = 0
xi_y_i_[y:14][node:3] = 0.050000
} 
Node 4: {
y_[node:4] = 0
xi_y_i_[y:14][node:4] = 0.048077
} 
Node 5: {
y_[node:5] = 0
xi_y_i_[y:14][node:5] = 0.000000
} 
Node 6: {
y_[node:6] = 0
xi_y_i_[y:14][node:6] = 0.030769
} 
Node 7: {
y_[node:7] = 0
xi_y_i_[y:14][node:7] = 0.030769
} 
Node 8: {
y_[node:8] = 0
xi_y_i_[y:14][node:8] = 0.000000
} 
Node 9: {
y_[node:9] = 0
xi_y_i_[y:14][node:9] = 0.000000
} 
Node 10: {
y_[node:10] = 0
xi_y_i_[y:14][node:10] = 0.050000
} 
Node 11: {
y_[node:11] = 0
xi_y_i_[y:14][node:11] = 0.030769
} 
Node 12: {
y_[node:12] = 0
xi_y_i_[y:14][node:12] = 0.000000
} 
Node 13: {
y_[node:13] = 0
xi_y_i_[y:14][node:13] = 0.050000
} 
Node 14: {
y_[node:14] = 0
xi_y_i_[y:14][node:14] = 0.050000
} 
Node 15: {
y_[node:15] = 0
xi_y_i_[y:14][node:15] = 0.050000
} 
Node 16: {
y_[node:16] = 0
xi_y_i_[y:14][node:16] = 0.048077
} 
Node 17: {
y_[node:17] = 0
xi_y_i_[y:14][node:17] = 0.032692
} 
Node 18: {
y_[node:18] = 1
xi_y_i_[y:14][node:18] = 0.000000
} 
Node 19: {
y_[node:19] = 0
xi_y_i_[y:14][node:19] = 0.015385
} 
Node 20: {
y_[node:20] = 0
xi_y_i_[y:14][node:20] = 0.015385
} 
Node 21: {
y_[node:21] = 1
xi_y_i_[y:14][node:21] = 0.050000
} 
Node 22: {
y_[node:22] = 0
xi_y_i_[y:14][node:22] = 0.050000
} 
Node 23: {
y_[node:23] = 0
xi_y_i_[y:14][node:23] = 0.050000
} 
Node 24: {
y_[node:24] = 0
xi_y_i_[y:14][node:24] = 0.019231
} 
Node 25: {
y_[node:25] = 1
xi_y_i_[y:14][node:25] = 0.030769
} 
Node 26: {
y_[node:26] = 0
xi_y_i_[y:14][node:26] = 0.015385
} 
Node 27: {
y_[node:27] = 0
xi_y_i_[y:14][node:27] = 0.032692
} 
Node 28: {
y_[node:28] = 0
xi_y_i_[y:14][node:28] = 0.050000
} 
Node 29: {
y_[node:29] = 0
xi_y_i_[y:14][node:29] = 0.050000
} 
Node 30: {
y_[node:30] = 0
xi_y_i_[y:14][node:30] = 0.050000
} 

 } 

 y = 16 { 
Node 1: {
y_[node:1] = 0
xi_y_i_[y:16][node:1] = 0.050000
} 
Node 2: {
y_[node:2] = 1
xi_y_i_[y:16][node:2] = 0.050000
} 
Node 3: {
y_[node:3] = 0
xi_y_i_[y:16][node:3] = 0.050000
} 
Node 4: {
y_[node:4] = 0
xi_y_i_[y:16][node:4] = 0.048077
} 
Node 5: {
y_[node:5] = 0
xi_y_i_[y:16][node:5] = 0.000000
} 
Node 6: {
y_[node:6] = 1
xi_y_i_[y:16][node:6] = 0.030769
} 
Node 7: {
y_[node:7] = 0
xi_y_i_[y:16][node:7] = 0.030769
} 
Node 8: {
y_[node:8] = 0
xi_y_i_[y:16][node:8] = 0.000000
} 
Node 9: {
y_[node:9] = 0
xi_y_i_[y:16][node:9] = 0.000000
} 
Node 10: {
y_[node:10] = 0
xi_y_i_[y:16][node:10] = 0.050000
} 
Node 11: {
y_[node:11] = 0
xi_y_i_[y:16][node:11] = 0.030769
} 
Node 12: {
y_[node:12] = 1
xi_y_i_[y:16][node:12] = 0.000000
} 
Node 13: {
y_[node:13] = 0
xi_y_i_[y:16][node:13] = 0.050000
} 
Node 14: {
y_[node:14] = 0
xi_y_i_[y:16][node:14] = 0.050000
} 
Node 15: {
y_[node:15] = 0
xi_y_i_[y:16][node:15] = 0.050000
} 
Node 16: {
y_[node:16] = 0
xi_y_i_[y:16][node:16] = 0.048077
} 
Node 17: {
y_[node:17] = 0
xi_y_i_[y:16][node:17] = 0.032692
} 
Node 18: {
y_[node:18] = 0
xi_y_i_[y:16][node:18] = 0.000000
} 
Node 19: {
y_[node:19] = 0
xi_y_i_[y:16][node:19] = 0.015385
} 
Node 20: {
y_[node:20] = 0
xi_y_i_[y:16][node:20] = 0.015385
} 
Node 21: {
y_[node:21] = 0
xi_y_i_[y:16][node:21] = 0.050000
} 
Node 22: {
y_[node:22] = 0
xi_y_i_[y:16][node:22] = 0.050000
} 
Node 23: {
y_[node:23] = 0
xi_y_i_[y:16][node:23] = 0.050000
} 
Node 24: {
y_[node:24] = 0
xi_y_i_[y:16][node:24] = 0.000000
} 
Node 25: {
y_[node:25] = 0
xi_y_i_[y:16][node:25] = 0.050000
} 
Node 26: {
y_[node:26] = 0
xi_y_i_[y:16][node:26] = 0.015385
} 
Node 27: {
y_[node:27] = 0
xi_y_i_[y:16][node:27] = 0.032692
} 
Node 28: {
y_[node:28] = 0
xi_y_i_[y:16][node:28] = 0.050000
} 
Node 29: {
y_[node:29] = 0
xi_y_i_[y:16][node:29] = 0.050000
} 
Node 30: {
y_[node:30] = 0
xi_y_i_[y:16][node:30] = 0.050000
} 

 } 

 y = 18 { 
Node 1: {
y_[node:1] = 0
xi_y_i_[y:18][node:1] = 0.050000
} 
Node 2: {
y_[node:2] = 0
xi_y_i_[y:18][node:2] = 0.050000
} 
Node 3: {
y_[node:3] = 0
xi_y_i_[y:18][node:3] = 0.050000
} 
Node 4: {
y_[node:4] = 0
xi_y_i_[y:18][node:4] = 0.048077
} 
Node 5: {
y_[node:5] = 0
xi_y_i_[y:18][node:5] = 0.000000
} 
Node 6: {
y_[node:6] = 0
xi_y_i_[y:18][node:6] = 0.030769
} 
Node 7: {
y_[node:7] = 0
xi_y_i_[y:18][node:7] = 0.030769
} 
Node 8: {
y_[node:8] = 0
xi_y_i_[y:18][node:8] = 0.000000
} 
Node 9: {
y_[node:9] = 0
xi_y_i_[y:18][node:9] = 0.000000
} 
Node 10: {
y_[node:10] = 0
xi_y_i_[y:18][node:10] = 0.050000
} 
Node 11: {
y_[node:11] = 0
xi_y_i_[y:18][node:11] = 0.030769
} 
Node 12: {
y_[node:12] = 0
xi_y_i_[y:18][node:12] = 0.000000
} 
Node 13: {
y_[node:13] = 0
xi_y_i_[y:18][node:13] = 0.050000
} 
Node 14: {
y_[node:14] = 0
xi_y_i_[y:18][node:14] = 0.050000
} 
Node 15: {
y_[node:15] = 0
xi_y_i_[y:18][node:15] = 0.050000
} 
Node 16: {
y_[node:16] = 1
xi_y_i_[y:18][node:16] = 0.048077
} 
Node 17: {
y_[node:17] = 1
xi_y_i_[y:18][node:17] = 0.032692
} 
Node 18: {
y_[node:18] = 0
xi_y_i_[y:18][node:18] = 0.000000
} 
Node 19: {
y_[node:19] = 0
xi_y_i_[y:18][node:19] = 0.015385
} 
Node 20: {
y_[node:20] = 0
xi_y_i_[y:18][node:20] = 0.015385
} 
Node 21: {
y_[node:21] = 0
xi_y_i_[y:18][node:21] = 0.050000
} 
Node 22: {
y_[node:22] = 0
xi_y_i_[y:18][node:22] = 0.050000
} 
Node 23: {
y_[node:23] = 0
xi_y_i_[y:18][node:23] = 0.050000
} 
Node 24: {
y_[node:24] = 0
xi_y_i_[y:18][node:24] = 0.000000
} 
Node 25: {
y_[node:25] = 0
xi_y_i_[y:18][node:25] = 0.050000
} 
Node 26: {
y_[node:26] = 0
xi_y_i_[y:18][node:26] = 0.015385
} 
Node 27: {
y_[node:27] = 0
xi_y_i_[y:18][node:27] = 0.032692
} 
Node 28: {
y_[node:28] = 0
xi_y_i_[y:18][node:28] = 0.050000
} 
Node 29: {
y_[node:29] = 0
xi_y_i_[y:18][node:29] = 0.050000
} 
Node 30: {
y_[node:30] = 0
xi_y_i_[y:18][node:30] = 0.050000
} 

 } 

 y = 19 { 
Node 1: {
y_[node:1] = 0
xi_y_i_[y:19][node:1] = 0.050000
} 
Node 2: {
y_[node:2] = 0
xi_y_i_[y:19][node:2] = 0.050000
} 
Node 3: {
y_[node:3] = 0
xi_y_i_[y:19][node:3] = 0.050000
} 
Node 4: {
y_[node:4] = 1
xi_y_i_[y:19][node:4] = 0.048077
} 
Node 5: {
y_[node:5] = 0
xi_y_i_[y:19][node:5] = 0.000000
} 
Node 6: {
y_[node:6] = 0
xi_y_i_[y:19][node:6] = 0.030769
} 
Node 7: {
y_[node:7] = 0
xi_y_i_[y:19][node:7] = 0.030769
} 
Node 8: {
y_[node:8] = 0
xi_y_i_[y:19][node:8] = 0.000000
} 
Node 9: {
y_[node:9] = 0
xi_y_i_[y:19][node:9] = 0.000000
} 
Node 10: {
y_[node:10] = 0
xi_y_i_[y:19][node:10] = 0.050000
} 
Node 11: {
y_[node:11] = 0
xi_y_i_[y:19][node:11] = 0.030769
} 
Node 12: {
y_[node:12] = 1
xi_y_i_[y:19][node:12] = 0.000000
} 
Node 13: {
y_[node:13] = 0
xi_y_i_[y:19][node:13] = 0.050000
} 
Node 14: {
y_[node:14] = 0
xi_y_i_[y:19][node:14] = 0.050000
} 
Node 15: {
y_[node:15] = 0
xi_y_i_[y:19][node:15] = 0.050000
} 
Node 16: {
y_[node:16] = 0
xi_y_i_[y:19][node:16] = 0.048077
} 
Node 17: {
y_[node:17] = 1
xi_y_i_[y:19][node:17] = 0.032692
} 
Node 18: {
y_[node:18] = 0
xi_y_i_[y:19][node:18] = 0.000000
} 
Node 19: {
y_[node:19] = 0
xi_y_i_[y:19][node:19] = 0.015385
} 
Node 20: {
y_[node:20] = 0
xi_y_i_[y:19][node:20] = 0.015385
} 
Node 21: {
y_[node:21] = 0
xi_y_i_[y:19][node:21] = 0.050000
} 
Node 22: {
y_[node:22] = 0
xi_y_i_[y:19][node:22] = 0.050000
} 
Node 23: {
y_[node:23] = 0
xi_y_i_[y:19][node:23] = 0.050000
} 
Node 24: {
y_[node:24] = 0
xi_y_i_[y:19][node:24] = 0.000000
} 
Node 25: {
y_[node:25] = 0
xi_y_i_[y:19][node:25] = 0.050000
} 
Node 26: {
y_[node:26] = 0
xi_y_i_[y:19][node:26] = 0.015385
} 
Node 27: {
y_[node:27] = 0
xi_y_i_[y:19][node:27] = 0.032692
} 
Node 28: {
y_[node:28] = 0
xi_y_i_[y:19][node:28] = 0.050000
} 
Node 29: {
y_[node:29] = 0
xi_y_i_[y:19][node:29] = 0.050000
} 
Node 30: {
y_[node:30] = 0
xi_y_i_[y:19][node:30] = 0.050000
} 

 } 

 y = 20 { 
Node 1: {
y_[node:1] = 0
xi_y_i_[y:20][node:1] = 0.050000
} 
Node 2: {
y_[node:2] = 0
xi_y_i_[y:20][node:2] = 0.050000
} 
Node 3: {
y_[node:3] = 0
xi_y_i_[y:20][node:3] = 0.050000
} 
Node 4: {
y_[node:4] = 0
xi_y_i_[y:20][node:4] = 0.048077
} 
Node 5: {
y_[node:5] = 0
xi_y_i_[y:20][node:5] = 0.000000
} 
Node 6: {
y_[node:6] = 0
xi_y_i_[y:20][node:6] = 0.030769
} 
Node 7: {
y_[node:7] = 0
xi_y_i_[y:20][node:7] = 0.030769
} 
Node 8: {
y_[node:8] = 0
xi_y_i_[y:20][node:8] = 0.000000
} 
Node 9: {
y_[node:9] = 0
xi_y_i_[y:20][node:9] = 0.000000
} 
Node 10: {
y_[node:10] = 0
xi_y_i_[y:20][node:10] = 0.050000
} 
Node 11: {
y_[node:11] = 0
xi_y_i_[y:20][node:11] = 0.030769
} 
Node 12: {
y_[node:12] = 0
xi_y_i_[y:20][node:12] = 0.000000
} 
Node 13: {
y_[node:13] = 0
xi_y_i_[y:20][node:13] = 0.050000
} 
Node 14: {
y_[node:14] = 0
xi_y_i_[y:20][node:14] = 0.050000
} 
Node 15: {
y_[node:15] = 0
xi_y_i_[y:20][node:15] = 0.050000
} 
Node 16: {
y_[node:16] = 0
xi_y_i_[y:20][node:16] = 0.048077
} 
Node 17: {
y_[node:17] = 0
xi_y_i_[y:20][node:17] = 0.032692
} 
Node 18: {
y_[node:18] = 0
xi_y_i_[y:20][node:18] = 0.000000
} 
Node 19: {
y_[node:19] = 0
xi_y_i_[y:20][node:19] = 0.015385
} 
Node 20: {
y_[node:20] = 0
xi_y_i_[y:20][node:20] = 0.015385
} 
Node 21: {
y_[node:21] = 0
xi_y_i_[y:20][node:21] = 0.050000
} 
Node 22: {
y_[node:22] = 0
xi_y_i_[y:20][node:22] = 0.050000
} 
Node 23: {
y_[node:23] = 0
xi_y_i_[y:20][node:23] = 0.050000
} 
Node 24: {
y_[node:24] = 0
xi_y_i_[y:20][node:24] = 0.017308
} 
Node 25: {
y_[node:25] = 0
xi_y_i_[y:20][node:25] = 0.050000
} 
Node 26: {
y_[node:26] = 1
xi_y_i_[y:20][node:26] = 0.015385
} 
Node 27: {
y_[node:27] = 1
xi_y_i_[y:20][node:27] = 0.032692
} 
Node 28: {
y_[node:28] = 0
xi_y_i_[y:20][node:28] = 0.050000
} 
Node 29: {
y_[node:29] = 0
xi_y_i_[y:20][node:29] = 0.050000
} 
Node 30: {
y_[node:30] = 1
xi_y_i_[y:20][node:30] = 0.032692
} 

 } 

 y = 21 { 
Node 1: {
y_[node:1] = 0
xi_y_i_[y:21][node:1] = 0.050000
} 
Node 2: {
y_[node:2] = 0
xi_y_i_[y:21][node:2] = 0.050000
} 
Node 3: {
y_[node:3] = 0
xi_y_i_[y:21][node:3] = 0.050000
} 
Node 4: {
y_[node:4] = 0
xi_y_i_[y:21][node:4] = 0.048077
} 
Node 5: {
y_[node:5] = 0
xi_y_i_[y:21][node:5] = 0.000000
} 
Node 6: {
y_[node:6] = 0
xi_y_i_[y:21][node:6] = 0.030769
} 
Node 7: {
y_[node:7] = 0
xi_y_i_[y:21][node:7] = 0.030769
} 
Node 8: {
y_[node:8] = 0
xi_y_i_[y:21][node:8] = 0.000000
} 
Node 9: {
y_[node:9] = 0
xi_y_i_[y:21][node:9] = 0.000000
} 
Node 10: {
y_[node:10] = 0
xi_y_i_[y:21][node:10] = 0.050000
} 
Node 11: {
y_[node:11] = 1
xi_y_i_[y:21][node:11] = 0.030769
} 
Node 12: {
y_[node:12] = 0
xi_y_i_[y:21][node:12] = 0.000000
} 
Node 13: {
y_[node:13] = 0
xi_y_i_[y:21][node:13] = 0.050000
} 
Node 14: {
y_[node:14] = 0
xi_y_i_[y:21][node:14] = 0.050000
} 
Node 15: {
y_[node:15] = 0
xi_y_i_[y:21][node:15] = 0.050000
} 
Node 16: {
y_[node:16] = 0
xi_y_i_[y:21][node:16] = 0.048077
} 
Node 17: {
y_[node:17] = 0
xi_y_i_[y:21][node:17] = 0.032692
} 
Node 18: {
y_[node:18] = 1
xi_y_i_[y:21][node:18] = 0.000000
} 
Node 19: {
y_[node:19] = 0
xi_y_i_[y:21][node:19] = 0.015385
} 
Node 20: {
y_[node:20] = 0
xi_y_i_[y:21][node:20] = 0.015385
} 
Node 21: {
y_[node:21] = 1
xi_y_i_[y:21][node:21] = 0.050000
} 
Node 22: {
y_[node:22] = 0
xi_y_i_[y:21][node:22] = 0.050000
} 
Node 23: {
y_[node:23] = 0
xi_y_i_[y:21][node:23] = 0.050000
} 
Node 24: {
y_[node:24] = 0
xi_y_i_[y:21][node:24] = 0.000000
} 
Node 25: {
y_[node:25] = 0
xi_y_i_[y:21][node:25] = 0.050000
} 
Node 26: {
y_[node:26] = 0
xi_y_i_[y:21][node:26] = 0.015385
} 
Node 27: {
y_[node:27] = 0
xi_y_i_[y:21][node:27] = 0.032692
} 
Node 28: {
y_[node:28] = 0
xi_y_i_[y:21][node:28] = 0.050000
} 
Node 29: {
y_[node:29] = 0
xi_y_i_[y:21][node:29] = 0.050000
} 
Node 30: {
y_[node:30] = 0
xi_y_i_[y:21][node:30] = 0.050000
} 

 } 

 y = 23 { 
Node 1: {
y_[node:1] = 0
xi_y_i_[y:23][node:1] = 0.050000
} 
Node 2: {
y_[node:2] = 0
xi_y_i_[y:23][node:2] = 0.050000
} 
Node 3: {
y_[node:3] = 0
xi_y_i_[y:23][node:3] = 0.050000
} 
Node 4: {
y_[node:4] = 1
xi_y_i_[y:23][node:4] = 0.048077
} 
Node 5: {
y_[node:5] = 1
xi_y_i_[y:23][node:5] = 0.000000
} 
Node 6: {
y_[node:6] = 0
xi_y_i_[y:23][node:6] = 0.030769
} 
Node 7: {
y_[node:7] = 0
xi_y_i_[y:23][node:7] = 0.030769
} 
Node 8: {
y_[node:8] = 0
xi_y_i_[y:23][node:8] = 0.000000
} 
Node 9: {
y_[node:9] = 0
xi_y_i_[y:23][node:9] = 0.000000
} 
Node 10: {
y_[node:10] = 0
xi_y_i_[y:23][node:10] = 0.050000
} 
Node 11: {
y_[node:11] = 0
xi_y_i_[y:23][node:11] = 0.030769
} 
Node 12: {
y_[node:12] = 1
xi_y_i_[y:23][node:12] = 0.000000
} 
Node 13: {
y_[node:13] = 0
xi_y_i_[y:23][node:13] = 0.050000
} 
Node 14: {
y_[node:14] = 0
xi_y_i_[y:23][node:14] = 0.050000
} 
Node 15: {
y_[node:15] = 0
xi_y_i_[y:23][node:15] = 0.050000
} 
Node 16: {
y_[node:16] = 0
xi_y_i_[y:23][node:16] = 0.048077
} 
Node 17: {
y_[node:17] = 1
xi_y_i_[y:23][node:17] = 0.032692
} 
Node 18: {
y_[node:18] = 0
xi_y_i_[y:23][node:18] = 0.000000
} 
Node 19: {
y_[node:19] = 0
xi_y_i_[y:23][node:19] = 0.015385
} 
Node 20: {
y_[node:20] = 0
xi_y_i_[y:23][node:20] = 0.015385
} 
Node 21: {
y_[node:21] = 0
xi_y_i_[y:23][node:21] = 0.050000
} 
Node 22: {
y_[node:22] = 0
xi_y_i_[y:23][node:22] = 0.050000
} 
Node 23: {
y_[node:23] = 0
xi_y_i_[y:23][node:23] = 0.050000
} 
Node 24: {
y_[node:24] = 0
xi_y_i_[y:23][node:24] = 0.000000
} 
Node 25: {
y_[node:25] = 0
xi_y_i_[y:23][node:25] = 0.050000
} 
Node 26: {
y_[node:26] = 0
xi_y_i_[y:23][node:26] = 0.015385
} 
Node 27: {
y_[node:27] = 0
xi_y_i_[y:23][node:27] = 0.032692
} 
Node 28: {
y_[node:28] = 0
xi_y_i_[y:23][node:28] = 0.050000
} 
Node 29: {
y_[node:29] = 0
xi_y_i_[y:23][node:29] = 0.050000
} 
Node 30: {
y_[node:30] = 0
xi_y_i_[y:23][node:30] = 0.050000
} 

 } 

 y = 24 { 
Node 1: {
y_[node:1] = 0
xi_y_i_[y:24][node:1] = 0.050000
} 
Node 2: {
y_[node:2] = 1
xi_y_i_[y:24][node:2] = 0.050000
} 
Node 3: {
y_[node:3] = 0
xi_y_i_[y:24][node:3] = 0.050000
} 
Node 4: {
y_[node:4] = 0
xi_y_i_[y:24][node:4] = 0.048077
} 
Node 5: {
y_[node:5] = 1
xi_y_i_[y:24][node:5] = 0.000000
} 
Node 6: {
y_[node:6] = 1
xi_y_i_[y:24][node:6] = 0.030769
} 
Node 7: {
y_[node:7] = 0
xi_y_i_[y:24][node:7] = 0.030769
} 
Node 8: {
y_[node:8] = 0
xi_y_i_[y:24][node:8] = 0.000000
} 
Node 9: {
y_[node:9] = 0
xi_y_i_[y:24][node:9] = 0.000000
} 
Node 10: {
y_[node:10] = 0
xi_y_i_[y:24][node:10] = 0.050000
} 
Node 11: {
y_[node:11] = 0
xi_y_i_[y:24][node:11] = 0.030769
} 
Node 12: {
y_[node:12] = 0
xi_y_i_[y:24][node:12] = 0.000000
} 
Node 13: {
y_[node:13] = 0
xi_y_i_[y:24][node:13] = 0.050000
} 
Node 14: {
y_[node:14] = 0
xi_y_i_[y:24][node:14] = 0.050000
} 
Node 15: {
y_[node:15] = 0
xi_y_i_[y:24][node:15] = 0.050000
} 
Node 16: {
y_[node:16] = 0
xi_y_i_[y:24][node:16] = 0.048077
} 
Node 17: {
y_[node:17] = 0
xi_y_i_[y:24][node:17] = 0.032692
} 
Node 18: {
y_[node:18] = 0
xi_y_i_[y:24][node:18] = 0.000000
} 
Node 19: {
y_[node:19] = 0
xi_y_i_[y:24][node:19] = 0.015385
} 
Node 20: {
y_[node:20] = 0
xi_y_i_[y:24][node:20] = 0.015385
} 
Node 21: {
y_[node:21] = 0
xi_y_i_[y:24][node:21] = 0.050000
} 
Node 22: {
y_[node:22] = 0
xi_y_i_[y:24][node:22] = 0.050000
} 
Node 23: {
y_[node:23] = 0
xi_y_i_[y:24][node:23] = 0.050000
} 
Node 24: {
y_[node:24] = 0
xi_y_i_[y:24][node:24] = 0.000000
} 
Node 25: {
y_[node:25] = 0
xi_y_i_[y:24][node:25] = 0.050000
} 
Node 26: {
y_[node:26] = 0
xi_y_i_[y:24][node:26] = 0.015385
} 
Node 27: {
y_[node:27] = 0
xi_y_i_[y:24][node:27] = 0.032692
} 
Node 28: {
y_[node:28] = 0
xi_y_i_[y:24][node:28] = 0.050000
} 
Node 29: {
y_[node:29] = 0
xi_y_i_[y:24][node:29] = 0.050000
} 
Node 30: {
y_[node:30] = 0
xi_y_i_[y:24][node:30] = 0.050000
} 

 } 

 y = 25 { 
Node 1: {
y_[node:1] = 0
xi_y_i_[y:25][node:1] = 0.050000
} 
Node 2: {
y_[node:2] = 0
xi_y_i_[y:25][node:2] = 0.050000
} 
Node 3: {
y_[node:3] = 0
xi_y_i_[y:25][node:3] = 0.050000
} 
Node 4: {
y_[node:4] = 0
xi_y_i_[y:25][node:4] = 0.048077
} 
Node 5: {
y_[node:5] = 0
xi_y_i_[y:25][node:5] = 0.000000
} 
Node 6: {
y_[node:6] = 0
xi_y_i_[y:25][node:6] = 0.030769
} 
Node 7: {
y_[node:7] = 0
xi_y_i_[y:25][node:7] = 0.030769
} 
Node 8: {
y_[node:8] = 0
xi_y_i_[y:25][node:8] = 0.000000
} 
Node 9: {
y_[node:9] = 0
xi_y_i_[y:25][node:9] = 0.000000
} 
Node 10: {
y_[node:10] = 0
xi_y_i_[y:25][node:10] = 0.050000
} 
Node 11: {
y_[node:11] = 0
xi_y_i_[y:25][node:11] = 0.030769
} 
Node 12: {
y_[node:12] = 0
xi_y_i_[y:25][node:12] = 0.000000
} 
Node 13: {
y_[node:13] = 0
xi_y_i_[y:25][node:13] = 0.050000
} 
Node 14: {
y_[node:14] = 0
xi_y_i_[y:25][node:14] = 0.050000
} 
Node 15: {
y_[node:15] = 0
xi_y_i_[y:25][node:15] = 0.050000
} 
Node 16: {
y_[node:16] = 0
xi_y_i_[y:25][node:16] = 0.048077
} 
Node 17: {
y_[node:17] = 0
xi_y_i_[y:25][node:17] = 0.032692
} 
Node 18: {
y_[node:18] = 0
xi_y_i_[y:25][node:18] = 0.000000
} 
Node 19: {
y_[node:19] = 1
xi_y_i_[y:25][node:19] = 0.015385
} 
Node 20: {
y_[node:20] = 0
xi_y_i_[y:25][node:20] = 0.015385
} 
Node 21: {
y_[node:21] = 1
xi_y_i_[y:25][node:21] = 0.050000
} 
Node 22: {
y_[node:22] = 0
xi_y_i_[y:25][node:22] = 0.050000
} 
Node 23: {
y_[node:23] = 0
xi_y_i_[y:25][node:23] = 0.050000
} 
Node 24: {
y_[node:24] = 0
xi_y_i_[y:25][node:24] = 0.000000
} 
Node 25: {
y_[node:25] = 0
xi_y_i_[y:25][node:25] = 0.050000
} 
Node 26: {
y_[node:26] = 1
xi_y_i_[y:25][node:26] = 0.015385
} 
Node 27: {
y_[node:27] = 0
xi_y_i_[y:25][node:27] = 0.032692
} 
Node 28: {
y_[node:28] = 0
xi_y_i_[y:25][node:28] = 0.050000
} 
Node 29: {
y_[node:29] = 0
xi_y_i_[y:25][node:29] = 0.050000
} 
Node 30: {
y_[node:30] = 0
xi_y_i_[y:25][node:30] = 0.050000
} 

 } 

 y = 27 { 
Node 1: {
y_[node:1] = 1
xi_y_i_[y:27][node:1] = 0.050000
} 
Node 2: {
y_[node:2] = 0
xi_y_i_[y:27][node:2] = 0.050000
} 
Node 3: {
y_[node:3] = 0
xi_y_i_[y:27][node:3] = 0.050000
} 
Node 4: {
y_[node:4] = 0
xi_y_i_[y:27][node:4] = 0.048077
} 
Node 5: {
y_[node:5] = 0
xi_y_i_[y:27][node:5] = 0.000000
} 
Node 6: {
y_[node:6] = 0
xi_y_i_[y:27][node:6] = 0.030769
} 
Node 7: {
y_[node:7] = 1
xi_y_i_[y:27][node:7] = 0.030769
} 
Node 8: {
y_[node:8] = 0
xi_y_i_[y:27][node:8] = 0.000000
} 
Node 9: {
y_[node:9] = 0
xi_y_i_[y:27][node:9] = 0.000000
} 
Node 10: {
y_[node:10] = 0
xi_y_i_[y:27][node:10] = 0.050000
} 
Node 11: {
y_[node:11] = 0
xi_y_i_[y:27][node:11] = 0.030769
} 
Node 12: {
y_[node:12] = 1
xi_y_i_[y:27][node:12] = 0.000000
} 
Node 13: {
y_[node:13] = 0
xi_y_i_[y:27][node:13] = 0.050000
} 
Node 14: {
y_[node:14] = 0
xi_y_i_[y:27][node:14] = 0.050000
} 
Node 15: {
y_[node:15] = 0
xi_y_i_[y:27][node:15] = 0.050000
} 
Node 16: {
y_[node:16] = 0
xi_y_i_[y:27][node:16] = 0.048077
} 
Node 17: {
y_[node:17] = 0
xi_y_i_[y:27][node:17] = 0.032692
} 
Node 18: {
y_[node:18] = 0
xi_y_i_[y:27][node:18] = 0.000000
} 
Node 19: {
y_[node:19] = 0
xi_y_i_[y:27][node:19] = 0.015385
} 
Node 20: {
y_[node:20] = 0
xi_y_i_[y:27][node:20] = 0.015385
} 
Node 21: {
y_[node:21] = 0
xi_y_i_[y:27][node:21] = 0.050000
} 
Node 22: {
y_[node:22] = 0
xi_y_i_[y:27][node:22] = 0.050000
} 
Node 23: {
y_[node:23] = 0
xi_y_i_[y:27][node:23] = 0.050000
} 
Node 24: {
y_[node:24] = 0
xi_y_i_[y:27][node:24] = 0.000000
} 
Node 25: {
y_[node:25] = 0
xi_y_i_[y:27][node:25] = 0.050000
} 
Node 26: {
y_[node:26] = 0
xi_y_i_[y:27][node:26] = 0.015385
} 
Node 27: {
y_[node:27] = 0
xi_y_i_[y:27][node:27] = 0.032692
} 
Node 28: {
y_[node:28] = 0
xi_y_i_[y:27][node:28] = 0.050000
} 
Node 29: {
y_[node:29] = 0
xi_y_i_[y:27][node:29] = 0.050000
} 
Node 30: {
y_[node:30] = 0
xi_y_i_[y:27][node:30] = 0.050000
} 

 } 

 y = 31 { 
Node 1: {
y_[node:1] = 0
xi_y_i_[y:31][node:1] = 0.050000
} 
Node 2: {
y_[node:2] = 0
xi_y_i_[y:31][node:2] = 0.050000
} 
Node 3: {
y_[node:3] = 0
xi_y_i_[y:31][node:3] = 0.050000
} 
Node 4: {
y_[node:4] = 0
xi_y_i_[y:31][node:4] = 0.048077
} 
Node 5: {
y_[node:5] = 0
xi_y_i_[y:31][node:5] = 0.000000
} 
Node 6: {
y_[node:6] = 0
xi_y_i_[y:31][node:6] = 0.030769
} 
Node 7: {
y_[node:7] = 0
xi_y_i_[y:31][node:7] = 0.030769
} 
Node 8: {
y_[node:8] = 0
xi_y_i_[y:31][node:8] = 0.000000
} 
Node 9: {
y_[node:9] = 0
xi_y_i_[y:31][node:9] = 0.000000
} 
Node 10: {
y_[node:10] = 0
xi_y_i_[y:31][node:10] = 0.050000
} 
Node 11: {
y_[node:11] = 0
xi_y_i_[y:31][node:11] = 0.030769
} 
Node 12: {
y_[node:12] = 0
xi_y_i_[y:31][node:12] = 0.000000
} 
Node 13: {
y_[node:13] = 0
xi_y_i_[y:31][node:13] = 0.050000
} 
Node 14: {
y_[node:14] = 0
xi_y_i_[y:31][node:14] = 0.050000
} 
Node 15: {
y_[node:15] = 0
xi_y_i_[y:31][node:15] = 0.050000
} 
Node 16: {
y_[node:16] = 0
xi_y_i_[y:31][node:16] = 0.048077
} 
Node 17: {
y_[node:17] = 0
xi_y_i_[y:31][node:17] = 0.032692
} 
Node 18: {
y_[node:18] = 1
xi_y_i_[y:31][node:18] = 0.000000
} 
Node 19: {
y_[node:19] = 1
xi_y_i_[y:31][node:19] = 0.015385
} 
Node 20: {
y_[node:20] = 0
xi_y_i_[y:31][node:20] = 0.015385
} 
Node 21: {
y_[node:21] = 0
xi_y_i_[y:31][node:21] = 0.050000
} 
Node 22: {
y_[node:22] = 0
xi_y_i_[y:31][node:22] = 0.050000
} 
Node 23: {
y_[node:23] = 0
xi_y_i_[y:31][node:23] = 0.050000
} 
Node 24: {
y_[node:24] = 0
xi_y_i_[y:31][node:24] = 0.050000
} 
Node 25: {
y_[node:25] = 1
xi_y_i_[y:31][node:25] = 0.000000
} 
Node 26: {
y_[node:26] = 1
xi_y_i_[y:31][node:26] = 0.015385
} 
Node 27: {
y_[node:27] = 0
xi_y_i_[y:31][node:27] = 0.032692
} 
Node 28: {
y_[node:28] = 0
xi_y_i_[y:31][node:28] = 0.050000
} 
Node 29: {
y_[node:29] = 0
xi_y_i_[y:31][node:29] = 0.050000
} 
Node 30: {
y_[node:30] = 1
xi_y_i_[y:31][node:30] = 0.050000
} 

 } 

 y = 32 { 
Node 1: {
y_[node:1] = 0
xi_y_i_[y:32][node:1] = 0.050000
} 
Node 2: {
y_[node:2] = 0
xi_y_i_[y:32][node:2] = 0.050000
} 
Node 3: {
y_[node:3] = 0
xi_y_i_[y:32][node:3] = 0.050000
} 
Node 4: {
y_[node:4] = 0
xi_y_i_[y:32][node:4] = 0.048077
} 
Node 5: {
y_[node:5] = 0
xi_y_i_[y:32][node:5] = 0.000000
} 
Node 6: {
y_[node:6] = 0
xi_y_i_[y:32][node:6] = 0.030769
} 
Node 7: {
y_[node:7] = 0
xi_y_i_[y:32][node:7] = 0.030769
} 
Node 8: {
y_[node:8] = 0
xi_y_i_[y:32][node:8] = 0.000000
} 
Node 9: {
y_[node:9] = 0
xi_y_i_[y:32][node:9] = 0.000000
} 
Node 10: {
y_[node:10] = 0
xi_y_i_[y:32][node:10] = 0.050000
} 
Node 11: {
y_[node:11] = 0
xi_y_i_[y:32][node:11] = 0.030769
} 
Node 12: {
y_[node:12] = 0
xi_y_i_[y:32][node:12] = 0.000000
} 
Node 13: {
y_[node:13] = 0
xi_y_i_[y:32][node:13] = 0.050000
} 
Node 14: {
y_[node:14] = 0
xi_y_i_[y:32][node:14] = 0.050000
} 
Node 15: {
y_[node:15] = 0
xi_y_i_[y:32][node:15] = 0.050000
} 
Node 16: {
y_[node:16] = 0
xi_y_i_[y:32][node:16] = 0.048077
} 
Node 17: {
y_[node:17] = 0
xi_y_i_[y:32][node:17] = 0.032692
} 
Node 18: {
y_[node:18] = 1
xi_y_i_[y:32][node:18] = 0.000000
} 
Node 19: {
y_[node:19] = 1
xi_y_i_[y:32][node:19] = 0.015385
} 
Node 20: {
y_[node:20] = 1
xi_y_i_[y:32][node:20] = 0.015385
} 
Node 21: {
y_[node:21] = 0
xi_y_i_[y:32][node:21] = 0.050000
} 
Node 22: {
y_[node:22] = 0
xi_y_i_[y:32][node:22] = 0.015385
} 
Node 23: {
y_[node:23] = 0
xi_y_i_[y:32][node:23] = 0.050000
} 
Node 24: {
y_[node:24] = 0
xi_y_i_[y:32][node:24] = 0.050000
} 
Node 25: {
y_[node:25] = 1
xi_y_i_[y:32][node:25] = 0.034615
} 
Node 26: {
y_[node:26] = 1
xi_y_i_[y:32][node:26] = 0.015385
} 
Node 27: {
y_[node:27] = 0
xi_y_i_[y:32][node:27] = 0.032692
} 
Node 28: {
y_[node:28] = 0
xi_y_i_[y:32][node:28] = 0.050000
} 
Node 29: {
y_[node:29] = 0
xi_y_i_[y:32][node:29] = 0.050000
} 
Node 30: {
y_[node:30] = 0
xi_y_i_[y:32][node:30] = 0.050000
} 

 } 
Legenda_Model:Instance_Name	Network_Name	Num_Nodes	Num_Prof_Nodes	Max_Tour_Duration	Max_Num_Discoveries	Max_Discoveries_Fraction	Best_LB	Best_Ub	Cplex_Gap	Root_Node_LB	Branch_and_Cut_Elapsed_Time	Starting_Cuts_Elapsed_Time	Tot_Time	Num_Logic_Benders_Cuts	Number_Starting_Scenarios	Num_BandC_Nodes	Number_Discoveries	Profit_cost	Discovery_cost	Card_Y	Num_Tight_Y	US_Type	US_Param	US_Tot_Det_Profit
Table_Model:tsi_prob_1_mod_1_budget_15_D1_md075_US2_USpar5	tsi_prob_1_mod_1_budget_15	32	30	1500	23	0.750000	-0.080769	-0.080769	0.000000	0.000000	47.250000	36.753000	84.003000	109	0	0	23	-0.080769	0.000000	34	22	2	0.050000	285.000000
