++++ Instance Info ++++
Instance name: tsi1_15_budget_50_D1_md075_US2_USpar10
Network name: tsi1_15_budget_50
Number of nodes: 17
Number of profitable nodes: 15
Max number of discovery: 12
Max duration: 5000
Alrijne Collecting Time: 360.000000
++++ Uncertainty  ++++
Uncertainty Set Type: 2
Uncertainty Set Parameter: 0.100000
Total Deterministic Profit in the Network: 170.000000
++++ Solution of the Model ++++
-----------------------------------------------
Objective:
Best Lower Bound: -0.633333
Best upper bound: -0.633333
Elapsed time Branch-and-Cut: 14.306000
Elapsed time Starting Cuts: 8.725000
Cplex Gap: 0.000000
B&C nodes: 0
Number Logic Benders Cuts: 67
Number Starting Scenarios: 0
Cardinality of Y: 66
Number of Tight y in the sub-problem: 26

Variables Master Problem:

Phi =-0.633333 

Discoveries: w_i (i is a profitable node). 
 w_[node:1] = 1.000000
 w_[node:3] = 1.000000
 w_[node:6] = 1.000000
 w_[node:7] = 1.000000
 w_[node:8] = 1.000000
 w_[node:9] = 1.000000
 w_[node:10] = 1.000000
 w_[node:11] = 1.000000
 w_[node:12] = 1.000000
 w_[node:13] = 1.000000
 w_[node:14] = 1.000000
 w_[node:15] = 1.000000

Scenarios and Tight Ys Sub-Problem

Overline Scenario: ovxi_i (i is a profitable node). 
 ov_xi_[node:1] = 0.041667
 ov_xi_[node:2] = 0.100000
 ov_xi_[node:3] = 0.083333
 ov_xi_[node:4] = 0.000000
 ov_xi_[node:5] = 0.041667
 ov_xi_[node:6] = 0.100000
 ov_xi_[node:7] = 0.041667
 ov_xi_[node:8] = 0.100000
 ov_xi_[node:9] = 0.041667
 ov_xi_[node:10] = 0.083333
 ov_xi_[node:11] = 0.041667
 ov_xi_[node:12] = 0.100000
 ov_xi_[node:13] = 0.083333
 ov_xi_[node:14] = 0.083333
 ov_xi_[node:15] = 0.058333

 Tigth Ys: 

 y = 0 { 
Node 1: {
y_[node:1] = 1
xi_y_i_[y:0][node:1] = 0.041667
} 
Node 2: {
y_[node:2] = 1
xi_y_i_[y:0][node:2] = 0.100000
} 
Node 3: {
y_[node:3] = 1
xi_y_i_[y:0][node:3] = 0.083333
} 
Node 4: {
y_[node:4] = 1
xi_y_i_[y:0][node:4] = 0.000000
} 
Node 5: {
y_[node:5] = 1
xi_y_i_[y:0][node:5] = 0.041667
} 
Node 6: {
y_[node:6] = 1
xi_y_i_[y:0][node:6] = 0.100000
} 
Node 7: {
y_[node:7] = 1
xi_y_i_[y:0][node:7] = 0.041667
} 
Node 8: {
y_[node:8] = 1
xi_y_i_[y:0][node:8] = 0.100000
} 
Node 9: {
y_[node:9] = 1
xi_y_i_[y:0][node:9] = 0.041667
} 
Node 10: {
y_[node:10] = 1
xi_y_i_[y:0][node:10] = 0.083333
} 
Node 11: {
y_[node:11] = 0
xi_y_i_[y:0][node:11] = 0.041667
} 
Node 12: {
y_[node:12] = 0
xi_y_i_[y:0][node:12] = 0.100000
} 
Node 13: {
y_[node:13] = 0
xi_y_i_[y:0][node:13] = 0.083333
} 
Node 14: {
y_[node:14] = 0
xi_y_i_[y:0][node:14] = 0.083333
} 
Node 15: {
y_[node:15] = 0
xi_y_i_[y:0][node:15] = 0.058333
} 

 } 

 y = 1 { 
Node 1: {
y_[node:1] = 0
xi_y_i_[y:1][node:1] = 0.041667
} 
Node 2: {
y_[node:2] = 0
xi_y_i_[y:1][node:2] = 0.100000
} 
Node 3: {
y_[node:3] = 0
xi_y_i_[y:1][node:3] = 0.083333
} 
Node 4: {
y_[node:4] = 0
xi_y_i_[y:1][node:4] = 0.000000
} 
Node 5: {
y_[node:5] = 0
xi_y_i_[y:1][node:5] = 0.041667
} 
Node 6: {
y_[node:6] = 1
xi_y_i_[y:1][node:6] = 0.100000
} 
Node 7: {
y_[node:7] = 1
xi_y_i_[y:1][node:7] = 0.041667
} 
Node 8: {
y_[node:8] = 0
xi_y_i_[y:1][node:8] = 0.100000
} 
Node 9: {
y_[node:9] = 1
xi_y_i_[y:1][node:9] = 0.041667
} 
Node 10: {
y_[node:10] = 1
xi_y_i_[y:1][node:10] = 0.083333
} 
Node 11: {
y_[node:11] = 1
xi_y_i_[y:1][node:11] = 0.041667
} 
Node 12: {
y_[node:12] = 1
xi_y_i_[y:1][node:12] = 0.100000
} 
Node 13: {
y_[node:13] = 1
xi_y_i_[y:1][node:13] = 0.083333
} 
Node 14: {
y_[node:14] = 1
xi_y_i_[y:1][node:14] = 0.083333
} 
Node 15: {
y_[node:15] = 1
xi_y_i_[y:1][node:15] = 0.058333
} 

 } 

 y = 2 { 
Node 1: {
y_[node:1] = 1
xi_y_i_[y:2][node:1] = 0.041667
} 
Node 2: {
y_[node:2] = 1
xi_y_i_[y:2][node:2] = 0.100000
} 
Node 3: {
y_[node:3] = 0
xi_y_i_[y:2][node:3] = 0.083333
} 
Node 4: {
y_[node:4] = 1
xi_y_i_[y:2][node:4] = 0.000000
} 
Node 5: {
y_[node:5] = 1
xi_y_i_[y:2][node:5] = 0.041667
} 
Node 6: {
y_[node:6] = 0
xi_y_i_[y:2][node:6] = 0.100000
} 
Node 7: {
y_[node:7] = 0
xi_y_i_[y:2][node:7] = 0.041667
} 
Node 8: {
y_[node:8] = 0
xi_y_i_[y:2][node:8] = 0.100000
} 
Node 9: {
y_[node:9] = 0
xi_y_i_[y:2][node:9] = 0.041667
} 
Node 10: {
y_[node:10] = 1
xi_y_i_[y:2][node:10] = 0.083333
} 
Node 11: {
y_[node:11] = 1
xi_y_i_[y:2][node:11] = 0.041667
} 
Node 12: {
y_[node:12] = 1
xi_y_i_[y:2][node:12] = 0.100000
} 
Node 13: {
y_[node:13] = 1
xi_y_i_[y:2][node:13] = 0.083333
} 
Node 14: {
y_[node:14] = 1
xi_y_i_[y:2][node:14] = 0.083333
} 
Node 15: {
y_[node:15] = 1
xi_y_i_[y:2][node:15] = 0.058333
} 

 } 

 y = 8 { 
Node 1: {
y_[node:1] = 1
xi_y_i_[y:8][node:1] = 0.041667
} 
Node 2: {
y_[node:2] = 1
xi_y_i_[y:8][node:2] = 0.100000
} 
Node 3: {
y_[node:3] = 1
xi_y_i_[y:8][node:3] = 0.083333
} 
Node 4: {
y_[node:4] = 1
xi_y_i_[y:8][node:4] = 0.000000
} 
Node 5: {
y_[node:5] = 1
xi_y_i_[y:8][node:5] = 0.041667
} 
Node 6: {
y_[node:6] = 1
xi_y_i_[y:8][node:6] = 0.100000
} 
Node 7: {
y_[node:7] = 1
xi_y_i_[y:8][node:7] = 0.041667
} 
Node 8: {
y_[node:8] = 1
xi_y_i_[y:8][node:8] = 0.100000
} 
Node 9: {
y_[node:9] = 1
xi_y_i_[y:8][node:9] = 0.041667
} 
Node 10: {
y_[node:10] = 0
xi_y_i_[y:8][node:10] = 0.083333
} 
Node 11: {
y_[node:11] = 0
xi_y_i_[y:8][node:11] = 0.041667
} 
Node 12: {
y_[node:12] = 0
xi_y_i_[y:8][node:12] = 0.100000
} 
Node 13: {
y_[node:13] = 0
xi_y_i_[y:8][node:13] = 0.083333
} 
Node 14: {
y_[node:14] = 1
xi_y_i_[y:8][node:14] = 0.083333
} 
Node 15: {
y_[node:15] = 0
xi_y_i_[y:8][node:15] = 0.058333
} 

 } 

 y = 11 { 
Node 1: {
y_[node:1] = 0
xi_y_i_[y:11][node:1] = 0.041667
} 
Node 2: {
y_[node:2] = 0
xi_y_i_[y:11][node:2] = 0.100000
} 
Node 3: {
y_[node:3] = 1
xi_y_i_[y:11][node:3] = 0.083333
} 
Node 4: {
y_[node:4] = 0
xi_y_i_[y:11][node:4] = 0.041667
} 
Node 5: {
y_[node:5] = 0
xi_y_i_[y:11][node:5] = 0.000000
} 
Node 6: {
y_[node:6] = 1
xi_y_i_[y:11][node:6] = 0.100000
} 
Node 7: {
y_[node:7] = 1
xi_y_i_[y:11][node:7] = 0.041667
} 
Node 8: {
y_[node:8] = 1
xi_y_i_[y:11][node:8] = 0.100000
} 
Node 9: {
y_[node:9] = 1
xi_y_i_[y:11][node:9] = 0.041667
} 
Node 10: {
y_[node:10] = 1
xi_y_i_[y:11][node:10] = 0.083333
} 
Node 11: {
y_[node:11] = 1
xi_y_i_[y:11][node:11] = 0.041667
} 
Node 12: {
y_[node:12] = 0
xi_y_i_[y:11][node:12] = 0.100000
} 
Node 13: {
y_[node:13] = 0
xi_y_i_[y:11][node:13] = 0.083333
} 
Node 14: {
y_[node:14] = 1
xi_y_i_[y:11][node:14] = 0.083333
} 
Node 15: {
y_[node:15] = 1
xi_y_i_[y:11][node:15] = 0.058333
} 

 } 

 y = 12 { 
Node 1: {
y_[node:1] = 1
xi_y_i_[y:12][node:1] = 0.041667
} 
Node 2: {
y_[node:2] = 1
xi_y_i_[y:12][node:2] = 0.100000
} 
Node 3: {
y_[node:3] = 1
xi_y_i_[y:12][node:3] = 0.083333
} 
Node 4: {
y_[node:4] = 1
xi_y_i_[y:12][node:4] = 0.041667
} 
Node 5: {
y_[node:5] = 0
xi_y_i_[y:12][node:5] = 0.000000
} 
Node 6: {
y_[node:6] = 0
xi_y_i_[y:12][node:6] = 0.100000
} 
Node 7: {
y_[node:7] = 0
xi_y_i_[y:12][node:7] = 0.041667
} 
Node 8: {
y_[node:8] = 0
xi_y_i_[y:12][node:8] = 0.100000
} 
Node 9: {
y_[node:9] = 0
xi_y_i_[y:12][node:9] = 0.041667
} 
Node 10: {
y_[node:10] = 1
xi_y_i_[y:12][node:10] = 0.083333
} 
Node 11: {
y_[node:11] = 1
xi_y_i_[y:12][node:11] = 0.041667
} 
Node 12: {
y_[node:12] = 1
xi_y_i_[y:12][node:12] = 0.100000
} 
Node 13: {
y_[node:13] = 1
xi_y_i_[y:12][node:13] = 0.083333
} 
Node 14: {
y_[node:14] = 0
xi_y_i_[y:12][node:14] = 0.083333
} 
Node 15: {
y_[node:15] = 1
xi_y_i_[y:12][node:15] = 0.058333
} 

 } 

 y = 13 { 
Node 1: {
y_[node:1] = 1
xi_y_i_[y:13][node:1] = 0.041667
} 
Node 2: {
y_[node:2] = 1
xi_y_i_[y:13][node:2] = 0.100000
} 
Node 3: {
y_[node:3] = 1
xi_y_i_[y:13][node:3] = 0.083333
} 
Node 4: {
y_[node:4] = 1
xi_y_i_[y:13][node:4] = 0.000000
} 
Node 5: {
y_[node:5] = 1
xi_y_i_[y:13][node:5] = 0.041667
} 
Node 6: {
y_[node:6] = 0
xi_y_i_[y:13][node:6] = 0.100000
} 
Node 7: {
y_[node:7] = 0
xi_y_i_[y:13][node:7] = 0.041667
} 
Node 8: {
y_[node:8] = 0
xi_y_i_[y:13][node:8] = 0.100000
} 
Node 9: {
y_[node:9] = 0
xi_y_i_[y:13][node:9] = 0.041667
} 
Node 10: {
y_[node:10] = 1
xi_y_i_[y:13][node:10] = 0.083333
} 
Node 11: {
y_[node:11] = 1
xi_y_i_[y:13][node:11] = 0.041667
} 
Node 12: {
y_[node:12] = 1
xi_y_i_[y:13][node:12] = 0.100000
} 
Node 13: {
y_[node:13] = 1
xi_y_i_[y:13][node:13] = 0.083333
} 
Node 14: {
y_[node:14] = 0
xi_y_i_[y:13][node:14] = 0.083333
} 
Node 15: {
y_[node:15] = 1
xi_y_i_[y:13][node:15] = 0.058333
} 

 } 

 y = 14 { 
Node 1: {
y_[node:1] = 1
xi_y_i_[y:14][node:1] = 0.041667
} 
Node 2: {
y_[node:2] = 1
xi_y_i_[y:14][node:2] = 0.083333
} 
Node 3: {
y_[node:3] = 1
xi_y_i_[y:14][node:3] = 0.083333
} 
Node 4: {
y_[node:4] = 0
xi_y_i_[y:14][node:4] = 0.058333
} 
Node 5: {
y_[node:5] = 0
xi_y_i_[y:14][node:5] = 0.000000
} 
Node 6: {
y_[node:6] = 1
xi_y_i_[y:14][node:6] = 0.100000
} 
Node 7: {
y_[node:7] = 1
xi_y_i_[y:14][node:7] = 0.041667
} 
Node 8: {
y_[node:8] = 1
xi_y_i_[y:14][node:8] = 0.100000
} 
Node 9: {
y_[node:9] = 1
xi_y_i_[y:14][node:9] = 0.041667
} 
Node 10: {
y_[node:10] = 0
xi_y_i_[y:14][node:10] = 0.083333
} 
Node 11: {
y_[node:11] = 0
xi_y_i_[y:14][node:11] = 0.041667
} 
Node 12: {
y_[node:12] = 0
xi_y_i_[y:14][node:12] = 0.100000
} 
Node 13: {
y_[node:13] = 0
xi_y_i_[y:14][node:13] = 0.083333
} 
Node 14: {
y_[node:14] = 1
xi_y_i_[y:14][node:14] = 0.083333
} 
Node 15: {
y_[node:15] = 1
xi_y_i_[y:14][node:15] = 0.058333
} 

 } 

 y = 15 { 
Node 1: {
y_[node:1] = 1
xi_y_i_[y:15][node:1] = 0.041667
} 
Node 2: {
y_[node:2] = 1
xi_y_i_[y:15][node:2] = 0.100000
} 
Node 3: {
y_[node:3] = 1
xi_y_i_[y:15][node:3] = 0.083333
} 
Node 4: {
y_[node:4] = 0
xi_y_i_[y:15][node:4] = 0.000000
} 
Node 5: {
y_[node:5] = 0
xi_y_i_[y:15][node:5] = 0.041667
} 
Node 6: {
y_[node:6] = 1
xi_y_i_[y:15][node:6] = 0.100000
} 
Node 7: {
y_[node:7] = 0
xi_y_i_[y:15][node:7] = 0.041667
} 
Node 8: {
y_[node:8] = 1
xi_y_i_[y:15][node:8] = 0.100000
} 
Node 9: {
y_[node:9] = 1
xi_y_i_[y:15][node:9] = 0.041667
} 
Node 10: {
y_[node:10] = 1
xi_y_i_[y:15][node:10] = 0.083333
} 
Node 11: {
y_[node:11] = 0
xi_y_i_[y:15][node:11] = 0.041667
} 
Node 12: {
y_[node:12] = 0
xi_y_i_[y:15][node:12] = 0.100000
} 
Node 13: {
y_[node:13] = 0
xi_y_i_[y:15][node:13] = 0.083333
} 
Node 14: {
y_[node:14] = 1
xi_y_i_[y:15][node:14] = 0.083333
} 
Node 15: {
y_[node:15] = 0
xi_y_i_[y:15][node:15] = 0.058333
} 

 } 

 y = 17 { 
Node 1: {
y_[node:1] = 0
xi_y_i_[y:17][node:1] = 0.041667
} 
Node 2: {
y_[node:2] = 1
xi_y_i_[y:17][node:2] = 0.100000
} 
Node 3: {
y_[node:3] = 1
xi_y_i_[y:17][node:3] = 0.083333
} 
Node 4: {
y_[node:4] = 0
xi_y_i_[y:17][node:4] = 0.000000
} 
Node 5: {
y_[node:5] = 1
xi_y_i_[y:17][node:5] = 0.041667
} 
Node 6: {
y_[node:6] = 1
xi_y_i_[y:17][node:6] = 0.100000
} 
Node 7: {
y_[node:7] = 0
xi_y_i_[y:17][node:7] = 0.041667
} 
Node 8: {
y_[node:8] = 1
xi_y_i_[y:17][node:8] = 0.100000
} 
Node 9: {
y_[node:9] = 1
xi_y_i_[y:17][node:9] = 0.041667
} 
Node 10: {
y_[node:10] = 1
xi_y_i_[y:17][node:10] = 0.083333
} 
Node 11: {
y_[node:11] = 0
xi_y_i_[y:17][node:11] = 0.041667
} 
Node 12: {
y_[node:12] = 0
xi_y_i_[y:17][node:12] = 0.100000
} 
Node 13: {
y_[node:13] = 0
xi_y_i_[y:17][node:13] = 0.083333
} 
Node 14: {
y_[node:14] = 1
xi_y_i_[y:17][node:14] = 0.083333
} 
Node 15: {
y_[node:15] = 0
xi_y_i_[y:17][node:15] = 0.058333
} 

 } 

 y = 18 { 
Node 1: {
y_[node:1] = 0
xi_y_i_[y:18][node:1] = 0.041667
} 
Node 2: {
y_[node:2] = 0
xi_y_i_[y:18][node:2] = 0.100000
} 
Node 3: {
y_[node:3] = 1
xi_y_i_[y:18][node:3] = 0.083333
} 
Node 4: {
y_[node:4] = 0
xi_y_i_[y:18][node:4] = 0.041667
} 
Node 5: {
y_[node:5] = 0
xi_y_i_[y:18][node:5] = 0.000000
} 
Node 6: {
y_[node:6] = 1
xi_y_i_[y:18][node:6] = 0.100000
} 
Node 7: {
y_[node:7] = 1
xi_y_i_[y:18][node:7] = 0.041667
} 
Node 8: {
y_[node:8] = 1
xi_y_i_[y:18][node:8] = 0.100000
} 
Node 9: {
y_[node:9] = 0
xi_y_i_[y:18][node:9] = 0.041667
} 
Node 10: {
y_[node:10] = 1
xi_y_i_[y:18][node:10] = 0.083333
} 
Node 11: {
y_[node:11] = 0
xi_y_i_[y:18][node:11] = 0.041667
} 
Node 12: {
y_[node:12] = 0
xi_y_i_[y:18][node:12] = 0.100000
} 
Node 13: {
y_[node:13] = 1
xi_y_i_[y:18][node:13] = 0.083333
} 
Node 14: {
y_[node:14] = 1
xi_y_i_[y:18][node:14] = 0.083333
} 
Node 15: {
y_[node:15] = 1
xi_y_i_[y:18][node:15] = 0.058333
} 

 } 

 y = 19 { 
Node 1: {
y_[node:1] = 1
xi_y_i_[y:19][node:1] = 0.041667
} 
Node 2: {
y_[node:2] = 1
xi_y_i_[y:19][node:2] = 0.058333
} 
Node 3: {
y_[node:3] = 1
xi_y_i_[y:19][node:3] = 0.083333
} 
Node 4: {
y_[node:4] = 0
xi_y_i_[y:19][node:4] = 0.000000
} 
Node 5: {
y_[node:5] = 0
xi_y_i_[y:19][node:5] = 0.083333
} 
Node 6: {
y_[node:6] = 1
xi_y_i_[y:19][node:6] = 0.100000
} 
Node 7: {
y_[node:7] = 1
xi_y_i_[y:19][node:7] = 0.041667
} 
Node 8: {
y_[node:8] = 1
xi_y_i_[y:19][node:8] = 0.100000
} 
Node 9: {
y_[node:9] = 1
xi_y_i_[y:19][node:9] = 0.041667
} 
Node 10: {
y_[node:10] = 1
xi_y_i_[y:19][node:10] = 0.083333
} 
Node 11: {
y_[node:11] = 0
xi_y_i_[y:19][node:11] = 0.041667
} 
Node 12: {
y_[node:12] = 0
xi_y_i_[y:19][node:12] = 0.100000
} 
Node 13: {
y_[node:13] = 0
xi_y_i_[y:19][node:13] = 0.083333
} 
Node 14: {
y_[node:14] = 1
xi_y_i_[y:19][node:14] = 0.083333
} 
Node 15: {
y_[node:15] = 0
xi_y_i_[y:19][node:15] = 0.058333
} 

 } 

 y = 21 { 
Node 1: {
y_[node:1] = 0
xi_y_i_[y:21][node:1] = 0.041667
} 
Node 2: {
y_[node:2] = 0
xi_y_i_[y:21][node:2] = 0.100000
} 
Node 3: {
y_[node:3] = 0
xi_y_i_[y:21][node:3] = 0.083333
} 
Node 4: {
y_[node:4] = 0
xi_y_i_[y:21][node:4] = 0.000000
} 
Node 5: {
y_[node:5] = 0
xi_y_i_[y:21][node:5] = 0.041667
} 
Node 6: {
y_[node:6] = 0
xi_y_i_[y:21][node:6] = 0.100000
} 
Node 7: {
y_[node:7] = 1
xi_y_i_[y:21][node:7] = 0.041667
} 
Node 8: {
y_[node:8] = 1
xi_y_i_[y:21][node:8] = 0.100000
} 
Node 9: {
y_[node:9] = 1
xi_y_i_[y:21][node:9] = 0.041667
} 
Node 10: {
y_[node:10] = 1
xi_y_i_[y:21][node:10] = 0.083333
} 
Node 11: {
y_[node:11] = 1
xi_y_i_[y:21][node:11] = 0.041667
} 
Node 12: {
y_[node:12] = 1
xi_y_i_[y:21][node:12] = 0.100000
} 
Node 13: {
y_[node:13] = 1
xi_y_i_[y:21][node:13] = 0.083333
} 
Node 14: {
y_[node:14] = 1
xi_y_i_[y:21][node:14] = 0.083333
} 
Node 15: {
y_[node:15] = 1
xi_y_i_[y:21][node:15] = 0.058333
} 

 } 

 y = 24 { 
Node 1: {
y_[node:1] = 0
xi_y_i_[y:24][node:1] = 0.041667
} 
Node 2: {
y_[node:2] = 0
xi_y_i_[y:24][node:2] = 0.100000
} 
Node 3: {
y_[node:3] = 0
xi_y_i_[y:24][node:3] = 0.083333
} 
Node 4: {
y_[node:4] = 0
xi_y_i_[y:24][node:4] = 0.000000
} 
Node 5: {
y_[node:5] = 0
xi_y_i_[y:24][node:5] = 0.041667
} 
Node 6: {
y_[node:6] = 1
xi_y_i_[y:24][node:6] = 0.100000
} 
Node 7: {
y_[node:7] = 1
xi_y_i_[y:24][node:7] = 0.041667
} 
Node 8: {
y_[node:8] = 1
xi_y_i_[y:24][node:8] = 0.100000
} 
Node 9: {
y_[node:9] = 1
xi_y_i_[y:24][node:9] = 0.041667
} 
Node 10: {
y_[node:10] = 1
xi_y_i_[y:24][node:10] = 0.083333
} 
Node 11: {
y_[node:11] = 1
xi_y_i_[y:24][node:11] = 0.041667
} 
Node 12: {
y_[node:12] = 0
xi_y_i_[y:24][node:12] = 0.100000
} 
Node 13: {
y_[node:13] = 1
xi_y_i_[y:24][node:13] = 0.083333
} 
Node 14: {
y_[node:14] = 1
xi_y_i_[y:24][node:14] = 0.083333
} 
Node 15: {
y_[node:15] = 1
xi_y_i_[y:24][node:15] = 0.058333
} 

 } 

 y = 25 { 
Node 1: {
y_[node:1] = 1
xi_y_i_[y:25][node:1] = 0.041667
} 
Node 2: {
y_[node:2] = 1
xi_y_i_[y:25][node:2] = 0.100000
} 
Node 3: {
y_[node:3] = 1
xi_y_i_[y:25][node:3] = 0.083333
} 
Node 4: {
y_[node:4] = 1
xi_y_i_[y:25][node:4] = 0.000000
} 
Node 5: {
y_[node:5] = 1
xi_y_i_[y:25][node:5] = 0.041667
} 
Node 6: {
y_[node:6] = 1
xi_y_i_[y:25][node:6] = 0.100000
} 
Node 7: {
y_[node:7] = 1
xi_y_i_[y:25][node:7] = 0.041667
} 
Node 8: {
y_[node:8] = 0
xi_y_i_[y:25][node:8] = 0.100000
} 
Node 9: {
y_[node:9] = 0
xi_y_i_[y:25][node:9] = 0.041667
} 
Node 10: {
y_[node:10] = 1
xi_y_i_[y:25][node:10] = 0.083333
} 
Node 11: {
y_[node:11] = 1
xi_y_i_[y:25][node:11] = 0.041667
} 
Node 12: {
y_[node:12] = 1
xi_y_i_[y:25][node:12] = 0.100000
} 
Node 13: {
y_[node:13] = 0
xi_y_i_[y:25][node:13] = 0.083333
} 
Node 14: {
y_[node:14] = 0
xi_y_i_[y:25][node:14] = 0.083333
} 
Node 15: {
y_[node:15] = 0
xi_y_i_[y:25][node:15] = 0.058333
} 

 } 

 y = 28 { 
Node 1: {
y_[node:1] = 1
xi_y_i_[y:28][node:1] = 0.041667
} 
Node 2: {
y_[node:2] = 1
xi_y_i_[y:28][node:2] = 0.100000
} 
Node 3: {
y_[node:3] = 1
xi_y_i_[y:28][node:3] = 0.083333
} 
Node 4: {
y_[node:4] = 1
xi_y_i_[y:28][node:4] = 0.000000
} 
Node 5: {
y_[node:5] = 0
xi_y_i_[y:28][node:5] = 0.041667
} 
Node 6: {
y_[node:6] = 1
xi_y_i_[y:28][node:6] = 0.100000
} 
Node 7: {
y_[node:7] = 1
xi_y_i_[y:28][node:7] = 0.041667
} 
Node 8: {
y_[node:8] = 1
xi_y_i_[y:28][node:8] = 0.100000
} 
Node 9: {
y_[node:9] = 0
xi_y_i_[y:28][node:9] = 0.041667
} 
Node 10: {
y_[node:10] = 1
xi_y_i_[y:28][node:10] = 0.083333
} 
Node 11: {
y_[node:11] = 0
xi_y_i_[y:28][node:11] = 0.041667
} 
Node 12: {
y_[node:12] = 0
xi_y_i_[y:28][node:12] = 0.100000
} 
Node 13: {
y_[node:13] = 0
xi_y_i_[y:28][node:13] = 0.083333
} 
Node 14: {
y_[node:14] = 1
xi_y_i_[y:28][node:14] = 0.083333
} 
Node 15: {
y_[node:15] = 0
xi_y_i_[y:28][node:15] = 0.058333
} 

 } 

 y = 29 { 
Node 1: {
y_[node:1] = 0
xi_y_i_[y:29][node:1] = 0.041667
} 
Node 2: {
y_[node:2] = 1
xi_y_i_[y:29][node:2] = 0.100000
} 
Node 3: {
y_[node:3] = 1
xi_y_i_[y:29][node:3] = 0.083333
} 
Node 4: {
y_[node:4] = 1
xi_y_i_[y:29][node:4] = 0.041667
} 
Node 5: {
y_[node:5] = 1
xi_y_i_[y:29][node:5] = 0.000000
} 
Node 6: {
y_[node:6] = 1
xi_y_i_[y:29][node:6] = 0.100000
} 
Node 7: {
y_[node:7] = 0
xi_y_i_[y:29][node:7] = 0.041667
} 
Node 8: {
y_[node:8] = 1
xi_y_i_[y:29][node:8] = 0.100000
} 
Node 9: {
y_[node:9] = 1
xi_y_i_[y:29][node:9] = 0.041667
} 
Node 10: {
y_[node:10] = 1
xi_y_i_[y:29][node:10] = 0.083333
} 
Node 11: {
y_[node:11] = 0
xi_y_i_[y:29][node:11] = 0.041667
} 
Node 12: {
y_[node:12] = 0
xi_y_i_[y:29][node:12] = 0.100000
} 
Node 13: {
y_[node:13] = 0
xi_y_i_[y:29][node:13] = 0.083333
} 
Node 14: {
y_[node:14] = 1
xi_y_i_[y:29][node:14] = 0.083333
} 
Node 15: {
y_[node:15] = 0
xi_y_i_[y:29][node:15] = 0.058333
} 

 } 

 y = 30 { 
Node 1: {
y_[node:1] = 0
xi_y_i_[y:30][node:1] = 0.041667
} 
Node 2: {
y_[node:2] = 0
xi_y_i_[y:30][node:2] = 0.100000
} 
Node 3: {
y_[node:3] = 1
xi_y_i_[y:30][node:3] = 0.083333
} 
Node 4: {
y_[node:4] = 0
xi_y_i_[y:30][node:4] = 0.041667
} 
Node 5: {
y_[node:5] = 0
xi_y_i_[y:30][node:5] = 0.000000
} 
Node 6: {
y_[node:6] = 1
xi_y_i_[y:30][node:6] = 0.100000
} 
Node 7: {
y_[node:7] = 0
xi_y_i_[y:30][node:7] = 0.041667
} 
Node 8: {
y_[node:8] = 1
xi_y_i_[y:30][node:8] = 0.100000
} 
Node 9: {
y_[node:9] = 1
xi_y_i_[y:30][node:9] = 0.041667
} 
Node 10: {
y_[node:10] = 1
xi_y_i_[y:30][node:10] = 0.083333
} 
Node 11: {
y_[node:11] = 0
xi_y_i_[y:30][node:11] = 0.041667
} 
Node 12: {
y_[node:12] = 0
xi_y_i_[y:30][node:12] = 0.100000
} 
Node 13: {
y_[node:13] = 1
xi_y_i_[y:30][node:13] = 0.083333
} 
Node 14: {
y_[node:14] = 1
xi_y_i_[y:30][node:14] = 0.083333
} 
Node 15: {
y_[node:15] = 1
xi_y_i_[y:30][node:15] = 0.058333
} 

 } 

 y = 31 { 
Node 1: {
y_[node:1] = 1
xi_y_i_[y:31][node:1] = 0.041667
} 
Node 2: {
y_[node:2] = 1
xi_y_i_[y:31][node:2] = 0.100000
} 
Node 3: {
y_[node:3] = 1
xi_y_i_[y:31][node:3] = 0.083333
} 
Node 4: {
y_[node:4] = 1
xi_y_i_[y:31][node:4] = 0.000000
} 
Node 5: {
y_[node:5] = 1
xi_y_i_[y:31][node:5] = 0.041667
} 
Node 6: {
y_[node:6] = 1
xi_y_i_[y:31][node:6] = 0.100000
} 
Node 7: {
y_[node:7] = 0
xi_y_i_[y:31][node:7] = 0.041667
} 
Node 8: {
y_[node:8] = 1
xi_y_i_[y:31][node:8] = 0.100000
} 
Node 9: {
y_[node:9] = 1
xi_y_i_[y:31][node:9] = 0.041667
} 
Node 10: {
y_[node:10] = 1
xi_y_i_[y:31][node:10] = 0.083333
} 
Node 11: {
y_[node:11] = 1
xi_y_i_[y:31][node:11] = 0.041667
} 
Node 12: {
y_[node:12] = 0
xi_y_i_[y:31][node:12] = 0.100000
} 
Node 13: {
y_[node:13] = 0
xi_y_i_[y:31][node:13] = 0.083333
} 
Node 14: {
y_[node:14] = 0
xi_y_i_[y:31][node:14] = 0.083333
} 
Node 15: {
y_[node:15] = 0
xi_y_i_[y:31][node:15] = 0.058333
} 

 } 

 y = 32 { 
Node 1: {
y_[node:1] = 0
xi_y_i_[y:32][node:1] = 0.041667
} 
Node 2: {
y_[node:2] = 0
xi_y_i_[y:32][node:2] = 0.100000
} 
Node 3: {
y_[node:3] = 1
xi_y_i_[y:32][node:3] = 0.083333
} 
Node 4: {
y_[node:4] = 0
xi_y_i_[y:32][node:4] = 0.041667
} 
Node 5: {
y_[node:5] = 0
xi_y_i_[y:32][node:5] = 0.000000
} 
Node 6: {
y_[node:6] = 1
xi_y_i_[y:32][node:6] = 0.100000
} 
Node 7: {
y_[node:7] = 0
xi_y_i_[y:32][node:7] = 0.041667
} 
Node 8: {
y_[node:8] = 1
xi_y_i_[y:32][node:8] = 0.100000
} 
Node 9: {
y_[node:9] = 0
xi_y_i_[y:32][node:9] = 0.041667
} 
Node 10: {
y_[node:10] = 1
xi_y_i_[y:32][node:10] = 0.083333
} 
Node 11: {
y_[node:11] = 1
xi_y_i_[y:32][node:11] = 0.041667
} 
Node 12: {
y_[node:12] = 0
xi_y_i_[y:32][node:12] = 0.100000
} 
Node 13: {
y_[node:13] = 1
xi_y_i_[y:32][node:13] = 0.083333
} 
Node 14: {
y_[node:14] = 1
xi_y_i_[y:32][node:14] = 0.083333
} 
Node 15: {
y_[node:15] = 1
xi_y_i_[y:32][node:15] = 0.058333
} 

 } 

 y = 33 { 
Node 1: {
y_[node:1] = 0
xi_y_i_[y:33][node:1] = 0.041667
} 
Node 2: {
y_[node:2] = 1
xi_y_i_[y:33][node:2] = 0.100000
} 
Node 3: {
y_[node:3] = 1
xi_y_i_[y:33][node:3] = 0.083333
} 
Node 4: {
y_[node:4] = 0
xi_y_i_[y:33][node:4] = 0.041667
} 
Node 5: {
y_[node:5] = 0
xi_y_i_[y:33][node:5] = 0.000000
} 
Node 6: {
y_[node:6] = 1
xi_y_i_[y:33][node:6] = 0.100000
} 
Node 7: {
y_[node:7] = 1
xi_y_i_[y:33][node:7] = 0.041667
} 
Node 8: {
y_[node:8] = 0
xi_y_i_[y:33][node:8] = 0.100000
} 
Node 9: {
y_[node:9] = 1
xi_y_i_[y:33][node:9] = 0.041667
} 
Node 10: {
y_[node:10] = 1
xi_y_i_[y:33][node:10] = 0.083333
} 
Node 11: {
y_[node:11] = 1
xi_y_i_[y:33][node:11] = 0.041667
} 
Node 12: {
y_[node:12] = 0
xi_y_i_[y:33][node:12] = 0.100000
} 
Node 13: {
y_[node:13] = 1
xi_y_i_[y:33][node:13] = 0.083333
} 
Node 14: {
y_[node:14] = 0
xi_y_i_[y:33][node:14] = 0.083333
} 
Node 15: {
y_[node:15] = 1
xi_y_i_[y:33][node:15] = 0.058333
} 

 } 

 y = 34 { 
Node 1: {
y_[node:1] = 1
xi_y_i_[y:34][node:1] = 0.041667
} 
Node 2: {
y_[node:2] = 1
xi_y_i_[y:34][node:2] = 0.100000
} 
Node 3: {
y_[node:3] = 1
xi_y_i_[y:34][node:3] = 0.083333
} 
Node 4: {
y_[node:4] = 1
xi_y_i_[y:34][node:4] = 0.016667
} 
Node 5: {
y_[node:5] = 0
xi_y_i_[y:34][node:5] = 0.025000
} 
Node 6: {
y_[node:6] = 1
xi_y_i_[y:34][node:6] = 0.100000
} 
Node 7: {
y_[node:7] = 1
xi_y_i_[y:34][node:7] = 0.041667
} 
Node 8: {
y_[node:8] = 0
xi_y_i_[y:34][node:8] = 0.100000
} 
Node 9: {
y_[node:9] = 1
xi_y_i_[y:34][node:9] = 0.041667
} 
Node 10: {
y_[node:10] = 1
xi_y_i_[y:34][node:10] = 0.083333
} 
Node 11: {
y_[node:11] = 1
xi_y_i_[y:34][node:11] = 0.041667
} 
Node 12: {
y_[node:12] = 0
xi_y_i_[y:34][node:12] = 0.100000
} 
Node 13: {
y_[node:13] = 0
xi_y_i_[y:34][node:13] = 0.083333
} 
Node 14: {
y_[node:14] = 1
xi_y_i_[y:34][node:14] = 0.083333
} 
Node 15: {
y_[node:15] = 0
xi_y_i_[y:34][node:15] = 0.058333
} 

 } 

 y = 35 { 
Node 1: {
y_[node:1] = 1
xi_y_i_[y:35][node:1] = 0.041667
} 
Node 2: {
y_[node:2] = 1
xi_y_i_[y:35][node:2] = 0.100000
} 
Node 3: {
y_[node:3] = 1
xi_y_i_[y:35][node:3] = 0.083333
} 
Node 4: {
y_[node:4] = 1
xi_y_i_[y:35][node:4] = 0.000000
} 
Node 5: {
y_[node:5] = 1
xi_y_i_[y:35][node:5] = 0.041667
} 
Node 6: {
y_[node:6] = 1
xi_y_i_[y:35][node:6] = 0.100000
} 
Node 7: {
y_[node:7] = 0
xi_y_i_[y:35][node:7] = 0.041667
} 
Node 8: {
y_[node:8] = 0
xi_y_i_[y:35][node:8] = 0.100000
} 
Node 9: {
y_[node:9] = 0
xi_y_i_[y:35][node:9] = 0.041667
} 
Node 10: {
y_[node:10] = 1
xi_y_i_[y:35][node:10] = 0.083333
} 
Node 11: {
y_[node:11] = 0
xi_y_i_[y:35][node:11] = 0.041667
} 
Node 12: {
y_[node:12] = 1
xi_y_i_[y:35][node:12] = 0.100000
} 
Node 13: {
y_[node:13] = 1
xi_y_i_[y:35][node:13] = 0.083333
} 
Node 14: {
y_[node:14] = 0
xi_y_i_[y:35][node:14] = 0.083333
} 
Node 15: {
y_[node:15] = 0
xi_y_i_[y:35][node:15] = 0.058333
} 

 } 

 y = 36 { 
Node 1: {
y_[node:1] = 1
xi_y_i_[y:36][node:1] = 0.041667
} 
Node 2: {
y_[node:2] = 1
xi_y_i_[y:36][node:2] = 0.100000
} 
Node 3: {
y_[node:3] = 1
xi_y_i_[y:36][node:3] = 0.083333
} 
Node 4: {
y_[node:4] = 0
xi_y_i_[y:36][node:4] = 0.000000
} 
Node 5: {
y_[node:5] = 0
xi_y_i_[y:36][node:5] = 0.041667
} 
Node 6: {
y_[node:6] = 1
xi_y_i_[y:36][node:6] = 0.100000
} 
Node 7: {
y_[node:7] = 0
xi_y_i_[y:36][node:7] = 0.041667
} 
Node 8: {
y_[node:8] = 0
xi_y_i_[y:36][node:8] = 0.100000
} 
Node 9: {
y_[node:9] = 0
xi_y_i_[y:36][node:9] = 0.041667
} 
Node 10: {
y_[node:10] = 1
xi_y_i_[y:36][node:10] = 0.083333
} 
Node 11: {
y_[node:11] = 1
xi_y_i_[y:36][node:11] = 0.041667
} 
Node 12: {
y_[node:12] = 1
xi_y_i_[y:36][node:12] = 0.100000
} 
Node 13: {
y_[node:13] = 1
xi_y_i_[y:36][node:13] = 0.083333
} 
Node 14: {
y_[node:14] = 0
xi_y_i_[y:36][node:14] = 0.083333
} 
Node 15: {
y_[node:15] = 0
xi_y_i_[y:36][node:15] = 0.058333
} 

 } 

 y = 49 { 
Node 1: {
y_[node:1] = 1
xi_y_i_[y:49][node:1] = 0.041667
} 
Node 2: {
y_[node:2] = 1
xi_y_i_[y:49][node:2] = 0.100000
} 
Node 3: {
y_[node:3] = 1
xi_y_i_[y:49][node:3] = 0.083333
} 
Node 4: {
y_[node:4] = 1
xi_y_i_[y:49][node:4] = 0.000000
} 
Node 5: {
y_[node:5] = 1
xi_y_i_[y:49][node:5] = 0.041667
} 
Node 6: {
y_[node:6] = 1
xi_y_i_[y:49][node:6] = 0.100000
} 
Node 7: {
y_[node:7] = 1
xi_y_i_[y:49][node:7] = 0.041667
} 
Node 8: {
y_[node:8] = 1
xi_y_i_[y:49][node:8] = 0.100000
} 
Node 9: {
y_[node:9] = 0
xi_y_i_[y:49][node:9] = 0.041667
} 
Node 10: {
y_[node:10] = 1
xi_y_i_[y:49][node:10] = 0.083333
} 
Node 11: {
y_[node:11] = 1
xi_y_i_[y:49][node:11] = 0.041667
} 
Node 12: {
y_[node:12] = 0
xi_y_i_[y:49][node:12] = 0.100000
} 
Node 13: {
y_[node:13] = 0
xi_y_i_[y:49][node:13] = 0.083333
} 
Node 14: {
y_[node:14] = 0
xi_y_i_[y:49][node:14] = 0.083333
} 
Node 15: {
y_[node:15] = 0
xi_y_i_[y:49][node:15] = 0.058333
} 

 } 

 y = 53 { 
Node 1: {
y_[node:1] = 0
xi_y_i_[y:53][node:1] = 0.041667
} 
Node 2: {
y_[node:2] = 0
xi_y_i_[y:53][node:2] = 0.041667
} 
Node 3: {
y_[node:3] = 0
xi_y_i_[y:53][node:3] = 0.083333
} 
Node 4: {
y_[node:4] = 0
xi_y_i_[y:53][node:4] = 0.000000
} 
Node 5: {
y_[node:5] = 1
xi_y_i_[y:53][node:5] = 0.100000
} 
Node 6: {
y_[node:6] = 0
xi_y_i_[y:53][node:6] = 0.100000
} 
Node 7: {
y_[node:7] = 1
xi_y_i_[y:53][node:7] = 0.041667
} 
Node 8: {
y_[node:8] = 0
xi_y_i_[y:53][node:8] = 0.100000
} 
Node 9: {
y_[node:9] = 1
xi_y_i_[y:53][node:9] = 0.041667
} 
Node 10: {
y_[node:10] = 1
xi_y_i_[y:53][node:10] = 0.083333
} 
Node 11: {
y_[node:11] = 1
xi_y_i_[y:53][node:11] = 0.041667
} 
Node 12: {
y_[node:12] = 1
xi_y_i_[y:53][node:12] = 0.100000
} 
Node 13: {
y_[node:13] = 1
xi_y_i_[y:53][node:13] = 0.083333
} 
Node 14: {
y_[node:14] = 1
xi_y_i_[y:53][node:14] = 0.083333
} 
Node 15: {
y_[node:15] = 1
xi_y_i_[y:53][node:15] = 0.058333
} 

 } 
Legenda_Model:Instance_Name	Network_Name	Num_Nodes	Num_Prof_Nodes	Max_Tour_Duration	Max_Num_Discoveries	Max_Discoveries_Fraction	Best_LB	Best_Ub	Cplex_Gap	Root_Node_LB	Branch_and_Cut_Elapsed_Time	Starting_Cuts_Elapsed_Time	Tot_Time	Num_Logic_Benders_Cuts	Number_Starting_Scenarios	Num_BandC_Nodes	Number_Discoveries	Profit_cost	Discovery_cost	Card_Y	Num_Tight_Y	US_Type	US_Param	US_Tot_Det_Profit
Table_Model:tsi1_15_budget_50_D1_md075_US2_USpar10	tsi1_15_budget_50	17	15	5000	12	0.750000	-0.633333	-0.633333	0.000000	0.000000	14.306000	8.725000	23.031000	67	0	0	12	-0.633333	0.000000	66	26	2	0.100000	170.000000
