++++ Instance Info ++++
Instance name: tsi2_10_budget_35_D1_md075_US2_USpar20
Network name: tsi2_10_budget_35
Number of nodes: 12
Number of profitable nodes: 10
Max number of discovery: 8
Max duration: 3500
Alrijne Collecting Time: 360.000000
++++ Uncertainty  ++++
Uncertainty Set Type: 2
Uncertainty Set Parameter: 0.200000
Total Deterministic Profit in the Network: 265.000000
++++ Solution of the Model ++++
-----------------------------------------------
Objective:
Best Lower Bound: -0.714286
Best upper bound: -0.714286
Elapsed time Branch-and-Cut: 2.240000
Elapsed time Starting Cuts: 2.054000
Cplex Gap: 0.000000
B&C nodes: 2
Number Logic Benders Cuts: 35
Number Starting Scenarios: 0
Cardinality of Y: 31
Number of Tight y in the sub-problem: 13

Variables Master Problem:

Phi =-0.714286 

Discoveries: w_i (i is a profitable node). 
 w_[node:1] = 1.000000
 w_[node:2] = 1.000000
 w_[node:3] = 1.000000
 w_[node:4] = 1.000000
 w_[node:5] = 1.000000
 w_[node:6] = 1.000000
 w_[node:9] = 1.000000
 w_[node:10] = 1.000000

Scenarios and Tight Ys Sub-Problem

Overline Scenario: ovxi_i (i is a profitable node). 
 ov_xi_[node:1] = 0.000000
 ov_xi_[node:2] = 0.142857
 ov_xi_[node:3] = 0.000000
 ov_xi_[node:4] = 0.000000
 ov_xi_[node:5] = 0.085714
 ov_xi_[node:6] = 0.200000
 ov_xi_[node:7] = 0.200000
 ov_xi_[node:8] = 0.085714
 ov_xi_[node:9] = 0.142857
 ov_xi_[node:10] = 0.142857

 Tigth Ys: 

 y = 2 { 
Node 1: {
y_[node:1] = 1
xi_y_i_[y:2][node:1] = 0.000000
} 
Node 2: {
y_[node:2] = 1
xi_y_i_[y:2][node:2] = 0.142857
} 
Node 3: {
y_[node:3] = 1
xi_y_i_[y:2][node:3] = 0.000000
} 
Node 4: {
y_[node:4] = 0
xi_y_i_[y:2][node:4] = 0.000000
} 
Node 5: {
y_[node:5] = 0
xi_y_i_[y:2][node:5] = 0.085714
} 
Node 6: {
y_[node:6] = 0
xi_y_i_[y:2][node:6] = 0.200000
} 
Node 7: {
y_[node:7] = 1
xi_y_i_[y:2][node:7] = 0.200000
} 
Node 8: {
y_[node:8] = 1
xi_y_i_[y:2][node:8] = 0.085714
} 
Node 9: {
y_[node:9] = 1
xi_y_i_[y:2][node:9] = 0.142857
} 
Node 10: {
y_[node:10] = 1
xi_y_i_[y:2][node:10] = 0.142857
} 

 } 

 y = 3 { 
Node 1: {
y_[node:1] = 1
xi_y_i_[y:3][node:1] = 0.000000
} 
Node 2: {
y_[node:2] = 1
xi_y_i_[y:3][node:2] = 0.142857
} 
Node 3: {
y_[node:3] = 1
xi_y_i_[y:3][node:3] = 0.000000
} 
Node 4: {
y_[node:4] = 1
xi_y_i_[y:3][node:4] = 0.000000
} 
Node 5: {
y_[node:5] = 1
xi_y_i_[y:3][node:5] = 0.085714
} 
Node 6: {
y_[node:6] = 1
xi_y_i_[y:3][node:6] = 0.200000
} 
Node 7: {
y_[node:7] = 1
xi_y_i_[y:3][node:7] = 0.200000
} 
Node 8: {
y_[node:8] = 1
xi_y_i_[y:3][node:8] = 0.085714
} 
Node 9: {
y_[node:9] = 0
xi_y_i_[y:3][node:9] = 0.142857
} 
Node 10: {
y_[node:10] = 0
xi_y_i_[y:3][node:10] = 0.142857
} 

 } 

 y = 9 { 
Node 1: {
y_[node:1] = 0
xi_y_i_[y:9][node:1] = 0.000000
} 
Node 2: {
y_[node:2] = 1
xi_y_i_[y:9][node:2] = 0.142857
} 
Node 3: {
y_[node:3] = 1
xi_y_i_[y:9][node:3] = 0.000000
} 
Node 4: {
y_[node:4] = 1
xi_y_i_[y:9][node:4] = 0.000000
} 
Node 5: {
y_[node:5] = 1
xi_y_i_[y:9][node:5] = 0.085714
} 
Node 6: {
y_[node:6] = 0
xi_y_i_[y:9][node:6] = 0.200000
} 
Node 7: {
y_[node:7] = 1
xi_y_i_[y:9][node:7] = 0.200000
} 
Node 8: {
y_[node:8] = 0
xi_y_i_[y:9][node:8] = 0.085714
} 
Node 9: {
y_[node:9] = 1
xi_y_i_[y:9][node:9] = 0.142857
} 
Node 10: {
y_[node:10] = 1
xi_y_i_[y:9][node:10] = 0.142857
} 

 } 

 y = 11 { 
Node 1: {
y_[node:1] = 0
xi_y_i_[y:11][node:1] = 0.000000
} 
Node 2: {
y_[node:2] = 0
xi_y_i_[y:11][node:2] = 0.142857
} 
Node 3: {
y_[node:3] = 0
xi_y_i_[y:11][node:3] = 0.000000
} 
Node 4: {
y_[node:4] = 0
xi_y_i_[y:11][node:4] = 0.000000
} 
Node 5: {
y_[node:5] = 1
xi_y_i_[y:11][node:5] = 0.085714
} 
Node 6: {
y_[node:6] = 1
xi_y_i_[y:11][node:6] = 0.200000
} 
Node 7: {
y_[node:7] = 1
xi_y_i_[y:11][node:7] = 0.200000
} 
Node 8: {
y_[node:8] = 1
xi_y_i_[y:11][node:8] = 0.085714
} 
Node 9: {
y_[node:9] = 0
xi_y_i_[y:11][node:9] = 0.142857
} 
Node 10: {
y_[node:10] = 1
xi_y_i_[y:11][node:10] = 0.142857
} 

 } 

 y = 12 { 
Node 1: {
y_[node:1] = 0
xi_y_i_[y:12][node:1] = 0.000000
} 
Node 2: {
y_[node:2] = 1
xi_y_i_[y:12][node:2] = 0.142857
} 
Node 3: {
y_[node:3] = 0
xi_y_i_[y:12][node:3] = 0.000000
} 
Node 4: {
y_[node:4] = 1
xi_y_i_[y:12][node:4] = 0.000000
} 
Node 5: {
y_[node:5] = 0
xi_y_i_[y:12][node:5] = 0.085714
} 
Node 6: {
y_[node:6] = 0
xi_y_i_[y:12][node:6] = 0.200000
} 
Node 7: {
y_[node:7] = 1
xi_y_i_[y:12][node:7] = 0.200000
} 
Node 8: {
y_[node:8] = 1
xi_y_i_[y:12][node:8] = 0.085714
} 
Node 9: {
y_[node:9] = 1
xi_y_i_[y:12][node:9] = 0.142857
} 
Node 10: {
y_[node:10] = 1
xi_y_i_[y:12][node:10] = 0.142857
} 

 } 

 y = 13 { 
Node 1: {
y_[node:1] = 0
xi_y_i_[y:13][node:1] = 0.000000
} 
Node 2: {
y_[node:2] = 0
xi_y_i_[y:13][node:2] = 0.142857
} 
Node 3: {
y_[node:3] = 0
xi_y_i_[y:13][node:3] = 0.000000
} 
Node 4: {
y_[node:4] = 1
xi_y_i_[y:13][node:4] = 0.000000
} 
Node 5: {
y_[node:5] = 1
xi_y_i_[y:13][node:5] = 0.085714
} 
Node 6: {
y_[node:6] = 1
xi_y_i_[y:13][node:6] = 0.200000
} 
Node 7: {
y_[node:7] = 1
xi_y_i_[y:13][node:7] = 0.200000
} 
Node 8: {
y_[node:8] = 1
xi_y_i_[y:13][node:8] = 0.085714
} 
Node 9: {
y_[node:9] = 1
xi_y_i_[y:13][node:9] = 0.142857
} 
Node 10: {
y_[node:10] = 0
xi_y_i_[y:13][node:10] = 0.142857
} 

 } 

 y = 15 { 
Node 1: {
y_[node:1] = 1
xi_y_i_[y:15][node:1] = 0.000000
} 
Node 2: {
y_[node:2] = 1
xi_y_i_[y:15][node:2] = 0.142857
} 
Node 3: {
y_[node:3] = 0
xi_y_i_[y:15][node:3] = 0.000000
} 
Node 4: {
y_[node:4] = 1
xi_y_i_[y:15][node:4] = 0.000000
} 
Node 5: {
y_[node:5] = 1
xi_y_i_[y:15][node:5] = 0.085714
} 
Node 6: {
y_[node:6] = 1
xi_y_i_[y:15][node:6] = 0.200000
} 
Node 7: {
y_[node:7] = 0
xi_y_i_[y:15][node:7] = 0.200000
} 
Node 8: {
y_[node:8] = 0
xi_y_i_[y:15][node:8] = 0.085714
} 
Node 9: {
y_[node:9] = 1
xi_y_i_[y:15][node:9] = 0.142857
} 
Node 10: {
y_[node:10] = 1
xi_y_i_[y:15][node:10] = 0.142857
} 

 } 

 y = 16 { 
Node 1: {
y_[node:1] = 0
xi_y_i_[y:16][node:1] = 0.000000
} 
Node 2: {
y_[node:2] = 1
xi_y_i_[y:16][node:2] = 0.142857
} 
Node 3: {
y_[node:3] = 1
xi_y_i_[y:16][node:3] = 0.000000
} 
Node 4: {
y_[node:4] = 1
xi_y_i_[y:16][node:4] = 0.000000
} 
Node 5: {
y_[node:5] = 1
xi_y_i_[y:16][node:5] = 0.085714
} 
Node 6: {
y_[node:6] = 1
xi_y_i_[y:16][node:6] = 0.200000
} 
Node 7: {
y_[node:7] = 0
xi_y_i_[y:16][node:7] = 0.200000
} 
Node 8: {
y_[node:8] = 0
xi_y_i_[y:16][node:8] = 0.085714
} 
Node 9: {
y_[node:9] = 1
xi_y_i_[y:16][node:9] = 0.142857
} 
Node 10: {
y_[node:10] = 1
xi_y_i_[y:16][node:10] = 0.142857
} 

 } 

 y = 17 { 
Node 1: {
y_[node:1] = 1
xi_y_i_[y:17][node:1] = 0.000000
} 
Node 2: {
y_[node:2] = 1
xi_y_i_[y:17][node:2] = 0.142857
} 
Node 3: {
y_[node:3] = 1
xi_y_i_[y:17][node:3] = 0.000000
} 
Node 4: {
y_[node:4] = 1
xi_y_i_[y:17][node:4] = 0.000000
} 
Node 5: {
y_[node:5] = 0
xi_y_i_[y:17][node:5] = 0.085714
} 
Node 6: {
y_[node:6] = 0
xi_y_i_[y:17][node:6] = 0.200000
} 
Node 7: {
y_[node:7] = 1
xi_y_i_[y:17][node:7] = 0.200000
} 
Node 8: {
y_[node:8] = 1
xi_y_i_[y:17][node:8] = 0.085714
} 
Node 9: {
y_[node:9] = 1
xi_y_i_[y:17][node:9] = 0.142857
} 
Node 10: {
y_[node:10] = 1
xi_y_i_[y:17][node:10] = 0.142857
} 

 } 

 y = 18 { 
Node 1: {
y_[node:1] = 1
xi_y_i_[y:18][node:1] = 0.000000
} 
Node 2: {
y_[node:2] = 1
xi_y_i_[y:18][node:2] = 0.142857
} 
Node 3: {
y_[node:3] = 1
xi_y_i_[y:18][node:3] = 0.000000
} 
Node 4: {
y_[node:4] = 0
xi_y_i_[y:18][node:4] = 0.000000
} 
Node 5: {
y_[node:5] = 1
xi_y_i_[y:18][node:5] = 0.085714
} 
Node 6: {
y_[node:6] = 1
xi_y_i_[y:18][node:6] = 0.200000
} 
Node 7: {
y_[node:7] = 0
xi_y_i_[y:18][node:7] = 0.200000
} 
Node 8: {
y_[node:8] = 0
xi_y_i_[y:18][node:8] = 0.085714
} 
Node 9: {
y_[node:9] = 1
xi_y_i_[y:18][node:9] = 0.142857
} 
Node 10: {
y_[node:10] = 1
xi_y_i_[y:18][node:10] = 0.142857
} 

 } 

 y = 20 { 
Node 1: {
y_[node:1] = 1
xi_y_i_[y:20][node:1] = 0.000000
} 
Node 2: {
y_[node:2] = 1
xi_y_i_[y:20][node:2] = 0.142857
} 
Node 3: {
y_[node:3] = 1
xi_y_i_[y:20][node:3] = 0.000000
} 
Node 4: {
y_[node:4] = 1
xi_y_i_[y:20][node:4] = 0.000000
} 
Node 5: {
y_[node:5] = 1
xi_y_i_[y:20][node:5] = 0.085714
} 
Node 6: {
y_[node:6] = 1
xi_y_i_[y:20][node:6] = 0.200000
} 
Node 7: {
y_[node:7] = 0
xi_y_i_[y:20][node:7] = 0.200000
} 
Node 8: {
y_[node:8] = 0
xi_y_i_[y:20][node:8] = 0.085714
} 
Node 9: {
y_[node:9] = 1
xi_y_i_[y:20][node:9] = 0.142857
} 
Node 10: {
y_[node:10] = 1
xi_y_i_[y:20][node:10] = 0.142857
} 

 } 

 y = 25 { 
Node 1: {
y_[node:1] = 1
xi_y_i_[y:25][node:1] = 0.000000
} 
Node 2: {
y_[node:2] = 1
xi_y_i_[y:25][node:2] = 0.142857
} 
Node 3: {
y_[node:3] = 1
xi_y_i_[y:25][node:3] = 0.000000
} 
Node 4: {
y_[node:4] = 0
xi_y_i_[y:25][node:4] = 0.000000
} 
Node 5: {
y_[node:5] = 1
xi_y_i_[y:25][node:5] = 0.085714
} 
Node 6: {
y_[node:6] = 1
xi_y_i_[y:25][node:6] = 0.200000
} 
Node 7: {
y_[node:7] = 1
xi_y_i_[y:25][node:7] = 0.142857
} 
Node 8: {
y_[node:8] = 0
xi_y_i_[y:25][node:8] = 0.142857
} 
Node 9: {
y_[node:9] = 0
xi_y_i_[y:25][node:9] = 0.142857
} 
Node 10: {
y_[node:10] = 1
xi_y_i_[y:25][node:10] = 0.142857
} 

 } 

 y = 27 { 
Node 1: {
y_[node:1] = 0
xi_y_i_[y:27][node:1] = 0.000000
} 
Node 2: {
y_[node:2] = 0
xi_y_i_[y:27][node:2] = 0.142857
} 
Node 3: {
y_[node:3] = 0
xi_y_i_[y:27][node:3] = 0.000000
} 
Node 4: {
y_[node:4] = 1
xi_y_i_[y:27][node:4] = 0.000000
} 
Node 5: {
y_[node:5] = 1
xi_y_i_[y:27][node:5] = 0.085714
} 
Node 6: {
y_[node:6] = 1
xi_y_i_[y:27][node:6] = 0.200000
} 
Node 7: {
y_[node:7] = 1
xi_y_i_[y:27][node:7] = 0.200000
} 
Node 8: {
y_[node:8] = 1
xi_y_i_[y:27][node:8] = 0.085714
} 
Node 9: {
y_[node:9] = 0
xi_y_i_[y:27][node:9] = 0.142857
} 
Node 10: {
y_[node:10] = 1
xi_y_i_[y:27][node:10] = 0.142857
} 

 } 
Legenda_Model:Instance_Name	Network_Name	Num_Nodes	Num_Prof_Nodes	Max_Tour_Duration	Max_Num_Discoveries	Max_Discoveries_Fraction	Best_LB	Best_Ub	Cplex_Gap	Root_Node_LB	Branch_and_Cut_Elapsed_Time	Starting_Cuts_Elapsed_Time	Tot_Time	Num_Logic_Benders_Cuts	Number_Starting_Scenarios	Num_BandC_Nodes	Number_Discoveries	Profit_cost	Discovery_cost	Card_Y	Num_Tight_Y	US_Type	US_Param	US_Tot_Det_Profit
Table_Model:tsi2_10_budget_35_D1_md075_US2_USpar20	tsi2_10_budget_35	12	10	3500	8	0.750000	-0.714286	-0.714286	0.000000	0.000000	2.240000	2.054000	4.294000	35	0	2	8	-0.714286	0.000000	31	13	2	0.200000	265.000000
