++++ Instance Info ++++
Instance name: tsi3_16_budget_060_D1_md075_US2_USpar10
Network name: tsi3_16_budget_060
Number of nodes: 18
Number of profitable nodes: 16
Max number of discovery: 12
Max duration: 6000
Alrijne Collecting Time: 360.000000
++++ Uncertainty  ++++
Uncertainty Set Type: 2
Uncertainty Set Parameter: 0.100000
Total Deterministic Profit in the Network: 550.000000
++++ Solution of the Model ++++
-----------------------------------------------
Objective:
Best Lower Bound: -0.703704
Best upper bound: -0.703704
Elapsed time Branch-and-Cut: 59.854000
Elapsed time Starting Cuts: 5.299000
Cplex Gap: 0.000000
B&C nodes: 84
Number Logic Benders Cuts: 538
Number Starting Scenarios: 0
Cardinality of Y: 95
Number of Tight y in the sub-problem: 51

Variables Master Problem:

Phi =-0.703704 

Discoveries: w_i (i is a profitable node). 
 w_[node:3] = 1.000000
 w_[node:4] = 1.000000
 w_[node:5] = 1.000000
 w_[node:6] = 1.000000
 w_[node:7] = 1.000000
 w_[node:8] = 1.000000
 w_[node:9] = 1.000000
 w_[node:10] = 1.000000
 w_[node:11] = 1.000000
 w_[node:13] = 1.000000
 w_[node:15] = 1.000000
 w_[node:16] = 1.000000

Scenarios and Tight Ys Sub-Problem

Overline Scenario: ovxi_i (i is a profitable node). 
 ov_xi_[node:1] = 0.100000
 ov_xi_[node:2] = 0.100000
 ov_xi_[node:3] = 0.070370
 ov_xi_[node:4] = 0.025926
 ov_xi_[node:5] = 0.096296
 ov_xi_[node:6] = 0.074074
 ov_xi_[node:7] = 0.025926
 ov_xi_[node:8] = 0.096296
 ov_xi_[node:9] = 0.074074
 ov_xi_[node:10] = 0.070370
 ov_xi_[node:11] = 0.100000
 ov_xi_[node:12] = 0.000000
 ov_xi_[node:13] = 0.025926
 ov_xi_[node:14] = 0.096296
 ov_xi_[node:15] = 0.022222
 ov_xi_[node:16] = 0.022222

 Tigth Ys: 

 y = 0 { 
Node 1: {
y_[node:1] = 1
xi_y_i_[y:0][node:1] = 0.100000
} 
Node 2: {
y_[node:2] = 1
xi_y_i_[y:0][node:2] = 0.048148
} 
Node 3: {
y_[node:3] = 1
xi_y_i_[y:0][node:3] = 0.070370
} 
Node 4: {
y_[node:4] = 1
xi_y_i_[y:0][node:4] = 0.025926
} 
Node 5: {
y_[node:5] = 1
xi_y_i_[y:0][node:5] = 0.096296
} 
Node 6: {
y_[node:6] = 1
xi_y_i_[y:0][node:6] = 0.074074
} 
Node 7: {
y_[node:7] = 1
xi_y_i_[y:0][node:7] = 0.025926
} 
Node 8: {
y_[node:8] = 1
xi_y_i_[y:0][node:8] = 0.096296
} 
Node 9: {
y_[node:9] = 1
xi_y_i_[y:0][node:9] = 0.074074
} 
Node 10: {
y_[node:10] = 1
xi_y_i_[y:0][node:10] = 0.070370
} 
Node 11: {
y_[node:11] = 0
xi_y_i_[y:0][node:11] = 0.100000
} 
Node 12: {
y_[node:12] = 0
xi_y_i_[y:0][node:12] = 0.048148
} 
Node 13: {
y_[node:13] = 0
xi_y_i_[y:0][node:13] = 0.025926
} 
Node 14: {
y_[node:14] = 0
xi_y_i_[y:0][node:14] = 0.100000
} 
Node 15: {
y_[node:15] = 0
xi_y_i_[y:0][node:15] = 0.022222
} 
Node 16: {
y_[node:16] = 1
xi_y_i_[y:0][node:16] = 0.022222
} 

 } 

 y = 7 { 
Node 1: {
y_[node:1] = 1
xi_y_i_[y:7][node:1] = 0.100000
} 
Node 2: {
y_[node:2] = 1
xi_y_i_[y:7][node:2] = 0.044444
} 
Node 3: {
y_[node:3] = 1
xi_y_i_[y:7][node:3] = 0.070370
} 
Node 4: {
y_[node:4] = 0
xi_y_i_[y:7][node:4] = 0.025926
} 
Node 5: {
y_[node:5] = 0
xi_y_i_[y:7][node:5] = 0.096296
} 
Node 6: {
y_[node:6] = 1
xi_y_i_[y:7][node:6] = 0.074074
} 
Node 7: {
y_[node:7] = 1
xi_y_i_[y:7][node:7] = 0.025926
} 
Node 8: {
y_[node:8] = 1
xi_y_i_[y:7][node:8] = 0.096296
} 
Node 9: {
y_[node:9] = 1
xi_y_i_[y:7][node:9] = 0.074074
} 
Node 10: {
y_[node:10] = 1
xi_y_i_[y:7][node:10] = 0.070370
} 
Node 11: {
y_[node:11] = 0
xi_y_i_[y:7][node:11] = 0.100000
} 
Node 12: {
y_[node:12] = 0
xi_y_i_[y:7][node:12] = 0.051852
} 
Node 13: {
y_[node:13] = 1
xi_y_i_[y:7][node:13] = 0.025926
} 
Node 14: {
y_[node:14] = 1
xi_y_i_[y:7][node:14] = 0.100000
} 
Node 15: {
y_[node:15] = 1
xi_y_i_[y:7][node:15] = 0.022222
} 
Node 16: {
y_[node:16] = 0
xi_y_i_[y:7][node:16] = 0.022222
} 

 } 

 y = 11 { 
Node 1: {
y_[node:1] = 0
xi_y_i_[y:11][node:1] = 0.100000
} 
Node 2: {
y_[node:2] = 1
xi_y_i_[y:11][node:2] = 0.100000
} 
Node 3: {
y_[node:3] = 1
xi_y_i_[y:11][node:3] = 0.070370
} 
Node 4: {
y_[node:4] = 1
xi_y_i_[y:11][node:4] = 0.025926
} 
Node 5: {
y_[node:5] = 1
xi_y_i_[y:11][node:5] = 0.096296
} 
Node 6: {
y_[node:6] = 0
xi_y_i_[y:11][node:6] = 0.074074
} 
Node 7: {
y_[node:7] = 1
xi_y_i_[y:11][node:7] = 0.025926
} 
Node 8: {
y_[node:8] = 1
xi_y_i_[y:11][node:8] = 0.096296
} 
Node 9: {
y_[node:9] = 1
xi_y_i_[y:11][node:9] = 0.074074
} 
Node 10: {
y_[node:10] = 1
xi_y_i_[y:11][node:10] = 0.070370
} 
Node 11: {
y_[node:11] = 1
xi_y_i_[y:11][node:11] = 0.100000
} 
Node 12: {
y_[node:12] = 0
xi_y_i_[y:11][node:12] = 0.000000
} 
Node 13: {
y_[node:13] = 0
xi_y_i_[y:11][node:13] = 0.025926
} 
Node 14: {
y_[node:14] = 0
xi_y_i_[y:11][node:14] = 0.096296
} 
Node 15: {
y_[node:15] = 1
xi_y_i_[y:11][node:15] = 0.022222
} 
Node 16: {
y_[node:16] = 1
xi_y_i_[y:11][node:16] = 0.022222
} 

 } 

 y = 12 { 
Node 1: {
y_[node:1] = 1
xi_y_i_[y:12][node:1] = 0.100000
} 
Node 2: {
y_[node:2] = 1
xi_y_i_[y:12][node:2] = 0.018518
} 
Node 3: {
y_[node:3] = 1
xi_y_i_[y:12][node:3] = 0.070370
} 
Node 4: {
y_[node:4] = 1
xi_y_i_[y:12][node:4] = 0.025926
} 
Node 5: {
y_[node:5] = 1
xi_y_i_[y:12][node:5] = 0.096296
} 
Node 6: {
y_[node:6] = 1
xi_y_i_[y:12][node:6] = 0.074074
} 
Node 7: {
y_[node:7] = 0
xi_y_i_[y:12][node:7] = 0.025926
} 
Node 8: {
y_[node:8] = 0
xi_y_i_[y:12][node:8] = 0.096296
} 
Node 9: {
y_[node:9] = 0
xi_y_i_[y:12][node:9] = 0.074074
} 
Node 10: {
y_[node:10] = 1
xi_y_i_[y:12][node:10] = 0.070370
} 
Node 11: {
y_[node:11] = 1
xi_y_i_[y:12][node:11] = 0.100000
} 
Node 12: {
y_[node:12] = 1
xi_y_i_[y:12][node:12] = 0.100000
} 
Node 13: {
y_[node:13] = 1
xi_y_i_[y:12][node:13] = 0.025926
} 
Node 14: {
y_[node:14] = 0
xi_y_i_[y:12][node:14] = 0.077778
} 
Node 15: {
y_[node:15] = 1
xi_y_i_[y:12][node:15] = 0.022222
} 
Node 16: {
y_[node:16] = 0
xi_y_i_[y:12][node:16] = 0.022222
} 

 } 

 y = 13 { 
Node 1: {
y_[node:1] = 1
xi_y_i_[y:13][node:1] = 0.096296
} 
Node 2: {
y_[node:2] = 1
xi_y_i_[y:13][node:2] = 0.000000
} 
Node 3: {
y_[node:3] = 1
xi_y_i_[y:13][node:3] = 0.070370
} 
Node 4: {
y_[node:4] = 1
xi_y_i_[y:13][node:4] = 0.025926
} 
Node 5: {
y_[node:5] = 1
xi_y_i_[y:13][node:5] = 0.096296
} 
Node 6: {
y_[node:6] = 1
xi_y_i_[y:13][node:6] = 0.074074
} 
Node 7: {
y_[node:7] = 0
xi_y_i_[y:13][node:7] = 0.025926
} 
Node 8: {
y_[node:8] = 1
xi_y_i_[y:13][node:8] = 0.096296
} 
Node 9: {
y_[node:9] = 1
xi_y_i_[y:13][node:9] = 0.074074
} 
Node 10: {
y_[node:10] = 0
xi_y_i_[y:13][node:10] = 0.070370
} 
Node 11: {
y_[node:11] = 1
xi_y_i_[y:13][node:11] = 0.100000
} 
Node 12: {
y_[node:12] = 0
xi_y_i_[y:13][node:12] = 0.100000
} 
Node 13: {
y_[node:13] = 1
xi_y_i_[y:13][node:13] = 0.025926
} 
Node 14: {
y_[node:14] = 0
xi_y_i_[y:13][node:14] = 0.100000
} 
Node 15: {
y_[node:15] = 1
xi_y_i_[y:13][node:15] = 0.022222
} 
Node 16: {
y_[node:16] = 1
xi_y_i_[y:13][node:16] = 0.022222
} 

 } 

 y = 15 { 
Node 1: {
y_[node:1] = 1
xi_y_i_[y:15][node:1] = 0.100000
} 
Node 2: {
y_[node:2] = 1
xi_y_i_[y:15][node:2] = 0.018518
} 
Node 3: {
y_[node:3] = 1
xi_y_i_[y:15][node:3] = 0.070370
} 
Node 4: {
y_[node:4] = 1
xi_y_i_[y:15][node:4] = 0.025926
} 
Node 5: {
y_[node:5] = 0
xi_y_i_[y:15][node:5] = 0.096296
} 
Node 6: {
y_[node:6] = 1
xi_y_i_[y:15][node:6] = 0.074074
} 
Node 7: {
y_[node:7] = 1
xi_y_i_[y:15][node:7] = 0.025926
} 
Node 8: {
y_[node:8] = 1
xi_y_i_[y:15][node:8] = 0.096296
} 
Node 9: {
y_[node:9] = 1
xi_y_i_[y:15][node:9] = 0.074074
} 
Node 10: {
y_[node:10] = 1
xi_y_i_[y:15][node:10] = 0.070370
} 
Node 11: {
y_[node:11] = 0
xi_y_i_[y:15][node:11] = 0.100000
} 
Node 12: {
y_[node:12] = 0
xi_y_i_[y:15][node:12] = 0.077778
} 
Node 13: {
y_[node:13] = 1
xi_y_i_[y:15][node:13] = 0.025926
} 
Node 14: {
y_[node:14] = 1
xi_y_i_[y:15][node:14] = 0.100000
} 
Node 15: {
y_[node:15] = 0
xi_y_i_[y:15][node:15] = 0.022222
} 
Node 16: {
y_[node:16] = 1
xi_y_i_[y:15][node:16] = 0.022222
} 

 } 

 y = 16 { 
Node 1: {
y_[node:1] = 1
xi_y_i_[y:16][node:1] = 0.096296
} 
Node 2: {
y_[node:2] = 0
xi_y_i_[y:16][node:2] = 0.100000
} 
Node 3: {
y_[node:3] = 0
xi_y_i_[y:16][node:3] = 0.070370
} 
Node 4: {
y_[node:4] = 1
xi_y_i_[y:16][node:4] = 0.025926
} 
Node 5: {
y_[node:5] = 1
xi_y_i_[y:16][node:5] = 0.096296
} 
Node 6: {
y_[node:6] = 1
xi_y_i_[y:16][node:6] = 0.074074
} 
Node 7: {
y_[node:7] = 1
xi_y_i_[y:16][node:7] = 0.025926
} 
Node 8: {
y_[node:8] = 1
xi_y_i_[y:16][node:8] = 0.096296
} 
Node 9: {
y_[node:9] = 1
xi_y_i_[y:16][node:9] = 0.074074
} 
Node 10: {
y_[node:10] = 1
xi_y_i_[y:16][node:10] = 0.070370
} 
Node 11: {
y_[node:11] = 1
xi_y_i_[y:16][node:11] = 0.100000
} 
Node 12: {
y_[node:12] = 0
xi_y_i_[y:16][node:12] = 0.100000
} 
Node 13: {
y_[node:13] = 0
xi_y_i_[y:16][node:13] = 0.025926
} 
Node 14: {
y_[node:14] = 0
xi_y_i_[y:16][node:14] = 0.000000
} 
Node 15: {
y_[node:15] = 1
xi_y_i_[y:16][node:15] = 0.022222
} 
Node 16: {
y_[node:16] = 1
xi_y_i_[y:16][node:16] = 0.022222
} 

 } 

 y = 17 { 
Node 1: {
y_[node:1] = 0
xi_y_i_[y:17][node:1] = 0.100000
} 
Node 2: {
y_[node:2] = 1
xi_y_i_[y:17][node:2] = 0.096296
} 
Node 3: {
y_[node:3] = 1
xi_y_i_[y:17][node:3] = 0.070370
} 
Node 4: {
y_[node:4] = 1
xi_y_i_[y:17][node:4] = 0.025926
} 
Node 5: {
y_[node:5] = 1
xi_y_i_[y:17][node:5] = 0.096296
} 
Node 6: {
y_[node:6] = 1
xi_y_i_[y:17][node:6] = 0.074074
} 
Node 7: {
y_[node:7] = 1
xi_y_i_[y:17][node:7] = 0.025926
} 
Node 8: {
y_[node:8] = 0
xi_y_i_[y:17][node:8] = 0.096296
} 
Node 9: {
y_[node:9] = 1
xi_y_i_[y:17][node:9] = 0.074074
} 
Node 10: {
y_[node:10] = 1
xi_y_i_[y:17][node:10] = 0.070370
} 
Node 11: {
y_[node:11] = 1
xi_y_i_[y:17][node:11] = 0.100000
} 
Node 12: {
y_[node:12] = 0
xi_y_i_[y:17][node:12] = 0.000000
} 
Node 13: {
y_[node:13] = 1
xi_y_i_[y:17][node:13] = 0.025926
} 
Node 14: {
y_[node:14] = 0
xi_y_i_[y:17][node:14] = 0.100000
} 
Node 15: {
y_[node:15] = 1
xi_y_i_[y:17][node:15] = 0.022222
} 
Node 16: {
y_[node:16] = 1
xi_y_i_[y:17][node:16] = 0.022222
} 

 } 

 y = 18 { 
Node 1: {
y_[node:1] = 1
xi_y_i_[y:18][node:1] = 0.100000
} 
Node 2: {
y_[node:2] = 1
xi_y_i_[y:18][node:2] = 0.070370
} 
Node 3: {
y_[node:3] = 0
xi_y_i_[y:18][node:3] = 0.070370
} 
Node 4: {
y_[node:4] = 0
xi_y_i_[y:18][node:4] = 0.025926
} 
Node 5: {
y_[node:5] = 1
xi_y_i_[y:18][node:5] = 0.096296
} 
Node 6: {
y_[node:6] = 0
xi_y_i_[y:18][node:6] = 0.074074
} 
Node 7: {
y_[node:7] = 1
xi_y_i_[y:18][node:7] = 0.025926
} 
Node 8: {
y_[node:8] = 1
xi_y_i_[y:18][node:8] = 0.096296
} 
Node 9: {
y_[node:9] = 1
xi_y_i_[y:18][node:9] = 0.074074
} 
Node 10: {
y_[node:10] = 1
xi_y_i_[y:18][node:10] = 0.070370
} 
Node 11: {
y_[node:11] = 0
xi_y_i_[y:18][node:11] = 0.100000
} 
Node 12: {
y_[node:12] = 0
xi_y_i_[y:18][node:12] = 0.025926
} 
Node 13: {
y_[node:13] = 1
xi_y_i_[y:18][node:13] = 0.025926
} 
Node 14: {
y_[node:14] = 1
xi_y_i_[y:18][node:14] = 0.100000
} 
Node 15: {
y_[node:15] = 1
xi_y_i_[y:18][node:15] = 0.022222
} 
Node 16: {
y_[node:16] = 1
xi_y_i_[y:18][node:16] = 0.022222
} 

 } 

 y = 19 { 
Node 1: {
y_[node:1] = 1
xi_y_i_[y:19][node:1] = 0.096296
} 
Node 2: {
y_[node:2] = 1
xi_y_i_[y:19][node:2] = 0.000000
} 
Node 3: {
y_[node:3] = 1
xi_y_i_[y:19][node:3] = 0.070370
} 
Node 4: {
y_[node:4] = 1
xi_y_i_[y:19][node:4] = 0.025926
} 
Node 5: {
y_[node:5] = 1
xi_y_i_[y:19][node:5] = 0.096296
} 
Node 6: {
y_[node:6] = 0
xi_y_i_[y:19][node:6] = 0.074074
} 
Node 7: {
y_[node:7] = 1
xi_y_i_[y:19][node:7] = 0.025926
} 
Node 8: {
y_[node:8] = 1
xi_y_i_[y:19][node:8] = 0.096296
} 
Node 9: {
y_[node:9] = 1
xi_y_i_[y:19][node:9] = 0.074074
} 
Node 10: {
y_[node:10] = 1
xi_y_i_[y:19][node:10] = 0.070370
} 
Node 11: {
y_[node:11] = 1
xi_y_i_[y:19][node:11] = 0.100000
} 
Node 12: {
y_[node:12] = 0
xi_y_i_[y:19][node:12] = 0.100000
} 
Node 13: {
y_[node:13] = 1
xi_y_i_[y:19][node:13] = 0.025926
} 
Node 14: {
y_[node:14] = 0
xi_y_i_[y:19][node:14] = 0.100000
} 
Node 15: {
y_[node:15] = 1
xi_y_i_[y:19][node:15] = 0.022222
} 
Node 16: {
y_[node:16] = 0
xi_y_i_[y:19][node:16] = 0.022222
} 

 } 

 y = 20 { 
Node 1: {
y_[node:1] = 1
xi_y_i_[y:20][node:1] = 0.100000
} 
Node 2: {
y_[node:2] = 1
xi_y_i_[y:20][node:2] = 0.000000
} 
Node 3: {
y_[node:3] = 1
xi_y_i_[y:20][node:3] = 0.070370
} 
Node 4: {
y_[node:4] = 0
xi_y_i_[y:20][node:4] = 0.025926
} 
Node 5: {
y_[node:5] = 1
xi_y_i_[y:20][node:5] = 0.096296
} 
Node 6: {
y_[node:6] = 1
xi_y_i_[y:20][node:6] = 0.074074
} 
Node 7: {
y_[node:7] = 1
xi_y_i_[y:20][node:7] = 0.025926
} 
Node 8: {
y_[node:8] = 1
xi_y_i_[y:20][node:8] = 0.096296
} 
Node 9: {
y_[node:9] = 0
xi_y_i_[y:20][node:9] = 0.074074
} 
Node 10: {
y_[node:10] = 1
xi_y_i_[y:20][node:10] = 0.070370
} 
Node 11: {
y_[node:11] = 1
xi_y_i_[y:20][node:11] = 0.100000
} 
Node 12: {
y_[node:12] = 0
xi_y_i_[y:20][node:12] = 0.100000
} 
Node 13: {
y_[node:13] = 1
xi_y_i_[y:20][node:13] = 0.025926
} 
Node 14: {
y_[node:14] = 0
xi_y_i_[y:20][node:14] = 0.096296
} 
Node 15: {
y_[node:15] = 1
xi_y_i_[y:20][node:15] = 0.022222
} 
Node 16: {
y_[node:16] = 1
xi_y_i_[y:20][node:16] = 0.022222
} 

 } 

 y = 21 { 
Node 1: {
y_[node:1] = 1
xi_y_i_[y:21][node:1] = 0.100000
} 
Node 2: {
y_[node:2] = 1
xi_y_i_[y:21][node:2] = 0.100000
} 
Node 3: {
y_[node:3] = 0
xi_y_i_[y:21][node:3] = 0.070370
} 
Node 4: {
y_[node:4] = 1
xi_y_i_[y:21][node:4] = 0.025926
} 
Node 5: {
y_[node:5] = 1
xi_y_i_[y:21][node:5] = 0.096296
} 
Node 6: {
y_[node:6] = 1
xi_y_i_[y:21][node:6] = 0.074074
} 
Node 7: {
y_[node:7] = 1
xi_y_i_[y:21][node:7] = 0.025926
} 
Node 8: {
y_[node:8] = 0
xi_y_i_[y:21][node:8] = 0.096296
} 
Node 9: {
y_[node:9] = 0
xi_y_i_[y:21][node:9] = 0.074074
} 
Node 10: {
y_[node:10] = 1
xi_y_i_[y:21][node:10] = 0.070370
} 
Node 11: {
y_[node:11] = 1
xi_y_i_[y:21][node:11] = 0.100000
} 
Node 12: {
y_[node:12] = 1
xi_y_i_[y:21][node:12] = 0.040741
} 
Node 13: {
y_[node:13] = 1
xi_y_i_[y:21][node:13] = 0.025926
} 
Node 14: {
y_[node:14] = 0
xi_y_i_[y:21][node:14] = 0.055556
} 
Node 15: {
y_[node:15] = 1
xi_y_i_[y:21][node:15] = 0.022222
} 
Node 16: {
y_[node:16] = 1
xi_y_i_[y:21][node:16] = 0.022222
} 

 } 

 y = 22 { 
Node 1: {
y_[node:1] = 0
xi_y_i_[y:22][node:1] = 0.100000
} 
Node 2: {
y_[node:2] = 0
xi_y_i_[y:22][node:2] = 0.096296
} 
Node 3: {
y_[node:3] = 1
xi_y_i_[y:22][node:3] = 0.070370
} 
Node 4: {
y_[node:4] = 1
xi_y_i_[y:22][node:4] = 0.025926
} 
Node 5: {
y_[node:5] = 1
xi_y_i_[y:22][node:5] = 0.096296
} 
Node 6: {
y_[node:6] = 1
xi_y_i_[y:22][node:6] = 0.074074
} 
Node 7: {
y_[node:7] = 1
xi_y_i_[y:22][node:7] = 0.025926
} 
Node 8: {
y_[node:8] = 1
xi_y_i_[y:22][node:8] = 0.096296
} 
Node 9: {
y_[node:9] = 1
xi_y_i_[y:22][node:9] = 0.074074
} 
Node 10: {
y_[node:10] = 1
xi_y_i_[y:22][node:10] = 0.070370
} 
Node 11: {
y_[node:11] = 1
xi_y_i_[y:22][node:11] = 0.100000
} 
Node 12: {
y_[node:12] = 0
xi_y_i_[y:22][node:12] = 0.000000
} 
Node 13: {
y_[node:13] = 1
xi_y_i_[y:22][node:13] = 0.025926
} 
Node 14: {
y_[node:14] = 0
xi_y_i_[y:22][node:14] = 0.100000
} 
Node 15: {
y_[node:15] = 1
xi_y_i_[y:22][node:15] = 0.022222
} 
Node 16: {
y_[node:16] = 1
xi_y_i_[y:22][node:16] = 0.022222
} 

 } 

 y = 23 { 
Node 1: {
y_[node:1] = 1
xi_y_i_[y:23][node:1] = 0.100000
} 
Node 2: {
y_[node:2] = 1
xi_y_i_[y:23][node:2] = 0.022222
} 
Node 3: {
y_[node:3] = 0
xi_y_i_[y:23][node:3] = 0.070370
} 
Node 4: {
y_[node:4] = 0
xi_y_i_[y:23][node:4] = 0.025926
} 
Node 5: {
y_[node:5] = 1
xi_y_i_[y:23][node:5] = 0.096296
} 
Node 6: {
y_[node:6] = 1
xi_y_i_[y:23][node:6] = 0.074074
} 
Node 7: {
y_[node:7] = 1
xi_y_i_[y:23][node:7] = 0.025926
} 
Node 8: {
y_[node:8] = 1
xi_y_i_[y:23][node:8] = 0.096296
} 
Node 9: {
y_[node:9] = 1
xi_y_i_[y:23][node:9] = 0.074074
} 
Node 10: {
y_[node:10] = 1
xi_y_i_[y:23][node:10] = 0.070370
} 
Node 11: {
y_[node:11] = 0
xi_y_i_[y:23][node:11] = 0.100000
} 
Node 12: {
y_[node:12] = 0
xi_y_i_[y:23][node:12] = 0.074074
} 
Node 13: {
y_[node:13] = 0
xi_y_i_[y:23][node:13] = 0.025926
} 
Node 14: {
y_[node:14] = 1
xi_y_i_[y:23][node:14] = 0.100000
} 
Node 15: {
y_[node:15] = 1
xi_y_i_[y:23][node:15] = 0.022222
} 
Node 16: {
y_[node:16] = 1
xi_y_i_[y:23][node:16] = 0.022222
} 

 } 

 y = 24 { 
Node 1: {
y_[node:1] = 1
xi_y_i_[y:24][node:1] = 0.096296
} 
Node 2: {
y_[node:2] = 1
xi_y_i_[y:24][node:2] = 0.000000
} 
Node 3: {
y_[node:3] = 1
xi_y_i_[y:24][node:3] = 0.070370
} 
Node 4: {
y_[node:4] = 1
xi_y_i_[y:24][node:4] = 0.025926
} 
Node 5: {
y_[node:5] = 1
xi_y_i_[y:24][node:5] = 0.096296
} 
Node 6: {
y_[node:6] = 1
xi_y_i_[y:24][node:6] = 0.074074
} 
Node 7: {
y_[node:7] = 1
xi_y_i_[y:24][node:7] = 0.025926
} 
Node 8: {
y_[node:8] = 1
xi_y_i_[y:24][node:8] = 0.096296
} 
Node 9: {
y_[node:9] = 1
xi_y_i_[y:24][node:9] = 0.074074
} 
Node 10: {
y_[node:10] = 0
xi_y_i_[y:24][node:10] = 0.070370
} 
Node 11: {
y_[node:11] = 1
xi_y_i_[y:24][node:11] = 0.100000
} 
Node 12: {
y_[node:12] = 0
xi_y_i_[y:24][node:12] = 0.100000
} 
Node 13: {
y_[node:13] = 0
xi_y_i_[y:24][node:13] = 0.025926
} 
Node 14: {
y_[node:14] = 0
xi_y_i_[y:24][node:14] = 0.100000
} 
Node 15: {
y_[node:15] = 1
xi_y_i_[y:24][node:15] = 0.022222
} 
Node 16: {
y_[node:16] = 1
xi_y_i_[y:24][node:16] = 0.022222
} 

 } 

 y = 25 { 
Node 1: {
y_[node:1] = 1
xi_y_i_[y:25][node:1] = 0.100000
} 
Node 2: {
y_[node:2] = 1
xi_y_i_[y:25][node:2] = 0.000000
} 
Node 3: {
y_[node:3] = 1
xi_y_i_[y:25][node:3] = 0.070370
} 
Node 4: {
y_[node:4] = 1
xi_y_i_[y:25][node:4] = 0.025926
} 
Node 5: {
y_[node:5] = 0
xi_y_i_[y:25][node:5] = 0.096296
} 
Node 6: {
y_[node:6] = 1
xi_y_i_[y:25][node:6] = 0.074074
} 
Node 7: {
y_[node:7] = 1
xi_y_i_[y:25][node:7] = 0.025926
} 
Node 8: {
y_[node:8] = 1
xi_y_i_[y:25][node:8] = 0.096296
} 
Node 9: {
y_[node:9] = 1
xi_y_i_[y:25][node:9] = 0.074074
} 
Node 10: {
y_[node:10] = 1
xi_y_i_[y:25][node:10] = 0.070370
} 
Node 11: {
y_[node:11] = 0
xi_y_i_[y:25][node:11] = 0.100000
} 
Node 12: {
y_[node:12] = 0
xi_y_i_[y:25][node:12] = 0.100000
} 
Node 13: {
y_[node:13] = 1
xi_y_i_[y:25][node:13] = 0.025926
} 
Node 14: {
y_[node:14] = 1
xi_y_i_[y:25][node:14] = 0.096296
} 
Node 15: {
y_[node:15] = 1
xi_y_i_[y:25][node:15] = 0.022222
} 
Node 16: {
y_[node:16] = 1
xi_y_i_[y:25][node:16] = 0.022222
} 

 } 

 y = 26 { 
Node 1: {
y_[node:1] = 1
xi_y_i_[y:26][node:1] = 0.096296
} 
Node 2: {
y_[node:2] = 1
xi_y_i_[y:26][node:2] = 0.000000
} 
Node 3: {
y_[node:3] = 1
xi_y_i_[y:26][node:3] = 0.070370
} 
Node 4: {
y_[node:4] = 1
xi_y_i_[y:26][node:4] = 0.025926
} 
Node 5: {
y_[node:5] = 1
xi_y_i_[y:26][node:5] = 0.096296
} 
Node 6: {
y_[node:6] = 1
xi_y_i_[y:26][node:6] = 0.074074
} 
Node 7: {
y_[node:7] = 1
xi_y_i_[y:26][node:7] = 0.025926
} 
Node 8: {
y_[node:8] = 0
xi_y_i_[y:26][node:8] = 0.096296
} 
Node 9: {
y_[node:9] = 1
xi_y_i_[y:26][node:9] = 0.074074
} 
Node 10: {
y_[node:10] = 1
xi_y_i_[y:26][node:10] = 0.070370
} 
Node 11: {
y_[node:11] = 1
xi_y_i_[y:26][node:11] = 0.100000
} 
Node 12: {
y_[node:12] = 0
xi_y_i_[y:26][node:12] = 0.100000
} 
Node 13: {
y_[node:13] = 1
xi_y_i_[y:26][node:13] = 0.025926
} 
Node 14: {
y_[node:14] = 0
xi_y_i_[y:26][node:14] = 0.100000
} 
Node 15: {
y_[node:15] = 1
xi_y_i_[y:26][node:15] = 0.022222
} 
Node 16: {
y_[node:16] = 1
xi_y_i_[y:26][node:16] = 0.022222
} 

 } 

 y = 27 { 
Node 1: {
y_[node:1] = 1
xi_y_i_[y:27][node:1] = 0.100000
} 
Node 2: {
y_[node:2] = 1
xi_y_i_[y:27][node:2] = 0.022222
} 
Node 3: {
y_[node:3] = 1
xi_y_i_[y:27][node:3] = 0.070370
} 
Node 4: {
y_[node:4] = 1
xi_y_i_[y:27][node:4] = 0.025926
} 
Node 5: {
y_[node:5] = 1
xi_y_i_[y:27][node:5] = 0.096296
} 
Node 6: {
y_[node:6] = 0
xi_y_i_[y:27][node:6] = 0.074074
} 
Node 7: {
y_[node:7] = 0
xi_y_i_[y:27][node:7] = 0.025926
} 
Node 8: {
y_[node:8] = 1
xi_y_i_[y:27][node:8] = 0.096296
} 
Node 9: {
y_[node:9] = 1
xi_y_i_[y:27][node:9] = 0.074074
} 
Node 10: {
y_[node:10] = 1
xi_y_i_[y:27][node:10] = 0.070370
} 
Node 11: {
y_[node:11] = 1
xi_y_i_[y:27][node:11] = 0.100000
} 
Node 12: {
y_[node:12] = 0
xi_y_i_[y:27][node:12] = 0.074074
} 
Node 13: {
y_[node:13] = 1
xi_y_i_[y:27][node:13] = 0.025926
} 
Node 14: {
y_[node:14] = 0
xi_y_i_[y:27][node:14] = 0.100000
} 
Node 15: {
y_[node:15] = 0
xi_y_i_[y:27][node:15] = 0.022222
} 
Node 16: {
y_[node:16] = 1
xi_y_i_[y:27][node:16] = 0.022222
} 

 } 

 y = 28 { 
Node 1: {
y_[node:1] = 1
xi_y_i_[y:28][node:1] = 0.096296
} 
Node 2: {
y_[node:2] = 1
xi_y_i_[y:28][node:2] = 0.000000
} 
Node 3: {
y_[node:3] = 0
xi_y_i_[y:28][node:3] = 0.070370
} 
Node 4: {
y_[node:4] = 1
xi_y_i_[y:28][node:4] = 0.025926
} 
Node 5: {
y_[node:5] = 1
xi_y_i_[y:28][node:5] = 0.096296
} 
Node 6: {
y_[node:6] = 1
xi_y_i_[y:28][node:6] = 0.074074
} 
Node 7: {
y_[node:7] = 0
xi_y_i_[y:28][node:7] = 0.025926
} 
Node 8: {
y_[node:8] = 1
xi_y_i_[y:28][node:8] = 0.096296
} 
Node 9: {
y_[node:9] = 1
xi_y_i_[y:28][node:9] = 0.074074
} 
Node 10: {
y_[node:10] = 1
xi_y_i_[y:28][node:10] = 0.070370
} 
Node 11: {
y_[node:11] = 1
xi_y_i_[y:28][node:11] = 0.100000
} 
Node 12: {
y_[node:12] = 0
xi_y_i_[y:28][node:12] = 0.100000
} 
Node 13: {
y_[node:13] = 1
xi_y_i_[y:28][node:13] = 0.025926
} 
Node 14: {
y_[node:14] = 0
xi_y_i_[y:28][node:14] = 0.100000
} 
Node 15: {
y_[node:15] = 1
xi_y_i_[y:28][node:15] = 0.022222
} 
Node 16: {
y_[node:16] = 1
xi_y_i_[y:28][node:16] = 0.022222
} 

 } 

 y = 29 { 
Node 1: {
y_[node:1] = 1
xi_y_i_[y:29][node:1] = 0.096296
} 
Node 2: {
y_[node:2] = 1
xi_y_i_[y:29][node:2] = 0.000000
} 
Node 3: {
y_[node:3] = 1
xi_y_i_[y:29][node:3] = 0.070370
} 
Node 4: {
y_[node:4] = 1
xi_y_i_[y:29][node:4] = 0.025926
} 
Node 5: {
y_[node:5] = 1
xi_y_i_[y:29][node:5] = 0.096296
} 
Node 6: {
y_[node:6] = 1
xi_y_i_[y:29][node:6] = 0.074074
} 
Node 7: {
y_[node:7] = 1
xi_y_i_[y:29][node:7] = 0.025926
} 
Node 8: {
y_[node:8] = 1
xi_y_i_[y:29][node:8] = 0.096296
} 
Node 9: {
y_[node:9] = 0
xi_y_i_[y:29][node:9] = 0.074074
} 
Node 10: {
y_[node:10] = 1
xi_y_i_[y:29][node:10] = 0.070370
} 
Node 11: {
y_[node:11] = 1
xi_y_i_[y:29][node:11] = 0.100000
} 
Node 12: {
y_[node:12] = 0
xi_y_i_[y:29][node:12] = 0.100000
} 
Node 13: {
y_[node:13] = 1
xi_y_i_[y:29][node:13] = 0.025926
} 
Node 14: {
y_[node:14] = 0
xi_y_i_[y:29][node:14] = 0.100000
} 
Node 15: {
y_[node:15] = 0
xi_y_i_[y:29][node:15] = 0.022222
} 
Node 16: {
y_[node:16] = 1
xi_y_i_[y:29][node:16] = 0.022222
} 

 } 

 y = 30 { 
Node 1: {
y_[node:1] = 1
xi_y_i_[y:30][node:1] = 0.096296
} 
Node 2: {
y_[node:2] = 1
xi_y_i_[y:30][node:2] = 0.000000
} 
Node 3: {
y_[node:3] = 1
xi_y_i_[y:30][node:3] = 0.070370
} 
Node 4: {
y_[node:4] = 0
xi_y_i_[y:30][node:4] = 0.025926
} 
Node 5: {
y_[node:5] = 1
xi_y_i_[y:30][node:5] = 0.096296
} 
Node 6: {
y_[node:6] = 1
xi_y_i_[y:30][node:6] = 0.074074
} 
Node 7: {
y_[node:7] = 0
xi_y_i_[y:30][node:7] = 0.025926
} 
Node 8: {
y_[node:8] = 1
xi_y_i_[y:30][node:8] = 0.096296
} 
Node 9: {
y_[node:9] = 1
xi_y_i_[y:30][node:9] = 0.074074
} 
Node 10: {
y_[node:10] = 1
xi_y_i_[y:30][node:10] = 0.070370
} 
Node 11: {
y_[node:11] = 1
xi_y_i_[y:30][node:11] = 0.100000
} 
Node 12: {
y_[node:12] = 0
xi_y_i_[y:30][node:12] = 0.100000
} 
Node 13: {
y_[node:13] = 1
xi_y_i_[y:30][node:13] = 0.025926
} 
Node 14: {
y_[node:14] = 0
xi_y_i_[y:30][node:14] = 0.100000
} 
Node 15: {
y_[node:15] = 0
xi_y_i_[y:30][node:15] = 0.022222
} 
Node 16: {
y_[node:16] = 0
xi_y_i_[y:30][node:16] = 0.022222
} 

 } 

 y = 31 { 
Node 1: {
y_[node:1] = 1
xi_y_i_[y:31][node:1] = 0.100000
} 
Node 2: {
y_[node:2] = 1
xi_y_i_[y:31][node:2] = 0.018518
} 
Node 3: {
y_[node:3] = 1
xi_y_i_[y:31][node:3] = 0.070370
} 
Node 4: {
y_[node:4] = 0
xi_y_i_[y:31][node:4] = 0.025926
} 
Node 5: {
y_[node:5] = 1
xi_y_i_[y:31][node:5] = 0.096296
} 
Node 6: {
y_[node:6] = 1
xi_y_i_[y:31][node:6] = 0.074074
} 
Node 7: {
y_[node:7] = 1
xi_y_i_[y:31][node:7] = 0.025926
} 
Node 8: {
y_[node:8] = 1
xi_y_i_[y:31][node:8] = 0.096296
} 
Node 9: {
y_[node:9] = 1
xi_y_i_[y:31][node:9] = 0.074074
} 
Node 10: {
y_[node:10] = 0
xi_y_i_[y:31][node:10] = 0.070370
} 
Node 11: {
y_[node:11] = 1
xi_y_i_[y:31][node:11] = 0.100000
} 
Node 12: {
y_[node:12] = 0
xi_y_i_[y:31][node:12] = 0.077778
} 
Node 13: {
y_[node:13] = 1
xi_y_i_[y:31][node:13] = 0.025926
} 
Node 14: {
y_[node:14] = 0
xi_y_i_[y:31][node:14] = 0.100000
} 
Node 15: {
y_[node:15] = 0
xi_y_i_[y:31][node:15] = 0.022222
} 
Node 16: {
y_[node:16] = 1
xi_y_i_[y:31][node:16] = 0.022222
} 

 } 

 y = 32 { 
Node 1: {
y_[node:1] = 1
xi_y_i_[y:32][node:1] = 0.051852
} 
Node 2: {
y_[node:2] = 0
xi_y_i_[y:32][node:2] = 0.100000
} 
Node 3: {
y_[node:3] = 1
xi_y_i_[y:32][node:3] = 0.070370
} 
Node 4: {
y_[node:4] = 0
xi_y_i_[y:32][node:4] = 0.025926
} 
Node 5: {
y_[node:5] = 1
xi_y_i_[y:32][node:5] = 0.096296
} 
Node 6: {
y_[node:6] = 1
xi_y_i_[y:32][node:6] = 0.074074
} 
Node 7: {
y_[node:7] = 0
xi_y_i_[y:32][node:7] = 0.025926
} 
Node 8: {
y_[node:8] = 1
xi_y_i_[y:32][node:8] = 0.096296
} 
Node 9: {
y_[node:9] = 1
xi_y_i_[y:32][node:9] = 0.074074
} 
Node 10: {
y_[node:10] = 1
xi_y_i_[y:32][node:10] = 0.070370
} 
Node 11: {
y_[node:11] = 1
xi_y_i_[y:32][node:11] = 0.100000
} 
Node 12: {
y_[node:12] = 0
xi_y_i_[y:32][node:12] = 0.100000
} 
Node 13: {
y_[node:13] = 1
xi_y_i_[y:32][node:13] = 0.025926
} 
Node 14: {
y_[node:14] = 0
xi_y_i_[y:32][node:14] = 0.044444
} 
Node 15: {
y_[node:15] = 1
xi_y_i_[y:32][node:15] = 0.022222
} 
Node 16: {
y_[node:16] = 1
xi_y_i_[y:32][node:16] = 0.022222
} 

 } 

 y = 33 { 
Node 1: {
y_[node:1] = 1
xi_y_i_[y:33][node:1] = 0.100000
} 
Node 2: {
y_[node:2] = 1
xi_y_i_[y:33][node:2] = 0.000000
} 
Node 3: {
y_[node:3] = 1
xi_y_i_[y:33][node:3] = 0.070370
} 
Node 4: {
y_[node:4] = 0
xi_y_i_[y:33][node:4] = 0.025926
} 
Node 5: {
y_[node:5] = 1
xi_y_i_[y:33][node:5] = 0.096296
} 
Node 6: {
y_[node:6] = 0
xi_y_i_[y:33][node:6] = 0.074074
} 
Node 7: {
y_[node:7] = 1
xi_y_i_[y:33][node:7] = 0.025926
} 
Node 8: {
y_[node:8] = 1
xi_y_i_[y:33][node:8] = 0.096296
} 
Node 9: {
y_[node:9] = 1
xi_y_i_[y:33][node:9] = 0.074074
} 
Node 10: {
y_[node:10] = 1
xi_y_i_[y:33][node:10] = 0.070370
} 
Node 11: {
y_[node:11] = 1
xi_y_i_[y:33][node:11] = 0.100000
} 
Node 12: {
y_[node:12] = 0
xi_y_i_[y:33][node:12] = 0.100000
} 
Node 13: {
y_[node:13] = 1
xi_y_i_[y:33][node:13] = 0.025926
} 
Node 14: {
y_[node:14] = 0
xi_y_i_[y:33][node:14] = 0.096296
} 
Node 15: {
y_[node:15] = 1
xi_y_i_[y:33][node:15] = 0.022222
} 
Node 16: {
y_[node:16] = 1
xi_y_i_[y:33][node:16] = 0.022222
} 

 } 

 y = 34 { 
Node 1: {
y_[node:1] = 1
xi_y_i_[y:34][node:1] = 0.100000
} 
Node 2: {
y_[node:2] = 1
xi_y_i_[y:34][node:2] = 0.000000
} 
Node 3: {
y_[node:3] = 0
xi_y_i_[y:34][node:3] = 0.070370
} 
Node 4: {
y_[node:4] = 0
xi_y_i_[y:34][node:4] = 0.025926
} 
Node 5: {
y_[node:5] = 1
xi_y_i_[y:34][node:5] = 0.096296
} 
Node 6: {
y_[node:6] = 1
xi_y_i_[y:34][node:6] = 0.074074
} 
Node 7: {
y_[node:7] = 1
xi_y_i_[y:34][node:7] = 0.025926
} 
Node 8: {
y_[node:8] = 1
xi_y_i_[y:34][node:8] = 0.096296
} 
Node 9: {
y_[node:9] = 1
xi_y_i_[y:34][node:9] = 0.074074
} 
Node 10: {
y_[node:10] = 1
xi_y_i_[y:34][node:10] = 0.070370
} 
Node 11: {
y_[node:11] = 0
xi_y_i_[y:34][node:11] = 0.100000
} 
Node 12: {
y_[node:12] = 0
xi_y_i_[y:34][node:12] = 0.100000
} 
Node 13: {
y_[node:13] = 1
xi_y_i_[y:34][node:13] = 0.025926
} 
Node 14: {
y_[node:14] = 1
xi_y_i_[y:34][node:14] = 0.096296
} 
Node 15: {
y_[node:15] = 1
xi_y_i_[y:34][node:15] = 0.022222
} 
Node 16: {
y_[node:16] = 1
xi_y_i_[y:34][node:16] = 0.022222
} 

 } 

 y = 35 { 
Node 1: {
y_[node:1] = 1
xi_y_i_[y:35][node:1] = 0.100000
} 
Node 2: {
y_[node:2] = 1
xi_y_i_[y:35][node:2] = 0.000000
} 
Node 3: {
y_[node:3] = 1
xi_y_i_[y:35][node:3] = 0.070370
} 
Node 4: {
y_[node:4] = 0
xi_y_i_[y:35][node:4] = 0.025926
} 
Node 5: {
y_[node:5] = 1
xi_y_i_[y:35][node:5] = 0.096296
} 
Node 6: {
y_[node:6] = 1
xi_y_i_[y:35][node:6] = 0.074074
} 
Node 7: {
y_[node:7] = 0
xi_y_i_[y:35][node:7] = 0.025926
} 
Node 8: {
y_[node:8] = 1
xi_y_i_[y:35][node:8] = 0.096296
} 
Node 9: {
y_[node:9] = 1
xi_y_i_[y:35][node:9] = 0.074074
} 
Node 10: {
y_[node:10] = 1
xi_y_i_[y:35][node:10] = 0.070370
} 
Node 11: {
y_[node:11] = 1
xi_y_i_[y:35][node:11] = 0.100000
} 
Node 12: {
y_[node:12] = 0
xi_y_i_[y:35][node:12] = 0.096296
} 
Node 13: {
y_[node:13] = 0
xi_y_i_[y:35][node:13] = 0.025926
} 
Node 14: {
y_[node:14] = 0
xi_y_i_[y:35][node:14] = 0.100000
} 
Node 15: {
y_[node:15] = 0
xi_y_i_[y:35][node:15] = 0.022222
} 
Node 16: {
y_[node:16] = 1
xi_y_i_[y:35][node:16] = 0.022222
} 

 } 

 y = 36 { 
Node 1: {
y_[node:1] = 1
xi_y_i_[y:36][node:1] = 0.100000
} 
Node 2: {
y_[node:2] = 1
xi_y_i_[y:36][node:2] = 0.000000
} 
Node 3: {
y_[node:3] = 1
xi_y_i_[y:36][node:3] = 0.070370
} 
Node 4: {
y_[node:4] = 0
xi_y_i_[y:36][node:4] = 0.025926
} 
Node 5: {
y_[node:5] = 1
xi_y_i_[y:36][node:5] = 0.096296
} 
Node 6: {
y_[node:6] = 1
xi_y_i_[y:36][node:6] = 0.074074
} 
Node 7: {
y_[node:7] = 1
xi_y_i_[y:36][node:7] = 0.025926
} 
Node 8: {
y_[node:8] = 0
xi_y_i_[y:36][node:8] = 0.096296
} 
Node 9: {
y_[node:9] = 0
xi_y_i_[y:36][node:9] = 0.074074
} 
Node 10: {
y_[node:10] = 1
xi_y_i_[y:36][node:10] = 0.070370
} 
Node 11: {
y_[node:11] = 1
xi_y_i_[y:36][node:11] = 0.100000
} 
Node 12: {
y_[node:12] = 1
xi_y_i_[y:36][node:12] = 0.096296
} 
Node 13: {
y_[node:13] = 1
xi_y_i_[y:36][node:13] = 0.025926
} 
Node 14: {
y_[node:14] = 0
xi_y_i_[y:36][node:14] = 0.100000
} 
Node 15: {
y_[node:15] = 1
xi_y_i_[y:36][node:15] = 0.022222
} 
Node 16: {
y_[node:16] = 1
xi_y_i_[y:36][node:16] = 0.022222
} 

 } 

 y = 37 { 
Node 1: {
y_[node:1] = 1
xi_y_i_[y:37][node:1] = 0.096296
} 
Node 2: {
y_[node:2] = 1
xi_y_i_[y:37][node:2] = 0.000000
} 
Node 3: {
y_[node:3] = 1
xi_y_i_[y:37][node:3] = 0.070370
} 
Node 4: {
y_[node:4] = 1
xi_y_i_[y:37][node:4] = 0.025926
} 
Node 5: {
y_[node:5] = 1
xi_y_i_[y:37][node:5] = 0.096296
} 
Node 6: {
y_[node:6] = 0
xi_y_i_[y:37][node:6] = 0.074074
} 
Node 7: {
y_[node:7] = 1
xi_y_i_[y:37][node:7] = 0.025926
} 
Node 8: {
y_[node:8] = 1
xi_y_i_[y:37][node:8] = 0.096296
} 
Node 9: {
y_[node:9] = 1
xi_y_i_[y:37][node:9] = 0.074074
} 
Node 10: {
y_[node:10] = 1
xi_y_i_[y:37][node:10] = 0.070370
} 
Node 11: {
y_[node:11] = 1
xi_y_i_[y:37][node:11] = 0.100000
} 
Node 12: {
y_[node:12] = 0
xi_y_i_[y:37][node:12] = 0.100000
} 
Node 13: {
y_[node:13] = 1
xi_y_i_[y:37][node:13] = 0.025926
} 
Node 14: {
y_[node:14] = 0
xi_y_i_[y:37][node:14] = 0.100000
} 
Node 15: {
y_[node:15] = 0
xi_y_i_[y:37][node:15] = 0.022222
} 
Node 16: {
y_[node:16] = 1
xi_y_i_[y:37][node:16] = 0.022222
} 

 } 

 y = 38 { 
Node 1: {
y_[node:1] = 0
xi_y_i_[y:38][node:1] = 0.100000
} 
Node 2: {
y_[node:2] = 1
xi_y_i_[y:38][node:2] = 0.074074
} 
Node 3: {
y_[node:3] = 1
xi_y_i_[y:38][node:3] = 0.070370
} 
Node 4: {
y_[node:4] = 1
xi_y_i_[y:38][node:4] = 0.025926
} 
Node 5: {
y_[node:5] = 1
xi_y_i_[y:38][node:5] = 0.096296
} 
Node 6: {
y_[node:6] = 0
xi_y_i_[y:38][node:6] = 0.074074
} 
Node 7: {
y_[node:7] = 1
xi_y_i_[y:38][node:7] = 0.025926
} 
Node 8: {
y_[node:8] = 1
xi_y_i_[y:38][node:8] = 0.096296
} 
Node 9: {
y_[node:9] = 1
xi_y_i_[y:38][node:9] = 0.074074
} 
Node 10: {
y_[node:10] = 1
xi_y_i_[y:38][node:10] = 0.070370
} 
Node 11: {
y_[node:11] = 1
xi_y_i_[y:38][node:11] = 0.100000
} 
Node 12: {
y_[node:12] = 0
xi_y_i_[y:38][node:12] = 0.022222
} 
Node 13: {
y_[node:13] = 1
xi_y_i_[y:38][node:13] = 0.025926
} 
Node 14: {
y_[node:14] = 0
xi_y_i_[y:38][node:14] = 0.100000
} 
Node 15: {
y_[node:15] = 1
xi_y_i_[y:38][node:15] = 0.022222
} 
Node 16: {
y_[node:16] = 1
xi_y_i_[y:38][node:16] = 0.022222
} 

 } 

 y = 39 { 
Node 1: {
y_[node:1] = 1
xi_y_i_[y:39][node:1] = 0.100000
} 
Node 2: {
y_[node:2] = 1
xi_y_i_[y:39][node:2] = 0.000000
} 
Node 3: {
y_[node:3] = 1
xi_y_i_[y:39][node:3] = 0.070370
} 
Node 4: {
y_[node:4] = 1
xi_y_i_[y:39][node:4] = 0.025926
} 
Node 5: {
y_[node:5] = 1
xi_y_i_[y:39][node:5] = 0.096296
} 
Node 6: {
y_[node:6] = 0
xi_y_i_[y:39][node:6] = 0.074074
} 
Node 7: {
y_[node:7] = 0
xi_y_i_[y:39][node:7] = 0.025926
} 
Node 8: {
y_[node:8] = 1
xi_y_i_[y:39][node:8] = 0.096296
} 
Node 9: {
y_[node:9] = 1
xi_y_i_[y:39][node:9] = 0.074074
} 
Node 10: {
y_[node:10] = 1
xi_y_i_[y:39][node:10] = 0.070370
} 
Node 11: {
y_[node:11] = 1
xi_y_i_[y:39][node:11] = 0.100000
} 
Node 12: {
y_[node:12] = 0
xi_y_i_[y:39][node:12] = 0.100000
} 
Node 13: {
y_[node:13] = 1
xi_y_i_[y:39][node:13] = 0.025926
} 
Node 14: {
y_[node:14] = 0
xi_y_i_[y:39][node:14] = 0.096296
} 
Node 15: {
y_[node:15] = 1
xi_y_i_[y:39][node:15] = 0.022222
} 
Node 16: {
y_[node:16] = 1
xi_y_i_[y:39][node:16] = 0.022222
} 

 } 

 y = 40 { 
Node 1: {
y_[node:1] = 1
xi_y_i_[y:40][node:1] = 0.070370
} 
Node 2: {
y_[node:2] = 0
xi_y_i_[y:40][node:2] = 0.100000
} 
Node 3: {
y_[node:3] = 0
xi_y_i_[y:40][node:3] = 0.070370
} 
Node 4: {
y_[node:4] = 1
xi_y_i_[y:40][node:4] = 0.025926
} 
Node 5: {
y_[node:5] = 1
xi_y_i_[y:40][node:5] = 0.096296
} 
Node 6: {
y_[node:6] = 1
xi_y_i_[y:40][node:6] = 0.074074
} 
Node 7: {
y_[node:7] = 1
xi_y_i_[y:40][node:7] = 0.025926
} 
Node 8: {
y_[node:8] = 1
xi_y_i_[y:40][node:8] = 0.096296
} 
Node 9: {
y_[node:9] = 1
xi_y_i_[y:40][node:9] = 0.074074
} 
Node 10: {
y_[node:10] = 1
xi_y_i_[y:40][node:10] = 0.070370
} 
Node 11: {
y_[node:11] = 1
xi_y_i_[y:40][node:11] = 0.100000
} 
Node 12: {
y_[node:12] = 0
xi_y_i_[y:40][node:12] = 0.100000
} 
Node 13: {
y_[node:13] = 1
xi_y_i_[y:40][node:13] = 0.025926
} 
Node 14: {
y_[node:14] = 0
xi_y_i_[y:40][node:14] = 0.025926
} 
Node 15: {
y_[node:15] = 1
xi_y_i_[y:40][node:15] = 0.022222
} 
Node 16: {
y_[node:16] = 1
xi_y_i_[y:40][node:16] = 0.022222
} 

 } 

 y = 41 { 
Node 1: {
y_[node:1] = 1
xi_y_i_[y:41][node:1] = 0.100000
} 
Node 2: {
y_[node:2] = 1
xi_y_i_[y:41][node:2] = 0.000000
} 
Node 3: {
y_[node:3] = 1
xi_y_i_[y:41][node:3] = 0.070370
} 
Node 4: {
y_[node:4] = 1
xi_y_i_[y:41][node:4] = 0.025926
} 
Node 5: {
y_[node:5] = 1
xi_y_i_[y:41][node:5] = 0.096296
} 
Node 6: {
y_[node:6] = 1
xi_y_i_[y:41][node:6] = 0.074074
} 
Node 7: {
y_[node:7] = 0
xi_y_i_[y:41][node:7] = 0.025926
} 
Node 8: {
y_[node:8] = 1
xi_y_i_[y:41][node:8] = 0.096296
} 
Node 9: {
y_[node:9] = 0
xi_y_i_[y:41][node:9] = 0.074074
} 
Node 10: {
y_[node:10] = 1
xi_y_i_[y:41][node:10] = 0.070370
} 
Node 11: {
y_[node:11] = 1
xi_y_i_[y:41][node:11] = 0.100000
} 
Node 12: {
y_[node:12] = 0
xi_y_i_[y:41][node:12] = 0.100000
} 
Node 13: {
y_[node:13] = 1
xi_y_i_[y:41][node:13] = 0.025926
} 
Node 14: {
y_[node:14] = 0
xi_y_i_[y:41][node:14] = 0.096296
} 
Node 15: {
y_[node:15] = 1
xi_y_i_[y:41][node:15] = 0.022222
} 
Node 16: {
y_[node:16] = 1
xi_y_i_[y:41][node:16] = 0.022222
} 

 } 

 y = 42 { 
Node 1: {
y_[node:1] = 1
xi_y_i_[y:42][node:1] = 0.074074
} 
Node 2: {
y_[node:2] = 0
xi_y_i_[y:42][node:2] = 0.100000
} 
Node 3: {
y_[node:3] = 1
xi_y_i_[y:42][node:3] = 0.070370
} 
Node 4: {
y_[node:4] = 1
xi_y_i_[y:42][node:4] = 0.025926
} 
Node 5: {
y_[node:5] = 1
xi_y_i_[y:42][node:5] = 0.096296
} 
Node 6: {
y_[node:6] = 1
xi_y_i_[y:42][node:6] = 0.074074
} 
Node 7: {
y_[node:7] = 1
xi_y_i_[y:42][node:7] = 0.025926
} 
Node 8: {
y_[node:8] = 1
xi_y_i_[y:42][node:8] = 0.096296
} 
Node 9: {
y_[node:9] = 0
xi_y_i_[y:42][node:9] = 0.074074
} 
Node 10: {
y_[node:10] = 1
xi_y_i_[y:42][node:10] = 0.070370
} 
Node 11: {
y_[node:11] = 1
xi_y_i_[y:42][node:11] = 0.100000
} 
Node 12: {
y_[node:12] = 0
xi_y_i_[y:42][node:12] = 0.100000
} 
Node 13: {
y_[node:13] = 1
xi_y_i_[y:42][node:13] = 0.025926
} 
Node 14: {
y_[node:14] = 0
xi_y_i_[y:42][node:14] = 0.022222
} 
Node 15: {
y_[node:15] = 1
xi_y_i_[y:42][node:15] = 0.022222
} 
Node 16: {
y_[node:16] = 1
xi_y_i_[y:42][node:16] = 0.022222
} 

 } 

 y = 43 { 
Node 1: {
y_[node:1] = 1
xi_y_i_[y:43][node:1] = 0.070370
} 
Node 2: {
y_[node:2] = 0
xi_y_i_[y:43][node:2] = 0.100000
} 
Node 3: {
y_[node:3] = 1
xi_y_i_[y:43][node:3] = 0.070370
} 
Node 4: {
y_[node:4] = 1
xi_y_i_[y:43][node:4] = 0.025926
} 
Node 5: {
y_[node:5] = 1
xi_y_i_[y:43][node:5] = 0.096296
} 
Node 6: {
y_[node:6] = 1
xi_y_i_[y:43][node:6] = 0.074074
} 
Node 7: {
y_[node:7] = 1
xi_y_i_[y:43][node:7] = 0.025926
} 
Node 8: {
y_[node:8] = 1
xi_y_i_[y:43][node:8] = 0.096296
} 
Node 9: {
y_[node:9] = 1
xi_y_i_[y:43][node:9] = 0.074074
} 
Node 10: {
y_[node:10] = 0
xi_y_i_[y:43][node:10] = 0.070370
} 
Node 11: {
y_[node:11] = 1
xi_y_i_[y:43][node:11] = 0.100000
} 
Node 12: {
y_[node:12] = 0
xi_y_i_[y:43][node:12] = 0.100000
} 
Node 13: {
y_[node:13] = 1
xi_y_i_[y:43][node:13] = 0.025926
} 
Node 14: {
y_[node:14] = 0
xi_y_i_[y:43][node:14] = 0.025926
} 
Node 15: {
y_[node:15] = 1
xi_y_i_[y:43][node:15] = 0.022222
} 
Node 16: {
y_[node:16] = 1
xi_y_i_[y:43][node:16] = 0.022222
} 

 } 

 y = 44 { 
Node 1: {
y_[node:1] = 1
xi_y_i_[y:44][node:1] = 0.096296
} 
Node 2: {
y_[node:2] = 1
xi_y_i_[y:44][node:2] = 0.000000
} 
Node 3: {
y_[node:3] = 1
xi_y_i_[y:44][node:3] = 0.070370
} 
Node 4: {
y_[node:4] = 0
xi_y_i_[y:44][node:4] = 0.025926
} 
Node 5: {
y_[node:5] = 1
xi_y_i_[y:44][node:5] = 0.096296
} 
Node 6: {
y_[node:6] = 1
xi_y_i_[y:44][node:6] = 0.074074
} 
Node 7: {
y_[node:7] = 1
xi_y_i_[y:44][node:7] = 0.025926
} 
Node 8: {
y_[node:8] = 1
xi_y_i_[y:44][node:8] = 0.096296
} 
Node 9: {
y_[node:9] = 1
xi_y_i_[y:44][node:9] = 0.074074
} 
Node 10: {
y_[node:10] = 0
xi_y_i_[y:44][node:10] = 0.070370
} 
Node 11: {
y_[node:11] = 1
xi_y_i_[y:44][node:11] = 0.100000
} 
Node 12: {
y_[node:12] = 0
xi_y_i_[y:44][node:12] = 0.100000
} 
Node 13: {
y_[node:13] = 1
xi_y_i_[y:44][node:13] = 0.025926
} 
Node 14: {
y_[node:14] = 0
xi_y_i_[y:44][node:14] = 0.100000
} 
Node 15: {
y_[node:15] = 1
xi_y_i_[y:44][node:15] = 0.022222
} 
Node 16: {
y_[node:16] = 1
xi_y_i_[y:44][node:16] = 0.022222
} 

 } 

 y = 45 { 
Node 1: {
y_[node:1] = 1
xi_y_i_[y:45][node:1] = 0.100000
} 
Node 2: {
y_[node:2] = 1
xi_y_i_[y:45][node:2] = 0.040741
} 
Node 3: {
y_[node:3] = 0
xi_y_i_[y:45][node:3] = 0.070370
} 
Node 4: {
y_[node:4] = 1
xi_y_i_[y:45][node:4] = 0.025926
} 
Node 5: {
y_[node:5] = 1
xi_y_i_[y:45][node:5] = 0.096296
} 
Node 6: {
y_[node:6] = 1
xi_y_i_[y:45][node:6] = 0.074074
} 
Node 7: {
y_[node:7] = 1
xi_y_i_[y:45][node:7] = 0.025926
} 
Node 8: {
y_[node:8] = 1
xi_y_i_[y:45][node:8] = 0.096296
} 
Node 9: {
y_[node:9] = 1
xi_y_i_[y:45][node:9] = 0.074074
} 
Node 10: {
y_[node:10] = 0
xi_y_i_[y:45][node:10] = 0.070370
} 
Node 11: {
y_[node:11] = 1
xi_y_i_[y:45][node:11] = 0.100000
} 
Node 12: {
y_[node:12] = 0
xi_y_i_[y:45][node:12] = 0.100000
} 
Node 13: {
y_[node:13] = 1
xi_y_i_[y:45][node:13] = 0.025926
} 
Node 14: {
y_[node:14] = 0
xi_y_i_[y:45][node:14] = 0.055556
} 
Node 15: {
y_[node:15] = 1
xi_y_i_[y:45][node:15] = 0.022222
} 
Node 16: {
y_[node:16] = 1
xi_y_i_[y:45][node:16] = 0.022222
} 

 } 

 y = 46 { 
Node 1: {
y_[node:1] = 1
xi_y_i_[y:46][node:1] = 0.100000
} 
Node 2: {
y_[node:2] = 1
xi_y_i_[y:46][node:2] = 0.044444
} 
Node 3: {
y_[node:3] = 1
xi_y_i_[y:46][node:3] = 0.070370
} 
Node 4: {
y_[node:4] = 1
xi_y_i_[y:46][node:4] = 0.025926
} 
Node 5: {
y_[node:5] = 1
xi_y_i_[y:46][node:5] = 0.096296
} 
Node 6: {
y_[node:6] = 0
xi_y_i_[y:46][node:6] = 0.074074
} 
Node 7: {
y_[node:7] = 1
xi_y_i_[y:46][node:7] = 0.025926
} 
Node 8: {
y_[node:8] = 1
xi_y_i_[y:46][node:8] = 0.096296
} 
Node 9: {
y_[node:9] = 1
xi_y_i_[y:46][node:9] = 0.074074
} 
Node 10: {
y_[node:10] = 0
xi_y_i_[y:46][node:10] = 0.070370
} 
Node 11: {
y_[node:11] = 1
xi_y_i_[y:46][node:11] = 0.100000
} 
Node 12: {
y_[node:12] = 0
xi_y_i_[y:46][node:12] = 0.100000
} 
Node 13: {
y_[node:13] = 1
xi_y_i_[y:46][node:13] = 0.025926
} 
Node 14: {
y_[node:14] = 0
xi_y_i_[y:46][node:14] = 0.051852
} 
Node 15: {
y_[node:15] = 1
xi_y_i_[y:46][node:15] = 0.022222
} 
Node 16: {
y_[node:16] = 1
xi_y_i_[y:46][node:16] = 0.022222
} 

 } 

 y = 47 { 
Node 1: {
y_[node:1] = 1
xi_y_i_[y:47][node:1] = 0.074074
} 
Node 2: {
y_[node:2] = 0
xi_y_i_[y:47][node:2] = 0.100000
} 
Node 3: {
y_[node:3] = 1
xi_y_i_[y:47][node:3] = 0.070370
} 
Node 4: {
y_[node:4] = 1
xi_y_i_[y:47][node:4] = 0.025926
} 
Node 5: {
y_[node:5] = 1
xi_y_i_[y:47][node:5] = 0.096296
} 
Node 6: {
y_[node:6] = 0
xi_y_i_[y:47][node:6] = 0.074074
} 
Node 7: {
y_[node:7] = 1
xi_y_i_[y:47][node:7] = 0.025926
} 
Node 8: {
y_[node:8] = 1
xi_y_i_[y:47][node:8] = 0.096296
} 
Node 9: {
y_[node:9] = 1
xi_y_i_[y:47][node:9] = 0.074074
} 
Node 10: {
y_[node:10] = 1
xi_y_i_[y:47][node:10] = 0.070370
} 
Node 11: {
y_[node:11] = 1
xi_y_i_[y:47][node:11] = 0.100000
} 
Node 12: {
y_[node:12] = 0
xi_y_i_[y:47][node:12] = 0.100000
} 
Node 13: {
y_[node:13] = 1
xi_y_i_[y:47][node:13] = 0.025926
} 
Node 14: {
y_[node:14] = 0
xi_y_i_[y:47][node:14] = 0.022222
} 
Node 15: {
y_[node:15] = 1
xi_y_i_[y:47][node:15] = 0.022222
} 
Node 16: {
y_[node:16] = 1
xi_y_i_[y:47][node:16] = 0.022222
} 

 } 

 y = 48 { 
Node 1: {
y_[node:1] = 1
xi_y_i_[y:48][node:1] = 0.100000
} 
Node 2: {
y_[node:2] = 1
xi_y_i_[y:48][node:2] = 0.048148
} 
Node 3: {
y_[node:3] = 1
xi_y_i_[y:48][node:3] = 0.070370
} 
Node 4: {
y_[node:4] = 1
xi_y_i_[y:48][node:4] = 0.025926
} 
Node 5: {
y_[node:5] = 1
xi_y_i_[y:48][node:5] = 0.096296
} 
Node 6: {
y_[node:6] = 0
xi_y_i_[y:48][node:6] = 0.074074
} 
Node 7: {
y_[node:7] = 1
xi_y_i_[y:48][node:7] = 0.025926
} 
Node 8: {
y_[node:8] = 1
xi_y_i_[y:48][node:8] = 0.096296
} 
Node 9: {
y_[node:9] = 0
xi_y_i_[y:48][node:9] = 0.074074
} 
Node 10: {
y_[node:10] = 1
xi_y_i_[y:48][node:10] = 0.070370
} 
Node 11: {
y_[node:11] = 1
xi_y_i_[y:48][node:11] = 0.100000
} 
Node 12: {
y_[node:12] = 0
xi_y_i_[y:48][node:12] = 0.100000
} 
Node 13: {
y_[node:13] = 1
xi_y_i_[y:48][node:13] = 0.025926
} 
Node 14: {
y_[node:14] = 0
xi_y_i_[y:48][node:14] = 0.048148
} 
Node 15: {
y_[node:15] = 1
xi_y_i_[y:48][node:15] = 0.022222
} 
Node 16: {
y_[node:16] = 1
xi_y_i_[y:48][node:16] = 0.022222
} 

 } 

 y = 50 { 
Node 1: {
y_[node:1] = 1
xi_y_i_[y:50][node:1] = 0.100000
} 
Node 2: {
y_[node:2] = 1
xi_y_i_[y:50][node:2] = 0.044444
} 
Node 3: {
y_[node:3] = 0
xi_y_i_[y:50][node:3] = 0.070370
} 
Node 4: {
y_[node:4] = 1
xi_y_i_[y:50][node:4] = 0.025926
} 
Node 5: {
y_[node:5] = 1
xi_y_i_[y:50][node:5] = 0.096296
} 
Node 6: {
y_[node:6] = 0
xi_y_i_[y:50][node:6] = 0.074074
} 
Node 7: {
y_[node:7] = 1
xi_y_i_[y:50][node:7] = 0.025926
} 
Node 8: {
y_[node:8] = 1
xi_y_i_[y:50][node:8] = 0.096296
} 
Node 9: {
y_[node:9] = 1
xi_y_i_[y:50][node:9] = 0.074074
} 
Node 10: {
y_[node:10] = 1
xi_y_i_[y:50][node:10] = 0.070370
} 
Node 11: {
y_[node:11] = 1
xi_y_i_[y:50][node:11] = 0.100000
} 
Node 12: {
y_[node:12] = 0
xi_y_i_[y:50][node:12] = 0.100000
} 
Node 13: {
y_[node:13] = 1
xi_y_i_[y:50][node:13] = 0.025926
} 
Node 14: {
y_[node:14] = 0
xi_y_i_[y:50][node:14] = 0.051852
} 
Node 15: {
y_[node:15] = 1
xi_y_i_[y:50][node:15] = 0.022222
} 
Node 16: {
y_[node:16] = 1
xi_y_i_[y:50][node:16] = 0.022222
} 

 } 

 y = 51 { 
Node 1: {
y_[node:1] = 1
xi_y_i_[y:51][node:1] = 0.100000
} 
Node 2: {
y_[node:2] = 1
xi_y_i_[y:51][node:2] = 0.040741
} 
Node 3: {
y_[node:3] = 1
xi_y_i_[y:51][node:3] = 0.070370
} 
Node 4: {
y_[node:4] = 1
xi_y_i_[y:51][node:4] = 0.025926
} 
Node 5: {
y_[node:5] = 1
xi_y_i_[y:51][node:5] = 0.096296
} 
Node 6: {
y_[node:6] = 1
xi_y_i_[y:51][node:6] = 0.074074
} 
Node 7: {
y_[node:7] = 1
xi_y_i_[y:51][node:7] = 0.025926
} 
Node 8: {
y_[node:8] = 0
xi_y_i_[y:51][node:8] = 0.096296
} 
Node 9: {
y_[node:9] = 0
xi_y_i_[y:51][node:9] = 0.074074
} 
Node 10: {
y_[node:10] = 0
xi_y_i_[y:51][node:10] = 0.070370
} 
Node 11: {
y_[node:11] = 1
xi_y_i_[y:51][node:11] = 0.100000
} 
Node 12: {
y_[node:12] = 1
xi_y_i_[y:51][node:12] = 0.100000
} 
Node 13: {
y_[node:13] = 1
xi_y_i_[y:51][node:13] = 0.025926
} 
Node 14: {
y_[node:14] = 0
xi_y_i_[y:51][node:14] = 0.055556
} 
Node 15: {
y_[node:15] = 1
xi_y_i_[y:51][node:15] = 0.022222
} 
Node 16: {
y_[node:16] = 1
xi_y_i_[y:51][node:16] = 0.022222
} 

 } 

 y = 52 { 
Node 1: {
y_[node:1] = 1
xi_y_i_[y:52][node:1] = 0.100000
} 
Node 2: {
y_[node:2] = 1
xi_y_i_[y:52][node:2] = 0.085185
} 
Node 3: {
y_[node:3] = 0
xi_y_i_[y:52][node:3] = 0.070370
} 
Node 4: {
y_[node:4] = 1
xi_y_i_[y:52][node:4] = 0.025926
} 
Node 5: {
y_[node:5] = 1
xi_y_i_[y:52][node:5] = 0.096296
} 
Node 6: {
y_[node:6] = 1
xi_y_i_[y:52][node:6] = 0.074074
} 
Node 7: {
y_[node:7] = 1
xi_y_i_[y:52][node:7] = 0.025926
} 
Node 8: {
y_[node:8] = 1
xi_y_i_[y:52][node:8] = 0.096296
} 
Node 9: {
y_[node:9] = 0
xi_y_i_[y:52][node:9] = 0.074074
} 
Node 10: {
y_[node:10] = 0
xi_y_i_[y:52][node:10] = 0.070370
} 
Node 11: {
y_[node:11] = 1
xi_y_i_[y:52][node:11] = 0.100000
} 
Node 12: {
y_[node:12] = 1
xi_y_i_[y:52][node:12] = 0.100000
} 
Node 13: {
y_[node:13] = 0
xi_y_i_[y:52][node:13] = 0.025926
} 
Node 14: {
y_[node:14] = 0
xi_y_i_[y:52][node:14] = 0.011111
} 
Node 15: {
y_[node:15] = 0
xi_y_i_[y:52][node:15] = 0.022222
} 
Node 16: {
y_[node:16] = 0
xi_y_i_[y:52][node:16] = 0.022222
} 

 } 

 y = 57 { 
Node 1: {
y_[node:1] = 1
xi_y_i_[y:57][node:1] = 0.100000
} 
Node 2: {
y_[node:2] = 1
xi_y_i_[y:57][node:2] = 0.044444
} 
Node 3: {
y_[node:3] = 1
xi_y_i_[y:57][node:3] = 0.070370
} 
Node 4: {
y_[node:4] = 1
xi_y_i_[y:57][node:4] = 0.025926
} 
Node 5: {
y_[node:5] = 1
xi_y_i_[y:57][node:5] = 0.096296
} 
Node 6: {
y_[node:6] = 1
xi_y_i_[y:57][node:6] = 0.074074
} 
Node 7: {
y_[node:7] = 1
xi_y_i_[y:57][node:7] = 0.025926
} 
Node 8: {
y_[node:8] = 1
xi_y_i_[y:57][node:8] = 0.096296
} 
Node 9: {
y_[node:9] = 1
xi_y_i_[y:57][node:9] = 0.074074
} 
Node 10: {
y_[node:10] = 1
xi_y_i_[y:57][node:10] = 0.070370
} 
Node 11: {
y_[node:11] = 0
xi_y_i_[y:57][node:11] = 0.100000
} 
Node 12: {
y_[node:12] = 0
xi_y_i_[y:57][node:12] = 0.051852
} 
Node 13: {
y_[node:13] = 1
xi_y_i_[y:57][node:13] = 0.025926
} 
Node 14: {
y_[node:14] = 0
xi_y_i_[y:57][node:14] = 0.100000
} 
Node 15: {
y_[node:15] = 0
xi_y_i_[y:57][node:15] = 0.022222
} 
Node 16: {
y_[node:16] = 0
xi_y_i_[y:57][node:16] = 0.022222
} 

 } 

 y = 60 { 
Node 1: {
y_[node:1] = 1
xi_y_i_[y:60][node:1] = 0.100000
} 
Node 2: {
y_[node:2] = 1
xi_y_i_[y:60][node:2] = 0.014815
} 
Node 3: {
y_[node:3] = 1
xi_y_i_[y:60][node:3] = 0.070370
} 
Node 4: {
y_[node:4] = 1
xi_y_i_[y:60][node:4] = 0.025926
} 
Node 5: {
y_[node:5] = 1
xi_y_i_[y:60][node:5] = 0.096296
} 
Node 6: {
y_[node:6] = 1
xi_y_i_[y:60][node:6] = 0.074074
} 
Node 7: {
y_[node:7] = 1
xi_y_i_[y:60][node:7] = 0.025926
} 
Node 8: {
y_[node:8] = 1
xi_y_i_[y:60][node:8] = 0.096296
} 
Node 9: {
y_[node:9] = 1
xi_y_i_[y:60][node:9] = 0.074074
} 
Node 10: {
y_[node:10] = 0
xi_y_i_[y:60][node:10] = 0.070370
} 
Node 11: {
y_[node:11] = 1
xi_y_i_[y:60][node:11] = 0.100000
} 
Node 12: {
y_[node:12] = 0
xi_y_i_[y:60][node:12] = 0.081482
} 
Node 13: {
y_[node:13] = 1
xi_y_i_[y:60][node:13] = 0.025926
} 
Node 14: {
y_[node:14] = 0
xi_y_i_[y:60][node:14] = 0.100000
} 
Node 15: {
y_[node:15] = 0
xi_y_i_[y:60][node:15] = 0.022222
} 
Node 16: {
y_[node:16] = 0
xi_y_i_[y:60][node:16] = 0.022222
} 

 } 

 y = 61 { 
Node 1: {
y_[node:1] = 0
xi_y_i_[y:61][node:1] = 0.100000
} 
Node 2: {
y_[node:2] = 1
xi_y_i_[y:61][node:2] = 0.092593
} 
Node 3: {
y_[node:3] = 1
xi_y_i_[y:61][node:3] = 0.070370
} 
Node 4: {
y_[node:4] = 1
xi_y_i_[y:61][node:4] = 0.025926
} 
Node 5: {
y_[node:5] = 1
xi_y_i_[y:61][node:5] = 0.096296
} 
Node 6: {
y_[node:6] = 1
xi_y_i_[y:61][node:6] = 0.074074
} 
Node 7: {
y_[node:7] = 1
xi_y_i_[y:61][node:7] = 0.025926
} 
Node 8: {
y_[node:8] = 1
xi_y_i_[y:61][node:8] = 0.096296
} 
Node 9: {
y_[node:9] = 1
xi_y_i_[y:61][node:9] = 0.074074
} 
Node 10: {
y_[node:10] = 0
xi_y_i_[y:61][node:10] = 0.070370
} 
Node 11: {
y_[node:11] = 1
xi_y_i_[y:61][node:11] = 0.100000
} 
Node 12: {
y_[node:12] = 0
xi_y_i_[y:61][node:12] = 0.003704
} 
Node 13: {
y_[node:13] = 1
xi_y_i_[y:61][node:13] = 0.025926
} 
Node 14: {
y_[node:14] = 0
xi_y_i_[y:61][node:14] = 0.100000
} 
Node 15: {
y_[node:15] = 1
xi_y_i_[y:61][node:15] = 0.022222
} 
Node 16: {
y_[node:16] = 0
xi_y_i_[y:61][node:16] = 0.022222
} 

 } 

 y = 62 { 
Node 1: {
y_[node:1] = 1
xi_y_i_[y:62][node:1] = 0.074074
} 
Node 2: {
y_[node:2] = 0
xi_y_i_[y:62][node:2] = 0.100000
} 
Node 3: {
y_[node:3] = 1
xi_y_i_[y:62][node:3] = 0.070370
} 
Node 4: {
y_[node:4] = 0
xi_y_i_[y:62][node:4] = 0.025926
} 
Node 5: {
y_[node:5] = 1
xi_y_i_[y:62][node:5] = 0.096296
} 
Node 6: {
y_[node:6] = 1
xi_y_i_[y:62][node:6] = 0.074074
} 
Node 7: {
y_[node:7] = 1
xi_y_i_[y:62][node:7] = 0.025926
} 
Node 8: {
y_[node:8] = 1
xi_y_i_[y:62][node:8] = 0.096296
} 
Node 9: {
y_[node:9] = 1
xi_y_i_[y:62][node:9] = 0.074074
} 
Node 10: {
y_[node:10] = 1
xi_y_i_[y:62][node:10] = 0.070370
} 
Node 11: {
y_[node:11] = 1
xi_y_i_[y:62][node:11] = 0.100000
} 
Node 12: {
y_[node:12] = 0
xi_y_i_[y:62][node:12] = 0.022222
} 
Node 13: {
y_[node:13] = 0
xi_y_i_[y:62][node:13] = 0.025926
} 
Node 14: {
y_[node:14] = 0
xi_y_i_[y:62][node:14] = 0.100000
} 
Node 15: {
y_[node:15] = 1
xi_y_i_[y:62][node:15] = 0.022222
} 
Node 16: {
y_[node:16] = 0
xi_y_i_[y:62][node:16] = 0.022222
} 

 } 

 y = 65 { 
Node 1: {
y_[node:1] = 1
xi_y_i_[y:65][node:1] = 0.096296
} 
Node 2: {
y_[node:2] = 1
xi_y_i_[y:65][node:2] = 0.000000
} 
Node 3: {
y_[node:3] = 1
xi_y_i_[y:65][node:3] = 0.070370
} 
Node 4: {
y_[node:4] = 1
xi_y_i_[y:65][node:4] = 0.025926
} 
Node 5: {
y_[node:5] = 1
xi_y_i_[y:65][node:5] = 0.096296
} 
Node 6: {
y_[node:6] = 1
xi_y_i_[y:65][node:6] = 0.074074
} 
Node 7: {
y_[node:7] = 1
xi_y_i_[y:65][node:7] = 0.025926
} 
Node 8: {
y_[node:8] = 1
xi_y_i_[y:65][node:8] = 0.096296
} 
Node 9: {
y_[node:9] = 0
xi_y_i_[y:65][node:9] = 0.074074
} 
Node 10: {
y_[node:10] = 1
xi_y_i_[y:65][node:10] = 0.070370
} 
Node 11: {
y_[node:11] = 1
xi_y_i_[y:65][node:11] = 0.100000
} 
Node 12: {
y_[node:12] = 0
xi_y_i_[y:65][node:12] = 0.100000
} 
Node 13: {
y_[node:13] = 1
xi_y_i_[y:65][node:13] = 0.025926
} 
Node 14: {
y_[node:14] = 0
xi_y_i_[y:65][node:14] = 0.100000
} 
Node 15: {
y_[node:15] = 1
xi_y_i_[y:65][node:15] = 0.022222
} 
Node 16: {
y_[node:16] = 0
xi_y_i_[y:65][node:16] = 0.022222
} 

 } 

 y = 82 { 
Node 1: {
y_[node:1] = 1
xi_y_i_[y:82][node:1] = 0.100000
} 
Node 2: {
y_[node:2] = 1
xi_y_i_[y:82][node:2] = 0.000000
} 
Node 3: {
y_[node:3] = 1
xi_y_i_[y:82][node:3] = 0.070370
} 
Node 4: {
y_[node:4] = 0
xi_y_i_[y:82][node:4] = 0.025926
} 
Node 5: {
y_[node:5] = 1
xi_y_i_[y:82][node:5] = 0.096296
} 
Node 6: {
y_[node:6] = 1
xi_y_i_[y:82][node:6] = 0.074074
} 
Node 7: {
y_[node:7] = 0
xi_y_i_[y:82][node:7] = 0.025926
} 
Node 8: {
y_[node:8] = 1
xi_y_i_[y:82][node:8] = 0.096296
} 
Node 9: {
y_[node:9] = 1
xi_y_i_[y:82][node:9] = 0.074074
} 
Node 10: {
y_[node:10] = 1
xi_y_i_[y:82][node:10] = 0.070370
} 
Node 11: {
y_[node:11] = 1
xi_y_i_[y:82][node:11] = 0.100000
} 
Node 12: {
y_[node:12] = 0
xi_y_i_[y:82][node:12] = 0.096296
} 
Node 13: {
y_[node:13] = 0
xi_y_i_[y:82][node:13] = 0.025926
} 
Node 14: {
y_[node:14] = 0
xi_y_i_[y:82][node:14] = 0.100000
} 
Node 15: {
y_[node:15] = 1
xi_y_i_[y:82][node:15] = 0.022222
} 
Node 16: {
y_[node:16] = 0
xi_y_i_[y:82][node:16] = 0.022222
} 

 } 

 y = 86 { 
Node 1: {
y_[node:1] = 0
xi_y_i_[y:86][node:1] = 0.100000
} 
Node 2: {
y_[node:2] = 1
xi_y_i_[y:86][node:2] = 0.074074
} 
Node 3: {
y_[node:3] = 1
xi_y_i_[y:86][node:3] = 0.070370
} 
Node 4: {
y_[node:4] = 0
xi_y_i_[y:86][node:4] = 0.025926
} 
Node 5: {
y_[node:5] = 1
xi_y_i_[y:86][node:5] = 0.096296
} 
Node 6: {
y_[node:6] = 1
xi_y_i_[y:86][node:6] = 0.074074
} 
Node 7: {
y_[node:7] = 0
xi_y_i_[y:86][node:7] = 0.025926
} 
Node 8: {
y_[node:8] = 1
xi_y_i_[y:86][node:8] = 0.096296
} 
Node 9: {
y_[node:9] = 1
xi_y_i_[y:86][node:9] = 0.074074
} 
Node 10: {
y_[node:10] = 1
xi_y_i_[y:86][node:10] = 0.070370
} 
Node 11: {
y_[node:11] = 1
xi_y_i_[y:86][node:11] = 0.100000
} 
Node 12: {
y_[node:12] = 0
xi_y_i_[y:86][node:12] = 0.022222
} 
Node 13: {
y_[node:13] = 1
xi_y_i_[y:86][node:13] = 0.025926
} 
Node 14: {
y_[node:14] = 0
xi_y_i_[y:86][node:14] = 0.100000
} 
Node 15: {
y_[node:15] = 0
xi_y_i_[y:86][node:15] = 0.022222
} 
Node 16: {
y_[node:16] = 1
xi_y_i_[y:86][node:16] = 0.022222
} 

 } 

 y = 87 { 
Node 1: {
y_[node:1] = 1
xi_y_i_[y:87][node:1] = 0.100000
} 
Node 2: {
y_[node:2] = 1
xi_y_i_[y:87][node:2] = 0.022222
} 
Node 3: {
y_[node:3] = 1
xi_y_i_[y:87][node:3] = 0.070370
} 
Node 4: {
y_[node:4] = 1
xi_y_i_[y:87][node:4] = 0.025926
} 
Node 5: {
y_[node:5] = 1
xi_y_i_[y:87][node:5] = 0.096296
} 
Node 6: {
y_[node:6] = 1
xi_y_i_[y:87][node:6] = 0.074074
} 
Node 7: {
y_[node:7] = 0
xi_y_i_[y:87][node:7] = 0.025926
} 
Node 8: {
y_[node:8] = 0
xi_y_i_[y:87][node:8] = 0.096296
} 
Node 9: {
y_[node:9] = 1
xi_y_i_[y:87][node:9] = 0.074074
} 
Node 10: {
y_[node:10] = 1
xi_y_i_[y:87][node:10] = 0.070370
} 
Node 11: {
y_[node:11] = 0
xi_y_i_[y:87][node:11] = 0.100000
} 
Node 12: {
y_[node:12] = 0
xi_y_i_[y:87][node:12] = 0.074074
} 
Node 13: {
y_[node:13] = 1
xi_y_i_[y:87][node:13] = 0.025926
} 
Node 14: {
y_[node:14] = 1
xi_y_i_[y:87][node:14] = 0.100000
} 
Node 15: {
y_[node:15] = 1
xi_y_i_[y:87][node:15] = 0.022222
} 
Node 16: {
y_[node:16] = 1
xi_y_i_[y:87][node:16] = 0.022222
} 

 } 

 y = 90 { 
Node 1: {
y_[node:1] = 0
xi_y_i_[y:90][node:1] = 0.018519
} 
Node 2: {
y_[node:2] = 1
xi_y_i_[y:90][node:2] = 0.077778
} 
Node 3: {
y_[node:3] = 1
xi_y_i_[y:90][node:3] = 0.070370
} 
Node 4: {
y_[node:4] = 0
xi_y_i_[y:90][node:4] = 0.025926
} 
Node 5: {
y_[node:5] = 1
xi_y_i_[y:90][node:5] = 0.096296
} 
Node 6: {
y_[node:6] = 1
xi_y_i_[y:90][node:6] = 0.074074
} 
Node 7: {
y_[node:7] = 0
xi_y_i_[y:90][node:7] = 0.025926
} 
Node 8: {
y_[node:8] = 1
xi_y_i_[y:90][node:8] = 0.096296
} 
Node 9: {
y_[node:9] = 1
xi_y_i_[y:90][node:9] = 0.074074
} 
Node 10: {
y_[node:10] = 1
xi_y_i_[y:90][node:10] = 0.070370
} 
Node 11: {
y_[node:11] = 1
xi_y_i_[y:90][node:11] = 0.100000
} 
Node 12: {
y_[node:12] = 0
xi_y_i_[y:90][node:12] = 0.100000
} 
Node 13: {
y_[node:13] = 0
xi_y_i_[y:90][node:13] = 0.025926
} 
Node 14: {
y_[node:14] = 0
xi_y_i_[y:90][node:14] = 0.100000
} 
Node 15: {
y_[node:15] = 1
xi_y_i_[y:90][node:15] = 0.022222
} 
Node 16: {
y_[node:16] = 1
xi_y_i_[y:90][node:16] = 0.022222
} 

 } 
Legenda_Model:Instance_Name	Network_Name	Num_Nodes	Num_Prof_Nodes	Max_Tour_Duration	Max_Num_Discoveries	Max_Discoveries_Fraction	Best_LB	Best_Ub	Cplex_Gap	Root_Node_LB	Branch_and_Cut_Elapsed_Time	Starting_Cuts_Elapsed_Time	Tot_Time	Num_Logic_Benders_Cuts	Number_Starting_Scenarios	Num_BandC_Nodes	Number_Discoveries	Profit_cost	Discovery_cost	Card_Y	Num_Tight_Y	US_Type	US_Param	US_Tot_Det_Profit
Table_Model:tsi3_16_budget_060_D1_md075_US2_USpar10	tsi3_16_budget_060	18	16	6000	12	0.750000	-0.703704	-0.703704	0.000000	0.000000	59.854000	5.299000	65.153000	538	0	84	12	-0.703704	0.000000	95	51	2	0.100000	550.000000
