++++ Instance Info ++++
Instance name: tsi1_15_budget_50_D1_md050_US2_USpar10
Network name: tsi1_15_budget_50
Number of nodes: 17
Number of profitable nodes: 15
Max number of discovery: 8
Max duration: 5000
Alrijne Collecting Time: 360.000000
++++ Uncertainty  ++++
Uncertainty Set Type: 2
Uncertainty Set Parameter: 0.100000
Total Deterministic Profit in the Network: 170.000000
++++ Solution of the Model ++++
-----------------------------------------------
Objective:
Best Lower Bound: -0.600000
Best upper bound: -0.600000
Elapsed time Branch-and-Cut: 251.762000
Elapsed time Starting Cuts: 6.166000
Cplex Gap: 0.000000
B&C nodes: 791
Number Logic Benders Cuts: 1272
Number Starting Scenarios: 0
Cardinality of Y: 265
Number of Tight y in the sub-problem: 58

Variables Master Problem:

Phi =-0.600000 

Discoveries: w_i (i is a profitable node). 
 w_[node:6] = 1.000000
 w_[node:7] = 1.000000
 w_[node:8] = 1.000000
 w_[node:9] = 1.000000
 w_[node:10] = 1.000000
 w_[node:11] = 1.000000
 w_[node:14] = 1.000000
 w_[node:15] = 1.000000

Scenarios and Tight Ys Sub-Problem

Overline Scenario: ovxi_i (i is a profitable node). 
 ov_xi_[node:1] = 0.100000
 ov_xi_[node:2] = 0.100000
 ov_xi_[node:3] = 0.000000
 ov_xi_[node:4] = 0.000000
 ov_xi_[node:5] = 0.000000
 ov_xi_[node:6] = 0.000000
 ov_xi_[node:7] = 0.100000
 ov_xi_[node:8] = 0.100000
 ov_xi_[node:9] = 0.100000
 ov_xi_[node:10] = 0.000000
 ov_xi_[node:11] = 0.100000
 ov_xi_[node:12] = 0.100000
 ov_xi_[node:13] = 0.100000
 ov_xi_[node:14] = 0.100000
 ov_xi_[node:15] = 0.100000

 Tigth Ys: 

 y = 0 { 
Node 1: {
y_[node:1] = 1
xi_y_i_[y:0][node:1] = 0.050000
} 
Node 2: {
y_[node:2] = 1
xi_y_i_[y:0][node:2] = 0.100000
} 
Node 3: {
y_[node:3] = 1
xi_y_i_[y:0][node:3] = 0.075000
} 
Node 4: {
y_[node:4] = 1
xi_y_i_[y:0][node:4] = 0.000000
} 
Node 5: {
y_[node:5] = 1
xi_y_i_[y:0][node:5] = 0.025000
} 
Node 6: {
y_[node:6] = 1
xi_y_i_[y:0][node:6] = 0.075000
} 
Node 7: {
y_[node:7] = 1
xi_y_i_[y:0][node:7] = 0.000000
} 
Node 8: {
y_[node:8] = 1
xi_y_i_[y:0][node:8] = 0.100000
} 
Node 9: {
y_[node:9] = 1
xi_y_i_[y:0][node:9] = 0.075000
} 
Node 10: {
y_[node:10] = 1
xi_y_i_[y:0][node:10] = 0.075000
} 
Node 11: {
y_[node:11] = 0
xi_y_i_[y:0][node:11] = 0.050000
} 
Node 12: {
y_[node:12] = 0
xi_y_i_[y:0][node:12] = 0.100000
} 
Node 13: {
y_[node:13] = 0
xi_y_i_[y:0][node:13] = 0.100000
} 
Node 14: {
y_[node:14] = 0
xi_y_i_[y:0][node:14] = 0.075000
} 
Node 15: {
y_[node:15] = 0
xi_y_i_[y:0][node:15] = 0.100000
} 

 } 

 y = 1 { 
Node 1: {
y_[node:1] = 0
xi_y_i_[y:1][node:1] = 0.050000
} 
Node 2: {
y_[node:2] = 0
xi_y_i_[y:1][node:2] = 0.100000
} 
Node 3: {
y_[node:3] = 0
xi_y_i_[y:1][node:3] = 0.075000
} 
Node 4: {
y_[node:4] = 0
xi_y_i_[y:1][node:4] = 0.100000
} 
Node 5: {
y_[node:5] = 0
xi_y_i_[y:1][node:5] = 0.025000
} 
Node 6: {
y_[node:6] = 1
xi_y_i_[y:1][node:6] = 0.075000
} 
Node 7: {
y_[node:7] = 1
xi_y_i_[y:1][node:7] = 0.000000
} 
Node 8: {
y_[node:8] = 0
xi_y_i_[y:1][node:8] = 0.075000
} 
Node 9: {
y_[node:9] = 1
xi_y_i_[y:1][node:9] = 0.075000
} 
Node 10: {
y_[node:10] = 1
xi_y_i_[y:1][node:10] = 0.075000
} 
Node 11: {
y_[node:11] = 1
xi_y_i_[y:1][node:11] = 0.050000
} 
Node 12: {
y_[node:12] = 1
xi_y_i_[y:1][node:12] = 0.100000
} 
Node 13: {
y_[node:13] = 1
xi_y_i_[y:1][node:13] = 0.100000
} 
Node 14: {
y_[node:14] = 1
xi_y_i_[y:1][node:14] = 0.000000
} 
Node 15: {
y_[node:15] = 1
xi_y_i_[y:1][node:15] = 0.100000
} 

 } 

 y = 2 { 
Node 1: {
y_[node:1] = 1
xi_y_i_[y:2][node:1] = 0.050000
} 
Node 2: {
y_[node:2] = 1
xi_y_i_[y:2][node:2] = 0.075000
} 
Node 3: {
y_[node:3] = 0
xi_y_i_[y:2][node:3] = 0.075000
} 
Node 4: {
y_[node:4] = 1
xi_y_i_[y:2][node:4] = 0.000000
} 
Node 5: {
y_[node:5] = 1
xi_y_i_[y:2][node:5] = 0.025000
} 
Node 6: {
y_[node:6] = 0
xi_y_i_[y:2][node:6] = 0.075000
} 
Node 7: {
y_[node:7] = 0
xi_y_i_[y:2][node:7] = 0.100000
} 
Node 8: {
y_[node:8] = 0
xi_y_i_[y:2][node:8] = 0.100000
} 
Node 9: {
y_[node:9] = 0
xi_y_i_[y:2][node:9] = 0.075000
} 
Node 10: {
y_[node:10] = 1
xi_y_i_[y:2][node:10] = 0.075000
} 
Node 11: {
y_[node:11] = 1
xi_y_i_[y:2][node:11] = 0.050000
} 
Node 12: {
y_[node:12] = 1
xi_y_i_[y:2][node:12] = 0.100000
} 
Node 13: {
y_[node:13] = 1
xi_y_i_[y:2][node:13] = 0.100000
} 
Node 14: {
y_[node:14] = 1
xi_y_i_[y:2][node:14] = 0.000000
} 
Node 15: {
y_[node:15] = 1
xi_y_i_[y:2][node:15] = 0.100000
} 

 } 

 y = 3 { 
Node 1: {
y_[node:1] = 1
xi_y_i_[y:3][node:1] = 0.050000
} 
Node 2: {
y_[node:2] = 1
xi_y_i_[y:3][node:2] = 0.100000
} 
Node 3: {
y_[node:3] = 1
xi_y_i_[y:3][node:3] = 0.075000
} 
Node 4: {
y_[node:4] = 0
xi_y_i_[y:3][node:4] = 0.075000
} 
Node 5: {
y_[node:5] = 0
xi_y_i_[y:3][node:5] = 0.025000
} 
Node 6: {
y_[node:6] = 1
xi_y_i_[y:3][node:6] = 0.075000
} 
Node 7: {
y_[node:7] = 0
xi_y_i_[y:3][node:7] = 0.000000
} 
Node 8: {
y_[node:8] = 1
xi_y_i_[y:3][node:8] = 0.000000
} 
Node 9: {
y_[node:9] = 1
xi_y_i_[y:3][node:9] = 0.075000
} 
Node 10: {
y_[node:10] = 0
xi_y_i_[y:3][node:10] = 0.075000
} 
Node 11: {
y_[node:11] = 0
xi_y_i_[y:3][node:11] = 0.050000
} 
Node 12: {
y_[node:12] = 0
xi_y_i_[y:3][node:12] = 0.100000
} 
Node 13: {
y_[node:13] = 0
xi_y_i_[y:3][node:13] = 0.100000
} 
Node 14: {
y_[node:14] = 1
xi_y_i_[y:3][node:14] = 0.100000
} 
Node 15: {
y_[node:15] = 1
xi_y_i_[y:3][node:15] = 0.100000
} 

 } 

 y = 6 { 
Node 1: {
y_[node:1] = 1
xi_y_i_[y:6][node:1] = 0.050000
} 
Node 2: {
y_[node:2] = 1
xi_y_i_[y:6][node:2] = 0.100000
} 
Node 3: {
y_[node:3] = 1
xi_y_i_[y:6][node:3] = 0.075000
} 
Node 4: {
y_[node:4] = 0
xi_y_i_[y:6][node:4] = 0.075000
} 
Node 5: {
y_[node:5] = 0
xi_y_i_[y:6][node:5] = 0.025000
} 
Node 6: {
y_[node:6] = 1
xi_y_i_[y:6][node:6] = 0.075000
} 
Node 7: {
y_[node:7] = 1
xi_y_i_[y:6][node:7] = 0.000000
} 
Node 8: {
y_[node:8] = 1
xi_y_i_[y:6][node:8] = 0.000000
} 
Node 9: {
y_[node:9] = 0
xi_y_i_[y:6][node:9] = 0.075000
} 
Node 10: {
y_[node:10] = 0
xi_y_i_[y:6][node:10] = 0.075000
} 
Node 11: {
y_[node:11] = 0
xi_y_i_[y:6][node:11] = 0.050000
} 
Node 12: {
y_[node:12] = 0
xi_y_i_[y:6][node:12] = 0.100000
} 
Node 13: {
y_[node:13] = 0
xi_y_i_[y:6][node:13] = 0.100000
} 
Node 14: {
y_[node:14] = 1
xi_y_i_[y:6][node:14] = 0.100000
} 
Node 15: {
y_[node:15] = 0
xi_y_i_[y:6][node:15] = 0.100000
} 

 } 

 y = 8 { 
Node 1: {
y_[node:1] = 1
xi_y_i_[y:8][node:1] = 0.050000
} 
Node 2: {
y_[node:2] = 1
xi_y_i_[y:8][node:2] = 0.100000
} 
Node 3: {
y_[node:3] = 1
xi_y_i_[y:8][node:3] = 0.075000
} 
Node 4: {
y_[node:4] = 1
xi_y_i_[y:8][node:4] = 0.075000
} 
Node 5: {
y_[node:5] = 1
xi_y_i_[y:8][node:5] = 0.025000
} 
Node 6: {
y_[node:6] = 1
xi_y_i_[y:8][node:6] = 0.075000
} 
Node 7: {
y_[node:7] = 1
xi_y_i_[y:8][node:7] = 0.000000
} 
Node 8: {
y_[node:8] = 1
xi_y_i_[y:8][node:8] = 0.000000
} 
Node 9: {
y_[node:9] = 1
xi_y_i_[y:8][node:9] = 0.075000
} 
Node 10: {
y_[node:10] = 0
xi_y_i_[y:8][node:10] = 0.075000
} 
Node 11: {
y_[node:11] = 0
xi_y_i_[y:8][node:11] = 0.050000
} 
Node 12: {
y_[node:12] = 0
xi_y_i_[y:8][node:12] = 0.100000
} 
Node 13: {
y_[node:13] = 0
xi_y_i_[y:8][node:13] = 0.100000
} 
Node 14: {
y_[node:14] = 1
xi_y_i_[y:8][node:14] = 0.100000
} 
Node 15: {
y_[node:15] = 0
xi_y_i_[y:8][node:15] = 0.100000
} 

 } 

 y = 9 { 
Node 1: {
y_[node:1] = 1
xi_y_i_[y:9][node:1] = 0.050000
} 
Node 2: {
y_[node:2] = 1
xi_y_i_[y:9][node:2] = 0.100000
} 
Node 3: {
y_[node:3] = 1
xi_y_i_[y:9][node:3] = 0.075000
} 
Node 4: {
y_[node:4] = 0
xi_y_i_[y:9][node:4] = 0.075000
} 
Node 5: {
y_[node:5] = 0
xi_y_i_[y:9][node:5] = 0.025000
} 
Node 6: {
y_[node:6] = 1
xi_y_i_[y:9][node:6] = 0.075000
} 
Node 7: {
y_[node:7] = 1
xi_y_i_[y:9][node:7] = 0.000000
} 
Node 8: {
y_[node:8] = 1
xi_y_i_[y:9][node:8] = 0.000000
} 
Node 9: {
y_[node:9] = 0
xi_y_i_[y:9][node:9] = 0.075000
} 
Node 10: {
y_[node:10] = 0
xi_y_i_[y:9][node:10] = 0.075000
} 
Node 11: {
y_[node:11] = 0
xi_y_i_[y:9][node:11] = 0.050000
} 
Node 12: {
y_[node:12] = 0
xi_y_i_[y:9][node:12] = 0.100000
} 
Node 13: {
y_[node:13] = 0
xi_y_i_[y:9][node:13] = 0.100000
} 
Node 14: {
y_[node:14] = 1
xi_y_i_[y:9][node:14] = 0.100000
} 
Node 15: {
y_[node:15] = 1
xi_y_i_[y:9][node:15] = 0.100000
} 

 } 

 y = 10 { 
Node 1: {
y_[node:1] = 1
xi_y_i_[y:10][node:1] = 0.050000
} 
Node 2: {
y_[node:2] = 1
xi_y_i_[y:10][node:2] = 0.100000
} 
Node 3: {
y_[node:3] = 1
xi_y_i_[y:10][node:3] = 0.075000
} 
Node 4: {
y_[node:4] = 0
xi_y_i_[y:10][node:4] = 0.100000
} 
Node 5: {
y_[node:5] = 0
xi_y_i_[y:10][node:5] = 0.025000
} 
Node 6: {
y_[node:6] = 0
xi_y_i_[y:10][node:6] = 0.075000
} 
Node 7: {
y_[node:7] = 1
xi_y_i_[y:10][node:7] = 0.000000
} 
Node 8: {
y_[node:8] = 0
xi_y_i_[y:10][node:8] = 0.075000
} 
Node 9: {
y_[node:9] = 1
xi_y_i_[y:10][node:9] = 0.075000
} 
Node 10: {
y_[node:10] = 1
xi_y_i_[y:10][node:10] = 0.075000
} 
Node 11: {
y_[node:11] = 0
xi_y_i_[y:10][node:11] = 0.050000
} 
Node 12: {
y_[node:12] = 0
xi_y_i_[y:10][node:12] = 0.100000
} 
Node 13: {
y_[node:13] = 1
xi_y_i_[y:10][node:13] = 0.100000
} 
Node 14: {
y_[node:14] = 1
xi_y_i_[y:10][node:14] = 0.000000
} 
Node 15: {
y_[node:15] = 1
xi_y_i_[y:10][node:15] = 0.100000
} 

 } 

 y = 11 { 
Node 1: {
y_[node:1] = 0
xi_y_i_[y:11][node:1] = 0.050000
} 
Node 2: {
y_[node:2] = 0
xi_y_i_[y:11][node:2] = 0.100000
} 
Node 3: {
y_[node:3] = 1
xi_y_i_[y:11][node:3] = 0.075000
} 
Node 4: {
y_[node:4] = 0
xi_y_i_[y:11][node:4] = 0.050000
} 
Node 5: {
y_[node:5] = 0
xi_y_i_[y:11][node:5] = 0.025000
} 
Node 6: {
y_[node:6] = 1
xi_y_i_[y:11][node:6] = 0.075000
} 
Node 7: {
y_[node:7] = 1
xi_y_i_[y:11][node:7] = 0.000000
} 
Node 8: {
y_[node:8] = 1
xi_y_i_[y:11][node:8] = 0.025000
} 
Node 9: {
y_[node:9] = 1
xi_y_i_[y:11][node:9] = 0.075000
} 
Node 10: {
y_[node:10] = 1
xi_y_i_[y:11][node:10] = 0.075000
} 
Node 11: {
y_[node:11] = 1
xi_y_i_[y:11][node:11] = 0.050000
} 
Node 12: {
y_[node:12] = 0
xi_y_i_[y:11][node:12] = 0.100000
} 
Node 13: {
y_[node:13] = 0
xi_y_i_[y:11][node:13] = 0.100000
} 
Node 14: {
y_[node:14] = 1
xi_y_i_[y:11][node:14] = 0.100000
} 
Node 15: {
y_[node:15] = 1
xi_y_i_[y:11][node:15] = 0.100000
} 

 } 

 y = 12 { 
Node 1: {
y_[node:1] = 1
xi_y_i_[y:12][node:1] = 0.050000
} 
Node 2: {
y_[node:2] = 1
xi_y_i_[y:12][node:2] = 0.025000
} 
Node 3: {
y_[node:3] = 1
xi_y_i_[y:12][node:3] = 0.075000
} 
Node 4: {
y_[node:4] = 1
xi_y_i_[y:12][node:4] = 0.000000
} 
Node 5: {
y_[node:5] = 0
xi_y_i_[y:12][node:5] = 0.025000
} 
Node 6: {
y_[node:6] = 0
xi_y_i_[y:12][node:6] = 0.075000
} 
Node 7: {
y_[node:7] = 0
xi_y_i_[y:12][node:7] = 0.100000
} 
Node 8: {
y_[node:8] = 0
xi_y_i_[y:12][node:8] = 0.050000
} 
Node 9: {
y_[node:9] = 0
xi_y_i_[y:12][node:9] = 0.075000
} 
Node 10: {
y_[node:10] = 1
xi_y_i_[y:12][node:10] = 0.075000
} 
Node 11: {
y_[node:11] = 1
xi_y_i_[y:12][node:11] = 0.050000
} 
Node 12: {
y_[node:12] = 1
xi_y_i_[y:12][node:12] = 0.100000
} 
Node 13: {
y_[node:13] = 1
xi_y_i_[y:12][node:13] = 0.100000
} 
Node 14: {
y_[node:14] = 0
xi_y_i_[y:12][node:14] = 0.100000
} 
Node 15: {
y_[node:15] = 1
xi_y_i_[y:12][node:15] = 0.100000
} 

 } 

 y = 13 { 
Node 1: {
y_[node:1] = 1
xi_y_i_[y:13][node:1] = 0.050000
} 
Node 2: {
y_[node:2] = 1
xi_y_i_[y:13][node:2] = 0.000000
} 
Node 3: {
y_[node:3] = 1
xi_y_i_[y:13][node:3] = 0.075000
} 
Node 4: {
y_[node:4] = 1
xi_y_i_[y:13][node:4] = 0.000000
} 
Node 5: {
y_[node:5] = 1
xi_y_i_[y:13][node:5] = 0.025000
} 
Node 6: {
y_[node:6] = 0
xi_y_i_[y:13][node:6] = 0.075000
} 
Node 7: {
y_[node:7] = 0
xi_y_i_[y:13][node:7] = 0.100000
} 
Node 8: {
y_[node:8] = 0
xi_y_i_[y:13][node:8] = 0.075000
} 
Node 9: {
y_[node:9] = 0
xi_y_i_[y:13][node:9] = 0.075000
} 
Node 10: {
y_[node:10] = 1
xi_y_i_[y:13][node:10] = 0.075000
} 
Node 11: {
y_[node:11] = 1
xi_y_i_[y:13][node:11] = 0.050000
} 
Node 12: {
y_[node:12] = 1
xi_y_i_[y:13][node:12] = 0.100000
} 
Node 13: {
y_[node:13] = 1
xi_y_i_[y:13][node:13] = 0.100000
} 
Node 14: {
y_[node:14] = 0
xi_y_i_[y:13][node:14] = 0.100000
} 
Node 15: {
y_[node:15] = 1
xi_y_i_[y:13][node:15] = 0.100000
} 

 } 

 y = 14 { 
Node 1: {
y_[node:1] = 1
xi_y_i_[y:14][node:1] = 0.050000
} 
Node 2: {
y_[node:2] = 1
xi_y_i_[y:14][node:2] = 0.100000
} 
Node 3: {
y_[node:3] = 1
xi_y_i_[y:14][node:3] = 0.075000
} 
Node 4: {
y_[node:4] = 0
xi_y_i_[y:14][node:4] = 0.075000
} 
Node 5: {
y_[node:5] = 0
xi_y_i_[y:14][node:5] = 0.025000
} 
Node 6: {
y_[node:6] = 1
xi_y_i_[y:14][node:6] = 0.075000
} 
Node 7: {
y_[node:7] = 1
xi_y_i_[y:14][node:7] = 0.000000
} 
Node 8: {
y_[node:8] = 1
xi_y_i_[y:14][node:8] = 0.000000
} 
Node 9: {
y_[node:9] = 1
xi_y_i_[y:14][node:9] = 0.075000
} 
Node 10: {
y_[node:10] = 0
xi_y_i_[y:14][node:10] = 0.075000
} 
Node 11: {
y_[node:11] = 0
xi_y_i_[y:14][node:11] = 0.050000
} 
Node 12: {
y_[node:12] = 0
xi_y_i_[y:14][node:12] = 0.100000
} 
Node 13: {
y_[node:13] = 0
xi_y_i_[y:14][node:13] = 0.100000
} 
Node 14: {
y_[node:14] = 1
xi_y_i_[y:14][node:14] = 0.100000
} 
Node 15: {
y_[node:15] = 1
xi_y_i_[y:14][node:15] = 0.100000
} 

 } 

 y = 15 { 
Node 1: {
y_[node:1] = 1
xi_y_i_[y:15][node:1] = 0.050000
} 
Node 2: {
y_[node:2] = 1
xi_y_i_[y:15][node:2] = 0.100000
} 
Node 3: {
y_[node:3] = 1
xi_y_i_[y:15][node:3] = 0.075000
} 
Node 4: {
y_[node:4] = 0
xi_y_i_[y:15][node:4] = 0.050000
} 
Node 5: {
y_[node:5] = 0
xi_y_i_[y:15][node:5] = 0.025000
} 
Node 6: {
y_[node:6] = 1
xi_y_i_[y:15][node:6] = 0.075000
} 
Node 7: {
y_[node:7] = 0
xi_y_i_[y:15][node:7] = 0.000000
} 
Node 8: {
y_[node:8] = 1
xi_y_i_[y:15][node:8] = 0.025000
} 
Node 9: {
y_[node:9] = 1
xi_y_i_[y:15][node:9] = 0.075000
} 
Node 10: {
y_[node:10] = 1
xi_y_i_[y:15][node:10] = 0.075000
} 
Node 11: {
y_[node:11] = 0
xi_y_i_[y:15][node:11] = 0.050000
} 
Node 12: {
y_[node:12] = 0
xi_y_i_[y:15][node:12] = 0.100000
} 
Node 13: {
y_[node:13] = 0
xi_y_i_[y:15][node:13] = 0.100000
} 
Node 14: {
y_[node:14] = 1
xi_y_i_[y:15][node:14] = 0.100000
} 
Node 15: {
y_[node:15] = 0
xi_y_i_[y:15][node:15] = 0.100000
} 

 } 

 y = 18 { 
Node 1: {
y_[node:1] = 0
xi_y_i_[y:18][node:1] = 0.050000
} 
Node 2: {
y_[node:2] = 0
xi_y_i_[y:18][node:2] = 0.100000
} 
Node 3: {
y_[node:3] = 1
xi_y_i_[y:18][node:3] = 0.075000
} 
Node 4: {
y_[node:4] = 0
xi_y_i_[y:18][node:4] = 0.075000
} 
Node 5: {
y_[node:5] = 0
xi_y_i_[y:18][node:5] = 0.025000
} 
Node 6: {
y_[node:6] = 1
xi_y_i_[y:18][node:6] = 0.075000
} 
Node 7: {
y_[node:7] = 1
xi_y_i_[y:18][node:7] = 0.000000
} 
Node 8: {
y_[node:8] = 1
xi_y_i_[y:18][node:8] = 0.000000
} 
Node 9: {
y_[node:9] = 0
xi_y_i_[y:18][node:9] = 0.075000
} 
Node 10: {
y_[node:10] = 1
xi_y_i_[y:18][node:10] = 0.075000
} 
Node 11: {
y_[node:11] = 0
xi_y_i_[y:18][node:11] = 0.050000
} 
Node 12: {
y_[node:12] = 0
xi_y_i_[y:18][node:12] = 0.100000
} 
Node 13: {
y_[node:13] = 1
xi_y_i_[y:18][node:13] = 0.100000
} 
Node 14: {
y_[node:14] = 1
xi_y_i_[y:18][node:14] = 0.100000
} 
Node 15: {
y_[node:15] = 1
xi_y_i_[y:18][node:15] = 0.100000
} 

 } 

 y = 19 { 
Node 1: {
y_[node:1] = 1
xi_y_i_[y:19][node:1] = 0.050000
} 
Node 2: {
y_[node:2] = 1
xi_y_i_[y:19][node:2] = 0.100000
} 
Node 3: {
y_[node:3] = 1
xi_y_i_[y:19][node:3] = 0.075000
} 
Node 4: {
y_[node:4] = 0
xi_y_i_[y:19][node:4] = 0.050000
} 
Node 5: {
y_[node:5] = 0
xi_y_i_[y:19][node:5] = 0.025000
} 
Node 6: {
y_[node:6] = 1
xi_y_i_[y:19][node:6] = 0.075000
} 
Node 7: {
y_[node:7] = 1
xi_y_i_[y:19][node:7] = 0.025000
} 
Node 8: {
y_[node:8] = 1
xi_y_i_[y:19][node:8] = 0.000000
} 
Node 9: {
y_[node:9] = 1
xi_y_i_[y:19][node:9] = 0.075000
} 
Node 10: {
y_[node:10] = 1
xi_y_i_[y:19][node:10] = 0.075000
} 
Node 11: {
y_[node:11] = 0
xi_y_i_[y:19][node:11] = 0.050000
} 
Node 12: {
y_[node:12] = 0
xi_y_i_[y:19][node:12] = 0.100000
} 
Node 13: {
y_[node:13] = 0
xi_y_i_[y:19][node:13] = 0.100000
} 
Node 14: {
y_[node:14] = 1
xi_y_i_[y:19][node:14] = 0.100000
} 
Node 15: {
y_[node:15] = 0
xi_y_i_[y:19][node:15] = 0.100000
} 

 } 

 y = 20 { 
Node 1: {
y_[node:1] = 1
xi_y_i_[y:20][node:1] = 0.050000
} 
Node 2: {
y_[node:2] = 0
xi_y_i_[y:20][node:2] = 0.100000
} 
Node 3: {
y_[node:3] = 0
xi_y_i_[y:20][node:3] = 0.075000
} 
Node 4: {
y_[node:4] = 1
xi_y_i_[y:20][node:4] = 0.000000
} 
Node 5: {
y_[node:5] = 1
xi_y_i_[y:20][node:5] = 0.025000
} 
Node 6: {
y_[node:6] = 0
xi_y_i_[y:20][node:6] = 0.075000
} 
Node 7: {
y_[node:7] = 0
xi_y_i_[y:20][node:7] = 0.100000
} 
Node 8: {
y_[node:8] = 0
xi_y_i_[y:20][node:8] = 0.075000
} 
Node 9: {
y_[node:9] = 1
xi_y_i_[y:20][node:9] = 0.075000
} 
Node 10: {
y_[node:10] = 1
xi_y_i_[y:20][node:10] = 0.075000
} 
Node 11: {
y_[node:11] = 1
xi_y_i_[y:20][node:11] = 0.050000
} 
Node 12: {
y_[node:12] = 1
xi_y_i_[y:20][node:12] = 0.100000
} 
Node 13: {
y_[node:13] = 1
xi_y_i_[y:20][node:13] = 0.100000
} 
Node 14: {
y_[node:14] = 1
xi_y_i_[y:20][node:14] = 0.000000
} 
Node 15: {
y_[node:15] = 1
xi_y_i_[y:20][node:15] = 0.100000
} 

 } 

 y = 21 { 
Node 1: {
y_[node:1] = 0
xi_y_i_[y:21][node:1] = 0.050000
} 
Node 2: {
y_[node:2] = 0
xi_y_i_[y:21][node:2] = 0.100000
} 
Node 3: {
y_[node:3] = 0
xi_y_i_[y:21][node:3] = 0.075000
} 
Node 4: {
y_[node:4] = 0
xi_y_i_[y:21][node:4] = 0.100000
} 
Node 5: {
y_[node:5] = 0
xi_y_i_[y:21][node:5] = 0.025000
} 
Node 6: {
y_[node:6] = 0
xi_y_i_[y:21][node:6] = 0.075000
} 
Node 7: {
y_[node:7] = 1
xi_y_i_[y:21][node:7] = 0.000000
} 
Node 8: {
y_[node:8] = 1
xi_y_i_[y:21][node:8] = 0.000000
} 
Node 9: {
y_[node:9] = 1
xi_y_i_[y:21][node:9] = 0.075000
} 
Node 10: {
y_[node:10] = 1
xi_y_i_[y:21][node:10] = 0.075000
} 
Node 11: {
y_[node:11] = 1
xi_y_i_[y:21][node:11] = 0.050000
} 
Node 12: {
y_[node:12] = 1
xi_y_i_[y:21][node:12] = 0.100000
} 
Node 13: {
y_[node:13] = 1
xi_y_i_[y:21][node:13] = 0.100000
} 
Node 14: {
y_[node:14] = 1
xi_y_i_[y:21][node:14] = 0.075000
} 
Node 15: {
y_[node:15] = 1
xi_y_i_[y:21][node:15] = 0.100000
} 

 } 

 y = 22 { 
Node 1: {
y_[node:1] = 1
xi_y_i_[y:22][node:1] = 0.050000
} 
Node 2: {
y_[node:2] = 1
xi_y_i_[y:22][node:2] = 0.100000
} 
Node 3: {
y_[node:3] = 1
xi_y_i_[y:22][node:3] = 0.075000
} 
Node 4: {
y_[node:4] = 1
xi_y_i_[y:22][node:4] = 0.000000
} 
Node 5: {
y_[node:5] = 1
xi_y_i_[y:22][node:5] = 0.025000
} 
Node 6: {
y_[node:6] = 1
xi_y_i_[y:22][node:6] = 0.075000
} 
Node 7: {
y_[node:7] = 1
xi_y_i_[y:22][node:7] = 0.025000
} 
Node 8: {
y_[node:8] = 0
xi_y_i_[y:22][node:8] = 0.100000
} 
Node 9: {
y_[node:9] = 0
xi_y_i_[y:22][node:9] = 0.075000
} 
Node 10: {
y_[node:10] = 1
xi_y_i_[y:22][node:10] = 0.075000
} 
Node 11: {
y_[node:11] = 1
xi_y_i_[y:22][node:11] = 0.050000
} 
Node 12: {
y_[node:12] = 0
xi_y_i_[y:22][node:12] = 0.100000
} 
Node 13: {
y_[node:13] = 1
xi_y_i_[y:22][node:13] = 0.100000
} 
Node 14: {
y_[node:14] = 0
xi_y_i_[y:22][node:14] = 0.050000
} 
Node 15: {
y_[node:15] = 0
xi_y_i_[y:22][node:15] = 0.100000
} 

 } 

 y = 23 { 
Node 1: {
y_[node:1] = 0
xi_y_i_[y:23][node:1] = 0.050000
} 
Node 2: {
y_[node:2] = 0
xi_y_i_[y:23][node:2] = 0.100000
} 
Node 3: {
y_[node:3] = 1
xi_y_i_[y:23][node:3] = 0.075000
} 
Node 4: {
y_[node:4] = 0
xi_y_i_[y:23][node:4] = 0.075000
} 
Node 5: {
y_[node:5] = 0
xi_y_i_[y:23][node:5] = 0.025000
} 
Node 6: {
y_[node:6] = 1
xi_y_i_[y:23][node:6] = 0.075000
} 
Node 7: {
y_[node:7] = 1
xi_y_i_[y:23][node:7] = 0.000000
} 
Node 8: {
y_[node:8] = 1
xi_y_i_[y:23][node:8] = 0.000000
} 
Node 9: {
y_[node:9] = 0
xi_y_i_[y:23][node:9] = 0.075000
} 
Node 10: {
y_[node:10] = 1
xi_y_i_[y:23][node:10] = 0.075000
} 
Node 11: {
y_[node:11] = 1
xi_y_i_[y:23][node:11] = 0.050000
} 
Node 12: {
y_[node:12] = 0
xi_y_i_[y:23][node:12] = 0.100000
} 
Node 13: {
y_[node:13] = 1
xi_y_i_[y:23][node:13] = 0.100000
} 
Node 14: {
y_[node:14] = 1
xi_y_i_[y:23][node:14] = 0.100000
} 
Node 15: {
y_[node:15] = 0
xi_y_i_[y:23][node:15] = 0.100000
} 

 } 

 y = 24 { 
Node 1: {
y_[node:1] = 0
xi_y_i_[y:24][node:1] = 0.050000
} 
Node 2: {
y_[node:2] = 0
xi_y_i_[y:24][node:2] = 0.100000
} 
Node 3: {
y_[node:3] = 0
xi_y_i_[y:24][node:3] = 0.075000
} 
Node 4: {
y_[node:4] = 0
xi_y_i_[y:24][node:4] = 0.075000
} 
Node 5: {
y_[node:5] = 0
xi_y_i_[y:24][node:5] = 0.025000
} 
Node 6: {
y_[node:6] = 1
xi_y_i_[y:24][node:6] = 0.075000
} 
Node 7: {
y_[node:7] = 1
xi_y_i_[y:24][node:7] = 0.000000
} 
Node 8: {
y_[node:8] = 1
xi_y_i_[y:24][node:8] = 0.000000
} 
Node 9: {
y_[node:9] = 1
xi_y_i_[y:24][node:9] = 0.075000
} 
Node 10: {
y_[node:10] = 1
xi_y_i_[y:24][node:10] = 0.075000
} 
Node 11: {
y_[node:11] = 1
xi_y_i_[y:24][node:11] = 0.050000
} 
Node 12: {
y_[node:12] = 0
xi_y_i_[y:24][node:12] = 0.100000
} 
Node 13: {
y_[node:13] = 1
xi_y_i_[y:24][node:13] = 0.100000
} 
Node 14: {
y_[node:14] = 1
xi_y_i_[y:24][node:14] = 0.100000
} 
Node 15: {
y_[node:15] = 1
xi_y_i_[y:24][node:15] = 0.100000
} 

 } 

 y = 26 { 
Node 1: {
y_[node:1] = 0
xi_y_i_[y:26][node:1] = 0.050000
} 
Node 2: {
y_[node:2] = 0
xi_y_i_[y:26][node:2] = 0.100000
} 
Node 3: {
y_[node:3] = 1
xi_y_i_[y:26][node:3] = 0.075000
} 
Node 4: {
y_[node:4] = 0
xi_y_i_[y:26][node:4] = 0.075000
} 
Node 5: {
y_[node:5] = 0
xi_y_i_[y:26][node:5] = 0.025000
} 
Node 6: {
y_[node:6] = 1
xi_y_i_[y:26][node:6] = 0.075000
} 
Node 7: {
y_[node:7] = 0
xi_y_i_[y:26][node:7] = 0.000000
} 
Node 8: {
y_[node:8] = 1
xi_y_i_[y:26][node:8] = 0.000000
} 
Node 9: {
y_[node:9] = 1
xi_y_i_[y:26][node:9] = 0.075000
} 
Node 10: {
y_[node:10] = 1
xi_y_i_[y:26][node:10] = 0.075000
} 
Node 11: {
y_[node:11] = 1
xi_y_i_[y:26][node:11] = 0.050000
} 
Node 12: {
y_[node:12] = 0
xi_y_i_[y:26][node:12] = 0.100000
} 
Node 13: {
y_[node:13] = 1
xi_y_i_[y:26][node:13] = 0.100000
} 
Node 14: {
y_[node:14] = 1
xi_y_i_[y:26][node:14] = 0.100000
} 
Node 15: {
y_[node:15] = 0
xi_y_i_[y:26][node:15] = 0.100000
} 

 } 

 y = 27 { 
Node 1: {
y_[node:1] = 0
xi_y_i_[y:27][node:1] = 0.050000
} 
Node 2: {
y_[node:2] = 0
xi_y_i_[y:27][node:2] = 0.100000
} 
Node 3: {
y_[node:3] = 0
xi_y_i_[y:27][node:3] = 0.075000
} 
Node 4: {
y_[node:4] = 1
xi_y_i_[y:27][node:4] = 0.050000
} 
Node 5: {
y_[node:5] = 1
xi_y_i_[y:27][node:5] = 0.025000
} 
Node 6: {
y_[node:6] = 0
xi_y_i_[y:27][node:6] = 0.075000
} 
Node 7: {
y_[node:7] = 1
xi_y_i_[y:27][node:7] = 0.000000
} 
Node 8: {
y_[node:8] = 0
xi_y_i_[y:27][node:8] = 0.025000
} 
Node 9: {
y_[node:9] = 1
xi_y_i_[y:27][node:9] = 0.075000
} 
Node 10: {
y_[node:10] = 1
xi_y_i_[y:27][node:10] = 0.075000
} 
Node 11: {
y_[node:11] = 1
xi_y_i_[y:27][node:11] = 0.050000
} 
Node 12: {
y_[node:12] = 1
xi_y_i_[y:27][node:12] = 0.100000
} 
Node 13: {
y_[node:13] = 1
xi_y_i_[y:27][node:13] = 0.100000
} 
Node 14: {
y_[node:14] = 0
xi_y_i_[y:27][node:14] = 0.100000
} 
Node 15: {
y_[node:15] = 1
xi_y_i_[y:27][node:15] = 0.100000
} 

 } 

 y = 28 { 
Node 1: {
y_[node:1] = 1
xi_y_i_[y:28][node:1] = 0.050000
} 
Node 2: {
y_[node:2] = 1
xi_y_i_[y:28][node:2] = 0.100000
} 
Node 3: {
y_[node:3] = 1
xi_y_i_[y:28][node:3] = 0.075000
} 
Node 4: {
y_[node:4] = 1
xi_y_i_[y:28][node:4] = 0.075000
} 
Node 5: {
y_[node:5] = 0
xi_y_i_[y:28][node:5] = 0.025000
} 
Node 6: {
y_[node:6] = 1
xi_y_i_[y:28][node:6] = 0.075000
} 
Node 7: {
y_[node:7] = 1
xi_y_i_[y:28][node:7] = 0.000000
} 
Node 8: {
y_[node:8] = 1
xi_y_i_[y:28][node:8] = 0.000000
} 
Node 9: {
y_[node:9] = 0
xi_y_i_[y:28][node:9] = 0.075000
} 
Node 10: {
y_[node:10] = 1
xi_y_i_[y:28][node:10] = 0.075000
} 
Node 11: {
y_[node:11] = 0
xi_y_i_[y:28][node:11] = 0.050000
} 
Node 12: {
y_[node:12] = 0
xi_y_i_[y:28][node:12] = 0.100000
} 
Node 13: {
y_[node:13] = 0
xi_y_i_[y:28][node:13] = 0.100000
} 
Node 14: {
y_[node:14] = 1
xi_y_i_[y:28][node:14] = 0.100000
} 
Node 15: {
y_[node:15] = 0
xi_y_i_[y:28][node:15] = 0.100000
} 

 } 

 y = 29 { 
Node 1: {
y_[node:1] = 0
xi_y_i_[y:29][node:1] = 0.050000
} 
Node 2: {
y_[node:2] = 1
xi_y_i_[y:29][node:2] = 0.100000
} 
Node 3: {
y_[node:3] = 1
xi_y_i_[y:29][node:3] = 0.075000
} 
Node 4: {
y_[node:4] = 1
xi_y_i_[y:29][node:4] = 0.050000
} 
Node 5: {
y_[node:5] = 1
xi_y_i_[y:29][node:5] = 0.025000
} 
Node 6: {
y_[node:6] = 1
xi_y_i_[y:29][node:6] = 0.075000
} 
Node 7: {
y_[node:7] = 0
xi_y_i_[y:29][node:7] = 0.025000
} 
Node 8: {
y_[node:8] = 1
xi_y_i_[y:29][node:8] = 0.000000
} 
Node 9: {
y_[node:9] = 1
xi_y_i_[y:29][node:9] = 0.075000
} 
Node 10: {
y_[node:10] = 1
xi_y_i_[y:29][node:10] = 0.075000
} 
Node 11: {
y_[node:11] = 0
xi_y_i_[y:29][node:11] = 0.050000
} 
Node 12: {
y_[node:12] = 0
xi_y_i_[y:29][node:12] = 0.100000
} 
Node 13: {
y_[node:13] = 0
xi_y_i_[y:29][node:13] = 0.100000
} 
Node 14: {
y_[node:14] = 1
xi_y_i_[y:29][node:14] = 0.100000
} 
Node 15: {
y_[node:15] = 0
xi_y_i_[y:29][node:15] = 0.100000
} 

 } 

 y = 30 { 
Node 1: {
y_[node:1] = 0
xi_y_i_[y:30][node:1] = 0.050000
} 
Node 2: {
y_[node:2] = 0
xi_y_i_[y:30][node:2] = 0.100000
} 
Node 3: {
y_[node:3] = 1
xi_y_i_[y:30][node:3] = 0.075000
} 
Node 4: {
y_[node:4] = 0
xi_y_i_[y:30][node:4] = 0.100000
} 
Node 5: {
y_[node:5] = 0
xi_y_i_[y:30][node:5] = 0.025000
} 
Node 6: {
y_[node:6] = 1
xi_y_i_[y:30][node:6] = 0.075000
} 
Node 7: {
y_[node:7] = 0
xi_y_i_[y:30][node:7] = 0.000000
} 
Node 8: {
y_[node:8] = 1
xi_y_i_[y:30][node:8] = 0.000000
} 
Node 9: {
y_[node:9] = 1
xi_y_i_[y:30][node:9] = 0.075000
} 
Node 10: {
y_[node:10] = 1
xi_y_i_[y:30][node:10] = 0.075000
} 
Node 11: {
y_[node:11] = 0
xi_y_i_[y:30][node:11] = 0.050000
} 
Node 12: {
y_[node:12] = 0
xi_y_i_[y:30][node:12] = 0.100000
} 
Node 13: {
y_[node:13] = 1
xi_y_i_[y:30][node:13] = 0.100000
} 
Node 14: {
y_[node:14] = 1
xi_y_i_[y:30][node:14] = 0.075000
} 
Node 15: {
y_[node:15] = 1
xi_y_i_[y:30][node:15] = 0.100000
} 

 } 

 y = 31 { 
Node 1: {
y_[node:1] = 1
xi_y_i_[y:31][node:1] = 0.050000
} 
Node 2: {
y_[node:2] = 1
xi_y_i_[y:31][node:2] = 0.100000
} 
Node 3: {
y_[node:3] = 1
xi_y_i_[y:31][node:3] = 0.075000
} 
Node 4: {
y_[node:4] = 1
xi_y_i_[y:31][node:4] = 0.000000
} 
Node 5: {
y_[node:5] = 1
xi_y_i_[y:31][node:5] = 0.025000
} 
Node 6: {
y_[node:6] = 1
xi_y_i_[y:31][node:6] = 0.075000
} 
Node 7: {
y_[node:7] = 0
xi_y_i_[y:31][node:7] = 0.025000
} 
Node 8: {
y_[node:8] = 1
xi_y_i_[y:31][node:8] = 0.050000
} 
Node 9: {
y_[node:9] = 1
xi_y_i_[y:31][node:9] = 0.075000
} 
Node 10: {
y_[node:10] = 1
xi_y_i_[y:31][node:10] = 0.075000
} 
Node 11: {
y_[node:11] = 1
xi_y_i_[y:31][node:11] = 0.050000
} 
Node 12: {
y_[node:12] = 0
xi_y_i_[y:31][node:12] = 0.100000
} 
Node 13: {
y_[node:13] = 0
xi_y_i_[y:31][node:13] = 0.100000
} 
Node 14: {
y_[node:14] = 0
xi_y_i_[y:31][node:14] = 0.100000
} 
Node 15: {
y_[node:15] = 0
xi_y_i_[y:31][node:15] = 0.100000
} 

 } 

 y = 32 { 
Node 1: {
y_[node:1] = 0
xi_y_i_[y:32][node:1] = 0.050000
} 
Node 2: {
y_[node:2] = 0
xi_y_i_[y:32][node:2] = 0.100000
} 
Node 3: {
y_[node:3] = 1
xi_y_i_[y:32][node:3] = 0.075000
} 
Node 4: {
y_[node:4] = 0
xi_y_i_[y:32][node:4] = 0.075000
} 
Node 5: {
y_[node:5] = 0
xi_y_i_[y:32][node:5] = 0.025000
} 
Node 6: {
y_[node:6] = 1
xi_y_i_[y:32][node:6] = 0.075000
} 
Node 7: {
y_[node:7] = 0
xi_y_i_[y:32][node:7] = 0.000000
} 
Node 8: {
y_[node:8] = 1
xi_y_i_[y:32][node:8] = 0.000000
} 
Node 9: {
y_[node:9] = 0
xi_y_i_[y:32][node:9] = 0.075000
} 
Node 10: {
y_[node:10] = 1
xi_y_i_[y:32][node:10] = 0.075000
} 
Node 11: {
y_[node:11] = 1
xi_y_i_[y:32][node:11] = 0.050000
} 
Node 12: {
y_[node:12] = 0
xi_y_i_[y:32][node:12] = 0.100000
} 
Node 13: {
y_[node:13] = 1
xi_y_i_[y:32][node:13] = 0.100000
} 
Node 14: {
y_[node:14] = 1
xi_y_i_[y:32][node:14] = 0.100000
} 
Node 15: {
y_[node:15] = 1
xi_y_i_[y:32][node:15] = 0.100000
} 

 } 

 y = 33 { 
Node 1: {
y_[node:1] = 0
xi_y_i_[y:33][node:1] = 0.050000
} 
Node 2: {
y_[node:2] = 1
xi_y_i_[y:33][node:2] = 0.025000
} 
Node 3: {
y_[node:3] = 1
xi_y_i_[y:33][node:3] = 0.075000
} 
Node 4: {
y_[node:4] = 0
xi_y_i_[y:33][node:4] = 0.100000
} 
Node 5: {
y_[node:5] = 0
xi_y_i_[y:33][node:5] = 0.025000
} 
Node 6: {
y_[node:6] = 1
xi_y_i_[y:33][node:6] = 0.075000
} 
Node 7: {
y_[node:7] = 1
xi_y_i_[y:33][node:7] = 0.000000
} 
Node 8: {
y_[node:8] = 0
xi_y_i_[y:33][node:8] = 0.050000
} 
Node 9: {
y_[node:9] = 1
xi_y_i_[y:33][node:9] = 0.075000
} 
Node 10: {
y_[node:10] = 1
xi_y_i_[y:33][node:10] = 0.075000
} 
Node 11: {
y_[node:11] = 1
xi_y_i_[y:33][node:11] = 0.050000
} 
Node 12: {
y_[node:12] = 0
xi_y_i_[y:33][node:12] = 0.100000
} 
Node 13: {
y_[node:13] = 1
xi_y_i_[y:33][node:13] = 0.100000
} 
Node 14: {
y_[node:14] = 0
xi_y_i_[y:33][node:14] = 0.100000
} 
Node 15: {
y_[node:15] = 1
xi_y_i_[y:33][node:15] = 0.100000
} 

 } 

 y = 34 { 
Node 1: {
y_[node:1] = 1
xi_y_i_[y:34][node:1] = 0.050000
} 
Node 2: {
y_[node:2] = 1
xi_y_i_[y:34][node:2] = 0.100000
} 
Node 3: {
y_[node:3] = 1
xi_y_i_[y:34][node:3] = 0.075000
} 
Node 4: {
y_[node:4] = 1
xi_y_i_[y:34][node:4] = 0.000000
} 
Node 5: {
y_[node:5] = 0
xi_y_i_[y:34][node:5] = 0.025000
} 
Node 6: {
y_[node:6] = 1
xi_y_i_[y:34][node:6] = 0.075000
} 
Node 7: {
y_[node:7] = 1
xi_y_i_[y:34][node:7] = 0.000000
} 
Node 8: {
y_[node:8] = 0
xi_y_i_[y:34][node:8] = 0.100000
} 
Node 9: {
y_[node:9] = 1
xi_y_i_[y:34][node:9] = 0.075000
} 
Node 10: {
y_[node:10] = 1
xi_y_i_[y:34][node:10] = 0.075000
} 
Node 11: {
y_[node:11] = 1
xi_y_i_[y:34][node:11] = 0.050000
} 
Node 12: {
y_[node:12] = 0
xi_y_i_[y:34][node:12] = 0.100000
} 
Node 13: {
y_[node:13] = 0
xi_y_i_[y:34][node:13] = 0.100000
} 
Node 14: {
y_[node:14] = 1
xi_y_i_[y:34][node:14] = 0.075000
} 
Node 15: {
y_[node:15] = 0
xi_y_i_[y:34][node:15] = 0.100000
} 

 } 

 y = 37 { 
Node 1: {
y_[node:1] = 0
xi_y_i_[y:37][node:1] = 0.050000
} 
Node 2: {
y_[node:2] = 0
xi_y_i_[y:37][node:2] = 0.100000
} 
Node 3: {
y_[node:3] = 0
xi_y_i_[y:37][node:3] = 0.075000
} 
Node 4: {
y_[node:4] = 1
xi_y_i_[y:37][node:4] = 0.025000
} 
Node 5: {
y_[node:5] = 1
xi_y_i_[y:37][node:5] = 0.025000
} 
Node 6: {
y_[node:6] = 0
xi_y_i_[y:37][node:6] = 0.075000
} 
Node 7: {
y_[node:7] = 1
xi_y_i_[y:37][node:7] = 0.000000
} 
Node 8: {
y_[node:8] = 0
xi_y_i_[y:37][node:8] = 0.050000
} 
Node 9: {
y_[node:9] = 1
xi_y_i_[y:37][node:9] = 0.075000
} 
Node 10: {
y_[node:10] = 0
xi_y_i_[y:37][node:10] = 0.075000
} 
Node 11: {
y_[node:11] = 1
xi_y_i_[y:37][node:11] = 0.050000
} 
Node 12: {
y_[node:12] = 1
xi_y_i_[y:37][node:12] = 0.100000
} 
Node 13: {
y_[node:13] = 1
xi_y_i_[y:37][node:13] = 0.100000
} 
Node 14: {
y_[node:14] = 1
xi_y_i_[y:37][node:14] = 0.100000
} 
Node 15: {
y_[node:15] = 1
xi_y_i_[y:37][node:15] = 0.100000
} 

 } 

 y = 41 { 
Node 1: {
y_[node:1] = 1
xi_y_i_[y:41][node:1] = 0.050000
} 
Node 2: {
y_[node:2] = 1
xi_y_i_[y:41][node:2] = 0.100000
} 
Node 3: {
y_[node:3] = 0
xi_y_i_[y:41][node:3] = 0.075000
} 
Node 4: {
y_[node:4] = 1
xi_y_i_[y:41][node:4] = 0.000000
} 
Node 5: {
y_[node:5] = 0
xi_y_i_[y:41][node:5] = 0.025000
} 
Node 6: {
y_[node:6] = 0
xi_y_i_[y:41][node:6] = 0.075000
} 
Node 7: {
y_[node:7] = 0
xi_y_i_[y:41][node:7] = 0.100000
} 
Node 8: {
y_[node:8] = 0
xi_y_i_[y:41][node:8] = 0.025000
} 
Node 9: {
y_[node:9] = 1
xi_y_i_[y:41][node:9] = 0.075000
} 
Node 10: {
y_[node:10] = 0
xi_y_i_[y:41][node:10] = 0.075000
} 
Node 11: {
y_[node:11] = 0
xi_y_i_[y:41][node:11] = 0.050000
} 
Node 12: {
y_[node:12] = 1
xi_y_i_[y:41][node:12] = 0.100000
} 
Node 13: {
y_[node:13] = 1
xi_y_i_[y:41][node:13] = 0.100000
} 
Node 14: {
y_[node:14] = 1
xi_y_i_[y:41][node:14] = 0.050000
} 
Node 15: {
y_[node:15] = 1
xi_y_i_[y:41][node:15] = 0.100000
} 

 } 

 y = 42 { 
Node 1: {
y_[node:1] = 0
xi_y_i_[y:42][node:1] = 0.050000
} 
Node 2: {
y_[node:2] = 0
xi_y_i_[y:42][node:2] = 0.100000
} 
Node 3: {
y_[node:3] = 0
xi_y_i_[y:42][node:3] = 0.075000
} 
Node 4: {
y_[node:4] = 0
xi_y_i_[y:42][node:4] = 0.075000
} 
Node 5: {
y_[node:5] = 1
xi_y_i_[y:42][node:5] = 0.025000
} 
Node 6: {
y_[node:6] = 0
xi_y_i_[y:42][node:6] = 0.075000
} 
Node 7: {
y_[node:7] = 0
xi_y_i_[y:42][node:7] = 0.000000
} 
Node 8: {
y_[node:8] = 1
xi_y_i_[y:42][node:8] = 0.000000
} 
Node 9: {
y_[node:9] = 1
xi_y_i_[y:42][node:9] = 0.075000
} 
Node 10: {
y_[node:10] = 0
xi_y_i_[y:42][node:10] = 0.075000
} 
Node 11: {
y_[node:11] = 0
xi_y_i_[y:42][node:11] = 0.050000
} 
Node 12: {
y_[node:12] = 1
xi_y_i_[y:42][node:12] = 0.100000
} 
Node 13: {
y_[node:13] = 1
xi_y_i_[y:42][node:13] = 0.100000
} 
Node 14: {
y_[node:14] = 1
xi_y_i_[y:42][node:14] = 0.100000
} 
Node 15: {
y_[node:15] = 1
xi_y_i_[y:42][node:15] = 0.100000
} 

 } 

 y = 43 { 
Node 1: {
y_[node:1] = 1
xi_y_i_[y:43][node:1] = 0.050000
} 
Node 2: {
y_[node:2] = 1
xi_y_i_[y:43][node:2] = 0.100000
} 
Node 3: {
y_[node:3] = 0
xi_y_i_[y:43][node:3] = 0.075000
} 
Node 4: {
y_[node:4] = 1
xi_y_i_[y:43][node:4] = 0.025000
} 
Node 5: {
y_[node:5] = 1
xi_y_i_[y:43][node:5] = 0.025000
} 
Node 6: {
y_[node:6] = 0
xi_y_i_[y:43][node:6] = 0.075000
} 
Node 7: {
y_[node:7] = 0
xi_y_i_[y:43][node:7] = 0.050000
} 
Node 8: {
y_[node:8] = 0
xi_y_i_[y:43][node:8] = 0.000000
} 
Node 9: {
y_[node:9] = 1
xi_y_i_[y:43][node:9] = 0.075000
} 
Node 10: {
y_[node:10] = 0
xi_y_i_[y:43][node:10] = 0.075000
} 
Node 11: {
y_[node:11] = 0
xi_y_i_[y:43][node:11] = 0.050000
} 
Node 12: {
y_[node:12] = 1
xi_y_i_[y:43][node:12] = 0.100000
} 
Node 13: {
y_[node:13] = 1
xi_y_i_[y:43][node:13] = 0.100000
} 
Node 14: {
y_[node:14] = 0
xi_y_i_[y:43][node:14] = 0.100000
} 
Node 15: {
y_[node:15] = 1
xi_y_i_[y:43][node:15] = 0.100000
} 

 } 

 y = 44 { 
Node 1: {
y_[node:1] = 1
xi_y_i_[y:44][node:1] = 0.050000
} 
Node 2: {
y_[node:2] = 1
xi_y_i_[y:44][node:2] = 0.075000
} 
Node 3: {
y_[node:3] = 0
xi_y_i_[y:44][node:3] = 0.075000
} 
Node 4: {
y_[node:4] = 1
xi_y_i_[y:44][node:4] = 0.000000
} 
Node 5: {
y_[node:5] = 0
xi_y_i_[y:44][node:5] = 0.025000
} 
Node 6: {
y_[node:6] = 0
xi_y_i_[y:44][node:6] = 0.075000
} 
Node 7: {
y_[node:7] = 0
xi_y_i_[y:44][node:7] = 0.100000
} 
Node 8: {
y_[node:8] = 0
xi_y_i_[y:44][node:8] = 0.100000
} 
Node 9: {
y_[node:9] = 1
xi_y_i_[y:44][node:9] = 0.075000
} 
Node 10: {
y_[node:10] = 0
xi_y_i_[y:44][node:10] = 0.075000
} 
Node 11: {
y_[node:11] = 1
xi_y_i_[y:44][node:11] = 0.050000
} 
Node 12: {
y_[node:12] = 1
xi_y_i_[y:44][node:12] = 0.100000
} 
Node 13: {
y_[node:13] = 1
xi_y_i_[y:44][node:13] = 0.100000
} 
Node 14: {
y_[node:14] = 0
xi_y_i_[y:44][node:14] = 0.000000
} 
Node 15: {
y_[node:15] = 1
xi_y_i_[y:44][node:15] = 0.100000
} 

 } 

 y = 45 { 
Node 1: {
y_[node:1] = 1
xi_y_i_[y:45][node:1] = 0.050000
} 
Node 2: {
y_[node:2] = 1
xi_y_i_[y:45][node:2] = 0.100000
} 
Node 3: {
y_[node:3] = 1
xi_y_i_[y:45][node:3] = 0.075000
} 
Node 4: {
y_[node:4] = 1
xi_y_i_[y:45][node:4] = 0.025000
} 
Node 5: {
y_[node:5] = 1
xi_y_i_[y:45][node:5] = 0.025000
} 
Node 6: {
y_[node:6] = 1
xi_y_i_[y:45][node:6] = 0.075000
} 
Node 7: {
y_[node:7] = 1
xi_y_i_[y:45][node:7] = 0.100000
} 
Node 8: {
y_[node:8] = 0
xi_y_i_[y:45][node:8] = 0.000000
} 
Node 9: {
y_[node:9] = 1
xi_y_i_[y:45][node:9] = 0.075000
} 
Node 10: {
y_[node:10] = 0
xi_y_i_[y:45][node:10] = 0.075000
} 
Node 11: {
y_[node:11] = 1
xi_y_i_[y:45][node:11] = 0.050000
} 
Node 12: {
y_[node:12] = 0
xi_y_i_[y:45][node:12] = 0.100000
} 
Node 13: {
y_[node:13] = 0
xi_y_i_[y:45][node:13] = 0.100000
} 
Node 14: {
y_[node:14] = 0
xi_y_i_[y:45][node:14] = 0.050000
} 
Node 15: {
y_[node:15] = 0
xi_y_i_[y:45][node:15] = 0.100000
} 

 } 

 y = 47 { 
Node 1: {
y_[node:1] = 1
xi_y_i_[y:47][node:1] = 0.050000
} 
Node 2: {
y_[node:2] = 1
xi_y_i_[y:47][node:2] = 0.100000
} 
Node 3: {
y_[node:3] = 1
xi_y_i_[y:47][node:3] = 0.075000
} 
Node 4: {
y_[node:4] = 1
xi_y_i_[y:47][node:4] = 0.000000
} 
Node 5: {
y_[node:5] = 1
xi_y_i_[y:47][node:5] = 0.025000
} 
Node 6: {
y_[node:6] = 1
xi_y_i_[y:47][node:6] = 0.075000
} 
Node 7: {
y_[node:7] = 1
xi_y_i_[y:47][node:7] = 0.025000
} 
Node 8: {
y_[node:8] = 1
xi_y_i_[y:47][node:8] = 0.100000
} 
Node 9: {
y_[node:9] = 0
xi_y_i_[y:47][node:9] = 0.075000
} 
Node 10: {
y_[node:10] = 1
xi_y_i_[y:47][node:10] = 0.075000
} 
Node 11: {
y_[node:11] = 1
xi_y_i_[y:47][node:11] = 0.050000
} 
Node 12: {
y_[node:12] = 0
xi_y_i_[y:47][node:12] = 0.100000
} 
Node 13: {
y_[node:13] = 0
xi_y_i_[y:47][node:13] = 0.100000
} 
Node 14: {
y_[node:14] = 0
xi_y_i_[y:47][node:14] = 0.050000
} 
Node 15: {
y_[node:15] = 0
xi_y_i_[y:47][node:15] = 0.100000
} 

 } 

 y = 48 { 
Node 1: {
y_[node:1] = 1
xi_y_i_[y:48][node:1] = 0.050000
} 
Node 2: {
y_[node:2] = 1
xi_y_i_[y:48][node:2] = 0.100000
} 
Node 3: {
y_[node:3] = 1
xi_y_i_[y:48][node:3] = 0.075000
} 
Node 4: {
y_[node:4] = 1
xi_y_i_[y:48][node:4] = 0.075000
} 
Node 5: {
y_[node:5] = 1
xi_y_i_[y:48][node:5] = 0.025000
} 
Node 6: {
y_[node:6] = 0
xi_y_i_[y:48][node:6] = 0.075000
} 
Node 7: {
y_[node:7] = 1
xi_y_i_[y:48][node:7] = 0.000000
} 
Node 8: {
y_[node:8] = 1
xi_y_i_[y:48][node:8] = 0.000000
} 
Node 9: {
y_[node:9] = 1
xi_y_i_[y:48][node:9] = 0.075000
} 
Node 10: {
y_[node:10] = 1
xi_y_i_[y:48][node:10] = 0.075000
} 
Node 11: {
y_[node:11] = 0
xi_y_i_[y:48][node:11] = 0.050000
} 
Node 12: {
y_[node:12] = 0
xi_y_i_[y:48][node:12] = 0.100000
} 
Node 13: {
y_[node:13] = 0
xi_y_i_[y:48][node:13] = 0.100000
} 
Node 14: {
y_[node:14] = 1
xi_y_i_[y:48][node:14] = 0.100000
} 
Node 15: {
y_[node:15] = 0
xi_y_i_[y:48][node:15] = 0.100000
} 

 } 

 y = 49 { 
Node 1: {
y_[node:1] = 0
xi_y_i_[y:49][node:1] = 0.050000
} 
Node 2: {
y_[node:2] = 0
xi_y_i_[y:49][node:2] = 0.100000
} 
Node 3: {
y_[node:3] = 1
xi_y_i_[y:49][node:3] = 0.075000
} 
Node 4: {
y_[node:4] = 0
xi_y_i_[y:49][node:4] = 0.075000
} 
Node 5: {
y_[node:5] = 0
xi_y_i_[y:49][node:5] = 0.025000
} 
Node 6: {
y_[node:6] = 1
xi_y_i_[y:49][node:6] = 0.075000
} 
Node 7: {
y_[node:7] = 1
xi_y_i_[y:49][node:7] = 0.000000
} 
Node 8: {
y_[node:8] = 1
xi_y_i_[y:49][node:8] = 0.000000
} 
Node 9: {
y_[node:9] = 1
xi_y_i_[y:49][node:9] = 0.075000
} 
Node 10: {
y_[node:10] = 0
xi_y_i_[y:49][node:10] = 0.075000
} 
Node 11: {
y_[node:11] = 0
xi_y_i_[y:49][node:11] = 0.050000
} 
Node 12: {
y_[node:12] = 0
xi_y_i_[y:49][node:12] = 0.100000
} 
Node 13: {
y_[node:13] = 1
xi_y_i_[y:49][node:13] = 0.100000
} 
Node 14: {
y_[node:14] = 1
xi_y_i_[y:49][node:14] = 0.100000
} 
Node 15: {
y_[node:15] = 1
xi_y_i_[y:49][node:15] = 0.100000
} 

 } 

 y = 50 { 
Node 1: {
y_[node:1] = 0
xi_y_i_[y:50][node:1] = 0.050000
} 
Node 2: {
y_[node:2] = 0
xi_y_i_[y:50][node:2] = 0.100000
} 
Node 3: {
y_[node:3] = 0
xi_y_i_[y:50][node:3] = 0.075000
} 
Node 4: {
y_[node:4] = 0
xi_y_i_[y:50][node:4] = 0.100000
} 
Node 5: {
y_[node:5] = 1
xi_y_i_[y:50][node:5] = 0.025000
} 
Node 6: {
y_[node:6] = 0
xi_y_i_[y:50][node:6] = 0.075000
} 
Node 7: {
y_[node:7] = 1
xi_y_i_[y:50][node:7] = 0.000000
} 
Node 8: {
y_[node:8] = 0
xi_y_i_[y:50][node:8] = 0.025000
} 
Node 9: {
y_[node:9] = 1
xi_y_i_[y:50][node:9] = 0.075000
} 
Node 10: {
y_[node:10] = 1
xi_y_i_[y:50][node:10] = 0.075000
} 
Node 11: {
y_[node:11] = 1
xi_y_i_[y:50][node:11] = 0.050000
} 
Node 12: {
y_[node:12] = 1
xi_y_i_[y:50][node:12] = 0.100000
} 
Node 13: {
y_[node:13] = 1
xi_y_i_[y:50][node:13] = 0.100000
} 
Node 14: {
y_[node:14] = 1
xi_y_i_[y:50][node:14] = 0.050000
} 
Node 15: {
y_[node:15] = 1
xi_y_i_[y:50][node:15] = 0.100000
} 

 } 

 y = 51 { 
Node 1: {
y_[node:1] = 1
xi_y_i_[y:51][node:1] = 0.050000
} 
Node 2: {
y_[node:2] = 1
xi_y_i_[y:51][node:2] = 0.100000
} 
Node 3: {
y_[node:3] = 1
xi_y_i_[y:51][node:3] = 0.075000
} 
Node 4: {
y_[node:4] = 1
xi_y_i_[y:51][node:4] = 0.000000
} 
Node 5: {
y_[node:5] = 1
xi_y_i_[y:51][node:5] = 0.025000
} 
Node 6: {
y_[node:6] = 1
xi_y_i_[y:51][node:6] = 0.075000
} 
Node 7: {
y_[node:7] = 1
xi_y_i_[y:51][node:7] = 0.000000
} 
Node 8: {
y_[node:8] = 0
xi_y_i_[y:51][node:8] = 0.100000
} 
Node 9: {
y_[node:9] = 1
xi_y_i_[y:51][node:9] = 0.075000
} 
Node 10: {
y_[node:10] = 0
xi_y_i_[y:51][node:10] = 0.075000
} 
Node 11: {
y_[node:11] = 0
xi_y_i_[y:51][node:11] = 0.050000
} 
Node 12: {
y_[node:12] = 0
xi_y_i_[y:51][node:12] = 0.100000
} 
Node 13: {
y_[node:13] = 0
xi_y_i_[y:51][node:13] = 0.100000
} 
Node 14: {
y_[node:14] = 1
xi_y_i_[y:51][node:14] = 0.075000
} 
Node 15: {
y_[node:15] = 1
xi_y_i_[y:51][node:15] = 0.100000
} 

 } 

 y = 53 { 
Node 1: {
y_[node:1] = 0
xi_y_i_[y:53][node:1] = 0.050000
} 
Node 2: {
y_[node:2] = 0
xi_y_i_[y:53][node:2] = 0.100000
} 
Node 3: {
y_[node:3] = 0
xi_y_i_[y:53][node:3] = 0.075000
} 
Node 4: {
y_[node:4] = 1
xi_y_i_[y:53][node:4] = 0.050000
} 
Node 5: {
y_[node:5] = 1
xi_y_i_[y:53][node:5] = 0.025000
} 
Node 6: {
y_[node:6] = 0
xi_y_i_[y:53][node:6] = 0.075000
} 
Node 7: {
y_[node:7] = 0
xi_y_i_[y:53][node:7] = 0.025000
} 
Node 8: {
y_[node:8] = 1
xi_y_i_[y:53][node:8] = 0.000000
} 
Node 9: {
y_[node:9] = 1
xi_y_i_[y:53][node:9] = 0.075000
} 
Node 10: {
y_[node:10] = 1
xi_y_i_[y:53][node:10] = 0.075000
} 
Node 11: {
y_[node:11] = 1
xi_y_i_[y:53][node:11] = 0.050000
} 
Node 12: {
y_[node:12] = 0
xi_y_i_[y:53][node:12] = 0.100000
} 
Node 13: {
y_[node:13] = 1
xi_y_i_[y:53][node:13] = 0.100000
} 
Node 14: {
y_[node:14] = 1
xi_y_i_[y:53][node:14] = 0.100000
} 
Node 15: {
y_[node:15] = 1
xi_y_i_[y:53][node:15] = 0.100000
} 

 } 

 y = 57 { 
Node 1: {
y_[node:1] = 1
xi_y_i_[y:57][node:1] = 0.050000
} 
Node 2: {
y_[node:2] = 1
xi_y_i_[y:57][node:2] = 0.075000
} 
Node 3: {
y_[node:3] = 1
xi_y_i_[y:57][node:3] = 0.075000
} 
Node 4: {
y_[node:4] = 0
xi_y_i_[y:57][node:4] = 0.100000
} 
Node 5: {
y_[node:5] = 0
xi_y_i_[y:57][node:5] = 0.025000
} 
Node 6: {
y_[node:6] = 1
xi_y_i_[y:57][node:6] = 0.075000
} 
Node 7: {
y_[node:7] = 1
xi_y_i_[y:57][node:7] = 0.000000
} 
Node 8: {
y_[node:8] = 0
xi_y_i_[y:57][node:8] = 0.000000
} 
Node 9: {
y_[node:9] = 1
xi_y_i_[y:57][node:9] = 0.075000
} 
Node 10: {
y_[node:10] = 1
xi_y_i_[y:57][node:10] = 0.075000
} 
Node 11: {
y_[node:11] = 1
xi_y_i_[y:57][node:11] = 0.050000
} 
Node 12: {
y_[node:12] = 0
xi_y_i_[y:57][node:12] = 0.100000
} 
Node 13: {
y_[node:13] = 1
xi_y_i_[y:57][node:13] = 0.100000
} 
Node 14: {
y_[node:14] = 0
xi_y_i_[y:57][node:14] = 0.100000
} 
Node 15: {
y_[node:15] = 0
xi_y_i_[y:57][node:15] = 0.100000
} 

 } 

 y = 63 { 
Node 1: {
y_[node:1] = 1
xi_y_i_[y:63][node:1] = 0.050000
} 
Node 2: {
y_[node:2] = 1
xi_y_i_[y:63][node:2] = 0.050000
} 
Node 3: {
y_[node:3] = 1
xi_y_i_[y:63][node:3] = 0.075000
} 
Node 4: {
y_[node:4] = 0
xi_y_i_[y:63][node:4] = 0.100000
} 
Node 5: {
y_[node:5] = 0
xi_y_i_[y:63][node:5] = 0.025000
} 
Node 6: {
y_[node:6] = 0
xi_y_i_[y:63][node:6] = 0.075000
} 
Node 7: {
y_[node:7] = 0
xi_y_i_[y:63][node:7] = 0.100000
} 
Node 8: {
y_[node:8] = 0
xi_y_i_[y:63][node:8] = 0.025000
} 
Node 9: {
y_[node:9] = 1
xi_y_i_[y:63][node:9] = 0.075000
} 
Node 10: {
y_[node:10] = 1
xi_y_i_[y:63][node:10] = 0.075000
} 
Node 11: {
y_[node:11] = 1
xi_y_i_[y:63][node:11] = 0.050000
} 
Node 12: {
y_[node:12] = 0
xi_y_i_[y:63][node:12] = 0.100000
} 
Node 13: {
y_[node:13] = 1
xi_y_i_[y:63][node:13] = 0.100000
} 
Node 14: {
y_[node:14] = 1
xi_y_i_[y:63][node:14] = 0.000000
} 
Node 15: {
y_[node:15] = 1
xi_y_i_[y:63][node:15] = 0.100000
} 

 } 

 y = 64 { 
Node 1: {
y_[node:1] = 0
xi_y_i_[y:64][node:1] = 0.050000
} 
Node 2: {
y_[node:2] = 0
xi_y_i_[y:64][node:2] = 0.100000
} 
Node 3: {
y_[node:3] = 1
xi_y_i_[y:64][node:3] = 0.075000
} 
Node 4: {
y_[node:4] = 0
xi_y_i_[y:64][node:4] = 0.075000
} 
Node 5: {
y_[node:5] = 0
xi_y_i_[y:64][node:5] = 0.025000
} 
Node 6: {
y_[node:6] = 1
xi_y_i_[y:64][node:6] = 0.075000
} 
Node 7: {
y_[node:7] = 1
xi_y_i_[y:64][node:7] = 0.000000
} 
Node 8: {
y_[node:8] = 0
xi_y_i_[y:64][node:8] = 0.000000
} 
Node 9: {
y_[node:9] = 1
xi_y_i_[y:64][node:9] = 0.075000
} 
Node 10: {
y_[node:10] = 0
xi_y_i_[y:64][node:10] = 0.075000
} 
Node 11: {
y_[node:11] = 1
xi_y_i_[y:64][node:11] = 0.050000
} 
Node 12: {
y_[node:12] = 0
xi_y_i_[y:64][node:12] = 0.100000
} 
Node 13: {
y_[node:13] = 1
xi_y_i_[y:64][node:13] = 0.100000
} 
Node 14: {
y_[node:14] = 1
xi_y_i_[y:64][node:14] = 0.100000
} 
Node 15: {
y_[node:15] = 1
xi_y_i_[y:64][node:15] = 0.100000
} 

 } 

 y = 65 { 
Node 1: {
y_[node:1] = 1
xi_y_i_[y:65][node:1] = 0.050000
} 
Node 2: {
y_[node:2] = 1
xi_y_i_[y:65][node:2] = 0.100000
} 
Node 3: {
y_[node:3] = 1
xi_y_i_[y:65][node:3] = 0.075000
} 
Node 4: {
y_[node:4] = 1
xi_y_i_[y:65][node:4] = 0.000000
} 
Node 5: {
y_[node:5] = 1
xi_y_i_[y:65][node:5] = 0.025000
} 
Node 6: {
y_[node:6] = 0
xi_y_i_[y:65][node:6] = 0.075000
} 
Node 7: {
y_[node:7] = 1
xi_y_i_[y:65][node:7] = 0.000000
} 
Node 8: {
y_[node:8] = 0
xi_y_i_[y:65][node:8] = 0.075000
} 
Node 9: {
y_[node:9] = 0
xi_y_i_[y:65][node:9] = 0.075000
} 
Node 10: {
y_[node:10] = 1
xi_y_i_[y:65][node:10] = 0.075000
} 
Node 11: {
y_[node:11] = 1
xi_y_i_[y:65][node:11] = 0.050000
} 
Node 12: {
y_[node:12] = 1
xi_y_i_[y:65][node:12] = 0.100000
} 
Node 13: {
y_[node:13] = 1
xi_y_i_[y:65][node:13] = 0.100000
} 
Node 14: {
y_[node:14] = 0
xi_y_i_[y:65][node:14] = 0.100000
} 
Node 15: {
y_[node:15] = 0
xi_y_i_[y:65][node:15] = 0.100000
} 

 } 

 y = 67 { 
Node 1: {
y_[node:1] = 0
xi_y_i_[y:67][node:1] = 0.050000
} 
Node 2: {
y_[node:2] = 0
xi_y_i_[y:67][node:2] = 0.100000
} 
Node 3: {
y_[node:3] = 0
xi_y_i_[y:67][node:3] = 0.075000
} 
Node 4: {
y_[node:4] = 0
xi_y_i_[y:67][node:4] = 0.075000
} 
Node 5: {
y_[node:5] = 1
xi_y_i_[y:67][node:5] = 0.025000
} 
Node 6: {
y_[node:6] = 1
xi_y_i_[y:67][node:6] = 0.075000
} 
Node 7: {
y_[node:7] = 1
xi_y_i_[y:67][node:7] = 0.000000
} 
Node 8: {
y_[node:8] = 0
xi_y_i_[y:67][node:8] = 0.000000
} 
Node 9: {
y_[node:9] = 1
xi_y_i_[y:67][node:9] = 0.075000
} 
Node 10: {
y_[node:10] = 1
xi_y_i_[y:67][node:10] = 0.075000
} 
Node 11: {
y_[node:11] = 1
xi_y_i_[y:67][node:11] = 0.050000
} 
Node 12: {
y_[node:12] = 0
xi_y_i_[y:67][node:12] = 0.100000
} 
Node 13: {
y_[node:13] = 1
xi_y_i_[y:67][node:13] = 0.100000
} 
Node 14: {
y_[node:14] = 0
xi_y_i_[y:67][node:14] = 0.100000
} 
Node 15: {
y_[node:15] = 1
xi_y_i_[y:67][node:15] = 0.100000
} 

 } 

 y = 69 { 
Node 1: {
y_[node:1] = 0
xi_y_i_[y:69][node:1] = 0.050000
} 
Node 2: {
y_[node:2] = 0
xi_y_i_[y:69][node:2] = 0.100000
} 
Node 3: {
y_[node:3] = 0
xi_y_i_[y:69][node:3] = 0.075000
} 
Node 4: {
y_[node:4] = 0
xi_y_i_[y:69][node:4] = 0.075000
} 
Node 5: {
y_[node:5] = 1
xi_y_i_[y:69][node:5] = 0.025000
} 
Node 6: {
y_[node:6] = 1
xi_y_i_[y:69][node:6] = 0.075000
} 
Node 7: {
y_[node:7] = 1
xi_y_i_[y:69][node:7] = 0.000000
} 
Node 8: {
y_[node:8] = 0
xi_y_i_[y:69][node:8] = 0.000000
} 
Node 9: {
y_[node:9] = 1
xi_y_i_[y:69][node:9] = 0.075000
} 
Node 10: {
y_[node:10] = 0
xi_y_i_[y:69][node:10] = 0.075000
} 
Node 11: {
y_[node:11] = 1
xi_y_i_[y:69][node:11] = 0.050000
} 
Node 12: {
y_[node:12] = 0
xi_y_i_[y:69][node:12] = 0.100000
} 
Node 13: {
y_[node:13] = 1
xi_y_i_[y:69][node:13] = 0.100000
} 
Node 14: {
y_[node:14] = 1
xi_y_i_[y:69][node:14] = 0.100000
} 
Node 15: {
y_[node:15] = 0
xi_y_i_[y:69][node:15] = 0.100000
} 

 } 

 y = 70 { 
Node 1: {
y_[node:1] = 0
xi_y_i_[y:70][node:1] = 0.050000
} 
Node 2: {
y_[node:2] = 0
xi_y_i_[y:70][node:2] = 0.100000
} 
Node 3: {
y_[node:3] = 1
xi_y_i_[y:70][node:3] = 0.075000
} 
Node 4: {
y_[node:4] = 0
xi_y_i_[y:70][node:4] = 0.075000
} 
Node 5: {
y_[node:5] = 0
xi_y_i_[y:70][node:5] = 0.025000
} 
Node 6: {
y_[node:6] = 1
xi_y_i_[y:70][node:6] = 0.075000
} 
Node 7: {
y_[node:7] = 1
xi_y_i_[y:70][node:7] = 0.000000
} 
Node 8: {
y_[node:8] = 1
xi_y_i_[y:70][node:8] = 0.000000
} 
Node 9: {
y_[node:9] = 1
xi_y_i_[y:70][node:9] = 0.075000
} 
Node 10: {
y_[node:10] = 0
xi_y_i_[y:70][node:10] = 0.075000
} 
Node 11: {
y_[node:11] = 1
xi_y_i_[y:70][node:11] = 0.050000
} 
Node 12: {
y_[node:12] = 0
xi_y_i_[y:70][node:12] = 0.100000
} 
Node 13: {
y_[node:13] = 1
xi_y_i_[y:70][node:13] = 0.100000
} 
Node 14: {
y_[node:14] = 0
xi_y_i_[y:70][node:14] = 0.100000
} 
Node 15: {
y_[node:15] = 0
xi_y_i_[y:70][node:15] = 0.100000
} 

 } 

 y = 71 { 
Node 1: {
y_[node:1] = 1
xi_y_i_[y:71][node:1] = 0.050000
} 
Node 2: {
y_[node:2] = 1
xi_y_i_[y:71][node:2] = 0.100000
} 
Node 3: {
y_[node:3] = 1
xi_y_i_[y:71][node:3] = 0.075000
} 
Node 4: {
y_[node:4] = 1
xi_y_i_[y:71][node:4] = 0.000000
} 
Node 5: {
y_[node:5] = 1
xi_y_i_[y:71][node:5] = 0.025000
} 
Node 6: {
y_[node:6] = 1
xi_y_i_[y:71][node:6] = 0.075000
} 
Node 7: {
y_[node:7] = 1
xi_y_i_[y:71][node:7] = 0.000000
} 
Node 8: {
y_[node:8] = 0
xi_y_i_[y:71][node:8] = 0.075000
} 
Node 9: {
y_[node:9] = 1
xi_y_i_[y:71][node:9] = 0.075000
} 
Node 10: {
y_[node:10] = 1
xi_y_i_[y:71][node:10] = 0.075000
} 
Node 11: {
y_[node:11] = 0
xi_y_i_[y:71][node:11] = 0.050000
} 
Node 12: {
y_[node:12] = 0
xi_y_i_[y:71][node:12] = 0.100000
} 
Node 13: {
y_[node:13] = 0
xi_y_i_[y:71][node:13] = 0.100000
} 
Node 14: {
y_[node:14] = 1
xi_y_i_[y:71][node:14] = 0.100000
} 
Node 15: {
y_[node:15] = 0
xi_y_i_[y:71][node:15] = 0.100000
} 

 } 

 y = 72 { 
Node 1: {
y_[node:1] = 0
xi_y_i_[y:72][node:1] = 0.050000
} 
Node 2: {
y_[node:2] = 0
xi_y_i_[y:72][node:2] = 0.100000
} 
Node 3: {
y_[node:3] = 1
xi_y_i_[y:72][node:3] = 0.075000
} 
Node 4: {
y_[node:4] = 0
xi_y_i_[y:72][node:4] = 0.075000
} 
Node 5: {
y_[node:5] = 0
xi_y_i_[y:72][node:5] = 0.025000
} 
Node 6: {
y_[node:6] = 0
xi_y_i_[y:72][node:6] = 0.075000
} 
Node 7: {
y_[node:7] = 1
xi_y_i_[y:72][node:7] = 0.000000
} 
Node 8: {
y_[node:8] = 1
xi_y_i_[y:72][node:8] = 0.000000
} 
Node 9: {
y_[node:9] = 1
xi_y_i_[y:72][node:9] = 0.075000
} 
Node 10: {
y_[node:10] = 0
xi_y_i_[y:72][node:10] = 0.075000
} 
Node 11: {
y_[node:11] = 1
xi_y_i_[y:72][node:11] = 0.050000
} 
Node 12: {
y_[node:12] = 0
xi_y_i_[y:72][node:12] = 0.100000
} 
Node 13: {
y_[node:13] = 1
xi_y_i_[y:72][node:13] = 0.100000
} 
Node 14: {
y_[node:14] = 1
xi_y_i_[y:72][node:14] = 0.100000
} 
Node 15: {
y_[node:15] = 1
xi_y_i_[y:72][node:15] = 0.100000
} 

 } 

 y = 73 { 
Node 1: {
y_[node:1] = 1
xi_y_i_[y:73][node:1] = 0.050000
} 
Node 2: {
y_[node:2] = 0
xi_y_i_[y:73][node:2] = 0.100000
} 
Node 3: {
y_[node:3] = 1
xi_y_i_[y:73][node:3] = 0.075000
} 
Node 4: {
y_[node:4] = 1
xi_y_i_[y:73][node:4] = 0.075000
} 
Node 5: {
y_[node:5] = 1
xi_y_i_[y:73][node:5] = 0.025000
} 
Node 6: {
y_[node:6] = 1
xi_y_i_[y:73][node:6] = 0.075000
} 
Node 7: {
y_[node:7] = 1
xi_y_i_[y:73][node:7] = 0.000000
} 
Node 8: {
y_[node:8] = 1
xi_y_i_[y:73][node:8] = 0.000000
} 
Node 9: {
y_[node:9] = 0
xi_y_i_[y:73][node:9] = 0.075000
} 
Node 10: {
y_[node:10] = 1
xi_y_i_[y:73][node:10] = 0.075000
} 
Node 11: {
y_[node:11] = 0
xi_y_i_[y:73][node:11] = 0.050000
} 
Node 12: {
y_[node:12] = 0
xi_y_i_[y:73][node:12] = 0.100000
} 
Node 13: {
y_[node:13] = 0
xi_y_i_[y:73][node:13] = 0.100000
} 
Node 14: {
y_[node:14] = 1
xi_y_i_[y:73][node:14] = 0.100000
} 
Node 15: {
y_[node:15] = 0
xi_y_i_[y:73][node:15] = 0.100000
} 

 } 

 y = 74 { 
Node 1: {
y_[node:1] = 1
xi_y_i_[y:74][node:1] = 0.050000
} 
Node 2: {
y_[node:2] = 1
xi_y_i_[y:74][node:2] = 0.100000
} 
Node 3: {
y_[node:3] = 1
xi_y_i_[y:74][node:3] = 0.075000
} 
Node 4: {
y_[node:4] = 1
xi_y_i_[y:74][node:4] = 0.000000
} 
Node 5: {
y_[node:5] = 0
xi_y_i_[y:74][node:5] = 0.025000
} 
Node 6: {
y_[node:6] = 1
xi_y_i_[y:74][node:6] = 0.075000
} 
Node 7: {
y_[node:7] = 1
xi_y_i_[y:74][node:7] = 0.050000
} 
Node 8: {
y_[node:8] = 0
xi_y_i_[y:74][node:8] = 0.025000
} 
Node 9: {
y_[node:9] = 1
xi_y_i_[y:74][node:9] = 0.075000
} 
Node 10: {
y_[node:10] = 0
xi_y_i_[y:74][node:10] = 0.075000
} 
Node 11: {
y_[node:11] = 1
xi_y_i_[y:74][node:11] = 0.050000
} 
Node 12: {
y_[node:12] = 0
xi_y_i_[y:74][node:12] = 0.100000
} 
Node 13: {
y_[node:13] = 1
xi_y_i_[y:74][node:13] = 0.100000
} 
Node 14: {
y_[node:14] = 0
xi_y_i_[y:74][node:14] = 0.100000
} 
Node 15: {
y_[node:15] = 0
xi_y_i_[y:74][node:15] = 0.100000
} 

 } 

 y = 75 { 
Node 1: {
y_[node:1] = 1
xi_y_i_[y:75][node:1] = 0.050000
} 
Node 2: {
y_[node:2] = 1
xi_y_i_[y:75][node:2] = 0.100000
} 
Node 3: {
y_[node:3] = 1
xi_y_i_[y:75][node:3] = 0.075000
} 
Node 4: {
y_[node:4] = 1
xi_y_i_[y:75][node:4] = 0.000000
} 
Node 5: {
y_[node:5] = 0
xi_y_i_[y:75][node:5] = 0.025000
} 
Node 6: {
y_[node:6] = 0
xi_y_i_[y:75][node:6] = 0.075000
} 
Node 7: {
y_[node:7] = 1
xi_y_i_[y:75][node:7] = 0.050000
} 
Node 8: {
y_[node:8] = 1
xi_y_i_[y:75][node:8] = 0.100000
} 
Node 9: {
y_[node:9] = 1
xi_y_i_[y:75][node:9] = 0.075000
} 
Node 10: {
y_[node:10] = 1
xi_y_i_[y:75][node:10] = 0.075000
} 
Node 11: {
y_[node:11] = 1
xi_y_i_[y:75][node:11] = 0.050000
} 
Node 12: {
y_[node:12] = 0
xi_y_i_[y:75][node:12] = 0.100000
} 
Node 13: {
y_[node:13] = 0
xi_y_i_[y:75][node:13] = 0.100000
} 
Node 14: {
y_[node:14] = 0
xi_y_i_[y:75][node:14] = 0.025000
} 
Node 15: {
y_[node:15] = 0
xi_y_i_[y:75][node:15] = 0.100000
} 

 } 

 y = 80 { 
Node 1: {
y_[node:1] = 1
xi_y_i_[y:80][node:1] = 0.050000
} 
Node 2: {
y_[node:2] = 0
xi_y_i_[y:80][node:2] = 0.100000
} 
Node 3: {
y_[node:3] = 1
xi_y_i_[y:80][node:3] = 0.075000
} 
Node 4: {
y_[node:4] = 1
xi_y_i_[y:80][node:4] = 0.075000
} 
Node 5: {
y_[node:5] = 1
xi_y_i_[y:80][node:5] = 0.025000
} 
Node 6: {
y_[node:6] = 0
xi_y_i_[y:80][node:6] = 0.075000
} 
Node 7: {
y_[node:7] = 1
xi_y_i_[y:80][node:7] = 0.000000
} 
Node 8: {
y_[node:8] = 1
xi_y_i_[y:80][node:8] = 0.000000
} 
Node 9: {
y_[node:9] = 0
xi_y_i_[y:80][node:9] = 0.075000
} 
Node 10: {
y_[node:10] = 0
xi_y_i_[y:80][node:10] = 0.075000
} 
Node 11: {
y_[node:11] = 0
xi_y_i_[y:80][node:11] = 0.050000
} 
Node 12: {
y_[node:12] = 0
xi_y_i_[y:80][node:12] = 0.100000
} 
Node 13: {
y_[node:13] = 0
xi_y_i_[y:80][node:13] = 0.100000
} 
Node 14: {
y_[node:14] = 1
xi_y_i_[y:80][node:14] = 0.100000
} 
Node 15: {
y_[node:15] = 1
xi_y_i_[y:80][node:15] = 0.100000
} 

 } 

 y = 81 { 
Node 1: {
y_[node:1] = 1
xi_y_i_[y:81][node:1] = 0.050000
} 
Node 2: {
y_[node:2] = 1
xi_y_i_[y:81][node:2] = 0.100000
} 
Node 3: {
y_[node:3] = 0
xi_y_i_[y:81][node:3] = 0.075000
} 
Node 4: {
y_[node:4] = 1
xi_y_i_[y:81][node:4] = 0.075000
} 
Node 5: {
y_[node:5] = 1
xi_y_i_[y:81][node:5] = 0.025000
} 
Node 6: {
y_[node:6] = 0
xi_y_i_[y:81][node:6] = 0.075000
} 
Node 7: {
y_[node:7] = 1
xi_y_i_[y:81][node:7] = 0.000000
} 
Node 8: {
y_[node:8] = 1
xi_y_i_[y:81][node:8] = 0.000000
} 
Node 9: {
y_[node:9] = 1
xi_y_i_[y:81][node:9] = 0.075000
} 
Node 10: {
y_[node:10] = 0
xi_y_i_[y:81][node:10] = 0.075000
} 
Node 11: {
y_[node:11] = 0
xi_y_i_[y:81][node:11] = 0.050000
} 
Node 12: {
y_[node:12] = 0
xi_y_i_[y:81][node:12] = 0.100000
} 
Node 13: {
y_[node:13] = 0
xi_y_i_[y:81][node:13] = 0.100000
} 
Node 14: {
y_[node:14] = 1
xi_y_i_[y:81][node:14] = 0.100000
} 
Node 15: {
y_[node:15] = 1
xi_y_i_[y:81][node:15] = 0.100000
} 

 } 

 y = 82 { 
Node 1: {
y_[node:1] = 0
xi_y_i_[y:82][node:1] = 0.050000
} 
Node 2: {
y_[node:2] = 0
xi_y_i_[y:82][node:2] = 0.100000
} 
Node 3: {
y_[node:3] = 0
xi_y_i_[y:82][node:3] = 0.075000
} 
Node 4: {
y_[node:4] = 1
xi_y_i_[y:82][node:4] = 0.075000
} 
Node 5: {
y_[node:5] = 1
xi_y_i_[y:82][node:5] = 0.025000
} 
Node 6: {
y_[node:6] = 0
xi_y_i_[y:82][node:6] = 0.075000
} 
Node 7: {
y_[node:7] = 1
xi_y_i_[y:82][node:7] = 0.000000
} 
Node 8: {
y_[node:8] = 1
xi_y_i_[y:82][node:8] = 0.000000
} 
Node 9: {
y_[node:9] = 1
xi_y_i_[y:82][node:9] = 0.075000
} 
Node 10: {
y_[node:10] = 1
xi_y_i_[y:82][node:10] = 0.075000
} 
Node 11: {
y_[node:11] = 1
xi_y_i_[y:82][node:11] = 0.050000
} 
Node 12: {
y_[node:12] = 0
xi_y_i_[y:82][node:12] = 0.100000
} 
Node 13: {
y_[node:13] = 1
xi_y_i_[y:82][node:13] = 0.100000
} 
Node 14: {
y_[node:14] = 1
xi_y_i_[y:82][node:14] = 0.100000
} 
Node 15: {
y_[node:15] = 0
xi_y_i_[y:82][node:15] = 0.100000
} 

 } 

 y = 83 { 
Node 1: {
y_[node:1] = 0
xi_y_i_[y:83][node:1] = 0.050000
} 
Node 2: {
y_[node:2] = 0
xi_y_i_[y:83][node:2] = 0.100000
} 
Node 3: {
y_[node:3] = 0
xi_y_i_[y:83][node:3] = 0.075000
} 
Node 4: {
y_[node:4] = 0
xi_y_i_[y:83][node:4] = 0.075000
} 
Node 5: {
y_[node:5] = 1
xi_y_i_[y:83][node:5] = 0.025000
} 
Node 6: {
y_[node:6] = 0
xi_y_i_[y:83][node:6] = 0.075000
} 
Node 7: {
y_[node:7] = 0
xi_y_i_[y:83][node:7] = 0.000000
} 
Node 8: {
y_[node:8] = 1
xi_y_i_[y:83][node:8] = 0.000000
} 
Node 9: {
y_[node:9] = 1
xi_y_i_[y:83][node:9] = 0.075000
} 
Node 10: {
y_[node:10] = 0
xi_y_i_[y:83][node:10] = 0.075000
} 
Node 11: {
y_[node:11] = 1
xi_y_i_[y:83][node:11] = 0.050000
} 
Node 12: {
y_[node:12] = 1
xi_y_i_[y:83][node:12] = 0.100000
} 
Node 13: {
y_[node:13] = 0
xi_y_i_[y:83][node:13] = 0.100000
} 
Node 14: {
y_[node:14] = 0
xi_y_i_[y:83][node:14] = 0.100000
} 
Node 15: {
y_[node:15] = 1
xi_y_i_[y:83][node:15] = 0.100000
} 

 } 

 y = 89 { 
Node 1: {
y_[node:1] = 0
xi_y_i_[y:89][node:1] = 0.050000
} 
Node 2: {
y_[node:2] = 0
xi_y_i_[y:89][node:2] = 0.100000
} 
Node 3: {
y_[node:3] = 1
xi_y_i_[y:89][node:3] = 0.075000
} 
Node 4: {
y_[node:4] = 0
xi_y_i_[y:89][node:4] = 0.100000
} 
Node 5: {
y_[node:5] = 0
xi_y_i_[y:89][node:5] = 0.025000
} 
Node 6: {
y_[node:6] = 0
xi_y_i_[y:89][node:6] = 0.075000
} 
Node 7: {
y_[node:7] = 1
xi_y_i_[y:89][node:7] = 0.000000
} 
Node 8: {
y_[node:8] = 0
xi_y_i_[y:89][node:8] = 0.075000
} 
Node 9: {
y_[node:9] = 1
xi_y_i_[y:89][node:9] = 0.075000
} 
Node 10: {
y_[node:10] = 1
xi_y_i_[y:89][node:10] = 0.075000
} 
Node 11: {
y_[node:11] = 1
xi_y_i_[y:89][node:11] = 0.050000
} 
Node 12: {
y_[node:12] = 1
xi_y_i_[y:89][node:12] = 0.100000
} 
Node 13: {
y_[node:13] = 1
xi_y_i_[y:89][node:13] = 0.100000
} 
Node 14: {
y_[node:14] = 1
xi_y_i_[y:89][node:14] = 0.000000
} 
Node 15: {
y_[node:15] = 1
xi_y_i_[y:89][node:15] = 0.100000
} 

 } 
Legenda_Model:Instance_Name	Network_Name	Num_Nodes	Num_Prof_Nodes	Max_Tour_Duration	Max_Num_Discoveries	Max_Discoveries_Fraction	Best_LB	Best_Ub	Cplex_Gap	Root_Node_LB	Branch_and_Cut_Elapsed_Time	Starting_Cuts_Elapsed_Time	Tot_Time	Num_Logic_Benders_Cuts	Number_Starting_Scenarios	Num_BandC_Nodes	Number_Discoveries	Profit_cost	Discovery_cost	Card_Y	Num_Tight_Y	US_Type	US_Param	US_Tot_Det_Profit
Table_Model:tsi1_15_budget_50_D1_md050_US2_USpar10	tsi1_15_budget_50	17	15	5000	8	0.500000	-0.600000	-0.600000	0.000000	0.000000	251.762000	6.166000	257.928000	1272	0	791	8	-0.600000	0.000000	265	58	2	0.100000	170.000000
