++++ Instance Info ++++
Instance name: tsi2_10_budget_25_D1_md025_US2_USpar20
Network name: tsi2_10_budget_25
Number of nodes: 12
Number of profitable nodes: 10
Max number of discovery: 3
Max duration: 2500
Alrijne Collecting Time: 360.000000
++++ Uncertainty  ++++
Uncertainty Set Type: 2
Uncertainty Set Parameter: 0.200000
Total Deterministic Profit in the Network: 265.000000
++++ Solution of the Model ++++
-----------------------------------------------
Objective:
Best Lower Bound: -0.400000
Best upper bound: -0.400000
Elapsed time Branch-and-Cut: 4.123000
Elapsed time Starting Cuts: 1.451000
Cplex Gap: 0.000000
B&C nodes: 31
Number Logic Benders Cuts: 89
Number Starting Scenarios: 0
Cardinality of Y: 28
Number of Tight y in the sub-problem: 19

Variables Master Problem:

Phi =-0.400000 

Discoveries: w_i (i is a profitable node). 
 w_[node:1] = 1.000000
 w_[node:7] = 1.000000
 w_[node:8] = 1.000000

Scenarios and Tight Ys Sub-Problem

Overline Scenario: ovxi_i (i is a profitable node). 
 ov_xi_[node:1] = 0.000000
 ov_xi_[node:2] = 0.200000
 ov_xi_[node:3] = 0.200000
 ov_xi_[node:4] = 0.000000
 ov_xi_[node:5] = 0.000000
 ov_xi_[node:6] = 0.000000
 ov_xi_[node:7] = 0.200000
 ov_xi_[node:8] = 0.200000
 ov_xi_[node:9] = 0.000000
 ov_xi_[node:10] = 0.200000

 Tigth Ys: 

 y = 0 { 
Node 1: {
y_[node:1] = 1
xi_y_i_[y:0][node:1] = 0.133333
} 
Node 2: {
y_[node:2] = 1
xi_y_i_[y:0][node:2] = 0.000000
} 
Node 3: {
y_[node:3] = 1
xi_y_i_[y:0][node:3] = 0.000000
} 
Node 4: {
y_[node:4] = 1
xi_y_i_[y:0][node:4] = 0.133333
} 
Node 5: {
y_[node:5] = 1
xi_y_i_[y:0][node:5] = 0.133333
} 
Node 6: {
y_[node:6] = 0
xi_y_i_[y:0][node:6] = 0.133333
} 
Node 7: {
y_[node:7] = 0
xi_y_i_[y:0][node:7] = 0.133333
} 
Node 8: {
y_[node:8] = 0
xi_y_i_[y:0][node:8] = 0.133333
} 
Node 9: {
y_[node:9] = 0
xi_y_i_[y:0][node:9] = 0.066667
} 
Node 10: {
y_[node:10] = 0
xi_y_i_[y:0][node:10] = 0.133333
} 

 } 

 y = 1 { 
Node 1: {
y_[node:1] = 0
xi_y_i_[y:1][node:1] = 0.133333
} 
Node 2: {
y_[node:2] = 0
xi_y_i_[y:1][node:2] = 0.000000
} 
Node 3: {
y_[node:3] = 0
xi_y_i_[y:1][node:3] = 0.000000
} 
Node 4: {
y_[node:4] = 0
xi_y_i_[y:1][node:4] = 0.133333
} 
Node 5: {
y_[node:5] = 0
xi_y_i_[y:1][node:5] = 0.200000
} 
Node 6: {
y_[node:6] = 0
xi_y_i_[y:1][node:6] = 0.133333
} 
Node 7: {
y_[node:7] = 1
xi_y_i_[y:1][node:7] = 0.133333
} 
Node 8: {
y_[node:8] = 1
xi_y_i_[y:1][node:8] = 0.133333
} 
Node 9: {
y_[node:9] = 1
xi_y_i_[y:1][node:9] = 0.000000
} 
Node 10: {
y_[node:10] = 1
xi_y_i_[y:1][node:10] = 0.133333
} 

 } 

 y = 2 { 
Node 1: {
y_[node:1] = 0
xi_y_i_[y:2][node:1] = 0.133333
} 
Node 2: {
y_[node:2] = 0
xi_y_i_[y:2][node:2] = 0.000000
} 
Node 3: {
y_[node:3] = 1
xi_y_i_[y:2][node:3] = 0.000000
} 
Node 4: {
y_[node:4] = 1
xi_y_i_[y:2][node:4] = 0.133333
} 
Node 5: {
y_[node:5] = 1
xi_y_i_[y:2][node:5] = 0.000000
} 
Node 6: {
y_[node:6] = 1
xi_y_i_[y:2][node:6] = 0.133333
} 
Node 7: {
y_[node:7] = 0
xi_y_i_[y:2][node:7] = 0.133333
} 
Node 8: {
y_[node:8] = 0
xi_y_i_[y:2][node:8] = 0.133333
} 
Node 9: {
y_[node:9] = 0
xi_y_i_[y:2][node:9] = 0.200000
} 
Node 10: {
y_[node:10] = 1
xi_y_i_[y:2][node:10] = 0.133333
} 

 } 

 y = 4 { 
Node 1: {
y_[node:1] = 1
xi_y_i_[y:4][node:1] = 0.133333
} 
Node 2: {
y_[node:2] = 1
xi_y_i_[y:4][node:2] = 0.000000
} 
Node 3: {
y_[node:3] = 0
xi_y_i_[y:4][node:3] = 0.000000
} 
Node 4: {
y_[node:4] = 0
xi_y_i_[y:4][node:4] = 0.133333
} 
Node 5: {
y_[node:5] = 0
xi_y_i_[y:4][node:5] = 0.200000
} 
Node 6: {
y_[node:6] = 0
xi_y_i_[y:4][node:6] = 0.133333
} 
Node 7: {
y_[node:7] = 0
xi_y_i_[y:4][node:7] = 0.133333
} 
Node 8: {
y_[node:8] = 0
xi_y_i_[y:4][node:8] = 0.133333
} 
Node 9: {
y_[node:9] = 1
xi_y_i_[y:4][node:9] = 0.000000
} 
Node 10: {
y_[node:10] = 1
xi_y_i_[y:4][node:10] = 0.133333
} 

 } 

 y = 5 { 
Node 1: {
y_[node:1] = 0
xi_y_i_[y:5][node:1] = 0.133333
} 
Node 2: {
y_[node:2] = 1
xi_y_i_[y:5][node:2] = 0.000000
} 
Node 3: {
y_[node:3] = 1
xi_y_i_[y:5][node:3] = 0.000000
} 
Node 4: {
y_[node:4] = 0
xi_y_i_[y:5][node:4] = 0.133333
} 
Node 5: {
y_[node:5] = 0
xi_y_i_[y:5][node:5] = 0.000000
} 
Node 6: {
y_[node:6] = 1
xi_y_i_[y:5][node:6] = 0.133333
} 
Node 7: {
y_[node:7] = 0
xi_y_i_[y:5][node:7] = 0.133333
} 
Node 8: {
y_[node:8] = 0
xi_y_i_[y:5][node:8] = 0.133333
} 
Node 9: {
y_[node:9] = 0
xi_y_i_[y:5][node:9] = 0.200000
} 
Node 10: {
y_[node:10] = 0
xi_y_i_[y:5][node:10] = 0.133333
} 

 } 

 y = 6 { 
Node 1: {
y_[node:1] = 0
xi_y_i_[y:6][node:1] = 0.133333
} 
Node 2: {
y_[node:2] = 0
xi_y_i_[y:6][node:2] = 0.000000
} 
Node 3: {
y_[node:3] = 0
xi_y_i_[y:6][node:3] = 0.000000
} 
Node 4: {
y_[node:4] = 0
xi_y_i_[y:6][node:4] = 0.133333
} 
Node 5: {
y_[node:5] = 1
xi_y_i_[y:6][node:5] = 0.000000
} 
Node 6: {
y_[node:6] = 1
xi_y_i_[y:6][node:6] = 0.133333
} 
Node 7: {
y_[node:7] = 1
xi_y_i_[y:6][node:7] = 0.133333
} 
Node 8: {
y_[node:8] = 1
xi_y_i_[y:6][node:8] = 0.133333
} 
Node 9: {
y_[node:9] = 0
xi_y_i_[y:6][node:9] = 0.200000
} 
Node 10: {
y_[node:10] = 0
xi_y_i_[y:6][node:10] = 0.133333
} 

 } 

 y = 8 { 
Node 1: {
y_[node:1] = 1
xi_y_i_[y:8][node:1] = 0.133333
} 
Node 2: {
y_[node:2] = 1
xi_y_i_[y:8][node:2] = 0.000000
} 
Node 3: {
y_[node:3] = 1
xi_y_i_[y:8][node:3] = 0.000000
} 
Node 4: {
y_[node:4] = 1
xi_y_i_[y:8][node:4] = 0.133333
} 
Node 5: {
y_[node:5] = 1
xi_y_i_[y:8][node:5] = 0.000000
} 
Node 6: {
y_[node:6] = 1
xi_y_i_[y:8][node:6] = 0.133333
} 
Node 7: {
y_[node:7] = 0
xi_y_i_[y:8][node:7] = 0.133333
} 
Node 8: {
y_[node:8] = 0
xi_y_i_[y:8][node:8] = 0.133333
} 
Node 9: {
y_[node:9] = 0
xi_y_i_[y:8][node:9] = 0.200000
} 
Node 10: {
y_[node:10] = 0
xi_y_i_[y:8][node:10] = 0.133333
} 

 } 

 y = 9 { 
Node 1: {
y_[node:1] = 0
xi_y_i_[y:9][node:1] = 0.133333
} 
Node 2: {
y_[node:2] = 1
xi_y_i_[y:9][node:2] = 0.000000
} 
Node 3: {
y_[node:3] = 0
xi_y_i_[y:9][node:3] = 0.000000
} 
Node 4: {
y_[node:4] = 1
xi_y_i_[y:9][node:4] = 0.133333
} 
Node 5: {
y_[node:5] = 1
xi_y_i_[y:9][node:5] = 0.000000
} 
Node 6: {
y_[node:6] = 1
xi_y_i_[y:9][node:6] = 0.133333
} 
Node 7: {
y_[node:7] = 0
xi_y_i_[y:9][node:7] = 0.133333
} 
Node 8: {
y_[node:8] = 0
xi_y_i_[y:9][node:8] = 0.133333
} 
Node 9: {
y_[node:9] = 0
xi_y_i_[y:9][node:9] = 0.200000
} 
Node 10: {
y_[node:10] = 1
xi_y_i_[y:9][node:10] = 0.133333
} 

 } 

 y = 10 { 
Node 1: {
y_[node:1] = 0
xi_y_i_[y:10][node:1] = 0.133333
} 
Node 2: {
y_[node:2] = 1
xi_y_i_[y:10][node:2] = 0.000000
} 
Node 3: {
y_[node:3] = 1
xi_y_i_[y:10][node:3] = 0.000000
} 
Node 4: {
y_[node:4] = 0
xi_y_i_[y:10][node:4] = 0.133333
} 
Node 5: {
y_[node:5] = 0
xi_y_i_[y:10][node:5] = 0.000000
} 
Node 6: {
y_[node:6] = 0
xi_y_i_[y:10][node:6] = 0.133333
} 
Node 7: {
y_[node:7] = 1
xi_y_i_[y:10][node:7] = 0.133333
} 
Node 8: {
y_[node:8] = 1
xi_y_i_[y:10][node:8] = 0.133333
} 
Node 9: {
y_[node:9] = 0
xi_y_i_[y:10][node:9] = 0.200000
} 
Node 10: {
y_[node:10] = 0
xi_y_i_[y:10][node:10] = 0.133333
} 

 } 

 y = 11 { 
Node 1: {
y_[node:1] = 1
xi_y_i_[y:11][node:1] = 0.133333
} 
Node 2: {
y_[node:2] = 1
xi_y_i_[y:11][node:2] = 0.000000
} 
Node 3: {
y_[node:3] = 1
xi_y_i_[y:11][node:3] = 0.000000
} 
Node 4: {
y_[node:4] = 1
xi_y_i_[y:11][node:4] = 0.133333
} 
Node 5: {
y_[node:5] = 0
xi_y_i_[y:11][node:5] = 0.000000
} 
Node 6: {
y_[node:6] = 0
xi_y_i_[y:11][node:6] = 0.133333
} 
Node 7: {
y_[node:7] = 0
xi_y_i_[y:11][node:7] = 0.133333
} 
Node 8: {
y_[node:8] = 0
xi_y_i_[y:11][node:8] = 0.133333
} 
Node 9: {
y_[node:9] = 0
xi_y_i_[y:11][node:9] = 0.200000
} 
Node 10: {
y_[node:10] = 1
xi_y_i_[y:11][node:10] = 0.133333
} 

 } 

 y = 12 { 
Node 1: {
y_[node:1] = 1
xi_y_i_[y:12][node:1] = 0.133333
} 
Node 2: {
y_[node:2] = 1
xi_y_i_[y:12][node:2] = 0.000000
} 
Node 3: {
y_[node:3] = 1
xi_y_i_[y:12][node:3] = 0.000000
} 
Node 4: {
y_[node:4] = 0
xi_y_i_[y:12][node:4] = 0.133333
} 
Node 5: {
y_[node:5] = 1
xi_y_i_[y:12][node:5] = 0.133333
} 
Node 6: {
y_[node:6] = 0
xi_y_i_[y:12][node:6] = 0.133333
} 
Node 7: {
y_[node:7] = 0
xi_y_i_[y:12][node:7] = 0.133333
} 
Node 8: {
y_[node:8] = 0
xi_y_i_[y:12][node:8] = 0.133333
} 
Node 9: {
y_[node:9] = 0
xi_y_i_[y:12][node:9] = 0.066667
} 
Node 10: {
y_[node:10] = 1
xi_y_i_[y:12][node:10] = 0.133333
} 

 } 

 y = 13 { 
Node 1: {
y_[node:1] = 0
xi_y_i_[y:13][node:1] = 0.133333
} 
Node 2: {
y_[node:2] = 1
xi_y_i_[y:13][node:2] = 0.000000
} 
Node 3: {
y_[node:3] = 1
xi_y_i_[y:13][node:3] = 0.000000
} 
Node 4: {
y_[node:4] = 1
xi_y_i_[y:13][node:4] = 0.133333
} 
Node 5: {
y_[node:5] = 1
xi_y_i_[y:13][node:5] = 0.133333
} 
Node 6: {
y_[node:6] = 0
xi_y_i_[y:13][node:6] = 0.133333
} 
Node 7: {
y_[node:7] = 0
xi_y_i_[y:13][node:7] = 0.133333
} 
Node 8: {
y_[node:8] = 0
xi_y_i_[y:13][node:8] = 0.133333
} 
Node 9: {
y_[node:9] = 0
xi_y_i_[y:13][node:9] = 0.066667
} 
Node 10: {
y_[node:10] = 1
xi_y_i_[y:13][node:10] = 0.133333
} 

 } 

 y = 15 { 
Node 1: {
y_[node:1] = 1
xi_y_i_[y:15][node:1] = 0.133333
} 
Node 2: {
y_[node:2] = 1
xi_y_i_[y:15][node:2] = 0.000000
} 
Node 3: {
y_[node:3] = 0
xi_y_i_[y:15][node:3] = 0.000000
} 
Node 4: {
y_[node:4] = 1
xi_y_i_[y:15][node:4] = 0.133333
} 
Node 5: {
y_[node:5] = 1
xi_y_i_[y:15][node:5] = 0.000000
} 
Node 6: {
y_[node:6] = 0
xi_y_i_[y:15][node:6] = 0.133333
} 
Node 7: {
y_[node:7] = 0
xi_y_i_[y:15][node:7] = 0.133333
} 
Node 8: {
y_[node:8] = 0
xi_y_i_[y:15][node:8] = 0.133333
} 
Node 9: {
y_[node:9] = 0
xi_y_i_[y:15][node:9] = 0.200000
} 
Node 10: {
y_[node:10] = 1
xi_y_i_[y:15][node:10] = 0.133333
} 

 } 

 y = 16 { 
Node 1: {
y_[node:1] = 1
xi_y_i_[y:16][node:1] = 0.133333
} 
Node 2: {
y_[node:2] = 1
xi_y_i_[y:16][node:2] = 0.000000
} 
Node 3: {
y_[node:3] = 1
xi_y_i_[y:16][node:3] = 0.000000
} 
Node 4: {
y_[node:4] = 1
xi_y_i_[y:16][node:4] = 0.133333
} 
Node 5: {
y_[node:5] = 1
xi_y_i_[y:16][node:5] = 0.000000
} 
Node 6: {
y_[node:6] = 0
xi_y_i_[y:16][node:6] = 0.133333
} 
Node 7: {
y_[node:7] = 0
xi_y_i_[y:16][node:7] = 0.133333
} 
Node 8: {
y_[node:8] = 0
xi_y_i_[y:16][node:8] = 0.133333
} 
Node 9: {
y_[node:9] = 0
xi_y_i_[y:16][node:9] = 0.200000
} 
Node 10: {
y_[node:10] = 1
xi_y_i_[y:16][node:10] = 0.133333
} 

 } 

 y = 18 { 
Node 1: {
y_[node:1] = 0
xi_y_i_[y:18][node:1] = 0.133333
} 
Node 2: {
y_[node:2] = 1
xi_y_i_[y:18][node:2] = 0.000000
} 
Node 3: {
y_[node:3] = 1
xi_y_i_[y:18][node:3] = 0.000000
} 
Node 4: {
y_[node:4] = 1
xi_y_i_[y:18][node:4] = 0.133333
} 
Node 5: {
y_[node:5] = 0
xi_y_i_[y:18][node:5] = 0.000000
} 
Node 6: {
y_[node:6] = 1
xi_y_i_[y:18][node:6] = 0.133333
} 
Node 7: {
y_[node:7] = 0
xi_y_i_[y:18][node:7] = 0.133333
} 
Node 8: {
y_[node:8] = 0
xi_y_i_[y:18][node:8] = 0.133333
} 
Node 9: {
y_[node:9] = 0
xi_y_i_[y:18][node:9] = 0.200000
} 
Node 10: {
y_[node:10] = 1
xi_y_i_[y:18][node:10] = 0.133333
} 

 } 

 y = 19 { 
Node 1: {
y_[node:1] = 0
xi_y_i_[y:19][node:1] = 0.133333
} 
Node 2: {
y_[node:2] = 1
xi_y_i_[y:19][node:2] = 0.000000
} 
Node 3: {
y_[node:3] = 1
xi_y_i_[y:19][node:3] = 0.000000
} 
Node 4: {
y_[node:4] = 1
xi_y_i_[y:19][node:4] = 0.133333
} 
Node 5: {
y_[node:5] = 1
xi_y_i_[y:19][node:5] = 0.000000
} 
Node 6: {
y_[node:6] = 1
xi_y_i_[y:19][node:6] = 0.133333
} 
Node 7: {
y_[node:7] = 0
xi_y_i_[y:19][node:7] = 0.133333
} 
Node 8: {
y_[node:8] = 0
xi_y_i_[y:19][node:8] = 0.133333
} 
Node 9: {
y_[node:9] = 0
xi_y_i_[y:19][node:9] = 0.200000
} 
Node 10: {
y_[node:10] = 1
xi_y_i_[y:19][node:10] = 0.133333
} 

 } 

 y = 20 { 
Node 1: {
y_[node:1] = 1
xi_y_i_[y:20][node:1] = 0.133333
} 
Node 2: {
y_[node:2] = 0
xi_y_i_[y:20][node:2] = 0.000000
} 
Node 3: {
y_[node:3] = 0
xi_y_i_[y:20][node:3] = 0.000000
} 
Node 4: {
y_[node:4] = 0
xi_y_i_[y:20][node:4] = 0.133333
} 
Node 5: {
y_[node:5] = 0
xi_y_i_[y:20][node:5] = 0.200000
} 
Node 6: {
y_[node:6] = 0
xi_y_i_[y:20][node:6] = 0.133333
} 
Node 7: {
y_[node:7] = 0
xi_y_i_[y:20][node:7] = 0.133333
} 
Node 8: {
y_[node:8] = 1
xi_y_i_[y:20][node:8] = 0.133333
} 
Node 9: {
y_[node:9] = 0
xi_y_i_[y:20][node:9] = 0.000000
} 
Node 10: {
y_[node:10] = 1
xi_y_i_[y:20][node:10] = 0.133333
} 

 } 

 y = 21 { 
Node 1: {
y_[node:1] = 1
xi_y_i_[y:21][node:1] = 0.133333
} 
Node 2: {
y_[node:2] = 0
xi_y_i_[y:21][node:2] = 0.000000
} 
Node 3: {
y_[node:3] = 0
xi_y_i_[y:21][node:3] = 0.000000
} 
Node 4: {
y_[node:4] = 0
xi_y_i_[y:21][node:4] = 0.133333
} 
Node 5: {
y_[node:5] = 0
xi_y_i_[y:21][node:5] = 0.000000
} 
Node 6: {
y_[node:6] = 0
xi_y_i_[y:21][node:6] = 0.133333
} 
Node 7: {
y_[node:7] = 1
xi_y_i_[y:21][node:7] = 0.133333
} 
Node 8: {
y_[node:8] = 1
xi_y_i_[y:21][node:8] = 0.133333
} 
Node 9: {
y_[node:9] = 0
xi_y_i_[y:21][node:9] = 0.200000
} 
Node 10: {
y_[node:10] = 0
xi_y_i_[y:21][node:10] = 0.133333
} 

 } 

 y = 23 { 
Node 1: {
y_[node:1] = 0
xi_y_i_[y:23][node:1] = 0.133333
} 
Node 2: {
y_[node:2] = 0
xi_y_i_[y:23][node:2] = 0.000000
} 
Node 3: {
y_[node:3] = 1
xi_y_i_[y:23][node:3] = 0.000000
} 
Node 4: {
y_[node:4] = 1
xi_y_i_[y:23][node:4] = 0.133333
} 
Node 5: {
y_[node:5] = 0
xi_y_i_[y:23][node:5] = 0.200000
} 
Node 6: {
y_[node:6] = 0
xi_y_i_[y:23][node:6] = 0.133333
} 
Node 7: {
y_[node:7] = 1
xi_y_i_[y:23][node:7] = 0.133333
} 
Node 8: {
y_[node:8] = 1
xi_y_i_[y:23][node:8] = 0.133333
} 
Node 9: {
y_[node:9] = 0
xi_y_i_[y:23][node:9] = 0.000000
} 
Node 10: {
y_[node:10] = 0
xi_y_i_[y:23][node:10] = 0.133333
} 

 } 
Legenda_Model:Instance_Name	Network_Name	Num_Nodes	Num_Prof_Nodes	Max_Tour_Duration	Max_Num_Discoveries	Max_Discoveries_Fraction	Best_LB	Best_Ub	Cplex_Gap	Root_Node_LB	Branch_and_Cut_Elapsed_Time	Starting_Cuts_Elapsed_Time	Tot_Time	Num_Logic_Benders_Cuts	Number_Starting_Scenarios	Num_BandC_Nodes	Number_Discoveries	Profit_cost	Discovery_cost	Card_Y	Num_Tight_Y	US_Type	US_Param	US_Tot_Det_Profit
Table_Model:tsi2_10_budget_25_D1_md025_US2_USpar20	tsi2_10_budget_25	12	10	2500	3	0.250000	-0.400000	-0.400000	0.000000	0.000000	4.123000	1.451000	5.574000	89	0	31	3	-0.400000	0.000000	28	19	2	0.200000	265.000000
