++++ Instance Info ++++
Instance name: tsi_prob_3_mod_budget_110_D1_md075_US2_USpar5
Network name: tsi_prob_3_mod_budget_110
Number of nodes: 33
Number of profitable nodes: 31
Max number of discovery: 24
Max duration: 11000
Alrijne Collecting Time: 360.000000
++++ Uncertainty  ++++
Uncertainty Set Type: 2
Uncertainty Set Parameter: 0.050000
Total Deterministic Profit in the Network: 800.000000
++++ Solution of the Model ++++
-----------------------------------------------
Objective:
Best Lower Bound: -1.000000
Best upper bound: -1.000000
Elapsed time Branch-and-Cut: 0.007000
Elapsed time Starting Cuts: 16.019000
Cplex Gap: 0.000000
B&C nodes: 0
Number Logic Benders Cuts: 0
Number Starting Scenarios: 0
Cardinality of Y: 132
Number of Tight y in the sub-problem: 20

Variables Master Problem:

Phi =-1.000000 

Discoveries: w_i (i is a profitable node). 

Scenarios and Tight Ys Sub-Problem

Overline Scenario: ovxi_i (i is a profitable node). 
 ov_xi_[node:1] = 0.050000
 ov_xi_[node:2] = 0.050000
 ov_xi_[node:3] = 0.000000
 ov_xi_[node:4] = 0.000000
 ov_xi_[node:5] = 0.000000
 ov_xi_[node:6] = 0.000000
 ov_xi_[node:7] = 0.000000
 ov_xi_[node:8] = 0.000000
 ov_xi_[node:9] = 0.000000
 ov_xi_[node:10] = 0.000000
 ov_xi_[node:11] = 0.000000
 ov_xi_[node:12] = 0.000000
 ov_xi_[node:13] = 0.000000
 ov_xi_[node:14] = 0.050000
 ov_xi_[node:15] = 0.050000
 ov_xi_[node:16] = 0.050000
 ov_xi_[node:17] = 0.050000
 ov_xi_[node:18] = 0.050000
 ov_xi_[node:19] = 0.050000
 ov_xi_[node:20] = 0.050000
 ov_xi_[node:21] = 0.050000
 ov_xi_[node:22] = 0.050000
 ov_xi_[node:23] = 0.050000
 ov_xi_[node:24] = 0.050000
 ov_xi_[node:25] = 0.050000
 ov_xi_[node:26] = 0.050000
 ov_xi_[node:27] = 0.050000
 ov_xi_[node:28] = 0.050000
 ov_xi_[node:29] = 0.050000
 ov_xi_[node:30] = 0.050000
 ov_xi_[node:31] = 0.050000

 Tigth Ys: 

 y = 4 { 
Node 1: {
y_[node:1] = 1
xi_y_i_[y:4][node:1] = 0.050000
} 
Node 2: {
y_[node:2] = 1
xi_y_i_[y:4][node:2] = 0.050000
} 
Node 3: {
y_[node:3] = 1
xi_y_i_[y:4][node:3] = 0.000000
} 
Node 4: {
y_[node:4] = 1
xi_y_i_[y:4][node:4] = 0.000000
} 
Node 5: {
y_[node:5] = 1
xi_y_i_[y:4][node:5] = 0.000000
} 
Node 6: {
y_[node:6] = 1
xi_y_i_[y:4][node:6] = 0.000000
} 
Node 7: {
y_[node:7] = 1
xi_y_i_[y:4][node:7] = 0.000000
} 
Node 8: {
y_[node:8] = 1
xi_y_i_[y:4][node:8] = 0.000000
} 
Node 9: {
y_[node:9] = 1
xi_y_i_[y:4][node:9] = 0.000000
} 
Node 10: {
y_[node:10] = 0
xi_y_i_[y:4][node:10] = 0.000000
} 
Node 11: {
y_[node:11] = 0
xi_y_i_[y:4][node:11] = 0.000000
} 
Node 12: {
y_[node:12] = 1
xi_y_i_[y:4][node:12] = 0.000000
} 
Node 13: {
y_[node:13] = 1
xi_y_i_[y:4][node:13] = 0.000000
} 
Node 14: {
y_[node:14] = 1
xi_y_i_[y:4][node:14] = 0.050000
} 
Node 15: {
y_[node:15] = 1
xi_y_i_[y:4][node:15] = 0.050000
} 
Node 16: {
y_[node:16] = 1
xi_y_i_[y:4][node:16] = 0.050000
} 
Node 17: {
y_[node:17] = 1
xi_y_i_[y:4][node:17] = 0.050000
} 
Node 18: {
y_[node:18] = 1
xi_y_i_[y:4][node:18] = 0.050000
} 
Node 19: {
y_[node:19] = 1
xi_y_i_[y:4][node:19] = 0.050000
} 
Node 20: {
y_[node:20] = 1
xi_y_i_[y:4][node:20] = 0.050000
} 
Node 21: {
y_[node:21] = 1
xi_y_i_[y:4][node:21] = 0.050000
} 
Node 22: {
y_[node:22] = 1
xi_y_i_[y:4][node:22] = 0.050000
} 
Node 23: {
y_[node:23] = 1
xi_y_i_[y:4][node:23] = 0.050000
} 
Node 24: {
y_[node:24] = 1
xi_y_i_[y:4][node:24] = 0.050000
} 
Node 25: {
y_[node:25] = 1
xi_y_i_[y:4][node:25] = 0.050000
} 
Node 26: {
y_[node:26] = 1
xi_y_i_[y:4][node:26] = 0.050000
} 
Node 27: {
y_[node:27] = 1
xi_y_i_[y:4][node:27] = 0.050000
} 
Node 28: {
y_[node:28] = 1
xi_y_i_[y:4][node:28] = 0.050000
} 
Node 29: {
y_[node:29] = 1
xi_y_i_[y:4][node:29] = 0.050000
} 
Node 30: {
y_[node:30] = 1
xi_y_i_[y:4][node:30] = 0.050000
} 
Node 31: {
y_[node:31] = 1
xi_y_i_[y:4][node:31] = 0.050000
} 

 } 

 y = 29 { 
Node 1: {
y_[node:1] = 1
xi_y_i_[y:29][node:1] = 0.050000
} 
Node 2: {
y_[node:2] = 1
xi_y_i_[y:29][node:2] = 0.050000
} 
Node 3: {
y_[node:3] = 0
xi_y_i_[y:29][node:3] = 0.000000
} 
Node 4: {
y_[node:4] = 1
xi_y_i_[y:29][node:4] = 0.000000
} 
Node 5: {
y_[node:5] = 1
xi_y_i_[y:29][node:5] = 0.000000
} 
Node 6: {
y_[node:6] = 1
xi_y_i_[y:29][node:6] = 0.000000
} 
Node 7: {
y_[node:7] = 1
xi_y_i_[y:29][node:7] = 0.000000
} 
Node 8: {
y_[node:8] = 1
xi_y_i_[y:29][node:8] = 0.000000
} 
Node 9: {
y_[node:9] = 1
xi_y_i_[y:29][node:9] = 0.000000
} 
Node 10: {
y_[node:10] = 1
xi_y_i_[y:29][node:10] = 0.000000
} 
Node 11: {
y_[node:11] = 1
xi_y_i_[y:29][node:11] = 0.000000
} 
Node 12: {
y_[node:12] = 0
xi_y_i_[y:29][node:12] = 0.000000
} 
Node 13: {
y_[node:13] = 1
xi_y_i_[y:29][node:13] = 0.000000
} 
Node 14: {
y_[node:14] = 1
xi_y_i_[y:29][node:14] = 0.050000
} 
Node 15: {
y_[node:15] = 1
xi_y_i_[y:29][node:15] = 0.050000
} 
Node 16: {
y_[node:16] = 1
xi_y_i_[y:29][node:16] = 0.050000
} 
Node 17: {
y_[node:17] = 1
xi_y_i_[y:29][node:17] = 0.050000
} 
Node 18: {
y_[node:18] = 1
xi_y_i_[y:29][node:18] = 0.050000
} 
Node 19: {
y_[node:19] = 1
xi_y_i_[y:29][node:19] = 0.050000
} 
Node 20: {
y_[node:20] = 1
xi_y_i_[y:29][node:20] = 0.050000
} 
Node 21: {
y_[node:21] = 1
xi_y_i_[y:29][node:21] = 0.050000
} 
Node 22: {
y_[node:22] = 1
xi_y_i_[y:29][node:22] = 0.050000
} 
Node 23: {
y_[node:23] = 1
xi_y_i_[y:29][node:23] = 0.050000
} 
Node 24: {
y_[node:24] = 1
xi_y_i_[y:29][node:24] = 0.050000
} 
Node 25: {
y_[node:25] = 1
xi_y_i_[y:29][node:25] = 0.050000
} 
Node 26: {
y_[node:26] = 1
xi_y_i_[y:29][node:26] = 0.050000
} 
Node 27: {
y_[node:27] = 1
xi_y_i_[y:29][node:27] = 0.050000
} 
Node 28: {
y_[node:28] = 1
xi_y_i_[y:29][node:28] = 0.050000
} 
Node 29: {
y_[node:29] = 1
xi_y_i_[y:29][node:29] = 0.050000
} 
Node 30: {
y_[node:30] = 1
xi_y_i_[y:29][node:30] = 0.050000
} 
Node 31: {
y_[node:31] = 1
xi_y_i_[y:29][node:31] = 0.050000
} 

 } 

 y = 32 { 
Node 1: {
y_[node:1] = 1
xi_y_i_[y:32][node:1] = 0.050000
} 
Node 2: {
y_[node:2] = 1
xi_y_i_[y:32][node:2] = 0.050000
} 
Node 3: {
y_[node:3] = 0
xi_y_i_[y:32][node:3] = 0.000000
} 
Node 4: {
y_[node:4] = 0
xi_y_i_[y:32][node:4] = 0.000000
} 
Node 5: {
y_[node:5] = 0
xi_y_i_[y:32][node:5] = 0.000000
} 
Node 6: {
y_[node:6] = 1
xi_y_i_[y:32][node:6] = 0.000000
} 
Node 7: {
y_[node:7] = 1
xi_y_i_[y:32][node:7] = 0.000000
} 
Node 8: {
y_[node:8] = 0
xi_y_i_[y:32][node:8] = 0.000000
} 
Node 9: {
y_[node:9] = 1
xi_y_i_[y:32][node:9] = 0.000000
} 
Node 10: {
y_[node:10] = 0
xi_y_i_[y:32][node:10] = 0.000000
} 
Node 11: {
y_[node:11] = 1
xi_y_i_[y:32][node:11] = 0.000000
} 
Node 12: {
y_[node:12] = 1
xi_y_i_[y:32][node:12] = 0.000000
} 
Node 13: {
y_[node:13] = 1
xi_y_i_[y:32][node:13] = 0.000000
} 
Node 14: {
y_[node:14] = 1
xi_y_i_[y:32][node:14] = 0.050000
} 
Node 15: {
y_[node:15] = 1
xi_y_i_[y:32][node:15] = 0.050000
} 
Node 16: {
y_[node:16] = 1
xi_y_i_[y:32][node:16] = 0.050000
} 
Node 17: {
y_[node:17] = 1
xi_y_i_[y:32][node:17] = 0.050000
} 
Node 18: {
y_[node:18] = 1
xi_y_i_[y:32][node:18] = 0.050000
} 
Node 19: {
y_[node:19] = 1
xi_y_i_[y:32][node:19] = 0.050000
} 
Node 20: {
y_[node:20] = 1
xi_y_i_[y:32][node:20] = 0.050000
} 
Node 21: {
y_[node:21] = 1
xi_y_i_[y:32][node:21] = 0.050000
} 
Node 22: {
y_[node:22] = 1
xi_y_i_[y:32][node:22] = 0.050000
} 
Node 23: {
y_[node:23] = 1
xi_y_i_[y:32][node:23] = 0.050000
} 
Node 24: {
y_[node:24] = 1
xi_y_i_[y:32][node:24] = 0.050000
} 
Node 25: {
y_[node:25] = 1
xi_y_i_[y:32][node:25] = 0.050000
} 
Node 26: {
y_[node:26] = 1
xi_y_i_[y:32][node:26] = 0.050000
} 
Node 27: {
y_[node:27] = 1
xi_y_i_[y:32][node:27] = 0.050000
} 
Node 28: {
y_[node:28] = 1
xi_y_i_[y:32][node:28] = 0.050000
} 
Node 29: {
y_[node:29] = 1
xi_y_i_[y:32][node:29] = 0.050000
} 
Node 30: {
y_[node:30] = 1
xi_y_i_[y:32][node:30] = 0.050000
} 
Node 31: {
y_[node:31] = 1
xi_y_i_[y:32][node:31] = 0.050000
} 

 } 

 y = 33 { 
Node 1: {
y_[node:1] = 1
xi_y_i_[y:33][node:1] = 0.050000
} 
Node 2: {
y_[node:2] = 1
xi_y_i_[y:33][node:2] = 0.050000
} 
Node 3: {
y_[node:3] = 1
xi_y_i_[y:33][node:3] = 0.000000
} 
Node 4: {
y_[node:4] = 0
xi_y_i_[y:33][node:4] = 0.000000
} 
Node 5: {
y_[node:5] = 0
xi_y_i_[y:33][node:5] = 0.000000
} 
Node 6: {
y_[node:6] = 0
xi_y_i_[y:33][node:6] = 0.000000
} 
Node 7: {
y_[node:7] = 1
xi_y_i_[y:33][node:7] = 0.000000
} 
Node 8: {
y_[node:8] = 0
xi_y_i_[y:33][node:8] = 0.000000
} 
Node 9: {
y_[node:9] = 1
xi_y_i_[y:33][node:9] = 0.000000
} 
Node 10: {
y_[node:10] = 1
xi_y_i_[y:33][node:10] = 0.000000
} 
Node 11: {
y_[node:11] = 1
xi_y_i_[y:33][node:11] = 0.000000
} 
Node 12: {
y_[node:12] = 1
xi_y_i_[y:33][node:12] = 0.000000
} 
Node 13: {
y_[node:13] = 1
xi_y_i_[y:33][node:13] = 0.000000
} 
Node 14: {
y_[node:14] = 1
xi_y_i_[y:33][node:14] = 0.050000
} 
Node 15: {
y_[node:15] = 1
xi_y_i_[y:33][node:15] = 0.050000
} 
Node 16: {
y_[node:16] = 1
xi_y_i_[y:33][node:16] = 0.050000
} 
Node 17: {
y_[node:17] = 1
xi_y_i_[y:33][node:17] = 0.050000
} 
Node 18: {
y_[node:18] = 1
xi_y_i_[y:33][node:18] = 0.050000
} 
Node 19: {
y_[node:19] = 1
xi_y_i_[y:33][node:19] = 0.050000
} 
Node 20: {
y_[node:20] = 1
xi_y_i_[y:33][node:20] = 0.050000
} 
Node 21: {
y_[node:21] = 1
xi_y_i_[y:33][node:21] = 0.050000
} 
Node 22: {
y_[node:22] = 1
xi_y_i_[y:33][node:22] = 0.050000
} 
Node 23: {
y_[node:23] = 1
xi_y_i_[y:33][node:23] = 0.050000
} 
Node 24: {
y_[node:24] = 1
xi_y_i_[y:33][node:24] = 0.050000
} 
Node 25: {
y_[node:25] = 1
xi_y_i_[y:33][node:25] = 0.050000
} 
Node 26: {
y_[node:26] = 1
xi_y_i_[y:33][node:26] = 0.050000
} 
Node 27: {
y_[node:27] = 1
xi_y_i_[y:33][node:27] = 0.050000
} 
Node 28: {
y_[node:28] = 1
xi_y_i_[y:33][node:28] = 0.050000
} 
Node 29: {
y_[node:29] = 1
xi_y_i_[y:33][node:29] = 0.050000
} 
Node 30: {
y_[node:30] = 1
xi_y_i_[y:33][node:30] = 0.050000
} 
Node 31: {
y_[node:31] = 1
xi_y_i_[y:33][node:31] = 0.050000
} 

 } 

 y = 36 { 
Node 1: {
y_[node:1] = 1
xi_y_i_[y:36][node:1] = 0.050000
} 
Node 2: {
y_[node:2] = 1
xi_y_i_[y:36][node:2] = 0.050000
} 
Node 3: {
y_[node:3] = 1
xi_y_i_[y:36][node:3] = 0.000000
} 
Node 4: {
y_[node:4] = 1
xi_y_i_[y:36][node:4] = 0.000000
} 
Node 5: {
y_[node:5] = 1
xi_y_i_[y:36][node:5] = 0.000000
} 
Node 6: {
y_[node:6] = 1
xi_y_i_[y:36][node:6] = 0.000000
} 
Node 7: {
y_[node:7] = 1
xi_y_i_[y:36][node:7] = 0.000000
} 
Node 8: {
y_[node:8] = 1
xi_y_i_[y:36][node:8] = 0.000000
} 
Node 9: {
y_[node:9] = 1
xi_y_i_[y:36][node:9] = 0.000000
} 
Node 10: {
y_[node:10] = 1
xi_y_i_[y:36][node:10] = 0.000000
} 
Node 11: {
y_[node:11] = 0
xi_y_i_[y:36][node:11] = 0.000000
} 
Node 12: {
y_[node:12] = 1
xi_y_i_[y:36][node:12] = 0.000000
} 
Node 13: {
y_[node:13] = 0
xi_y_i_[y:36][node:13] = 0.000000
} 
Node 14: {
y_[node:14] = 1
xi_y_i_[y:36][node:14] = 0.050000
} 
Node 15: {
y_[node:15] = 1
xi_y_i_[y:36][node:15] = 0.050000
} 
Node 16: {
y_[node:16] = 1
xi_y_i_[y:36][node:16] = 0.050000
} 
Node 17: {
y_[node:17] = 1
xi_y_i_[y:36][node:17] = 0.050000
} 
Node 18: {
y_[node:18] = 1
xi_y_i_[y:36][node:18] = 0.050000
} 
Node 19: {
y_[node:19] = 1
xi_y_i_[y:36][node:19] = 0.050000
} 
Node 20: {
y_[node:20] = 1
xi_y_i_[y:36][node:20] = 0.050000
} 
Node 21: {
y_[node:21] = 1
xi_y_i_[y:36][node:21] = 0.050000
} 
Node 22: {
y_[node:22] = 1
xi_y_i_[y:36][node:22] = 0.050000
} 
Node 23: {
y_[node:23] = 1
xi_y_i_[y:36][node:23] = 0.050000
} 
Node 24: {
y_[node:24] = 1
xi_y_i_[y:36][node:24] = 0.050000
} 
Node 25: {
y_[node:25] = 1
xi_y_i_[y:36][node:25] = 0.050000
} 
Node 26: {
y_[node:26] = 1
xi_y_i_[y:36][node:26] = 0.050000
} 
Node 27: {
y_[node:27] = 1
xi_y_i_[y:36][node:27] = 0.050000
} 
Node 28: {
y_[node:28] = 1
xi_y_i_[y:36][node:28] = 0.050000
} 
Node 29: {
y_[node:29] = 1
xi_y_i_[y:36][node:29] = 0.050000
} 
Node 30: {
y_[node:30] = 1
xi_y_i_[y:36][node:30] = 0.050000
} 
Node 31: {
y_[node:31] = 1
xi_y_i_[y:36][node:31] = 0.050000
} 

 } 

 y = 37 { 
Node 1: {
y_[node:1] = 1
xi_y_i_[y:37][node:1] = 0.050000
} 
Node 2: {
y_[node:2] = 1
xi_y_i_[y:37][node:2] = 0.050000
} 
Node 3: {
y_[node:3] = 0
xi_y_i_[y:37][node:3] = 0.000000
} 
Node 4: {
y_[node:4] = 1
xi_y_i_[y:37][node:4] = 0.000000
} 
Node 5: {
y_[node:5] = 1
xi_y_i_[y:37][node:5] = 0.000000
} 
Node 6: {
y_[node:6] = 1
xi_y_i_[y:37][node:6] = 0.000000
} 
Node 7: {
y_[node:7] = 0
xi_y_i_[y:37][node:7] = 0.000000
} 
Node 8: {
y_[node:8] = 1
xi_y_i_[y:37][node:8] = 0.000000
} 
Node 9: {
y_[node:9] = 0
xi_y_i_[y:37][node:9] = 0.000000
} 
Node 10: {
y_[node:10] = 0
xi_y_i_[y:37][node:10] = 0.000000
} 
Node 11: {
y_[node:11] = 1
xi_y_i_[y:37][node:11] = 0.000000
} 
Node 12: {
y_[node:12] = 1
xi_y_i_[y:37][node:12] = 0.000000
} 
Node 13: {
y_[node:13] = 1
xi_y_i_[y:37][node:13] = 0.000000
} 
Node 14: {
y_[node:14] = 1
xi_y_i_[y:37][node:14] = 0.050000
} 
Node 15: {
y_[node:15] = 1
xi_y_i_[y:37][node:15] = 0.050000
} 
Node 16: {
y_[node:16] = 1
xi_y_i_[y:37][node:16] = 0.050000
} 
Node 17: {
y_[node:17] = 1
xi_y_i_[y:37][node:17] = 0.050000
} 
Node 18: {
y_[node:18] = 1
xi_y_i_[y:37][node:18] = 0.050000
} 
Node 19: {
y_[node:19] = 1
xi_y_i_[y:37][node:19] = 0.050000
} 
Node 20: {
y_[node:20] = 1
xi_y_i_[y:37][node:20] = 0.050000
} 
Node 21: {
y_[node:21] = 1
xi_y_i_[y:37][node:21] = 0.050000
} 
Node 22: {
y_[node:22] = 1
xi_y_i_[y:37][node:22] = 0.050000
} 
Node 23: {
y_[node:23] = 1
xi_y_i_[y:37][node:23] = 0.050000
} 
Node 24: {
y_[node:24] = 1
xi_y_i_[y:37][node:24] = 0.050000
} 
Node 25: {
y_[node:25] = 1
xi_y_i_[y:37][node:25] = 0.050000
} 
Node 26: {
y_[node:26] = 1
xi_y_i_[y:37][node:26] = 0.050000
} 
Node 27: {
y_[node:27] = 1
xi_y_i_[y:37][node:27] = 0.050000
} 
Node 28: {
y_[node:28] = 1
xi_y_i_[y:37][node:28] = 0.050000
} 
Node 29: {
y_[node:29] = 1
xi_y_i_[y:37][node:29] = 0.050000
} 
Node 30: {
y_[node:30] = 1
xi_y_i_[y:37][node:30] = 0.050000
} 
Node 31: {
y_[node:31] = 1
xi_y_i_[y:37][node:31] = 0.050000
} 

 } 

 y = 42 { 
Node 1: {
y_[node:1] = 1
xi_y_i_[y:42][node:1] = 0.050000
} 
Node 2: {
y_[node:2] = 1
xi_y_i_[y:42][node:2] = 0.050000
} 
Node 3: {
y_[node:3] = 1
xi_y_i_[y:42][node:3] = 0.000000
} 
Node 4: {
y_[node:4] = 0
xi_y_i_[y:42][node:4] = 0.000000
} 
Node 5: {
y_[node:5] = 0
xi_y_i_[y:42][node:5] = 0.000000
} 
Node 6: {
y_[node:6] = 1
xi_y_i_[y:42][node:6] = 0.000000
} 
Node 7: {
y_[node:7] = 1
xi_y_i_[y:42][node:7] = 0.000000
} 
Node 8: {
y_[node:8] = 1
xi_y_i_[y:42][node:8] = 0.000000
} 
Node 9: {
y_[node:9] = 0
xi_y_i_[y:42][node:9] = 0.000000
} 
Node 10: {
y_[node:10] = 1
xi_y_i_[y:42][node:10] = 0.000000
} 
Node 11: {
y_[node:11] = 1
xi_y_i_[y:42][node:11] = 0.000000
} 
Node 12: {
y_[node:12] = 1
xi_y_i_[y:42][node:12] = 0.000000
} 
Node 13: {
y_[node:13] = 0
xi_y_i_[y:42][node:13] = 0.000000
} 
Node 14: {
y_[node:14] = 1
xi_y_i_[y:42][node:14] = 0.050000
} 
Node 15: {
y_[node:15] = 1
xi_y_i_[y:42][node:15] = 0.050000
} 
Node 16: {
y_[node:16] = 1
xi_y_i_[y:42][node:16] = 0.050000
} 
Node 17: {
y_[node:17] = 1
xi_y_i_[y:42][node:17] = 0.050000
} 
Node 18: {
y_[node:18] = 1
xi_y_i_[y:42][node:18] = 0.050000
} 
Node 19: {
y_[node:19] = 1
xi_y_i_[y:42][node:19] = 0.050000
} 
Node 20: {
y_[node:20] = 1
xi_y_i_[y:42][node:20] = 0.050000
} 
Node 21: {
y_[node:21] = 1
xi_y_i_[y:42][node:21] = 0.050000
} 
Node 22: {
y_[node:22] = 1
xi_y_i_[y:42][node:22] = 0.050000
} 
Node 23: {
y_[node:23] = 1
xi_y_i_[y:42][node:23] = 0.050000
} 
Node 24: {
y_[node:24] = 1
xi_y_i_[y:42][node:24] = 0.050000
} 
Node 25: {
y_[node:25] = 1
xi_y_i_[y:42][node:25] = 0.050000
} 
Node 26: {
y_[node:26] = 1
xi_y_i_[y:42][node:26] = 0.050000
} 
Node 27: {
y_[node:27] = 1
xi_y_i_[y:42][node:27] = 0.050000
} 
Node 28: {
y_[node:28] = 1
xi_y_i_[y:42][node:28] = 0.050000
} 
Node 29: {
y_[node:29] = 1
xi_y_i_[y:42][node:29] = 0.050000
} 
Node 30: {
y_[node:30] = 1
xi_y_i_[y:42][node:30] = 0.050000
} 
Node 31: {
y_[node:31] = 1
xi_y_i_[y:42][node:31] = 0.050000
} 

 } 

 y = 49 { 
Node 1: {
y_[node:1] = 1
xi_y_i_[y:49][node:1] = 0.050000
} 
Node 2: {
y_[node:2] = 1
xi_y_i_[y:49][node:2] = 0.050000
} 
Node 3: {
y_[node:3] = 1
xi_y_i_[y:49][node:3] = 0.000000
} 
Node 4: {
y_[node:4] = 1
xi_y_i_[y:49][node:4] = 0.000000
} 
Node 5: {
y_[node:5] = 1
xi_y_i_[y:49][node:5] = 0.000000
} 
Node 6: {
y_[node:6] = 1
xi_y_i_[y:49][node:6] = 0.000000
} 
Node 7: {
y_[node:7] = 1
xi_y_i_[y:49][node:7] = 0.000000
} 
Node 8: {
y_[node:8] = 1
xi_y_i_[y:49][node:8] = 0.000000
} 
Node 9: {
y_[node:9] = 1
xi_y_i_[y:49][node:9] = 0.000000
} 
Node 10: {
y_[node:10] = 0
xi_y_i_[y:49][node:10] = 0.000000
} 
Node 11: {
y_[node:11] = 1
xi_y_i_[y:49][node:11] = 0.000000
} 
Node 12: {
y_[node:12] = 1
xi_y_i_[y:49][node:12] = 0.000000
} 
Node 13: {
y_[node:13] = 1
xi_y_i_[y:49][node:13] = 0.000000
} 
Node 14: {
y_[node:14] = 1
xi_y_i_[y:49][node:14] = 0.050000
} 
Node 15: {
y_[node:15] = 1
xi_y_i_[y:49][node:15] = 0.050000
} 
Node 16: {
y_[node:16] = 1
xi_y_i_[y:49][node:16] = 0.050000
} 
Node 17: {
y_[node:17] = 1
xi_y_i_[y:49][node:17] = 0.050000
} 
Node 18: {
y_[node:18] = 1
xi_y_i_[y:49][node:18] = 0.050000
} 
Node 19: {
y_[node:19] = 1
xi_y_i_[y:49][node:19] = 0.050000
} 
Node 20: {
y_[node:20] = 1
xi_y_i_[y:49][node:20] = 0.050000
} 
Node 21: {
y_[node:21] = 1
xi_y_i_[y:49][node:21] = 0.050000
} 
Node 22: {
y_[node:22] = 1
xi_y_i_[y:49][node:22] = 0.050000
} 
Node 23: {
y_[node:23] = 1
xi_y_i_[y:49][node:23] = 0.050000
} 
Node 24: {
y_[node:24] = 1
xi_y_i_[y:49][node:24] = 0.050000
} 
Node 25: {
y_[node:25] = 1
xi_y_i_[y:49][node:25] = 0.050000
} 
Node 26: {
y_[node:26] = 1
xi_y_i_[y:49][node:26] = 0.050000
} 
Node 27: {
y_[node:27] = 1
xi_y_i_[y:49][node:27] = 0.050000
} 
Node 28: {
y_[node:28] = 1
xi_y_i_[y:49][node:28] = 0.050000
} 
Node 29: {
y_[node:29] = 1
xi_y_i_[y:49][node:29] = 0.050000
} 
Node 30: {
y_[node:30] = 1
xi_y_i_[y:49][node:30] = 0.050000
} 
Node 31: {
y_[node:31] = 1
xi_y_i_[y:49][node:31] = 0.050000
} 

 } 

 y = 55 { 
Node 1: {
y_[node:1] = 1
xi_y_i_[y:55][node:1] = 0.050000
} 
Node 2: {
y_[node:2] = 1
xi_y_i_[y:55][node:2] = 0.050000
} 
Node 3: {
y_[node:3] = 1
xi_y_i_[y:55][node:3] = 0.000000
} 
Node 4: {
y_[node:4] = 0
xi_y_i_[y:55][node:4] = 0.000000
} 
Node 5: {
y_[node:5] = 1
xi_y_i_[y:55][node:5] = 0.000000
} 
Node 6: {
y_[node:6] = 1
xi_y_i_[y:55][node:6] = 0.000000
} 
Node 7: {
y_[node:7] = 1
xi_y_i_[y:55][node:7] = 0.000000
} 
Node 8: {
y_[node:8] = 1
xi_y_i_[y:55][node:8] = 0.000000
} 
Node 9: {
y_[node:9] = 1
xi_y_i_[y:55][node:9] = 0.000000
} 
Node 10: {
y_[node:10] = 1
xi_y_i_[y:55][node:10] = 0.000000
} 
Node 11: {
y_[node:11] = 1
xi_y_i_[y:55][node:11] = 0.000000
} 
Node 12: {
y_[node:12] = 1
xi_y_i_[y:55][node:12] = 0.000000
} 
Node 13: {
y_[node:13] = 1
xi_y_i_[y:55][node:13] = 0.000000
} 
Node 14: {
y_[node:14] = 1
xi_y_i_[y:55][node:14] = 0.050000
} 
Node 15: {
y_[node:15] = 1
xi_y_i_[y:55][node:15] = 0.050000
} 
Node 16: {
y_[node:16] = 1
xi_y_i_[y:55][node:16] = 0.050000
} 
Node 17: {
y_[node:17] = 1
xi_y_i_[y:55][node:17] = 0.050000
} 
Node 18: {
y_[node:18] = 1
xi_y_i_[y:55][node:18] = 0.050000
} 
Node 19: {
y_[node:19] = 1
xi_y_i_[y:55][node:19] = 0.050000
} 
Node 20: {
y_[node:20] = 1
xi_y_i_[y:55][node:20] = 0.050000
} 
Node 21: {
y_[node:21] = 1
xi_y_i_[y:55][node:21] = 0.050000
} 
Node 22: {
y_[node:22] = 1
xi_y_i_[y:55][node:22] = 0.050000
} 
Node 23: {
y_[node:23] = 1
xi_y_i_[y:55][node:23] = 0.050000
} 
Node 24: {
y_[node:24] = 1
xi_y_i_[y:55][node:24] = 0.050000
} 
Node 25: {
y_[node:25] = 1
xi_y_i_[y:55][node:25] = 0.050000
} 
Node 26: {
y_[node:26] = 1
xi_y_i_[y:55][node:26] = 0.050000
} 
Node 27: {
y_[node:27] = 1
xi_y_i_[y:55][node:27] = 0.050000
} 
Node 28: {
y_[node:28] = 1
xi_y_i_[y:55][node:28] = 0.050000
} 
Node 29: {
y_[node:29] = 1
xi_y_i_[y:55][node:29] = 0.050000
} 
Node 30: {
y_[node:30] = 1
xi_y_i_[y:55][node:30] = 0.050000
} 
Node 31: {
y_[node:31] = 1
xi_y_i_[y:55][node:31] = 0.050000
} 

 } 

 y = 62 { 
Node 1: {
y_[node:1] = 1
xi_y_i_[y:62][node:1] = 0.050000
} 
Node 2: {
y_[node:2] = 1
xi_y_i_[y:62][node:2] = 0.050000
} 
Node 3: {
y_[node:3] = 1
xi_y_i_[y:62][node:3] = 0.000000
} 
Node 4: {
y_[node:4] = 1
xi_y_i_[y:62][node:4] = 0.000000
} 
Node 5: {
y_[node:5] = 1
xi_y_i_[y:62][node:5] = 0.000000
} 
Node 6: {
y_[node:6] = 1
xi_y_i_[y:62][node:6] = 0.000000
} 
Node 7: {
y_[node:7] = 1
xi_y_i_[y:62][node:7] = 0.000000
} 
Node 8: {
y_[node:8] = 1
xi_y_i_[y:62][node:8] = 0.000000
} 
Node 9: {
y_[node:9] = 0
xi_y_i_[y:62][node:9] = 0.000000
} 
Node 10: {
y_[node:10] = 1
xi_y_i_[y:62][node:10] = 0.000000
} 
Node 11: {
y_[node:11] = 1
xi_y_i_[y:62][node:11] = 0.000000
} 
Node 12: {
y_[node:12] = 1
xi_y_i_[y:62][node:12] = 0.000000
} 
Node 13: {
y_[node:13] = 1
xi_y_i_[y:62][node:13] = 0.000000
} 
Node 14: {
y_[node:14] = 1
xi_y_i_[y:62][node:14] = 0.050000
} 
Node 15: {
y_[node:15] = 1
xi_y_i_[y:62][node:15] = 0.050000
} 
Node 16: {
y_[node:16] = 1
xi_y_i_[y:62][node:16] = 0.050000
} 
Node 17: {
y_[node:17] = 1
xi_y_i_[y:62][node:17] = 0.050000
} 
Node 18: {
y_[node:18] = 1
xi_y_i_[y:62][node:18] = 0.050000
} 
Node 19: {
y_[node:19] = 1
xi_y_i_[y:62][node:19] = 0.050000
} 
Node 20: {
y_[node:20] = 1
xi_y_i_[y:62][node:20] = 0.050000
} 
Node 21: {
y_[node:21] = 1
xi_y_i_[y:62][node:21] = 0.050000
} 
Node 22: {
y_[node:22] = 1
xi_y_i_[y:62][node:22] = 0.050000
} 
Node 23: {
y_[node:23] = 1
xi_y_i_[y:62][node:23] = 0.050000
} 
Node 24: {
y_[node:24] = 1
xi_y_i_[y:62][node:24] = 0.050000
} 
Node 25: {
y_[node:25] = 1
xi_y_i_[y:62][node:25] = 0.050000
} 
Node 26: {
y_[node:26] = 1
xi_y_i_[y:62][node:26] = 0.050000
} 
Node 27: {
y_[node:27] = 1
xi_y_i_[y:62][node:27] = 0.050000
} 
Node 28: {
y_[node:28] = 1
xi_y_i_[y:62][node:28] = 0.050000
} 
Node 29: {
y_[node:29] = 1
xi_y_i_[y:62][node:29] = 0.050000
} 
Node 30: {
y_[node:30] = 1
xi_y_i_[y:62][node:30] = 0.050000
} 
Node 31: {
y_[node:31] = 1
xi_y_i_[y:62][node:31] = 0.050000
} 

 } 

 y = 69 { 
Node 1: {
y_[node:1] = 1
xi_y_i_[y:69][node:1] = 0.050000
} 
Node 2: {
y_[node:2] = 1
xi_y_i_[y:69][node:2] = 0.050000
} 
Node 3: {
y_[node:3] = 1
xi_y_i_[y:69][node:3] = 0.000000
} 
Node 4: {
y_[node:4] = 1
xi_y_i_[y:69][node:4] = 0.000000
} 
Node 5: {
y_[node:5] = 1
xi_y_i_[y:69][node:5] = 0.000000
} 
Node 6: {
y_[node:6] = 1
xi_y_i_[y:69][node:6] = 0.000000
} 
Node 7: {
y_[node:7] = 1
xi_y_i_[y:69][node:7] = 0.000000
} 
Node 8: {
y_[node:8] = 0
xi_y_i_[y:69][node:8] = 0.000000
} 
Node 9: {
y_[node:9] = 1
xi_y_i_[y:69][node:9] = 0.000000
} 
Node 10: {
y_[node:10] = 1
xi_y_i_[y:69][node:10] = 0.000000
} 
Node 11: {
y_[node:11] = 1
xi_y_i_[y:69][node:11] = 0.000000
} 
Node 12: {
y_[node:12] = 1
xi_y_i_[y:69][node:12] = 0.000000
} 
Node 13: {
y_[node:13] = 1
xi_y_i_[y:69][node:13] = 0.000000
} 
Node 14: {
y_[node:14] = 1
xi_y_i_[y:69][node:14] = 0.050000
} 
Node 15: {
y_[node:15] = 1
xi_y_i_[y:69][node:15] = 0.050000
} 
Node 16: {
y_[node:16] = 1
xi_y_i_[y:69][node:16] = 0.050000
} 
Node 17: {
y_[node:17] = 1
xi_y_i_[y:69][node:17] = 0.050000
} 
Node 18: {
y_[node:18] = 1
xi_y_i_[y:69][node:18] = 0.050000
} 
Node 19: {
y_[node:19] = 1
xi_y_i_[y:69][node:19] = 0.050000
} 
Node 20: {
y_[node:20] = 1
xi_y_i_[y:69][node:20] = 0.050000
} 
Node 21: {
y_[node:21] = 1
xi_y_i_[y:69][node:21] = 0.050000
} 
Node 22: {
y_[node:22] = 1
xi_y_i_[y:69][node:22] = 0.050000
} 
Node 23: {
y_[node:23] = 1
xi_y_i_[y:69][node:23] = 0.050000
} 
Node 24: {
y_[node:24] = 1
xi_y_i_[y:69][node:24] = 0.050000
} 
Node 25: {
y_[node:25] = 1
xi_y_i_[y:69][node:25] = 0.050000
} 
Node 26: {
y_[node:26] = 1
xi_y_i_[y:69][node:26] = 0.050000
} 
Node 27: {
y_[node:27] = 1
xi_y_i_[y:69][node:27] = 0.050000
} 
Node 28: {
y_[node:28] = 1
xi_y_i_[y:69][node:28] = 0.050000
} 
Node 29: {
y_[node:29] = 1
xi_y_i_[y:69][node:29] = 0.050000
} 
Node 30: {
y_[node:30] = 1
xi_y_i_[y:69][node:30] = 0.050000
} 
Node 31: {
y_[node:31] = 1
xi_y_i_[y:69][node:31] = 0.050000
} 

 } 

 y = 82 { 
Node 1: {
y_[node:1] = 1
xi_y_i_[y:82][node:1] = 0.000000
} 
Node 2: {
y_[node:2] = 1
xi_y_i_[y:82][node:2] = 0.000000
} 
Node 3: {
y_[node:3] = 1
xi_y_i_[y:82][node:3] = 0.000000
} 
Node 4: {
y_[node:4] = 1
xi_y_i_[y:82][node:4] = 0.000000
} 
Node 5: {
y_[node:5] = 1
xi_y_i_[y:82][node:5] = 0.000000
} 
Node 6: {
y_[node:6] = 0
xi_y_i_[y:82][node:6] = 0.000000
} 
Node 7: {
y_[node:7] = 1
xi_y_i_[y:82][node:7] = 0.000000
} 
Node 8: {
y_[node:8] = 1
xi_y_i_[y:82][node:8] = 0.000000
} 
Node 9: {
y_[node:9] = 1
xi_y_i_[y:82][node:9] = 0.000000
} 
Node 10: {
y_[node:10] = 1
xi_y_i_[y:82][node:10] = 0.000000
} 
Node 11: {
y_[node:11] = 1
xi_y_i_[y:82][node:11] = 0.000000
} 
Node 12: {
y_[node:12] = 1
xi_y_i_[y:82][node:12] = 0.050000
} 
Node 13: {
y_[node:13] = 1
xi_y_i_[y:82][node:13] = 0.050000
} 
Node 14: {
y_[node:14] = 1
xi_y_i_[y:82][node:14] = 0.050000
} 
Node 15: {
y_[node:15] = 1
xi_y_i_[y:82][node:15] = 0.050000
} 
Node 16: {
y_[node:16] = 1
xi_y_i_[y:82][node:16] = 0.050000
} 
Node 17: {
y_[node:17] = 1
xi_y_i_[y:82][node:17] = 0.050000
} 
Node 18: {
y_[node:18] = 1
xi_y_i_[y:82][node:18] = 0.050000
} 
Node 19: {
y_[node:19] = 1
xi_y_i_[y:82][node:19] = 0.050000
} 
Node 20: {
y_[node:20] = 1
xi_y_i_[y:82][node:20] = 0.050000
} 
Node 21: {
y_[node:21] = 1
xi_y_i_[y:82][node:21] = 0.050000
} 
Node 22: {
y_[node:22] = 1
xi_y_i_[y:82][node:22] = 0.050000
} 
Node 23: {
y_[node:23] = 1
xi_y_i_[y:82][node:23] = 0.050000
} 
Node 24: {
y_[node:24] = 1
xi_y_i_[y:82][node:24] = 0.050000
} 
Node 25: {
y_[node:25] = 1
xi_y_i_[y:82][node:25] = 0.050000
} 
Node 26: {
y_[node:26] = 1
xi_y_i_[y:82][node:26] = 0.050000
} 
Node 27: {
y_[node:27] = 1
xi_y_i_[y:82][node:27] = 0.050000
} 
Node 28: {
y_[node:28] = 1
xi_y_i_[y:82][node:28] = 0.050000
} 
Node 29: {
y_[node:29] = 1
xi_y_i_[y:82][node:29] = 0.050000
} 
Node 30: {
y_[node:30] = 1
xi_y_i_[y:82][node:30] = 0.050000
} 
Node 31: {
y_[node:31] = 1
xi_y_i_[y:82][node:31] = 0.050000
} 

 } 

 y = 109 { 
Node 1: {
y_[node:1] = 1
xi_y_i_[y:109][node:1] = 0.000000
} 
Node 2: {
y_[node:2] = 1
xi_y_i_[y:109][node:2] = 0.050000
} 
Node 3: {
y_[node:3] = 1
xi_y_i_[y:109][node:3] = 0.000000
} 
Node 4: {
y_[node:4] = 1
xi_y_i_[y:109][node:4] = 0.050000
} 
Node 5: {
y_[node:5] = 1
xi_y_i_[y:109][node:5] = 0.050000
} 
Node 6: {
y_[node:6] = 1
xi_y_i_[y:109][node:6] = 0.050000
} 
Node 7: {
y_[node:7] = 1
xi_y_i_[y:109][node:7] = 0.050000
} 
Node 8: {
y_[node:8] = 1
xi_y_i_[y:109][node:8] = 0.050000
} 
Node 9: {
y_[node:9] = 1
xi_y_i_[y:109][node:9] = 0.050000
} 
Node 10: {
y_[node:10] = 1
xi_y_i_[y:109][node:10] = 0.050000
} 
Node 11: {
y_[node:11] = 1
xi_y_i_[y:109][node:11] = 0.050000
} 
Node 12: {
y_[node:12] = 1
xi_y_i_[y:109][node:12] = 0.050000
} 
Node 13: {
y_[node:13] = 1
xi_y_i_[y:109][node:13] = 0.000000
} 
Node 14: {
y_[node:14] = 1
xi_y_i_[y:109][node:14] = 0.000000
} 
Node 15: {
y_[node:15] = 1
xi_y_i_[y:109][node:15] = 0.050000
} 
Node 16: {
y_[node:16] = 1
xi_y_i_[y:109][node:16] = 0.050000
} 
Node 17: {
y_[node:17] = 1
xi_y_i_[y:109][node:17] = 0.050000
} 
Node 18: {
y_[node:18] = 1
xi_y_i_[y:109][node:18] = 0.000000
} 
Node 19: {
y_[node:19] = 1
xi_y_i_[y:109][node:19] = 0.000000
} 
Node 20: {
y_[node:20] = 1
xi_y_i_[y:109][node:20] = 0.000000
} 
Node 21: {
y_[node:21] = 1
xi_y_i_[y:109][node:21] = 0.000000
} 
Node 22: {
y_[node:22] = 1
xi_y_i_[y:109][node:22] = 0.000000
} 
Node 23: {
y_[node:23] = 0
xi_y_i_[y:109][node:23] = 0.000000
} 
Node 24: {
y_[node:24] = 1
xi_y_i_[y:109][node:24] = 0.050000
} 
Node 25: {
y_[node:25] = 1
xi_y_i_[y:109][node:25] = 0.050000
} 
Node 26: {
y_[node:26] = 1
xi_y_i_[y:109][node:26] = 0.000000
} 
Node 27: {
y_[node:27] = 1
xi_y_i_[y:109][node:27] = 0.050000
} 
Node 28: {
y_[node:28] = 1
xi_y_i_[y:109][node:28] = 0.050000
} 
Node 29: {
y_[node:29] = 1
xi_y_i_[y:109][node:29] = 0.050000
} 
Node 30: {
y_[node:30] = 1
xi_y_i_[y:109][node:30] = 0.050000
} 
Node 31: {
y_[node:31] = 1
xi_y_i_[y:109][node:31] = 0.050000
} 

 } 

 y = 110 { 
Node 1: {
y_[node:1] = 1
xi_y_i_[y:110][node:1] = 0.000000
} 
Node 2: {
y_[node:2] = 1
xi_y_i_[y:110][node:2] = 0.000000
} 
Node 3: {
y_[node:3] = 1
xi_y_i_[y:110][node:3] = 0.050000
} 
Node 4: {
y_[node:4] = 1
xi_y_i_[y:110][node:4] = 0.050000
} 
Node 5: {
y_[node:5] = 1
xi_y_i_[y:110][node:5] = 0.050000
} 
Node 6: {
y_[node:6] = 1
xi_y_i_[y:110][node:6] = 0.000000
} 
Node 7: {
y_[node:7] = 1
xi_y_i_[y:110][node:7] = 0.050000
} 
Node 8: {
y_[node:8] = 1
xi_y_i_[y:110][node:8] = 0.000000
} 
Node 9: {
y_[node:9] = 1
xi_y_i_[y:110][node:9] = 0.050000
} 
Node 10: {
y_[node:10] = 1
xi_y_i_[y:110][node:10] = 0.000000
} 
Node 11: {
y_[node:11] = 1
xi_y_i_[y:110][node:11] = 0.000000
} 
Node 12: {
y_[node:12] = 1
xi_y_i_[y:110][node:12] = 0.050000
} 
Node 13: {
y_[node:13] = 1
xi_y_i_[y:110][node:13] = 0.050000
} 
Node 14: {
y_[node:14] = 1
xi_y_i_[y:110][node:14] = 0.000000
} 
Node 15: {
y_[node:15] = 1
xi_y_i_[y:110][node:15] = 0.050000
} 
Node 16: {
y_[node:16] = 1
xi_y_i_[y:110][node:16] = 0.050000
} 
Node 17: {
y_[node:17] = 1
xi_y_i_[y:110][node:17] = 0.000000
} 
Node 18: {
y_[node:18] = 1
xi_y_i_[y:110][node:18] = 0.050000
} 
Node 19: {
y_[node:19] = 1
xi_y_i_[y:110][node:19] = 0.050000
} 
Node 20: {
y_[node:20] = 1
xi_y_i_[y:110][node:20] = 0.050000
} 
Node 21: {
y_[node:21] = 0
xi_y_i_[y:110][node:21] = 0.000000
} 
Node 22: {
y_[node:22] = 1
xi_y_i_[y:110][node:22] = 0.050000
} 
Node 23: {
y_[node:23] = 1
xi_y_i_[y:110][node:23] = 0.050000
} 
Node 24: {
y_[node:24] = 1
xi_y_i_[y:110][node:24] = 0.000000
} 
Node 25: {
y_[node:25] = 1
xi_y_i_[y:110][node:25] = 0.050000
} 
Node 26: {
y_[node:26] = 1
xi_y_i_[y:110][node:26] = 0.050000
} 
Node 27: {
y_[node:27] = 1
xi_y_i_[y:110][node:27] = 0.000000
} 
Node 28: {
y_[node:28] = 1
xi_y_i_[y:110][node:28] = 0.050000
} 
Node 29: {
y_[node:29] = 1
xi_y_i_[y:110][node:29] = 0.050000
} 
Node 30: {
y_[node:30] = 1
xi_y_i_[y:110][node:30] = 0.050000
} 
Node 31: {
y_[node:31] = 1
xi_y_i_[y:110][node:31] = 0.050000
} 

 } 

 y = 111 { 
Node 1: {
y_[node:1] = 1
xi_y_i_[y:111][node:1] = 0.000000
} 
Node 2: {
y_[node:2] = 1
xi_y_i_[y:111][node:2] = 0.050000
} 
Node 3: {
y_[node:3] = 1
xi_y_i_[y:111][node:3] = 0.050000
} 
Node 4: {
y_[node:4] = 1
xi_y_i_[y:111][node:4] = 0.000000
} 
Node 5: {
y_[node:5] = 1
xi_y_i_[y:111][node:5] = 0.050000
} 
Node 6: {
y_[node:6] = 1
xi_y_i_[y:111][node:6] = 0.000000
} 
Node 7: {
y_[node:7] = 1
xi_y_i_[y:111][node:7] = 0.000000
} 
Node 8: {
y_[node:8] = 1
xi_y_i_[y:111][node:8] = 0.000000
} 
Node 9: {
y_[node:9] = 1
xi_y_i_[y:111][node:9] = 0.050000
} 
Node 10: {
y_[node:10] = 1
xi_y_i_[y:111][node:10] = 0.050000
} 
Node 11: {
y_[node:11] = 1
xi_y_i_[y:111][node:11] = 0.000000
} 
Node 12: {
y_[node:12] = 1
xi_y_i_[y:111][node:12] = 0.000000
} 
Node 13: {
y_[node:13] = 1
xi_y_i_[y:111][node:13] = 0.050000
} 
Node 14: {
y_[node:14] = 1
xi_y_i_[y:111][node:14] = 0.050000
} 
Node 15: {
y_[node:15] = 1
xi_y_i_[y:111][node:15] = 0.050000
} 
Node 16: {
y_[node:16] = 1
xi_y_i_[y:111][node:16] = 0.050000
} 
Node 17: {
y_[node:17] = 1
xi_y_i_[y:111][node:17] = 0.000000
} 
Node 18: {
y_[node:18] = 1
xi_y_i_[y:111][node:18] = 0.050000
} 
Node 19: {
y_[node:19] = 1
xi_y_i_[y:111][node:19] = 0.000000
} 
Node 20: {
y_[node:20] = 1
xi_y_i_[y:111][node:20] = 0.050000
} 
Node 21: {
y_[node:21] = 1
xi_y_i_[y:111][node:21] = 0.000000
} 
Node 22: {
y_[node:22] = 1
xi_y_i_[y:111][node:22] = 0.050000
} 
Node 23: {
y_[node:23] = 1
xi_y_i_[y:111][node:23] = 0.050000
} 
Node 24: {
y_[node:24] = 0
xi_y_i_[y:111][node:24] = 0.000000
} 
Node 25: {
y_[node:25] = 1
xi_y_i_[y:111][node:25] = 0.050000
} 
Node 26: {
y_[node:26] = 1
xi_y_i_[y:111][node:26] = 0.050000
} 
Node 27: {
y_[node:27] = 1
xi_y_i_[y:111][node:27] = 0.050000
} 
Node 28: {
y_[node:28] = 1
xi_y_i_[y:111][node:28] = 0.050000
} 
Node 29: {
y_[node:29] = 1
xi_y_i_[y:111][node:29] = 0.050000
} 
Node 30: {
y_[node:30] = 1
xi_y_i_[y:111][node:30] = 0.050000
} 
Node 31: {
y_[node:31] = 1
xi_y_i_[y:111][node:31] = 0.050000
} 

 } 

 y = 112 { 
Node 1: {
y_[node:1] = 1
xi_y_i_[y:112][node:1] = 0.000000
} 
Node 2: {
y_[node:2] = 1
xi_y_i_[y:112][node:2] = 0.050000
} 
Node 3: {
y_[node:3] = 1
xi_y_i_[y:112][node:3] = 0.050000
} 
Node 4: {
y_[node:4] = 1
xi_y_i_[y:112][node:4] = 0.050000
} 
Node 5: {
y_[node:5] = 1
xi_y_i_[y:112][node:5] = 0.050000
} 
Node 6: {
y_[node:6] = 1
xi_y_i_[y:112][node:6] = 0.050000
} 
Node 7: {
y_[node:7] = 1
xi_y_i_[y:112][node:7] = 0.050000
} 
Node 8: {
y_[node:8] = 1
xi_y_i_[y:112][node:8] = 0.000000
} 
Node 9: {
y_[node:9] = 1
xi_y_i_[y:112][node:9] = 0.050000
} 
Node 10: {
y_[node:10] = 1
xi_y_i_[y:112][node:10] = 0.050000
} 
Node 11: {
y_[node:11] = 1
xi_y_i_[y:112][node:11] = 0.050000
} 
Node 12: {
y_[node:12] = 1
xi_y_i_[y:112][node:12] = 0.050000
} 
Node 13: {
y_[node:13] = 1
xi_y_i_[y:112][node:13] = 0.000000
} 
Node 14: {
y_[node:14] = 1
xi_y_i_[y:112][node:14] = 0.000000
} 
Node 15: {
y_[node:15] = 1
xi_y_i_[y:112][node:15] = 0.050000
} 
Node 16: {
y_[node:16] = 0
xi_y_i_[y:112][node:16] = 0.000000
} 
Node 17: {
y_[node:17] = 1
xi_y_i_[y:112][node:17] = 0.050000
} 
Node 18: {
y_[node:18] = 1
xi_y_i_[y:112][node:18] = 0.050000
} 
Node 19: {
y_[node:19] = 1
xi_y_i_[y:112][node:19] = 0.050000
} 
Node 20: {
y_[node:20] = 1
xi_y_i_[y:112][node:20] = 0.050000
} 
Node 21: {
y_[node:21] = 1
xi_y_i_[y:112][node:21] = 0.000000
} 
Node 22: {
y_[node:22] = 1
xi_y_i_[y:112][node:22] = 0.050000
} 
Node 23: {
y_[node:23] = 1
xi_y_i_[y:112][node:23] = 0.050000
} 
Node 24: {
y_[node:24] = 1
xi_y_i_[y:112][node:24] = 0.050000
} 
Node 25: {
y_[node:25] = 0
xi_y_i_[y:112][node:25] = 0.000000
} 
Node 26: {
y_[node:26] = 1
xi_y_i_[y:112][node:26] = 0.050000
} 
Node 27: {
y_[node:27] = 1
xi_y_i_[y:112][node:27] = 0.000000
} 
Node 28: {
y_[node:28] = 1
xi_y_i_[y:112][node:28] = 0.000000
} 
Node 29: {
y_[node:29] = 1
xi_y_i_[y:112][node:29] = 0.000000
} 
Node 30: {
y_[node:30] = 1
xi_y_i_[y:112][node:30] = 0.000000
} 
Node 31: {
y_[node:31] = 1
xi_y_i_[y:112][node:31] = 0.050000
} 

 } 

 y = 119 { 
Node 1: {
y_[node:1] = 1
xi_y_i_[y:119][node:1] = 0.000000
} 
Node 2: {
y_[node:2] = 1
xi_y_i_[y:119][node:2] = 0.050000
} 
Node 3: {
y_[node:3] = 1
xi_y_i_[y:119][node:3] = 0.050000
} 
Node 4: {
y_[node:4] = 1
xi_y_i_[y:119][node:4] = 0.050000
} 
Node 5: {
y_[node:5] = 1
xi_y_i_[y:119][node:5] = 0.050000
} 
Node 6: {
y_[node:6] = 1
xi_y_i_[y:119][node:6] = 0.050000
} 
Node 7: {
y_[node:7] = 1
xi_y_i_[y:119][node:7] = 0.050000
} 
Node 8: {
y_[node:8] = 1
xi_y_i_[y:119][node:8] = 0.050000
} 
Node 9: {
y_[node:9] = 1
xi_y_i_[y:119][node:9] = 0.000000
} 
Node 10: {
y_[node:10] = 1
xi_y_i_[y:119][node:10] = 0.050000
} 
Node 11: {
y_[node:11] = 1
xi_y_i_[y:119][node:11] = 0.000000
} 
Node 12: {
y_[node:12] = 1
xi_y_i_[y:119][node:12] = 0.000000
} 
Node 13: {
y_[node:13] = 1
xi_y_i_[y:119][node:13] = 0.050000
} 
Node 14: {
y_[node:14] = 1
xi_y_i_[y:119][node:14] = 0.000000
} 
Node 15: {
y_[node:15] = 1
xi_y_i_[y:119][node:15] = 0.050000
} 
Node 16: {
y_[node:16] = 1
xi_y_i_[y:119][node:16] = 0.050000
} 
Node 17: {
y_[node:17] = 1
xi_y_i_[y:119][node:17] = 0.050000
} 
Node 18: {
y_[node:18] = 1
xi_y_i_[y:119][node:18] = 0.050000
} 
Node 19: {
y_[node:19] = 1
xi_y_i_[y:119][node:19] = 0.050000
} 
Node 20: {
y_[node:20] = 1
xi_y_i_[y:119][node:20] = 0.000000
} 
Node 21: {
y_[node:21] = 1
xi_y_i_[y:119][node:21] = 0.000000
} 
Node 22: {
y_[node:22] = 1
xi_y_i_[y:119][node:22] = 0.000000
} 
Node 23: {
y_[node:23] = 1
xi_y_i_[y:119][node:23] = 0.000000
} 
Node 24: {
y_[node:24] = 1
xi_y_i_[y:119][node:24] = 0.050000
} 
Node 25: {
y_[node:25] = 1
xi_y_i_[y:119][node:25] = 0.050000
} 
Node 26: {
y_[node:26] = 1
xi_y_i_[y:119][node:26] = 0.050000
} 
Node 27: {
y_[node:27] = 1
xi_y_i_[y:119][node:27] = 0.000000
} 
Node 28: {
y_[node:28] = 1
xi_y_i_[y:119][node:28] = 0.050000
} 
Node 29: {
y_[node:29] = 1
xi_y_i_[y:119][node:29] = 0.050000
} 
Node 30: {
y_[node:30] = 0
xi_y_i_[y:119][node:30] = 0.000000
} 
Node 31: {
y_[node:31] = 1
xi_y_i_[y:119][node:31] = 0.050000
} 

 } 

 y = 121 { 
Node 1: {
y_[node:1] = 0
xi_y_i_[y:121][node:1] = 0.000000
} 
Node 2: {
y_[node:2] = 1
xi_y_i_[y:121][node:2] = 0.050000
} 
Node 3: {
y_[node:3] = 1
xi_y_i_[y:121][node:3] = 0.050000
} 
Node 4: {
y_[node:4] = 1
xi_y_i_[y:121][node:4] = 0.050000
} 
Node 5: {
y_[node:5] = 0
xi_y_i_[y:121][node:5] = 0.000000
} 
Node 6: {
y_[node:6] = 1
xi_y_i_[y:121][node:6] = 0.050000
} 
Node 7: {
y_[node:7] = 1
xi_y_i_[y:121][node:7] = 0.050000
} 
Node 8: {
y_[node:8] = 1
xi_y_i_[y:121][node:8] = 0.050000
} 
Node 9: {
y_[node:9] = 1
xi_y_i_[y:121][node:9] = 0.050000
} 
Node 10: {
y_[node:10] = 1
xi_y_i_[y:121][node:10] = 0.050000
} 
Node 11: {
y_[node:11] = 1
xi_y_i_[y:121][node:11] = 0.000000
} 
Node 12: {
y_[node:12] = 0
xi_y_i_[y:121][node:12] = 0.000000
} 
Node 13: {
y_[node:13] = 1
xi_y_i_[y:121][node:13] = 0.000000
} 
Node 14: {
y_[node:14] = 1
xi_y_i_[y:121][node:14] = 0.000000
} 
Node 15: {
y_[node:15] = 1
xi_y_i_[y:121][node:15] = 0.050000
} 
Node 16: {
y_[node:16] = 1
xi_y_i_[y:121][node:16] = 0.050000
} 
Node 17: {
y_[node:17] = 1
xi_y_i_[y:121][node:17] = 0.050000
} 
Node 18: {
y_[node:18] = 1
xi_y_i_[y:121][node:18] = 0.050000
} 
Node 19: {
y_[node:19] = 1
xi_y_i_[y:121][node:19] = 0.050000
} 
Node 20: {
y_[node:20] = 1
xi_y_i_[y:121][node:20] = 0.050000
} 
Node 21: {
y_[node:21] = 1
xi_y_i_[y:121][node:21] = 0.050000
} 
Node 22: {
y_[node:22] = 1
xi_y_i_[y:121][node:22] = 0.050000
} 
Node 23: {
y_[node:23] = 1
xi_y_i_[y:121][node:23] = 0.050000
} 
Node 24: {
y_[node:24] = 1
xi_y_i_[y:121][node:24] = 0.050000
} 
Node 25: {
y_[node:25] = 1
xi_y_i_[y:121][node:25] = 0.050000
} 
Node 26: {
y_[node:26] = 0
xi_y_i_[y:121][node:26] = 0.000000
} 
Node 27: {
y_[node:27] = 0
xi_y_i_[y:121][node:27] = 0.000000
} 
Node 28: {
y_[node:28] = 0
xi_y_i_[y:121][node:28] = 0.000000
} 
Node 29: {
y_[node:29] = 0
xi_y_i_[y:121][node:29] = 0.000000
} 
Node 30: {
y_[node:30] = 1
xi_y_i_[y:121][node:30] = 0.000000
} 
Node 31: {
y_[node:31] = 1
xi_y_i_[y:121][node:31] = 0.050000
} 

 } 

 y = 129 { 
Node 1: {
y_[node:1] = 0
xi_y_i_[y:129][node:1] = 0.000000
} 
Node 2: {
y_[node:2] = 1
xi_y_i_[y:129][node:2] = 0.050000
} 
Node 3: {
y_[node:3] = 1
xi_y_i_[y:129][node:3] = 0.050000
} 
Node 4: {
y_[node:4] = 1
xi_y_i_[y:129][node:4] = 0.050000
} 
Node 5: {
y_[node:5] = 1
xi_y_i_[y:129][node:5] = 0.050000
} 
Node 6: {
y_[node:6] = 1
xi_y_i_[y:129][node:6] = 0.000000
} 
Node 7: {
y_[node:7] = 1
xi_y_i_[y:129][node:7] = 0.000000
} 
Node 8: {
y_[node:8] = 1
xi_y_i_[y:129][node:8] = 0.000000
} 
Node 9: {
y_[node:9] = 1
xi_y_i_[y:129][node:9] = 0.000000
} 
Node 10: {
y_[node:10] = 1
xi_y_i_[y:129][node:10] = 0.050000
} 
Node 11: {
y_[node:11] = 1
xi_y_i_[y:129][node:11] = 0.000000
} 
Node 12: {
y_[node:12] = 1
xi_y_i_[y:129][node:12] = 0.050000
} 
Node 13: {
y_[node:13] = 1
xi_y_i_[y:129][node:13] = 0.000000
} 
Node 14: {
y_[node:14] = 1
xi_y_i_[y:129][node:14] = 0.050000
} 
Node 15: {
y_[node:15] = 1
xi_y_i_[y:129][node:15] = 0.050000
} 
Node 16: {
y_[node:16] = 1
xi_y_i_[y:129][node:16] = 0.000000
} 
Node 17: {
y_[node:17] = 1
xi_y_i_[y:129][node:17] = 0.050000
} 
Node 18: {
y_[node:18] = 1
xi_y_i_[y:129][node:18] = 0.050000
} 
Node 19: {
y_[node:19] = 0
xi_y_i_[y:129][node:19] = 0.000000
} 
Node 20: {
y_[node:20] = 1
xi_y_i_[y:129][node:20] = 0.050000
} 
Node 21: {
y_[node:21] = 1
xi_y_i_[y:129][node:21] = 0.050000
} 
Node 22: {
y_[node:22] = 1
xi_y_i_[y:129][node:22] = 0.050000
} 
Node 23: {
y_[node:23] = 1
xi_y_i_[y:129][node:23] = 0.050000
} 
Node 24: {
y_[node:24] = 1
xi_y_i_[y:129][node:24] = 0.000000
} 
Node 25: {
y_[node:25] = 1
xi_y_i_[y:129][node:25] = 0.050000
} 
Node 26: {
y_[node:26] = 1
xi_y_i_[y:129][node:26] = 0.050000
} 
Node 27: {
y_[node:27] = 1
xi_y_i_[y:129][node:27] = 0.050000
} 
Node 28: {
y_[node:28] = 1
xi_y_i_[y:129][node:28] = 0.050000
} 
Node 29: {
y_[node:29] = 1
xi_y_i_[y:129][node:29] = 0.050000
} 
Node 30: {
y_[node:30] = 1
xi_y_i_[y:129][node:30] = 0.000000
} 
Node 31: {
y_[node:31] = 1
xi_y_i_[y:129][node:31] = 0.050000
} 

 } 

 y = 131 { 
Node 1: {
y_[node:1] = 1
xi_y_i_[y:131][node:1] = 0.000000
} 
Node 2: {
y_[node:2] = 1
xi_y_i_[y:131][node:2] = 0.050000
} 
Node 3: {
y_[node:3] = 1
xi_y_i_[y:131][node:3] = 0.050000
} 
Node 4: {
y_[node:4] = 1
xi_y_i_[y:131][node:4] = 0.000000
} 
Node 5: {
y_[node:5] = 1
xi_y_i_[y:131][node:5] = 0.000000
} 
Node 6: {
y_[node:6] = 1
xi_y_i_[y:131][node:6] = 0.050000
} 
Node 7: {
y_[node:7] = 1
xi_y_i_[y:131][node:7] = 0.050000
} 
Node 8: {
y_[node:8] = 1
xi_y_i_[y:131][node:8] = 0.000000
} 
Node 9: {
y_[node:9] = 1
xi_y_i_[y:131][node:9] = 0.050000
} 
Node 10: {
y_[node:10] = 1
xi_y_i_[y:131][node:10] = 0.000000
} 
Node 11: {
y_[node:11] = 1
xi_y_i_[y:131][node:11] = 0.050000
} 
Node 12: {
y_[node:12] = 1
xi_y_i_[y:131][node:12] = 0.000000
} 
Node 13: {
y_[node:13] = 1
xi_y_i_[y:131][node:13] = 0.000000
} 
Node 14: {
y_[node:14] = 1
xi_y_i_[y:131][node:14] = 0.050000
} 
Node 15: {
y_[node:15] = 1
xi_y_i_[y:131][node:15] = 0.050000
} 
Node 16: {
y_[node:16] = 1
xi_y_i_[y:131][node:16] = 0.050000
} 
Node 17: {
y_[node:17] = 1
xi_y_i_[y:131][node:17] = 0.050000
} 
Node 18: {
y_[node:18] = 1
xi_y_i_[y:131][node:18] = 0.000000
} 
Node 19: {
y_[node:19] = 1
xi_y_i_[y:131][node:19] = 0.050000
} 
Node 20: {
y_[node:20] = 1
xi_y_i_[y:131][node:20] = 0.050000
} 
Node 21: {
y_[node:21] = 1
xi_y_i_[y:131][node:21] = 0.050000
} 
Node 22: {
y_[node:22] = 1
xi_y_i_[y:131][node:22] = 0.050000
} 
Node 23: {
y_[node:23] = 1
xi_y_i_[y:131][node:23] = 0.050000
} 
Node 24: {
y_[node:24] = 1
xi_y_i_[y:131][node:24] = 0.050000
} 
Node 25: {
y_[node:25] = 1
xi_y_i_[y:131][node:25] = 0.050000
} 
Node 26: {
y_[node:26] = 1
xi_y_i_[y:131][node:26] = 0.050000
} 
Node 27: {
y_[node:27] = 1
xi_y_i_[y:131][node:27] = 0.000000
} 
Node 28: {
y_[node:28] = 1
xi_y_i_[y:131][node:28] = 0.050000
} 
Node 29: {
y_[node:29] = 1
xi_y_i_[y:131][node:29] = 0.000000
} 
Node 30: {
y_[node:30] = 1
xi_y_i_[y:131][node:30] = 0.000000
} 
Node 31: {
y_[node:31] = 1
xi_y_i_[y:131][node:31] = 0.050000
} 

 } 
Legenda_Model:Instance_Name	Network_Name	Num_Nodes	Num_Prof_Nodes	Max_Tour_Duration	Max_Num_Discoveries	Max_Discoveries_Fraction	Best_LB	Best_Ub	Cplex_Gap	Root_Node_LB	Branch_and_Cut_Elapsed_Time	Starting_Cuts_Elapsed_Time	Tot_Time	Num_Logic_Benders_Cuts	Number_Starting_Scenarios	Num_BandC_Nodes	Number_Discoveries	Profit_cost	Discovery_cost	Card_Y	Num_Tight_Y	US_Type	US_Param	US_Tot_Det_Profit
Table_Model:tsi_prob_3_mod_budget_110_D1_md075_US2_USpar5	tsi_prob_3_mod_budget_110	33	31	11000	24	0.750000	-1.000000	-1.000000	0.000000	0.000000	0.007000	16.019000	16.026000	0	0	0	0	-1.000000	0.000000	132	20	2	0.050000	800.000000
