++++ Instance Info ++++
Instance name: tsi_prob_2_mod_budget_23_D1_md075_US2_USpar15
Network name: tsi_prob_2_mod_budget_23
Number of nodes: 21
Number of profitable nodes: 19
Max number of discovery: 15
Max duration: 2300
Alrijne Collecting Time: 360.000000
++++ Uncertainty  ++++
Uncertainty Set Type: 2
Uncertainty Set Parameter: 0.150000
Total Deterministic Profit in the Network: 450.000000
++++ Solution of the Model ++++
-----------------------------------------------
Objective:
Best Lower Bound: -0.384615
Best upper bound: -0.384615
Elapsed time Branch-and-Cut: 67.905000
Elapsed time Starting Cuts: 33.660000
Cplex Gap: 0.000000
B&C nodes: 0
Number Logic Benders Cuts: 80
Number Starting Scenarios: 0
Cardinality of Y: 154
Number of Tight y in the sub-problem: 34

Variables Master Problem:

Phi =-0.384615 

Discoveries: w_i (i is a profitable node). 
 w_[node:1] = 1.000000
 w_[node:2] = 1.000000
 w_[node:3] = 1.000000
 w_[node:6] = 1.000000
 w_[node:7] = 1.000000
 w_[node:10] = 1.000000
 w_[node:11] = 1.000000
 w_[node:12] = 1.000000
 w_[node:13] = 1.000000
 w_[node:14] = 1.000000
 w_[node:15] = 1.000000
 w_[node:16] = 1.000000
 w_[node:17] = 1.000000
 w_[node:18] = 1.000000
 w_[node:19] = 1.000000

Scenarios and Tight Ys Sub-Problem

Overline Scenario: ovxi_i (i is a profitable node). 
 ov_xi_[node:1] = 0.003846
 ov_xi_[node:2] = 0.000000
 ov_xi_[node:3] = 0.080769
 ov_xi_[node:4] = 0.076923
 ov_xi_[node:5] = 0.000000
 ov_xi_[node:6] = 0.001923
 ov_xi_[node:7] = 0.000000
 ov_xi_[node:8] = 0.000000
 ov_xi_[node:9] = 0.000000
 ov_xi_[node:10] = 0.075000
 ov_xi_[node:11] = 0.001923
 ov_xi_[node:12] = 0.144231
 ov_xi_[node:13] = 0.080769
 ov_xi_[node:14] = 0.084615
 ov_xi_[node:15] = 0.150000
 ov_xi_[node:16] = 0.000000
 ov_xi_[node:17] = 0.000000
 ov_xi_[node:18] = 0.150000
 ov_xi_[node:19] = 0.150000

 Tigth Ys: 

 y = 8 { 
Node 1: {
y_[node:1] = 0
xi_y_i_[y:8][node:1] = 0.003846
} 
Node 2: {
y_[node:2] = 0
xi_y_i_[y:8][node:2] = 0.000000
} 
Node 3: {
y_[node:3] = 1
xi_y_i_[y:8][node:3] = 0.080769
} 
Node 4: {
y_[node:4] = 1
xi_y_i_[y:8][node:4] = 0.076923
} 
Node 5: {
y_[node:5] = 0
xi_y_i_[y:8][node:5] = 0.000000
} 
Node 6: {
y_[node:6] = 0
xi_y_i_[y:8][node:6] = 0.001923
} 
Node 7: {
y_[node:7] = 1
xi_y_i_[y:8][node:7] = 0.000000
} 
Node 8: {
y_[node:8] = 0
xi_y_i_[y:8][node:8] = 0.000000
} 
Node 9: {
y_[node:9] = 1
xi_y_i_[y:8][node:9] = 0.000000
} 
Node 10: {
y_[node:10] = 0
xi_y_i_[y:8][node:10] = 0.075000
} 
Node 11: {
y_[node:11] = 1
xi_y_i_[y:8][node:11] = 0.001923
} 
Node 12: {
y_[node:12] = 1
xi_y_i_[y:8][node:12] = 0.144231
} 
Node 13: {
y_[node:13] = 1
xi_y_i_[y:8][node:13] = 0.080769
} 
Node 14: {
y_[node:14] = 0
xi_y_i_[y:8][node:14] = 0.084615
} 
Node 15: {
y_[node:15] = 0
xi_y_i_[y:8][node:15] = 0.150000
} 
Node 16: {
y_[node:16] = 0
xi_y_i_[y:8][node:16] = 0.000000
} 
Node 17: {
y_[node:17] = 0
xi_y_i_[y:8][node:17] = 0.000000
} 
Node 18: {
y_[node:18] = 0
xi_y_i_[y:8][node:18] = 0.150000
} 
Node 19: {
y_[node:19] = 0
xi_y_i_[y:8][node:19] = 0.150000
} 

 } 

 y = 9 { 
Node 1: {
y_[node:1] = 0
xi_y_i_[y:9][node:1] = 0.003846
} 
Node 2: {
y_[node:2] = 0
xi_y_i_[y:9][node:2] = 0.000000
} 
Node 3: {
y_[node:3] = 0
xi_y_i_[y:9][node:3] = 0.080769
} 
Node 4: {
y_[node:4] = 0
xi_y_i_[y:9][node:4] = 0.076923
} 
Node 5: {
y_[node:5] = 0
xi_y_i_[y:9][node:5] = 0.000000
} 
Node 6: {
y_[node:6] = 0
xi_y_i_[y:9][node:6] = 0.001923
} 
Node 7: {
y_[node:7] = 0
xi_y_i_[y:9][node:7] = 0.000000
} 
Node 8: {
y_[node:8] = 0
xi_y_i_[y:9][node:8] = 0.000000
} 
Node 9: {
y_[node:9] = 0
xi_y_i_[y:9][node:9] = 0.000000
} 
Node 10: {
y_[node:10] = 0
xi_y_i_[y:9][node:10] = 0.075000
} 
Node 11: {
y_[node:11] = 0
xi_y_i_[y:9][node:11] = 0.001923
} 
Node 12: {
y_[node:12] = 0
xi_y_i_[y:9][node:12] = 0.144231
} 
Node 13: {
y_[node:13] = 0
xi_y_i_[y:9][node:13] = 0.080769
} 
Node 14: {
y_[node:14] = 1
xi_y_i_[y:9][node:14] = 0.084615
} 
Node 15: {
y_[node:15] = 1
xi_y_i_[y:9][node:15] = 0.150000
} 
Node 16: {
y_[node:16] = 0
xi_y_i_[y:9][node:16] = 0.000000
} 
Node 17: {
y_[node:17] = 1
xi_y_i_[y:9][node:17] = 0.000000
} 
Node 18: {
y_[node:18] = 1
xi_y_i_[y:9][node:18] = 0.150000
} 
Node 19: {
y_[node:19] = 0
xi_y_i_[y:9][node:19] = 0.150000
} 

 } 

 y = 11 { 
Node 1: {
y_[node:1] = 0
xi_y_i_[y:11][node:1] = 0.003846
} 
Node 2: {
y_[node:2] = 0
xi_y_i_[y:11][node:2] = 0.000000
} 
Node 3: {
y_[node:3] = 0
xi_y_i_[y:11][node:3] = 0.080769
} 
Node 4: {
y_[node:4] = 0
xi_y_i_[y:11][node:4] = 0.076923
} 
Node 5: {
y_[node:5] = 0
xi_y_i_[y:11][node:5] = 0.000000
} 
Node 6: {
y_[node:6] = 0
xi_y_i_[y:11][node:6] = 0.001923
} 
Node 7: {
y_[node:7] = 1
xi_y_i_[y:11][node:7] = 0.000000
} 
Node 8: {
y_[node:8] = 0
xi_y_i_[y:11][node:8] = 0.000000
} 
Node 9: {
y_[node:9] = 0
xi_y_i_[y:11][node:9] = 0.000000
} 
Node 10: {
y_[node:10] = 0
xi_y_i_[y:11][node:10] = 0.075000
} 
Node 11: {
y_[node:11] = 0
xi_y_i_[y:11][node:11] = 0.001923
} 
Node 12: {
y_[node:12] = 0
xi_y_i_[y:11][node:12] = 0.144231
} 
Node 13: {
y_[node:13] = 0
xi_y_i_[y:11][node:13] = 0.080769
} 
Node 14: {
y_[node:14] = 1
xi_y_i_[y:11][node:14] = 0.084615
} 
Node 15: {
y_[node:15] = 1
xi_y_i_[y:11][node:15] = 0.150000
} 
Node 16: {
y_[node:16] = 1
xi_y_i_[y:11][node:16] = 0.000000
} 
Node 17: {
y_[node:17] = 0
xi_y_i_[y:11][node:17] = 0.000000
} 
Node 18: {
y_[node:18] = 1
xi_y_i_[y:11][node:18] = 0.150000
} 
Node 19: {
y_[node:19] = 0
xi_y_i_[y:11][node:19] = 0.150000
} 

 } 

 y = 13 { 
Node 1: {
y_[node:1] = 0
xi_y_i_[y:13][node:1] = 0.003846
} 
Node 2: {
y_[node:2] = 0
xi_y_i_[y:13][node:2] = 0.000000
} 
Node 3: {
y_[node:3] = 0
xi_y_i_[y:13][node:3] = 0.080769
} 
Node 4: {
y_[node:4] = 0
xi_y_i_[y:13][node:4] = 0.076923
} 
Node 5: {
y_[node:5] = 0
xi_y_i_[y:13][node:5] = 0.000000
} 
Node 6: {
y_[node:6] = 0
xi_y_i_[y:13][node:6] = 0.001923
} 
Node 7: {
y_[node:7] = 0
xi_y_i_[y:13][node:7] = 0.000000
} 
Node 8: {
y_[node:8] = 0
xi_y_i_[y:13][node:8] = 0.000000
} 
Node 9: {
y_[node:9] = 0
xi_y_i_[y:13][node:9] = 0.000000
} 
Node 10: {
y_[node:10] = 0
xi_y_i_[y:13][node:10] = 0.075000
} 
Node 11: {
y_[node:11] = 0
xi_y_i_[y:13][node:11] = 0.001923
} 
Node 12: {
y_[node:12] = 0
xi_y_i_[y:13][node:12] = 0.144231
} 
Node 13: {
y_[node:13] = 0
xi_y_i_[y:13][node:13] = 0.080769
} 
Node 14: {
y_[node:14] = 1
xi_y_i_[y:13][node:14] = 0.084615
} 
Node 15: {
y_[node:15] = 1
xi_y_i_[y:13][node:15] = 0.150000
} 
Node 16: {
y_[node:16] = 1
xi_y_i_[y:13][node:16] = 0.000000
} 
Node 17: {
y_[node:17] = 1
xi_y_i_[y:13][node:17] = 0.000000
} 
Node 18: {
y_[node:18] = 0
xi_y_i_[y:13][node:18] = 0.150000
} 
Node 19: {
y_[node:19] = 1
xi_y_i_[y:13][node:19] = 0.150000
} 

 } 

 y = 14 { 
Node 1: {
y_[node:1] = 0
xi_y_i_[y:14][node:1] = 0.003846
} 
Node 2: {
y_[node:2] = 1
xi_y_i_[y:14][node:2] = 0.000000
} 
Node 3: {
y_[node:3] = 1
xi_y_i_[y:14][node:3] = 0.080769
} 
Node 4: {
y_[node:4] = 0
xi_y_i_[y:14][node:4] = 0.073077
} 
Node 5: {
y_[node:5] = 0
xi_y_i_[y:14][node:5] = 0.000000
} 
Node 6: {
y_[node:6] = 0
xi_y_i_[y:14][node:6] = 0.001923
} 
Node 7: {
y_[node:7] = 0
xi_y_i_[y:14][node:7] = 0.000000
} 
Node 8: {
y_[node:8] = 1
xi_y_i_[y:14][node:8] = 0.000000
} 
Node 9: {
y_[node:9] = 1
xi_y_i_[y:14][node:9] = 0.003846
} 
Node 10: {
y_[node:10] = 1
xi_y_i_[y:14][node:10] = 0.075000
} 
Node 11: {
y_[node:11] = 0
xi_y_i_[y:14][node:11] = 0.001923
} 
Node 12: {
y_[node:12] = 1
xi_y_i_[y:14][node:12] = 0.144231
} 
Node 13: {
y_[node:13] = 1
xi_y_i_[y:14][node:13] = 0.080769
} 
Node 14: {
y_[node:14] = 0
xi_y_i_[y:14][node:14] = 0.084615
} 
Node 15: {
y_[node:15] = 0
xi_y_i_[y:14][node:15] = 0.150000
} 
Node 16: {
y_[node:16] = 0
xi_y_i_[y:14][node:16] = 0.000000
} 
Node 17: {
y_[node:17] = 0
xi_y_i_[y:14][node:17] = 0.000000
} 
Node 18: {
y_[node:18] = 0
xi_y_i_[y:14][node:18] = 0.150000
} 
Node 19: {
y_[node:19] = 0
xi_y_i_[y:14][node:19] = 0.150000
} 

 } 

 y = 15 { 
Node 1: {
y_[node:1] = 0
xi_y_i_[y:15][node:1] = 0.003846
} 
Node 2: {
y_[node:2] = 0
xi_y_i_[y:15][node:2] = 0.000000
} 
Node 3: {
y_[node:3] = 1
xi_y_i_[y:15][node:3] = 0.080769
} 
Node 4: {
y_[node:4] = 1
xi_y_i_[y:15][node:4] = 0.075000
} 
Node 5: {
y_[node:5] = 1
xi_y_i_[y:15][node:5] = 0.000000
} 
Node 6: {
y_[node:6] = 1
xi_y_i_[y:15][node:6] = 0.001923
} 
Node 7: {
y_[node:7] = 0
xi_y_i_[y:15][node:7] = 0.000000
} 
Node 8: {
y_[node:8] = 1
xi_y_i_[y:15][node:8] = 0.000000
} 
Node 9: {
y_[node:9] = 0
xi_y_i_[y:15][node:9] = 0.001923
} 
Node 10: {
y_[node:10] = 1
xi_y_i_[y:15][node:10] = 0.075000
} 
Node 11: {
y_[node:11] = 1
xi_y_i_[y:15][node:11] = 0.001923
} 
Node 12: {
y_[node:12] = 0
xi_y_i_[y:15][node:12] = 0.144231
} 
Node 13: {
y_[node:13] = 0
xi_y_i_[y:15][node:13] = 0.080769
} 
Node 14: {
y_[node:14] = 0
xi_y_i_[y:15][node:14] = 0.084615
} 
Node 15: {
y_[node:15] = 0
xi_y_i_[y:15][node:15] = 0.150000
} 
Node 16: {
y_[node:16] = 0
xi_y_i_[y:15][node:16] = 0.000000
} 
Node 17: {
y_[node:17] = 0
xi_y_i_[y:15][node:17] = 0.000000
} 
Node 18: {
y_[node:18] = 0
xi_y_i_[y:15][node:18] = 0.150000
} 
Node 19: {
y_[node:19] = 1
xi_y_i_[y:15][node:19] = 0.150000
} 

 } 

 y = 20 { 
Node 1: {
y_[node:1] = 1
xi_y_i_[y:20][node:1] = 0.003846
} 
Node 2: {
y_[node:2] = 1
xi_y_i_[y:20][node:2] = 0.000000
} 
Node 3: {
y_[node:3] = 1
xi_y_i_[y:20][node:3] = 0.080769
} 
Node 4: {
y_[node:4] = 0
xi_y_i_[y:20][node:4] = 0.076923
} 
Node 5: {
y_[node:5] = 0
xi_y_i_[y:20][node:5] = 0.000000
} 
Node 6: {
y_[node:6] = 0
xi_y_i_[y:20][node:6] = 0.001923
} 
Node 7: {
y_[node:7] = 0
xi_y_i_[y:20][node:7] = 0.000000
} 
Node 8: {
y_[node:8] = 0
xi_y_i_[y:20][node:8] = 0.000000
} 
Node 9: {
y_[node:9] = 0
xi_y_i_[y:20][node:9] = 0.000000
} 
Node 10: {
y_[node:10] = 0
xi_y_i_[y:20][node:10] = 0.075000
} 
Node 11: {
y_[node:11] = 0
xi_y_i_[y:20][node:11] = 0.001923
} 
Node 12: {
y_[node:12] = 0
xi_y_i_[y:20][node:12] = 0.144231
} 
Node 13: {
y_[node:13] = 0
xi_y_i_[y:20][node:13] = 0.080769
} 
Node 14: {
y_[node:14] = 0
xi_y_i_[y:20][node:14] = 0.084615
} 
Node 15: {
y_[node:15] = 0
xi_y_i_[y:20][node:15] = 0.150000
} 
Node 16: {
y_[node:16] = 0
xi_y_i_[y:20][node:16] = 0.000000
} 
Node 17: {
y_[node:17] = 0
xi_y_i_[y:20][node:17] = 0.000000
} 
Node 18: {
y_[node:18] = 1
xi_y_i_[y:20][node:18] = 0.150000
} 
Node 19: {
y_[node:19] = 1
xi_y_i_[y:20][node:19] = 0.150000
} 

 } 

 y = 21 { 
Node 1: {
y_[node:1] = 1
xi_y_i_[y:21][node:1] = 0.003846
} 
Node 2: {
y_[node:2] = 1
xi_y_i_[y:21][node:2] = 0.000000
} 
Node 3: {
y_[node:3] = 0
xi_y_i_[y:21][node:3] = 0.080769
} 
Node 4: {
y_[node:4] = 1
xi_y_i_[y:21][node:4] = 0.076923
} 
Node 5: {
y_[node:5] = 1
xi_y_i_[y:21][node:5] = 0.000000
} 
Node 6: {
y_[node:6] = 1
xi_y_i_[y:21][node:6] = 0.001923
} 
Node 7: {
y_[node:7] = 1
xi_y_i_[y:21][node:7] = 0.000000
} 
Node 8: {
y_[node:8] = 1
xi_y_i_[y:21][node:8] = 0.000000
} 
Node 9: {
y_[node:9] = 1
xi_y_i_[y:21][node:9] = 0.000000
} 
Node 10: {
y_[node:10] = 1
xi_y_i_[y:21][node:10] = 0.075000
} 
Node 11: {
y_[node:11] = 1
xi_y_i_[y:21][node:11] = 0.001923
} 
Node 12: {
y_[node:12] = 1
xi_y_i_[y:21][node:12] = 0.144231
} 
Node 13: {
y_[node:13] = 1
xi_y_i_[y:21][node:13] = 0.080769
} 
Node 14: {
y_[node:14] = 0
xi_y_i_[y:21][node:14] = 0.084615
} 
Node 15: {
y_[node:15] = 0
xi_y_i_[y:21][node:15] = 0.150000
} 
Node 16: {
y_[node:16] = 0
xi_y_i_[y:21][node:16] = 0.000000
} 
Node 17: {
y_[node:17] = 0
xi_y_i_[y:21][node:17] = 0.000000
} 
Node 18: {
y_[node:18] = 0
xi_y_i_[y:21][node:18] = 0.150000
} 
Node 19: {
y_[node:19] = 0
xi_y_i_[y:21][node:19] = 0.150000
} 

 } 

 y = 24 { 
Node 1: {
y_[node:1] = 0
xi_y_i_[y:24][node:1] = 0.003846
} 
Node 2: {
y_[node:2] = 0
xi_y_i_[y:24][node:2] = 0.000000
} 
Node 3: {
y_[node:3] = 1
xi_y_i_[y:24][node:3] = 0.080769
} 
Node 4: {
y_[node:4] = 1
xi_y_i_[y:24][node:4] = 0.076923
} 
Node 5: {
y_[node:5] = 1
xi_y_i_[y:24][node:5] = 0.000000
} 
Node 6: {
y_[node:6] = 1
xi_y_i_[y:24][node:6] = 0.001923
} 
Node 7: {
y_[node:7] = 0
xi_y_i_[y:24][node:7] = 0.000000
} 
Node 8: {
y_[node:8] = 1
xi_y_i_[y:24][node:8] = 0.000000
} 
Node 9: {
y_[node:9] = 1
xi_y_i_[y:24][node:9] = 0.000000
} 
Node 10: {
y_[node:10] = 0
xi_y_i_[y:24][node:10] = 0.075000
} 
Node 11: {
y_[node:11] = 0
xi_y_i_[y:24][node:11] = 0.001923
} 
Node 12: {
y_[node:12] = 1
xi_y_i_[y:24][node:12] = 0.144231
} 
Node 13: {
y_[node:13] = 1
xi_y_i_[y:24][node:13] = 0.080769
} 
Node 14: {
y_[node:14] = 0
xi_y_i_[y:24][node:14] = 0.084615
} 
Node 15: {
y_[node:15] = 0
xi_y_i_[y:24][node:15] = 0.150000
} 
Node 16: {
y_[node:16] = 0
xi_y_i_[y:24][node:16] = 0.000000
} 
Node 17: {
y_[node:17] = 0
xi_y_i_[y:24][node:17] = 0.000000
} 
Node 18: {
y_[node:18] = 0
xi_y_i_[y:24][node:18] = 0.150000
} 
Node 19: {
y_[node:19] = 0
xi_y_i_[y:24][node:19] = 0.150000
} 

 } 

 y = 27 { 
Node 1: {
y_[node:1] = 0
xi_y_i_[y:27][node:1] = 0.003846
} 
Node 2: {
y_[node:2] = 0
xi_y_i_[y:27][node:2] = 0.000000
} 
Node 3: {
y_[node:3] = 1
xi_y_i_[y:27][node:3] = 0.080769
} 
Node 4: {
y_[node:4] = 0
xi_y_i_[y:27][node:4] = 0.076923
} 
Node 5: {
y_[node:5] = 0
xi_y_i_[y:27][node:5] = 0.000000
} 
Node 6: {
y_[node:6] = 1
xi_y_i_[y:27][node:6] = 0.001923
} 
Node 7: {
y_[node:7] = 1
xi_y_i_[y:27][node:7] = 0.000000
} 
Node 8: {
y_[node:8] = 0
xi_y_i_[y:27][node:8] = 0.000000
} 
Node 9: {
y_[node:9] = 0
xi_y_i_[y:27][node:9] = 0.000000
} 
Node 10: {
y_[node:10] = 1
xi_y_i_[y:27][node:10] = 0.075000
} 
Node 11: {
y_[node:11] = 1
xi_y_i_[y:27][node:11] = 0.001923
} 
Node 12: {
y_[node:12] = 1
xi_y_i_[y:27][node:12] = 0.144231
} 
Node 13: {
y_[node:13] = 1
xi_y_i_[y:27][node:13] = 0.080769
} 
Node 14: {
y_[node:14] = 0
xi_y_i_[y:27][node:14] = 0.084615
} 
Node 15: {
y_[node:15] = 0
xi_y_i_[y:27][node:15] = 0.150000
} 
Node 16: {
y_[node:16] = 0
xi_y_i_[y:27][node:16] = 0.000000
} 
Node 17: {
y_[node:17] = 0
xi_y_i_[y:27][node:17] = 0.000000
} 
Node 18: {
y_[node:18] = 0
xi_y_i_[y:27][node:18] = 0.150000
} 
Node 19: {
y_[node:19] = 0
xi_y_i_[y:27][node:19] = 0.150000
} 

 } 

 y = 29 { 
Node 1: {
y_[node:1] = 0
xi_y_i_[y:29][node:1] = 0.003846
} 
Node 2: {
y_[node:2] = 0
xi_y_i_[y:29][node:2] = 0.000000
} 
Node 3: {
y_[node:3] = 1
xi_y_i_[y:29][node:3] = 0.080769
} 
Node 4: {
y_[node:4] = 1
xi_y_i_[y:29][node:4] = 0.001923
} 
Node 5: {
y_[node:5] = 1
xi_y_i_[y:29][node:5] = 0.000000
} 
Node 6: {
y_[node:6] = 0
xi_y_i_[y:29][node:6] = 0.001923
} 
Node 7: {
y_[node:7] = 0
xi_y_i_[y:29][node:7] = 0.000000
} 
Node 8: {
y_[node:8] = 0
xi_y_i_[y:29][node:8] = 0.000000
} 
Node 9: {
y_[node:9] = 0
xi_y_i_[y:29][node:9] = 0.075000
} 
Node 10: {
y_[node:10] = 1
xi_y_i_[y:29][node:10] = 0.075000
} 
Node 11: {
y_[node:11] = 1
xi_y_i_[y:29][node:11] = 0.001923
} 
Node 12: {
y_[node:12] = 1
xi_y_i_[y:29][node:12] = 0.144231
} 
Node 13: {
y_[node:13] = 1
xi_y_i_[y:29][node:13] = 0.080769
} 
Node 14: {
y_[node:14] = 0
xi_y_i_[y:29][node:14] = 0.084615
} 
Node 15: {
y_[node:15] = 0
xi_y_i_[y:29][node:15] = 0.150000
} 
Node 16: {
y_[node:16] = 0
xi_y_i_[y:29][node:16] = 0.000000
} 
Node 17: {
y_[node:17] = 0
xi_y_i_[y:29][node:17] = 0.000000
} 
Node 18: {
y_[node:18] = 0
xi_y_i_[y:29][node:18] = 0.150000
} 
Node 19: {
y_[node:19] = 0
xi_y_i_[y:29][node:19] = 0.150000
} 

 } 

 y = 30 { 
Node 1: {
y_[node:1] = 1
xi_y_i_[y:30][node:1] = 0.003846
} 
Node 2: {
y_[node:2] = 0
xi_y_i_[y:30][node:2] = 0.000000
} 
Node 3: {
y_[node:3] = 0
xi_y_i_[y:30][node:3] = 0.080769
} 
Node 4: {
y_[node:4] = 0
xi_y_i_[y:30][node:4] = 0.005770
} 
Node 5: {
y_[node:5] = 0
xi_y_i_[y:30][node:5] = 0.000000
} 
Node 6: {
y_[node:6] = 0
xi_y_i_[y:30][node:6] = 0.001923
} 
Node 7: {
y_[node:7] = 0
xi_y_i_[y:30][node:7] = 0.000000
} 
Node 8: {
y_[node:8] = 1
xi_y_i_[y:30][node:8] = 0.071154
} 
Node 9: {
y_[node:9] = 0
xi_y_i_[y:30][node:9] = 0.000000
} 
Node 10: {
y_[node:10] = 1
xi_y_i_[y:30][node:10] = 0.075000
} 
Node 11: {
y_[node:11] = 0
xi_y_i_[y:30][node:11] = 0.001923
} 
Node 12: {
y_[node:12] = 0
xi_y_i_[y:30][node:12] = 0.144231
} 
Node 13: {
y_[node:13] = 0
xi_y_i_[y:30][node:13] = 0.080769
} 
Node 14: {
y_[node:14] = 1
xi_y_i_[y:30][node:14] = 0.084615
} 
Node 15: {
y_[node:15] = 1
xi_y_i_[y:30][node:15] = 0.150000
} 
Node 16: {
y_[node:16] = 1
xi_y_i_[y:30][node:16] = 0.000000
} 
Node 17: {
y_[node:17] = 0
xi_y_i_[y:30][node:17] = 0.000000
} 
Node 18: {
y_[node:18] = 0
xi_y_i_[y:30][node:18] = 0.150000
} 
Node 19: {
y_[node:19] = 0
xi_y_i_[y:30][node:19] = 0.150000
} 

 } 

 y = 31 { 
Node 1: {
y_[node:1] = 1
xi_y_i_[y:31][node:1] = 0.003846
} 
Node 2: {
y_[node:2] = 1
xi_y_i_[y:31][node:2] = 0.000000
} 
Node 3: {
y_[node:3] = 1
xi_y_i_[y:31][node:3] = 0.080769
} 
Node 4: {
y_[node:4] = 0
xi_y_i_[y:31][node:4] = 0.000000
} 
Node 5: {
y_[node:5] = 1
xi_y_i_[y:31][node:5] = 0.076923
} 
Node 6: {
y_[node:6] = 1
xi_y_i_[y:31][node:6] = 0.001923
} 
Node 7: {
y_[node:7] = 0
xi_y_i_[y:31][node:7] = 0.000000
} 
Node 8: {
y_[node:8] = 1
xi_y_i_[y:31][node:8] = 0.000000
} 
Node 9: {
y_[node:9] = 1
xi_y_i_[y:31][node:9] = 0.000000
} 
Node 10: {
y_[node:10] = 1
xi_y_i_[y:31][node:10] = 0.075000
} 
Node 11: {
y_[node:11] = 1
xi_y_i_[y:31][node:11] = 0.001923
} 
Node 12: {
y_[node:12] = 1
xi_y_i_[y:31][node:12] = 0.144231
} 
Node 13: {
y_[node:13] = 0
xi_y_i_[y:31][node:13] = 0.080769
} 
Node 14: {
y_[node:14] = 0
xi_y_i_[y:31][node:14] = 0.084615
} 
Node 15: {
y_[node:15] = 0
xi_y_i_[y:31][node:15] = 0.150000
} 
Node 16: {
y_[node:16] = 0
xi_y_i_[y:31][node:16] = 0.000000
} 
Node 17: {
y_[node:17] = 0
xi_y_i_[y:31][node:17] = 0.000000
} 
Node 18: {
y_[node:18] = 0
xi_y_i_[y:31][node:18] = 0.150000
} 
Node 19: {
y_[node:19] = 0
xi_y_i_[y:31][node:19] = 0.150000
} 

 } 

 y = 32 { 
Node 1: {
y_[node:1] = 1
xi_y_i_[y:32][node:1] = 0.003846
} 
Node 2: {
y_[node:2] = 0
xi_y_i_[y:32][node:2] = 0.000000
} 
Node 3: {
y_[node:3] = 1
xi_y_i_[y:32][node:3] = 0.080769
} 
Node 4: {
y_[node:4] = 0
xi_y_i_[y:32][node:4] = 0.076923
} 
Node 5: {
y_[node:5] = 0
xi_y_i_[y:32][node:5] = 0.000000
} 
Node 6: {
y_[node:6] = 0
xi_y_i_[y:32][node:6] = 0.001923
} 
Node 7: {
y_[node:7] = 1
xi_y_i_[y:32][node:7] = 0.000000
} 
Node 8: {
y_[node:8] = 0
xi_y_i_[y:32][node:8] = 0.000000
} 
Node 9: {
y_[node:9] = 0
xi_y_i_[y:32][node:9] = 0.000000
} 
Node 10: {
y_[node:10] = 0
xi_y_i_[y:32][node:10] = 0.075000
} 
Node 11: {
y_[node:11] = 0
xi_y_i_[y:32][node:11] = 0.001923
} 
Node 12: {
y_[node:12] = 0
xi_y_i_[y:32][node:12] = 0.144231
} 
Node 13: {
y_[node:13] = 0
xi_y_i_[y:32][node:13] = 0.080769
} 
Node 14: {
y_[node:14] = 0
xi_y_i_[y:32][node:14] = 0.084615
} 
Node 15: {
y_[node:15] = 0
xi_y_i_[y:32][node:15] = 0.150000
} 
Node 16: {
y_[node:16] = 0
xi_y_i_[y:32][node:16] = 0.000000
} 
Node 17: {
y_[node:17] = 1
xi_y_i_[y:32][node:17] = 0.000000
} 
Node 18: {
y_[node:18] = 1
xi_y_i_[y:32][node:18] = 0.150000
} 
Node 19: {
y_[node:19] = 1
xi_y_i_[y:32][node:19] = 0.150000
} 

 } 

 y = 33 { 
Node 1: {
y_[node:1] = 1
xi_y_i_[y:33][node:1] = 0.003846
} 
Node 2: {
y_[node:2] = 1
xi_y_i_[y:33][node:2] = 0.000000
} 
Node 3: {
y_[node:3] = 1
xi_y_i_[y:33][node:3] = 0.080769
} 
Node 4: {
y_[node:4] = 0
xi_y_i_[y:33][node:4] = 0.076923
} 
Node 5: {
y_[node:5] = 0
xi_y_i_[y:33][node:5] = 0.000000
} 
Node 6: {
y_[node:6] = 0
xi_y_i_[y:33][node:6] = 0.001923
} 
Node 7: {
y_[node:7] = 1
xi_y_i_[y:33][node:7] = 0.000000
} 
Node 8: {
y_[node:8] = 0
xi_y_i_[y:33][node:8] = 0.000000
} 
Node 9: {
y_[node:9] = 0
xi_y_i_[y:33][node:9] = 0.000000
} 
Node 10: {
y_[node:10] = 0
xi_y_i_[y:33][node:10] = 0.075000
} 
Node 11: {
y_[node:11] = 0
xi_y_i_[y:33][node:11] = 0.001923
} 
Node 12: {
y_[node:12] = 0
xi_y_i_[y:33][node:12] = 0.144231
} 
Node 13: {
y_[node:13] = 0
xi_y_i_[y:33][node:13] = 0.080769
} 
Node 14: {
y_[node:14] = 0
xi_y_i_[y:33][node:14] = 0.084615
} 
Node 15: {
y_[node:15] = 0
xi_y_i_[y:33][node:15] = 0.150000
} 
Node 16: {
y_[node:16] = 0
xi_y_i_[y:33][node:16] = 0.000000
} 
Node 17: {
y_[node:17] = 1
xi_y_i_[y:33][node:17] = 0.000000
} 
Node 18: {
y_[node:18] = 1
xi_y_i_[y:33][node:18] = 0.150000
} 
Node 19: {
y_[node:19] = 1
xi_y_i_[y:33][node:19] = 0.150000
} 

 } 

 y = 34 { 
Node 1: {
y_[node:1] = 0
xi_y_i_[y:34][node:1] = 0.003846
} 
Node 2: {
y_[node:2] = 0
xi_y_i_[y:34][node:2] = 0.000000
} 
Node 3: {
y_[node:3] = 1
xi_y_i_[y:34][node:3] = 0.080769
} 
Node 4: {
y_[node:4] = 1
xi_y_i_[y:34][node:4] = 0.075000
} 
Node 5: {
y_[node:5] = 1
xi_y_i_[y:34][node:5] = 0.000000
} 
Node 6: {
y_[node:6] = 1
xi_y_i_[y:34][node:6] = 0.001923
} 
Node 7: {
y_[node:7] = 0
xi_y_i_[y:34][node:7] = 0.000000
} 
Node 8: {
y_[node:8] = 0
xi_y_i_[y:34][node:8] = 0.001923
} 
Node 9: {
y_[node:9] = 1
xi_y_i_[y:34][node:9] = 0.000000
} 
Node 10: {
y_[node:10] = 1
xi_y_i_[y:34][node:10] = 0.075000
} 
Node 11: {
y_[node:11] = 1
xi_y_i_[y:34][node:11] = 0.001923
} 
Node 12: {
y_[node:12] = 0
xi_y_i_[y:34][node:12] = 0.144231
} 
Node 13: {
y_[node:13] = 0
xi_y_i_[y:34][node:13] = 0.080769
} 
Node 14: {
y_[node:14] = 0
xi_y_i_[y:34][node:14] = 0.084615
} 
Node 15: {
y_[node:15] = 0
xi_y_i_[y:34][node:15] = 0.150000
} 
Node 16: {
y_[node:16] = 0
xi_y_i_[y:34][node:16] = 0.000000
} 
Node 17: {
y_[node:17] = 0
xi_y_i_[y:34][node:17] = 0.000000
} 
Node 18: {
y_[node:18] = 0
xi_y_i_[y:34][node:18] = 0.150000
} 
Node 19: {
y_[node:19] = 1
xi_y_i_[y:34][node:19] = 0.150000
} 

 } 

 y = 36 { 
Node 1: {
y_[node:1] = 0
xi_y_i_[y:36][node:1] = 0.003846
} 
Node 2: {
y_[node:2] = 0
xi_y_i_[y:36][node:2] = 0.000000
} 
Node 3: {
y_[node:3] = 0
xi_y_i_[y:36][node:3] = 0.080769
} 
Node 4: {
y_[node:4] = 0
xi_y_i_[y:36][node:4] = 0.076923
} 
Node 5: {
y_[node:5] = 0
xi_y_i_[y:36][node:5] = 0.000000
} 
Node 6: {
y_[node:6] = 0
xi_y_i_[y:36][node:6] = 0.001923
} 
Node 7: {
y_[node:7] = 0
xi_y_i_[y:36][node:7] = 0.000000
} 
Node 8: {
y_[node:8] = 1
xi_y_i_[y:36][node:8] = 0.000000
} 
Node 9: {
y_[node:9] = 0
xi_y_i_[y:36][node:9] = 0.000000
} 
Node 10: {
y_[node:10] = 0
xi_y_i_[y:36][node:10] = 0.075000
} 
Node 11: {
y_[node:11] = 0
xi_y_i_[y:36][node:11] = 0.001923
} 
Node 12: {
y_[node:12] = 0
xi_y_i_[y:36][node:12] = 0.144231
} 
Node 13: {
y_[node:13] = 0
xi_y_i_[y:36][node:13] = 0.080769
} 
Node 14: {
y_[node:14] = 1
xi_y_i_[y:36][node:14] = 0.084615
} 
Node 15: {
y_[node:15] = 1
xi_y_i_[y:36][node:15] = 0.150000
} 
Node 16: {
y_[node:16] = 0
xi_y_i_[y:36][node:16] = 0.000000
} 
Node 17: {
y_[node:17] = 1
xi_y_i_[y:36][node:17] = 0.000000
} 
Node 18: {
y_[node:18] = 1
xi_y_i_[y:36][node:18] = 0.150000
} 
Node 19: {
y_[node:19] = 0
xi_y_i_[y:36][node:19] = 0.150000
} 

 } 

 y = 38 { 
Node 1: {
y_[node:1] = 0
xi_y_i_[y:38][node:1] = 0.003846
} 
Node 2: {
y_[node:2] = 0
xi_y_i_[y:38][node:2] = 0.000000
} 
Node 3: {
y_[node:3] = 1
xi_y_i_[y:38][node:3] = 0.080769
} 
Node 4: {
y_[node:4] = 1
xi_y_i_[y:38][node:4] = 0.075000
} 
Node 5: {
y_[node:5] = 0
xi_y_i_[y:38][node:5] = 0.001923
} 
Node 6: {
y_[node:6] = 1
xi_y_i_[y:38][node:6] = 0.001923
} 
Node 7: {
y_[node:7] = 0
xi_y_i_[y:38][node:7] = 0.000000
} 
Node 8: {
y_[node:8] = 0
xi_y_i_[y:38][node:8] = 0.000000
} 
Node 9: {
y_[node:9] = 1
xi_y_i_[y:38][node:9] = 0.000000
} 
Node 10: {
y_[node:10] = 0
xi_y_i_[y:38][node:10] = 0.075000
} 
Node 11: {
y_[node:11] = 1
xi_y_i_[y:38][node:11] = 0.001923
} 
Node 12: {
y_[node:12] = 1
xi_y_i_[y:38][node:12] = 0.144231
} 
Node 13: {
y_[node:13] = 1
xi_y_i_[y:38][node:13] = 0.080769
} 
Node 14: {
y_[node:14] = 0
xi_y_i_[y:38][node:14] = 0.084615
} 
Node 15: {
y_[node:15] = 0
xi_y_i_[y:38][node:15] = 0.150000
} 
Node 16: {
y_[node:16] = 0
xi_y_i_[y:38][node:16] = 0.000000
} 
Node 17: {
y_[node:17] = 0
xi_y_i_[y:38][node:17] = 0.000000
} 
Node 18: {
y_[node:18] = 0
xi_y_i_[y:38][node:18] = 0.150000
} 
Node 19: {
y_[node:19] = 0
xi_y_i_[y:38][node:19] = 0.150000
} 

 } 

 y = 39 { 
Node 1: {
y_[node:1] = 1
xi_y_i_[y:39][node:1] = 0.003846
} 
Node 2: {
y_[node:2] = 1
xi_y_i_[y:39][node:2] = 0.000000
} 
Node 3: {
y_[node:3] = 1
xi_y_i_[y:39][node:3] = 0.080769
} 
Node 4: {
y_[node:4] = 1
xi_y_i_[y:39][node:4] = 0.076923
} 
Node 5: {
y_[node:5] = 1
xi_y_i_[y:39][node:5] = 0.000000
} 
Node 6: {
y_[node:6] = 1
xi_y_i_[y:39][node:6] = 0.001923
} 
Node 7: {
y_[node:7] = 0
xi_y_i_[y:39][node:7] = 0.000000
} 
Node 8: {
y_[node:8] = 1
xi_y_i_[y:39][node:8] = 0.000000
} 
Node 9: {
y_[node:9] = 1
xi_y_i_[y:39][node:9] = 0.000000
} 
Node 10: {
y_[node:10] = 1
xi_y_i_[y:39][node:10] = 0.075000
} 
Node 11: {
y_[node:11] = 1
xi_y_i_[y:39][node:11] = 0.001923
} 
Node 12: {
y_[node:12] = 1
xi_y_i_[y:39][node:12] = 0.144231
} 
Node 13: {
y_[node:13] = 0
xi_y_i_[y:39][node:13] = 0.080769
} 
Node 14: {
y_[node:14] = 0
xi_y_i_[y:39][node:14] = 0.084615
} 
Node 15: {
y_[node:15] = 0
xi_y_i_[y:39][node:15] = 0.150000
} 
Node 16: {
y_[node:16] = 0
xi_y_i_[y:39][node:16] = 0.000000
} 
Node 17: {
y_[node:17] = 0
xi_y_i_[y:39][node:17] = 0.000000
} 
Node 18: {
y_[node:18] = 0
xi_y_i_[y:39][node:18] = 0.150000
} 
Node 19: {
y_[node:19] = 0
xi_y_i_[y:39][node:19] = 0.150000
} 

 } 

 y = 42 { 
Node 1: {
y_[node:1] = 0
xi_y_i_[y:42][node:1] = 0.003846
} 
Node 2: {
y_[node:2] = 0
xi_y_i_[y:42][node:2] = 0.000000
} 
Node 3: {
y_[node:3] = 1
xi_y_i_[y:42][node:3] = 0.080769
} 
Node 4: {
y_[node:4] = 1
xi_y_i_[y:42][node:4] = 0.001923
} 
Node 5: {
y_[node:5] = 1
xi_y_i_[y:42][node:5] = 0.000000
} 
Node 6: {
y_[node:6] = 1
xi_y_i_[y:42][node:6] = 0.001923
} 
Node 7: {
y_[node:7] = 1
xi_y_i_[y:42][node:7] = 0.000000
} 
Node 8: {
y_[node:8] = 0
xi_y_i_[y:42][node:8] = 0.000000
} 
Node 9: {
y_[node:9] = 0
xi_y_i_[y:42][node:9] = 0.075000
} 
Node 10: {
y_[node:10] = 1
xi_y_i_[y:42][node:10] = 0.075000
} 
Node 11: {
y_[node:11] = 0
xi_y_i_[y:42][node:11] = 0.001923
} 
Node 12: {
y_[node:12] = 1
xi_y_i_[y:42][node:12] = 0.144231
} 
Node 13: {
y_[node:13] = 1
xi_y_i_[y:42][node:13] = 0.080769
} 
Node 14: {
y_[node:14] = 0
xi_y_i_[y:42][node:14] = 0.084615
} 
Node 15: {
y_[node:15] = 0
xi_y_i_[y:42][node:15] = 0.150000
} 
Node 16: {
y_[node:16] = 0
xi_y_i_[y:42][node:16] = 0.000000
} 
Node 17: {
y_[node:17] = 0
xi_y_i_[y:42][node:17] = 0.000000
} 
Node 18: {
y_[node:18] = 0
xi_y_i_[y:42][node:18] = 0.150000
} 
Node 19: {
y_[node:19] = 0
xi_y_i_[y:42][node:19] = 0.150000
} 

 } 

 y = 43 { 
Node 1: {
y_[node:1] = 0
xi_y_i_[y:43][node:1] = 0.003846
} 
Node 2: {
y_[node:2] = 0
xi_y_i_[y:43][node:2] = 0.000000
} 
Node 3: {
y_[node:3] = 0
xi_y_i_[y:43][node:3] = 0.080769
} 
Node 4: {
y_[node:4] = 0
xi_y_i_[y:43][node:4] = 0.076923
} 
Node 5: {
y_[node:5] = 0
xi_y_i_[y:43][node:5] = 0.000000
} 
Node 6: {
y_[node:6] = 0
xi_y_i_[y:43][node:6] = 0.001923
} 
Node 7: {
y_[node:7] = 0
xi_y_i_[y:43][node:7] = 0.000000
} 
Node 8: {
y_[node:8] = 0
xi_y_i_[y:43][node:8] = 0.000000
} 
Node 9: {
y_[node:9] = 0
xi_y_i_[y:43][node:9] = 0.000000
} 
Node 10: {
y_[node:10] = 0
xi_y_i_[y:43][node:10] = 0.075000
} 
Node 11: {
y_[node:11] = 0
xi_y_i_[y:43][node:11] = 0.001923
} 
Node 12: {
y_[node:12] = 0
xi_y_i_[y:43][node:12] = 0.144231
} 
Node 13: {
y_[node:13] = 0
xi_y_i_[y:43][node:13] = 0.080769
} 
Node 14: {
y_[node:14] = 1
xi_y_i_[y:43][node:14] = 0.084615
} 
Node 15: {
y_[node:15] = 1
xi_y_i_[y:43][node:15] = 0.150000
} 
Node 16: {
y_[node:16] = 1
xi_y_i_[y:43][node:16] = 0.000000
} 
Node 17: {
y_[node:17] = 1
xi_y_i_[y:43][node:17] = 0.000000
} 
Node 18: {
y_[node:18] = 1
xi_y_i_[y:43][node:18] = 0.150000
} 
Node 19: {
y_[node:19] = 0
xi_y_i_[y:43][node:19] = 0.150000
} 

 } 

 y = 45 { 
Node 1: {
y_[node:1] = 0
xi_y_i_[y:45][node:1] = 0.003846
} 
Node 2: {
y_[node:2] = 0
xi_y_i_[y:45][node:2] = 0.000000
} 
Node 3: {
y_[node:3] = 1
xi_y_i_[y:45][node:3] = 0.080769
} 
Node 4: {
y_[node:4] = 1
xi_y_i_[y:45][node:4] = 0.076923
} 
Node 5: {
y_[node:5] = 1
xi_y_i_[y:45][node:5] = 0.000000
} 
Node 6: {
y_[node:6] = 0
xi_y_i_[y:45][node:6] = 0.001923
} 
Node 7: {
y_[node:7] = 0
xi_y_i_[y:45][node:7] = 0.000000
} 
Node 8: {
y_[node:8] = 1
xi_y_i_[y:45][node:8] = 0.000000
} 
Node 9: {
y_[node:9] = 1
xi_y_i_[y:45][node:9] = 0.000000
} 
Node 10: {
y_[node:10] = 0
xi_y_i_[y:45][node:10] = 0.075000
} 
Node 11: {
y_[node:11] = 1
xi_y_i_[y:45][node:11] = 0.001923
} 
Node 12: {
y_[node:12] = 1
xi_y_i_[y:45][node:12] = 0.144231
} 
Node 13: {
y_[node:13] = 1
xi_y_i_[y:45][node:13] = 0.080769
} 
Node 14: {
y_[node:14] = 0
xi_y_i_[y:45][node:14] = 0.084615
} 
Node 15: {
y_[node:15] = 0
xi_y_i_[y:45][node:15] = 0.150000
} 
Node 16: {
y_[node:16] = 0
xi_y_i_[y:45][node:16] = 0.000000
} 
Node 17: {
y_[node:17] = 0
xi_y_i_[y:45][node:17] = 0.000000
} 
Node 18: {
y_[node:18] = 0
xi_y_i_[y:45][node:18] = 0.150000
} 
Node 19: {
y_[node:19] = 0
xi_y_i_[y:45][node:19] = 0.150000
} 

 } 

 y = 50 { 
Node 1: {
y_[node:1] = 0
xi_y_i_[y:50][node:1] = 0.003846
} 
Node 2: {
y_[node:2] = 0
xi_y_i_[y:50][node:2] = 0.000000
} 
Node 3: {
y_[node:3] = 0
xi_y_i_[y:50][node:3] = 0.080769
} 
Node 4: {
y_[node:4] = 0
xi_y_i_[y:50][node:4] = 0.076923
} 
Node 5: {
y_[node:5] = 0
xi_y_i_[y:50][node:5] = 0.000000
} 
Node 6: {
y_[node:6] = 0
xi_y_i_[y:50][node:6] = 0.001923
} 
Node 7: {
y_[node:7] = 1
xi_y_i_[y:50][node:7] = 0.000000
} 
Node 8: {
y_[node:8] = 0
xi_y_i_[y:50][node:8] = 0.000000
} 
Node 9: {
y_[node:9] = 0
xi_y_i_[y:50][node:9] = 0.000000
} 
Node 10: {
y_[node:10] = 0
xi_y_i_[y:50][node:10] = 0.075000
} 
Node 11: {
y_[node:11] = 0
xi_y_i_[y:50][node:11] = 0.001923
} 
Node 12: {
y_[node:12] = 0
xi_y_i_[y:50][node:12] = 0.144231
} 
Node 13: {
y_[node:13] = 0
xi_y_i_[y:50][node:13] = 0.080769
} 
Node 14: {
y_[node:14] = 1
xi_y_i_[y:50][node:14] = 0.084615
} 
Node 15: {
y_[node:15] = 1
xi_y_i_[y:50][node:15] = 0.150000
} 
Node 16: {
y_[node:16] = 1
xi_y_i_[y:50][node:16] = 0.000000
} 
Node 17: {
y_[node:17] = 1
xi_y_i_[y:50][node:17] = 0.000000
} 
Node 18: {
y_[node:18] = 1
xi_y_i_[y:50][node:18] = 0.150000
} 
Node 19: {
y_[node:19] = 0
xi_y_i_[y:50][node:19] = 0.150000
} 

 } 

 y = 57 { 
Node 1: {
y_[node:1] = 1
xi_y_i_[y:57][node:1] = 0.003846
} 
Node 2: {
y_[node:2] = 1
xi_y_i_[y:57][node:2] = 0.000000
} 
Node 3: {
y_[node:3] = 1
xi_y_i_[y:57][node:3] = 0.080769
} 
Node 4: {
y_[node:4] = 0
xi_y_i_[y:57][node:4] = 0.000000
} 
Node 5: {
y_[node:5] = 1
xi_y_i_[y:57][node:5] = 0.076923
} 
Node 6: {
y_[node:6] = 1
xi_y_i_[y:57][node:6] = 0.001923
} 
Node 7: {
y_[node:7] = 1
xi_y_i_[y:57][node:7] = 0.000000
} 
Node 8: {
y_[node:8] = 0
xi_y_i_[y:57][node:8] = 0.000000
} 
Node 9: {
y_[node:9] = 0
xi_y_i_[y:57][node:9] = 0.000000
} 
Node 10: {
y_[node:10] = 1
xi_y_i_[y:57][node:10] = 0.075000
} 
Node 11: {
y_[node:11] = 1
xi_y_i_[y:57][node:11] = 0.001923
} 
Node 12: {
y_[node:12] = 1
xi_y_i_[y:57][node:12] = 0.144231
} 
Node 13: {
y_[node:13] = 0
xi_y_i_[y:57][node:13] = 0.080769
} 
Node 14: {
y_[node:14] = 0
xi_y_i_[y:57][node:14] = 0.084615
} 
Node 15: {
y_[node:15] = 0
xi_y_i_[y:57][node:15] = 0.150000
} 
Node 16: {
y_[node:16] = 0
xi_y_i_[y:57][node:16] = 0.000000
} 
Node 17: {
y_[node:17] = 0
xi_y_i_[y:57][node:17] = 0.000000
} 
Node 18: {
y_[node:18] = 0
xi_y_i_[y:57][node:18] = 0.150000
} 
Node 19: {
y_[node:19] = 0
xi_y_i_[y:57][node:19] = 0.150000
} 

 } 

 y = 72 { 
Node 1: {
y_[node:1] = 1
xi_y_i_[y:72][node:1] = 0.003846
} 
Node 2: {
y_[node:2] = 1
xi_y_i_[y:72][node:2] = 0.000000
} 
Node 3: {
y_[node:3] = 1
xi_y_i_[y:72][node:3] = 0.080769
} 
Node 4: {
y_[node:4] = 0
xi_y_i_[y:72][node:4] = 0.000000
} 
Node 5: {
y_[node:5] = 1
xi_y_i_[y:72][node:5] = 0.076923
} 
Node 6: {
y_[node:6] = 1
xi_y_i_[y:72][node:6] = 0.001923
} 
Node 7: {
y_[node:7] = 1
xi_y_i_[y:72][node:7] = 0.000000
} 
Node 8: {
y_[node:8] = 0
xi_y_i_[y:72][node:8] = 0.000000
} 
Node 9: {
y_[node:9] = 1
xi_y_i_[y:72][node:9] = 0.000000
} 
Node 10: {
y_[node:10] = 1
xi_y_i_[y:72][node:10] = 0.075000
} 
Node 11: {
y_[node:11] = 1
xi_y_i_[y:72][node:11] = 0.001923
} 
Node 12: {
y_[node:12] = 1
xi_y_i_[y:72][node:12] = 0.144231
} 
Node 13: {
y_[node:13] = 0
xi_y_i_[y:72][node:13] = 0.080769
} 
Node 14: {
y_[node:14] = 0
xi_y_i_[y:72][node:14] = 0.084615
} 
Node 15: {
y_[node:15] = 0
xi_y_i_[y:72][node:15] = 0.150000
} 
Node 16: {
y_[node:16] = 0
xi_y_i_[y:72][node:16] = 0.000000
} 
Node 17: {
y_[node:17] = 0
xi_y_i_[y:72][node:17] = 0.000000
} 
Node 18: {
y_[node:18] = 0
xi_y_i_[y:72][node:18] = 0.150000
} 
Node 19: {
y_[node:19] = 0
xi_y_i_[y:72][node:19] = 0.150000
} 

 } 

 y = 74 { 
Node 1: {
y_[node:1] = 1
xi_y_i_[y:74][node:1] = 0.003846
} 
Node 2: {
y_[node:2] = 1
xi_y_i_[y:74][node:2] = 0.000000
} 
Node 3: {
y_[node:3] = 1
xi_y_i_[y:74][node:3] = 0.080769
} 
Node 4: {
y_[node:4] = 1
xi_y_i_[y:74][node:4] = 0.076923
} 
Node 5: {
y_[node:5] = 1
xi_y_i_[y:74][node:5] = 0.000000
} 
Node 6: {
y_[node:6] = 1
xi_y_i_[y:74][node:6] = 0.001923
} 
Node 7: {
y_[node:7] = 1
xi_y_i_[y:74][node:7] = 0.000000
} 
Node 8: {
y_[node:8] = 0
xi_y_i_[y:74][node:8] = 0.000000
} 
Node 9: {
y_[node:9] = 1
xi_y_i_[y:74][node:9] = 0.000000
} 
Node 10: {
y_[node:10] = 1
xi_y_i_[y:74][node:10] = 0.075000
} 
Node 11: {
y_[node:11] = 1
xi_y_i_[y:74][node:11] = 0.001923
} 
Node 12: {
y_[node:12] = 1
xi_y_i_[y:74][node:12] = 0.144231
} 
Node 13: {
y_[node:13] = 0
xi_y_i_[y:74][node:13] = 0.080769
} 
Node 14: {
y_[node:14] = 0
xi_y_i_[y:74][node:14] = 0.084615
} 
Node 15: {
y_[node:15] = 0
xi_y_i_[y:74][node:15] = 0.150000
} 
Node 16: {
y_[node:16] = 0
xi_y_i_[y:74][node:16] = 0.000000
} 
Node 17: {
y_[node:17] = 0
xi_y_i_[y:74][node:17] = 0.000000
} 
Node 18: {
y_[node:18] = 0
xi_y_i_[y:74][node:18] = 0.150000
} 
Node 19: {
y_[node:19] = 0
xi_y_i_[y:74][node:19] = 0.150000
} 

 } 

 y = 80 { 
Node 1: {
y_[node:1] = 0
xi_y_i_[y:80][node:1] = 0.003846
} 
Node 2: {
y_[node:2] = 0
xi_y_i_[y:80][node:2] = 0.000000
} 
Node 3: {
y_[node:3] = 1
xi_y_i_[y:80][node:3] = 0.080769
} 
Node 4: {
y_[node:4] = 1
xi_y_i_[y:80][node:4] = 0.075000
} 
Node 5: {
y_[node:5] = 1
xi_y_i_[y:80][node:5] = 0.000000
} 
Node 6: {
y_[node:6] = 1
xi_y_i_[y:80][node:6] = 0.001923
} 
Node 7: {
y_[node:7] = 0
xi_y_i_[y:80][node:7] = 0.000000
} 
Node 8: {
y_[node:8] = 0
xi_y_i_[y:80][node:8] = 0.000000
} 
Node 9: {
y_[node:9] = 0
xi_y_i_[y:80][node:9] = 0.001923
} 
Node 10: {
y_[node:10] = 0
xi_y_i_[y:80][node:10] = 0.075000
} 
Node 11: {
y_[node:11] = 1
xi_y_i_[y:80][node:11] = 0.001923
} 
Node 12: {
y_[node:12] = 1
xi_y_i_[y:80][node:12] = 0.144231
} 
Node 13: {
y_[node:13] = 1
xi_y_i_[y:80][node:13] = 0.080769
} 
Node 14: {
y_[node:14] = 0
xi_y_i_[y:80][node:14] = 0.084615
} 
Node 15: {
y_[node:15] = 0
xi_y_i_[y:80][node:15] = 0.150000
} 
Node 16: {
y_[node:16] = 0
xi_y_i_[y:80][node:16] = 0.000000
} 
Node 17: {
y_[node:17] = 0
xi_y_i_[y:80][node:17] = 0.000000
} 
Node 18: {
y_[node:18] = 0
xi_y_i_[y:80][node:18] = 0.150000
} 
Node 19: {
y_[node:19] = 0
xi_y_i_[y:80][node:19] = 0.150000
} 

 } 

 y = 84 { 
Node 1: {
y_[node:1] = 0
xi_y_i_[y:84][node:1] = 0.003846
} 
Node 2: {
y_[node:2] = 0
xi_y_i_[y:84][node:2] = 0.000000
} 
Node 3: {
y_[node:3] = 1
xi_y_i_[y:84][node:3] = 0.080769
} 
Node 4: {
y_[node:4] = 1
xi_y_i_[y:84][node:4] = 0.075000
} 
Node 5: {
y_[node:5] = 1
xi_y_i_[y:84][node:5] = 0.000000
} 
Node 6: {
y_[node:6] = 1
xi_y_i_[y:84][node:6] = 0.001923
} 
Node 7: {
y_[node:7] = 0
xi_y_i_[y:84][node:7] = 0.000000
} 
Node 8: {
y_[node:8] = 0
xi_y_i_[y:84][node:8] = 0.001923
} 
Node 9: {
y_[node:9] = 1
xi_y_i_[y:84][node:9] = 0.000000
} 
Node 10: {
y_[node:10] = 0
xi_y_i_[y:84][node:10] = 0.075000
} 
Node 11: {
y_[node:11] = 1
xi_y_i_[y:84][node:11] = 0.001923
} 
Node 12: {
y_[node:12] = 1
xi_y_i_[y:84][node:12] = 0.144231
} 
Node 13: {
y_[node:13] = 1
xi_y_i_[y:84][node:13] = 0.080769
} 
Node 14: {
y_[node:14] = 0
xi_y_i_[y:84][node:14] = 0.084615
} 
Node 15: {
y_[node:15] = 0
xi_y_i_[y:84][node:15] = 0.150000
} 
Node 16: {
y_[node:16] = 0
xi_y_i_[y:84][node:16] = 0.000000
} 
Node 17: {
y_[node:17] = 0
xi_y_i_[y:84][node:17] = 0.000000
} 
Node 18: {
y_[node:18] = 0
xi_y_i_[y:84][node:18] = 0.150000
} 
Node 19: {
y_[node:19] = 0
xi_y_i_[y:84][node:19] = 0.150000
} 

 } 

 y = 87 { 
Node 1: {
y_[node:1] = 1
xi_y_i_[y:87][node:1] = 0.003846
} 
Node 2: {
y_[node:2] = 0
xi_y_i_[y:87][node:2] = 0.000000
} 
Node 3: {
y_[node:3] = 1
xi_y_i_[y:87][node:3] = 0.080769
} 
Node 4: {
y_[node:4] = 0
xi_y_i_[y:87][node:4] = 0.000000
} 
Node 5: {
y_[node:5] = 0
xi_y_i_[y:87][node:5] = 0.000000
} 
Node 6: {
y_[node:6] = 1
xi_y_i_[y:87][node:6] = 0.001923
} 
Node 7: {
y_[node:7] = 1
xi_y_i_[y:87][node:7] = 0.000000
} 
Node 8: {
y_[node:8] = 1
xi_y_i_[y:87][node:8] = 0.076923
} 
Node 9: {
y_[node:9] = 0
xi_y_i_[y:87][node:9] = 0.000000
} 
Node 10: {
y_[node:10] = 1
xi_y_i_[y:87][node:10] = 0.075000
} 
Node 11: {
y_[node:11] = 1
xi_y_i_[y:87][node:11] = 0.001923
} 
Node 12: {
y_[node:12] = 1
xi_y_i_[y:87][node:12] = 0.144231
} 
Node 13: {
y_[node:13] = 0
xi_y_i_[y:87][node:13] = 0.080769
} 
Node 14: {
y_[node:14] = 0
xi_y_i_[y:87][node:14] = 0.084615
} 
Node 15: {
y_[node:15] = 0
xi_y_i_[y:87][node:15] = 0.150000
} 
Node 16: {
y_[node:16] = 0
xi_y_i_[y:87][node:16] = 0.000000
} 
Node 17: {
y_[node:17] = 0
xi_y_i_[y:87][node:17] = 0.000000
} 
Node 18: {
y_[node:18] = 0
xi_y_i_[y:87][node:18] = 0.150000
} 
Node 19: {
y_[node:19] = 0
xi_y_i_[y:87][node:19] = 0.150000
} 

 } 

 y = 115 { 
Node 1: {
y_[node:1] = 1
xi_y_i_[y:115][node:1] = 0.003846
} 
Node 2: {
y_[node:2] = 0
xi_y_i_[y:115][node:2] = 0.000000
} 
Node 3: {
y_[node:3] = 0
xi_y_i_[y:115][node:3] = 0.080769
} 
Node 4: {
y_[node:4] = 0
xi_y_i_[y:115][node:4] = 0.000000
} 
Node 5: {
y_[node:5] = 0
xi_y_i_[y:115][node:5] = 0.065385
} 
Node 6: {
y_[node:6] = 0
xi_y_i_[y:115][node:6] = 0.001923
} 
Node 7: {
y_[node:7] = 0
xi_y_i_[y:115][node:7] = 0.000000
} 
Node 8: {
y_[node:8] = 1
xi_y_i_[y:115][node:8] = 0.011538
} 
Node 9: {
y_[node:9] = 1
xi_y_i_[y:115][node:9] = 0.000000
} 
Node 10: {
y_[node:10] = 1
xi_y_i_[y:115][node:10] = 0.075000
} 
Node 11: {
y_[node:11] = 0
xi_y_i_[y:115][node:11] = 0.001923
} 
Node 12: {
y_[node:12] = 1
xi_y_i_[y:115][node:12] = 0.144231
} 
Node 13: {
y_[node:13] = 0
xi_y_i_[y:115][node:13] = 0.080769
} 
Node 14: {
y_[node:14] = 0
xi_y_i_[y:115][node:14] = 0.084615
} 
Node 15: {
y_[node:15] = 0
xi_y_i_[y:115][node:15] = 0.150000
} 
Node 16: {
y_[node:16] = 0
xi_y_i_[y:115][node:16] = 0.000000
} 
Node 17: {
y_[node:17] = 0
xi_y_i_[y:115][node:17] = 0.000000
} 
Node 18: {
y_[node:18] = 0
xi_y_i_[y:115][node:18] = 0.150000
} 
Node 19: {
y_[node:19] = 1
xi_y_i_[y:115][node:19] = 0.150000
} 

 } 

 y = 124 { 
Node 1: {
y_[node:1] = 1
xi_y_i_[y:124][node:1] = 0.003846
} 
Node 2: {
y_[node:2] = 0
xi_y_i_[y:124][node:2] = 0.000000
} 
Node 3: {
y_[node:3] = 1
xi_y_i_[y:124][node:3] = 0.080769
} 
Node 4: {
y_[node:4] = 0
xi_y_i_[y:124][node:4] = 0.076923
} 
Node 5: {
y_[node:5] = 0
xi_y_i_[y:124][node:5] = 0.000000
} 
Node 6: {
y_[node:6] = 0
xi_y_i_[y:124][node:6] = 0.001923
} 
Node 7: {
y_[node:7] = 0
xi_y_i_[y:124][node:7] = 0.000000
} 
Node 8: {
y_[node:8] = 0
xi_y_i_[y:124][node:8] = 0.000000
} 
Node 9: {
y_[node:9] = 1
xi_y_i_[y:124][node:9] = 0.000000
} 
Node 10: {
y_[node:10] = 1
xi_y_i_[y:124][node:10] = 0.075000
} 
Node 11: {
y_[node:11] = 0
xi_y_i_[y:124][node:11] = 0.001923
} 
Node 12: {
y_[node:12] = 1
xi_y_i_[y:124][node:12] = 0.144231
} 
Node 13: {
y_[node:13] = 1
xi_y_i_[y:124][node:13] = 0.080769
} 
Node 14: {
y_[node:14] = 0
xi_y_i_[y:124][node:14] = 0.084615
} 
Node 15: {
y_[node:15] = 0
xi_y_i_[y:124][node:15] = 0.150000
} 
Node 16: {
y_[node:16] = 0
xi_y_i_[y:124][node:16] = 0.000000
} 
Node 17: {
y_[node:17] = 0
xi_y_i_[y:124][node:17] = 0.000000
} 
Node 18: {
y_[node:18] = 0
xi_y_i_[y:124][node:18] = 0.150000
} 
Node 19: {
y_[node:19] = 0
xi_y_i_[y:124][node:19] = 0.150000
} 

 } 

 y = 131 { 
Node 1: {
y_[node:1] = 0
xi_y_i_[y:131][node:1] = 0.003846
} 
Node 2: {
y_[node:2] = 0
xi_y_i_[y:131][node:2] = 0.000000
} 
Node 3: {
y_[node:3] = 0
xi_y_i_[y:131][node:3] = 0.080769
} 
Node 4: {
y_[node:4] = 0
xi_y_i_[y:131][node:4] = 0.076923
} 
Node 5: {
y_[node:5] = 0
xi_y_i_[y:131][node:5] = 0.000000
} 
Node 6: {
y_[node:6] = 0
xi_y_i_[y:131][node:6] = 0.001923
} 
Node 7: {
y_[node:7] = 1
xi_y_i_[y:131][node:7] = 0.000000
} 
Node 8: {
y_[node:8] = 0
xi_y_i_[y:131][node:8] = 0.000000
} 
Node 9: {
y_[node:9] = 0
xi_y_i_[y:131][node:9] = 0.000000
} 
Node 10: {
y_[node:10] = 1
xi_y_i_[y:131][node:10] = 0.075000
} 
Node 11: {
y_[node:11] = 0
xi_y_i_[y:131][node:11] = 0.001923
} 
Node 12: {
y_[node:12] = 1
xi_y_i_[y:131][node:12] = 0.144231
} 
Node 13: {
y_[node:13] = 1
xi_y_i_[y:131][node:13] = 0.080769
} 
Node 14: {
y_[node:14] = 1
xi_y_i_[y:131][node:14] = 0.084615
} 
Node 15: {
y_[node:15] = 0
xi_y_i_[y:131][node:15] = 0.150000
} 
Node 16: {
y_[node:16] = 0
xi_y_i_[y:131][node:16] = 0.000000
} 
Node 17: {
y_[node:17] = 0
xi_y_i_[y:131][node:17] = 0.000000
} 
Node 18: {
y_[node:18] = 0
xi_y_i_[y:131][node:18] = 0.150000
} 
Node 19: {
y_[node:19] = 0
xi_y_i_[y:131][node:19] = 0.150000
} 

 } 

 y = 146 { 
Node 1: {
y_[node:1] = 0
xi_y_i_[y:146][node:1] = 0.003846
} 
Node 2: {
y_[node:2] = 0
xi_y_i_[y:146][node:2] = 0.000000
} 
Node 3: {
y_[node:3] = 1
xi_y_i_[y:146][node:3] = 0.080769
} 
Node 4: {
y_[node:4] = 1
xi_y_i_[y:146][node:4] = 0.000000
} 
Node 5: {
y_[node:5] = 1
xi_y_i_[y:146][node:5] = 0.076923
} 
Node 6: {
y_[node:6] = 0
xi_y_i_[y:146][node:6] = 0.001923
} 
Node 7: {
y_[node:7] = 0
xi_y_i_[y:146][node:7] = 0.000000
} 
Node 8: {
y_[node:8] = 1
xi_y_i_[y:146][node:8] = 0.000000
} 
Node 9: {
y_[node:9] = 1
xi_y_i_[y:146][node:9] = 0.000000
} 
Node 10: {
y_[node:10] = 1
xi_y_i_[y:146][node:10] = 0.075000
} 
Node 11: {
y_[node:11] = 1
xi_y_i_[y:146][node:11] = 0.001923
} 
Node 12: {
y_[node:12] = 0
xi_y_i_[y:146][node:12] = 0.144231
} 
Node 13: {
y_[node:13] = 0
xi_y_i_[y:146][node:13] = 0.080769
} 
Node 14: {
y_[node:14] = 0
xi_y_i_[y:146][node:14] = 0.084615
} 
Node 15: {
y_[node:15] = 0
xi_y_i_[y:146][node:15] = 0.150000
} 
Node 16: {
y_[node:16] = 0
xi_y_i_[y:146][node:16] = 0.000000
} 
Node 17: {
y_[node:17] = 0
xi_y_i_[y:146][node:17] = 0.000000
} 
Node 18: {
y_[node:18] = 0
xi_y_i_[y:146][node:18] = 0.150000
} 
Node 19: {
y_[node:19] = 1
xi_y_i_[y:146][node:19] = 0.150000
} 

 } 

 y = 153 { 
Node 1: {
y_[node:1] = 1
xi_y_i_[y:153][node:1] = 0.003846
} 
Node 2: {
y_[node:2] = 0
xi_y_i_[y:153][node:2] = 0.000000
} 
Node 3: {
y_[node:3] = 0
xi_y_i_[y:153][node:3] = 0.080769
} 
Node 4: {
y_[node:4] = 0
xi_y_i_[y:153][node:4] = 0.000000
} 
Node 5: {
y_[node:5] = 0
xi_y_i_[y:153][node:5] = 0.005770
} 
Node 6: {
y_[node:6] = 0
xi_y_i_[y:153][node:6] = 0.001923
} 
Node 7: {
y_[node:7] = 0
xi_y_i_[y:153][node:7] = 0.000000
} 
Node 8: {
y_[node:8] = 1
xi_y_i_[y:153][node:8] = 0.000000
} 
Node 9: {
y_[node:9] = 1
xi_y_i_[y:153][node:9] = 0.071154
} 
Node 10: {
y_[node:10] = 1
xi_y_i_[y:153][node:10] = 0.075000
} 
Node 11: {
y_[node:11] = 0
xi_y_i_[y:153][node:11] = 0.001923
} 
Node 12: {
y_[node:12] = 0
xi_y_i_[y:153][node:12] = 0.144231
} 
Node 13: {
y_[node:13] = 0
xi_y_i_[y:153][node:13] = 0.080769
} 
Node 14: {
y_[node:14] = 1
xi_y_i_[y:153][node:14] = 0.084615
} 
Node 15: {
y_[node:15] = 1
xi_y_i_[y:153][node:15] = 0.150000
} 
Node 16: {
y_[node:16] = 1
xi_y_i_[y:153][node:16] = 0.000000
} 
Node 17: {
y_[node:17] = 0
xi_y_i_[y:153][node:17] = 0.000000
} 
Node 18: {
y_[node:18] = 0
xi_y_i_[y:153][node:18] = 0.150000
} 
Node 19: {
y_[node:19] = 0
xi_y_i_[y:153][node:19] = 0.150000
} 

 } 
Legenda_Model:Instance_Name	Network_Name	Num_Nodes	Num_Prof_Nodes	Max_Tour_Duration	Max_Num_Discoveries	Max_Discoveries_Fraction	Best_LB	Best_Ub	Cplex_Gap	Root_Node_LB	Branch_and_Cut_Elapsed_Time	Starting_Cuts_Elapsed_Time	Tot_Time	Num_Logic_Benders_Cuts	Number_Starting_Scenarios	Num_BandC_Nodes	Number_Discoveries	Profit_cost	Discovery_cost	Card_Y	Num_Tight_Y	US_Type	US_Param	US_Tot_Det_Profit
Table_Model:tsi_prob_2_mod_budget_23_D1_md075_US2_USpar15	tsi_prob_2_mod_budget_23	21	19	2300	15	0.750000	-0.384615	-0.384615	0.000000	0.000000	67.905000	33.660000	101.565000	80	0	0	15	-0.384615	0.000000	154	34	2	0.150000	450.000000
