++++ Instance Info ++++
Instance name: tsi_prob_1_mod_1_budget_20_D1_md075_US2_USpar5
Network name: tsi_prob_1_mod_1_budget_20
Number of nodes: 32
Number of profitable nodes: 30
Max number of discovery: 23
Max duration: 2000
Alrijne Collecting Time: 360.000000
++++ Uncertainty  ++++
Uncertainty Set Type: 2
Uncertainty Set Parameter: 0.050000
Total Deterministic Profit in the Network: 285.000000
++++ Solution of the Model ++++
-----------------------------------------------
Objective:
Best Lower Bound: -0.164615
Best upper bound: -0.164615
Elapsed time Branch-and-Cut: 138.769000
Elapsed time Starting Cuts: 278.248000
Cplex Gap: 0.000000
B&C nodes: 0
Number Logic Benders Cuts: 89
Number Starting Scenarios: 0
Cardinality of Y: 76
Number of Tight y in the sub-problem: 42

Variables Master Problem:

Phi =-0.164615 

Discoveries: w_i (i is a profitable node). 
 w_[node:1] = 1.000000
 w_[node:2] = 1.000000
 w_[node:3] = 1.000000
 w_[node:4] = 1.000000
 w_[node:5] = 1.000000
 w_[node:6] = 1.000000
 w_[node:7] = 1.000000
 w_[node:8] = 1.000000
 w_[node:9] = 1.000000
 w_[node:10] = 1.000000
 w_[node:11] = 1.000000
 w_[node:12] = 1.000000
 w_[node:13] = 1.000000
 w_[node:14] = 1.000000
 w_[node:15] = 1.000000
 w_[node:16] = 1.000000
 w_[node:17] = 1.000000
 w_[node:18] = 1.000000
 w_[node:19] = 1.000000
 w_[node:20] = 1.000000
 w_[node:21] = 1.000000
 w_[node:27] = 1.000000
 w_[node:28] = 1.000000

Scenarios and Tight Ys Sub-Problem

Overline Scenario: ovxi_i (i is a profitable node). 
 ov_xi_[node:1] = 0.050000
 ov_xi_[node:2] = 0.040769
 ov_xi_[node:3] = 0.050000
 ov_xi_[node:4] = 0.040769
 ov_xi_[node:5] = 0.000000
 ov_xi_[node:6] = 0.033077
 ov_xi_[node:7] = 0.007692
 ov_xi_[node:8] = 0.033077
 ov_xi_[node:9] = 0.040769
 ov_xi_[node:10] = 0.033077
 ov_xi_[node:11] = 0.033077
 ov_xi_[node:12] = 0.000000
 ov_xi_[node:13] = 0.050000
 ov_xi_[node:14] = 0.050000
 ov_xi_[node:15] = 0.050000
 ov_xi_[node:16] = 0.040769
 ov_xi_[node:17] = 0.040769
 ov_xi_[node:18] = 0.000000
 ov_xi_[node:19] = 0.008462
 ov_xi_[node:20] = 0.008462
 ov_xi_[node:21] = 0.024615
 ov_xi_[node:22] = 0.050000
 ov_xi_[node:23] = 0.050000
 ov_xi_[node:24] = 0.000000
 ov_xi_[node:25] = 0.031538
 ov_xi_[node:26] = 0.050000
 ov_xi_[node:27] = 0.033077
 ov_xi_[node:28] = 0.050000
 ov_xi_[node:29] = 0.050000
 ov_xi_[node:30] = 0.050000

 Tigth Ys: 

 y = 0 { 
Node 1: {
y_[node:1] = 0
xi_y_i_[y:0][node:1] = 0.050000
} 
Node 2: {
y_[node:2] = 0
xi_y_i_[y:0][node:2] = 0.040769
} 
Node 3: {
y_[node:3] = 0
xi_y_i_[y:0][node:3] = 0.050000
} 
Node 4: {
y_[node:4] = 0
xi_y_i_[y:0][node:4] = 0.040769
} 
Node 5: {
y_[node:5] = 0
xi_y_i_[y:0][node:5] = 0.000000
} 
Node 6: {
y_[node:6] = 0
xi_y_i_[y:0][node:6] = 0.033077
} 
Node 7: {
y_[node:7] = 1
xi_y_i_[y:0][node:7] = 0.007692
} 
Node 8: {
y_[node:8] = 1
xi_y_i_[y:0][node:8] = 0.033077
} 
Node 9: {
y_[node:9] = 1
xi_y_i_[y:0][node:9] = 0.040769
} 
Node 10: {
y_[node:10] = 1
xi_y_i_[y:0][node:10] = 0.033077
} 
Node 11: {
y_[node:11] = 1
xi_y_i_[y:0][node:11] = 0.033077
} 
Node 12: {
y_[node:12] = 1
xi_y_i_[y:0][node:12] = 0.000000
} 
Node 13: {
y_[node:13] = 0
xi_y_i_[y:0][node:13] = 0.050000
} 
Node 14: {
y_[node:14] = 0
xi_y_i_[y:0][node:14] = 0.050000
} 
Node 15: {
y_[node:15] = 0
xi_y_i_[y:0][node:15] = 0.050000
} 
Node 16: {
y_[node:16] = 0
xi_y_i_[y:0][node:16] = 0.040769
} 
Node 17: {
y_[node:17] = 0
xi_y_i_[y:0][node:17] = 0.040769
} 
Node 18: {
y_[node:18] = 1
xi_y_i_[y:0][node:18] = 0.000000
} 
Node 19: {
y_[node:19] = 1
xi_y_i_[y:0][node:19] = 0.008462
} 
Node 20: {
y_[node:20] = 1
xi_y_i_[y:0][node:20] = 0.008462
} 
Node 21: {
y_[node:21] = 0
xi_y_i_[y:0][node:21] = 0.024615
} 
Node 22: {
y_[node:22] = 0
xi_y_i_[y:0][node:22] = 0.050000
} 
Node 23: {
y_[node:23] = 0
xi_y_i_[y:0][node:23] = 0.050000
} 
Node 24: {
y_[node:24] = 0
xi_y_i_[y:0][node:24] = 0.000000
} 
Node 25: {
y_[node:25] = 0
xi_y_i_[y:0][node:25] = 0.031538
} 
Node 26: {
y_[node:26] = 0
xi_y_i_[y:0][node:26] = 0.050000
} 
Node 27: {
y_[node:27] = 0
xi_y_i_[y:0][node:27] = 0.033077
} 
Node 28: {
y_[node:28] = 0
xi_y_i_[y:0][node:28] = 0.050000
} 
Node 29: {
y_[node:29] = 0
xi_y_i_[y:0][node:29] = 0.050000
} 
Node 30: {
y_[node:30] = 0
xi_y_i_[y:0][node:30] = 0.050000
} 

 } 

 y = 1 { 
Node 1: {
y_[node:1] = 0
xi_y_i_[y:1][node:1] = 0.050000
} 
Node 2: {
y_[node:2] = 1
xi_y_i_[y:1][node:2] = 0.040769
} 
Node 3: {
y_[node:3] = 1
xi_y_i_[y:1][node:3] = 0.050000
} 
Node 4: {
y_[node:4] = 1
xi_y_i_[y:1][node:4] = 0.040769
} 
Node 5: {
y_[node:5] = 1
xi_y_i_[y:1][node:5] = 0.000000
} 
Node 6: {
y_[node:6] = 1
xi_y_i_[y:1][node:6] = 0.033077
} 
Node 7: {
y_[node:7] = 0
xi_y_i_[y:1][node:7] = 0.007692
} 
Node 8: {
y_[node:8] = 0
xi_y_i_[y:1][node:8] = 0.033077
} 
Node 9: {
y_[node:9] = 0
xi_y_i_[y:1][node:9] = 0.040769
} 
Node 10: {
y_[node:10] = 0
xi_y_i_[y:1][node:10] = 0.033077
} 
Node 11: {
y_[node:11] = 0
xi_y_i_[y:1][node:11] = 0.033077
} 
Node 12: {
y_[node:12] = 0
xi_y_i_[y:1][node:12] = 0.000000
} 
Node 13: {
y_[node:13] = 0
xi_y_i_[y:1][node:13] = 0.050000
} 
Node 14: {
y_[node:14] = 0
xi_y_i_[y:1][node:14] = 0.050000
} 
Node 15: {
y_[node:15] = 0
xi_y_i_[y:1][node:15] = 0.050000
} 
Node 16: {
y_[node:16] = 0
xi_y_i_[y:1][node:16] = 0.040769
} 
Node 17: {
y_[node:17] = 0
xi_y_i_[y:1][node:17] = 0.040769
} 
Node 18: {
y_[node:18] = 0
xi_y_i_[y:1][node:18] = 0.000000
} 
Node 19: {
y_[node:19] = 0
xi_y_i_[y:1][node:19] = 0.008462
} 
Node 20: {
y_[node:20] = 0
xi_y_i_[y:1][node:20] = 0.008462
} 
Node 21: {
y_[node:21] = 0
xi_y_i_[y:1][node:21] = 0.024615
} 
Node 22: {
y_[node:22] = 0
xi_y_i_[y:1][node:22] = 0.050000
} 
Node 23: {
y_[node:23] = 0
xi_y_i_[y:1][node:23] = 0.050000
} 
Node 24: {
y_[node:24] = 0
xi_y_i_[y:1][node:24] = 0.000000
} 
Node 25: {
y_[node:25] = 0
xi_y_i_[y:1][node:25] = 0.031538
} 
Node 26: {
y_[node:26] = 0
xi_y_i_[y:1][node:26] = 0.050000
} 
Node 27: {
y_[node:27] = 0
xi_y_i_[y:1][node:27] = 0.033077
} 
Node 28: {
y_[node:28] = 0
xi_y_i_[y:1][node:28] = 0.050000
} 
Node 29: {
y_[node:29] = 0
xi_y_i_[y:1][node:29] = 0.050000
} 
Node 30: {
y_[node:30] = 0
xi_y_i_[y:1][node:30] = 0.050000
} 

 } 

 y = 2 { 
Node 1: {
y_[node:1] = 0
xi_y_i_[y:2][node:1] = 0.050000
} 
Node 2: {
y_[node:2] = 0
xi_y_i_[y:2][node:2] = 0.040769
} 
Node 3: {
y_[node:3] = 0
xi_y_i_[y:2][node:3] = 0.050000
} 
Node 4: {
y_[node:4] = 0
xi_y_i_[y:2][node:4] = 0.040769
} 
Node 5: {
y_[node:5] = 0
xi_y_i_[y:2][node:5] = 0.000000
} 
Node 6: {
y_[node:6] = 0
xi_y_i_[y:2][node:6] = 0.033077
} 
Node 7: {
y_[node:7] = 0
xi_y_i_[y:2][node:7] = 0.007692
} 
Node 8: {
y_[node:8] = 0
xi_y_i_[y:2][node:8] = 0.033077
} 
Node 9: {
y_[node:9] = 0
xi_y_i_[y:2][node:9] = 0.040769
} 
Node 10: {
y_[node:10] = 0
xi_y_i_[y:2][node:10] = 0.033077
} 
Node 11: {
y_[node:11] = 0
xi_y_i_[y:2][node:11] = 0.033077
} 
Node 12: {
y_[node:12] = 0
xi_y_i_[y:2][node:12] = 0.000000
} 
Node 13: {
y_[node:13] = 0
xi_y_i_[y:2][node:13] = 0.050000
} 
Node 14: {
y_[node:14] = 0
xi_y_i_[y:2][node:14] = 0.050000
} 
Node 15: {
y_[node:15] = 0
xi_y_i_[y:2][node:15] = 0.050000
} 
Node 16: {
y_[node:16] = 0
xi_y_i_[y:2][node:16] = 0.040769
} 
Node 17: {
y_[node:17] = 0
xi_y_i_[y:2][node:17] = 0.040769
} 
Node 18: {
y_[node:18] = 0
xi_y_i_[y:2][node:18] = 0.000000
} 
Node 19: {
y_[node:19] = 1
xi_y_i_[y:2][node:19] = 0.008462
} 
Node 20: {
y_[node:20] = 0
xi_y_i_[y:2][node:20] = 0.008462
} 
Node 21: {
y_[node:21] = 1
xi_y_i_[y:2][node:21] = 0.024615
} 
Node 22: {
y_[node:22] = 1
xi_y_i_[y:2][node:22] = 0.050000
} 
Node 23: {
y_[node:23] = 0
xi_y_i_[y:2][node:23] = 0.050000
} 
Node 24: {
y_[node:24] = 0
xi_y_i_[y:2][node:24] = 0.050000
} 
Node 25: {
y_[node:25] = 1
xi_y_i_[y:2][node:25] = 0.000000
} 
Node 26: {
y_[node:26] = 1
xi_y_i_[y:2][node:26] = 0.031538
} 
Node 27: {
y_[node:27] = 0
xi_y_i_[y:2][node:27] = 0.033077
} 
Node 28: {
y_[node:28] = 0
xi_y_i_[y:2][node:28] = 0.050000
} 
Node 29: {
y_[node:29] = 0
xi_y_i_[y:2][node:29] = 0.050000
} 
Node 30: {
y_[node:30] = 1
xi_y_i_[y:2][node:30] = 0.050000
} 

 } 

 y = 4 { 
Node 1: {
y_[node:1] = 1
xi_y_i_[y:4][node:1] = 0.050000
} 
Node 2: {
y_[node:2] = 1
xi_y_i_[y:4][node:2] = 0.040769
} 
Node 3: {
y_[node:3] = 0
xi_y_i_[y:4][node:3] = 0.050000
} 
Node 4: {
y_[node:4] = 0
xi_y_i_[y:4][node:4] = 0.040769
} 
Node 5: {
y_[node:5] = 1
xi_y_i_[y:4][node:5] = 0.000000
} 
Node 6: {
y_[node:6] = 1
xi_y_i_[y:4][node:6] = 0.033077
} 
Node 7: {
y_[node:7] = 1
xi_y_i_[y:4][node:7] = 0.007692
} 
Node 8: {
y_[node:8] = 1
xi_y_i_[y:4][node:8] = 0.033077
} 
Node 9: {
y_[node:9] = 0
xi_y_i_[y:4][node:9] = 0.040769
} 
Node 10: {
y_[node:10] = 0
xi_y_i_[y:4][node:10] = 0.033077
} 
Node 11: {
y_[node:11] = 0
xi_y_i_[y:4][node:11] = 0.033077
} 
Node 12: {
y_[node:12] = 0
xi_y_i_[y:4][node:12] = 0.000000
} 
Node 13: {
y_[node:13] = 0
xi_y_i_[y:4][node:13] = 0.050000
} 
Node 14: {
y_[node:14] = 0
xi_y_i_[y:4][node:14] = 0.050000
} 
Node 15: {
y_[node:15] = 0
xi_y_i_[y:4][node:15] = 0.050000
} 
Node 16: {
y_[node:16] = 0
xi_y_i_[y:4][node:16] = 0.040769
} 
Node 17: {
y_[node:17] = 0
xi_y_i_[y:4][node:17] = 0.040769
} 
Node 18: {
y_[node:18] = 1
xi_y_i_[y:4][node:18] = 0.000000
} 
Node 19: {
y_[node:19] = 0
xi_y_i_[y:4][node:19] = 0.008462
} 
Node 20: {
y_[node:20] = 0
xi_y_i_[y:4][node:20] = 0.008462
} 
Node 21: {
y_[node:21] = 0
xi_y_i_[y:4][node:21] = 0.024615
} 
Node 22: {
y_[node:22] = 0
xi_y_i_[y:4][node:22] = 0.050000
} 
Node 23: {
y_[node:23] = 0
xi_y_i_[y:4][node:23] = 0.050000
} 
Node 24: {
y_[node:24] = 0
xi_y_i_[y:4][node:24] = 0.000000
} 
Node 25: {
y_[node:25] = 0
xi_y_i_[y:4][node:25] = 0.031538
} 
Node 26: {
y_[node:26] = 0
xi_y_i_[y:4][node:26] = 0.050000
} 
Node 27: {
y_[node:27] = 0
xi_y_i_[y:4][node:27] = 0.033077
} 
Node 28: {
y_[node:28] = 0
xi_y_i_[y:4][node:28] = 0.050000
} 
Node 29: {
y_[node:29] = 0
xi_y_i_[y:4][node:29] = 0.050000
} 
Node 30: {
y_[node:30] = 0
xi_y_i_[y:4][node:30] = 0.050000
} 

 } 

 y = 5 { 
Node 1: {
y_[node:1] = 0
xi_y_i_[y:5][node:1] = 0.050000
} 
Node 2: {
y_[node:2] = 0
xi_y_i_[y:5][node:2] = 0.040769
} 
Node 3: {
y_[node:3] = 0
xi_y_i_[y:5][node:3] = 0.050000
} 
Node 4: {
y_[node:4] = 0
xi_y_i_[y:5][node:4] = 0.040769
} 
Node 5: {
y_[node:5] = 0
xi_y_i_[y:5][node:5] = 0.000000
} 
Node 6: {
y_[node:6] = 0
xi_y_i_[y:5][node:6] = 0.033077
} 
Node 7: {
y_[node:7] = 0
xi_y_i_[y:5][node:7] = 0.007692
} 
Node 8: {
y_[node:8] = 0
xi_y_i_[y:5][node:8] = 0.033077
} 
Node 9: {
y_[node:9] = 0
xi_y_i_[y:5][node:9] = 0.040769
} 
Node 10: {
y_[node:10] = 0
xi_y_i_[y:5][node:10] = 0.033077
} 
Node 11: {
y_[node:11] = 0
xi_y_i_[y:5][node:11] = 0.033077
} 
Node 12: {
y_[node:12] = 0
xi_y_i_[y:5][node:12] = 0.000000
} 
Node 13: {
y_[node:13] = 0
xi_y_i_[y:5][node:13] = 0.050000
} 
Node 14: {
y_[node:14] = 0
xi_y_i_[y:5][node:14] = 0.050000
} 
Node 15: {
y_[node:15] = 0
xi_y_i_[y:5][node:15] = 0.050000
} 
Node 16: {
y_[node:16] = 0
xi_y_i_[y:5][node:16] = 0.040769
} 
Node 17: {
y_[node:17] = 0
xi_y_i_[y:5][node:17] = 0.040769
} 
Node 18: {
y_[node:18] = 0
xi_y_i_[y:5][node:18] = 0.000000
} 
Node 19: {
y_[node:19] = 0
xi_y_i_[y:5][node:19] = 0.008462
} 
Node 20: {
y_[node:20] = 0
xi_y_i_[y:5][node:20] = 0.008462
} 
Node 21: {
y_[node:21] = 0
xi_y_i_[y:5][node:21] = 0.024615
} 
Node 22: {
y_[node:22] = 0
xi_y_i_[y:5][node:22] = 0.050000
} 
Node 23: {
y_[node:23] = 0
xi_y_i_[y:5][node:23] = 0.050000
} 
Node 24: {
y_[node:24] = 0
xi_y_i_[y:5][node:24] = 0.000000
} 
Node 25: {
y_[node:25] = 0
xi_y_i_[y:5][node:25] = 0.050000
} 
Node 26: {
y_[node:26] = 1
xi_y_i_[y:5][node:26] = 0.031538
} 
Node 27: {
y_[node:27] = 1
xi_y_i_[y:5][node:27] = 0.033077
} 
Node 28: {
y_[node:28] = 0
xi_y_i_[y:5][node:28] = 0.050000
} 
Node 29: {
y_[node:29] = 1
xi_y_i_[y:5][node:29] = 0.050000
} 
Node 30: {
y_[node:30] = 1
xi_y_i_[y:5][node:30] = 0.050000
} 

 } 

 y = 6 { 
Node 1: {
y_[node:1] = 0
xi_y_i_[y:6][node:1] = 0.050000
} 
Node 2: {
y_[node:2] = 0
xi_y_i_[y:6][node:2] = 0.040769
} 
Node 3: {
y_[node:3] = 0
xi_y_i_[y:6][node:3] = 0.050000
} 
Node 4: {
y_[node:4] = 0
xi_y_i_[y:6][node:4] = 0.040769
} 
Node 5: {
y_[node:5] = 0
xi_y_i_[y:6][node:5] = 0.000000
} 
Node 6: {
y_[node:6] = 0
xi_y_i_[y:6][node:6] = 0.033077
} 
Node 7: {
y_[node:7] = 0
xi_y_i_[y:6][node:7] = 0.007692
} 
Node 8: {
y_[node:8] = 0
xi_y_i_[y:6][node:8] = 0.033077
} 
Node 9: {
y_[node:9] = 0
xi_y_i_[y:6][node:9] = 0.040769
} 
Node 10: {
y_[node:10] = 0
xi_y_i_[y:6][node:10] = 0.033077
} 
Node 11: {
y_[node:11] = 0
xi_y_i_[y:6][node:11] = 0.033077
} 
Node 12: {
y_[node:12] = 0
xi_y_i_[y:6][node:12] = 0.000000
} 
Node 13: {
y_[node:13] = 0
xi_y_i_[y:6][node:13] = 0.050000
} 
Node 14: {
y_[node:14] = 0
xi_y_i_[y:6][node:14] = 0.050000
} 
Node 15: {
y_[node:15] = 0
xi_y_i_[y:6][node:15] = 0.050000
} 
Node 16: {
y_[node:16] = 1
xi_y_i_[y:6][node:16] = 0.040769
} 
Node 17: {
y_[node:17] = 1
xi_y_i_[y:6][node:17] = 0.040769
} 
Node 18: {
y_[node:18] = 0
xi_y_i_[y:6][node:18] = 0.000000
} 
Node 19: {
y_[node:19] = 0
xi_y_i_[y:6][node:19] = 0.008462
} 
Node 20: {
y_[node:20] = 0
xi_y_i_[y:6][node:20] = 0.008462
} 
Node 21: {
y_[node:21] = 0
xi_y_i_[y:6][node:21] = 0.024615
} 
Node 22: {
y_[node:22] = 0
xi_y_i_[y:6][node:22] = 0.050000
} 
Node 23: {
y_[node:23] = 0
xi_y_i_[y:6][node:23] = 0.050000
} 
Node 24: {
y_[node:24] = 0
xi_y_i_[y:6][node:24] = 0.000000
} 
Node 25: {
y_[node:25] = 0
xi_y_i_[y:6][node:25] = 0.031538
} 
Node 26: {
y_[node:26] = 0
xi_y_i_[y:6][node:26] = 0.050000
} 
Node 27: {
y_[node:27] = 1
xi_y_i_[y:6][node:27] = 0.033077
} 
Node 28: {
y_[node:28] = 1
xi_y_i_[y:6][node:28] = 0.050000
} 
Node 29: {
y_[node:29] = 0
xi_y_i_[y:6][node:29] = 0.050000
} 
Node 30: {
y_[node:30] = 0
xi_y_i_[y:6][node:30] = 0.050000
} 

 } 

 y = 7 { 
Node 1: {
y_[node:1] = 0
xi_y_i_[y:7][node:1] = 0.050000
} 
Node 2: {
y_[node:2] = 0
xi_y_i_[y:7][node:2] = 0.040769
} 
Node 3: {
y_[node:3] = 0
xi_y_i_[y:7][node:3] = 0.050000
} 
Node 4: {
y_[node:4] = 0
xi_y_i_[y:7][node:4] = 0.040769
} 
Node 5: {
y_[node:5] = 0
xi_y_i_[y:7][node:5] = 0.000000
} 
Node 6: {
y_[node:6] = 0
xi_y_i_[y:7][node:6] = 0.033077
} 
Node 7: {
y_[node:7] = 1
xi_y_i_[y:7][node:7] = 0.007692
} 
Node 8: {
y_[node:8] = 0
xi_y_i_[y:7][node:8] = 0.033077
} 
Node 9: {
y_[node:9] = 1
xi_y_i_[y:7][node:9] = 0.040769
} 
Node 10: {
y_[node:10] = 1
xi_y_i_[y:7][node:10] = 0.033077
} 
Node 11: {
y_[node:11] = 1
xi_y_i_[y:7][node:11] = 0.033077
} 
Node 12: {
y_[node:12] = 0
xi_y_i_[y:7][node:12] = 0.000000
} 
Node 13: {
y_[node:13] = 0
xi_y_i_[y:7][node:13] = 0.050000
} 
Node 14: {
y_[node:14] = 0
xi_y_i_[y:7][node:14] = 0.050000
} 
Node 15: {
y_[node:15] = 0
xi_y_i_[y:7][node:15] = 0.050000
} 
Node 16: {
y_[node:16] = 0
xi_y_i_[y:7][node:16] = 0.040769
} 
Node 17: {
y_[node:17] = 0
xi_y_i_[y:7][node:17] = 0.040769
} 
Node 18: {
y_[node:18] = 0
xi_y_i_[y:7][node:18] = 0.000000
} 
Node 19: {
y_[node:19] = 0
xi_y_i_[y:7][node:19] = 0.008462
} 
Node 20: {
y_[node:20] = 1
xi_y_i_[y:7][node:20] = 0.008462
} 
Node 21: {
y_[node:21] = 0
xi_y_i_[y:7][node:21] = 0.024615
} 
Node 22: {
y_[node:22] = 0
xi_y_i_[y:7][node:22] = 0.050000
} 
Node 23: {
y_[node:23] = 0
xi_y_i_[y:7][node:23] = 0.050000
} 
Node 24: {
y_[node:24] = 0
xi_y_i_[y:7][node:24] = 0.000000
} 
Node 25: {
y_[node:25] = 0
xi_y_i_[y:7][node:25] = 0.040000
} 
Node 26: {
y_[node:26] = 1
xi_y_i_[y:7][node:26] = 0.041538
} 
Node 27: {
y_[node:27] = 0
xi_y_i_[y:7][node:27] = 0.033077
} 
Node 28: {
y_[node:28] = 0
xi_y_i_[y:7][node:28] = 0.050000
} 
Node 29: {
y_[node:29] = 0
xi_y_i_[y:7][node:29] = 0.050000
} 
Node 30: {
y_[node:30] = 0
xi_y_i_[y:7][node:30] = 0.050000
} 

 } 

 y = 8 { 
Node 1: {
y_[node:1] = 0
xi_y_i_[y:8][node:1] = 0.050000
} 
Node 2: {
y_[node:2] = 0
xi_y_i_[y:8][node:2] = 0.040769
} 
Node 3: {
y_[node:3] = 0
xi_y_i_[y:8][node:3] = 0.050000
} 
Node 4: {
y_[node:4] = 0
xi_y_i_[y:8][node:4] = 0.040769
} 
Node 5: {
y_[node:5] = 0
xi_y_i_[y:8][node:5] = 0.000000
} 
Node 6: {
y_[node:6] = 0
xi_y_i_[y:8][node:6] = 0.033077
} 
Node 7: {
y_[node:7] = 0
xi_y_i_[y:8][node:7] = 0.007692
} 
Node 8: {
y_[node:8] = 0
xi_y_i_[y:8][node:8] = 0.033077
} 
Node 9: {
y_[node:9] = 0
xi_y_i_[y:8][node:9] = 0.040769
} 
Node 10: {
y_[node:10] = 0
xi_y_i_[y:8][node:10] = 0.033077
} 
Node 11: {
y_[node:11] = 0
xi_y_i_[y:8][node:11] = 0.033077
} 
Node 12: {
y_[node:12] = 0
xi_y_i_[y:8][node:12] = 0.000000
} 
Node 13: {
y_[node:13] = 0
xi_y_i_[y:8][node:13] = 0.050000
} 
Node 14: {
y_[node:14] = 0
xi_y_i_[y:8][node:14] = 0.050000
} 
Node 15: {
y_[node:15] = 0
xi_y_i_[y:8][node:15] = 0.050000
} 
Node 16: {
y_[node:16] = 0
xi_y_i_[y:8][node:16] = 0.040769
} 
Node 17: {
y_[node:17] = 0
xi_y_i_[y:8][node:17] = 0.040769
} 
Node 18: {
y_[node:18] = 1
xi_y_i_[y:8][node:18] = 0.000000
} 
Node 19: {
y_[node:19] = 0
xi_y_i_[y:8][node:19] = 0.008462
} 
Node 20: {
y_[node:20] = 1
xi_y_i_[y:8][node:20] = 0.008462
} 
Node 21: {
y_[node:21] = 1
xi_y_i_[y:8][node:21] = 0.024615
} 
Node 22: {
y_[node:22] = 1
xi_y_i_[y:8][node:22] = 0.050000
} 
Node 23: {
y_[node:23] = 0
xi_y_i_[y:8][node:23] = 0.050000
} 
Node 24: {
y_[node:24] = 0
xi_y_i_[y:8][node:24] = 0.050000
} 
Node 25: {
y_[node:25] = 0
xi_y_i_[y:8][node:25] = 0.000000
} 
Node 26: {
y_[node:26] = 1
xi_y_i_[y:8][node:26] = 0.031538
} 
Node 27: {
y_[node:27] = 0
xi_y_i_[y:8][node:27] = 0.033077
} 
Node 28: {
y_[node:28] = 0
xi_y_i_[y:8][node:28] = 0.050000
} 
Node 29: {
y_[node:29] = 0
xi_y_i_[y:8][node:29] = 0.050000
} 
Node 30: {
y_[node:30] = 1
xi_y_i_[y:8][node:30] = 0.050000
} 

 } 

 y = 11 { 
Node 1: {
y_[node:1] = 0
xi_y_i_[y:11][node:1] = 0.050000
} 
Node 2: {
y_[node:2] = 0
xi_y_i_[y:11][node:2] = 0.040769
} 
Node 3: {
y_[node:3] = 0
xi_y_i_[y:11][node:3] = 0.050000
} 
Node 4: {
y_[node:4] = 0
xi_y_i_[y:11][node:4] = 0.040769
} 
Node 5: {
y_[node:5] = 0
xi_y_i_[y:11][node:5] = 0.000000
} 
Node 6: {
y_[node:6] = 0
xi_y_i_[y:11][node:6] = 0.033077
} 
Node 7: {
y_[node:7] = 0
xi_y_i_[y:11][node:7] = 0.007692
} 
Node 8: {
y_[node:8] = 0
xi_y_i_[y:11][node:8] = 0.033077
} 
Node 9: {
y_[node:9] = 0
xi_y_i_[y:11][node:9] = 0.040769
} 
Node 10: {
y_[node:10] = 0
xi_y_i_[y:11][node:10] = 0.033077
} 
Node 11: {
y_[node:11] = 0
xi_y_i_[y:11][node:11] = 0.033077
} 
Node 12: {
y_[node:12] = 0
xi_y_i_[y:11][node:12] = 0.000000
} 
Node 13: {
y_[node:13] = 0
xi_y_i_[y:11][node:13] = 0.050000
} 
Node 14: {
y_[node:14] = 0
xi_y_i_[y:11][node:14] = 0.050000
} 
Node 15: {
y_[node:15] = 0
xi_y_i_[y:11][node:15] = 0.050000
} 
Node 16: {
y_[node:16] = 0
xi_y_i_[y:11][node:16] = 0.040769
} 
Node 17: {
y_[node:17] = 1
xi_y_i_[y:11][node:17] = 0.040769
} 
Node 18: {
y_[node:18] = 0
xi_y_i_[y:11][node:18] = 0.000000
} 
Node 19: {
y_[node:19] = 0
xi_y_i_[y:11][node:19] = 0.008462
} 
Node 20: {
y_[node:20] = 0
xi_y_i_[y:11][node:20] = 0.008462
} 
Node 21: {
y_[node:21] = 0
xi_y_i_[y:11][node:21] = 0.024615
} 
Node 22: {
y_[node:22] = 0
xi_y_i_[y:11][node:22] = 0.050000
} 
Node 23: {
y_[node:23] = 0
xi_y_i_[y:11][node:23] = 0.050000
} 
Node 24: {
y_[node:24] = 0
xi_y_i_[y:11][node:24] = 0.040769
} 
Node 25: {
y_[node:25] = 1
xi_y_i_[y:11][node:25] = 0.000000
} 
Node 26: {
y_[node:26] = 1
xi_y_i_[y:11][node:26] = 0.040769
} 
Node 27: {
y_[node:27] = 1
xi_y_i_[y:11][node:27] = 0.033077
} 
Node 28: {
y_[node:28] = 0
xi_y_i_[y:11][node:28] = 0.050000
} 
Node 29: {
y_[node:29] = 0
xi_y_i_[y:11][node:29] = 0.050000
} 
Node 30: {
y_[node:30] = 1
xi_y_i_[y:11][node:30] = 0.050000
} 

 } 

 y = 13 { 
Node 1: {
y_[node:1] = 1
xi_y_i_[y:13][node:1] = 0.050000
} 
Node 2: {
y_[node:2] = 1
xi_y_i_[y:13][node:2] = 0.040769
} 
Node 3: {
y_[node:3] = 0
xi_y_i_[y:13][node:3] = 0.050000
} 
Node 4: {
y_[node:4] = 1
xi_y_i_[y:13][node:4] = 0.040769
} 
Node 5: {
y_[node:5] = 1
xi_y_i_[y:13][node:5] = 0.000000
} 
Node 6: {
y_[node:6] = 1
xi_y_i_[y:13][node:6] = 0.033077
} 
Node 7: {
y_[node:7] = 0
xi_y_i_[y:13][node:7] = 0.007692
} 
Node 8: {
y_[node:8] = 0
xi_y_i_[y:13][node:8] = 0.033077
} 
Node 9: {
y_[node:9] = 0
xi_y_i_[y:13][node:9] = 0.040769
} 
Node 10: {
y_[node:10] = 0
xi_y_i_[y:13][node:10] = 0.033077
} 
Node 11: {
y_[node:11] = 0
xi_y_i_[y:13][node:11] = 0.033077
} 
Node 12: {
y_[node:12] = 1
xi_y_i_[y:13][node:12] = 0.000000
} 
Node 13: {
y_[node:13] = 0
xi_y_i_[y:13][node:13] = 0.050000
} 
Node 14: {
y_[node:14] = 0
xi_y_i_[y:13][node:14] = 0.050000
} 
Node 15: {
y_[node:15] = 0
xi_y_i_[y:13][node:15] = 0.050000
} 
Node 16: {
y_[node:16] = 0
xi_y_i_[y:13][node:16] = 0.040769
} 
Node 17: {
y_[node:17] = 0
xi_y_i_[y:13][node:17] = 0.040769
} 
Node 18: {
y_[node:18] = 0
xi_y_i_[y:13][node:18] = 0.000000
} 
Node 19: {
y_[node:19] = 0
xi_y_i_[y:13][node:19] = 0.008462
} 
Node 20: {
y_[node:20] = 0
xi_y_i_[y:13][node:20] = 0.008462
} 
Node 21: {
y_[node:21] = 0
xi_y_i_[y:13][node:21] = 0.024615
} 
Node 22: {
y_[node:22] = 0
xi_y_i_[y:13][node:22] = 0.050000
} 
Node 23: {
y_[node:23] = 0
xi_y_i_[y:13][node:23] = 0.050000
} 
Node 24: {
y_[node:24] = 0
xi_y_i_[y:13][node:24] = 0.000000
} 
Node 25: {
y_[node:25] = 0
xi_y_i_[y:13][node:25] = 0.031538
} 
Node 26: {
y_[node:26] = 0
xi_y_i_[y:13][node:26] = 0.050000
} 
Node 27: {
y_[node:27] = 0
xi_y_i_[y:13][node:27] = 0.033077
} 
Node 28: {
y_[node:28] = 0
xi_y_i_[y:13][node:28] = 0.050000
} 
Node 29: {
y_[node:29] = 0
xi_y_i_[y:13][node:29] = 0.050000
} 
Node 30: {
y_[node:30] = 0
xi_y_i_[y:13][node:30] = 0.050000
} 

 } 

 y = 14 { 
Node 1: {
y_[node:1] = 0
xi_y_i_[y:14][node:1] = 0.050000
} 
Node 2: {
y_[node:2] = 0
xi_y_i_[y:14][node:2] = 0.040769
} 
Node 3: {
y_[node:3] = 0
xi_y_i_[y:14][node:3] = 0.050000
} 
Node 4: {
y_[node:4] = 0
xi_y_i_[y:14][node:4] = 0.040769
} 
Node 5: {
y_[node:5] = 0
xi_y_i_[y:14][node:5] = 0.000000
} 
Node 6: {
y_[node:6] = 0
xi_y_i_[y:14][node:6] = 0.033077
} 
Node 7: {
y_[node:7] = 0
xi_y_i_[y:14][node:7] = 0.007692
} 
Node 8: {
y_[node:8] = 0
xi_y_i_[y:14][node:8] = 0.033077
} 
Node 9: {
y_[node:9] = 0
xi_y_i_[y:14][node:9] = 0.040769
} 
Node 10: {
y_[node:10] = 0
xi_y_i_[y:14][node:10] = 0.033077
} 
Node 11: {
y_[node:11] = 1
xi_y_i_[y:14][node:11] = 0.033077
} 
Node 12: {
y_[node:12] = 0
xi_y_i_[y:14][node:12] = 0.000000
} 
Node 13: {
y_[node:13] = 0
xi_y_i_[y:14][node:13] = 0.050000
} 
Node 14: {
y_[node:14] = 0
xi_y_i_[y:14][node:14] = 0.050000
} 
Node 15: {
y_[node:15] = 0
xi_y_i_[y:14][node:15] = 0.050000
} 
Node 16: {
y_[node:16] = 0
xi_y_i_[y:14][node:16] = 0.040769
} 
Node 17: {
y_[node:17] = 0
xi_y_i_[y:14][node:17] = 0.040769
} 
Node 18: {
y_[node:18] = 0
xi_y_i_[y:14][node:18] = 0.000000
} 
Node 19: {
y_[node:19] = 0
xi_y_i_[y:14][node:19] = 0.008462
} 
Node 20: {
y_[node:20] = 1
xi_y_i_[y:14][node:20] = 0.008462
} 
Node 21: {
y_[node:21] = 0
xi_y_i_[y:14][node:21] = 0.024615
} 
Node 22: {
y_[node:22] = 0
xi_y_i_[y:14][node:22] = 0.050000
} 
Node 23: {
y_[node:23] = 0
xi_y_i_[y:14][node:23] = 0.050000
} 
Node 24: {
y_[node:24] = 0
xi_y_i_[y:14][node:24] = 0.000000
} 
Node 25: {
y_[node:25] = 1
xi_y_i_[y:14][node:25] = 0.040000
} 
Node 26: {
y_[node:26] = 0
xi_y_i_[y:14][node:26] = 0.050000
} 
Node 27: {
y_[node:27] = 1
xi_y_i_[y:14][node:27] = 0.033077
} 
Node 28: {
y_[node:28] = 0
xi_y_i_[y:14][node:28] = 0.050000
} 
Node 29: {
y_[node:29] = 0
xi_y_i_[y:14][node:29] = 0.041538
} 
Node 30: {
y_[node:30] = 1
xi_y_i_[y:14][node:30] = 0.050000
} 

 } 

 y = 16 { 
Node 1: {
y_[node:1] = 0
xi_y_i_[y:16][node:1] = 0.050000
} 
Node 2: {
y_[node:2] = 0
xi_y_i_[y:16][node:2] = 0.040769
} 
Node 3: {
y_[node:3] = 0
xi_y_i_[y:16][node:3] = 0.050000
} 
Node 4: {
y_[node:4] = 0
xi_y_i_[y:16][node:4] = 0.040769
} 
Node 5: {
y_[node:5] = 0
xi_y_i_[y:16][node:5] = 0.000000
} 
Node 6: {
y_[node:6] = 0
xi_y_i_[y:16][node:6] = 0.033077
} 
Node 7: {
y_[node:7] = 0
xi_y_i_[y:16][node:7] = 0.007692
} 
Node 8: {
y_[node:8] = 0
xi_y_i_[y:16][node:8] = 0.033077
} 
Node 9: {
y_[node:9] = 0
xi_y_i_[y:16][node:9] = 0.040769
} 
Node 10: {
y_[node:10] = 0
xi_y_i_[y:16][node:10] = 0.033077
} 
Node 11: {
y_[node:11] = 0
xi_y_i_[y:16][node:11] = 0.033077
} 
Node 12: {
y_[node:12] = 0
xi_y_i_[y:16][node:12] = 0.000000
} 
Node 13: {
y_[node:13] = 0
xi_y_i_[y:16][node:13] = 0.050000
} 
Node 14: {
y_[node:14] = 0
xi_y_i_[y:16][node:14] = 0.050000
} 
Node 15: {
y_[node:15] = 0
xi_y_i_[y:16][node:15] = 0.050000
} 
Node 16: {
y_[node:16] = 0
xi_y_i_[y:16][node:16] = 0.040769
} 
Node 17: {
y_[node:17] = 0
xi_y_i_[y:16][node:17] = 0.040769
} 
Node 18: {
y_[node:18] = 1
xi_y_i_[y:16][node:18] = 0.000000
} 
Node 19: {
y_[node:19] = 0
xi_y_i_[y:16][node:19] = 0.008462
} 
Node 20: {
y_[node:20] = 1
xi_y_i_[y:16][node:20] = 0.008462
} 
Node 21: {
y_[node:21] = 1
xi_y_i_[y:16][node:21] = 0.024615
} 
Node 22: {
y_[node:22] = 1
xi_y_i_[y:16][node:22] = 0.050000
} 
Node 23: {
y_[node:23] = 0
xi_y_i_[y:16][node:23] = 0.050000
} 
Node 24: {
y_[node:24] = 0
xi_y_i_[y:16][node:24] = 0.050000
} 
Node 25: {
y_[node:25] = 1
xi_y_i_[y:16][node:25] = 0.031538
} 
Node 26: {
y_[node:26] = 1
xi_y_i_[y:16][node:26] = 0.000000
} 
Node 27: {
y_[node:27] = 0
xi_y_i_[y:16][node:27] = 0.033077
} 
Node 28: {
y_[node:28] = 0
xi_y_i_[y:16][node:28] = 0.050000
} 
Node 29: {
y_[node:29] = 0
xi_y_i_[y:16][node:29] = 0.050000
} 
Node 30: {
y_[node:30] = 1
xi_y_i_[y:16][node:30] = 0.050000
} 

 } 

 y = 17 { 
Node 1: {
y_[node:1] = 0
xi_y_i_[y:17][node:1] = 0.050000
} 
Node 2: {
y_[node:2] = 0
xi_y_i_[y:17][node:2] = 0.040769
} 
Node 3: {
y_[node:3] = 0
xi_y_i_[y:17][node:3] = 0.050000
} 
Node 4: {
y_[node:4] = 0
xi_y_i_[y:17][node:4] = 0.040769
} 
Node 5: {
y_[node:5] = 0
xi_y_i_[y:17][node:5] = 0.000000
} 
Node 6: {
y_[node:6] = 0
xi_y_i_[y:17][node:6] = 0.033077
} 
Node 7: {
y_[node:7] = 0
xi_y_i_[y:17][node:7] = 0.007692
} 
Node 8: {
y_[node:8] = 1
xi_y_i_[y:17][node:8] = 0.033077
} 
Node 9: {
y_[node:9] = 1
xi_y_i_[y:17][node:9] = 0.040769
} 
Node 10: {
y_[node:10] = 0
xi_y_i_[y:17][node:10] = 0.033077
} 
Node 11: {
y_[node:11] = 1
xi_y_i_[y:17][node:11] = 0.033077
} 
Node 12: {
y_[node:12] = 0
xi_y_i_[y:17][node:12] = 0.000000
} 
Node 13: {
y_[node:13] = 0
xi_y_i_[y:17][node:13] = 0.050000
} 
Node 14: {
y_[node:14] = 0
xi_y_i_[y:17][node:14] = 0.050000
} 
Node 15: {
y_[node:15] = 0
xi_y_i_[y:17][node:15] = 0.050000
} 
Node 16: {
y_[node:16] = 0
xi_y_i_[y:17][node:16] = 0.040769
} 
Node 17: {
y_[node:17] = 0
xi_y_i_[y:17][node:17] = 0.040769
} 
Node 18: {
y_[node:18] = 0
xi_y_i_[y:17][node:18] = 0.000000
} 
Node 19: {
y_[node:19] = 0
xi_y_i_[y:17][node:19] = 0.008462
} 
Node 20: {
y_[node:20] = 1
xi_y_i_[y:17][node:20] = 0.008462
} 
Node 21: {
y_[node:21] = 0
xi_y_i_[y:17][node:21] = 0.024615
} 
Node 22: {
y_[node:22] = 0
xi_y_i_[y:17][node:22] = 0.050000
} 
Node 23: {
y_[node:23] = 0
xi_y_i_[y:17][node:23] = 0.050000
} 
Node 24: {
y_[node:24] = 0
xi_y_i_[y:17][node:24] = 0.032308
} 
Node 25: {
y_[node:25] = 1
xi_y_i_[y:17][node:25] = 0.000000
} 
Node 26: {
y_[node:26] = 1
xi_y_i_[y:17][node:26] = 0.049231
} 
Node 27: {
y_[node:27] = 0
xi_y_i_[y:17][node:27] = 0.033077
} 
Node 28: {
y_[node:28] = 0
xi_y_i_[y:17][node:28] = 0.050000
} 
Node 29: {
y_[node:29] = 0
xi_y_i_[y:17][node:29] = 0.050000
} 
Node 30: {
y_[node:30] = 0
xi_y_i_[y:17][node:30] = 0.050000
} 

 } 

 y = 18 { 
Node 1: {
y_[node:1] = 0
xi_y_i_[y:18][node:1] = 0.050000
} 
Node 2: {
y_[node:2] = 0
xi_y_i_[y:18][node:2] = 0.040769
} 
Node 3: {
y_[node:3] = 0
xi_y_i_[y:18][node:3] = 0.050000
} 
Node 4: {
y_[node:4] = 0
xi_y_i_[y:18][node:4] = 0.040769
} 
Node 5: {
y_[node:5] = 0
xi_y_i_[y:18][node:5] = 0.000000
} 
Node 6: {
y_[node:6] = 0
xi_y_i_[y:18][node:6] = 0.033077
} 
Node 7: {
y_[node:7] = 0
xi_y_i_[y:18][node:7] = 0.007692
} 
Node 8: {
y_[node:8] = 0
xi_y_i_[y:18][node:8] = 0.033077
} 
Node 9: {
y_[node:9] = 0
xi_y_i_[y:18][node:9] = 0.040769
} 
Node 10: {
y_[node:10] = 0
xi_y_i_[y:18][node:10] = 0.033077
} 
Node 11: {
y_[node:11] = 0
xi_y_i_[y:18][node:11] = 0.033077
} 
Node 12: {
y_[node:12] = 0
xi_y_i_[y:18][node:12] = 0.000000
} 
Node 13: {
y_[node:13] = 0
xi_y_i_[y:18][node:13] = 0.050000
} 
Node 14: {
y_[node:14] = 0
xi_y_i_[y:18][node:14] = 0.050000
} 
Node 15: {
y_[node:15] = 0
xi_y_i_[y:18][node:15] = 0.050000
} 
Node 16: {
y_[node:16] = 0
xi_y_i_[y:18][node:16] = 0.040769
} 
Node 17: {
y_[node:17] = 0
xi_y_i_[y:18][node:17] = 0.040769
} 
Node 18: {
y_[node:18] = 0
xi_y_i_[y:18][node:18] = 0.000000
} 
Node 19: {
y_[node:19] = 0
xi_y_i_[y:18][node:19] = 0.008462
} 
Node 20: {
y_[node:20] = 0
xi_y_i_[y:18][node:20] = 0.008462
} 
Node 21: {
y_[node:21] = 0
xi_y_i_[y:18][node:21] = 0.024615
} 
Node 22: {
y_[node:22] = 0
xi_y_i_[y:18][node:22] = 0.050000
} 
Node 23: {
y_[node:23] = 0
xi_y_i_[y:18][node:23] = 0.050000
} 
Node 24: {
y_[node:24] = 0
xi_y_i_[y:18][node:24] = 0.050000
} 
Node 25: {
y_[node:25] = 1
xi_y_i_[y:18][node:25] = 0.000000
} 
Node 26: {
y_[node:26] = 1
xi_y_i_[y:18][node:26] = 0.031538
} 
Node 27: {
y_[node:27] = 1
xi_y_i_[y:18][node:27] = 0.033077
} 
Node 28: {
y_[node:28] = 0
xi_y_i_[y:18][node:28] = 0.050000
} 
Node 29: {
y_[node:29] = 1
xi_y_i_[y:18][node:29] = 0.050000
} 
Node 30: {
y_[node:30] = 1
xi_y_i_[y:18][node:30] = 0.050000
} 

 } 

 y = 20 { 
Node 1: {
y_[node:1] = 0
xi_y_i_[y:20][node:1] = 0.050000
} 
Node 2: {
y_[node:2] = 0
xi_y_i_[y:20][node:2] = 0.040769
} 
Node 3: {
y_[node:3] = 0
xi_y_i_[y:20][node:3] = 0.050000
} 
Node 4: {
y_[node:4] = 0
xi_y_i_[y:20][node:4] = 0.040769
} 
Node 5: {
y_[node:5] = 0
xi_y_i_[y:20][node:5] = 0.000000
} 
Node 6: {
y_[node:6] = 0
xi_y_i_[y:20][node:6] = 0.033077
} 
Node 7: {
y_[node:7] = 0
xi_y_i_[y:20][node:7] = 0.007692
} 
Node 8: {
y_[node:8] = 1
xi_y_i_[y:20][node:8] = 0.033077
} 
Node 9: {
y_[node:9] = 1
xi_y_i_[y:20][node:9] = 0.040769
} 
Node 10: {
y_[node:10] = 1
xi_y_i_[y:20][node:10] = 0.033077
} 
Node 11: {
y_[node:11] = 1
xi_y_i_[y:20][node:11] = 0.033077
} 
Node 12: {
y_[node:12] = 0
xi_y_i_[y:20][node:12] = 0.000000
} 
Node 13: {
y_[node:13] = 0
xi_y_i_[y:20][node:13] = 0.050000
} 
Node 14: {
y_[node:14] = 0
xi_y_i_[y:20][node:14] = 0.050000
} 
Node 15: {
y_[node:15] = 0
xi_y_i_[y:20][node:15] = 0.050000
} 
Node 16: {
y_[node:16] = 0
xi_y_i_[y:20][node:16] = 0.040769
} 
Node 17: {
y_[node:17] = 0
xi_y_i_[y:20][node:17] = 0.040769
} 
Node 18: {
y_[node:18] = 0
xi_y_i_[y:20][node:18] = 0.000000
} 
Node 19: {
y_[node:19] = 0
xi_y_i_[y:20][node:19] = 0.008462
} 
Node 20: {
y_[node:20] = 0
xi_y_i_[y:20][node:20] = 0.008462
} 
Node 21: {
y_[node:21] = 1
xi_y_i_[y:20][node:21] = 0.024615
} 
Node 22: {
y_[node:22] = 0
xi_y_i_[y:20][node:22] = 0.050000
} 
Node 23: {
y_[node:23] = 0
xi_y_i_[y:20][node:23] = 0.050000
} 
Node 24: {
y_[node:24] = 0
xi_y_i_[y:20][node:24] = 0.000000
} 
Node 25: {
y_[node:25] = 0
xi_y_i_[y:20][node:25] = 0.031538
} 
Node 26: {
y_[node:26] = 0
xi_y_i_[y:20][node:26] = 0.050000
} 
Node 27: {
y_[node:27] = 0
xi_y_i_[y:20][node:27] = 0.033077
} 
Node 28: {
y_[node:28] = 0
xi_y_i_[y:20][node:28] = 0.050000
} 
Node 29: {
y_[node:29] = 0
xi_y_i_[y:20][node:29] = 0.050000
} 
Node 30: {
y_[node:30] = 0
xi_y_i_[y:20][node:30] = 0.050000
} 

 } 

 y = 21 { 
Node 1: {
y_[node:1] = 1
xi_y_i_[y:21][node:1] = 0.050000
} 
Node 2: {
y_[node:2] = 0
xi_y_i_[y:21][node:2] = 0.040769
} 
Node 3: {
y_[node:3] = 0
xi_y_i_[y:21][node:3] = 0.050000
} 
Node 4: {
y_[node:4] = 0
xi_y_i_[y:21][node:4] = 0.040769
} 
Node 5: {
y_[node:5] = 0
xi_y_i_[y:21][node:5] = 0.000000
} 
Node 6: {
y_[node:6] = 0
xi_y_i_[y:21][node:6] = 0.033077
} 
Node 7: {
y_[node:7] = 1
xi_y_i_[y:21][node:7] = 0.007692
} 
Node 8: {
y_[node:8] = 0
xi_y_i_[y:21][node:8] = 0.033077
} 
Node 9: {
y_[node:9] = 1
xi_y_i_[y:21][node:9] = 0.040769
} 
Node 10: {
y_[node:10] = 1
xi_y_i_[y:21][node:10] = 0.033077
} 
Node 11: {
y_[node:11] = 1
xi_y_i_[y:21][node:11] = 0.033077
} 
Node 12: {
y_[node:12] = 0
xi_y_i_[y:21][node:12] = 0.000000
} 
Node 13: {
y_[node:13] = 0
xi_y_i_[y:21][node:13] = 0.050000
} 
Node 14: {
y_[node:14] = 0
xi_y_i_[y:21][node:14] = 0.050000
} 
Node 15: {
y_[node:15] = 0
xi_y_i_[y:21][node:15] = 0.050000
} 
Node 16: {
y_[node:16] = 0
xi_y_i_[y:21][node:16] = 0.040769
} 
Node 17: {
y_[node:17] = 0
xi_y_i_[y:21][node:17] = 0.040769
} 
Node 18: {
y_[node:18] = 0
xi_y_i_[y:21][node:18] = 0.000000
} 
Node 19: {
y_[node:19] = 0
xi_y_i_[y:21][node:19] = 0.008462
} 
Node 20: {
y_[node:20] = 0
xi_y_i_[y:21][node:20] = 0.008462
} 
Node 21: {
y_[node:21] = 0
xi_y_i_[y:21][node:21] = 0.024615
} 
Node 22: {
y_[node:22] = 0
xi_y_i_[y:21][node:22] = 0.050000
} 
Node 23: {
y_[node:23] = 0
xi_y_i_[y:21][node:23] = 0.050000
} 
Node 24: {
y_[node:24] = 0
xi_y_i_[y:21][node:24] = 0.000000
} 
Node 25: {
y_[node:25] = 0
xi_y_i_[y:21][node:25] = 0.031538
} 
Node 26: {
y_[node:26] = 0
xi_y_i_[y:21][node:26] = 0.050000
} 
Node 27: {
y_[node:27] = 0
xi_y_i_[y:21][node:27] = 0.033077
} 
Node 28: {
y_[node:28] = 0
xi_y_i_[y:21][node:28] = 0.050000
} 
Node 29: {
y_[node:29] = 0
xi_y_i_[y:21][node:29] = 0.050000
} 
Node 30: {
y_[node:30] = 0
xi_y_i_[y:21][node:30] = 0.050000
} 

 } 

 y = 22 { 
Node 1: {
y_[node:1] = 0
xi_y_i_[y:22][node:1] = 0.050000
} 
Node 2: {
y_[node:2] = 0
xi_y_i_[y:22][node:2] = 0.040769
} 
Node 3: {
y_[node:3] = 0
xi_y_i_[y:22][node:3] = 0.050000
} 
Node 4: {
y_[node:4] = 0
xi_y_i_[y:22][node:4] = 0.040769
} 
Node 5: {
y_[node:5] = 0
xi_y_i_[y:22][node:5] = 0.000000
} 
Node 6: {
y_[node:6] = 0
xi_y_i_[y:22][node:6] = 0.033077
} 
Node 7: {
y_[node:7] = 0
xi_y_i_[y:22][node:7] = 0.007692
} 
Node 8: {
y_[node:8] = 1
xi_y_i_[y:22][node:8] = 0.033077
} 
Node 9: {
y_[node:9] = 0
xi_y_i_[y:22][node:9] = 0.040769
} 
Node 10: {
y_[node:10] = 0
xi_y_i_[y:22][node:10] = 0.033077
} 
Node 11: {
y_[node:11] = 1
xi_y_i_[y:22][node:11] = 0.033077
} 
Node 12: {
y_[node:12] = 0
xi_y_i_[y:22][node:12] = 0.000000
} 
Node 13: {
y_[node:13] = 0
xi_y_i_[y:22][node:13] = 0.050000
} 
Node 14: {
y_[node:14] = 0
xi_y_i_[y:22][node:14] = 0.050000
} 
Node 15: {
y_[node:15] = 0
xi_y_i_[y:22][node:15] = 0.050000
} 
Node 16: {
y_[node:16] = 0
xi_y_i_[y:22][node:16] = 0.040769
} 
Node 17: {
y_[node:17] = 0
xi_y_i_[y:22][node:17] = 0.040769
} 
Node 18: {
y_[node:18] = 0
xi_y_i_[y:22][node:18] = 0.000000
} 
Node 19: {
y_[node:19] = 1
xi_y_i_[y:22][node:19] = 0.008462
} 
Node 20: {
y_[node:20] = 1
xi_y_i_[y:22][node:20] = 0.008462
} 
Node 21: {
y_[node:21] = 0
xi_y_i_[y:22][node:21] = 0.024615
} 
Node 22: {
y_[node:22] = 0
xi_y_i_[y:22][node:22] = 0.050000
} 
Node 23: {
y_[node:23] = 0
xi_y_i_[y:22][node:23] = 0.050000
} 
Node 24: {
y_[node:24] = 0
xi_y_i_[y:22][node:24] = 0.050000
} 
Node 25: {
y_[node:25] = 1
xi_y_i_[y:22][node:25] = 0.050000
} 
Node 26: {
y_[node:26] = 0
xi_y_i_[y:22][node:26] = 0.000000
} 
Node 27: {
y_[node:27] = 0
xi_y_i_[y:22][node:27] = 0.033077
} 
Node 28: {
y_[node:28] = 0
xi_y_i_[y:22][node:28] = 0.050000
} 
Node 29: {
y_[node:29] = 0
xi_y_i_[y:22][node:29] = 0.050000
} 
Node 30: {
y_[node:30] = 1
xi_y_i_[y:22][node:30] = 0.031538
} 

 } 

 y = 23 { 
Node 1: {
y_[node:1] = 0
xi_y_i_[y:23][node:1] = 0.050000
} 
Node 2: {
y_[node:2] = 0
xi_y_i_[y:23][node:2] = 0.040769
} 
Node 3: {
y_[node:3] = 0
xi_y_i_[y:23][node:3] = 0.050000
} 
Node 4: {
y_[node:4] = 0
xi_y_i_[y:23][node:4] = 0.040769
} 
Node 5: {
y_[node:5] = 0
xi_y_i_[y:23][node:5] = 0.000000
} 
Node 6: {
y_[node:6] = 0
xi_y_i_[y:23][node:6] = 0.033077
} 
Node 7: {
y_[node:7] = 1
xi_y_i_[y:23][node:7] = 0.007692
} 
Node 8: {
y_[node:8] = 1
xi_y_i_[y:23][node:8] = 0.033077
} 
Node 9: {
y_[node:9] = 1
xi_y_i_[y:23][node:9] = 0.040769
} 
Node 10: {
y_[node:10] = 1
xi_y_i_[y:23][node:10] = 0.033077
} 
Node 11: {
y_[node:11] = 1
xi_y_i_[y:23][node:11] = 0.033077
} 
Node 12: {
y_[node:12] = 0
xi_y_i_[y:23][node:12] = 0.000000
} 
Node 13: {
y_[node:13] = 0
xi_y_i_[y:23][node:13] = 0.050000
} 
Node 14: {
y_[node:14] = 0
xi_y_i_[y:23][node:14] = 0.050000
} 
Node 15: {
y_[node:15] = 0
xi_y_i_[y:23][node:15] = 0.050000
} 
Node 16: {
y_[node:16] = 0
xi_y_i_[y:23][node:16] = 0.040769
} 
Node 17: {
y_[node:17] = 0
xi_y_i_[y:23][node:17] = 0.040769
} 
Node 18: {
y_[node:18] = 0
xi_y_i_[y:23][node:18] = 0.000000
} 
Node 19: {
y_[node:19] = 1
xi_y_i_[y:23][node:19] = 0.008462
} 
Node 20: {
y_[node:20] = 1
xi_y_i_[y:23][node:20] = 0.008462
} 
Node 21: {
y_[node:21] = 0
xi_y_i_[y:23][node:21] = 0.024615
} 
Node 22: {
y_[node:22] = 0
xi_y_i_[y:23][node:22] = 0.050000
} 
Node 23: {
y_[node:23] = 0
xi_y_i_[y:23][node:23] = 0.050000
} 
Node 24: {
y_[node:24] = 0
xi_y_i_[y:23][node:24] = 0.031538
} 
Node 25: {
y_[node:25] = 0
xi_y_i_[y:23][node:25] = 0.050000
} 
Node 26: {
y_[node:26] = 1
xi_y_i_[y:23][node:26] = 0.000000
} 
Node 27: {
y_[node:27] = 0
xi_y_i_[y:23][node:27] = 0.033077
} 
Node 28: {
y_[node:28] = 0
xi_y_i_[y:23][node:28] = 0.050000
} 
Node 29: {
y_[node:29] = 0
xi_y_i_[y:23][node:29] = 0.050000
} 
Node 30: {
y_[node:30] = 0
xi_y_i_[y:23][node:30] = 0.050000
} 

 } 

 y = 24 { 
Node 1: {
y_[node:1] = 1
xi_y_i_[y:24][node:1] = 0.050000
} 
Node 2: {
y_[node:2] = 1
xi_y_i_[y:24][node:2] = 0.040769
} 
Node 3: {
y_[node:3] = 0
xi_y_i_[y:24][node:3] = 0.050000
} 
Node 4: {
y_[node:4] = 1
xi_y_i_[y:24][node:4] = 0.040769
} 
Node 5: {
y_[node:5] = 0
xi_y_i_[y:24][node:5] = 0.000000
} 
Node 6: {
y_[node:6] = 0
xi_y_i_[y:24][node:6] = 0.033077
} 
Node 7: {
y_[node:7] = 0
xi_y_i_[y:24][node:7] = 0.007692
} 
Node 8: {
y_[node:8] = 1
xi_y_i_[y:24][node:8] = 0.033077
} 
Node 9: {
y_[node:9] = 0
xi_y_i_[y:24][node:9] = 0.040769
} 
Node 10: {
y_[node:10] = 0
xi_y_i_[y:24][node:10] = 0.033077
} 
Node 11: {
y_[node:11] = 0
xi_y_i_[y:24][node:11] = 0.033077
} 
Node 12: {
y_[node:12] = 0
xi_y_i_[y:24][node:12] = 0.000000
} 
Node 13: {
y_[node:13] = 0
xi_y_i_[y:24][node:13] = 0.050000
} 
Node 14: {
y_[node:14] = 0
xi_y_i_[y:24][node:14] = 0.050000
} 
Node 15: {
y_[node:15] = 0
xi_y_i_[y:24][node:15] = 0.050000
} 
Node 16: {
y_[node:16] = 0
xi_y_i_[y:24][node:16] = 0.040769
} 
Node 17: {
y_[node:17] = 0
xi_y_i_[y:24][node:17] = 0.040769
} 
Node 18: {
y_[node:18] = 0
xi_y_i_[y:24][node:18] = 0.000000
} 
Node 19: {
y_[node:19] = 0
xi_y_i_[y:24][node:19] = 0.008462
} 
Node 20: {
y_[node:20] = 0
xi_y_i_[y:24][node:20] = 0.008462
} 
Node 21: {
y_[node:21] = 0
xi_y_i_[y:24][node:21] = 0.024615
} 
Node 22: {
y_[node:22] = 0
xi_y_i_[y:24][node:22] = 0.050000
} 
Node 23: {
y_[node:23] = 0
xi_y_i_[y:24][node:23] = 0.050000
} 
Node 24: {
y_[node:24] = 0
xi_y_i_[y:24][node:24] = 0.000000
} 
Node 25: {
y_[node:25] = 0
xi_y_i_[y:24][node:25] = 0.031538
} 
Node 26: {
y_[node:26] = 0
xi_y_i_[y:24][node:26] = 0.050000
} 
Node 27: {
y_[node:27] = 0
xi_y_i_[y:24][node:27] = 0.033077
} 
Node 28: {
y_[node:28] = 0
xi_y_i_[y:24][node:28] = 0.050000
} 
Node 29: {
y_[node:29] = 0
xi_y_i_[y:24][node:29] = 0.050000
} 
Node 30: {
y_[node:30] = 0
xi_y_i_[y:24][node:30] = 0.050000
} 

 } 

 y = 25 { 
Node 1: {
y_[node:1] = 1
xi_y_i_[y:25][node:1] = 0.050000
} 
Node 2: {
y_[node:2] = 0
xi_y_i_[y:25][node:2] = 0.040769
} 
Node 3: {
y_[node:3] = 0
xi_y_i_[y:25][node:3] = 0.050000
} 
Node 4: {
y_[node:4] = 0
xi_y_i_[y:25][node:4] = 0.040769
} 
Node 5: {
y_[node:5] = 0
xi_y_i_[y:25][node:5] = 0.000000
} 
Node 6: {
y_[node:6] = 0
xi_y_i_[y:25][node:6] = 0.033077
} 
Node 7: {
y_[node:7] = 1
xi_y_i_[y:25][node:7] = 0.007692
} 
Node 8: {
y_[node:8] = 1
xi_y_i_[y:25][node:8] = 0.033077
} 
Node 9: {
y_[node:9] = 1
xi_y_i_[y:25][node:9] = 0.040769
} 
Node 10: {
y_[node:10] = 1
xi_y_i_[y:25][node:10] = 0.033077
} 
Node 11: {
y_[node:11] = 0
xi_y_i_[y:25][node:11] = 0.033077
} 
Node 12: {
y_[node:12] = 0
xi_y_i_[y:25][node:12] = 0.000000
} 
Node 13: {
y_[node:13] = 0
xi_y_i_[y:25][node:13] = 0.050000
} 
Node 14: {
y_[node:14] = 0
xi_y_i_[y:25][node:14] = 0.050000
} 
Node 15: {
y_[node:15] = 0
xi_y_i_[y:25][node:15] = 0.050000
} 
Node 16: {
y_[node:16] = 0
xi_y_i_[y:25][node:16] = 0.040769
} 
Node 17: {
y_[node:17] = 0
xi_y_i_[y:25][node:17] = 0.040769
} 
Node 18: {
y_[node:18] = 0
xi_y_i_[y:25][node:18] = 0.000000
} 
Node 19: {
y_[node:19] = 0
xi_y_i_[y:25][node:19] = 0.008462
} 
Node 20: {
y_[node:20] = 0
xi_y_i_[y:25][node:20] = 0.008462
} 
Node 21: {
y_[node:21] = 0
xi_y_i_[y:25][node:21] = 0.024615
} 
Node 22: {
y_[node:22] = 0
xi_y_i_[y:25][node:22] = 0.050000
} 
Node 23: {
y_[node:23] = 0
xi_y_i_[y:25][node:23] = 0.050000
} 
Node 24: {
y_[node:24] = 0
xi_y_i_[y:25][node:24] = 0.000000
} 
Node 25: {
y_[node:25] = 0
xi_y_i_[y:25][node:25] = 0.031538
} 
Node 26: {
y_[node:26] = 0
xi_y_i_[y:25][node:26] = 0.050000
} 
Node 27: {
y_[node:27] = 0
xi_y_i_[y:25][node:27] = 0.033077
} 
Node 28: {
y_[node:28] = 0
xi_y_i_[y:25][node:28] = 0.050000
} 
Node 29: {
y_[node:29] = 0
xi_y_i_[y:25][node:29] = 0.050000
} 
Node 30: {
y_[node:30] = 0
xi_y_i_[y:25][node:30] = 0.050000
} 

 } 

 y = 26 { 
Node 1: {
y_[node:1] = 0
xi_y_i_[y:26][node:1] = 0.050000
} 
Node 2: {
y_[node:2] = 0
xi_y_i_[y:26][node:2] = 0.040769
} 
Node 3: {
y_[node:3] = 1
xi_y_i_[y:26][node:3] = 0.050000
} 
Node 4: {
y_[node:4] = 1
xi_y_i_[y:26][node:4] = 0.040769
} 
Node 5: {
y_[node:5] = 0
xi_y_i_[y:26][node:5] = 0.000000
} 
Node 6: {
y_[node:6] = 1
xi_y_i_[y:26][node:6] = 0.033077
} 
Node 7: {
y_[node:7] = 0
xi_y_i_[y:26][node:7] = 0.007692
} 
Node 8: {
y_[node:8] = 0
xi_y_i_[y:26][node:8] = 0.033077
} 
Node 9: {
y_[node:9] = 0
xi_y_i_[y:26][node:9] = 0.040769
} 
Node 10: {
y_[node:10] = 0
xi_y_i_[y:26][node:10] = 0.033077
} 
Node 11: {
y_[node:11] = 0
xi_y_i_[y:26][node:11] = 0.033077
} 
Node 12: {
y_[node:12] = 1
xi_y_i_[y:26][node:12] = 0.000000
} 
Node 13: {
y_[node:13] = 0
xi_y_i_[y:26][node:13] = 0.050000
} 
Node 14: {
y_[node:14] = 0
xi_y_i_[y:26][node:14] = 0.050000
} 
Node 15: {
y_[node:15] = 0
xi_y_i_[y:26][node:15] = 0.050000
} 
Node 16: {
y_[node:16] = 0
xi_y_i_[y:26][node:16] = 0.040769
} 
Node 17: {
y_[node:17] = 1
xi_y_i_[y:26][node:17] = 0.040769
} 
Node 18: {
y_[node:18] = 0
xi_y_i_[y:26][node:18] = 0.000000
} 
Node 19: {
y_[node:19] = 0
xi_y_i_[y:26][node:19] = 0.008462
} 
Node 20: {
y_[node:20] = 0
xi_y_i_[y:26][node:20] = 0.008462
} 
Node 21: {
y_[node:21] = 0
xi_y_i_[y:26][node:21] = 0.024615
} 
Node 22: {
y_[node:22] = 0
xi_y_i_[y:26][node:22] = 0.050000
} 
Node 23: {
y_[node:23] = 0
xi_y_i_[y:26][node:23] = 0.050000
} 
Node 24: {
y_[node:24] = 0
xi_y_i_[y:26][node:24] = 0.000000
} 
Node 25: {
y_[node:25] = 0
xi_y_i_[y:26][node:25] = 0.031538
} 
Node 26: {
y_[node:26] = 0
xi_y_i_[y:26][node:26] = 0.050000
} 
Node 27: {
y_[node:27] = 0
xi_y_i_[y:26][node:27] = 0.033077
} 
Node 28: {
y_[node:28] = 0
xi_y_i_[y:26][node:28] = 0.050000
} 
Node 29: {
y_[node:29] = 0
xi_y_i_[y:26][node:29] = 0.050000
} 
Node 30: {
y_[node:30] = 0
xi_y_i_[y:26][node:30] = 0.050000
} 

 } 

 y = 27 { 
Node 1: {
y_[node:1] = 1
xi_y_i_[y:27][node:1] = 0.050000
} 
Node 2: {
y_[node:2] = 0
xi_y_i_[y:27][node:2] = 0.040769
} 
Node 3: {
y_[node:3] = 0
xi_y_i_[y:27][node:3] = 0.050000
} 
Node 4: {
y_[node:4] = 1
xi_y_i_[y:27][node:4] = 0.040769
} 
Node 5: {
y_[node:5] = 1
xi_y_i_[y:27][node:5] = 0.000000
} 
Node 6: {
y_[node:6] = 1
xi_y_i_[y:27][node:6] = 0.033077
} 
Node 7: {
y_[node:7] = 1
xi_y_i_[y:27][node:7] = 0.007692
} 
Node 8: {
y_[node:8] = 1
xi_y_i_[y:27][node:8] = 0.033077
} 
Node 9: {
y_[node:9] = 0
xi_y_i_[y:27][node:9] = 0.040769
} 
Node 10: {
y_[node:10] = 0
xi_y_i_[y:27][node:10] = 0.033077
} 
Node 11: {
y_[node:11] = 0
xi_y_i_[y:27][node:11] = 0.033077
} 
Node 12: {
y_[node:12] = 0
xi_y_i_[y:27][node:12] = 0.000000
} 
Node 13: {
y_[node:13] = 0
xi_y_i_[y:27][node:13] = 0.050000
} 
Node 14: {
y_[node:14] = 0
xi_y_i_[y:27][node:14] = 0.050000
} 
Node 15: {
y_[node:15] = 0
xi_y_i_[y:27][node:15] = 0.050000
} 
Node 16: {
y_[node:16] = 0
xi_y_i_[y:27][node:16] = 0.040769
} 
Node 17: {
y_[node:17] = 0
xi_y_i_[y:27][node:17] = 0.040769
} 
Node 18: {
y_[node:18] = 0
xi_y_i_[y:27][node:18] = 0.000000
} 
Node 19: {
y_[node:19] = 0
xi_y_i_[y:27][node:19] = 0.008462
} 
Node 20: {
y_[node:20] = 0
xi_y_i_[y:27][node:20] = 0.008462
} 
Node 21: {
y_[node:21] = 0
xi_y_i_[y:27][node:21] = 0.024615
} 
Node 22: {
y_[node:22] = 0
xi_y_i_[y:27][node:22] = 0.050000
} 
Node 23: {
y_[node:23] = 0
xi_y_i_[y:27][node:23] = 0.050000
} 
Node 24: {
y_[node:24] = 0
xi_y_i_[y:27][node:24] = 0.000000
} 
Node 25: {
y_[node:25] = 0
xi_y_i_[y:27][node:25] = 0.031538
} 
Node 26: {
y_[node:26] = 0
xi_y_i_[y:27][node:26] = 0.050000
} 
Node 27: {
y_[node:27] = 0
xi_y_i_[y:27][node:27] = 0.033077
} 
Node 28: {
y_[node:28] = 0
xi_y_i_[y:27][node:28] = 0.050000
} 
Node 29: {
y_[node:29] = 0
xi_y_i_[y:27][node:29] = 0.050000
} 
Node 30: {
y_[node:30] = 0
xi_y_i_[y:27][node:30] = 0.050000
} 

 } 

 y = 33 { 
Node 1: {
y_[node:1] = 0
xi_y_i_[y:33][node:1] = 0.050000
} 
Node 2: {
y_[node:2] = 0
xi_y_i_[y:33][node:2] = 0.040769
} 
Node 3: {
y_[node:3] = 0
xi_y_i_[y:33][node:3] = 0.050000
} 
Node 4: {
y_[node:4] = 0
xi_y_i_[y:33][node:4] = 0.040769
} 
Node 5: {
y_[node:5] = 0
xi_y_i_[y:33][node:5] = 0.000000
} 
Node 6: {
y_[node:6] = 0
xi_y_i_[y:33][node:6] = 0.033077
} 
Node 7: {
y_[node:7] = 0
xi_y_i_[y:33][node:7] = 0.007692
} 
Node 8: {
y_[node:8] = 0
xi_y_i_[y:33][node:8] = 0.033077
} 
Node 9: {
y_[node:9] = 0
xi_y_i_[y:33][node:9] = 0.040769
} 
Node 10: {
y_[node:10] = 0
xi_y_i_[y:33][node:10] = 0.033077
} 
Node 11: {
y_[node:11] = 0
xi_y_i_[y:33][node:11] = 0.033077
} 
Node 12: {
y_[node:12] = 0
xi_y_i_[y:33][node:12] = 0.000000
} 
Node 13: {
y_[node:13] = 0
xi_y_i_[y:33][node:13] = 0.050000
} 
Node 14: {
y_[node:14] = 0
xi_y_i_[y:33][node:14] = 0.050000
} 
Node 15: {
y_[node:15] = 0
xi_y_i_[y:33][node:15] = 0.050000
} 
Node 16: {
y_[node:16] = 0
xi_y_i_[y:33][node:16] = 0.040769
} 
Node 17: {
y_[node:17] = 0
xi_y_i_[y:33][node:17] = 0.040769
} 
Node 18: {
y_[node:18] = 1
xi_y_i_[y:33][node:18] = 0.000000
} 
Node 19: {
y_[node:19] = 1
xi_y_i_[y:33][node:19] = 0.008462
} 
Node 20: {
y_[node:20] = 0
xi_y_i_[y:33][node:20] = 0.008462
} 
Node 21: {
y_[node:21] = 0
xi_y_i_[y:33][node:21] = 0.024615
} 
Node 22: {
y_[node:22] = 0
xi_y_i_[y:33][node:22] = 0.050000
} 
Node 23: {
y_[node:23] = 0
xi_y_i_[y:33][node:23] = 0.050000
} 
Node 24: {
y_[node:24] = 0
xi_y_i_[y:33][node:24] = 0.050000
} 
Node 25: {
y_[node:25] = 1
xi_y_i_[y:33][node:25] = 0.023077
} 
Node 26: {
y_[node:26] = 0
xi_y_i_[y:33][node:26] = 0.008462
} 
Node 27: {
y_[node:27] = 1
xi_y_i_[y:33][node:27] = 0.033077
} 
Node 28: {
y_[node:28] = 0
xi_y_i_[y:33][node:28] = 0.050000
} 
Node 29: {
y_[node:29] = 1
xi_y_i_[y:33][node:29] = 0.050000
} 
Node 30: {
y_[node:30] = 1
xi_y_i_[y:33][node:30] = 0.050000
} 

 } 

 y = 34 { 
Node 1: {
y_[node:1] = 0
xi_y_i_[y:34][node:1] = 0.050000
} 
Node 2: {
y_[node:2] = 0
xi_y_i_[y:34][node:2] = 0.040769
} 
Node 3: {
y_[node:3] = 1
xi_y_i_[y:34][node:3] = 0.050000
} 
Node 4: {
y_[node:4] = 1
xi_y_i_[y:34][node:4] = 0.040769
} 
Node 5: {
y_[node:5] = 1
xi_y_i_[y:34][node:5] = 0.000000
} 
Node 6: {
y_[node:6] = 1
xi_y_i_[y:34][node:6] = 0.033077
} 
Node 7: {
y_[node:7] = 0
xi_y_i_[y:34][node:7] = 0.007692
} 
Node 8: {
y_[node:8] = 0
xi_y_i_[y:34][node:8] = 0.033077
} 
Node 9: {
y_[node:9] = 0
xi_y_i_[y:34][node:9] = 0.040769
} 
Node 10: {
y_[node:10] = 0
xi_y_i_[y:34][node:10] = 0.033077
} 
Node 11: {
y_[node:11] = 0
xi_y_i_[y:34][node:11] = 0.033077
} 
Node 12: {
y_[node:12] = 0
xi_y_i_[y:34][node:12] = 0.000000
} 
Node 13: {
y_[node:13] = 0
xi_y_i_[y:34][node:13] = 0.050000
} 
Node 14: {
y_[node:14] = 0
xi_y_i_[y:34][node:14] = 0.050000
} 
Node 15: {
y_[node:15] = 0
xi_y_i_[y:34][node:15] = 0.050000
} 
Node 16: {
y_[node:16] = 0
xi_y_i_[y:34][node:16] = 0.040769
} 
Node 17: {
y_[node:17] = 1
xi_y_i_[y:34][node:17] = 0.040769
} 
Node 18: {
y_[node:18] = 0
xi_y_i_[y:34][node:18] = 0.000000
} 
Node 19: {
y_[node:19] = 0
xi_y_i_[y:34][node:19] = 0.008462
} 
Node 20: {
y_[node:20] = 0
xi_y_i_[y:34][node:20] = 0.008462
} 
Node 21: {
y_[node:21] = 0
xi_y_i_[y:34][node:21] = 0.024615
} 
Node 22: {
y_[node:22] = 0
xi_y_i_[y:34][node:22] = 0.050000
} 
Node 23: {
y_[node:23] = 0
xi_y_i_[y:34][node:23] = 0.050000
} 
Node 24: {
y_[node:24] = 0
xi_y_i_[y:34][node:24] = 0.000000
} 
Node 25: {
y_[node:25] = 0
xi_y_i_[y:34][node:25] = 0.031538
} 
Node 26: {
y_[node:26] = 0
xi_y_i_[y:34][node:26] = 0.050000
} 
Node 27: {
y_[node:27] = 0
xi_y_i_[y:34][node:27] = 0.033077
} 
Node 28: {
y_[node:28] = 0
xi_y_i_[y:34][node:28] = 0.050000
} 
Node 29: {
y_[node:29] = 0
xi_y_i_[y:34][node:29] = 0.050000
} 
Node 30: {
y_[node:30] = 0
xi_y_i_[y:34][node:30] = 0.050000
} 

 } 

 y = 35 { 
Node 1: {
y_[node:1] = 1
xi_y_i_[y:35][node:1] = 0.050000
} 
Node 2: {
y_[node:2] = 0
xi_y_i_[y:35][node:2] = 0.040769
} 
Node 3: {
y_[node:3] = 0
xi_y_i_[y:35][node:3] = 0.050000
} 
Node 4: {
y_[node:4] = 0
xi_y_i_[y:35][node:4] = 0.040769
} 
Node 5: {
y_[node:5] = 0
xi_y_i_[y:35][node:5] = 0.000000
} 
Node 6: {
y_[node:6] = 0
xi_y_i_[y:35][node:6] = 0.033077
} 
Node 7: {
y_[node:7] = 1
xi_y_i_[y:35][node:7] = 0.007692
} 
Node 8: {
y_[node:8] = 1
xi_y_i_[y:35][node:8] = 0.033077
} 
Node 9: {
y_[node:9] = 1
xi_y_i_[y:35][node:9] = 0.040769
} 
Node 10: {
y_[node:10] = 0
xi_y_i_[y:35][node:10] = 0.033077
} 
Node 11: {
y_[node:11] = 1
xi_y_i_[y:35][node:11] = 0.033077
} 
Node 12: {
y_[node:12] = 1
xi_y_i_[y:35][node:12] = 0.000000
} 
Node 13: {
y_[node:13] = 0
xi_y_i_[y:35][node:13] = 0.050000
} 
Node 14: {
y_[node:14] = 0
xi_y_i_[y:35][node:14] = 0.050000
} 
Node 15: {
y_[node:15] = 0
xi_y_i_[y:35][node:15] = 0.050000
} 
Node 16: {
y_[node:16] = 0
xi_y_i_[y:35][node:16] = 0.040769
} 
Node 17: {
y_[node:17] = 0
xi_y_i_[y:35][node:17] = 0.040769
} 
Node 18: {
y_[node:18] = 0
xi_y_i_[y:35][node:18] = 0.000000
} 
Node 19: {
y_[node:19] = 0
xi_y_i_[y:35][node:19] = 0.008462
} 
Node 20: {
y_[node:20] = 0
xi_y_i_[y:35][node:20] = 0.008462
} 
Node 21: {
y_[node:21] = 0
xi_y_i_[y:35][node:21] = 0.024615
} 
Node 22: {
y_[node:22] = 0
xi_y_i_[y:35][node:22] = 0.050000
} 
Node 23: {
y_[node:23] = 0
xi_y_i_[y:35][node:23] = 0.050000
} 
Node 24: {
y_[node:24] = 0
xi_y_i_[y:35][node:24] = 0.000000
} 
Node 25: {
y_[node:25] = 0
xi_y_i_[y:35][node:25] = 0.031538
} 
Node 26: {
y_[node:26] = 0
xi_y_i_[y:35][node:26] = 0.050000
} 
Node 27: {
y_[node:27] = 0
xi_y_i_[y:35][node:27] = 0.033077
} 
Node 28: {
y_[node:28] = 0
xi_y_i_[y:35][node:28] = 0.050000
} 
Node 29: {
y_[node:29] = 0
xi_y_i_[y:35][node:29] = 0.050000
} 
Node 30: {
y_[node:30] = 0
xi_y_i_[y:35][node:30] = 0.050000
} 

 } 

 y = 36 { 
Node 1: {
y_[node:1] = 1
xi_y_i_[y:36][node:1] = 0.050000
} 
Node 2: {
y_[node:2] = 0
xi_y_i_[y:36][node:2] = 0.040769
} 
Node 3: {
y_[node:3] = 0
xi_y_i_[y:36][node:3] = 0.050000
} 
Node 4: {
y_[node:4] = 0
xi_y_i_[y:36][node:4] = 0.040769
} 
Node 5: {
y_[node:5] = 0
xi_y_i_[y:36][node:5] = 0.000000
} 
Node 6: {
y_[node:6] = 0
xi_y_i_[y:36][node:6] = 0.033077
} 
Node 7: {
y_[node:7] = 1
xi_y_i_[y:36][node:7] = 0.007692
} 
Node 8: {
y_[node:8] = 0
xi_y_i_[y:36][node:8] = 0.033077
} 
Node 9: {
y_[node:9] = 1
xi_y_i_[y:36][node:9] = 0.040769
} 
Node 10: {
y_[node:10] = 1
xi_y_i_[y:36][node:10] = 0.033077
} 
Node 11: {
y_[node:11] = 1
xi_y_i_[y:36][node:11] = 0.033077
} 
Node 12: {
y_[node:12] = 1
xi_y_i_[y:36][node:12] = 0.000000
} 
Node 13: {
y_[node:13] = 0
xi_y_i_[y:36][node:13] = 0.050000
} 
Node 14: {
y_[node:14] = 0
xi_y_i_[y:36][node:14] = 0.050000
} 
Node 15: {
y_[node:15] = 0
xi_y_i_[y:36][node:15] = 0.050000
} 
Node 16: {
y_[node:16] = 0
xi_y_i_[y:36][node:16] = 0.040769
} 
Node 17: {
y_[node:17] = 0
xi_y_i_[y:36][node:17] = 0.040769
} 
Node 18: {
y_[node:18] = 1
xi_y_i_[y:36][node:18] = 0.000000
} 
Node 19: {
y_[node:19] = 0
xi_y_i_[y:36][node:19] = 0.008462
} 
Node 20: {
y_[node:20] = 0
xi_y_i_[y:36][node:20] = 0.008462
} 
Node 21: {
y_[node:21] = 0
xi_y_i_[y:36][node:21] = 0.024615
} 
Node 22: {
y_[node:22] = 0
xi_y_i_[y:36][node:22] = 0.050000
} 
Node 23: {
y_[node:23] = 0
xi_y_i_[y:36][node:23] = 0.050000
} 
Node 24: {
y_[node:24] = 0
xi_y_i_[y:36][node:24] = 0.000000
} 
Node 25: {
y_[node:25] = 0
xi_y_i_[y:36][node:25] = 0.031538
} 
Node 26: {
y_[node:26] = 0
xi_y_i_[y:36][node:26] = 0.050000
} 
Node 27: {
y_[node:27] = 0
xi_y_i_[y:36][node:27] = 0.033077
} 
Node 28: {
y_[node:28] = 0
xi_y_i_[y:36][node:28] = 0.050000
} 
Node 29: {
y_[node:29] = 0
xi_y_i_[y:36][node:29] = 0.050000
} 
Node 30: {
y_[node:30] = 0
xi_y_i_[y:36][node:30] = 0.050000
} 

 } 

 y = 37 { 
Node 1: {
y_[node:1] = 1
xi_y_i_[y:37][node:1] = 0.050000
} 
Node 2: {
y_[node:2] = 0
xi_y_i_[y:37][node:2] = 0.040769
} 
Node 3: {
y_[node:3] = 0
xi_y_i_[y:37][node:3] = 0.050000
} 
Node 4: {
y_[node:4] = 0
xi_y_i_[y:37][node:4] = 0.040769
} 
Node 5: {
y_[node:5] = 0
xi_y_i_[y:37][node:5] = 0.000000
} 
Node 6: {
y_[node:6] = 0
xi_y_i_[y:37][node:6] = 0.033077
} 
Node 7: {
y_[node:7] = 1
xi_y_i_[y:37][node:7] = 0.007692
} 
Node 8: {
y_[node:8] = 1
xi_y_i_[y:37][node:8] = 0.033077
} 
Node 9: {
y_[node:9] = 1
xi_y_i_[y:37][node:9] = 0.040769
} 
Node 10: {
y_[node:10] = 1
xi_y_i_[y:37][node:10] = 0.033077
} 
Node 11: {
y_[node:11] = 0
xi_y_i_[y:37][node:11] = 0.033077
} 
Node 12: {
y_[node:12] = 1
xi_y_i_[y:37][node:12] = 0.000000
} 
Node 13: {
y_[node:13] = 0
xi_y_i_[y:37][node:13] = 0.050000
} 
Node 14: {
y_[node:14] = 0
xi_y_i_[y:37][node:14] = 0.050000
} 
Node 15: {
y_[node:15] = 0
xi_y_i_[y:37][node:15] = 0.050000
} 
Node 16: {
y_[node:16] = 0
xi_y_i_[y:37][node:16] = 0.040769
} 
Node 17: {
y_[node:17] = 0
xi_y_i_[y:37][node:17] = 0.040769
} 
Node 18: {
y_[node:18] = 0
xi_y_i_[y:37][node:18] = 0.000000
} 
Node 19: {
y_[node:19] = 0
xi_y_i_[y:37][node:19] = 0.008462
} 
Node 20: {
y_[node:20] = 0
xi_y_i_[y:37][node:20] = 0.008462
} 
Node 21: {
y_[node:21] = 0
xi_y_i_[y:37][node:21] = 0.024615
} 
Node 22: {
y_[node:22] = 0
xi_y_i_[y:37][node:22] = 0.050000
} 
Node 23: {
y_[node:23] = 0
xi_y_i_[y:37][node:23] = 0.050000
} 
Node 24: {
y_[node:24] = 0
xi_y_i_[y:37][node:24] = 0.000000
} 
Node 25: {
y_[node:25] = 0
xi_y_i_[y:37][node:25] = 0.031538
} 
Node 26: {
y_[node:26] = 0
xi_y_i_[y:37][node:26] = 0.050000
} 
Node 27: {
y_[node:27] = 0
xi_y_i_[y:37][node:27] = 0.033077
} 
Node 28: {
y_[node:28] = 0
xi_y_i_[y:37][node:28] = 0.050000
} 
Node 29: {
y_[node:29] = 0
xi_y_i_[y:37][node:29] = 0.050000
} 
Node 30: {
y_[node:30] = 0
xi_y_i_[y:37][node:30] = 0.050000
} 

 } 

 y = 38 { 
Node 1: {
y_[node:1] = 0
xi_y_i_[y:38][node:1] = 0.050000
} 
Node 2: {
y_[node:2] = 0
xi_y_i_[y:38][node:2] = 0.040769
} 
Node 3: {
y_[node:3] = 0
xi_y_i_[y:38][node:3] = 0.050000
} 
Node 4: {
y_[node:4] = 0
xi_y_i_[y:38][node:4] = 0.040769
} 
Node 5: {
y_[node:5] = 0
xi_y_i_[y:38][node:5] = 0.000000
} 
Node 6: {
y_[node:6] = 0
xi_y_i_[y:38][node:6] = 0.033077
} 
Node 7: {
y_[node:7] = 0
xi_y_i_[y:38][node:7] = 0.007692
} 
Node 8: {
y_[node:8] = 1
xi_y_i_[y:38][node:8] = 0.033077
} 
Node 9: {
y_[node:9] = 0
xi_y_i_[y:38][node:9] = 0.040769
} 
Node 10: {
y_[node:10] = 1
xi_y_i_[y:38][node:10] = 0.033077
} 
Node 11: {
y_[node:11] = 1
xi_y_i_[y:38][node:11] = 0.033077
} 
Node 12: {
y_[node:12] = 0
xi_y_i_[y:38][node:12] = 0.000000
} 
Node 13: {
y_[node:13] = 0
xi_y_i_[y:38][node:13] = 0.050000
} 
Node 14: {
y_[node:14] = 0
xi_y_i_[y:38][node:14] = 0.050000
} 
Node 15: {
y_[node:15] = 0
xi_y_i_[y:38][node:15] = 0.050000
} 
Node 16: {
y_[node:16] = 0
xi_y_i_[y:38][node:16] = 0.040769
} 
Node 17: {
y_[node:17] = 0
xi_y_i_[y:38][node:17] = 0.040769
} 
Node 18: {
y_[node:18] = 0
xi_y_i_[y:38][node:18] = 0.000000
} 
Node 19: {
y_[node:19] = 1
xi_y_i_[y:38][node:19] = 0.008462
} 
Node 20: {
y_[node:20] = 1
xi_y_i_[y:38][node:20] = 0.008462
} 
Node 21: {
y_[node:21] = 0
xi_y_i_[y:38][node:21] = 0.024615
} 
Node 22: {
y_[node:22] = 0
xi_y_i_[y:38][node:22] = 0.033077
} 
Node 23: {
y_[node:23] = 0
xi_y_i_[y:38][node:23] = 0.050000
} 
Node 24: {
y_[node:24] = 0
xi_y_i_[y:38][node:24] = 0.000000
} 
Node 25: {
y_[node:25] = 1
xi_y_i_[y:38][node:25] = 0.048462
} 
Node 26: {
y_[node:26] = 0
xi_y_i_[y:38][node:26] = 0.050000
} 
Node 27: {
y_[node:27] = 0
xi_y_i_[y:38][node:27] = 0.033077
} 
Node 28: {
y_[node:28] = 0
xi_y_i_[y:38][node:28] = 0.050000
} 
Node 29: {
y_[node:29] = 0
xi_y_i_[y:38][node:29] = 0.050000
} 
Node 30: {
y_[node:30] = 0
xi_y_i_[y:38][node:30] = 0.050000
} 

 } 

 y = 39 { 
Node 1: {
y_[node:1] = 0
xi_y_i_[y:39][node:1] = 0.050000
} 
Node 2: {
y_[node:2] = 0
xi_y_i_[y:39][node:2] = 0.040769
} 
Node 3: {
y_[node:3] = 0
xi_y_i_[y:39][node:3] = 0.050000
} 
Node 4: {
y_[node:4] = 0
xi_y_i_[y:39][node:4] = 0.040769
} 
Node 5: {
y_[node:5] = 0
xi_y_i_[y:39][node:5] = 0.000000
} 
Node 6: {
y_[node:6] = 0
xi_y_i_[y:39][node:6] = 0.033077
} 
Node 7: {
y_[node:7] = 0
xi_y_i_[y:39][node:7] = 0.007692
} 
Node 8: {
y_[node:8] = 1
xi_y_i_[y:39][node:8] = 0.033077
} 
Node 9: {
y_[node:9] = 1
xi_y_i_[y:39][node:9] = 0.040769
} 
Node 10: {
y_[node:10] = 0
xi_y_i_[y:39][node:10] = 0.033077
} 
Node 11: {
y_[node:11] = 1
xi_y_i_[y:39][node:11] = 0.033077
} 
Node 12: {
y_[node:12] = 0
xi_y_i_[y:39][node:12] = 0.000000
} 
Node 13: {
y_[node:13] = 0
xi_y_i_[y:39][node:13] = 0.050000
} 
Node 14: {
y_[node:14] = 0
xi_y_i_[y:39][node:14] = 0.050000
} 
Node 15: {
y_[node:15] = 0
xi_y_i_[y:39][node:15] = 0.050000
} 
Node 16: {
y_[node:16] = 0
xi_y_i_[y:39][node:16] = 0.040769
} 
Node 17: {
y_[node:17] = 0
xi_y_i_[y:39][node:17] = 0.040769
} 
Node 18: {
y_[node:18] = 0
xi_y_i_[y:39][node:18] = 0.000000
} 
Node 19: {
y_[node:19] = 1
xi_y_i_[y:39][node:19] = 0.008462
} 
Node 20: {
y_[node:20] = 1
xi_y_i_[y:39][node:20] = 0.008462
} 
Node 21: {
y_[node:21] = 0
xi_y_i_[y:39][node:21] = 0.024615
} 
Node 22: {
y_[node:22] = 0
xi_y_i_[y:39][node:22] = 0.050000
} 
Node 23: {
y_[node:23] = 0
xi_y_i_[y:39][node:23] = 0.050000
} 
Node 24: {
y_[node:24] = 0
xi_y_i_[y:39][node:24] = 0.000000
} 
Node 25: {
y_[node:25] = 1
xi_y_i_[y:39][node:25] = 0.040769
} 
Node 26: {
y_[node:26] = 0
xi_y_i_[y:39][node:26] = 0.050000
} 
Node 27: {
y_[node:27] = 0
xi_y_i_[y:39][node:27] = 0.033077
} 
Node 28: {
y_[node:28] = 0
xi_y_i_[y:39][node:28] = 0.050000
} 
Node 29: {
y_[node:29] = 0
xi_y_i_[y:39][node:29] = 0.040769
} 
Node 30: {
y_[node:30] = 0
xi_y_i_[y:39][node:30] = 0.050000
} 

 } 

 y = 42 { 
Node 1: {
y_[node:1] = 0
xi_y_i_[y:42][node:1] = 0.050000
} 
Node 2: {
y_[node:2] = 0
xi_y_i_[y:42][node:2] = 0.040769
} 
Node 3: {
y_[node:3] = 0
xi_y_i_[y:42][node:3] = 0.050000
} 
Node 4: {
y_[node:4] = 0
xi_y_i_[y:42][node:4] = 0.040769
} 
Node 5: {
y_[node:5] = 0
xi_y_i_[y:42][node:5] = 0.000000
} 
Node 6: {
y_[node:6] = 0
xi_y_i_[y:42][node:6] = 0.033077
} 
Node 7: {
y_[node:7] = 0
xi_y_i_[y:42][node:7] = 0.007692
} 
Node 8: {
y_[node:8] = 0
xi_y_i_[y:42][node:8] = 0.033077
} 
Node 9: {
y_[node:9] = 0
xi_y_i_[y:42][node:9] = 0.040769
} 
Node 10: {
y_[node:10] = 0
xi_y_i_[y:42][node:10] = 0.033077
} 
Node 11: {
y_[node:11] = 1
xi_y_i_[y:42][node:11] = 0.033077
} 
Node 12: {
y_[node:12] = 0
xi_y_i_[y:42][node:12] = 0.000000
} 
Node 13: {
y_[node:13] = 0
xi_y_i_[y:42][node:13] = 0.050000
} 
Node 14: {
y_[node:14] = 0
xi_y_i_[y:42][node:14] = 0.050000
} 
Node 15: {
y_[node:15] = 0
xi_y_i_[y:42][node:15] = 0.050000
} 
Node 16: {
y_[node:16] = 0
xi_y_i_[y:42][node:16] = 0.040769
} 
Node 17: {
y_[node:17] = 0
xi_y_i_[y:42][node:17] = 0.040769
} 
Node 18: {
y_[node:18] = 1
xi_y_i_[y:42][node:18] = 0.000000
} 
Node 19: {
y_[node:19] = 1
xi_y_i_[y:42][node:19] = 0.008462
} 
Node 20: {
y_[node:20] = 1
xi_y_i_[y:42][node:20] = 0.008462
} 
Node 21: {
y_[node:21] = 1
xi_y_i_[y:42][node:21] = 0.024615
} 
Node 22: {
y_[node:22] = 0
xi_y_i_[y:42][node:22] = 0.041539
} 
Node 23: {
y_[node:23] = 0
xi_y_i_[y:42][node:23] = 0.050000
} 
Node 24: {
y_[node:24] = 0
xi_y_i_[y:42][node:24] = 0.050000
} 
Node 25: {
y_[node:25] = 1
xi_y_i_[y:42][node:25] = 0.050000
} 
Node 26: {
y_[node:26] = 1
xi_y_i_[y:42][node:26] = 0.000000
} 
Node 27: {
y_[node:27] = 0
xi_y_i_[y:42][node:27] = 0.033077
} 
Node 28: {
y_[node:28] = 0
xi_y_i_[y:42][node:28] = 0.050000
} 
Node 29: {
y_[node:29] = 0
xi_y_i_[y:42][node:29] = 0.050000
} 
Node 30: {
y_[node:30] = 1
xi_y_i_[y:42][node:30] = 0.040000
} 

 } 

 y = 45 { 
Node 1: {
y_[node:1] = 1
xi_y_i_[y:45][node:1] = 0.050000
} 
Node 2: {
y_[node:2] = 0
xi_y_i_[y:45][node:2] = 0.040769
} 
Node 3: {
y_[node:3] = 0
xi_y_i_[y:45][node:3] = 0.050000
} 
Node 4: {
y_[node:4] = 0
xi_y_i_[y:45][node:4] = 0.040769
} 
Node 5: {
y_[node:5] = 0
xi_y_i_[y:45][node:5] = 0.000000
} 
Node 6: {
y_[node:6] = 1
xi_y_i_[y:45][node:6] = 0.033077
} 
Node 7: {
y_[node:7] = 1
xi_y_i_[y:45][node:7] = 0.007692
} 
Node 8: {
y_[node:8] = 1
xi_y_i_[y:45][node:8] = 0.033077
} 
Node 9: {
y_[node:9] = 1
xi_y_i_[y:45][node:9] = 0.040769
} 
Node 10: {
y_[node:10] = 0
xi_y_i_[y:45][node:10] = 0.033077
} 
Node 11: {
y_[node:11] = 0
xi_y_i_[y:45][node:11] = 0.033077
} 
Node 12: {
y_[node:12] = 0
xi_y_i_[y:45][node:12] = 0.000000
} 
Node 13: {
y_[node:13] = 0
xi_y_i_[y:45][node:13] = 0.050000
} 
Node 14: {
y_[node:14] = 0
xi_y_i_[y:45][node:14] = 0.050000
} 
Node 15: {
y_[node:15] = 0
xi_y_i_[y:45][node:15] = 0.050000
} 
Node 16: {
y_[node:16] = 0
xi_y_i_[y:45][node:16] = 0.040769
} 
Node 17: {
y_[node:17] = 0
xi_y_i_[y:45][node:17] = 0.040769
} 
Node 18: {
y_[node:18] = 0
xi_y_i_[y:45][node:18] = 0.000000
} 
Node 19: {
y_[node:19] = 0
xi_y_i_[y:45][node:19] = 0.008462
} 
Node 20: {
y_[node:20] = 0
xi_y_i_[y:45][node:20] = 0.008462
} 
Node 21: {
y_[node:21] = 0
xi_y_i_[y:45][node:21] = 0.024615
} 
Node 22: {
y_[node:22] = 0
xi_y_i_[y:45][node:22] = 0.050000
} 
Node 23: {
y_[node:23] = 0
xi_y_i_[y:45][node:23] = 0.050000
} 
Node 24: {
y_[node:24] = 0
xi_y_i_[y:45][node:24] = 0.000000
} 
Node 25: {
y_[node:25] = 0
xi_y_i_[y:45][node:25] = 0.031538
} 
Node 26: {
y_[node:26] = 0
xi_y_i_[y:45][node:26] = 0.050000
} 
Node 27: {
y_[node:27] = 0
xi_y_i_[y:45][node:27] = 0.033077
} 
Node 28: {
y_[node:28] = 0
xi_y_i_[y:45][node:28] = 0.050000
} 
Node 29: {
y_[node:29] = 0
xi_y_i_[y:45][node:29] = 0.050000
} 
Node 30: {
y_[node:30] = 0
xi_y_i_[y:45][node:30] = 0.050000
} 

 } 

 y = 47 { 
Node 1: {
y_[node:1] = 1
xi_y_i_[y:47][node:1] = 0.050000
} 
Node 2: {
y_[node:2] = 1
xi_y_i_[y:47][node:2] = 0.040769
} 
Node 3: {
y_[node:3] = 0
xi_y_i_[y:47][node:3] = 0.050000
} 
Node 4: {
y_[node:4] = 0
xi_y_i_[y:47][node:4] = 0.040769
} 
Node 5: {
y_[node:5] = 0
xi_y_i_[y:47][node:5] = 0.000000
} 
Node 6: {
y_[node:6] = 0
xi_y_i_[y:47][node:6] = 0.033077
} 
Node 7: {
y_[node:7] = 0
xi_y_i_[y:47][node:7] = 0.007692
} 
Node 8: {
y_[node:8] = 1
xi_y_i_[y:47][node:8] = 0.033077
} 
Node 9: {
y_[node:9] = 1
xi_y_i_[y:47][node:9] = 0.040769
} 
Node 10: {
y_[node:10] = 0
xi_y_i_[y:47][node:10] = 0.033077
} 
Node 11: {
y_[node:11] = 0
xi_y_i_[y:47][node:11] = 0.033077
} 
Node 12: {
y_[node:12] = 0
xi_y_i_[y:47][node:12] = 0.000000
} 
Node 13: {
y_[node:13] = 0
xi_y_i_[y:47][node:13] = 0.050000
} 
Node 14: {
y_[node:14] = 0
xi_y_i_[y:47][node:14] = 0.050000
} 
Node 15: {
y_[node:15] = 0
xi_y_i_[y:47][node:15] = 0.050000
} 
Node 16: {
y_[node:16] = 0
xi_y_i_[y:47][node:16] = 0.040769
} 
Node 17: {
y_[node:17] = 0
xi_y_i_[y:47][node:17] = 0.040769
} 
Node 18: {
y_[node:18] = 0
xi_y_i_[y:47][node:18] = 0.000000
} 
Node 19: {
y_[node:19] = 0
xi_y_i_[y:47][node:19] = 0.008462
} 
Node 20: {
y_[node:20] = 0
xi_y_i_[y:47][node:20] = 0.008462
} 
Node 21: {
y_[node:21] = 0
xi_y_i_[y:47][node:21] = 0.024615
} 
Node 22: {
y_[node:22] = 0
xi_y_i_[y:47][node:22] = 0.050000
} 
Node 23: {
y_[node:23] = 0
xi_y_i_[y:47][node:23] = 0.050000
} 
Node 24: {
y_[node:24] = 0
xi_y_i_[y:47][node:24] = 0.000000
} 
Node 25: {
y_[node:25] = 0
xi_y_i_[y:47][node:25] = 0.031538
} 
Node 26: {
y_[node:26] = 0
xi_y_i_[y:47][node:26] = 0.050000
} 
Node 27: {
y_[node:27] = 0
xi_y_i_[y:47][node:27] = 0.033077
} 
Node 28: {
y_[node:28] = 0
xi_y_i_[y:47][node:28] = 0.050000
} 
Node 29: {
y_[node:29] = 0
xi_y_i_[y:47][node:29] = 0.050000
} 
Node 30: {
y_[node:30] = 0
xi_y_i_[y:47][node:30] = 0.050000
} 

 } 

 y = 53 { 
Node 1: {
y_[node:1] = 1
xi_y_i_[y:53][node:1] = 0.050000
} 
Node 2: {
y_[node:2] = 0
xi_y_i_[y:53][node:2] = 0.040769
} 
Node 3: {
y_[node:3] = 0
xi_y_i_[y:53][node:3] = 0.050000
} 
Node 4: {
y_[node:4] = 0
xi_y_i_[y:53][node:4] = 0.040769
} 
Node 5: {
y_[node:5] = 1
xi_y_i_[y:53][node:5] = 0.000000
} 
Node 6: {
y_[node:6] = 1
xi_y_i_[y:53][node:6] = 0.033077
} 
Node 7: {
y_[node:7] = 1
xi_y_i_[y:53][node:7] = 0.007692
} 
Node 8: {
y_[node:8] = 1
xi_y_i_[y:53][node:8] = 0.033077
} 
Node 9: {
y_[node:9] = 1
xi_y_i_[y:53][node:9] = 0.040769
} 
Node 10: {
y_[node:10] = 0
xi_y_i_[y:53][node:10] = 0.033077
} 
Node 11: {
y_[node:11] = 0
xi_y_i_[y:53][node:11] = 0.033077
} 
Node 12: {
y_[node:12] = 1
xi_y_i_[y:53][node:12] = 0.000000
} 
Node 13: {
y_[node:13] = 0
xi_y_i_[y:53][node:13] = 0.050000
} 
Node 14: {
y_[node:14] = 0
xi_y_i_[y:53][node:14] = 0.050000
} 
Node 15: {
y_[node:15] = 0
xi_y_i_[y:53][node:15] = 0.050000
} 
Node 16: {
y_[node:16] = 0
xi_y_i_[y:53][node:16] = 0.040769
} 
Node 17: {
y_[node:17] = 0
xi_y_i_[y:53][node:17] = 0.040769
} 
Node 18: {
y_[node:18] = 0
xi_y_i_[y:53][node:18] = 0.000000
} 
Node 19: {
y_[node:19] = 0
xi_y_i_[y:53][node:19] = 0.008462
} 
Node 20: {
y_[node:20] = 0
xi_y_i_[y:53][node:20] = 0.008462
} 
Node 21: {
y_[node:21] = 0
xi_y_i_[y:53][node:21] = 0.024615
} 
Node 22: {
y_[node:22] = 0
xi_y_i_[y:53][node:22] = 0.050000
} 
Node 23: {
y_[node:23] = 0
xi_y_i_[y:53][node:23] = 0.050000
} 
Node 24: {
y_[node:24] = 0
xi_y_i_[y:53][node:24] = 0.000000
} 
Node 25: {
y_[node:25] = 0
xi_y_i_[y:53][node:25] = 0.031538
} 
Node 26: {
y_[node:26] = 0
xi_y_i_[y:53][node:26] = 0.050000
} 
Node 27: {
y_[node:27] = 0
xi_y_i_[y:53][node:27] = 0.033077
} 
Node 28: {
y_[node:28] = 0
xi_y_i_[y:53][node:28] = 0.050000
} 
Node 29: {
y_[node:29] = 0
xi_y_i_[y:53][node:29] = 0.050000
} 
Node 30: {
y_[node:30] = 0
xi_y_i_[y:53][node:30] = 0.050000
} 

 } 

 y = 54 { 
Node 1: {
y_[node:1] = 0
xi_y_i_[y:54][node:1] = 0.050000
} 
Node 2: {
y_[node:2] = 1
xi_y_i_[y:54][node:2] = 0.040769
} 
Node 3: {
y_[node:3] = 1
xi_y_i_[y:54][node:3] = 0.050000
} 
Node 4: {
y_[node:4] = 1
xi_y_i_[y:54][node:4] = 0.040769
} 
Node 5: {
y_[node:5] = 0
xi_y_i_[y:54][node:5] = 0.000000
} 
Node 6: {
y_[node:6] = 1
xi_y_i_[y:54][node:6] = 0.033077
} 
Node 7: {
y_[node:7] = 0
xi_y_i_[y:54][node:7] = 0.007692
} 
Node 8: {
y_[node:8] = 0
xi_y_i_[y:54][node:8] = 0.033077
} 
Node 9: {
y_[node:9] = 0
xi_y_i_[y:54][node:9] = 0.040769
} 
Node 10: {
y_[node:10] = 0
xi_y_i_[y:54][node:10] = 0.033077
} 
Node 11: {
y_[node:11] = 0
xi_y_i_[y:54][node:11] = 0.033077
} 
Node 12: {
y_[node:12] = 1
xi_y_i_[y:54][node:12] = 0.000000
} 
Node 13: {
y_[node:13] = 0
xi_y_i_[y:54][node:13] = 0.050000
} 
Node 14: {
y_[node:14] = 0
xi_y_i_[y:54][node:14] = 0.050000
} 
Node 15: {
y_[node:15] = 0
xi_y_i_[y:54][node:15] = 0.050000
} 
Node 16: {
y_[node:16] = 0
xi_y_i_[y:54][node:16] = 0.040769
} 
Node 17: {
y_[node:17] = 0
xi_y_i_[y:54][node:17] = 0.040769
} 
Node 18: {
y_[node:18] = 0
xi_y_i_[y:54][node:18] = 0.000000
} 
Node 19: {
y_[node:19] = 0
xi_y_i_[y:54][node:19] = 0.008462
} 
Node 20: {
y_[node:20] = 0
xi_y_i_[y:54][node:20] = 0.008462
} 
Node 21: {
y_[node:21] = 0
xi_y_i_[y:54][node:21] = 0.024615
} 
Node 22: {
y_[node:22] = 0
xi_y_i_[y:54][node:22] = 0.050000
} 
Node 23: {
y_[node:23] = 0
xi_y_i_[y:54][node:23] = 0.050000
} 
Node 24: {
y_[node:24] = 0
xi_y_i_[y:54][node:24] = 0.000000
} 
Node 25: {
y_[node:25] = 0
xi_y_i_[y:54][node:25] = 0.031538
} 
Node 26: {
y_[node:26] = 0
xi_y_i_[y:54][node:26] = 0.050000
} 
Node 27: {
y_[node:27] = 0
xi_y_i_[y:54][node:27] = 0.033077
} 
Node 28: {
y_[node:28] = 0
xi_y_i_[y:54][node:28] = 0.050000
} 
Node 29: {
y_[node:29] = 0
xi_y_i_[y:54][node:29] = 0.050000
} 
Node 30: {
y_[node:30] = 0
xi_y_i_[y:54][node:30] = 0.050000
} 

 } 

 y = 57 { 
Node 1: {
y_[node:1] = 1
xi_y_i_[y:57][node:1] = 0.050000
} 
Node 2: {
y_[node:2] = 1
xi_y_i_[y:57][node:2] = 0.040769
} 
Node 3: {
y_[node:3] = 0
xi_y_i_[y:57][node:3] = 0.050000
} 
Node 4: {
y_[node:4] = 0
xi_y_i_[y:57][node:4] = 0.040769
} 
Node 5: {
y_[node:5] = 1
xi_y_i_[y:57][node:5] = 0.000000
} 
Node 6: {
y_[node:6] = 1
xi_y_i_[y:57][node:6] = 0.033077
} 
Node 7: {
y_[node:7] = 1
xi_y_i_[y:57][node:7] = 0.007692
} 
Node 8: {
y_[node:8] = 1
xi_y_i_[y:57][node:8] = 0.033077
} 
Node 9: {
y_[node:9] = 0
xi_y_i_[y:57][node:9] = 0.040769
} 
Node 10: {
y_[node:10] = 0
xi_y_i_[y:57][node:10] = 0.033077
} 
Node 11: {
y_[node:11] = 0
xi_y_i_[y:57][node:11] = 0.033077
} 
Node 12: {
y_[node:12] = 1
xi_y_i_[y:57][node:12] = 0.000000
} 
Node 13: {
y_[node:13] = 0
xi_y_i_[y:57][node:13] = 0.050000
} 
Node 14: {
y_[node:14] = 0
xi_y_i_[y:57][node:14] = 0.050000
} 
Node 15: {
y_[node:15] = 0
xi_y_i_[y:57][node:15] = 0.050000
} 
Node 16: {
y_[node:16] = 0
xi_y_i_[y:57][node:16] = 0.040769
} 
Node 17: {
y_[node:17] = 0
xi_y_i_[y:57][node:17] = 0.040769
} 
Node 18: {
y_[node:18] = 0
xi_y_i_[y:57][node:18] = 0.000000
} 
Node 19: {
y_[node:19] = 0
xi_y_i_[y:57][node:19] = 0.008462
} 
Node 20: {
y_[node:20] = 0
xi_y_i_[y:57][node:20] = 0.008462
} 
Node 21: {
y_[node:21] = 0
xi_y_i_[y:57][node:21] = 0.024615
} 
Node 22: {
y_[node:22] = 0
xi_y_i_[y:57][node:22] = 0.050000
} 
Node 23: {
y_[node:23] = 0
xi_y_i_[y:57][node:23] = 0.050000
} 
Node 24: {
y_[node:24] = 0
xi_y_i_[y:57][node:24] = 0.000000
} 
Node 25: {
y_[node:25] = 0
xi_y_i_[y:57][node:25] = 0.031538
} 
Node 26: {
y_[node:26] = 0
xi_y_i_[y:57][node:26] = 0.050000
} 
Node 27: {
y_[node:27] = 0
xi_y_i_[y:57][node:27] = 0.033077
} 
Node 28: {
y_[node:28] = 0
xi_y_i_[y:57][node:28] = 0.050000
} 
Node 29: {
y_[node:29] = 0
xi_y_i_[y:57][node:29] = 0.050000
} 
Node 30: {
y_[node:30] = 0
xi_y_i_[y:57][node:30] = 0.050000
} 

 } 

 y = 59 { 
Node 1: {
y_[node:1] = 1
xi_y_i_[y:59][node:1] = 0.050000
} 
Node 2: {
y_[node:2] = 1
xi_y_i_[y:59][node:2] = 0.040769
} 
Node 3: {
y_[node:3] = 0
xi_y_i_[y:59][node:3] = 0.050000
} 
Node 4: {
y_[node:4] = 0
xi_y_i_[y:59][node:4] = 0.040769
} 
Node 5: {
y_[node:5] = 0
xi_y_i_[y:59][node:5] = 0.000000
} 
Node 6: {
y_[node:6] = 1
xi_y_i_[y:59][node:6] = 0.033077
} 
Node 7: {
y_[node:7] = 0
xi_y_i_[y:59][node:7] = 0.007692
} 
Node 8: {
y_[node:8] = 0
xi_y_i_[y:59][node:8] = 0.033077
} 
Node 9: {
y_[node:9] = 0
xi_y_i_[y:59][node:9] = 0.040769
} 
Node 10: {
y_[node:10] = 0
xi_y_i_[y:59][node:10] = 0.033077
} 
Node 11: {
y_[node:11] = 0
xi_y_i_[y:59][node:11] = 0.033077
} 
Node 12: {
y_[node:12] = 0
xi_y_i_[y:59][node:12] = 0.000000
} 
Node 13: {
y_[node:13] = 0
xi_y_i_[y:59][node:13] = 0.050000
} 
Node 14: {
y_[node:14] = 0
xi_y_i_[y:59][node:14] = 0.050000
} 
Node 15: {
y_[node:15] = 0
xi_y_i_[y:59][node:15] = 0.050000
} 
Node 16: {
y_[node:16] = 0
xi_y_i_[y:59][node:16] = 0.040769
} 
Node 17: {
y_[node:17] = 1
xi_y_i_[y:59][node:17] = 0.040769
} 
Node 18: {
y_[node:18] = 0
xi_y_i_[y:59][node:18] = 0.000000
} 
Node 19: {
y_[node:19] = 0
xi_y_i_[y:59][node:19] = 0.008462
} 
Node 20: {
y_[node:20] = 0
xi_y_i_[y:59][node:20] = 0.008462
} 
Node 21: {
y_[node:21] = 0
xi_y_i_[y:59][node:21] = 0.024615
} 
Node 22: {
y_[node:22] = 0
xi_y_i_[y:59][node:22] = 0.050000
} 
Node 23: {
y_[node:23] = 0
xi_y_i_[y:59][node:23] = 0.050000
} 
Node 24: {
y_[node:24] = 0
xi_y_i_[y:59][node:24] = 0.000000
} 
Node 25: {
y_[node:25] = 0
xi_y_i_[y:59][node:25] = 0.031538
} 
Node 26: {
y_[node:26] = 0
xi_y_i_[y:59][node:26] = 0.050000
} 
Node 27: {
y_[node:27] = 0
xi_y_i_[y:59][node:27] = 0.033077
} 
Node 28: {
y_[node:28] = 0
xi_y_i_[y:59][node:28] = 0.050000
} 
Node 29: {
y_[node:29] = 0
xi_y_i_[y:59][node:29] = 0.050000
} 
Node 30: {
y_[node:30] = 0
xi_y_i_[y:59][node:30] = 0.050000
} 

 } 

 y = 61 { 
Node 1: {
y_[node:1] = 1
xi_y_i_[y:61][node:1] = 0.050000
} 
Node 2: {
y_[node:2] = 1
xi_y_i_[y:61][node:2] = 0.040769
} 
Node 3: {
y_[node:3] = 0
xi_y_i_[y:61][node:3] = 0.050000
} 
Node 4: {
y_[node:4] = 0
xi_y_i_[y:61][node:4] = 0.040769
} 
Node 5: {
y_[node:5] = 1
xi_y_i_[y:61][node:5] = 0.000000
} 
Node 6: {
y_[node:6] = 1
xi_y_i_[y:61][node:6] = 0.033077
} 
Node 7: {
y_[node:7] = 0
xi_y_i_[y:61][node:7] = 0.007692
} 
Node 8: {
y_[node:8] = 0
xi_y_i_[y:61][node:8] = 0.033077
} 
Node 9: {
y_[node:9] = 0
xi_y_i_[y:61][node:9] = 0.040769
} 
Node 10: {
y_[node:10] = 0
xi_y_i_[y:61][node:10] = 0.033077
} 
Node 11: {
y_[node:11] = 0
xi_y_i_[y:61][node:11] = 0.033077
} 
Node 12: {
y_[node:12] = 1
xi_y_i_[y:61][node:12] = 0.000000
} 
Node 13: {
y_[node:13] = 0
xi_y_i_[y:61][node:13] = 0.050000
} 
Node 14: {
y_[node:14] = 0
xi_y_i_[y:61][node:14] = 0.050000
} 
Node 15: {
y_[node:15] = 0
xi_y_i_[y:61][node:15] = 0.050000
} 
Node 16: {
y_[node:16] = 0
xi_y_i_[y:61][node:16] = 0.040769
} 
Node 17: {
y_[node:17] = 1
xi_y_i_[y:61][node:17] = 0.040769
} 
Node 18: {
y_[node:18] = 0
xi_y_i_[y:61][node:18] = 0.000000
} 
Node 19: {
y_[node:19] = 0
xi_y_i_[y:61][node:19] = 0.008462
} 
Node 20: {
y_[node:20] = 0
xi_y_i_[y:61][node:20] = 0.008462
} 
Node 21: {
y_[node:21] = 0
xi_y_i_[y:61][node:21] = 0.024615
} 
Node 22: {
y_[node:22] = 0
xi_y_i_[y:61][node:22] = 0.050000
} 
Node 23: {
y_[node:23] = 0
xi_y_i_[y:61][node:23] = 0.050000
} 
Node 24: {
y_[node:24] = 0
xi_y_i_[y:61][node:24] = 0.000000
} 
Node 25: {
y_[node:25] = 0
xi_y_i_[y:61][node:25] = 0.031538
} 
Node 26: {
y_[node:26] = 0
xi_y_i_[y:61][node:26] = 0.050000
} 
Node 27: {
y_[node:27] = 0
xi_y_i_[y:61][node:27] = 0.033077
} 
Node 28: {
y_[node:28] = 0
xi_y_i_[y:61][node:28] = 0.050000
} 
Node 29: {
y_[node:29] = 0
xi_y_i_[y:61][node:29] = 0.050000
} 
Node 30: {
y_[node:30] = 0
xi_y_i_[y:61][node:30] = 0.050000
} 

 } 

 y = 64 { 
Node 1: {
y_[node:1] = 0
xi_y_i_[y:64][node:1] = 0.050000
} 
Node 2: {
y_[node:2] = 0
xi_y_i_[y:64][node:2] = 0.040769
} 
Node 3: {
y_[node:3] = 0
xi_y_i_[y:64][node:3] = 0.050000
} 
Node 4: {
y_[node:4] = 0
xi_y_i_[y:64][node:4] = 0.040769
} 
Node 5: {
y_[node:5] = 0
xi_y_i_[y:64][node:5] = 0.000000
} 
Node 6: {
y_[node:6] = 0
xi_y_i_[y:64][node:6] = 0.033077
} 
Node 7: {
y_[node:7] = 0
xi_y_i_[y:64][node:7] = 0.007692
} 
Node 8: {
y_[node:8] = 0
xi_y_i_[y:64][node:8] = 0.033077
} 
Node 9: {
y_[node:9] = 0
xi_y_i_[y:64][node:9] = 0.040769
} 
Node 10: {
y_[node:10] = 0
xi_y_i_[y:64][node:10] = 0.033077
} 
Node 11: {
y_[node:11] = 0
xi_y_i_[y:64][node:11] = 0.033077
} 
Node 12: {
y_[node:12] = 0
xi_y_i_[y:64][node:12] = 0.000000
} 
Node 13: {
y_[node:13] = 0
xi_y_i_[y:64][node:13] = 0.050000
} 
Node 14: {
y_[node:14] = 0
xi_y_i_[y:64][node:14] = 0.050000
} 
Node 15: {
y_[node:15] = 0
xi_y_i_[y:64][node:15] = 0.050000
} 
Node 16: {
y_[node:16] = 0
xi_y_i_[y:64][node:16] = 0.040769
} 
Node 17: {
y_[node:17] = 0
xi_y_i_[y:64][node:17] = 0.040769
} 
Node 18: {
y_[node:18] = 0
xi_y_i_[y:64][node:18] = 0.000000
} 
Node 19: {
y_[node:19] = 1
xi_y_i_[y:64][node:19] = 0.008462
} 
Node 20: {
y_[node:20] = 1
xi_y_i_[y:64][node:20] = 0.008462
} 
Node 21: {
y_[node:21] = 0
xi_y_i_[y:64][node:21] = 0.024615
} 
Node 22: {
y_[node:22] = 0
xi_y_i_[y:64][node:22] = 0.050000
} 
Node 23: {
y_[node:23] = 0
xi_y_i_[y:64][node:23] = 0.050000
} 
Node 24: {
y_[node:24] = 0
xi_y_i_[y:64][node:24] = 0.016923
} 
Node 25: {
y_[node:25] = 1
xi_y_i_[y:64][node:25] = 0.014615
} 
Node 26: {
y_[node:26] = 1
xi_y_i_[y:64][node:26] = 0.050000
} 
Node 27: {
y_[node:27] = 1
xi_y_i_[y:64][node:27] = 0.033077
} 
Node 28: {
y_[node:28] = 0
xi_y_i_[y:64][node:28] = 0.050000
} 
Node 29: {
y_[node:29] = 0
xi_y_i_[y:64][node:29] = 0.050000
} 
Node 30: {
y_[node:30] = 1
xi_y_i_[y:64][node:30] = 0.050000
} 

 } 

 y = 65 { 
Node 1: {
y_[node:1] = 0
xi_y_i_[y:65][node:1] = 0.050000
} 
Node 2: {
y_[node:2] = 0
xi_y_i_[y:65][node:2] = 0.040769
} 
Node 3: {
y_[node:3] = 0
xi_y_i_[y:65][node:3] = 0.050000
} 
Node 4: {
y_[node:4] = 0
xi_y_i_[y:65][node:4] = 0.040769
} 
Node 5: {
y_[node:5] = 0
xi_y_i_[y:65][node:5] = 0.000000
} 
Node 6: {
y_[node:6] = 0
xi_y_i_[y:65][node:6] = 0.033077
} 
Node 7: {
y_[node:7] = 0
xi_y_i_[y:65][node:7] = 0.007692
} 
Node 8: {
y_[node:8] = 0
xi_y_i_[y:65][node:8] = 0.033077
} 
Node 9: {
y_[node:9] = 0
xi_y_i_[y:65][node:9] = 0.040769
} 
Node 10: {
y_[node:10] = 0
xi_y_i_[y:65][node:10] = 0.033077
} 
Node 11: {
y_[node:11] = 0
xi_y_i_[y:65][node:11] = 0.033077
} 
Node 12: {
y_[node:12] = 0
xi_y_i_[y:65][node:12] = 0.000000
} 
Node 13: {
y_[node:13] = 0
xi_y_i_[y:65][node:13] = 0.050000
} 
Node 14: {
y_[node:14] = 0
xi_y_i_[y:65][node:14] = 0.050000
} 
Node 15: {
y_[node:15] = 0
xi_y_i_[y:65][node:15] = 0.050000
} 
Node 16: {
y_[node:16] = 0
xi_y_i_[y:65][node:16] = 0.040769
} 
Node 17: {
y_[node:17] = 1
xi_y_i_[y:65][node:17] = 0.040769
} 
Node 18: {
y_[node:18] = 0
xi_y_i_[y:65][node:18] = 0.000000
} 
Node 19: {
y_[node:19] = 1
xi_y_i_[y:65][node:19] = 0.008462
} 
Node 20: {
y_[node:20] = 0
xi_y_i_[y:65][node:20] = 0.008462
} 
Node 21: {
y_[node:21] = 0
xi_y_i_[y:65][node:21] = 0.024615
} 
Node 22: {
y_[node:22] = 0
xi_y_i_[y:65][node:22] = 0.050000
} 
Node 23: {
y_[node:23] = 0
xi_y_i_[y:65][node:23] = 0.050000
} 
Node 24: {
y_[node:24] = 0
xi_y_i_[y:65][node:24] = 0.049231
} 
Node 25: {
y_[node:25] = 1
xi_y_i_[y:65][node:25] = 0.032308
} 
Node 26: {
y_[node:26] = 1
xi_y_i_[y:65][node:26] = 0.000000
} 
Node 27: {
y_[node:27] = 1
xi_y_i_[y:65][node:27] = 0.033077
} 
Node 28: {
y_[node:28] = 0
xi_y_i_[y:65][node:28] = 0.050000
} 
Node 29: {
y_[node:29] = 0
xi_y_i_[y:65][node:29] = 0.050000
} 
Node 30: {
y_[node:30] = 1
xi_y_i_[y:65][node:30] = 0.050000
} 

 } 

 y = 68 { 
Node 1: {
y_[node:1] = 0
xi_y_i_[y:68][node:1] = 0.050000
} 
Node 2: {
y_[node:2] = 0
xi_y_i_[y:68][node:2] = 0.040769
} 
Node 3: {
y_[node:3] = 0
xi_y_i_[y:68][node:3] = 0.050000
} 
Node 4: {
y_[node:4] = 0
xi_y_i_[y:68][node:4] = 0.040769
} 
Node 5: {
y_[node:5] = 0
xi_y_i_[y:68][node:5] = 0.000000
} 
Node 6: {
y_[node:6] = 0
xi_y_i_[y:68][node:6] = 0.033077
} 
Node 7: {
y_[node:7] = 0
xi_y_i_[y:68][node:7] = 0.007692
} 
Node 8: {
y_[node:8] = 0
xi_y_i_[y:68][node:8] = 0.033077
} 
Node 9: {
y_[node:9] = 0
xi_y_i_[y:68][node:9] = 0.040769
} 
Node 10: {
y_[node:10] = 0
xi_y_i_[y:68][node:10] = 0.033077
} 
Node 11: {
y_[node:11] = 0
xi_y_i_[y:68][node:11] = 0.033077
} 
Node 12: {
y_[node:12] = 0
xi_y_i_[y:68][node:12] = 0.000000
} 
Node 13: {
y_[node:13] = 0
xi_y_i_[y:68][node:13] = 0.050000
} 
Node 14: {
y_[node:14] = 0
xi_y_i_[y:68][node:14] = 0.050000
} 
Node 15: {
y_[node:15] = 0
xi_y_i_[y:68][node:15] = 0.050000
} 
Node 16: {
y_[node:16] = 0
xi_y_i_[y:68][node:16] = 0.040769
} 
Node 17: {
y_[node:17] = 0
xi_y_i_[y:68][node:17] = 0.040769
} 
Node 18: {
y_[node:18] = 1
xi_y_i_[y:68][node:18] = 0.000000
} 
Node 19: {
y_[node:19] = 1
xi_y_i_[y:68][node:19] = 0.008462
} 
Node 20: {
y_[node:20] = 1
xi_y_i_[y:68][node:20] = 0.008462
} 
Node 21: {
y_[node:21] = 0
xi_y_i_[y:68][node:21] = 0.024615
} 
Node 22: {
y_[node:22] = 0
xi_y_i_[y:68][node:22] = 0.050000
} 
Node 23: {
y_[node:23] = 0
xi_y_i_[y:68][node:23] = 0.050000
} 
Node 24: {
y_[node:24] = 0
xi_y_i_[y:68][node:24] = 0.050000
} 
Node 25: {
y_[node:25] = 1
xi_y_i_[y:68][node:25] = 0.014615
} 
Node 26: {
y_[node:26] = 1
xi_y_i_[y:68][node:26] = 0.050000
} 
Node 27: {
y_[node:27] = 1
xi_y_i_[y:68][node:27] = 0.033077
} 
Node 28: {
y_[node:28] = 0
xi_y_i_[y:68][node:28] = 0.050000
} 
Node 29: {
y_[node:29] = 0
xi_y_i_[y:68][node:29] = 0.016923
} 
Node 30: {
y_[node:30] = 1
xi_y_i_[y:68][node:30] = 0.050000
} 

 } 

 y = 69 { 
Node 1: {
y_[node:1] = 0
xi_y_i_[y:69][node:1] = 0.050000
} 
Node 2: {
y_[node:2] = 0
xi_y_i_[y:69][node:2] = 0.040769
} 
Node 3: {
y_[node:3] = 0
xi_y_i_[y:69][node:3] = 0.050000
} 
Node 4: {
y_[node:4] = 0
xi_y_i_[y:69][node:4] = 0.040769
} 
Node 5: {
y_[node:5] = 0
xi_y_i_[y:69][node:5] = 0.000000
} 
Node 6: {
y_[node:6] = 0
xi_y_i_[y:69][node:6] = 0.033077
} 
Node 7: {
y_[node:7] = 0
xi_y_i_[y:69][node:7] = 0.007692
} 
Node 8: {
y_[node:8] = 1
xi_y_i_[y:69][node:8] = 0.033077
} 
Node 9: {
y_[node:9] = 1
xi_y_i_[y:69][node:9] = 0.040769
} 
Node 10: {
y_[node:10] = 1
xi_y_i_[y:69][node:10] = 0.033077
} 
Node 11: {
y_[node:11] = 1
xi_y_i_[y:69][node:11] = 0.033077
} 
Node 12: {
y_[node:12] = 0
xi_y_i_[y:69][node:12] = 0.000000
} 
Node 13: {
y_[node:13] = 0
xi_y_i_[y:69][node:13] = 0.050000
} 
Node 14: {
y_[node:14] = 0
xi_y_i_[y:69][node:14] = 0.050000
} 
Node 15: {
y_[node:15] = 0
xi_y_i_[y:69][node:15] = 0.050000
} 
Node 16: {
y_[node:16] = 0
xi_y_i_[y:69][node:16] = 0.040769
} 
Node 17: {
y_[node:17] = 0
xi_y_i_[y:69][node:17] = 0.040769
} 
Node 18: {
y_[node:18] = 1
xi_y_i_[y:69][node:18] = 0.000000
} 
Node 19: {
y_[node:19] = 0
xi_y_i_[y:69][node:19] = 0.008462
} 
Node 20: {
y_[node:20] = 0
xi_y_i_[y:69][node:20] = 0.008462
} 
Node 21: {
y_[node:21] = 1
xi_y_i_[y:69][node:21] = 0.024615
} 
Node 22: {
y_[node:22] = 0
xi_y_i_[y:69][node:22] = 0.031539
} 
Node 23: {
y_[node:23] = 0
xi_y_i_[y:69][node:23] = 0.050000
} 
Node 24: {
y_[node:24] = 0
xi_y_i_[y:69][node:24] = 0.050000
} 
Node 25: {
y_[node:25] = 0
xi_y_i_[y:69][node:25] = 0.050000
} 
Node 26: {
y_[node:26] = 0
xi_y_i_[y:69][node:26] = 0.050000
} 
Node 27: {
y_[node:27] = 0
xi_y_i_[y:69][node:27] = 0.033077
} 
Node 28: {
y_[node:28] = 0
xi_y_i_[y:69][node:28] = 0.050000
} 
Node 29: {
y_[node:29] = 0
xi_y_i_[y:69][node:29] = 0.050000
} 
Node 30: {
y_[node:30] = 0
xi_y_i_[y:69][node:30] = 0.000000
} 

 } 

 y = 75 { 
Node 1: {
y_[node:1] = 0
xi_y_i_[y:75][node:1] = 0.050000
} 
Node 2: {
y_[node:2] = 0
xi_y_i_[y:75][node:2] = 0.040769
} 
Node 3: {
y_[node:3] = 0
xi_y_i_[y:75][node:3] = 0.050000
} 
Node 4: {
y_[node:4] = 0
xi_y_i_[y:75][node:4] = 0.040769
} 
Node 5: {
y_[node:5] = 0
xi_y_i_[y:75][node:5] = 0.000000
} 
Node 6: {
y_[node:6] = 0
xi_y_i_[y:75][node:6] = 0.033077
} 
Node 7: {
y_[node:7] = 0
xi_y_i_[y:75][node:7] = 0.007692
} 
Node 8: {
y_[node:8] = 1
xi_y_i_[y:75][node:8] = 0.033077
} 
Node 9: {
y_[node:9] = 0
xi_y_i_[y:75][node:9] = 0.040769
} 
Node 10: {
y_[node:10] = 0
xi_y_i_[y:75][node:10] = 0.033077
} 
Node 11: {
y_[node:11] = 1
xi_y_i_[y:75][node:11] = 0.033077
} 
Node 12: {
y_[node:12] = 0
xi_y_i_[y:75][node:12] = 0.000000
} 
Node 13: {
y_[node:13] = 0
xi_y_i_[y:75][node:13] = 0.050000
} 
Node 14: {
y_[node:14] = 0
xi_y_i_[y:75][node:14] = 0.050000
} 
Node 15: {
y_[node:15] = 0
xi_y_i_[y:75][node:15] = 0.050000
} 
Node 16: {
y_[node:16] = 0
xi_y_i_[y:75][node:16] = 0.040769
} 
Node 17: {
y_[node:17] = 0
xi_y_i_[y:75][node:17] = 0.040769
} 
Node 18: {
y_[node:18] = 0
xi_y_i_[y:75][node:18] = 0.000000
} 
Node 19: {
y_[node:19] = 1
xi_y_i_[y:75][node:19] = 0.008462
} 
Node 20: {
y_[node:20] = 1
xi_y_i_[y:75][node:20] = 0.008462
} 
Node 21: {
y_[node:21] = 0
xi_y_i_[y:75][node:21] = 0.024615
} 
Node 22: {
y_[node:22] = 0
xi_y_i_[y:75][node:22] = 0.050000
} 
Node 23: {
y_[node:23] = 0
xi_y_i_[y:75][node:23] = 0.050000
} 
Node 24: {
y_[node:24] = 0
xi_y_i_[y:75][node:24] = 0.050000
} 
Node 25: {
y_[node:25] = 1
xi_y_i_[y:75][node:25] = 0.031538
} 
Node 26: {
y_[node:26] = 1
xi_y_i_[y:75][node:26] = 0.050000
} 
Node 27: {
y_[node:27] = 0
xi_y_i_[y:75][node:27] = 0.033077
} 
Node 28: {
y_[node:28] = 0
xi_y_i_[y:75][node:28] = 0.050000
} 
Node 29: {
y_[node:29] = 0
xi_y_i_[y:75][node:29] = 0.050000
} 
Node 30: {
y_[node:30] = 1
xi_y_i_[y:75][node:30] = 0.000000
} 

 } 
Legenda_Model:Instance_Name	Network_Name	Num_Nodes	Num_Prof_Nodes	Max_Tour_Duration	Max_Num_Discoveries	Max_Discoveries_Fraction	Best_LB	Best_Ub	Cplex_Gap	Root_Node_LB	Branch_and_Cut_Elapsed_Time	Starting_Cuts_Elapsed_Time	Tot_Time	Num_Logic_Benders_Cuts	Number_Starting_Scenarios	Num_BandC_Nodes	Number_Discoveries	Profit_cost	Discovery_cost	Card_Y	Num_Tight_Y	US_Type	US_Param	US_Tot_Det_Profit
Table_Model:tsi_prob_1_mod_1_budget_20_D1_md075_US2_USpar5	tsi_prob_1_mod_1_budget_20	32	30	2000	23	0.750000	-0.164615	-0.164615	0.000000	0.000000	138.769000	278.248000	417.017000	89	0	0	23	-0.164615	0.000000	76	42	2	0.050000	285.000000
