++++ Instance Info ++++
Instance name: tsi2_10_budget_35_D1_md050_US2_USpar20
Network name: tsi2_10_budget_35
Number of nodes: 12
Number of profitable nodes: 10
Max number of discovery: 5
Max duration: 3500
Alrijne Collecting Time: 360.000000
++++ Uncertainty  ++++
Uncertainty Set Type: 2
Uncertainty Set Parameter: 0.200000
Total Deterministic Profit in the Network: 265.000000
++++ Solution of the Model ++++
-----------------------------------------------
Objective:
Best Lower Bound: -0.700000
Best upper bound: -0.700000
Elapsed time Branch-and-Cut: 8.162000
Elapsed time Starting Cuts: 1.509000
Cplex Gap: 0.000000
B&C nodes: 61
Number Logic Benders Cuts: 174
Number Starting Scenarios: 0
Cardinality of Y: 37
Number of Tight y in the sub-problem: 13

Variables Master Problem:

Phi =-0.700000 

Discoveries: w_i (i is a profitable node). 
 w_[node:5] = 1.000000
 w_[node:6] = 1.000000
 w_[node:7] = 1.000000
 w_[node:8] = 1.000000
 w_[node:9] = 1.000000

Scenarios and Tight Ys Sub-Problem

Overline Scenario: ovxi_i (i is a profitable node). 
 ov_xi_[node:1] = 0.200000
 ov_xi_[node:2] = 0.000000
 ov_xi_[node:3] = 0.100000
 ov_xi_[node:4] = 0.000000
 ov_xi_[node:5] = 0.100000
 ov_xi_[node:6] = 0.200000
 ov_xi_[node:7] = 0.100000
 ov_xi_[node:8] = 0.200000
 ov_xi_[node:9] = 0.100000
 ov_xi_[node:10] = 0.000000

 Tigth Ys: 

 y = 2 { 
Node 1: {
y_[node:1] = 1
xi_y_i_[y:2][node:1] = 0.142857
} 
Node 2: {
y_[node:2] = 1
xi_y_i_[y:2][node:2] = 0.000000
} 
Node 3: {
y_[node:3] = 1
xi_y_i_[y:2][node:3] = 0.000000
} 
Node 4: {
y_[node:4] = 0
xi_y_i_[y:2][node:4] = 0.142857
} 
Node 5: {
y_[node:5] = 0
xi_y_i_[y:2][node:5] = 0.142857
} 
Node 6: {
y_[node:6] = 0
xi_y_i_[y:2][node:6] = 0.000000
} 
Node 7: {
y_[node:7] = 1
xi_y_i_[y:2][node:7] = 0.142857
} 
Node 8: {
y_[node:8] = 1
xi_y_i_[y:2][node:8] = 0.142857
} 
Node 9: {
y_[node:9] = 1
xi_y_i_[y:2][node:9] = 0.142857
} 
Node 10: {
y_[node:10] = 1
xi_y_i_[y:2][node:10] = 0.142857
} 

 } 

 y = 3 { 
Node 1: {
y_[node:1] = 1
xi_y_i_[y:3][node:1] = 0.142857
} 
Node 2: {
y_[node:2] = 1
xi_y_i_[y:3][node:2] = 0.000000
} 
Node 3: {
y_[node:3] = 1
xi_y_i_[y:3][node:3] = 0.000000
} 
Node 4: {
y_[node:4] = 1
xi_y_i_[y:3][node:4] = 0.142857
} 
Node 5: {
y_[node:5] = 1
xi_y_i_[y:3][node:5] = 0.142857
} 
Node 6: {
y_[node:6] = 1
xi_y_i_[y:3][node:6] = 0.000000
} 
Node 7: {
y_[node:7] = 1
xi_y_i_[y:3][node:7] = 0.142857
} 
Node 8: {
y_[node:8] = 1
xi_y_i_[y:3][node:8] = 0.142857
} 
Node 9: {
y_[node:9] = 0
xi_y_i_[y:3][node:9] = 0.142857
} 
Node 10: {
y_[node:10] = 0
xi_y_i_[y:3][node:10] = 0.142857
} 

 } 

 y = 13 { 
Node 1: {
y_[node:1] = 0
xi_y_i_[y:13][node:1] = 0.142857
} 
Node 2: {
y_[node:2] = 0
xi_y_i_[y:13][node:2] = 0.000000
} 
Node 3: {
y_[node:3] = 0
xi_y_i_[y:13][node:3] = 0.000000
} 
Node 4: {
y_[node:4] = 1
xi_y_i_[y:13][node:4] = 0.142857
} 
Node 5: {
y_[node:5] = 1
xi_y_i_[y:13][node:5] = 0.142857
} 
Node 6: {
y_[node:6] = 1
xi_y_i_[y:13][node:6] = 0.000000
} 
Node 7: {
y_[node:7] = 1
xi_y_i_[y:13][node:7] = 0.142857
} 
Node 8: {
y_[node:8] = 1
xi_y_i_[y:13][node:8] = 0.142857
} 
Node 9: {
y_[node:9] = 1
xi_y_i_[y:13][node:9] = 0.142857
} 
Node 10: {
y_[node:10] = 0
xi_y_i_[y:13][node:10] = 0.142857
} 

 } 

 y = 14 { 
Node 1: {
y_[node:1] = 1
xi_y_i_[y:14][node:1] = 0.142857
} 
Node 2: {
y_[node:2] = 0
xi_y_i_[y:14][node:2] = 0.000000
} 
Node 3: {
y_[node:3] = 1
xi_y_i_[y:14][node:3] = 0.000000
} 
Node 4: {
y_[node:4] = 1
xi_y_i_[y:14][node:4] = 0.142857
} 
Node 5: {
y_[node:5] = 1
xi_y_i_[y:14][node:5] = 0.142857
} 
Node 6: {
y_[node:6] = 1
xi_y_i_[y:14][node:6] = 0.000000
} 
Node 7: {
y_[node:7] = 0
xi_y_i_[y:14][node:7] = 0.142857
} 
Node 8: {
y_[node:8] = 0
xi_y_i_[y:14][node:8] = 0.142857
} 
Node 9: {
y_[node:9] = 1
xi_y_i_[y:14][node:9] = 0.142857
} 
Node 10: {
y_[node:10] = 1
xi_y_i_[y:14][node:10] = 0.142857
} 

 } 

 y = 17 { 
Node 1: {
y_[node:1] = 1
xi_y_i_[y:17][node:1] = 0.142857
} 
Node 2: {
y_[node:2] = 1
xi_y_i_[y:17][node:2] = 0.000000
} 
Node 3: {
y_[node:3] = 1
xi_y_i_[y:17][node:3] = 0.000000
} 
Node 4: {
y_[node:4] = 1
xi_y_i_[y:17][node:4] = 0.000000
} 
Node 5: {
y_[node:5] = 0
xi_y_i_[y:17][node:5] = 0.142857
} 
Node 6: {
y_[node:6] = 0
xi_y_i_[y:17][node:6] = 0.142857
} 
Node 7: {
y_[node:7] = 1
xi_y_i_[y:17][node:7] = 0.142857
} 
Node 8: {
y_[node:8] = 1
xi_y_i_[y:17][node:8] = 0.142857
} 
Node 9: {
y_[node:9] = 1
xi_y_i_[y:17][node:9] = 0.142857
} 
Node 10: {
y_[node:10] = 1
xi_y_i_[y:17][node:10] = 0.142857
} 

 } 

 y = 18 { 
Node 1: {
y_[node:1] = 1
xi_y_i_[y:18][node:1] = 0.142857
} 
Node 2: {
y_[node:2] = 1
xi_y_i_[y:18][node:2] = 0.000000
} 
Node 3: {
y_[node:3] = 1
xi_y_i_[y:18][node:3] = 0.000000
} 
Node 4: {
y_[node:4] = 0
xi_y_i_[y:18][node:4] = 0.000000
} 
Node 5: {
y_[node:5] = 1
xi_y_i_[y:18][node:5] = 0.142857
} 
Node 6: {
y_[node:6] = 1
xi_y_i_[y:18][node:6] = 0.142857
} 
Node 7: {
y_[node:7] = 0
xi_y_i_[y:18][node:7] = 0.142857
} 
Node 8: {
y_[node:8] = 0
xi_y_i_[y:18][node:8] = 0.142857
} 
Node 9: {
y_[node:9] = 1
xi_y_i_[y:18][node:9] = 0.142857
} 
Node 10: {
y_[node:10] = 1
xi_y_i_[y:18][node:10] = 0.142857
} 

 } 

 y = 19 { 
Node 1: {
y_[node:1] = 1
xi_y_i_[y:19][node:1] = 0.142857
} 
Node 2: {
y_[node:2] = 1
xi_y_i_[y:19][node:2] = 0.000000
} 
Node 3: {
y_[node:3] = 1
xi_y_i_[y:19][node:3] = 0.000000
} 
Node 4: {
y_[node:4] = 1
xi_y_i_[y:19][node:4] = 0.000000
} 
Node 5: {
y_[node:5] = 1
xi_y_i_[y:19][node:5] = 0.142857
} 
Node 6: {
y_[node:6] = 0
xi_y_i_[y:19][node:6] = 0.142857
} 
Node 7: {
y_[node:7] = 1
xi_y_i_[y:19][node:7] = 0.142857
} 
Node 8: {
y_[node:8] = 1
xi_y_i_[y:19][node:8] = 0.142857
} 
Node 9: {
y_[node:9] = 0
xi_y_i_[y:19][node:9] = 0.142857
} 
Node 10: {
y_[node:10] = 1
xi_y_i_[y:19][node:10] = 0.142857
} 

 } 

 y = 20 { 
Node 1: {
y_[node:1] = 1
xi_y_i_[y:20][node:1] = 0.142857
} 
Node 2: {
y_[node:2] = 1
xi_y_i_[y:20][node:2] = 0.000000
} 
Node 3: {
y_[node:3] = 1
xi_y_i_[y:20][node:3] = 0.000000
} 
Node 4: {
y_[node:4] = 1
xi_y_i_[y:20][node:4] = 0.000000
} 
Node 5: {
y_[node:5] = 1
xi_y_i_[y:20][node:5] = 0.142857
} 
Node 6: {
y_[node:6] = 1
xi_y_i_[y:20][node:6] = 0.142857
} 
Node 7: {
y_[node:7] = 0
xi_y_i_[y:20][node:7] = 0.142857
} 
Node 8: {
y_[node:8] = 0
xi_y_i_[y:20][node:8] = 0.142857
} 
Node 9: {
y_[node:9] = 1
xi_y_i_[y:20][node:9] = 0.142857
} 
Node 10: {
y_[node:10] = 1
xi_y_i_[y:20][node:10] = 0.142857
} 

 } 

 y = 21 { 
Node 1: {
y_[node:1] = 0
xi_y_i_[y:21][node:1] = 0.142857
} 
Node 2: {
y_[node:2] = 0
xi_y_i_[y:21][node:2] = 0.000000
} 
Node 3: {
y_[node:3] = 1
xi_y_i_[y:21][node:3] = 0.000000
} 
Node 4: {
y_[node:4] = 0
xi_y_i_[y:21][node:4] = 0.142857
} 
Node 5: {
y_[node:5] = 1
xi_y_i_[y:21][node:5] = 0.142857
} 
Node 6: {
y_[node:6] = 1
xi_y_i_[y:21][node:6] = 0.000000
} 
Node 7: {
y_[node:7] = 0
xi_y_i_[y:21][node:7] = 0.142857
} 
Node 8: {
y_[node:8] = 1
xi_y_i_[y:21][node:8] = 0.142857
} 
Node 9: {
y_[node:9] = 1
xi_y_i_[y:21][node:9] = 0.142857
} 
Node 10: {
y_[node:10] = 0
xi_y_i_[y:21][node:10] = 0.142857
} 

 } 

 y = 22 { 
Node 1: {
y_[node:1] = 1
xi_y_i_[y:22][node:1] = 0.142857
} 
Node 2: {
y_[node:2] = 0
xi_y_i_[y:22][node:2] = 0.000000
} 
Node 3: {
y_[node:3] = 1
xi_y_i_[y:22][node:3] = 0.000000
} 
Node 4: {
y_[node:4] = 0
xi_y_i_[y:22][node:4] = 0.000000
} 
Node 5: {
y_[node:5] = 1
xi_y_i_[y:22][node:5] = 0.142857
} 
Node 6: {
y_[node:6] = 1
xi_y_i_[y:22][node:6] = 0.142857
} 
Node 7: {
y_[node:7] = 1
xi_y_i_[y:22][node:7] = 0.142857
} 
Node 8: {
y_[node:8] = 0
xi_y_i_[y:22][node:8] = 0.142857
} 
Node 9: {
y_[node:9] = 0
xi_y_i_[y:22][node:9] = 0.142857
} 
Node 10: {
y_[node:10] = 1
xi_y_i_[y:22][node:10] = 0.142857
} 

 } 

 y = 24 { 
Node 1: {
y_[node:1] = 1
xi_y_i_[y:24][node:1] = 0.142857
} 
Node 2: {
y_[node:2] = 0
xi_y_i_[y:24][node:2] = 0.000000
} 
Node 3: {
y_[node:3] = 0
xi_y_i_[y:24][node:3] = 0.000000
} 
Node 4: {
y_[node:4] = 0
xi_y_i_[y:24][node:4] = 0.000000
} 
Node 5: {
y_[node:5] = 1
xi_y_i_[y:24][node:5] = 0.142857
} 
Node 6: {
y_[node:6] = 1
xi_y_i_[y:24][node:6] = 0.142857
} 
Node 7: {
y_[node:7] = 0
xi_y_i_[y:24][node:7] = 0.142857
} 
Node 8: {
y_[node:8] = 1
xi_y_i_[y:24][node:8] = 0.142857
} 
Node 9: {
y_[node:9] = 0
xi_y_i_[y:24][node:9] = 0.142857
} 
Node 10: {
y_[node:10] = 1
xi_y_i_[y:24][node:10] = 0.142857
} 

 } 

 y = 25 { 
Node 1: {
y_[node:1] = 1
xi_y_i_[y:25][node:1] = 0.142857
} 
Node 2: {
y_[node:2] = 1
xi_y_i_[y:25][node:2] = 0.000000
} 
Node 3: {
y_[node:3] = 1
xi_y_i_[y:25][node:3] = 0.000000
} 
Node 4: {
y_[node:4] = 0
xi_y_i_[y:25][node:4] = 0.142857
} 
Node 5: {
y_[node:5] = 1
xi_y_i_[y:25][node:5] = 0.142857
} 
Node 6: {
y_[node:6] = 1
xi_y_i_[y:25][node:6] = 0.000000
} 
Node 7: {
y_[node:7] = 1
xi_y_i_[y:25][node:7] = 0.142857
} 
Node 8: {
y_[node:8] = 0
xi_y_i_[y:25][node:8] = 0.142857
} 
Node 9: {
y_[node:9] = 0
xi_y_i_[y:25][node:9] = 0.142857
} 
Node 10: {
y_[node:10] = 1
xi_y_i_[y:25][node:10] = 0.142857
} 

 } 

 y = 30 { 
Node 1: {
y_[node:1] = 1
xi_y_i_[y:30][node:1] = 0.142857
} 
Node 2: {
y_[node:2] = 1
xi_y_i_[y:30][node:2] = 0.000000
} 
Node 3: {
y_[node:3] = 1
xi_y_i_[y:30][node:3] = 0.000000
} 
Node 4: {
y_[node:4] = 1
xi_y_i_[y:30][node:4] = 0.142857
} 
Node 5: {
y_[node:5] = 1
xi_y_i_[y:30][node:5] = 0.142857
} 
Node 6: {
y_[node:6] = 1
xi_y_i_[y:30][node:6] = 0.000000
} 
Node 7: {
y_[node:7] = 1
xi_y_i_[y:30][node:7] = 0.142857
} 
Node 8: {
y_[node:8] = 0
xi_y_i_[y:30][node:8] = 0.142857
} 
Node 9: {
y_[node:9] = 0
xi_y_i_[y:30][node:9] = 0.142857
} 
Node 10: {
y_[node:10] = 1
xi_y_i_[y:30][node:10] = 0.142857
} 

 } 
Legenda_Model:Instance_Name	Network_Name	Num_Nodes	Num_Prof_Nodes	Max_Tour_Duration	Max_Num_Discoveries	Max_Discoveries_Fraction	Best_LB	Best_Ub	Cplex_Gap	Root_Node_LB	Branch_and_Cut_Elapsed_Time	Starting_Cuts_Elapsed_Time	Tot_Time	Num_Logic_Benders_Cuts	Number_Starting_Scenarios	Num_BandC_Nodes	Number_Discoveries	Profit_cost	Discovery_cost	Card_Y	Num_Tight_Y	US_Type	US_Param	US_Tot_Det_Profit
Table_Model:tsi2_10_budget_35_D1_md050_US2_USpar20	tsi2_10_budget_35	12	10	3500	5	0.500000	-0.700000	-0.700000	0.000000	0.000000	8.162000	1.509000	9.671000	174	0	61	5	-0.700000	0.000000	37	13	2	0.200000	265.000000
