++++ Instance Info ++++
Instance name: tsi1_15_budget_45_D1_md075_US2_USpar10
Network name: tsi1_15_budget_45
Number of nodes: 17
Number of profitable nodes: 15
Max number of discovery: 12
Max duration: 4500
Alrijne Collecting Time: 360.000000
++++ Uncertainty  ++++
Uncertainty Set Type: 2
Uncertainty Set Parameter: 0.100000
Total Deterministic Profit in the Network: 170.000000
++++ Solution of the Model ++++
-----------------------------------------------
Objective:
Best Lower Bound: -0.550000
Best upper bound: -0.550000
Elapsed time Branch-and-Cut: 8.614000
Elapsed time Starting Cuts: 5.588000
Cplex Gap: 0.000000
B&C nodes: 0
Number Logic Benders Cuts: 62
Number Starting Scenarios: 0
Cardinality of Y: 30
Number of Tight y in the sub-problem: 17

Variables Master Problem:

Phi =-0.550000 

Discoveries: w_i (i is a profitable node). 
 w_[node:1] = 1.000000
 w_[node:2] = 1.000000
 w_[node:3] = 1.000000
 w_[node:4] = 1.000000
 w_[node:5] = 1.000000
 w_[node:8] = 1.000000
 w_[node:9] = 1.000000
 w_[node:10] = 1.000000
 w_[node:11] = 1.000000
 w_[node:12] = 1.000000
 w_[node:13] = 1.000000
 w_[node:15] = 1.000000

Scenarios and Tight Ys Sub-Problem

Overline Scenario: ovxi_i (i is a profitable node). 
 ov_xi_[node:1] = 0.050000
 ov_xi_[node:2] = 0.050000
 ov_xi_[node:3] = 0.100000
 ov_xi_[node:4] = 0.000000
 ov_xi_[node:5] = 0.050000
 ov_xi_[node:6] = 0.100000
 ov_xi_[node:7] = 0.000000
 ov_xi_[node:8] = 0.100000
 ov_xi_[node:9] = 0.100000
 ov_xi_[node:10] = 0.100000
 ov_xi_[node:11] = 0.000000
 ov_xi_[node:12] = 0.100000
 ov_xi_[node:13] = 0.100000
 ov_xi_[node:14] = 0.050000
 ov_xi_[node:15] = 0.100000

 Tigth Ys: 

 y = 0 { 
Node 1: {
y_[node:1] = 1
xi_y_i_[y:0][node:1] = 0.050000
} 
Node 2: {
y_[node:2] = 1
xi_y_i_[y:0][node:2] = 0.050000
} 
Node 3: {
y_[node:3] = 1
xi_y_i_[y:0][node:3] = 0.100000
} 
Node 4: {
y_[node:4] = 1
xi_y_i_[y:0][node:4] = 0.000000
} 
Node 5: {
y_[node:5] = 1
xi_y_i_[y:0][node:5] = 0.050000
} 
Node 6: {
y_[node:6] = 1
xi_y_i_[y:0][node:6] = 0.100000
} 
Node 7: {
y_[node:7] = 1
xi_y_i_[y:0][node:7] = 0.000000
} 
Node 8: {
y_[node:8] = 1
xi_y_i_[y:0][node:8] = 0.100000
} 
Node 9: {
y_[node:9] = 1
xi_y_i_[y:0][node:9] = 0.100000
} 
Node 10: {
y_[node:10] = 0
xi_y_i_[y:0][node:10] = 0.100000
} 
Node 11: {
y_[node:11] = 0
xi_y_i_[y:0][node:11] = 0.000000
} 
Node 12: {
y_[node:12] = 0
xi_y_i_[y:0][node:12] = 0.100000
} 
Node 13: {
y_[node:13] = 0
xi_y_i_[y:0][node:13] = 0.100000
} 
Node 14: {
y_[node:14] = 0
xi_y_i_[y:0][node:14] = 0.050000
} 
Node 15: {
y_[node:15] = 0
xi_y_i_[y:0][node:15] = 0.100000
} 

 } 

 y = 1 { 
Node 1: {
y_[node:1] = 0
xi_y_i_[y:1][node:1] = 0.050000
} 
Node 2: {
y_[node:2] = 0
xi_y_i_[y:1][node:2] = 0.050000
} 
Node 3: {
y_[node:3] = 0
xi_y_i_[y:1][node:3] = 0.100000
} 
Node 4: {
y_[node:4] = 0
xi_y_i_[y:1][node:4] = 0.000000
} 
Node 5: {
y_[node:5] = 0
xi_y_i_[y:1][node:5] = 0.050000
} 
Node 6: {
y_[node:6] = 0
xi_y_i_[y:1][node:6] = 0.100000
} 
Node 7: {
y_[node:7] = 1
xi_y_i_[y:1][node:7] = 0.000000
} 
Node 8: {
y_[node:8] = 0
xi_y_i_[y:1][node:8] = 0.100000
} 
Node 9: {
y_[node:9] = 1
xi_y_i_[y:1][node:9] = 0.100000
} 
Node 10: {
y_[node:10] = 1
xi_y_i_[y:1][node:10] = 0.100000
} 
Node 11: {
y_[node:11] = 1
xi_y_i_[y:1][node:11] = 0.000000
} 
Node 12: {
y_[node:12] = 1
xi_y_i_[y:1][node:12] = 0.100000
} 
Node 13: {
y_[node:13] = 1
xi_y_i_[y:1][node:13] = 0.100000
} 
Node 14: {
y_[node:14] = 1
xi_y_i_[y:1][node:14] = 0.050000
} 
Node 15: {
y_[node:15] = 1
xi_y_i_[y:1][node:15] = 0.100000
} 

 } 

 y = 7 { 
Node 1: {
y_[node:1] = 1
xi_y_i_[y:7][node:1] = 0.050000
} 
Node 2: {
y_[node:2] = 1
xi_y_i_[y:7][node:2] = 0.050000
} 
Node 3: {
y_[node:3] = 0
xi_y_i_[y:7][node:3] = 0.100000
} 
Node 4: {
y_[node:4] = 1
xi_y_i_[y:7][node:4] = 0.000000
} 
Node 5: {
y_[node:5] = 1
xi_y_i_[y:7][node:5] = 0.050000
} 
Node 6: {
y_[node:6] = 0
xi_y_i_[y:7][node:6] = 0.100000
} 
Node 7: {
y_[node:7] = 0
xi_y_i_[y:7][node:7] = 0.000000
} 
Node 8: {
y_[node:8] = 0
xi_y_i_[y:7][node:8] = 0.100000
} 
Node 9: {
y_[node:9] = 0
xi_y_i_[y:7][node:9] = 0.100000
} 
Node 10: {
y_[node:10] = 1
xi_y_i_[y:7][node:10] = 0.100000
} 
Node 11: {
y_[node:11] = 0
xi_y_i_[y:7][node:11] = 0.000000
} 
Node 12: {
y_[node:12] = 1
xi_y_i_[y:7][node:12] = 0.100000
} 
Node 13: {
y_[node:13] = 1
xi_y_i_[y:7][node:13] = 0.100000
} 
Node 14: {
y_[node:14] = 0
xi_y_i_[y:7][node:14] = 0.050000
} 
Node 15: {
y_[node:15] = 1
xi_y_i_[y:7][node:15] = 0.100000
} 

 } 

 y = 8 { 
Node 1: {
y_[node:1] = 1
xi_y_i_[y:8][node:1] = 0.050000
} 
Node 2: {
y_[node:2] = 1
xi_y_i_[y:8][node:2] = 0.050000
} 
Node 3: {
y_[node:3] = 1
xi_y_i_[y:8][node:3] = 0.100000
} 
Node 4: {
y_[node:4] = 1
xi_y_i_[y:8][node:4] = 0.000000
} 
Node 5: {
y_[node:5] = 1
xi_y_i_[y:8][node:5] = 0.050000
} 
Node 6: {
y_[node:6] = 0
xi_y_i_[y:8][node:6] = 0.100000
} 
Node 7: {
y_[node:7] = 0
xi_y_i_[y:8][node:7] = 0.000000
} 
Node 8: {
y_[node:8] = 0
xi_y_i_[y:8][node:8] = 0.100000
} 
Node 9: {
y_[node:9] = 0
xi_y_i_[y:8][node:9] = 0.100000
} 
Node 10: {
y_[node:10] = 1
xi_y_i_[y:8][node:10] = 0.100000
} 
Node 11: {
y_[node:11] = 1
xi_y_i_[y:8][node:11] = 0.000000
} 
Node 12: {
y_[node:12] = 0
xi_y_i_[y:8][node:12] = 0.100000
} 
Node 13: {
y_[node:13] = 1
xi_y_i_[y:8][node:13] = 0.100000
} 
Node 14: {
y_[node:14] = 0
xi_y_i_[y:8][node:14] = 0.050000
} 
Node 15: {
y_[node:15] = 1
xi_y_i_[y:8][node:15] = 0.100000
} 

 } 

 y = 10 { 
Node 1: {
y_[node:1] = 0
xi_y_i_[y:10][node:1] = 0.050000
} 
Node 2: {
y_[node:2] = 1
xi_y_i_[y:10][node:2] = 0.050000
} 
Node 3: {
y_[node:3] = 1
xi_y_i_[y:10][node:3] = 0.100000
} 
Node 4: {
y_[node:4] = 0
xi_y_i_[y:10][node:4] = 0.000000
} 
Node 5: {
y_[node:5] = 0
xi_y_i_[y:10][node:5] = 0.050000
} 
Node 6: {
y_[node:6] = 1
xi_y_i_[y:10][node:6] = 0.100000
} 
Node 7: {
y_[node:7] = 0
xi_y_i_[y:10][node:7] = 0.050000
} 
Node 8: {
y_[node:8] = 1
xi_y_i_[y:10][node:8] = 0.100000
} 
Node 9: {
y_[node:9] = 1
xi_y_i_[y:10][node:9] = 0.100000
} 
Node 10: {
y_[node:10] = 0
xi_y_i_[y:10][node:10] = 0.100000
} 
Node 11: {
y_[node:11] = 0
xi_y_i_[y:10][node:11] = 0.000000
} 
Node 12: {
y_[node:12] = 0
xi_y_i_[y:10][node:12] = 0.100000
} 
Node 13: {
y_[node:13] = 0
xi_y_i_[y:10][node:13] = 0.100000
} 
Node 14: {
y_[node:14] = 1
xi_y_i_[y:10][node:14] = 0.000000
} 
Node 15: {
y_[node:15] = 1
xi_y_i_[y:10][node:15] = 0.100000
} 

 } 

 y = 11 { 
Node 1: {
y_[node:1] = 1
xi_y_i_[y:11][node:1] = 0.050000
} 
Node 2: {
y_[node:2] = 1
xi_y_i_[y:11][node:2] = 0.050000
} 
Node 3: {
y_[node:3] = 1
xi_y_i_[y:11][node:3] = 0.100000
} 
Node 4: {
y_[node:4] = 0
xi_y_i_[y:11][node:4] = 0.000000
} 
Node 5: {
y_[node:5] = 1
xi_y_i_[y:11][node:5] = 0.050000
} 
Node 6: {
y_[node:6] = 1
xi_y_i_[y:11][node:6] = 0.100000
} 
Node 7: {
y_[node:7] = 0
xi_y_i_[y:11][node:7] = 0.050000
} 
Node 8: {
y_[node:8] = 1
xi_y_i_[y:11][node:8] = 0.100000
} 
Node 9: {
y_[node:9] = 1
xi_y_i_[y:11][node:9] = 0.100000
} 
Node 10: {
y_[node:10] = 0
xi_y_i_[y:11][node:10] = 0.100000
} 
Node 11: {
y_[node:11] = 0
xi_y_i_[y:11][node:11] = 0.000000
} 
Node 12: {
y_[node:12] = 0
xi_y_i_[y:11][node:12] = 0.100000
} 
Node 13: {
y_[node:13] = 0
xi_y_i_[y:11][node:13] = 0.100000
} 
Node 14: {
y_[node:14] = 1
xi_y_i_[y:11][node:14] = 0.000000
} 
Node 15: {
y_[node:15] = 0
xi_y_i_[y:11][node:15] = 0.100000
} 

 } 

 y = 12 { 
Node 1: {
y_[node:1] = 1
xi_y_i_[y:12][node:1] = 0.050000
} 
Node 2: {
y_[node:2] = 1
xi_y_i_[y:12][node:2] = 0.050000
} 
Node 3: {
y_[node:3] = 1
xi_y_i_[y:12][node:3] = 0.100000
} 
Node 4: {
y_[node:4] = 1
xi_y_i_[y:12][node:4] = 0.000000
} 
Node 5: {
y_[node:5] = 0
xi_y_i_[y:12][node:5] = 0.050000
} 
Node 6: {
y_[node:6] = 1
xi_y_i_[y:12][node:6] = 0.100000
} 
Node 7: {
y_[node:7] = 0
xi_y_i_[y:12][node:7] = 0.000000
} 
Node 8: {
y_[node:8] = 1
xi_y_i_[y:12][node:8] = 0.100000
} 
Node 9: {
y_[node:9] = 1
xi_y_i_[y:12][node:9] = 0.100000
} 
Node 10: {
y_[node:10] = 0
xi_y_i_[y:12][node:10] = 0.100000
} 
Node 11: {
y_[node:11] = 0
xi_y_i_[y:12][node:11] = 0.000000
} 
Node 12: {
y_[node:12] = 0
xi_y_i_[y:12][node:12] = 0.100000
} 
Node 13: {
y_[node:13] = 0
xi_y_i_[y:12][node:13] = 0.100000
} 
Node 14: {
y_[node:14] = 1
xi_y_i_[y:12][node:14] = 0.050000
} 
Node 15: {
y_[node:15] = 0
xi_y_i_[y:12][node:15] = 0.100000
} 

 } 

 y = 13 { 
Node 1: {
y_[node:1] = 0
xi_y_i_[y:13][node:1] = 0.050000
} 
Node 2: {
y_[node:2] = 0
xi_y_i_[y:13][node:2] = 0.050000
} 
Node 3: {
y_[node:3] = 0
xi_y_i_[y:13][node:3] = 0.100000
} 
Node 4: {
y_[node:4] = 1
xi_y_i_[y:13][node:4] = 0.000000
} 
Node 5: {
y_[node:5] = 1
xi_y_i_[y:13][node:5] = 0.050000
} 
Node 6: {
y_[node:6] = 0
xi_y_i_[y:13][node:6] = 0.100000
} 
Node 7: {
y_[node:7] = 0
xi_y_i_[y:13][node:7] = 0.050000
} 
Node 8: {
y_[node:8] = 0
xi_y_i_[y:13][node:8] = 0.100000
} 
Node 9: {
y_[node:9] = 1
xi_y_i_[y:13][node:9] = 0.100000
} 
Node 10: {
y_[node:10] = 1
xi_y_i_[y:13][node:10] = 0.100000
} 
Node 11: {
y_[node:11] = 1
xi_y_i_[y:13][node:11] = 0.000000
} 
Node 12: {
y_[node:12] = 1
xi_y_i_[y:13][node:12] = 0.100000
} 
Node 13: {
y_[node:13] = 1
xi_y_i_[y:13][node:13] = 0.100000
} 
Node 14: {
y_[node:14] = 1
xi_y_i_[y:13][node:14] = 0.000000
} 
Node 15: {
y_[node:15] = 1
xi_y_i_[y:13][node:15] = 0.100000
} 

 } 

 y = 14 { 
Node 1: {
y_[node:1] = 1
xi_y_i_[y:14][node:1] = 0.050000
} 
Node 2: {
y_[node:2] = 1
xi_y_i_[y:14][node:2] = 0.050000
} 
Node 3: {
y_[node:3] = 0
xi_y_i_[y:14][node:3] = 0.100000
} 
Node 4: {
y_[node:4] = 1
xi_y_i_[y:14][node:4] = 0.000000
} 
Node 5: {
y_[node:5] = 1
xi_y_i_[y:14][node:5] = 0.050000
} 
Node 6: {
y_[node:6] = 0
xi_y_i_[y:14][node:6] = 0.100000
} 
Node 7: {
y_[node:7] = 0
xi_y_i_[y:14][node:7] = 0.000000
} 
Node 8: {
y_[node:8] = 0
xi_y_i_[y:14][node:8] = 0.100000
} 
Node 9: {
y_[node:9] = 0
xi_y_i_[y:14][node:9] = 0.100000
} 
Node 10: {
y_[node:10] = 1
xi_y_i_[y:14][node:10] = 0.100000
} 
Node 11: {
y_[node:11] = 1
xi_y_i_[y:14][node:11] = 0.000000
} 
Node 12: {
y_[node:12] = 1
xi_y_i_[y:14][node:12] = 0.100000
} 
Node 13: {
y_[node:13] = 1
xi_y_i_[y:14][node:13] = 0.100000
} 
Node 14: {
y_[node:14] = 0
xi_y_i_[y:14][node:14] = 0.050000
} 
Node 15: {
y_[node:15] = 1
xi_y_i_[y:14][node:15] = 0.100000
} 

 } 

 y = 15 { 
Node 1: {
y_[node:1] = 1
xi_y_i_[y:15][node:1] = 0.050000
} 
Node 2: {
y_[node:2] = 0
xi_y_i_[y:15][node:2] = 0.050000
} 
Node 3: {
y_[node:3] = 1
xi_y_i_[y:15][node:3] = 0.100000
} 
Node 4: {
y_[node:4] = 1
xi_y_i_[y:15][node:4] = 0.000000
} 
Node 5: {
y_[node:5] = 1
xi_y_i_[y:15][node:5] = 0.050000
} 
Node 6: {
y_[node:6] = 1
xi_y_i_[y:15][node:6] = 0.100000
} 
Node 7: {
y_[node:7] = 1
xi_y_i_[y:15][node:7] = 0.050000
} 
Node 8: {
y_[node:8] = 1
xi_y_i_[y:15][node:8] = 0.100000
} 
Node 9: {
y_[node:9] = 1
xi_y_i_[y:15][node:9] = 0.100000
} 
Node 10: {
y_[node:10] = 0
xi_y_i_[y:15][node:10] = 0.100000
} 
Node 11: {
y_[node:11] = 0
xi_y_i_[y:15][node:11] = 0.000000
} 
Node 12: {
y_[node:12] = 0
xi_y_i_[y:15][node:12] = 0.100000
} 
Node 13: {
y_[node:13] = 0
xi_y_i_[y:15][node:13] = 0.100000
} 
Node 14: {
y_[node:14] = 1
xi_y_i_[y:15][node:14] = 0.000000
} 
Node 15: {
y_[node:15] = 0
xi_y_i_[y:15][node:15] = 0.100000
} 

 } 

 y = 16 { 
Node 1: {
y_[node:1] = 1
xi_y_i_[y:16][node:1] = 0.050000
} 
Node 2: {
y_[node:2] = 1
xi_y_i_[y:16][node:2] = 0.050000
} 
Node 3: {
y_[node:3] = 1
xi_y_i_[y:16][node:3] = 0.100000
} 
Node 4: {
y_[node:4] = 1
xi_y_i_[y:16][node:4] = 0.000000
} 
Node 5: {
y_[node:5] = 0
xi_y_i_[y:16][node:5] = 0.050000
} 
Node 6: {
y_[node:6] = 1
xi_y_i_[y:16][node:6] = 0.100000
} 
Node 7: {
y_[node:7] = 1
xi_y_i_[y:16][node:7] = 0.050000
} 
Node 8: {
y_[node:8] = 1
xi_y_i_[y:16][node:8] = 0.100000
} 
Node 9: {
y_[node:9] = 1
xi_y_i_[y:16][node:9] = 0.100000
} 
Node 10: {
y_[node:10] = 0
xi_y_i_[y:16][node:10] = 0.100000
} 
Node 11: {
y_[node:11] = 0
xi_y_i_[y:16][node:11] = 0.000000
} 
Node 12: {
y_[node:12] = 0
xi_y_i_[y:16][node:12] = 0.100000
} 
Node 13: {
y_[node:13] = 0
xi_y_i_[y:16][node:13] = 0.100000
} 
Node 14: {
y_[node:14] = 1
xi_y_i_[y:16][node:14] = 0.000000
} 
Node 15: {
y_[node:15] = 0
xi_y_i_[y:16][node:15] = 0.100000
} 

 } 

 y = 18 { 
Node 1: {
y_[node:1] = 1
xi_y_i_[y:18][node:1] = 0.050000
} 
Node 2: {
y_[node:2] = 1
xi_y_i_[y:18][node:2] = 0.050000
} 
Node 3: {
y_[node:3] = 1
xi_y_i_[y:18][node:3] = 0.100000
} 
Node 4: {
y_[node:4] = 1
xi_y_i_[y:18][node:4] = 0.000000
} 
Node 5: {
y_[node:5] = 1
xi_y_i_[y:18][node:5] = 0.050000
} 
Node 6: {
y_[node:6] = 0
xi_y_i_[y:18][node:6] = 0.100000
} 
Node 7: {
y_[node:7] = 0
xi_y_i_[y:18][node:7] = 0.000000
} 
Node 8: {
y_[node:8] = 0
xi_y_i_[y:18][node:8] = 0.100000
} 
Node 9: {
y_[node:9] = 0
xi_y_i_[y:18][node:9] = 0.100000
} 
Node 10: {
y_[node:10] = 1
xi_y_i_[y:18][node:10] = 0.100000
} 
Node 11: {
y_[node:11] = 1
xi_y_i_[y:18][node:11] = 0.000000
} 
Node 12: {
y_[node:12] = 1
xi_y_i_[y:18][node:12] = 0.100000
} 
Node 13: {
y_[node:13] = 1
xi_y_i_[y:18][node:13] = 0.100000
} 
Node 14: {
y_[node:14] = 0
xi_y_i_[y:18][node:14] = 0.050000
} 
Node 15: {
y_[node:15] = 0
xi_y_i_[y:18][node:15] = 0.100000
} 

 } 

 y = 19 { 
Node 1: {
y_[node:1] = 0
xi_y_i_[y:19][node:1] = 0.050000
} 
Node 2: {
y_[node:2] = 1
xi_y_i_[y:19][node:2] = 0.050000
} 
Node 3: {
y_[node:3] = 1
xi_y_i_[y:19][node:3] = 0.100000
} 
Node 4: {
y_[node:4] = 1
xi_y_i_[y:19][node:4] = 0.000000
} 
Node 5: {
y_[node:5] = 1
xi_y_i_[y:19][node:5] = 0.050000
} 
Node 6: {
y_[node:6] = 1
xi_y_i_[y:19][node:6] = 0.100000
} 
Node 7: {
y_[node:7] = 1
xi_y_i_[y:19][node:7] = 0.050000
} 
Node 8: {
y_[node:8] = 1
xi_y_i_[y:19][node:8] = 0.100000
} 
Node 9: {
y_[node:9] = 1
xi_y_i_[y:19][node:9] = 0.100000
} 
Node 10: {
y_[node:10] = 0
xi_y_i_[y:19][node:10] = 0.100000
} 
Node 11: {
y_[node:11] = 0
xi_y_i_[y:19][node:11] = 0.000000
} 
Node 12: {
y_[node:12] = 0
xi_y_i_[y:19][node:12] = 0.100000
} 
Node 13: {
y_[node:13] = 0
xi_y_i_[y:19][node:13] = 0.100000
} 
Node 14: {
y_[node:14] = 1
xi_y_i_[y:19][node:14] = 0.000000
} 
Node 15: {
y_[node:15] = 0
xi_y_i_[y:19][node:15] = 0.100000
} 

 } 

 y = 20 { 
Node 1: {
y_[node:1] = 1
xi_y_i_[y:20][node:1] = 0.050000
} 
Node 2: {
y_[node:2] = 1
xi_y_i_[y:20][node:2] = 0.050000
} 
Node 3: {
y_[node:3] = 1
xi_y_i_[y:20][node:3] = 0.100000
} 
Node 4: {
y_[node:4] = 1
xi_y_i_[y:20][node:4] = 0.000000
} 
Node 5: {
y_[node:5] = 1
xi_y_i_[y:20][node:5] = 0.050000
} 
Node 6: {
y_[node:6] = 1
xi_y_i_[y:20][node:6] = 0.100000
} 
Node 7: {
y_[node:7] = 1
xi_y_i_[y:20][node:7] = 0.000000
} 
Node 8: {
y_[node:8] = 0
xi_y_i_[y:20][node:8] = 0.100000
} 
Node 9: {
y_[node:9] = 1
xi_y_i_[y:20][node:9] = 0.100000
} 
Node 10: {
y_[node:10] = 1
xi_y_i_[y:20][node:10] = 0.100000
} 
Node 11: {
y_[node:11] = 0
xi_y_i_[y:20][node:11] = 0.000000
} 
Node 12: {
y_[node:12] = 0
xi_y_i_[y:20][node:12] = 0.100000
} 
Node 13: {
y_[node:13] = 0
xi_y_i_[y:20][node:13] = 0.100000
} 
Node 14: {
y_[node:14] = 0
xi_y_i_[y:20][node:14] = 0.050000
} 
Node 15: {
y_[node:15] = 0
xi_y_i_[y:20][node:15] = 0.100000
} 

 } 

 y = 22 { 
Node 1: {
y_[node:1] = 1
xi_y_i_[y:22][node:1] = 0.050000
} 
Node 2: {
y_[node:2] = 1
xi_y_i_[y:22][node:2] = 0.050000
} 
Node 3: {
y_[node:3] = 1
xi_y_i_[y:22][node:3] = 0.100000
} 
Node 4: {
y_[node:4] = 0
xi_y_i_[y:22][node:4] = 0.000000
} 
Node 5: {
y_[node:5] = 0
xi_y_i_[y:22][node:5] = 0.050000
} 
Node 6: {
y_[node:6] = 1
xi_y_i_[y:22][node:6] = 0.100000
} 
Node 7: {
y_[node:7] = 1
xi_y_i_[y:22][node:7] = 0.000000
} 
Node 8: {
y_[node:8] = 0
xi_y_i_[y:22][node:8] = 0.100000
} 
Node 9: {
y_[node:9] = 1
xi_y_i_[y:22][node:9] = 0.100000
} 
Node 10: {
y_[node:10] = 0
xi_y_i_[y:22][node:10] = 0.100000
} 
Node 11: {
y_[node:11] = 0
xi_y_i_[y:22][node:11] = 0.000000
} 
Node 12: {
y_[node:12] = 0
xi_y_i_[y:22][node:12] = 0.100000
} 
Node 13: {
y_[node:13] = 0
xi_y_i_[y:22][node:13] = 0.100000
} 
Node 14: {
y_[node:14] = 1
xi_y_i_[y:22][node:14] = 0.050000
} 
Node 15: {
y_[node:15] = 1
xi_y_i_[y:22][node:15] = 0.100000
} 

 } 

 y = 24 { 
Node 1: {
y_[node:1] = 0
xi_y_i_[y:24][node:1] = 0.050000
} 
Node 2: {
y_[node:2] = 0
xi_y_i_[y:24][node:2] = 0.050000
} 
Node 3: {
y_[node:3] = 0
xi_y_i_[y:24][node:3] = 0.100000
} 
Node 4: {
y_[node:4] = 0
xi_y_i_[y:24][node:4] = 0.000000
} 
Node 5: {
y_[node:5] = 0
xi_y_i_[y:24][node:5] = 0.050000
} 
Node 6: {
y_[node:6] = 0
xi_y_i_[y:24][node:6] = 0.100000
} 
Node 7: {
y_[node:7] = 1
xi_y_i_[y:24][node:7] = 0.000000
} 
Node 8: {
y_[node:8] = 1
xi_y_i_[y:24][node:8] = 0.100000
} 
Node 9: {
y_[node:9] = 1
xi_y_i_[y:24][node:9] = 0.100000
} 
Node 10: {
y_[node:10] = 1
xi_y_i_[y:24][node:10] = 0.100000
} 
Node 11: {
y_[node:11] = 1
xi_y_i_[y:24][node:11] = 0.000000
} 
Node 12: {
y_[node:12] = 0
xi_y_i_[y:24][node:12] = 0.100000
} 
Node 13: {
y_[node:13] = 1
xi_y_i_[y:24][node:13] = 0.100000
} 
Node 14: {
y_[node:14] = 1
xi_y_i_[y:24][node:14] = 0.050000
} 
Node 15: {
y_[node:15] = 1
xi_y_i_[y:24][node:15] = 0.100000
} 

 } 

 y = 27 { 
Node 1: {
y_[node:1] = 1
xi_y_i_[y:27][node:1] = 0.050000
} 
Node 2: {
y_[node:2] = 1
xi_y_i_[y:27][node:2] = 0.050000
} 
Node 3: {
y_[node:3] = 1
xi_y_i_[y:27][node:3] = 0.100000
} 
Node 4: {
y_[node:4] = 1
xi_y_i_[y:27][node:4] = 0.000000
} 
Node 5: {
y_[node:5] = 1
xi_y_i_[y:27][node:5] = 0.050000
} 
Node 6: {
y_[node:6] = 1
xi_y_i_[y:27][node:6] = 0.000000
} 
Node 7: {
y_[node:7] = 0
xi_y_i_[y:27][node:7] = 0.050000
} 
Node 8: {
y_[node:8] = 1
xi_y_i_[y:27][node:8] = 0.100000
} 
Node 9: {
y_[node:9] = 1
xi_y_i_[y:27][node:9] = 0.100000
} 
Node 10: {
y_[node:10] = 0
xi_y_i_[y:27][node:10] = 0.100000
} 
Node 11: {
y_[node:11] = 0
xi_y_i_[y:27][node:11] = 0.000000
} 
Node 12: {
y_[node:12] = 0
xi_y_i_[y:27][node:12] = 0.100000
} 
Node 13: {
y_[node:13] = 0
xi_y_i_[y:27][node:13] = 0.100000
} 
Node 14: {
y_[node:14] = 1
xi_y_i_[y:27][node:14] = 0.100000
} 
Node 15: {
y_[node:15] = 0
xi_y_i_[y:27][node:15] = 0.100000
} 

 } 
Legenda_Model:Instance_Name	Network_Name	Num_Nodes	Num_Prof_Nodes	Max_Tour_Duration	Max_Num_Discoveries	Max_Discoveries_Fraction	Best_LB	Best_Ub	Cplex_Gap	Root_Node_LB	Branch_and_Cut_Elapsed_Time	Starting_Cuts_Elapsed_Time	Tot_Time	Num_Logic_Benders_Cuts	Number_Starting_Scenarios	Num_BandC_Nodes	Number_Discoveries	Profit_cost	Discovery_cost	Card_Y	Num_Tight_Y	US_Type	US_Param	US_Tot_Det_Profit
Table_Model:tsi1_15_budget_45_D1_md075_US2_USpar10	tsi1_15_budget_45	17	15	4500	12	0.750000	-0.550000	-0.550000	0.000000	0.000000	8.614000	5.588000	14.202000	62	0	0	12	-0.550000	0.000000	30	17	2	0.100000	170.000000
