++++ Instance Info ++++
Instance name: tsi1_15_budget_40_D1_md025_US2_USpar10
Network name: tsi1_15_budget_40
Number of nodes: 17
Number of profitable nodes: 15
Max number of discovery: 4
Max duration: 4000
Alrijne Collecting Time: 360.000000
++++ Uncertainty  ++++
Uncertainty Set Type: 2
Uncertainty Set Parameter: 0.100000
Total Deterministic Profit in the Network: 170.000000
++++ Solution of the Model ++++
-----------------------------------------------
Objective:
Best Lower Bound: -0.350000
Best upper bound: -0.350000
Elapsed time Branch-and-Cut: 344.407000
Elapsed time Starting Cuts: 6.791000
Cplex Gap: 0.000000
B&C nodes: 1555
Number Logic Benders Cuts: 1641
Number Starting Scenarios: 0
Cardinality of Y: 140
Number of Tight y in the sub-problem: 76

Variables Master Problem:

Phi =-0.350000 

Discoveries: w_i (i is a profitable node). 
 w_[node:5] = 1.000000
 w_[node:12] = 1.000000
 w_[node:13] = 1.000000
 w_[node:15] = 1.000000

Scenarios and Tight Ys Sub-Problem

Overline Scenario: ovxi_i (i is a profitable node). 
 ov_xi_[node:1] = 0.100000
 ov_xi_[node:2] = 0.100000
 ov_xi_[node:3] = 0.000000
 ov_xi_[node:4] = 0.000000
 ov_xi_[node:5] = 0.050000
 ov_xi_[node:6] = 0.000000
 ov_xi_[node:7] = 0.000000
 ov_xi_[node:8] = 0.050000
 ov_xi_[node:9] = 0.100000
 ov_xi_[node:10] = 0.100000
 ov_xi_[node:11] = 0.100000
 ov_xi_[node:12] = 0.100000
 ov_xi_[node:13] = 0.100000
 ov_xi_[node:14] = 0.100000
 ov_xi_[node:15] = 0.100000

 Tigth Ys: 

 y = 0 { 
Node 1: {
y_[node:1] = 1
xi_y_i_[y:0][node:1] = 0.066667
} 
Node 2: {
y_[node:2] = 1
xi_y_i_[y:0][node:2] = 0.000000
} 
Node 3: {
y_[node:3] = 1
xi_y_i_[y:0][node:3] = 0.100000
} 
Node 4: {
y_[node:4] = 1
xi_y_i_[y:0][node:4] = 0.000000
} 
Node 5: {
y_[node:5] = 1
xi_y_i_[y:0][node:5] = 0.000000
} 
Node 6: {
y_[node:6] = 1
xi_y_i_[y:0][node:6] = 0.100000
} 
Node 7: {
y_[node:7] = 1
xi_y_i_[y:0][node:7] = 0.000000
} 
Node 8: {
y_[node:8] = 0
xi_y_i_[y:0][node:8] = 0.100000
} 
Node 9: {
y_[node:9] = 1
xi_y_i_[y:0][node:9] = 0.066667
} 
Node 10: {
y_[node:10] = 0
xi_y_i_[y:0][node:10] = 0.066667
} 
Node 11: {
y_[node:11] = 0
xi_y_i_[y:0][node:11] = 0.100000
} 
Node 12: {
y_[node:12] = 0
xi_y_i_[y:0][node:12] = 0.100000
} 
Node 13: {
y_[node:13] = 0
xi_y_i_[y:0][node:13] = 0.100000
} 
Node 14: {
y_[node:14] = 0
xi_y_i_[y:0][node:14] = 0.100000
} 
Node 15: {
y_[node:15] = 0
xi_y_i_[y:0][node:15] = 0.100000
} 

 } 

 y = 1 { 
Node 1: {
y_[node:1] = 0
xi_y_i_[y:1][node:1] = 0.066667
} 
Node 2: {
y_[node:2] = 0
xi_y_i_[y:1][node:2] = 0.100000
} 
Node 3: {
y_[node:3] = 0
xi_y_i_[y:1][node:3] = 0.100000
} 
Node 4: {
y_[node:4] = 0
xi_y_i_[y:1][node:4] = 0.100000
} 
Node 5: {
y_[node:5] = 0
xi_y_i_[y:1][node:5] = 0.100000
} 
Node 6: {
y_[node:6] = 0
xi_y_i_[y:1][node:6] = 0.100000
} 
Node 7: {
y_[node:7] = 0
xi_y_i_[y:1][node:7] = 0.100000
} 
Node 8: {
y_[node:8] = 0
xi_y_i_[y:1][node:8] = 0.000000
} 
Node 9: {
y_[node:9] = 1
xi_y_i_[y:1][node:9] = 0.066667
} 
Node 10: {
y_[node:10] = 1
xi_y_i_[y:1][node:10] = 0.000000
} 
Node 11: {
y_[node:11] = 1
xi_y_i_[y:1][node:11] = 0.000000
} 
Node 12: {
y_[node:12] = 1
xi_y_i_[y:1][node:12] = 0.000000
} 
Node 13: {
y_[node:13] = 1
xi_y_i_[y:1][node:13] = 0.100000
} 
Node 14: {
y_[node:14] = 1
xi_y_i_[y:1][node:14] = 0.066667
} 
Node 15: {
y_[node:15] = 1
xi_y_i_[y:1][node:15] = 0.100000
} 

 } 

 y = 2 { 
Node 1: {
y_[node:1] = 1
xi_y_i_[y:2][node:1] = 0.066667
} 
Node 2: {
y_[node:2] = 1
xi_y_i_[y:2][node:2] = 0.100000
} 
Node 3: {
y_[node:3] = 0
xi_y_i_[y:2][node:3] = 0.100000
} 
Node 4: {
y_[node:4] = 1
xi_y_i_[y:2][node:4] = 0.100000
} 
Node 5: {
y_[node:5] = 0
xi_y_i_[y:2][node:5] = 0.100000
} 
Node 6: {
y_[node:6] = 0
xi_y_i_[y:2][node:6] = 0.100000
} 
Node 7: {
y_[node:7] = 0
xi_y_i_[y:2][node:7] = 0.100000
} 
Node 8: {
y_[node:8] = 0
xi_y_i_[y:2][node:8] = 0.000000
} 
Node 9: {
y_[node:9] = 0
xi_y_i_[y:2][node:9] = 0.066667
} 
Node 10: {
y_[node:10] = 1
xi_y_i_[y:2][node:10] = 0.000000
} 
Node 11: {
y_[node:11] = 1
xi_y_i_[y:2][node:11] = 0.000000
} 
Node 12: {
y_[node:12] = 1
xi_y_i_[y:2][node:12] = 0.000000
} 
Node 13: {
y_[node:13] = 1
xi_y_i_[y:2][node:13] = 0.066667
} 
Node 14: {
y_[node:14] = 0
xi_y_i_[y:2][node:14] = 0.100000
} 
Node 15: {
y_[node:15] = 0
xi_y_i_[y:2][node:15] = 0.100000
} 

 } 

 y = 3 { 
Node 1: {
y_[node:1] = 1
xi_y_i_[y:3][node:1] = 0.066667
} 
Node 2: {
y_[node:2] = 0
xi_y_i_[y:3][node:2] = 0.100000
} 
Node 3: {
y_[node:3] = 0
xi_y_i_[y:3][node:3] = 0.100000
} 
Node 4: {
y_[node:4] = 1
xi_y_i_[y:3][node:4] = 0.100000
} 
Node 5: {
y_[node:5] = 1
xi_y_i_[y:3][node:5] = 0.000000
} 
Node 6: {
y_[node:6] = 0
xi_y_i_[y:3][node:6] = 0.100000
} 
Node 7: {
y_[node:7] = 0
xi_y_i_[y:3][node:7] = 0.100000
} 
Node 8: {
y_[node:8] = 0
xi_y_i_[y:3][node:8] = 0.000000
} 
Node 9: {
y_[node:9] = 0
xi_y_i_[y:3][node:9] = 0.066667
} 
Node 10: {
y_[node:10] = 1
xi_y_i_[y:3][node:10] = 0.000000
} 
Node 11: {
y_[node:11] = 1
xi_y_i_[y:3][node:11] = 0.000000
} 
Node 12: {
y_[node:12] = 1
xi_y_i_[y:3][node:12] = 0.066667
} 
Node 13: {
y_[node:13] = 0
xi_y_i_[y:3][node:13] = 0.100000
} 
Node 14: {
y_[node:14] = 0
xi_y_i_[y:3][node:14] = 0.100000
} 
Node 15: {
y_[node:15] = 1
xi_y_i_[y:3][node:15] = 0.100000
} 

 } 

 y = 4 { 
Node 1: {
y_[node:1] = 1
xi_y_i_[y:4][node:1] = 0.066667
} 
Node 2: {
y_[node:2] = 1
xi_y_i_[y:4][node:2] = 0.100000
} 
Node 3: {
y_[node:3] = 1
xi_y_i_[y:4][node:3] = 0.100000
} 
Node 4: {
y_[node:4] = 0
xi_y_i_[y:4][node:4] = 0.100000
} 
Node 5: {
y_[node:5] = 0
xi_y_i_[y:4][node:5] = 0.000000
} 
Node 6: {
y_[node:6] = 0
xi_y_i_[y:4][node:6] = 0.100000
} 
Node 7: {
y_[node:7] = 1
xi_y_i_[y:4][node:7] = 0.000000
} 
Node 8: {
y_[node:8] = 1
xi_y_i_[y:4][node:8] = 0.000000
} 
Node 9: {
y_[node:9] = 0
xi_y_i_[y:4][node:9] = 0.066667
} 
Node 10: {
y_[node:10] = 0
xi_y_i_[y:4][node:10] = 0.000000
} 
Node 11: {
y_[node:11] = 0
xi_y_i_[y:4][node:11] = 0.100000
} 
Node 12: {
y_[node:12] = 0
xi_y_i_[y:4][node:12] = 0.100000
} 
Node 13: {
y_[node:13] = 0
xi_y_i_[y:4][node:13] = 0.100000
} 
Node 14: {
y_[node:14] = 1
xi_y_i_[y:4][node:14] = 0.066667
} 
Node 15: {
y_[node:15] = 0
xi_y_i_[y:4][node:15] = 0.100000
} 

 } 

 y = 5 { 
Node 1: {
y_[node:1] = 1
xi_y_i_[y:5][node:1] = 0.066667
} 
Node 2: {
y_[node:2] = 1
xi_y_i_[y:5][node:2] = 0.100000
} 
Node 3: {
y_[node:3] = 1
xi_y_i_[y:5][node:3] = 0.100000
} 
Node 4: {
y_[node:4] = 1
xi_y_i_[y:5][node:4] = 0.000000
} 
Node 5: {
y_[node:5] = 1
xi_y_i_[y:5][node:5] = 0.000000
} 
Node 6: {
y_[node:6] = 0
xi_y_i_[y:5][node:6] = 0.100000
} 
Node 7: {
y_[node:7] = 0
xi_y_i_[y:5][node:7] = 0.100000
} 
Node 8: {
y_[node:8] = 0
xi_y_i_[y:5][node:8] = 0.000000
} 
Node 9: {
y_[node:9] = 0
xi_y_i_[y:5][node:9] = 0.066667
} 
Node 10: {
y_[node:10] = 0
xi_y_i_[y:5][node:10] = 0.100000
} 
Node 11: {
y_[node:11] = 1
xi_y_i_[y:5][node:11] = 0.000000
} 
Node 12: {
y_[node:12] = 0
xi_y_i_[y:5][node:12] = 0.100000
} 
Node 13: {
y_[node:13] = 1
xi_y_i_[y:5][node:13] = 0.066667
} 
Node 14: {
y_[node:14] = 0
xi_y_i_[y:5][node:14] = 0.100000
} 
Node 15: {
y_[node:15] = 0
xi_y_i_[y:5][node:15] = 0.100000
} 

 } 

 y = 6 { 
Node 1: {
y_[node:1] = 1
xi_y_i_[y:6][node:1] = 0.066667
} 
Node 2: {
y_[node:2] = 1
xi_y_i_[y:6][node:2] = 0.100000
} 
Node 3: {
y_[node:3] = 0
xi_y_i_[y:6][node:3] = 0.100000
} 
Node 4: {
y_[node:4] = 1
xi_y_i_[y:6][node:4] = 0.066667
} 
Node 5: {
y_[node:5] = 1
xi_y_i_[y:6][node:5] = 0.000000
} 
Node 6: {
y_[node:6] = 0
xi_y_i_[y:6][node:6] = 0.100000
} 
Node 7: {
y_[node:7] = 0
xi_y_i_[y:6][node:7] = 0.100000
} 
Node 8: {
y_[node:8] = 0
xi_y_i_[y:6][node:8] = 0.100000
} 
Node 9: {
y_[node:9] = 0
xi_y_i_[y:6][node:9] = 0.066667
} 
Node 10: {
y_[node:10] = 0
xi_y_i_[y:6][node:10] = 0.000000
} 
Node 11: {
y_[node:11] = 1
xi_y_i_[y:6][node:11] = 0.000000
} 
Node 12: {
y_[node:12] = 1
xi_y_i_[y:6][node:12] = 0.000000
} 
Node 13: {
y_[node:13] = 0
xi_y_i_[y:6][node:13] = 0.100000
} 
Node 14: {
y_[node:14] = 0
xi_y_i_[y:6][node:14] = 0.100000
} 
Node 15: {
y_[node:15] = 1
xi_y_i_[y:6][node:15] = 0.100000
} 

 } 

 y = 7 { 
Node 1: {
y_[node:1] = 1
xi_y_i_[y:7][node:1] = 0.066667
} 
Node 2: {
y_[node:2] = 1
xi_y_i_[y:7][node:2] = 0.100000
} 
Node 3: {
y_[node:3] = 1
xi_y_i_[y:7][node:3] = 0.100000
} 
Node 4: {
y_[node:4] = 1
xi_y_i_[y:7][node:4] = 0.000000
} 
Node 5: {
y_[node:5] = 1
xi_y_i_[y:7][node:5] = 0.000000
} 
Node 6: {
y_[node:6] = 0
xi_y_i_[y:7][node:6] = 0.100000
} 
Node 7: {
y_[node:7] = 0
xi_y_i_[y:7][node:7] = 0.100000
} 
Node 8: {
y_[node:8] = 0
xi_y_i_[y:7][node:8] = 0.100000
} 
Node 9: {
y_[node:9] = 0
xi_y_i_[y:7][node:9] = 0.066667
} 
Node 10: {
y_[node:10] = 1
xi_y_i_[y:7][node:10] = 0.000000
} 
Node 11: {
y_[node:11] = 0
xi_y_i_[y:7][node:11] = 0.000000
} 
Node 12: {
y_[node:12] = 0
xi_y_i_[y:7][node:12] = 0.100000
} 
Node 13: {
y_[node:13] = 0
xi_y_i_[y:7][node:13] = 0.100000
} 
Node 14: {
y_[node:14] = 0
xi_y_i_[y:7][node:14] = 0.100000
} 
Node 15: {
y_[node:15] = 1
xi_y_i_[y:7][node:15] = 0.066667
} 

 } 

 y = 8 { 
Node 1: {
y_[node:1] = 0
xi_y_i_[y:8][node:1] = 0.066667
} 
Node 2: {
y_[node:2] = 0
xi_y_i_[y:8][node:2] = 0.100000
} 
Node 3: {
y_[node:3] = 0
xi_y_i_[y:8][node:3] = 0.100000
} 
Node 4: {
y_[node:4] = 0
xi_y_i_[y:8][node:4] = 0.100000
} 
Node 5: {
y_[node:5] = 1
xi_y_i_[y:8][node:5] = 0.000000
} 
Node 6: {
y_[node:6] = 0
xi_y_i_[y:8][node:6] = 0.100000
} 
Node 7: {
y_[node:7] = 0
xi_y_i_[y:8][node:7] = 0.033333
} 
Node 8: {
y_[node:8] = 0
xi_y_i_[y:8][node:8] = 0.000000
} 
Node 9: {
y_[node:9] = 0
xi_y_i_[y:8][node:9] = 0.066667
} 
Node 10: {
y_[node:10] = 1
xi_y_i_[y:8][node:10] = 0.000000
} 
Node 11: {
y_[node:11] = 1
xi_y_i_[y:8][node:11] = 0.033333
} 
Node 12: {
y_[node:12] = 1
xi_y_i_[y:8][node:12] = 0.100000
} 
Node 13: {
y_[node:13] = 1
xi_y_i_[y:8][node:13] = 0.100000
} 
Node 14: {
y_[node:14] = 0
xi_y_i_[y:8][node:14] = 0.100000
} 
Node 15: {
y_[node:15] = 1
xi_y_i_[y:8][node:15] = 0.100000
} 

 } 

 y = 9 { 
Node 1: {
y_[node:1] = 1
xi_y_i_[y:9][node:1] = 0.066667
} 
Node 2: {
y_[node:2] = 1
xi_y_i_[y:9][node:2] = 0.100000
} 
Node 3: {
y_[node:3] = 0
xi_y_i_[y:9][node:3] = 0.100000
} 
Node 4: {
y_[node:4] = 1
xi_y_i_[y:9][node:4] = 0.066667
} 
Node 5: {
y_[node:5] = 1
xi_y_i_[y:9][node:5] = 0.000000
} 
Node 6: {
y_[node:6] = 0
xi_y_i_[y:9][node:6] = 0.100000
} 
Node 7: {
y_[node:7] = 0
xi_y_i_[y:9][node:7] = 0.100000
} 
Node 8: {
y_[node:8] = 0
xi_y_i_[y:9][node:8] = 0.100000
} 
Node 9: {
y_[node:9] = 0
xi_y_i_[y:9][node:9] = 0.066667
} 
Node 10: {
y_[node:10] = 0
xi_y_i_[y:9][node:10] = 0.000000
} 
Node 11: {
y_[node:11] = 0
xi_y_i_[y:9][node:11] = 0.100000
} 
Node 12: {
y_[node:12] = 1
xi_y_i_[y:9][node:12] = 0.000000
} 
Node 13: {
y_[node:13] = 1
xi_y_i_[y:9][node:13] = 0.000000
} 
Node 14: {
y_[node:14] = 0
xi_y_i_[y:9][node:14] = 0.100000
} 
Node 15: {
y_[node:15] = 1
xi_y_i_[y:9][node:15] = 0.100000
} 

 } 

 y = 10 { 
Node 1: {
y_[node:1] = 1
xi_y_i_[y:10][node:1] = 0.066667
} 
Node 2: {
y_[node:2] = 1
xi_y_i_[y:10][node:2] = 0.100000
} 
Node 3: {
y_[node:3] = 0
xi_y_i_[y:10][node:3] = 0.100000
} 
Node 4: {
y_[node:4] = 1
xi_y_i_[y:10][node:4] = 0.066667
} 
Node 5: {
y_[node:5] = 1
xi_y_i_[y:10][node:5] = 0.000000
} 
Node 6: {
y_[node:6] = 0
xi_y_i_[y:10][node:6] = 0.100000
} 
Node 7: {
y_[node:7] = 0
xi_y_i_[y:10][node:7] = 0.100000
} 
Node 8: {
y_[node:8] = 0
xi_y_i_[y:10][node:8] = 0.100000
} 
Node 9: {
y_[node:9] = 0
xi_y_i_[y:10][node:9] = 0.066667
} 
Node 10: {
y_[node:10] = 1
xi_y_i_[y:10][node:10] = 0.000000
} 
Node 11: {
y_[node:11] = 1
xi_y_i_[y:10][node:11] = 0.000000
} 
Node 12: {
y_[node:12] = 0
xi_y_i_[y:10][node:12] = 0.100000
} 
Node 13: {
y_[node:13] = 1
xi_y_i_[y:10][node:13] = 0.000000
} 
Node 14: {
y_[node:14] = 0
xi_y_i_[y:10][node:14] = 0.100000
} 
Node 15: {
y_[node:15] = 1
xi_y_i_[y:10][node:15] = 0.100000
} 

 } 

 y = 11 { 
Node 1: {
y_[node:1] = 1
xi_y_i_[y:11][node:1] = 0.066667
} 
Node 2: {
y_[node:2] = 0
xi_y_i_[y:11][node:2] = 0.100000
} 
Node 3: {
y_[node:3] = 0
xi_y_i_[y:11][node:3] = 0.100000
} 
Node 4: {
y_[node:4] = 1
xi_y_i_[y:11][node:4] = 0.100000
} 
Node 5: {
y_[node:5] = 1
xi_y_i_[y:11][node:5] = 0.000000
} 
Node 6: {
y_[node:6] = 0
xi_y_i_[y:11][node:6] = 0.100000
} 
Node 7: {
y_[node:7] = 0
xi_y_i_[y:11][node:7] = 0.100000
} 
Node 8: {
y_[node:8] = 0
xi_y_i_[y:11][node:8] = 0.100000
} 
Node 9: {
y_[node:9] = 0
xi_y_i_[y:11][node:9] = 0.066667
} 
Node 10: {
y_[node:10] = 0
xi_y_i_[y:11][node:10] = 0.000000
} 
Node 11: {
y_[node:11] = 1
xi_y_i_[y:11][node:11] = 0.000000
} 
Node 12: {
y_[node:12] = 1
xi_y_i_[y:11][node:12] = 0.000000
} 
Node 13: {
y_[node:13] = 1
xi_y_i_[y:11][node:13] = 0.066667
} 
Node 14: {
y_[node:14] = 0
xi_y_i_[y:11][node:14] = 0.100000
} 
Node 15: {
y_[node:15] = 1
xi_y_i_[y:11][node:15] = 0.100000
} 

 } 

 y = 13 { 
Node 1: {
y_[node:1] = 1
xi_y_i_[y:13][node:1] = 0.066667
} 
Node 2: {
y_[node:2] = 0
xi_y_i_[y:13][node:2] = 0.100000
} 
Node 3: {
y_[node:3] = 0
xi_y_i_[y:13][node:3] = 0.100000
} 
Node 4: {
y_[node:4] = 1
xi_y_i_[y:13][node:4] = 0.100000
} 
Node 5: {
y_[node:5] = 1
xi_y_i_[y:13][node:5] = 0.000000
} 
Node 6: {
y_[node:6] = 0
xi_y_i_[y:13][node:6] = 0.100000
} 
Node 7: {
y_[node:7] = 0
xi_y_i_[y:13][node:7] = 0.100000
} 
Node 8: {
y_[node:8] = 0
xi_y_i_[y:13][node:8] = 0.000000
} 
Node 9: {
y_[node:9] = 0
xi_y_i_[y:13][node:9] = 0.066667
} 
Node 10: {
y_[node:10] = 1
xi_y_i_[y:13][node:10] = 0.000000
} 
Node 11: {
y_[node:11] = 0
xi_y_i_[y:13][node:11] = 0.100000
} 
Node 12: {
y_[node:12] = 1
xi_y_i_[y:13][node:12] = 0.000000
} 
Node 13: {
y_[node:13] = 1
xi_y_i_[y:13][node:13] = 0.066667
} 
Node 14: {
y_[node:14] = 0
xi_y_i_[y:13][node:14] = 0.100000
} 
Node 15: {
y_[node:15] = 1
xi_y_i_[y:13][node:15] = 0.100000
} 

 } 

 y = 14 { 
Node 1: {
y_[node:1] = 1
xi_y_i_[y:14][node:1] = 0.066667
} 
Node 2: {
y_[node:2] = 1
xi_y_i_[y:14][node:2] = 0.066667
} 
Node 3: {
y_[node:3] = 1
xi_y_i_[y:14][node:3] = 0.100000
} 
Node 4: {
y_[node:4] = 0
xi_y_i_[y:14][node:4] = 0.100000
} 
Node 5: {
y_[node:5] = 0
xi_y_i_[y:14][node:5] = 0.000000
} 
Node 6: {
y_[node:6] = 1
xi_y_i_[y:14][node:6] = 0.100000
} 
Node 7: {
y_[node:7] = 1
xi_y_i_[y:14][node:7] = 0.000000
} 
Node 8: {
y_[node:8] = 1
xi_y_i_[y:14][node:8] = 0.000000
} 
Node 9: {
y_[node:9] = 0
xi_y_i_[y:14][node:9] = 0.066667
} 
Node 10: {
y_[node:10] = 0
xi_y_i_[y:14][node:10] = 0.100000
} 
Node 11: {
y_[node:11] = 0
xi_y_i_[y:14][node:11] = 0.100000
} 
Node 12: {
y_[node:12] = 0
xi_y_i_[y:14][node:12] = 0.100000
} 
Node 13: {
y_[node:13] = 0
xi_y_i_[y:14][node:13] = 0.100000
} 
Node 14: {
y_[node:14] = 1
xi_y_i_[y:14][node:14] = 0.000000
} 
Node 15: {
y_[node:15] = 0
xi_y_i_[y:14][node:15] = 0.100000
} 

 } 

 y = 15 { 
Node 1: {
y_[node:1] = 0
xi_y_i_[y:15][node:1] = 0.066667
} 
Node 2: {
y_[node:2] = 0
xi_y_i_[y:15][node:2] = 0.100000
} 
Node 3: {
y_[node:3] = 0
xi_y_i_[y:15][node:3] = 0.100000
} 
Node 4: {
y_[node:4] = 1
xi_y_i_[y:15][node:4] = 0.100000
} 
Node 5: {
y_[node:5] = 1
xi_y_i_[y:15][node:5] = 0.000000
} 
Node 6: {
y_[node:6] = 0
xi_y_i_[y:15][node:6] = 0.100000
} 
Node 7: {
y_[node:7] = 0
xi_y_i_[y:15][node:7] = 0.100000
} 
Node 8: {
y_[node:8] = 0
xi_y_i_[y:15][node:8] = 0.033333
} 
Node 9: {
y_[node:9] = 0
xi_y_i_[y:15][node:9] = 0.066667
} 
Node 10: {
y_[node:10] = 1
xi_y_i_[y:15][node:10] = 0.000000
} 
Node 11: {
y_[node:11] = 1
xi_y_i_[y:15][node:11] = 0.033333
} 
Node 12: {
y_[node:12] = 1
xi_y_i_[y:15][node:12] = 0.000000
} 
Node 13: {
y_[node:13] = 1
xi_y_i_[y:15][node:13] = 0.100000
} 
Node 14: {
y_[node:14] = 0
xi_y_i_[y:15][node:14] = 0.100000
} 
Node 15: {
y_[node:15] = 1
xi_y_i_[y:15][node:15] = 0.100000
} 

 } 

 y = 16 { 
Node 1: {
y_[node:1] = 1
xi_y_i_[y:16][node:1] = 0.066667
} 
Node 2: {
y_[node:2] = 0
xi_y_i_[y:16][node:2] = 0.100000
} 
Node 3: {
y_[node:3] = 0
xi_y_i_[y:16][node:3] = 0.100000
} 
Node 4: {
y_[node:4] = 1
xi_y_i_[y:16][node:4] = 0.100000
} 
Node 5: {
y_[node:5] = 1
xi_y_i_[y:16][node:5] = 0.000000
} 
Node 6: {
y_[node:6] = 0
xi_y_i_[y:16][node:6] = 0.100000
} 
Node 7: {
y_[node:7] = 0
xi_y_i_[y:16][node:7] = 0.100000
} 
Node 8: {
y_[node:8] = 0
xi_y_i_[y:16][node:8] = 0.000000
} 
Node 9: {
y_[node:9] = 0
xi_y_i_[y:16][node:9] = 0.066667
} 
Node 10: {
y_[node:10] = 1
xi_y_i_[y:16][node:10] = 0.000000
} 
Node 11: {
y_[node:11] = 1
xi_y_i_[y:16][node:11] = 0.000000
} 
Node 12: {
y_[node:12] = 1
xi_y_i_[y:16][node:12] = 0.066667
} 
Node 13: {
y_[node:13] = 1
xi_y_i_[y:16][node:13] = 0.100000
} 
Node 14: {
y_[node:14] = 0
xi_y_i_[y:16][node:14] = 0.100000
} 
Node 15: {
y_[node:15] = 0
xi_y_i_[y:16][node:15] = 0.100000
} 

 } 

 y = 17 { 
Node 1: {
y_[node:1] = 1
xi_y_i_[y:17][node:1] = 0.066667
} 
Node 2: {
y_[node:2] = 0
xi_y_i_[y:17][node:2] = 0.100000
} 
Node 3: {
y_[node:3] = 0
xi_y_i_[y:17][node:3] = 0.100000
} 
Node 4: {
y_[node:4] = 1
xi_y_i_[y:17][node:4] = 0.100000
} 
Node 5: {
y_[node:5] = 1
xi_y_i_[y:17][node:5] = 0.000000
} 
Node 6: {
y_[node:6] = 0
xi_y_i_[y:17][node:6] = 0.100000
} 
Node 7: {
y_[node:7] = 0
xi_y_i_[y:17][node:7] = 0.100000
} 
Node 8: {
y_[node:8] = 0
xi_y_i_[y:17][node:8] = 0.100000
} 
Node 9: {
y_[node:9] = 0
xi_y_i_[y:17][node:9] = 0.066667
} 
Node 10: {
y_[node:10] = 1
xi_y_i_[y:17][node:10] = 0.000000
} 
Node 11: {
y_[node:11] = 1
xi_y_i_[y:17][node:11] = 0.000000
} 
Node 12: {
y_[node:12] = 1
xi_y_i_[y:17][node:12] = 0.000000
} 
Node 13: {
y_[node:13] = 1
xi_y_i_[y:17][node:13] = 0.066667
} 
Node 14: {
y_[node:14] = 0
xi_y_i_[y:17][node:14] = 0.100000
} 
Node 15: {
y_[node:15] = 1
xi_y_i_[y:17][node:15] = 0.100000
} 

 } 

 y = 18 { 
Node 1: {
y_[node:1] = 0
xi_y_i_[y:18][node:1] = 0.066667
} 
Node 2: {
y_[node:2] = 0
xi_y_i_[y:18][node:2] = 0.100000
} 
Node 3: {
y_[node:3] = 0
xi_y_i_[y:18][node:3] = 0.100000
} 
Node 4: {
y_[node:4] = 1
xi_y_i_[y:18][node:4] = 0.100000
} 
Node 5: {
y_[node:5] = 1
xi_y_i_[y:18][node:5] = 0.000000
} 
Node 6: {
y_[node:6] = 0
xi_y_i_[y:18][node:6] = 0.100000
} 
Node 7: {
y_[node:7] = 0
xi_y_i_[y:18][node:7] = 0.100000
} 
Node 8: {
y_[node:8] = 0
xi_y_i_[y:18][node:8] = 0.000000
} 
Node 9: {
y_[node:9] = 1
xi_y_i_[y:18][node:9] = 0.066667
} 
Node 10: {
y_[node:10] = 0
xi_y_i_[y:18][node:10] = 0.100000
} 
Node 11: {
y_[node:11] = 1
xi_y_i_[y:18][node:11] = 0.000000
} 
Node 12: {
y_[node:12] = 0
xi_y_i_[y:18][node:12] = 0.100000
} 
Node 13: {
y_[node:13] = 1
xi_y_i_[y:18][node:13] = 0.000000
} 
Node 14: {
y_[node:14] = 1
xi_y_i_[y:18][node:14] = 0.100000
} 
Node 15: {
y_[node:15] = 1
xi_y_i_[y:18][node:15] = 0.066667
} 

 } 

 y = 19 { 
Node 1: {
y_[node:1] = 0
xi_y_i_[y:19][node:1] = 0.066667
} 
Node 2: {
y_[node:2] = 1
xi_y_i_[y:19][node:2] = 0.066667
} 
Node 3: {
y_[node:3] = 1
xi_y_i_[y:19][node:3] = 0.100000
} 
Node 4: {
y_[node:4] = 1
xi_y_i_[y:19][node:4] = 0.000000
} 
Node 5: {
y_[node:5] = 1
xi_y_i_[y:19][node:5] = 0.000000
} 
Node 6: {
y_[node:6] = 0
xi_y_i_[y:19][node:6] = 0.100000
} 
Node 7: {
y_[node:7] = 1
xi_y_i_[y:19][node:7] = 0.000000
} 
Node 8: {
y_[node:8] = 0
xi_y_i_[y:19][node:8] = 0.000000
} 
Node 9: {
y_[node:9] = 1
xi_y_i_[y:19][node:9] = 0.066667
} 
Node 10: {
y_[node:10] = 0
xi_y_i_[y:19][node:10] = 0.100000
} 
Node 11: {
y_[node:11] = 0
xi_y_i_[y:19][node:11] = 0.100000
} 
Node 12: {
y_[node:12] = 0
xi_y_i_[y:19][node:12] = 0.100000
} 
Node 13: {
y_[node:13] = 0
xi_y_i_[y:19][node:13] = 0.100000
} 
Node 14: {
y_[node:14] = 1
xi_y_i_[y:19][node:14] = 0.100000
} 
Node 15: {
y_[node:15] = 0
xi_y_i_[y:19][node:15] = 0.100000
} 

 } 

 y = 21 { 
Node 1: {
y_[node:1] = 0
xi_y_i_[y:21][node:1] = 0.066667
} 
Node 2: {
y_[node:2] = 0
xi_y_i_[y:21][node:2] = 0.100000
} 
Node 3: {
y_[node:3] = 0
xi_y_i_[y:21][node:3] = 0.100000
} 
Node 4: {
y_[node:4] = 1
xi_y_i_[y:21][node:4] = 0.066667
} 
Node 5: {
y_[node:5] = 1
xi_y_i_[y:21][node:5] = 0.000000
} 
Node 6: {
y_[node:6] = 0
xi_y_i_[y:21][node:6] = 0.100000
} 
Node 7: {
y_[node:7] = 0
xi_y_i_[y:21][node:7] = 0.100000
} 
Node 8: {
y_[node:8] = 0
xi_y_i_[y:21][node:8] = 0.100000
} 
Node 9: {
y_[node:9] = 1
xi_y_i_[y:21][node:9] = 0.066667
} 
Node 10: {
y_[node:10] = 1
xi_y_i_[y:21][node:10] = 0.000000
} 
Node 11: {
y_[node:11] = 1
xi_y_i_[y:21][node:11] = 0.000000
} 
Node 12: {
y_[node:12] = 0
xi_y_i_[y:21][node:12] = 0.100000
} 
Node 13: {
y_[node:13] = 1
xi_y_i_[y:21][node:13] = 0.000000
} 
Node 14: {
y_[node:14] = 1
xi_y_i_[y:21][node:14] = 0.100000
} 
Node 15: {
y_[node:15] = 1
xi_y_i_[y:21][node:15] = 0.100000
} 

 } 

 y = 22 { 
Node 1: {
y_[node:1] = 0
xi_y_i_[y:22][node:1] = 0.066667
} 
Node 2: {
y_[node:2] = 1
xi_y_i_[y:22][node:2] = 0.000000
} 
Node 3: {
y_[node:3] = 1
xi_y_i_[y:22][node:3] = 0.100000
} 
Node 4: {
y_[node:4] = 0
xi_y_i_[y:22][node:4] = 0.100000
} 
Node 5: {
y_[node:5] = 0
xi_y_i_[y:22][node:5] = 0.000000
} 
Node 6: {
y_[node:6] = 1
xi_y_i_[y:22][node:6] = 0.100000
} 
Node 7: {
y_[node:7] = 1
xi_y_i_[y:22][node:7] = 0.000000
} 
Node 8: {
y_[node:8] = 1
xi_y_i_[y:22][node:8] = 0.000000
} 
Node 9: {
y_[node:9] = 1
xi_y_i_[y:22][node:9] = 0.066667
} 
Node 10: {
y_[node:10] = 0
xi_y_i_[y:22][node:10] = 0.100000
} 
Node 11: {
y_[node:11] = 0
xi_y_i_[y:22][node:11] = 0.100000
} 
Node 12: {
y_[node:12] = 0
xi_y_i_[y:22][node:12] = 0.100000
} 
Node 13: {
y_[node:13] = 0
xi_y_i_[y:22][node:13] = 0.100000
} 
Node 14: {
y_[node:14] = 1
xi_y_i_[y:22][node:14] = 0.066667
} 
Node 15: {
y_[node:15] = 0
xi_y_i_[y:22][node:15] = 0.100000
} 

 } 

 y = 23 { 
Node 1: {
y_[node:1] = 1
xi_y_i_[y:23][node:1] = 0.066667
} 
Node 2: {
y_[node:2] = 1
xi_y_i_[y:23][node:2] = 0.100000
} 
Node 3: {
y_[node:3] = 1
xi_y_i_[y:23][node:3] = 0.100000
} 
Node 4: {
y_[node:4] = 1
xi_y_i_[y:23][node:4] = 0.000000
} 
Node 5: {
y_[node:5] = 0
xi_y_i_[y:23][node:5] = 0.000000
} 
Node 6: {
y_[node:6] = 0
xi_y_i_[y:23][node:6] = 0.100000
} 
Node 7: {
y_[node:7] = 1
xi_y_i_[y:23][node:7] = 0.000000
} 
Node 8: {
y_[node:8] = 1
xi_y_i_[y:23][node:8] = 0.000000
} 
Node 9: {
y_[node:9] = 1
xi_y_i_[y:23][node:9] = 0.066667
} 
Node 10: {
y_[node:10] = 0
xi_y_i_[y:23][node:10] = 0.066667
} 
Node 11: {
y_[node:11] = 0
xi_y_i_[y:23][node:11] = 0.100000
} 
Node 12: {
y_[node:12] = 0
xi_y_i_[y:23][node:12] = 0.100000
} 
Node 13: {
y_[node:13] = 0
xi_y_i_[y:23][node:13] = 0.100000
} 
Node 14: {
y_[node:14] = 0
xi_y_i_[y:23][node:14] = 0.100000
} 
Node 15: {
y_[node:15] = 0
xi_y_i_[y:23][node:15] = 0.100000
} 

 } 

 y = 24 { 
Node 1: {
y_[node:1] = 1
xi_y_i_[y:24][node:1] = 0.066667
} 
Node 2: {
y_[node:2] = 1
xi_y_i_[y:24][node:2] = 0.000000
} 
Node 3: {
y_[node:3] = 1
xi_y_i_[y:24][node:3] = 0.100000
} 
Node 4: {
y_[node:4] = 1
xi_y_i_[y:24][node:4] = 0.000000
} 
Node 5: {
y_[node:5] = 0
xi_y_i_[y:24][node:5] = 0.100000
} 
Node 6: {
y_[node:6] = 1
xi_y_i_[y:24][node:6] = 0.100000
} 
Node 7: {
y_[node:7] = 0
xi_y_i_[y:24][node:7] = 0.066667
} 
Node 8: {
y_[node:8] = 0
xi_y_i_[y:24][node:8] = 0.000000
} 
Node 9: {
y_[node:9] = 1
xi_y_i_[y:24][node:9] = 0.066667
} 
Node 10: {
y_[node:10] = 0
xi_y_i_[y:24][node:10] = 0.100000
} 
Node 11: {
y_[node:11] = 0
xi_y_i_[y:24][node:11] = 0.100000
} 
Node 12: {
y_[node:12] = 0
xi_y_i_[y:24][node:12] = 0.100000
} 
Node 13: {
y_[node:13] = 0
xi_y_i_[y:24][node:13] = 0.100000
} 
Node 14: {
y_[node:14] = 1
xi_y_i_[y:24][node:14] = 0.000000
} 
Node 15: {
y_[node:15] = 0
xi_y_i_[y:24][node:15] = 0.100000
} 

 } 

 y = 26 { 
Node 1: {
y_[node:1] = 1
xi_y_i_[y:26][node:1] = 0.066667
} 
Node 2: {
y_[node:2] = 1
xi_y_i_[y:26][node:2] = 0.000000
} 
Node 3: {
y_[node:3] = 1
xi_y_i_[y:26][node:3] = 0.100000
} 
Node 4: {
y_[node:4] = 1
xi_y_i_[y:26][node:4] = 0.000000
} 
Node 5: {
y_[node:5] = 0
xi_y_i_[y:26][node:5] = 0.100000
} 
Node 6: {
y_[node:6] = 1
xi_y_i_[y:26][node:6] = 0.100000
} 
Node 7: {
y_[node:7] = 1
xi_y_i_[y:26][node:7] = 0.000000
} 
Node 8: {
y_[node:8] = 0
xi_y_i_[y:26][node:8] = 0.066667
} 
Node 9: {
y_[node:9] = 1
xi_y_i_[y:26][node:9] = 0.066667
} 
Node 10: {
y_[node:10] = 0
xi_y_i_[y:26][node:10] = 0.100000
} 
Node 11: {
y_[node:11] = 0
xi_y_i_[y:26][node:11] = 0.100000
} 
Node 12: {
y_[node:12] = 0
xi_y_i_[y:26][node:12] = 0.100000
} 
Node 13: {
y_[node:13] = 0
xi_y_i_[y:26][node:13] = 0.100000
} 
Node 14: {
y_[node:14] = 1
xi_y_i_[y:26][node:14] = 0.000000
} 
Node 15: {
y_[node:15] = 0
xi_y_i_[y:26][node:15] = 0.100000
} 

 } 

 y = 27 { 
Node 1: {
y_[node:1] = 1
xi_y_i_[y:27][node:1] = 0.066667
} 
Node 2: {
y_[node:2] = 1
xi_y_i_[y:27][node:2] = 0.000000
} 
Node 3: {
y_[node:3] = 1
xi_y_i_[y:27][node:3] = 0.100000
} 
Node 4: {
y_[node:4] = 0
xi_y_i_[y:27][node:4] = 0.100000
} 
Node 5: {
y_[node:5] = 0
xi_y_i_[y:27][node:5] = 0.100000
} 
Node 6: {
y_[node:6] = 1
xi_y_i_[y:27][node:6] = 0.100000
} 
Node 7: {
y_[node:7] = 0
xi_y_i_[y:27][node:7] = 0.000000
} 
Node 8: {
y_[node:8] = 1
xi_y_i_[y:27][node:8] = 0.000000
} 
Node 9: {
y_[node:9] = 1
xi_y_i_[y:27][node:9] = 0.066667
} 
Node 10: {
y_[node:10] = 0
xi_y_i_[y:27][node:10] = 0.066667
} 
Node 11: {
y_[node:11] = 0
xi_y_i_[y:27][node:11] = 0.100000
} 
Node 12: {
y_[node:12] = 0
xi_y_i_[y:27][node:12] = 0.100000
} 
Node 13: {
y_[node:13] = 0
xi_y_i_[y:27][node:13] = 0.100000
} 
Node 14: {
y_[node:14] = 1
xi_y_i_[y:27][node:14] = 0.000000
} 
Node 15: {
y_[node:15] = 0
xi_y_i_[y:27][node:15] = 0.100000
} 

 } 

 y = 28 { 
Node 1: {
y_[node:1] = 1
xi_y_i_[y:28][node:1] = 0.066667
} 
Node 2: {
y_[node:2] = 1
xi_y_i_[y:28][node:2] = 0.100000
} 
Node 3: {
y_[node:3] = 0
xi_y_i_[y:28][node:3] = 0.100000
} 
Node 4: {
y_[node:4] = 0
xi_y_i_[y:28][node:4] = 0.100000
} 
Node 5: {
y_[node:5] = 0
xi_y_i_[y:28][node:5] = 0.000000
} 
Node 6: {
y_[node:6] = 1
xi_y_i_[y:28][node:6] = 0.100000
} 
Node 7: {
y_[node:7] = 1
xi_y_i_[y:28][node:7] = 0.000000
} 
Node 8: {
y_[node:8] = 1
xi_y_i_[y:28][node:8] = 0.000000
} 
Node 9: {
y_[node:9] = 1
xi_y_i_[y:28][node:9] = 0.066667
} 
Node 10: {
y_[node:10] = 0
xi_y_i_[y:28][node:10] = 0.000000
} 
Node 11: {
y_[node:11] = 0
xi_y_i_[y:28][node:11] = 0.066667
} 
Node 12: {
y_[node:12] = 0
xi_y_i_[y:28][node:12] = 0.100000
} 
Node 13: {
y_[node:13] = 0
xi_y_i_[y:28][node:13] = 0.100000
} 
Node 14: {
y_[node:14] = 0
xi_y_i_[y:28][node:14] = 0.100000
} 
Node 15: {
y_[node:15] = 0
xi_y_i_[y:28][node:15] = 0.100000
} 

 } 

 y = 29 { 
Node 1: {
y_[node:1] = 1
xi_y_i_[y:29][node:1] = 0.066667
} 
Node 2: {
y_[node:2] = 1
xi_y_i_[y:29][node:2] = 0.000000
} 
Node 3: {
y_[node:3] = 1
xi_y_i_[y:29][node:3] = 0.100000
} 
Node 4: {
y_[node:4] = 0
xi_y_i_[y:29][node:4] = 0.100000
} 
Node 5: {
y_[node:5] = 0
xi_y_i_[y:29][node:5] = 0.066667
} 
Node 6: {
y_[node:6] = 1
xi_y_i_[y:29][node:6] = 0.100000
} 
Node 7: {
y_[node:7] = 1
xi_y_i_[y:29][node:7] = 0.000000
} 
Node 8: {
y_[node:8] = 1
xi_y_i_[y:29][node:8] = 0.000000
} 
Node 9: {
y_[node:9] = 1
xi_y_i_[y:29][node:9] = 0.066667
} 
Node 10: {
y_[node:10] = 0
xi_y_i_[y:29][node:10] = 0.100000
} 
Node 11: {
y_[node:11] = 0
xi_y_i_[y:29][node:11] = 0.100000
} 
Node 12: {
y_[node:12] = 0
xi_y_i_[y:29][node:12] = 0.100000
} 
Node 13: {
y_[node:13] = 0
xi_y_i_[y:29][node:13] = 0.100000
} 
Node 14: {
y_[node:14] = 1
xi_y_i_[y:29][node:14] = 0.000000
} 
Node 15: {
y_[node:15] = 0
xi_y_i_[y:29][node:15] = 0.100000
} 

 } 

 y = 31 { 
Node 1: {
y_[node:1] = 0
xi_y_i_[y:31][node:1] = 0.066667
} 
Node 2: {
y_[node:2] = 0
xi_y_i_[y:31][node:2] = 0.100000
} 
Node 3: {
y_[node:3] = 0
xi_y_i_[y:31][node:3] = 0.100000
} 
Node 4: {
y_[node:4] = 0
xi_y_i_[y:31][node:4] = 0.100000
} 
Node 5: {
y_[node:5] = 0
xi_y_i_[y:31][node:5] = 0.000000
} 
Node 6: {
y_[node:6] = 0
xi_y_i_[y:31][node:6] = 0.100000
} 
Node 7: {
y_[node:7] = 1
xi_y_i_[y:31][node:7] = 0.000000
} 
Node 8: {
y_[node:8] = 0
xi_y_i_[y:31][node:8] = 0.000000
} 
Node 9: {
y_[node:9] = 1
xi_y_i_[y:31][node:9] = 0.066667
} 
Node 10: {
y_[node:10] = 1
xi_y_i_[y:31][node:10] = 0.000000
} 
Node 11: {
y_[node:11] = 1
xi_y_i_[y:31][node:11] = 0.100000
} 
Node 12: {
y_[node:12] = 0
xi_y_i_[y:31][node:12] = 0.100000
} 
Node 13: {
y_[node:13] = 1
xi_y_i_[y:31][node:13] = 0.066667
} 
Node 14: {
y_[node:14] = 0
xi_y_i_[y:31][node:14] = 0.100000
} 
Node 15: {
y_[node:15] = 1
xi_y_i_[y:31][node:15] = 0.100000
} 

 } 

 y = 32 { 
Node 1: {
y_[node:1] = 0
xi_y_i_[y:32][node:1] = 0.066667
} 
Node 2: {
y_[node:2] = 1
xi_y_i_[y:32][node:2] = 0.100000
} 
Node 3: {
y_[node:3] = 1
xi_y_i_[y:32][node:3] = 0.100000
} 
Node 4: {
y_[node:4] = 1
xi_y_i_[y:32][node:4] = 0.100000
} 
Node 5: {
y_[node:5] = 1
xi_y_i_[y:32][node:5] = 0.000000
} 
Node 6: {
y_[node:6] = 0
xi_y_i_[y:32][node:6] = 0.100000
} 
Node 7: {
y_[node:7] = 0
xi_y_i_[y:32][node:7] = 0.100000
} 
Node 8: {
y_[node:8] = 0
xi_y_i_[y:32][node:8] = 0.033333
} 
Node 9: {
y_[node:9] = 0
xi_y_i_[y:32][node:9] = 0.066667
} 
Node 10: {
y_[node:10] = 1
xi_y_i_[y:32][node:10] = 0.000000
} 
Node 11: {
y_[node:11] = 1
xi_y_i_[y:32][node:11] = 0.033333
} 
Node 12: {
y_[node:12] = 1
xi_y_i_[y:32][node:12] = 0.000000
} 
Node 13: {
y_[node:13] = 0
xi_y_i_[y:32][node:13] = 0.100000
} 
Node 14: {
y_[node:14] = 0
xi_y_i_[y:32][node:14] = 0.100000
} 
Node 15: {
y_[node:15] = 0
xi_y_i_[y:32][node:15] = 0.100000
} 

 } 

 y = 33 { 
Node 1: {
y_[node:1] = 0
xi_y_i_[y:33][node:1] = 0.066667
} 
Node 2: {
y_[node:2] = 1
xi_y_i_[y:33][node:2] = 0.100000
} 
Node 3: {
y_[node:3] = 0
xi_y_i_[y:33][node:3] = 0.100000
} 
Node 4: {
y_[node:4] = 1
xi_y_i_[y:33][node:4] = 0.100000
} 
Node 5: {
y_[node:5] = 1
xi_y_i_[y:33][node:5] = 0.000000
} 
Node 6: {
y_[node:6] = 0
xi_y_i_[y:33][node:6] = 0.100000
} 
Node 7: {
y_[node:7] = 0
xi_y_i_[y:33][node:7] = 0.100000
} 
Node 8: {
y_[node:8] = 0
xi_y_i_[y:33][node:8] = 0.100000
} 
Node 9: {
y_[node:9] = 0
xi_y_i_[y:33][node:9] = 0.066667
} 
Node 10: {
y_[node:10] = 1
xi_y_i_[y:33][node:10] = 0.000000
} 
Node 11: {
y_[node:11] = 1
xi_y_i_[y:33][node:11] = 0.000000
} 
Node 12: {
y_[node:12] = 1
xi_y_i_[y:33][node:12] = 0.033333
} 
Node 13: {
y_[node:13] = 1
xi_y_i_[y:33][node:13] = 0.100000
} 
Node 14: {
y_[node:14] = 0
xi_y_i_[y:33][node:14] = 0.100000
} 
Node 15: {
y_[node:15] = 0
xi_y_i_[y:33][node:15] = 0.033333
} 

 } 

 y = 35 { 
Node 1: {
y_[node:1] = 0
xi_y_i_[y:35][node:1] = 0.066667
} 
Node 2: {
y_[node:2] = 0
xi_y_i_[y:35][node:2] = 0.100000
} 
Node 3: {
y_[node:3] = 0
xi_y_i_[y:35][node:3] = 0.100000
} 
Node 4: {
y_[node:4] = 1
xi_y_i_[y:35][node:4] = 0.100000
} 
Node 5: {
y_[node:5] = 1
xi_y_i_[y:35][node:5] = 0.000000
} 
Node 6: {
y_[node:6] = 0
xi_y_i_[y:35][node:6] = 0.100000
} 
Node 7: {
y_[node:7] = 0
xi_y_i_[y:35][node:7] = 0.033333
} 
Node 8: {
y_[node:8] = 0
xi_y_i_[y:35][node:8] = 0.000000
} 
Node 9: {
y_[node:9] = 0
xi_y_i_[y:35][node:9] = 0.066667
} 
Node 10: {
y_[node:10] = 0
xi_y_i_[y:35][node:10] = 0.100000
} 
Node 11: {
y_[node:11] = 1
xi_y_i_[y:35][node:11] = 0.000000
} 
Node 12: {
y_[node:12] = 1
xi_y_i_[y:35][node:12] = 0.033333
} 
Node 13: {
y_[node:13] = 0
xi_y_i_[y:35][node:13] = 0.100000
} 
Node 14: {
y_[node:14] = 1
xi_y_i_[y:35][node:14] = 0.100000
} 
Node 15: {
y_[node:15] = 1
xi_y_i_[y:35][node:15] = 0.100000
} 

 } 

 y = 36 { 
Node 1: {
y_[node:1] = 0
xi_y_i_[y:36][node:1] = 0.066667
} 
Node 2: {
y_[node:2] = 0
xi_y_i_[y:36][node:2] = 0.100000
} 
Node 3: {
y_[node:3] = 0
xi_y_i_[y:36][node:3] = 0.100000
} 
Node 4: {
y_[node:4] = 1
xi_y_i_[y:36][node:4] = 0.100000
} 
Node 5: {
y_[node:5] = 1
xi_y_i_[y:36][node:5] = 0.000000
} 
Node 6: {
y_[node:6] = 0
xi_y_i_[y:36][node:6] = 0.100000
} 
Node 7: {
y_[node:7] = 0
xi_y_i_[y:36][node:7] = 0.100000
} 
Node 8: {
y_[node:8] = 0
xi_y_i_[y:36][node:8] = 0.000000
} 
Node 9: {
y_[node:9] = 0
xi_y_i_[y:36][node:9] = 0.066667
} 
Node 10: {
y_[node:10] = 0
xi_y_i_[y:36][node:10] = 0.100000
} 
Node 11: {
y_[node:11] = 0
xi_y_i_[y:36][node:11] = 0.033333
} 
Node 12: {
y_[node:12] = 1
xi_y_i_[y:36][node:12] = 0.000000
} 
Node 13: {
y_[node:13] = 1
xi_y_i_[y:36][node:13] = 0.033333
} 
Node 14: {
y_[node:14] = 1
xi_y_i_[y:36][node:14] = 0.100000
} 
Node 15: {
y_[node:15] = 1
xi_y_i_[y:36][node:15] = 0.100000
} 

 } 

 y = 39 { 
Node 1: {
y_[node:1] = 0
xi_y_i_[y:39][node:1] = 0.066667
} 
Node 2: {
y_[node:2] = 0
xi_y_i_[y:39][node:2] = 0.100000
} 
Node 3: {
y_[node:3] = 0
xi_y_i_[y:39][node:3] = 0.100000
} 
Node 4: {
y_[node:4] = 0
xi_y_i_[y:39][node:4] = 0.100000
} 
Node 5: {
y_[node:5] = 0
xi_y_i_[y:39][node:5] = 0.000000
} 
Node 6: {
y_[node:6] = 0
xi_y_i_[y:39][node:6] = 0.100000
} 
Node 7: {
y_[node:7] = 1
xi_y_i_[y:39][node:7] = 0.000000
} 
Node 8: {
y_[node:8] = 1
xi_y_i_[y:39][node:8] = 0.000000
} 
Node 9: {
y_[node:9] = 1
xi_y_i_[y:39][node:9] = 0.066667
} 
Node 10: {
y_[node:10] = 1
xi_y_i_[y:39][node:10] = 0.000000
} 
Node 11: {
y_[node:11] = 1
xi_y_i_[y:39][node:11] = 0.066667
} 
Node 12: {
y_[node:12] = 0
xi_y_i_[y:39][node:12] = 0.100000
} 
Node 13: {
y_[node:13] = 0
xi_y_i_[y:39][node:13] = 0.100000
} 
Node 14: {
y_[node:14] = 0
xi_y_i_[y:39][node:14] = 0.100000
} 
Node 15: {
y_[node:15] = 0
xi_y_i_[y:39][node:15] = 0.100000
} 

 } 

 y = 40 { 
Node 1: {
y_[node:1] = 1
xi_y_i_[y:40][node:1] = 0.066667
} 
Node 2: {
y_[node:2] = 1
xi_y_i_[y:40][node:2] = 0.100000
} 
Node 3: {
y_[node:3] = 1
xi_y_i_[y:40][node:3] = 0.100000
} 
Node 4: {
y_[node:4] = 1
xi_y_i_[y:40][node:4] = 0.000000
} 
Node 5: {
y_[node:5] = 0
xi_y_i_[y:40][node:5] = 0.100000
} 
Node 6: {
y_[node:6] = 0
xi_y_i_[y:40][node:6] = 0.100000
} 
Node 7: {
y_[node:7] = 0
xi_y_i_[y:40][node:7] = 0.100000
} 
Node 8: {
y_[node:8] = 0
xi_y_i_[y:40][node:8] = 0.000000
} 
Node 9: {
y_[node:9] = 0
xi_y_i_[y:40][node:9] = 0.066667
} 
Node 10: {
y_[node:10] = 1
xi_y_i_[y:40][node:10] = 0.000000
} 
Node 11: {
y_[node:11] = 1
xi_y_i_[y:40][node:11] = 0.000000
} 
Node 12: {
y_[node:12] = 1
xi_y_i_[y:40][node:12] = 0.066667
} 
Node 13: {
y_[node:13] = 0
xi_y_i_[y:40][node:13] = 0.100000
} 
Node 14: {
y_[node:14] = 0
xi_y_i_[y:40][node:14] = 0.100000
} 
Node 15: {
y_[node:15] = 0
xi_y_i_[y:40][node:15] = 0.100000
} 

 } 

 y = 41 { 
Node 1: {
y_[node:1] = 1
xi_y_i_[y:41][node:1] = 0.066667
} 
Node 2: {
y_[node:2] = 0
xi_y_i_[y:41][node:2] = 0.100000
} 
Node 3: {
y_[node:3] = 1
xi_y_i_[y:41][node:3] = 0.100000
} 
Node 4: {
y_[node:4] = 1
xi_y_i_[y:41][node:4] = 0.100000
} 
Node 5: {
y_[node:5] = 1
xi_y_i_[y:41][node:5] = 0.000000
} 
Node 6: {
y_[node:6] = 0
xi_y_i_[y:41][node:6] = 0.100000
} 
Node 7: {
y_[node:7] = 0
xi_y_i_[y:41][node:7] = 0.100000
} 
Node 8: {
y_[node:8] = 0
xi_y_i_[y:41][node:8] = 0.000000
} 
Node 9: {
y_[node:9] = 0
xi_y_i_[y:41][node:9] = 0.066667
} 
Node 10: {
y_[node:10] = 1
xi_y_i_[y:41][node:10] = 0.000000
} 
Node 11: {
y_[node:11] = 1
xi_y_i_[y:41][node:11] = 0.000000
} 
Node 12: {
y_[node:12] = 1
xi_y_i_[y:41][node:12] = 0.066667
} 
Node 13: {
y_[node:13] = 0
xi_y_i_[y:41][node:13] = 0.100000
} 
Node 14: {
y_[node:14] = 0
xi_y_i_[y:41][node:14] = 0.100000
} 
Node 15: {
y_[node:15] = 0
xi_y_i_[y:41][node:15] = 0.100000
} 

 } 

 y = 42 { 
Node 1: {
y_[node:1] = 1
xi_y_i_[y:42][node:1] = 0.066667
} 
Node 2: {
y_[node:2] = 1
xi_y_i_[y:42][node:2] = 0.100000
} 
Node 3: {
y_[node:3] = 0
xi_y_i_[y:42][node:3] = 0.100000
} 
Node 4: {
y_[node:4] = 1
xi_y_i_[y:42][node:4] = 0.100000
} 
Node 5: {
y_[node:5] = 1
xi_y_i_[y:42][node:5] = 0.000000
} 
Node 6: {
y_[node:6] = 0
xi_y_i_[y:42][node:6] = 0.100000
} 
Node 7: {
y_[node:7] = 0
xi_y_i_[y:42][node:7] = 0.000000
} 
Node 8: {
y_[node:8] = 0
xi_y_i_[y:42][node:8] = 0.000000
} 
Node 9: {
y_[node:9] = 0
xi_y_i_[y:42][node:9] = 0.066667
} 
Node 10: {
y_[node:10] = 1
xi_y_i_[y:42][node:10] = 0.000000
} 
Node 11: {
y_[node:11] = 0
xi_y_i_[y:42][node:11] = 0.100000
} 
Node 12: {
y_[node:12] = 1
xi_y_i_[y:42][node:12] = 0.066667
} 
Node 13: {
y_[node:13] = 0
xi_y_i_[y:42][node:13] = 0.100000
} 
Node 14: {
y_[node:14] = 0
xi_y_i_[y:42][node:14] = 0.100000
} 
Node 15: {
y_[node:15] = 0
xi_y_i_[y:42][node:15] = 0.100000
} 

 } 

 y = 43 { 
Node 1: {
y_[node:1] = 1
xi_y_i_[y:43][node:1] = 0.066667
} 
Node 2: {
y_[node:2] = 1
xi_y_i_[y:43][node:2] = 0.100000
} 
Node 3: {
y_[node:3] = 0
xi_y_i_[y:43][node:3] = 0.100000
} 
Node 4: {
y_[node:4] = 1
xi_y_i_[y:43][node:4] = 0.100000
} 
Node 5: {
y_[node:5] = 1
xi_y_i_[y:43][node:5] = 0.000000
} 
Node 6: {
y_[node:6] = 0
xi_y_i_[y:43][node:6] = 0.100000
} 
Node 7: {
y_[node:7] = 0
xi_y_i_[y:43][node:7] = 0.100000
} 
Node 8: {
y_[node:8] = 0
xi_y_i_[y:43][node:8] = 0.000000
} 
Node 9: {
y_[node:9] = 0
xi_y_i_[y:43][node:9] = 0.066667
} 
Node 10: {
y_[node:10] = 1
xi_y_i_[y:43][node:10] = 0.000000
} 
Node 11: {
y_[node:11] = 1
xi_y_i_[y:43][node:11] = 0.000000
} 
Node 12: {
y_[node:12] = 1
xi_y_i_[y:43][node:12] = 0.066667
} 
Node 13: {
y_[node:13] = 0
xi_y_i_[y:43][node:13] = 0.100000
} 
Node 14: {
y_[node:14] = 0
xi_y_i_[y:43][node:14] = 0.100000
} 
Node 15: {
y_[node:15] = 0
xi_y_i_[y:43][node:15] = 0.100000
} 

 } 

 y = 44 { 
Node 1: {
y_[node:1] = 1
xi_y_i_[y:44][node:1] = 0.066667
} 
Node 2: {
y_[node:2] = 1
xi_y_i_[y:44][node:2] = 0.100000
} 
Node 3: {
y_[node:3] = 1
xi_y_i_[y:44][node:3] = 0.100000
} 
Node 4: {
y_[node:4] = 1
xi_y_i_[y:44][node:4] = 0.000000
} 
Node 5: {
y_[node:5] = 1
xi_y_i_[y:44][node:5] = 0.000000
} 
Node 6: {
y_[node:6] = 0
xi_y_i_[y:44][node:6] = 0.100000
} 
Node 7: {
y_[node:7] = 0
xi_y_i_[y:44][node:7] = 0.100000
} 
Node 8: {
y_[node:8] = 0
xi_y_i_[y:44][node:8] = 0.000000
} 
Node 9: {
y_[node:9] = 0
xi_y_i_[y:44][node:9] = 0.066667
} 
Node 10: {
y_[node:10] = 1
xi_y_i_[y:44][node:10] = 0.000000
} 
Node 11: {
y_[node:11] = 0
xi_y_i_[y:44][node:11] = 0.100000
} 
Node 12: {
y_[node:12] = 1
xi_y_i_[y:44][node:12] = 0.066667
} 
Node 13: {
y_[node:13] = 0
xi_y_i_[y:44][node:13] = 0.100000
} 
Node 14: {
y_[node:14] = 0
xi_y_i_[y:44][node:14] = 0.100000
} 
Node 15: {
y_[node:15] = 0
xi_y_i_[y:44][node:15] = 0.100000
} 

 } 

 y = 45 { 
Node 1: {
y_[node:1] = 1
xi_y_i_[y:45][node:1] = 0.066667
} 
Node 2: {
y_[node:2] = 1
xi_y_i_[y:45][node:2] = 0.100000
} 
Node 3: {
y_[node:3] = 1
xi_y_i_[y:45][node:3] = 0.100000
} 
Node 4: {
y_[node:4] = 1
xi_y_i_[y:45][node:4] = 0.000000
} 
Node 5: {
y_[node:5] = 1
xi_y_i_[y:45][node:5] = 0.000000
} 
Node 6: {
y_[node:6] = 0
xi_y_i_[y:45][node:6] = 0.100000
} 
Node 7: {
y_[node:7] = 0
xi_y_i_[y:45][node:7] = 0.100000
} 
Node 8: {
y_[node:8] = 0
xi_y_i_[y:45][node:8] = 0.100000
} 
Node 9: {
y_[node:9] = 0
xi_y_i_[y:45][node:9] = 0.066667
} 
Node 10: {
y_[node:10] = 1
xi_y_i_[y:45][node:10] = 0.000000
} 
Node 11: {
y_[node:11] = 1
xi_y_i_[y:45][node:11] = 0.000000
} 
Node 12: {
y_[node:12] = 1
xi_y_i_[y:45][node:12] = 0.066667
} 
Node 13: {
y_[node:13] = 0
xi_y_i_[y:45][node:13] = 0.100000
} 
Node 14: {
y_[node:14] = 0
xi_y_i_[y:45][node:14] = 0.100000
} 
Node 15: {
y_[node:15] = 0
xi_y_i_[y:45][node:15] = 0.100000
} 

 } 

 y = 46 { 
Node 1: {
y_[node:1] = 1
xi_y_i_[y:46][node:1] = 0.066667
} 
Node 2: {
y_[node:2] = 1
xi_y_i_[y:46][node:2] = 0.100000
} 
Node 3: {
y_[node:3] = 0
xi_y_i_[y:46][node:3] = 0.100000
} 
Node 4: {
y_[node:4] = 1
xi_y_i_[y:46][node:4] = 0.000000
} 
Node 5: {
y_[node:5] = 0
xi_y_i_[y:46][node:5] = 0.100000
} 
Node 6: {
y_[node:6] = 0
xi_y_i_[y:46][node:6] = 0.100000
} 
Node 7: {
y_[node:7] = 0
xi_y_i_[y:46][node:7] = 0.000000
} 
Node 8: {
y_[node:8] = 1
xi_y_i_[y:46][node:8] = 0.066667
} 
Node 9: {
y_[node:9] = 0
xi_y_i_[y:46][node:9] = 0.066667
} 
Node 10: {
y_[node:10] = 0
xi_y_i_[y:46][node:10] = 0.000000
} 
Node 11: {
y_[node:11] = 0
xi_y_i_[y:46][node:11] = 0.000000
} 
Node 12: {
y_[node:12] = 0
xi_y_i_[y:46][node:12] = 0.100000
} 
Node 13: {
y_[node:13] = 0
xi_y_i_[y:46][node:13] = 0.100000
} 
Node 14: {
y_[node:14] = 1
xi_y_i_[y:46][node:14] = 0.100000
} 
Node 15: {
y_[node:15] = 0
xi_y_i_[y:46][node:15] = 0.100000
} 

 } 

 y = 47 { 
Node 1: {
y_[node:1] = 1
xi_y_i_[y:47][node:1] = 0.066667
} 
Node 2: {
y_[node:2] = 1
xi_y_i_[y:47][node:2] = 0.100000
} 
Node 3: {
y_[node:3] = 1
xi_y_i_[y:47][node:3] = 0.100000
} 
Node 4: {
y_[node:4] = 1
xi_y_i_[y:47][node:4] = 0.000000
} 
Node 5: {
y_[node:5] = 1
xi_y_i_[y:47][node:5] = 0.000000
} 
Node 6: {
y_[node:6] = 0
xi_y_i_[y:47][node:6] = 0.100000
} 
Node 7: {
y_[node:7] = 0
xi_y_i_[y:47][node:7] = 0.100000
} 
Node 8: {
y_[node:8] = 0
xi_y_i_[y:47][node:8] = 0.000000
} 
Node 9: {
y_[node:9] = 1
xi_y_i_[y:47][node:9] = 0.066667
} 
Node 10: {
y_[node:10] = 0
xi_y_i_[y:47][node:10] = 0.066667
} 
Node 11: {
y_[node:11] = 0
xi_y_i_[y:47][node:11] = 0.100000
} 
Node 12: {
y_[node:12] = 0
xi_y_i_[y:47][node:12] = 0.100000
} 
Node 13: {
y_[node:13] = 0
xi_y_i_[y:47][node:13] = 0.100000
} 
Node 14: {
y_[node:14] = 1
xi_y_i_[y:47][node:14] = 0.000000
} 
Node 15: {
y_[node:15] = 0
xi_y_i_[y:47][node:15] = 0.100000
} 

 } 

 y = 50 { 
Node 1: {
y_[node:1] = 0
xi_y_i_[y:50][node:1] = 0.066667
} 
Node 2: {
y_[node:2] = 1
xi_y_i_[y:50][node:2] = 0.066667
} 
Node 3: {
y_[node:3] = 1
xi_y_i_[y:50][node:3] = 0.100000
} 
Node 4: {
y_[node:4] = 0
xi_y_i_[y:50][node:4] = 0.100000
} 
Node 5: {
y_[node:5] = 0
xi_y_i_[y:50][node:5] = 0.000000
} 
Node 6: {
y_[node:6] = 0
xi_y_i_[y:50][node:6] = 0.100000
} 
Node 7: {
y_[node:7] = 1
xi_y_i_[y:50][node:7] = 0.000000
} 
Node 8: {
y_[node:8] = 0
xi_y_i_[y:50][node:8] = 0.000000
} 
Node 9: {
y_[node:9] = 1
xi_y_i_[y:50][node:9] = 0.066667
} 
Node 10: {
y_[node:10] = 0
xi_y_i_[y:50][node:10] = 0.100000
} 
Node 11: {
y_[node:11] = 0
xi_y_i_[y:50][node:11] = 0.100000
} 
Node 12: {
y_[node:12] = 0
xi_y_i_[y:50][node:12] = 0.100000
} 
Node 13: {
y_[node:13] = 0
xi_y_i_[y:50][node:13] = 0.100000
} 
Node 14: {
y_[node:14] = 1
xi_y_i_[y:50][node:14] = 0.000000
} 
Node 15: {
y_[node:15] = 1
xi_y_i_[y:50][node:15] = 0.100000
} 

 } 

 y = 53 { 
Node 1: {
y_[node:1] = 1
xi_y_i_[y:53][node:1] = 0.066667
} 
Node 2: {
y_[node:2] = 1
xi_y_i_[y:53][node:2] = 0.100000
} 
Node 3: {
y_[node:3] = 1
xi_y_i_[y:53][node:3] = 0.100000
} 
Node 4: {
y_[node:4] = 1
xi_y_i_[y:53][node:4] = 0.000000
} 
Node 5: {
y_[node:5] = 1
xi_y_i_[y:53][node:5] = 0.000000
} 
Node 6: {
y_[node:6] = 0
xi_y_i_[y:53][node:6] = 0.100000
} 
Node 7: {
y_[node:7] = 1
xi_y_i_[y:53][node:7] = 0.000000
} 
Node 8: {
y_[node:8] = 0
xi_y_i_[y:53][node:8] = 0.100000
} 
Node 9: {
y_[node:9] = 1
xi_y_i_[y:53][node:9] = 0.066667
} 
Node 10: {
y_[node:10] = 0
xi_y_i_[y:53][node:10] = 0.066667
} 
Node 11: {
y_[node:11] = 0
xi_y_i_[y:53][node:11] = 0.100000
} 
Node 12: {
y_[node:12] = 0
xi_y_i_[y:53][node:12] = 0.100000
} 
Node 13: {
y_[node:13] = 0
xi_y_i_[y:53][node:13] = 0.100000
} 
Node 14: {
y_[node:14] = 1
xi_y_i_[y:53][node:14] = 0.000000
} 
Node 15: {
y_[node:15] = 0
xi_y_i_[y:53][node:15] = 0.100000
} 

 } 

 y = 59 { 
Node 1: {
y_[node:1] = 0
xi_y_i_[y:59][node:1] = 0.066667
} 
Node 2: {
y_[node:2] = 1
xi_y_i_[y:59][node:2] = 0.100000
} 
Node 3: {
y_[node:3] = 1
xi_y_i_[y:59][node:3] = 0.100000
} 
Node 4: {
y_[node:4] = 1
xi_y_i_[y:59][node:4] = 0.100000
} 
Node 5: {
y_[node:5] = 1
xi_y_i_[y:59][node:5] = 0.000000
} 
Node 6: {
y_[node:6] = 0
xi_y_i_[y:59][node:6] = 0.100000
} 
Node 7: {
y_[node:7] = 0
xi_y_i_[y:59][node:7] = 0.100000
} 
Node 8: {
y_[node:8] = 0
xi_y_i_[y:59][node:8] = 0.033333
} 
Node 9: {
y_[node:9] = 0
xi_y_i_[y:59][node:9] = 0.066667
} 
Node 10: {
y_[node:10] = 1
xi_y_i_[y:59][node:10] = 0.000000
} 
Node 11: {
y_[node:11] = 1
xi_y_i_[y:59][node:11] = 0.033333
} 
Node 12: {
y_[node:12] = 0
xi_y_i_[y:59][node:12] = 0.100000
} 
Node 13: {
y_[node:13] = 1
xi_y_i_[y:59][node:13] = 0.000000
} 
Node 14: {
y_[node:14] = 0
xi_y_i_[y:59][node:14] = 0.100000
} 
Node 15: {
y_[node:15] = 0
xi_y_i_[y:59][node:15] = 0.100000
} 

 } 

 y = 60 { 
Node 1: {
y_[node:1] = 1
xi_y_i_[y:60][node:1] = 0.066667
} 
Node 2: {
y_[node:2] = 1
xi_y_i_[y:60][node:2] = 0.100000
} 
Node 3: {
y_[node:3] = 1
xi_y_i_[y:60][node:3] = 0.100000
} 
Node 4: {
y_[node:4] = 1
xi_y_i_[y:60][node:4] = 0.000000
} 
Node 5: {
y_[node:5] = 1
xi_y_i_[y:60][node:5] = 0.000000
} 
Node 6: {
y_[node:6] = 0
xi_y_i_[y:60][node:6] = 0.100000
} 
Node 7: {
y_[node:7] = 1
xi_y_i_[y:60][node:7] = 0.000000
} 
Node 8: {
y_[node:8] = 1
xi_y_i_[y:60][node:8] = 0.000000
} 
Node 9: {
y_[node:9] = 1
xi_y_i_[y:60][node:9] = 0.066667
} 
Node 10: {
y_[node:10] = 0
xi_y_i_[y:60][node:10] = 0.066667
} 
Node 11: {
y_[node:11] = 0
xi_y_i_[y:60][node:11] = 0.100000
} 
Node 12: {
y_[node:12] = 0
xi_y_i_[y:60][node:12] = 0.100000
} 
Node 13: {
y_[node:13] = 0
xi_y_i_[y:60][node:13] = 0.100000
} 
Node 14: {
y_[node:14] = 0
xi_y_i_[y:60][node:14] = 0.100000
} 
Node 15: {
y_[node:15] = 0
xi_y_i_[y:60][node:15] = 0.100000
} 

 } 

 y = 62 { 
Node 1: {
y_[node:1] = 1
xi_y_i_[y:62][node:1] = 0.066667
} 
Node 2: {
y_[node:2] = 0
xi_y_i_[y:62][node:2] = 0.100000
} 
Node 3: {
y_[node:3] = 0
xi_y_i_[y:62][node:3] = 0.100000
} 
Node 4: {
y_[node:4] = 1
xi_y_i_[y:62][node:4] = 0.100000
} 
Node 5: {
y_[node:5] = 0
xi_y_i_[y:62][node:5] = 0.000000
} 
Node 6: {
y_[node:6] = 0
xi_y_i_[y:62][node:6] = 0.100000
} 
Node 7: {
y_[node:7] = 0
xi_y_i_[y:62][node:7] = 0.000000
} 
Node 8: {
y_[node:8] = 0
xi_y_i_[y:62][node:8] = 0.000000
} 
Node 9: {
y_[node:9] = 0
xi_y_i_[y:62][node:9] = 0.066667
} 
Node 10: {
y_[node:10] = 1
xi_y_i_[y:62][node:10] = 0.000000
} 
Node 11: {
y_[node:11] = 0
xi_y_i_[y:62][node:11] = 0.100000
} 
Node 12: {
y_[node:12] = 0
xi_y_i_[y:62][node:12] = 0.100000
} 
Node 13: {
y_[node:13] = 0
xi_y_i_[y:62][node:13] = 0.100000
} 
Node 14: {
y_[node:14] = 1
xi_y_i_[y:62][node:14] = 0.066667
} 
Node 15: {
y_[node:15] = 1
xi_y_i_[y:62][node:15] = 0.100000
} 

 } 

 y = 63 { 
Node 1: {
y_[node:1] = 1
xi_y_i_[y:63][node:1] = 0.066667
} 
Node 2: {
y_[node:2] = 1
xi_y_i_[y:63][node:2] = 0.100000
} 
Node 3: {
y_[node:3] = 0
xi_y_i_[y:63][node:3] = 0.100000
} 
Node 4: {
y_[node:4] = 1
xi_y_i_[y:63][node:4] = 0.100000
} 
Node 5: {
y_[node:5] = 1
xi_y_i_[y:63][node:5] = 0.000000
} 
Node 6: {
y_[node:6] = 0
xi_y_i_[y:63][node:6] = 0.100000
} 
Node 7: {
y_[node:7] = 0
xi_y_i_[y:63][node:7] = 0.100000
} 
Node 8: {
y_[node:8] = 0
xi_y_i_[y:63][node:8] = 0.100000
} 
Node 9: {
y_[node:9] = 0
xi_y_i_[y:63][node:9] = 0.066667
} 
Node 10: {
y_[node:10] = 1
xi_y_i_[y:63][node:10] = 0.000000
} 
Node 11: {
y_[node:11] = 1
xi_y_i_[y:63][node:11] = 0.000000
} 
Node 12: {
y_[node:12] = 1
xi_y_i_[y:63][node:12] = 0.000000
} 
Node 13: {
y_[node:13] = 1
xi_y_i_[y:63][node:13] = 0.066667
} 
Node 14: {
y_[node:14] = 0
xi_y_i_[y:63][node:14] = 0.100000
} 
Node 15: {
y_[node:15] = 0
xi_y_i_[y:63][node:15] = 0.100000
} 

 } 

 y = 65 { 
Node 1: {
y_[node:1] = 1
xi_y_i_[y:65][node:1] = 0.066667
} 
Node 2: {
y_[node:2] = 0
xi_y_i_[y:65][node:2] = 0.100000
} 
Node 3: {
y_[node:3] = 0
xi_y_i_[y:65][node:3] = 0.100000
} 
Node 4: {
y_[node:4] = 1
xi_y_i_[y:65][node:4] = 0.100000
} 
Node 5: {
y_[node:5] = 1
xi_y_i_[y:65][node:5] = 0.000000
} 
Node 6: {
y_[node:6] = 0
xi_y_i_[y:65][node:6] = 0.100000
} 
Node 7: {
y_[node:7] = 0
xi_y_i_[y:65][node:7] = 0.000000
} 
Node 8: {
y_[node:8] = 0
xi_y_i_[y:65][node:8] = 0.000000
} 
Node 9: {
y_[node:9] = 1
xi_y_i_[y:65][node:9] = 0.066667
} 
Node 10: {
y_[node:10] = 0
xi_y_i_[y:65][node:10] = 0.066667
} 
Node 11: {
y_[node:11] = 0
xi_y_i_[y:65][node:11] = 0.100000
} 
Node 12: {
y_[node:12] = 0
xi_y_i_[y:65][node:12] = 0.100000
} 
Node 13: {
y_[node:13] = 0
xi_y_i_[y:65][node:13] = 0.100000
} 
Node 14: {
y_[node:14] = 1
xi_y_i_[y:65][node:14] = 0.000000
} 
Node 15: {
y_[node:15] = 1
xi_y_i_[y:65][node:15] = 0.100000
} 

 } 

 y = 66 { 
Node 1: {
y_[node:1] = 1
xi_y_i_[y:66][node:1] = 0.066667
} 
Node 2: {
y_[node:2] = 1
xi_y_i_[y:66][node:2] = 0.100000
} 
Node 3: {
y_[node:3] = 0
xi_y_i_[y:66][node:3] = 0.100000
} 
Node 4: {
y_[node:4] = 0
xi_y_i_[y:66][node:4] = 0.100000
} 
Node 5: {
y_[node:5] = 0
xi_y_i_[y:66][node:5] = 0.100000
} 
Node 6: {
y_[node:6] = 0
xi_y_i_[y:66][node:6] = 0.100000
} 
Node 7: {
y_[node:7] = 0
xi_y_i_[y:66][node:7] = 0.100000
} 
Node 8: {
y_[node:8] = 0
xi_y_i_[y:66][node:8] = 0.000000
} 
Node 9: {
y_[node:9] = 1
xi_y_i_[y:66][node:9] = 0.066667
} 
Node 10: {
y_[node:10] = 0
xi_y_i_[y:66][node:10] = 0.000000
} 
Node 11: {
y_[node:11] = 0
xi_y_i_[y:66][node:11] = 0.000000
} 
Node 12: {
y_[node:12] = 0
xi_y_i_[y:66][node:12] = 0.066667
} 
Node 13: {
y_[node:13] = 0
xi_y_i_[y:66][node:13] = 0.100000
} 
Node 14: {
y_[node:14] = 1
xi_y_i_[y:66][node:14] = 0.000000
} 
Node 15: {
y_[node:15] = 1
xi_y_i_[y:66][node:15] = 0.100000
} 

 } 

 y = 67 { 
Node 1: {
y_[node:1] = 0
xi_y_i_[y:67][node:1] = 0.066667
} 
Node 2: {
y_[node:2] = 1
xi_y_i_[y:67][node:2] = 0.100000
} 
Node 3: {
y_[node:3] = 0
xi_y_i_[y:67][node:3] = 0.100000
} 
Node 4: {
y_[node:4] = 0
xi_y_i_[y:67][node:4] = 0.100000
} 
Node 5: {
y_[node:5] = 0
xi_y_i_[y:67][node:5] = 0.000000
} 
Node 6: {
y_[node:6] = 0
xi_y_i_[y:67][node:6] = 0.100000
} 
Node 7: {
y_[node:7] = 0
xi_y_i_[y:67][node:7] = 0.000000
} 
Node 8: {
y_[node:8] = 0
xi_y_i_[y:67][node:8] = 0.000000
} 
Node 9: {
y_[node:9] = 0
xi_y_i_[y:67][node:9] = 0.066667
} 
Node 10: {
y_[node:10] = 1
xi_y_i_[y:67][node:10] = 0.033333
} 
Node 11: {
y_[node:11] = 0
xi_y_i_[y:67][node:11] = 0.033333
} 
Node 12: {
y_[node:12] = 1
xi_y_i_[y:67][node:12] = 0.100000
} 
Node 13: {
y_[node:13] = 0
xi_y_i_[y:67][node:13] = 0.100000
} 
Node 14: {
y_[node:14] = 0
xi_y_i_[y:67][node:14] = 0.100000
} 
Node 15: {
y_[node:15] = 1
xi_y_i_[y:67][node:15] = 0.100000
} 

 } 

 y = 68 { 
Node 1: {
y_[node:1] = 0
xi_y_i_[y:68][node:1] = 0.066667
} 
Node 2: {
y_[node:2] = 0
xi_y_i_[y:68][node:2] = 0.100000
} 
Node 3: {
y_[node:3] = 0
xi_y_i_[y:68][node:3] = 0.100000
} 
Node 4: {
y_[node:4] = 0
xi_y_i_[y:68][node:4] = 0.100000
} 
Node 5: {
y_[node:5] = 0
xi_y_i_[y:68][node:5] = 0.000000
} 
Node 6: {
y_[node:6] = 0
xi_y_i_[y:68][node:6] = 0.100000
} 
Node 7: {
y_[node:7] = 1
xi_y_i_[y:68][node:7] = 0.000000
} 
Node 8: {
y_[node:8] = 1
xi_y_i_[y:68][node:8] = 0.000000
} 
Node 9: {
y_[node:9] = 1
xi_y_i_[y:68][node:9] = 0.066667
} 
Node 10: {
y_[node:10] = 0
xi_y_i_[y:68][node:10] = 0.000000
} 
Node 11: {
y_[node:11] = 0
xi_y_i_[y:68][node:11] = 0.066667
} 
Node 12: {
y_[node:12] = 0
xi_y_i_[y:68][node:12] = 0.100000
} 
Node 13: {
y_[node:13] = 0
xi_y_i_[y:68][node:13] = 0.100000
} 
Node 14: {
y_[node:14] = 0
xi_y_i_[y:68][node:14] = 0.100000
} 
Node 15: {
y_[node:15] = 1
xi_y_i_[y:68][node:15] = 0.100000
} 

 } 

 y = 69 { 
Node 1: {
y_[node:1] = 0
xi_y_i_[y:69][node:1] = 0.066667
} 
Node 2: {
y_[node:2] = 0
xi_y_i_[y:69][node:2] = 0.100000
} 
Node 3: {
y_[node:3] = 1
xi_y_i_[y:69][node:3] = 0.100000
} 
Node 4: {
y_[node:4] = 0
xi_y_i_[y:69][node:4] = 0.000000
} 
Node 5: {
y_[node:5] = 0
xi_y_i_[y:69][node:5] = 0.000000
} 
Node 6: {
y_[node:6] = 0
xi_y_i_[y:69][node:6] = 0.100000
} 
Node 7: {
y_[node:7] = 1
xi_y_i_[y:69][node:7] = 0.000000
} 
Node 8: {
y_[node:8] = 1
xi_y_i_[y:69][node:8] = 0.000000
} 
Node 9: {
y_[node:9] = 0
xi_y_i_[y:69][node:9] = 0.066667
} 
Node 10: {
y_[node:10] = 0
xi_y_i_[y:69][node:10] = 0.100000
} 
Node 11: {
y_[node:11] = 0
xi_y_i_[y:69][node:11] = 0.100000
} 
Node 12: {
y_[node:12] = 0
xi_y_i_[y:69][node:12] = 0.066667
} 
Node 13: {
y_[node:13] = 0
xi_y_i_[y:69][node:13] = 0.100000
} 
Node 14: {
y_[node:14] = 1
xi_y_i_[y:69][node:14] = 0.100000
} 
Node 15: {
y_[node:15] = 1
xi_y_i_[y:69][node:15] = 0.100000
} 

 } 

 y = 70 { 
Node 1: {
y_[node:1] = 1
xi_y_i_[y:70][node:1] = 0.066667
} 
Node 2: {
y_[node:2] = 1
xi_y_i_[y:70][node:2] = 0.100000
} 
Node 3: {
y_[node:3] = 1
xi_y_i_[y:70][node:3] = 0.100000
} 
Node 4: {
y_[node:4] = 1
xi_y_i_[y:70][node:4] = 0.000000
} 
Node 5: {
y_[node:5] = 1
xi_y_i_[y:70][node:5] = 0.000000
} 
Node 6: {
y_[node:6] = 0
xi_y_i_[y:70][node:6] = 0.100000
} 
Node 7: {
y_[node:7] = 0
xi_y_i_[y:70][node:7] = 0.100000
} 
Node 8: {
y_[node:8] = 0
xi_y_i_[y:70][node:8] = 0.100000
} 
Node 9: {
y_[node:9] = 0
xi_y_i_[y:70][node:9] = 0.066667
} 
Node 10: {
y_[node:10] = 1
xi_y_i_[y:70][node:10] = 0.000000
} 
Node 11: {
y_[node:11] = 1
xi_y_i_[y:70][node:11] = 0.000000
} 
Node 12: {
y_[node:12] = 0
xi_y_i_[y:70][node:12] = 0.100000
} 
Node 13: {
y_[node:13] = 1
xi_y_i_[y:70][node:13] = 0.066667
} 
Node 14: {
y_[node:14] = 0
xi_y_i_[y:70][node:14] = 0.100000
} 
Node 15: {
y_[node:15] = 0
xi_y_i_[y:70][node:15] = 0.100000
} 

 } 

 y = 71 { 
Node 1: {
y_[node:1] = 0
xi_y_i_[y:71][node:1] = 0.066667
} 
Node 2: {
y_[node:2] = 0
xi_y_i_[y:71][node:2] = 0.100000
} 
Node 3: {
y_[node:3] = 0
xi_y_i_[y:71][node:3] = 0.100000
} 
Node 4: {
y_[node:4] = 0
xi_y_i_[y:71][node:4] = 0.100000
} 
Node 5: {
y_[node:5] = 0
xi_y_i_[y:71][node:5] = 0.000000
} 
Node 6: {
y_[node:6] = 0
xi_y_i_[y:71][node:6] = 0.100000
} 
Node 7: {
y_[node:7] = 1
xi_y_i_[y:71][node:7] = 0.000000
} 
Node 8: {
y_[node:8] = 1
xi_y_i_[y:71][node:8] = 0.000000
} 
Node 9: {
y_[node:9] = 0
xi_y_i_[y:71][node:9] = 0.066667
} 
Node 10: {
y_[node:10] = 1
xi_y_i_[y:71][node:10] = 0.000000
} 
Node 11: {
y_[node:11] = 0
xi_y_i_[y:71][node:11] = 0.066667
} 
Node 12: {
y_[node:12] = 0
xi_y_i_[y:71][node:12] = 0.100000
} 
Node 13: {
y_[node:13] = 0
xi_y_i_[y:71][node:13] = 0.100000
} 
Node 14: {
y_[node:14] = 0
xi_y_i_[y:71][node:14] = 0.100000
} 
Node 15: {
y_[node:15] = 1
xi_y_i_[y:71][node:15] = 0.100000
} 

 } 

 y = 76 { 
Node 1: {
y_[node:1] = 0
xi_y_i_[y:76][node:1] = 0.066667
} 
Node 2: {
y_[node:2] = 0
xi_y_i_[y:76][node:2] = 0.100000
} 
Node 3: {
y_[node:3] = 1
xi_y_i_[y:76][node:3] = 0.100000
} 
Node 4: {
y_[node:4] = 0
xi_y_i_[y:76][node:4] = 0.100000
} 
Node 5: {
y_[node:5] = 0
xi_y_i_[y:76][node:5] = 0.033333
} 
Node 6: {
y_[node:6] = 0
xi_y_i_[y:76][node:6] = 0.100000
} 
Node 7: {
y_[node:7] = 0
xi_y_i_[y:76][node:7] = 0.000000
} 
Node 8: {
y_[node:8] = 0
xi_y_i_[y:76][node:8] = 0.000000
} 
Node 9: {
y_[node:9] = 0
xi_y_i_[y:76][node:9] = 0.066667
} 
Node 10: {
y_[node:10] = 1
xi_y_i_[y:76][node:10] = 0.000000
} 
Node 11: {
y_[node:11] = 1
xi_y_i_[y:76][node:11] = 0.033333
} 
Node 12: {
y_[node:12] = 0
xi_y_i_[y:76][node:12] = 0.100000
} 
Node 13: {
y_[node:13] = 1
xi_y_i_[y:76][node:13] = 0.100000
} 
Node 14: {
y_[node:14] = 0
xi_y_i_[y:76][node:14] = 0.100000
} 
Node 15: {
y_[node:15] = 1
xi_y_i_[y:76][node:15] = 0.100000
} 

 } 

 y = 77 { 
Node 1: {
y_[node:1] = 0
xi_y_i_[y:77][node:1] = 0.066667
} 
Node 2: {
y_[node:2] = 0
xi_y_i_[y:77][node:2] = 0.100000
} 
Node 3: {
y_[node:3] = 0
xi_y_i_[y:77][node:3] = 0.100000
} 
Node 4: {
y_[node:4] = 0
xi_y_i_[y:77][node:4] = 0.100000
} 
Node 5: {
y_[node:5] = 0
xi_y_i_[y:77][node:5] = 0.000000
} 
Node 6: {
y_[node:6] = 0
xi_y_i_[y:77][node:6] = 0.100000
} 
Node 7: {
y_[node:7] = 1
xi_y_i_[y:77][node:7] = 0.000000
} 
Node 8: {
y_[node:8] = 0
xi_y_i_[y:77][node:8] = 0.000000
} 
Node 9: {
y_[node:9] = 1
xi_y_i_[y:77][node:9] = 0.066667
} 
Node 10: {
y_[node:10] = 0
xi_y_i_[y:77][node:10] = 0.000000
} 
Node 11: {
y_[node:11] = 0
xi_y_i_[y:77][node:11] = 0.100000
} 
Node 12: {
y_[node:12] = 0
xi_y_i_[y:77][node:12] = 0.100000
} 
Node 13: {
y_[node:13] = 1
xi_y_i_[y:77][node:13] = 0.066667
} 
Node 14: {
y_[node:14] = 1
xi_y_i_[y:77][node:14] = 0.100000
} 
Node 15: {
y_[node:15] = 1
xi_y_i_[y:77][node:15] = 0.100000
} 

 } 

 y = 78 { 
Node 1: {
y_[node:1] = 0
xi_y_i_[y:78][node:1] = 0.066667
} 
Node 2: {
y_[node:2] = 0
xi_y_i_[y:78][node:2] = 0.100000
} 
Node 3: {
y_[node:3] = 0
xi_y_i_[y:78][node:3] = 0.100000
} 
Node 4: {
y_[node:4] = 0
xi_y_i_[y:78][node:4] = 0.100000
} 
Node 5: {
y_[node:5] = 0
xi_y_i_[y:78][node:5] = 0.000000
} 
Node 6: {
y_[node:6] = 0
xi_y_i_[y:78][node:6] = 0.100000
} 
Node 7: {
y_[node:7] = 1
xi_y_i_[y:78][node:7] = 0.000000
} 
Node 8: {
y_[node:8] = 0
xi_y_i_[y:78][node:8] = 0.000000
} 
Node 9: {
y_[node:9] = 0
xi_y_i_[y:78][node:9] = 0.066667
} 
Node 10: {
y_[node:10] = 1
xi_y_i_[y:78][node:10] = 0.033333
} 
Node 11: {
y_[node:11] = 0
xi_y_i_[y:78][node:11] = 0.100000
} 
Node 12: {
y_[node:12] = 0
xi_y_i_[y:78][node:12] = 0.033333
} 
Node 13: {
y_[node:13] = 1
xi_y_i_[y:78][node:13] = 0.100000
} 
Node 14: {
y_[node:14] = 1
xi_y_i_[y:78][node:14] = 0.100000
} 
Node 15: {
y_[node:15] = 1
xi_y_i_[y:78][node:15] = 0.100000
} 

 } 

 y = 79 { 
Node 1: {
y_[node:1] = 0
xi_y_i_[y:79][node:1] = 0.066667
} 
Node 2: {
y_[node:2] = 0
xi_y_i_[y:79][node:2] = 0.100000
} 
Node 3: {
y_[node:3] = 0
xi_y_i_[y:79][node:3] = 0.100000
} 
Node 4: {
y_[node:4] = 0
xi_y_i_[y:79][node:4] = 0.100000
} 
Node 5: {
y_[node:5] = 0
xi_y_i_[y:79][node:5] = 0.000000
} 
Node 6: {
y_[node:6] = 0
xi_y_i_[y:79][node:6] = 0.100000
} 
Node 7: {
y_[node:7] = 1
xi_y_i_[y:79][node:7] = 0.000000
} 
Node 8: {
y_[node:8] = 0
xi_y_i_[y:79][node:8] = 0.000000
} 
Node 9: {
y_[node:9] = 1
xi_y_i_[y:79][node:9] = 0.066667
} 
Node 10: {
y_[node:10] = 1
xi_y_i_[y:79][node:10] = 0.000000
} 
Node 11: {
y_[node:11] = 0
xi_y_i_[y:79][node:11] = 0.100000
} 
Node 12: {
y_[node:12] = 0
xi_y_i_[y:79][node:12] = 0.100000
} 
Node 13: {
y_[node:13] = 1
xi_y_i_[y:79][node:13] = 0.100000
} 
Node 14: {
y_[node:14] = 1
xi_y_i_[y:79][node:14] = 0.066667
} 
Node 15: {
y_[node:15] = 1
xi_y_i_[y:79][node:15] = 0.100000
} 

 } 

 y = 80 { 
Node 1: {
y_[node:1] = 1
xi_y_i_[y:80][node:1] = 0.066667
} 
Node 2: {
y_[node:2] = 0
xi_y_i_[y:80][node:2] = 0.100000
} 
Node 3: {
y_[node:3] = 0
xi_y_i_[y:80][node:3] = 0.100000
} 
Node 4: {
y_[node:4] = 0
xi_y_i_[y:80][node:4] = 0.066667
} 
Node 5: {
y_[node:5] = 0
xi_y_i_[y:80][node:5] = 0.000000
} 
Node 6: {
y_[node:6] = 0
xi_y_i_[y:80][node:6] = 0.100000
} 
Node 7: {
y_[node:7] = 0
xi_y_i_[y:80][node:7] = 0.000000
} 
Node 8: {
y_[node:8] = 0
xi_y_i_[y:80][node:8] = 0.000000
} 
Node 9: {
y_[node:9] = 1
xi_y_i_[y:80][node:9] = 0.066667
} 
Node 10: {
y_[node:10] = 1
xi_y_i_[y:80][node:10] = 0.000000
} 
Node 11: {
y_[node:11] = 0
xi_y_i_[y:80][node:11] = 0.100000
} 
Node 12: {
y_[node:12] = 0
xi_y_i_[y:80][node:12] = 0.100000
} 
Node 13: {
y_[node:13] = 0
xi_y_i_[y:80][node:13] = 0.100000
} 
Node 14: {
y_[node:14] = 1
xi_y_i_[y:80][node:14] = 0.100000
} 
Node 15: {
y_[node:15] = 1
xi_y_i_[y:80][node:15] = 0.100000
} 

 } 

 y = 81 { 
Node 1: {
y_[node:1] = 0
xi_y_i_[y:81][node:1] = 0.066667
} 
Node 2: {
y_[node:2] = 0
xi_y_i_[y:81][node:2] = 0.100000
} 
Node 3: {
y_[node:3] = 0
xi_y_i_[y:81][node:3] = 0.100000
} 
Node 4: {
y_[node:4] = 0
xi_y_i_[y:81][node:4] = 0.100000
} 
Node 5: {
y_[node:5] = 1
xi_y_i_[y:81][node:5] = 0.000000
} 
Node 6: {
y_[node:6] = 1
xi_y_i_[y:81][node:6] = 0.100000
} 
Node 7: {
y_[node:7] = 0
xi_y_i_[y:81][node:7] = 0.000000
} 
Node 8: {
y_[node:8] = 0
xi_y_i_[y:81][node:8] = 0.000000
} 
Node 9: {
y_[node:9] = 1
xi_y_i_[y:81][node:9] = 0.066667
} 
Node 10: {
y_[node:10] = 0
xi_y_i_[y:81][node:10] = 0.000000
} 
Node 11: {
y_[node:11] = 0
xi_y_i_[y:81][node:11] = 0.066667
} 
Node 12: {
y_[node:12] = 0
xi_y_i_[y:81][node:12] = 0.100000
} 
Node 13: {
y_[node:13] = 0
xi_y_i_[y:81][node:13] = 0.100000
} 
Node 14: {
y_[node:14] = 1
xi_y_i_[y:81][node:14] = 0.100000
} 
Node 15: {
y_[node:15] = 0
xi_y_i_[y:81][node:15] = 0.100000
} 

 } 

 y = 82 { 
Node 1: {
y_[node:1] = 0
xi_y_i_[y:82][node:1] = 0.066667
} 
Node 2: {
y_[node:2] = 0
xi_y_i_[y:82][node:2] = 0.100000
} 
Node 3: {
y_[node:3] = 0
xi_y_i_[y:82][node:3] = 0.100000
} 
Node 4: {
y_[node:4] = 0
xi_y_i_[y:82][node:4] = 0.100000
} 
Node 5: {
y_[node:5] = 1
xi_y_i_[y:82][node:5] = 0.066667
} 
Node 6: {
y_[node:6] = 0
xi_y_i_[y:82][node:6] = 0.100000
} 
Node 7: {
y_[node:7] = 0
xi_y_i_[y:82][node:7] = 0.000000
} 
Node 8: {
y_[node:8] = 0
xi_y_i_[y:82][node:8] = 0.000000
} 
Node 9: {
y_[node:9] = 1
xi_y_i_[y:82][node:9] = 0.066667
} 
Node 10: {
y_[node:10] = 0
xi_y_i_[y:82][node:10] = 0.000000
} 
Node 11: {
y_[node:11] = 0
xi_y_i_[y:82][node:11] = 0.000000
} 
Node 12: {
y_[node:12] = 1
xi_y_i_[y:82][node:12] = 0.100000
} 
Node 13: {
y_[node:13] = 0
xi_y_i_[y:82][node:13] = 0.100000
} 
Node 14: {
y_[node:14] = 1
xi_y_i_[y:82][node:14] = 0.100000
} 
Node 15: {
y_[node:15] = 0
xi_y_i_[y:82][node:15] = 0.100000
} 

 } 

 y = 83 { 
Node 1: {
y_[node:1] = 0
xi_y_i_[y:83][node:1] = 0.066667
} 
Node 2: {
y_[node:2] = 0
xi_y_i_[y:83][node:2] = 0.100000
} 
Node 3: {
y_[node:3] = 0
xi_y_i_[y:83][node:3] = 0.100000
} 
Node 4: {
y_[node:4] = 0
xi_y_i_[y:83][node:4] = 0.100000
} 
Node 5: {
y_[node:5] = 1
xi_y_i_[y:83][node:5] = 0.000000
} 
Node 6: {
y_[node:6] = 1
xi_y_i_[y:83][node:6] = 0.100000
} 
Node 7: {
y_[node:7] = 1
xi_y_i_[y:83][node:7] = 0.000000
} 
Node 8: {
y_[node:8] = 0
xi_y_i_[y:83][node:8] = 0.000000
} 
Node 9: {
y_[node:9] = 1
xi_y_i_[y:83][node:9] = 0.066667
} 
Node 10: {
y_[node:10] = 0
xi_y_i_[y:83][node:10] = 0.000000
} 
Node 11: {
y_[node:11] = 0
xi_y_i_[y:83][node:11] = 0.066667
} 
Node 12: {
y_[node:12] = 0
xi_y_i_[y:83][node:12] = 0.100000
} 
Node 13: {
y_[node:13] = 0
xi_y_i_[y:83][node:13] = 0.100000
} 
Node 14: {
y_[node:14] = 1
xi_y_i_[y:83][node:14] = 0.100000
} 
Node 15: {
y_[node:15] = 0
xi_y_i_[y:83][node:15] = 0.100000
} 

 } 

 y = 86 { 
Node 1: {
y_[node:1] = 1
xi_y_i_[y:86][node:1] = 0.066667
} 
Node 2: {
y_[node:2] = 0
xi_y_i_[y:86][node:2] = 0.066667
} 
Node 3: {
y_[node:3] = 0
xi_y_i_[y:86][node:3] = 0.100000
} 
Node 4: {
y_[node:4] = 1
xi_y_i_[y:86][node:4] = 0.100000
} 
Node 5: {
y_[node:5] = 0
xi_y_i_[y:86][node:5] = 0.000000
} 
Node 6: {
y_[node:6] = 0
xi_y_i_[y:86][node:6] = 0.100000
} 
Node 7: {
y_[node:7] = 1
xi_y_i_[y:86][node:7] = 0.000000
} 
Node 8: {
y_[node:8] = 1
xi_y_i_[y:86][node:8] = 0.000000
} 
Node 9: {
y_[node:9] = 1
xi_y_i_[y:86][node:9] = 0.066667
} 
Node 10: {
y_[node:10] = 0
xi_y_i_[y:86][node:10] = 0.000000
} 
Node 11: {
y_[node:11] = 0
xi_y_i_[y:86][node:11] = 0.100000
} 
Node 12: {
y_[node:12] = 0
xi_y_i_[y:86][node:12] = 0.100000
} 
Node 13: {
y_[node:13] = 0
xi_y_i_[y:86][node:13] = 0.100000
} 
Node 14: {
y_[node:14] = 1
xi_y_i_[y:86][node:14] = 0.100000
} 
Node 15: {
y_[node:15] = 0
xi_y_i_[y:86][node:15] = 0.100000
} 

 } 

 y = 88 { 
Node 1: {
y_[node:1] = 0
xi_y_i_[y:88][node:1] = 0.066667
} 
Node 2: {
y_[node:2] = 1
xi_y_i_[y:88][node:2] = 0.100000
} 
Node 3: {
y_[node:3] = 0
xi_y_i_[y:88][node:3] = 0.100000
} 
Node 4: {
y_[node:4] = 1
xi_y_i_[y:88][node:4] = 0.100000
} 
Node 5: {
y_[node:5] = 0
xi_y_i_[y:88][node:5] = 0.000000
} 
Node 6: {
y_[node:6] = 0
xi_y_i_[y:88][node:6] = 0.100000
} 
Node 7: {
y_[node:7] = 1
xi_y_i_[y:88][node:7] = 0.000000
} 
Node 8: {
y_[node:8] = 1
xi_y_i_[y:88][node:8] = 0.000000
} 
Node 9: {
y_[node:9] = 0
xi_y_i_[y:88][node:9] = 0.066667
} 
Node 10: {
y_[node:10] = 0
xi_y_i_[y:88][node:10] = 0.000000
} 
Node 11: {
y_[node:11] = 0
xi_y_i_[y:88][node:11] = 0.100000
} 
Node 12: {
y_[node:12] = 0
xi_y_i_[y:88][node:12] = 0.100000
} 
Node 13: {
y_[node:13] = 0
xi_y_i_[y:88][node:13] = 0.066667
} 
Node 14: {
y_[node:14] = 1
xi_y_i_[y:88][node:14] = 0.100000
} 
Node 15: {
y_[node:15] = 0
xi_y_i_[y:88][node:15] = 0.100000
} 

 } 

 y = 89 { 
Node 1: {
y_[node:1] = 0
xi_y_i_[y:89][node:1] = 0.066667
} 
Node 2: {
y_[node:2] = 0
xi_y_i_[y:89][node:2] = 0.100000
} 
Node 3: {
y_[node:3] = 0
xi_y_i_[y:89][node:3] = 0.100000
} 
Node 4: {
y_[node:4] = 1
xi_y_i_[y:89][node:4] = 0.100000
} 
Node 5: {
y_[node:5] = 1
xi_y_i_[y:89][node:5] = 0.000000
} 
Node 6: {
y_[node:6] = 0
xi_y_i_[y:89][node:6] = 0.100000
} 
Node 7: {
y_[node:7] = 1
xi_y_i_[y:89][node:7] = 0.000000
} 
Node 8: {
y_[node:8] = 1
xi_y_i_[y:89][node:8] = 0.000000
} 
Node 9: {
y_[node:9] = 1
xi_y_i_[y:89][node:9] = 0.066667
} 
Node 10: {
y_[node:10] = 0
xi_y_i_[y:89][node:10] = 0.000000
} 
Node 11: {
y_[node:11] = 0
xi_y_i_[y:89][node:11] = 0.100000
} 
Node 12: {
y_[node:12] = 0
xi_y_i_[y:89][node:12] = 0.066667
} 
Node 13: {
y_[node:13] = 0
xi_y_i_[y:89][node:13] = 0.100000
} 
Node 14: {
y_[node:14] = 1
xi_y_i_[y:89][node:14] = 0.100000
} 
Node 15: {
y_[node:15] = 0
xi_y_i_[y:89][node:15] = 0.100000
} 

 } 

 y = 90 { 
Node 1: {
y_[node:1] = 0
xi_y_i_[y:90][node:1] = 0.066667
} 
Node 2: {
y_[node:2] = 0
xi_y_i_[y:90][node:2] = 0.100000
} 
Node 3: {
y_[node:3] = 0
xi_y_i_[y:90][node:3] = 0.100000
} 
Node 4: {
y_[node:4] = 0
xi_y_i_[y:90][node:4] = 0.100000
} 
Node 5: {
y_[node:5] = 0
xi_y_i_[y:90][node:5] = 0.000000
} 
Node 6: {
y_[node:6] = 1
xi_y_i_[y:90][node:6] = 0.100000
} 
Node 7: {
y_[node:7] = 1
xi_y_i_[y:90][node:7] = 0.000000
} 
Node 8: {
y_[node:8] = 1
xi_y_i_[y:90][node:8] = 0.000000
} 
Node 9: {
y_[node:9] = 0
xi_y_i_[y:90][node:9] = 0.066667
} 
Node 10: {
y_[node:10] = 0
xi_y_i_[y:90][node:10] = 0.000000
} 
Node 11: {
y_[node:11] = 0
xi_y_i_[y:90][node:11] = 0.100000
} 
Node 12: {
y_[node:12] = 0
xi_y_i_[y:90][node:12] = 0.100000
} 
Node 13: {
y_[node:13] = 0
xi_y_i_[y:90][node:13] = 0.100000
} 
Node 14: {
y_[node:14] = 1
xi_y_i_[y:90][node:14] = 0.066667
} 
Node 15: {
y_[node:15] = 1
xi_y_i_[y:90][node:15] = 0.100000
} 

 } 

 y = 91 { 
Node 1: {
y_[node:1] = 0
xi_y_i_[y:91][node:1] = 0.066667
} 
Node 2: {
y_[node:2] = 0
xi_y_i_[y:91][node:2] = 0.100000
} 
Node 3: {
y_[node:3] = 0
xi_y_i_[y:91][node:3] = 0.100000
} 
Node 4: {
y_[node:4] = 0
xi_y_i_[y:91][node:4] = 0.100000
} 
Node 5: {
y_[node:5] = 1
xi_y_i_[y:91][node:5] = 0.066667
} 
Node 6: {
y_[node:6] = 0
xi_y_i_[y:91][node:6] = 0.100000
} 
Node 7: {
y_[node:7] = 0
xi_y_i_[y:91][node:7] = 0.000000
} 
Node 8: {
y_[node:8] = 0
xi_y_i_[y:91][node:8] = 0.000000
} 
Node 9: {
y_[node:9] = 1
xi_y_i_[y:91][node:9] = 0.066667
} 
Node 10: {
y_[node:10] = 0
xi_y_i_[y:91][node:10] = 0.000000
} 
Node 11: {
y_[node:11] = 0
xi_y_i_[y:91][node:11] = 0.000000
} 
Node 12: {
y_[node:12] = 1
xi_y_i_[y:91][node:12] = 0.100000
} 
Node 13: {
y_[node:13] = 1
xi_y_i_[y:91][node:13] = 0.100000
} 
Node 14: {
y_[node:14] = 0
xi_y_i_[y:91][node:14] = 0.100000
} 
Node 15: {
y_[node:15] = 0
xi_y_i_[y:91][node:15] = 0.100000
} 

 } 

 y = 92 { 
Node 1: {
y_[node:1] = 0
xi_y_i_[y:92][node:1] = 0.066667
} 
Node 2: {
y_[node:2] = 0
xi_y_i_[y:92][node:2] = 0.100000
} 
Node 3: {
y_[node:3] = 0
xi_y_i_[y:92][node:3] = 0.100000
} 
Node 4: {
y_[node:4] = 1
xi_y_i_[y:92][node:4] = 0.100000
} 
Node 5: {
y_[node:5] = 1
xi_y_i_[y:92][node:5] = 0.000000
} 
Node 6: {
y_[node:6] = 1
xi_y_i_[y:92][node:6] = 0.100000
} 
Node 7: {
y_[node:7] = 0
xi_y_i_[y:92][node:7] = 0.000000
} 
Node 8: {
y_[node:8] = 1
xi_y_i_[y:92][node:8] = 0.000000
} 
Node 9: {
y_[node:9] = 1
xi_y_i_[y:92][node:9] = 0.066667
} 
Node 10: {
y_[node:10] = 0
xi_y_i_[y:92][node:10] = 0.000000
} 
Node 11: {
y_[node:11] = 0
xi_y_i_[y:92][node:11] = 0.066667
} 
Node 12: {
y_[node:12] = 0
xi_y_i_[y:92][node:12] = 0.100000
} 
Node 13: {
y_[node:13] = 0
xi_y_i_[y:92][node:13] = 0.100000
} 
Node 14: {
y_[node:14] = 0
xi_y_i_[y:92][node:14] = 0.100000
} 
Node 15: {
y_[node:15] = 0
xi_y_i_[y:92][node:15] = 0.100000
} 

 } 

 y = 94 { 
Node 1: {
y_[node:1] = 0
xi_y_i_[y:94][node:1] = 0.066667
} 
Node 2: {
y_[node:2] = 0
xi_y_i_[y:94][node:2] = 0.100000
} 
Node 3: {
y_[node:3] = 0
xi_y_i_[y:94][node:3] = 0.100000
} 
Node 4: {
y_[node:4] = 1
xi_y_i_[y:94][node:4] = 0.100000
} 
Node 5: {
y_[node:5] = 1
xi_y_i_[y:94][node:5] = 0.000000
} 
Node 6: {
y_[node:6] = 0
xi_y_i_[y:94][node:6] = 0.100000
} 
Node 7: {
y_[node:7] = 1
xi_y_i_[y:94][node:7] = 0.000000
} 
Node 8: {
y_[node:8] = 0
xi_y_i_[y:94][node:8] = 0.000000
} 
Node 9: {
y_[node:9] = 0
xi_y_i_[y:94][node:9] = 0.066667
} 
Node 10: {
y_[node:10] = 1
xi_y_i_[y:94][node:10] = 0.000000
} 
Node 11: {
y_[node:11] = 1
xi_y_i_[y:94][node:11] = 0.100000
} 
Node 12: {
y_[node:12] = 0
xi_y_i_[y:94][node:12] = 0.100000
} 
Node 13: {
y_[node:13] = 0
xi_y_i_[y:94][node:13] = 0.066667
} 
Node 14: {
y_[node:14] = 0
xi_y_i_[y:94][node:14] = 0.100000
} 
Node 15: {
y_[node:15] = 0
xi_y_i_[y:94][node:15] = 0.100000
} 

 } 

 y = 95 { 
Node 1: {
y_[node:1] = 1
xi_y_i_[y:95][node:1] = 0.066667
} 
Node 2: {
y_[node:2] = 0
xi_y_i_[y:95][node:2] = 0.100000
} 
Node 3: {
y_[node:3] = 0
xi_y_i_[y:95][node:3] = 0.100000
} 
Node 4: {
y_[node:4] = 1
xi_y_i_[y:95][node:4] = 0.100000
} 
Node 5: {
y_[node:5] = 1
xi_y_i_[y:95][node:5] = 0.000000
} 
Node 6: {
y_[node:6] = 0
xi_y_i_[y:95][node:6] = 0.100000
} 
Node 7: {
y_[node:7] = 0
xi_y_i_[y:95][node:7] = 0.000000
} 
Node 8: {
y_[node:8] = 0
xi_y_i_[y:95][node:8] = 0.000000
} 
Node 9: {
y_[node:9] = 0
xi_y_i_[y:95][node:9] = 0.066667
} 
Node 10: {
y_[node:10] = 1
xi_y_i_[y:95][node:10] = 0.000000
} 
Node 11: {
y_[node:11] = 1
xi_y_i_[y:95][node:11] = 0.066667
} 
Node 12: {
y_[node:12] = 0
xi_y_i_[y:95][node:12] = 0.100000
} 
Node 13: {
y_[node:13] = 0
xi_y_i_[y:95][node:13] = 0.100000
} 
Node 14: {
y_[node:14] = 1
xi_y_i_[y:95][node:14] = 0.100000
} 
Node 15: {
y_[node:15] = 0
xi_y_i_[y:95][node:15] = 0.100000
} 

 } 

 y = 96 { 
Node 1: {
y_[node:1] = 1
xi_y_i_[y:96][node:1] = 0.066667
} 
Node 2: {
y_[node:2] = 0
xi_y_i_[y:96][node:2] = 0.100000
} 
Node 3: {
y_[node:3] = 0
xi_y_i_[y:96][node:3] = 0.100000
} 
Node 4: {
y_[node:4] = 1
xi_y_i_[y:96][node:4] = 0.100000
} 
Node 5: {
y_[node:5] = 1
xi_y_i_[y:96][node:5] = 0.000000
} 
Node 6: {
y_[node:6] = 0
xi_y_i_[y:96][node:6] = 0.100000
} 
Node 7: {
y_[node:7] = 0
xi_y_i_[y:96][node:7] = 0.000000
} 
Node 8: {
y_[node:8] = 0
xi_y_i_[y:96][node:8] = 0.000000
} 
Node 9: {
y_[node:9] = 1
xi_y_i_[y:96][node:9] = 0.066667
} 
Node 10: {
y_[node:10] = 1
xi_y_i_[y:96][node:10] = 0.000000
} 
Node 11: {
y_[node:11] = 1
xi_y_i_[y:96][node:11] = 0.100000
} 
Node 12: {
y_[node:12] = 0
xi_y_i_[y:96][node:12] = 0.066667
} 
Node 13: {
y_[node:13] = 0
xi_y_i_[y:96][node:13] = 0.100000
} 
Node 14: {
y_[node:14] = 0
xi_y_i_[y:96][node:14] = 0.100000
} 
Node 15: {
y_[node:15] = 0
xi_y_i_[y:96][node:15] = 0.100000
} 

 } 

 y = 97 { 
Node 1: {
y_[node:1] = 0
xi_y_i_[y:97][node:1] = 0.066667
} 
Node 2: {
y_[node:2] = 0
xi_y_i_[y:97][node:2] = 0.100000
} 
Node 3: {
y_[node:3] = 0
xi_y_i_[y:97][node:3] = 0.100000
} 
Node 4: {
y_[node:4] = 1
xi_y_i_[y:97][node:4] = 0.100000
} 
Node 5: {
y_[node:5] = 1
xi_y_i_[y:97][node:5] = 0.000000
} 
Node 6: {
y_[node:6] = 0
xi_y_i_[y:97][node:6] = 0.100000
} 
Node 7: {
y_[node:7] = 0
xi_y_i_[y:97][node:7] = 0.033333
} 
Node 8: {
y_[node:8] = 0
xi_y_i_[y:97][node:8] = 0.000000
} 
Node 9: {
y_[node:9] = 0
xi_y_i_[y:97][node:9] = 0.066667
} 
Node 10: {
y_[node:10] = 1
xi_y_i_[y:97][node:10] = 0.000000
} 
Node 11: {
y_[node:11] = 1
xi_y_i_[y:97][node:11] = 0.033333
} 
Node 12: {
y_[node:12] = 1
xi_y_i_[y:97][node:12] = 0.100000
} 
Node 13: {
y_[node:13] = 0
xi_y_i_[y:97][node:13] = 0.100000
} 
Node 14: {
y_[node:14] = 1
xi_y_i_[y:97][node:14] = 0.100000
} 
Node 15: {
y_[node:15] = 0
xi_y_i_[y:97][node:15] = 0.100000
} 

 } 

 y = 98 { 
Node 1: {
y_[node:1] = 0
xi_y_i_[y:98][node:1] = 0.066667
} 
Node 2: {
y_[node:2] = 0
xi_y_i_[y:98][node:2] = 0.100000
} 
Node 3: {
y_[node:3] = 0
xi_y_i_[y:98][node:3] = 0.100000
} 
Node 4: {
y_[node:4] = 1
xi_y_i_[y:98][node:4] = 0.100000
} 
Node 5: {
y_[node:5] = 1
xi_y_i_[y:98][node:5] = 0.000000
} 
Node 6: {
y_[node:6] = 0
xi_y_i_[y:98][node:6] = 0.100000
} 
Node 7: {
y_[node:7] = 0
xi_y_i_[y:98][node:7] = 0.000000
} 
Node 8: {
y_[node:8] = 0
xi_y_i_[y:98][node:8] = 0.000000
} 
Node 9: {
y_[node:9] = 1
xi_y_i_[y:98][node:9] = 0.066667
} 
Node 10: {
y_[node:10] = 1
xi_y_i_[y:98][node:10] = 0.000000
} 
Node 11: {
y_[node:11] = 1
xi_y_i_[y:98][node:11] = 0.066667
} 
Node 12: {
y_[node:12] = 1
xi_y_i_[y:98][node:12] = 0.100000
} 
Node 13: {
y_[node:13] = 0
xi_y_i_[y:98][node:13] = 0.100000
} 
Node 14: {
y_[node:14] = 0
xi_y_i_[y:98][node:14] = 0.100000
} 
Node 15: {
y_[node:15] = 0
xi_y_i_[y:98][node:15] = 0.100000
} 

 } 

 y = 99 { 
Node 1: {
y_[node:1] = 0
xi_y_i_[y:99][node:1] = 0.066667
} 
Node 2: {
y_[node:2] = 1
xi_y_i_[y:99][node:2] = 0.000000
} 
Node 3: {
y_[node:3] = 1
xi_y_i_[y:99][node:3] = 0.100000
} 
Node 4: {
y_[node:4] = 0
xi_y_i_[y:99][node:4] = 0.000000
} 
Node 5: {
y_[node:5] = 0
xi_y_i_[y:99][node:5] = 0.100000
} 
Node 6: {
y_[node:6] = 1
xi_y_i_[y:99][node:6] = 0.100000
} 
Node 7: {
y_[node:7] = 1
xi_y_i_[y:99][node:7] = 0.000000
} 
Node 8: {
y_[node:8] = 0
xi_y_i_[y:99][node:8] = 0.100000
} 
Node 9: {
y_[node:9] = 0
xi_y_i_[y:99][node:9] = 0.066667
} 
Node 10: {
y_[node:10] = 1
xi_y_i_[y:99][node:10] = 0.000000
} 
Node 11: {
y_[node:11] = 0
xi_y_i_[y:99][node:11] = 0.100000
} 
Node 12: {
y_[node:12] = 0
xi_y_i_[y:99][node:12] = 0.100000
} 
Node 13: {
y_[node:13] = 0
xi_y_i_[y:99][node:13] = 0.100000
} 
Node 14: {
y_[node:14] = 0
xi_y_i_[y:99][node:14] = 0.066667
} 
Node 15: {
y_[node:15] = 0
xi_y_i_[y:99][node:15] = 0.100000
} 

 } 

 y = 100 { 
Node 1: {
y_[node:1] = 0
xi_y_i_[y:100][node:1] = 0.066667
} 
Node 2: {
y_[node:2] = 0
xi_y_i_[y:100][node:2] = 0.100000
} 
Node 3: {
y_[node:3] = 1
xi_y_i_[y:100][node:3] = 0.100000
} 
Node 4: {
y_[node:4] = 1
xi_y_i_[y:100][node:4] = 0.100000
} 
Node 5: {
y_[node:5] = 0
xi_y_i_[y:100][node:5] = 0.000000
} 
Node 6: {
y_[node:6] = 0
xi_y_i_[y:100][node:6] = 0.100000
} 
Node 7: {
y_[node:7] = 1
xi_y_i_[y:100][node:7] = 0.000000
} 
Node 8: {
y_[node:8] = 1
xi_y_i_[y:100][node:8] = 0.000000
} 
Node 9: {
y_[node:9] = 0
xi_y_i_[y:100][node:9] = 0.066667
} 
Node 10: {
y_[node:10] = 0
xi_y_i_[y:100][node:10] = 0.000000
} 
Node 11: {
y_[node:11] = 0
xi_y_i_[y:100][node:11] = 0.066667
} 
Node 12: {
y_[node:12] = 0
xi_y_i_[y:100][node:12] = 0.100000
} 
Node 13: {
y_[node:13] = 0
xi_y_i_[y:100][node:13] = 0.100000
} 
Node 14: {
y_[node:14] = 1
xi_y_i_[y:100][node:14] = 0.100000
} 
Node 15: {
y_[node:15] = 0
xi_y_i_[y:100][node:15] = 0.100000
} 

 } 

 y = 101 { 
Node 1: {
y_[node:1] = 0
xi_y_i_[y:101][node:1] = 0.066667
} 
Node 2: {
y_[node:2] = 0
xi_y_i_[y:101][node:2] = 0.000000
} 
Node 3: {
y_[node:3] = 0
xi_y_i_[y:101][node:3] = 0.100000
} 
Node 4: {
y_[node:4] = 0
xi_y_i_[y:101][node:4] = 0.100000
} 
Node 5: {
y_[node:5] = 0
xi_y_i_[y:101][node:5] = 0.100000
} 
Node 6: {
y_[node:6] = 0
xi_y_i_[y:101][node:6] = 0.100000
} 
Node 7: {
y_[node:7] = 1
xi_y_i_[y:101][node:7] = 0.100000
} 
Node 8: {
y_[node:8] = 0
xi_y_i_[y:101][node:8] = 0.000000
} 
Node 9: {
y_[node:9] = 1
xi_y_i_[y:101][node:9] = 0.066667
} 
Node 10: {
y_[node:10] = 1
xi_y_i_[y:101][node:10] = 0.000000
} 
Node 11: {
y_[node:11] = 1
xi_y_i_[y:101][node:11] = 0.066667
} 
Node 12: {
y_[node:12] = 0
xi_y_i_[y:101][node:12] = 0.100000
} 
Node 13: {
y_[node:13] = 0
xi_y_i_[y:101][node:13] = 0.100000
} 
Node 14: {
y_[node:14] = 1
xi_y_i_[y:101][node:14] = 0.100000
} 
Node 15: {
y_[node:15] = 1
xi_y_i_[y:101][node:15] = 0.000000
} 

 } 
Legenda_Model:Instance_Name	Network_Name	Num_Nodes	Num_Prof_Nodes	Max_Tour_Duration	Max_Num_Discoveries	Max_Discoveries_Fraction	Best_LB	Best_Ub	Cplex_Gap	Root_Node_LB	Branch_and_Cut_Elapsed_Time	Starting_Cuts_Elapsed_Time	Tot_Time	Num_Logic_Benders_Cuts	Number_Starting_Scenarios	Num_BandC_Nodes	Number_Discoveries	Profit_cost	Discovery_cost	Card_Y	Num_Tight_Y	US_Type	US_Param	US_Tot_Det_Profit
Table_Model:tsi1_15_budget_40_D1_md025_US2_USpar10	tsi1_15_budget_40	17	15	4000	4	0.250000	-0.350000	-0.350000	0.000000	0.000000	344.407000	6.791000	351.198000	1641	0	1555	4	-0.350000	0.000000	140	76	2	0.100000	170.000000
