Instance_Name: SPP_n40_s6_K4_B6_D1_d75.log
K: 4
U_Budget: 6
Num_Nodes: 40
Num_Archs: 468
Max_Num_Discoveries: 351
DDDI_Version: 1
BUB: 15.9569
BLB: 4.98266
Gap: 0.687742
Elapsed_Time 7200.07


Solution:

w[] variables
:w_0: arc (1, 3) = 1
w_1: arc (1, 4) = 1
w_4: arc (1, 10) = 1
w_5: arc (1, 13) = 1
w_7: arc (1, 28) = 1
w_8: arc (1, 30) = 1
w_9: arc (1, 32) = 1
w_12: arc (1, 38) = 1
w_13: arc (2, 8) = 1
w_14: arc (2, 11) = 1
w_15: arc (2, 12) = 1
w_16: arc (2, 14) = 1
w_17: arc (2, 18) = 1
w_19: arc (2, 20) = 1
w_20: arc (2, 26) = 1
w_21: arc (2, 29) = 1
w_23: arc (2, 34) = 1
w_24: arc (2, 35) = 1
w_25: arc (2, 39) = 1
w_26: arc (2, 40) = 1
w_27: arc (3, 1) = 1
w_28: arc (3, 4) = 1
w_29: arc (3, 5) = 1
w_30: arc (3, 10) = 1
w_31: arc (3, 13) = 1
w_33: arc (3, 30) = 1
w_34: arc (4, 1) = 1
w_35: arc (4, 3) = 1
w_36: arc (4, 6) = 1
w_37: arc (4, 10) = 1
w_39: arc (4, 21) = 1
w_40: arc (4, 28) = 1
w_47: arc (5, 13) = 1
w_48: arc (5, 20) = 1
w_49: arc (5, 21) = 1
w_50: arc (5, 22) = 1
w_51: arc (5, 30) = 1
w_52: arc (5, 33) = 1
w_57: arc (6, 5) = 1
w_58: arc (6, 10) = 1
w_59: arc (6, 13) = 1
w_63: arc (6, 25) = 1
w_65: arc (6, 28) = 1
w_66: arc (6, 32) = 1
w_71: arc (7, 22) = 1
w_72: arc (7, 24) = 1
w_73: arc (7, 33) = 1
w_79: arc (8, 29) = 1
w_83: arc (9, 11) = 1
w_84: arc (9, 14) = 1
w_85: arc (9, 15) = 1
w_86: arc (9, 16) = 1
w_87: arc (9, 17) = 1
w_89: arc (9, 23) = 1
w_90: arc (9, 25) = 1
w_93: arc (9, 28) = 1
w_96: arc (9, 38) = 1
w_102: arc (10, 13) = 1
w_103: arc (10, 19) = 1
w_105: arc (10, 28) = 1
w_107: arc (10, 32) = 1
w_110: arc (10, 38) = 1
w_113: arc (11, 9) = 1
w_114: arc (11, 12) = 1
w_115: arc (11, 14) = 1
w_116: arc (11, 15) = 1
w_118: arc (11, 26) = 1
w_119: arc (11, 27) = 1
w_120: arc (11, 31) = 1
w_122: arc (11, 40) = 1
w_123: arc (12, 2) = 1
w_127: arc (12, 29) = 1
w_129: arc (12, 39) = 1
w_131: arc (13, 1) = 1
w_132: arc (13, 3) = 1
w_134: arc (13, 5) = 1
w_136: arc (13, 10) = 1
w_140: arc (13, 28) = 1
w_141: arc (13, 30) = 1
w_142: arc (13, 32) = 1
w_143: arc (13, 33) = 1
w_145: arc (13, 36) = 1
w_146: arc (13, 37) = 1
w_147: arc (14, 2) = 1
w_149: arc (14, 9) = 1
w_153: arc (14, 18) = 1
w_157: arc (14, 31) = 1
w_158: arc (14, 35) = 1
w_159: arc (14, 38) = 1
w_160: arc (14, 39) = 1
w_161: arc (15, 9) = 1
w_163: arc (15, 14) = 1
w_164: arc (15, 16) = 1
w_165: arc (15, 17) = 1
w_166: arc (15, 19) = 1
w_167: arc (15, 23) = 1
w_168: arc (15, 25) = 1
w_172: arc (15, 38) = 1
w_174: arc (16, 15) = 1
w_175: arc (16, 17) = 1
w_176: arc (16, 23) = 1
w_177: arc (16, 25) = 1
w_178: arc (17, 9) = 1
w_179: arc (17, 15) = 1
w_180: arc (17, 16) = 1
w_181: arc (17, 23) = 1
w_182: arc (17, 25) = 1
w_185: arc (17, 38) = 1
w_186: arc (18, 2) = 1
w_189: arc (18, 20) = 1
w_191: arc (18, 29) = 1
w_192: arc (18, 31) = 1
w_194: arc (18, 35) = 1
w_198: arc (19, 2) = 1
w_201: arc (19, 10) = 1
w_202: arc (19, 11) = 1
w_203: arc (19, 14) = 1
w_204: arc (19, 15) = 1
w_205: arc (19, 20) = 1
w_206: arc (19, 25) = 1
w_207: arc (19, 26) = 1
w_209: arc (19, 28) = 1
w_211: arc (19, 32) = 1
w_215: arc (19, 38) = 1
w_219: arc (20, 6) = 1
w_220: arc (20, 13) = 1
w_221: arc (20, 18) = 1
w_223: arc (20, 21) = 1
w_225: arc (20, 24) = 1
w_230: arc (20, 36) = 1
w_231: arc (20, 39) = 1
w_232: arc (21, 1) = 1
w_233: arc (21, 3) = 1
w_235: arc (21, 5) = 1
w_236: arc (21, 6) = 1
w_237: arc (21, 10) = 1
w_238: arc (21, 13) = 1
w_239: arc (21, 20) = 1
w_240: arc (21, 22) = 1
w_241: arc (21, 30) = 1
w_242: arc (21, 33) = 1
w_243: arc (21, 36) = 1
w_244: arc (22, 5) = 1
w_245: arc (22, 7) = 1
w_246: arc (22, 13) = 1
w_247: arc (22, 20) = 1
w_248: arc (22, 21) = 1
w_249: arc (22, 24) = 1
w_250: arc (22, 30) = 1
w_251: arc (22, 33) = 1
w_252: arc (22, 34) = 1
w_253: arc (22, 35) = 1
w_255: arc (23, 9) = 1
w_256: arc (23, 15) = 1
w_257: arc (23, 16) = 1
w_258: arc (23, 17) = 1
w_259: arc (23, 25) = 1
w_260: arc (23, 38) = 1
w_261: arc (24, 7) = 1
w_262: arc (24, 18) = 1
w_263: arc (24, 20) = 1
w_264: arc (24, 22) = 1
w_265: arc (24, 31) = 1
w_266: arc (24, 33) = 1
w_267: arc (24, 34) = 1
w_270: arc (25, 9) = 1
w_271: arc (25, 15) = 1
w_272: arc (25, 16) = 1
w_273: arc (25, 17) = 1
w_275: arc (25, 23) = 1
w_276: arc (25, 28) = 1
w_277: arc (25, 32) = 1
w_279: arc (25, 38) = 1
w_282: arc (26, 9) = 1
w_290: arc (26, 35) = 1
w_294: arc (27, 9) = 1
w_295: arc (27, 11) = 1
w_297: arc (27, 15) = 1
w_299: arc (27, 19) = 1
w_302: arc (28, 1) = 1
w_303: arc (28, 4) = 1
w_305: arc (28, 9) = 1
w_309: arc (28, 25) = 1
w_311: arc (28, 36) = 1
w_314: arc (29, 2) = 1
w_315: arc (29, 8) = 1
w_317: arc (29, 18) = 1
w_318: arc (29, 31) = 1
w_319: arc (29, 34) = 1
w_320: arc (29, 39) = 1
w_322: arc (30, 1) = 1
w_325: arc (30, 5) = 1
w_327: arc (30, 13) = 1
w_329: arc (30, 22) = 1
w_332: arc (31, 2) = 1
w_333: arc (31, 8) = 1
w_334: arc (31, 11) = 1
w_337: arc (31, 18) = 1
w_340: arc (31, 24) = 1
w_341: arc (31, 26) = 1
w_346: arc (31, 40) = 1
w_347: arc (32, 1) = 1
w_349: arc (32, 6) = 1
w_353: arc (32, 17) = 1
w_358: arc (32, 36) = 1
w_360: arc (32, 38) = 1
w_361: arc (33, 5) = 1
w_362: arc (33, 7) = 1
w_363: arc (33, 13) = 1
w_365: arc (33, 21) = 1
w_366: arc (33, 22) = 1
w_367: arc (33, 24) = 1
w_368: arc (33, 30) = 1
w_369: arc (33, 34) = 1
w_370: arc (33, 35) = 1
w_371: arc (33, 36) = 1
w_372: arc (34, 2) = 1
w_373: arc (34, 18) = 1
w_374: arc (34, 20) = 1
w_375: arc (34, 22) = 1
w_376: arc (34, 24) = 1
w_377: arc (34, 29) = 1
w_378: arc (34, 31) = 1
w_379: arc (34, 33) = 1
w_382: arc (34, 39) = 1
w_385: arc (35, 6) = 1
w_387: arc (35, 14) = 1
w_388: arc (35, 18) = 1
w_390: arc (35, 20) = 1
w_393: arc (35, 26) = 1
w_395: arc (35, 33) = 1
w_397: arc (35, 36) = 1
w_398: arc (35, 39) = 1
w_399: arc (36, 1) = 1
w_400: arc (36, 5) = 1
w_402: arc (36, 10) = 1
w_409: arc (36, 28) = 1
w_410: arc (36, 30) = 1
w_416: arc (36, 38) = 1
w_420: arc (37, 10) = 1
w_422: arc (37, 15) = 1
w_424: arc (37, 25) = 1
w_427: arc (37, 32) = 1
w_428: arc (37, 36) = 1
w_429: arc (37, 38) = 1
w_430: arc (38, 1) = 1
w_431: arc (38, 6) = 1
w_432: arc (38, 9) = 1
w_433: arc (38, 10) = 1
w_434: arc (38, 14) = 1
w_435: arc (38, 15) = 1
w_436: arc (38, 17) = 1
w_437: arc (38, 19) = 1
w_438: arc (38, 23) = 1
w_445: arc (38, 37) = 1
w_446: arc (39, 2) = 1
w_447: arc (39, 8) = 1
w_450: arc (39, 14) = 1
w_451: arc (39, 18) = 1
w_452: arc (39, 19) = 1
w_455: arc (39, 29) = 1
w_456: arc (39, 31) = 1
w_457: arc (39, 34) = 1
w_458: arc (39, 35) = 1
w_459: arc (39, 40) = 1
w_461: arc (40, 8) = 1
w_462: arc (40, 11) = 1
w_463: arc (40, 12) = 1
w_464: arc (40, 18) = 1
w_465: arc (40, 29) = 1
w_466: arc (40, 31) = 1
w_467: arc (40, 39) = 1

**********************
y_k[] variables:
y_k0_i71: arc (7, 22) = 1
y_k0_i86: arc (9, 16) = 1
y_k0_i200: arc (19, 9) = 1
y_k0_i254: arc (22, 36) = 1
y_k0_i405: arc (36, 19) = 1
y_k1_i73: arc (7, 33) = 1
y_k1_i180: arc (17, 16) = 1
y_k1_i371: arc (33, 36) = 1
y_k1_i416: arc (36, 38) = 1
y_k1_i436: arc (38, 17) = 1
y_k2_i63: arc (6, 25) = 1
y_k2_i72: arc (7, 24) = 1
y_k2_i219: arc (20, 6) = 1
y_k2_i263: arc (24, 20) = 1
y_k2_i272: arc (25, 16) = 1
y_k3_i71: arc (7, 22) = 1
y_k3_i105: arc (10, 28) = 1
y_k3_i136: arc (13, 10) = 1
y_k3_i180: arc (17, 16) = 1
y_k3_i251: arc (22, 33) = 1
y_k3_i273: arc (25, 17) = 1
y_k3_i309: arc (28, 25) = 1
y_k3_i363: arc (33, 13) = 1


------------------------

Legenda:Instance_Name   K   Num_Nodes   Num_Archs Seed  U_budget    Max_Num_Discoveries    DDDI_Version Delta    BUB BLB Gap Elapsed_Time
Table:SPP_n40_s6_K4_B6_D1_d75.log   4  40 468 6 6    351  1 0.75 15.9569 4.98266   0.687742 7200.07 
