Instance_Name: SPP_n40_s9_K3_B6_D1_d75.log
K: 3
U_Budget: 6
Num_Nodes: 40
Num_Archs: 468
Max_Num_Discoveries: 351
DDDI_Version: 1
BUB: 15.601
BLB: 1.88371
Gap: 0.879257
Elapsed_Time 0


Solution:

w[] variables
:w_0: arc (1, 11) = 1
w_1: arc (1, 16) = 1
w_2: arc (1, 19) = 1
w_3: arc (1, 26) = 1
w_4: arc (1, 28) = 1
w_5: arc (1, 38) = 1
w_6: arc (1, 39) = 1
w_7: arc (2, 3) = 1
w_8: arc (2, 8) = 1
w_10: arc (2, 12) = 1
w_12: arc (2, 18) = 1
w_14: arc (2, 22) = 1
w_15: arc (2, 23) = 1
w_17: arc (2, 29) = 1
w_18: arc (2, 30) = 1
w_20: arc (2, 33) = 1
w_21: arc (2, 35) = 1
w_26: arc (3, 7) = 1
w_29: arc (3, 13) = 1
w_30: arc (3, 17) = 1
w_32: arc (3, 19) = 1
w_36: arc (3, 31) = 1
w_38: arc (3, 33) = 1
w_39: arc (3, 37) = 1
w_41: arc (3, 39) = 1
w_44: arc (4, 7) = 1
w_45: arc (4, 9) = 1
w_46: arc (4, 13) = 1
w_48: arc (4, 18) = 1
w_50: arc (4, 31) = 1
w_51: arc (4, 37) = 1
w_57: arc (5, 40) = 1
w_62: arc (6, 13) = 1
w_64: arc (6, 18) = 1
w_66: arc (6, 24) = 1
w_67: arc (6, 26) = 1
w_70: arc (6, 32) = 1
w_72: arc (6, 38) = 1
w_73: arc (6, 39) = 1
w_75: arc (7, 4) = 1
w_76: arc (7, 6) = 1
w_77: arc (7, 9) = 1
w_78: arc (7, 13) = 1
w_80: arc (7, 18) = 1
w_81: arc (7, 31) = 1
w_82: arc (7, 37) = 1
w_83: arc (8, 2) = 1
w_84: arc (8, 10) = 1
w_85: arc (8, 21) = 1
w_86: arc (8, 22) = 1
w_87: arc (8, 23) = 1
w_88: arc (8, 27) = 1
w_89: arc (8, 29) = 1
w_90: arc (8, 30) = 1
w_91: arc (8, 33) = 1
w_93: arc (9, 3) = 1
w_95: arc (9, 7) = 1
w_99: arc (9, 37) = 1
w_100: arc (10, 2) = 1
w_101: arc (10, 8) = 1
w_105: arc (10, 22) = 1
w_106: arc (10, 23) = 1
w_107: arc (10, 27) = 1
w_108: arc (10, 29) = 1
w_111: arc (10, 40) = 1
w_112: arc (11, 1) = 1
w_113: arc (11, 16) = 1
w_114: arc (11, 19) = 1
w_115: arc (11, 26) = 1
w_116: arc (11, 28) = 1
w_117: arc (11, 38) = 1
w_118: arc (11, 39) = 1
w_122: arc (12, 13) = 1
w_124: arc (12, 15) = 1
w_126: arc (12, 20) = 1
w_130: arc (12, 33) = 1
w_133: arc (12, 39) = 1
w_138: arc (13, 7) = 1
w_144: arc (13, 30) = 1
w_147: arc (13, 33) = 1
w_149: arc (13, 39) = 1
w_150: arc (14, 5) = 1
w_152: arc (14, 12) = 1
w_153: arc (14, 15) = 1
w_155: arc (14, 21) = 1
w_156: arc (14, 25) = 1
w_157: arc (14, 27) = 1
w_158: arc (14, 29) = 1
w_159: arc (14, 32) = 1
w_161: arc (14, 35) = 1
w_166: arc (15, 14) = 1
w_167: arc (15, 20) = 1
w_168: arc (15, 21) = 1
w_169: arc (15, 25) = 1
w_170: arc (15, 27) = 1
w_171: arc (15, 29) = 1
w_173: arc (15, 34) = 1
w_175: arc (15, 36) = 1
w_176: arc (15, 40) = 1
w_183: arc (16, 31) = 1
w_185: arc (16, 39) = 1
w_186: arc (17, 3) = 1
w_188: arc (17, 7) = 1
w_189: arc (17, 9) = 1
w_190: arc (17, 13) = 1
w_191: arc (17, 18) = 1
w_196: arc (18, 4) = 1
w_197: arc (18, 6) = 1
w_201: arc (18, 13) = 1
w_202: arc (18, 17) = 1
w_204: arc (18, 30) = 1
w_205: arc (18, 31) = 1
w_207: arc (18, 33) = 1
w_208: arc (18, 37) = 1
w_209: arc (19, 1) = 1
w_214: arc (19, 16) = 1
w_215: arc (19, 26) = 1
w_217: arc (19, 31) = 1
w_218: arc (19, 38) = 1
w_220: arc (20, 3) = 1
w_222: arc (20, 13) = 1
w_223: arc (20, 14) = 1
w_224: arc (20, 15) = 1
w_226: arc (20, 25) = 1
w_227: arc (20, 26) = 1
w_228: arc (20, 28) = 1
w_229: arc (20, 32) = 1
w_236: arc (21, 8) = 1
w_239: arc (21, 15) = 1
w_240: arc (21, 25) = 1
w_241: arc (21, 27) = 1
w_246: arc (21, 40) = 1
w_249: arc (22, 10) = 1
w_250: arc (22, 23) = 1
w_251: arc (22, 27) = 1
w_252: arc (22, 29) = 1
w_253: arc (22, 30) = 1
w_254: arc (22, 33) = 1
w_255: arc (23, 2) = 1
w_258: arc (23, 22) = 1
w_260: arc (23, 29) = 1
w_261: arc (23, 30) = 1
w_267: arc (24, 13) = 1
w_268: arc (24, 18) = 1
w_270: arc (24, 28) = 1
w_271: arc (24, 32) = 1
w_274: arc (24, 36) = 1
w_277: arc (25, 14) = 1
w_279: arc (25, 20) = 1
w_281: arc (25, 34) = 1
w_284: arc (25, 40) = 1
w_286: arc (26, 6) = 1
w_288: arc (26, 16) = 1
w_291: arc (26, 28) = 1
w_293: arc (26, 38) = 1
w_300: arc (27, 22) = 1
w_301: arc (27, 23) = 1
w_303: arc (27, 33) = 1
w_306: arc (28, 1) = 1
w_310: arc (28, 12) = 1
w_311: arc (28, 16) = 1
w_312: arc (28, 19) = 1
w_314: arc (28, 24) = 1
w_315: arc (28, 26) = 1
w_316: arc (28, 32) = 1
w_319: arc (28, 39) = 1
w_320: arc (29, 2) = 1
w_321: arc (29, 8) = 1
w_325: arc (29, 21) = 1
w_326: arc (29, 22) = 1
w_327: arc (29, 23) = 1
w_330: arc (29, 35) = 1
w_331: arc (29, 40) = 1
w_333: arc (30, 8) = 1
w_336: arc (30, 22) = 1
w_337: arc (30, 23) = 1
w_340: arc (31, 4) = 1
w_342: arc (31, 7) = 1
w_344: arc (31, 13) = 1
w_345: arc (31, 16) = 1
w_346: arc (31, 17) = 1
w_347: arc (31, 18) = 1
w_349: arc (31, 37) = 1
w_350: arc (31, 38) = 1
w_351: arc (31, 39) = 1
w_352: arc (32, 2) = 1
w_356: arc (32, 13) = 1
w_357: arc (32, 14) = 1
w_358: arc (32, 15) = 1
w_363: arc (32, 28) = 1
w_365: arc (32, 35) = 1
w_366: arc (32, 36) = 1
w_367: arc (32, 39) = 1
w_370: arc (33, 8) = 1
w_376: arc (33, 21) = 1
w_377: arc (33, 22) = 1
w_378: arc (33, 23) = 1
w_379: arc (33, 24) = 1
w_380: arc (33, 27) = 1
w_381: arc (33, 29) = 1
w_383: arc (33, 32) = 1
w_385: arc (34, 5) = 1
w_386: arc (34, 14) = 1
w_387: arc (34, 15) = 1
w_390: arc (34, 35) = 1
w_393: arc (35, 2) = 1
w_394: arc (35, 8) = 1
w_396: arc (35, 12) = 1
w_402: arc (35, 25) = 1
w_406: arc (35, 33) = 1
w_407: arc (35, 34) = 1
w_410: arc (36, 5) = 1
w_411: arc (36, 12) = 1
w_417: arc (36, 26) = 1
w_419: arc (36, 32) = 1
w_420: arc (36, 34) = 1
w_421: arc (36, 35) = 1
w_422: arc (37, 2) = 1
w_426: arc (37, 7) = 1
w_427: arc (37, 9) = 1
w_429: arc (37, 17) = 1
w_430: arc (37, 18) = 1
w_431: arc (37, 31) = 1
w_437: arc (38, 19) = 1
w_438: arc (38, 26) = 1
w_440: arc (38, 31) = 1
w_443: arc (39, 3) = 1
w_444: arc (39, 4) = 1
w_446: arc (39, 11) = 1
w_448: arc (39, 13) = 1
w_453: arc (39, 26) = 1
w_456: arc (39, 32) = 1
w_457: arc (39, 38) = 1
w_463: arc (40, 25) = 1
w_465: arc (40, 29) = 1
w_466: arc (40, 34) = 1
w_467: arc (40, 35) = 1

**********************
y_k[] variables:
y_k0_i4: arc (1, 28) = 1
y_k0_i112: arc (11, 1) = 1
y_k0_i130: arc (12, 33) = 1
y_k0_i258: arc (23, 22) = 1
y_k0_i310: arc (28, 12) = 1
y_k0_i378: arc (33, 23) = 1
y_k1_i14: arc (2, 22) = 1
y_k1_i116: arc (11, 28) = 1
y_k1_i263: arc (24, 2) = 1
y_k1_i314: arc (28, 24) = 1
y_k2_i6: arc (1, 39) = 1
y_k2_i112: arc (11, 1) = 1
y_k2_i147: arc (13, 33) = 1
y_k2_i377: arc (33, 22) = 1
y_k2_i448: arc (39, 13) = 1


------------------------

Legenda:Instance_Name   K   Num_Nodes   Num_Archs Seed  U_budget    Max_Num_Discoveries    DDDI_Version Delta    BUB BLB Gap Elapsed_Time
Table:SPP_n40_s9_K3_B6_D1_d75.log   3  40 468 9 6    351  1 0.75 15.601 1.88371   0.879257 0 
