Instance_Name: SPP_n20_s9_K2_B6_D1_d75.log
K: 2
U_Budget: 6
Num_Nodes: 20
Num_Archs: 114
Max_Num_Discoveries: 86
DDDI_Version: 1
BUB: 18.3981
BLB: 18.3981
Gap: 2.65773e-08
Elapsed_Time 0


Solution:

w[] variables
:w_28: arc (5, 14) = 1
w_40: arc (7, 9) = 1
w_59: arc (12, 3) = 1
w_61: arc (12, 13) = 1
w_70: arc (13, 7) = 1
w_73: arc (13, 18) = 1
w_77: arc (14, 12) = 1
w_78: arc (14, 15) = 1
w_79: arc (14, 20) = 1
w_82: arc (15, 14) = 1
w_91: arc (17, 9) = 1
w_98: arc (18, 7) = 1
w_109: arc (20, 3) = 1
w_110: arc (20, 12) = 1

**********************
y_k[] variables:
y_k0_i28: arc (5, 14) = 1
y_k0_i40: arc (7, 9) = 1
y_k0_i61: arc (12, 13) = 1
y_k0_i70: arc (13, 7) = 1
y_k0_i77: arc (14, 12) = 1
y_k1_i10: arc (3, 4) = 1
y_k1_i23: arc (4, 9) = 1
y_k1_i28: arc (5, 14) = 1
y_k1_i59: arc (12, 3) = 1
y_k1_i79: arc (14, 20) = 1
y_k1_i110: arc (20, 12) = 1


------------------------

Legenda:Instance_Name   K   Num_Nodes   Num_Archs Seed  U_budget    Max_Num_Discoveries    DDDI_Version Delta    BUB BLB Gap Elapsed_Time
Table:SPP_n20_s9_K2_B6_D1_d75.log   2  20 114 9 6    86  1 0.75 18.3981 18.3981   2.65773e-08 0 
