Instance_Name: SPP_n20_s10_K2_B3_D1_d25.log
K: 2
U_Budget: 3
Num_Nodes: 20
Num_Archs: 114
Max_Num_Discoveries: 29
DDDI_Version: 1
BUB: 14.4814
BLB: 14.4814
Gap: 4.01194e-08
Elapsed_Time 0


Solution:

w[] variables
:w_2: arc (1, 9) = 1
w_5: arc (1, 19) = 1
w_12: arc (2, 16) = 1
w_15: arc (2, 20) = 1
w_23: arc (5, 12) = 1
w_25: arc (6, 5) = 1
w_48: arc (9, 2) = 1
w_52: arc (9, 20) = 1
w_61: arc (11, 6) = 1
w_62: arc (11, 13) = 1
w_70: arc (13, 12) = 1
w_83: arc (16, 11) = 1
w_84: arc (16, 13) = 1
w_107: arc (20, 6) = 1
w_111: arc (20, 11) = 1

**********************
y_k[] variables:
y_k0_i2: arc (1, 9) = 1
y_k0_i52: arc (9, 20) = 1
y_k0_i62: arc (11, 13) = 1
y_k0_i70: arc (13, 12) = 1
y_k0_i111: arc (20, 11) = 1
y_k1_i0: arc (1, 2) = 1
y_k1_i12: arc (2, 16) = 1
y_k1_i70: arc (13, 12) = 1
y_k1_i84: arc (16, 13) = 1


------------------------

Legenda:Instance_Name   K   Num_Nodes   Num_Archs Seed  U_budget    Max_Num_Discoveries    DDDI_Version Delta    BUB BLB Gap Elapsed_Time
Table:SPP_n20_s10_K2_B3_D1_d25.log   2  20 114 10 3    29  1 0.25 14.4814 14.4814   4.01194e-08 0 
