Instance_Name: SPP_n50_s3_K2_B3_D1_d50.log
K: 2
U_Budget: 3
Num_Nodes: 50
Num_Archs: 735
Max_Num_Discoveries: 368
DDDI_Version: 1
BUB: 13.6395
BLB: 2.86003
Gap: 0.790312
Elapsed_Time 7200.08


Solution:

w[] variables
:w_0: arc (1, 3) = 1
w_1: arc (1, 4) = 1
w_2: arc (1, 7) = 1
w_3: arc (1, 11) = 1
w_5: arc (1, 16) = 1
w_6: arc (1, 18) = 1
w_7: arc (1, 19) = 1
w_8: arc (1, 21) = 1
w_11: arc (1, 32) = 1
w_12: arc (1, 34) = 1
w_13: arc (1, 35) = 1
w_14: arc (1, 36) = 1
w_15: arc (1, 39) = 1
w_16: arc (1, 41) = 1
w_18: arc (1, 44) = 1
w_19: arc (1, 49) = 1
w_20: arc (1, 50) = 1
w_22: arc (2, 16) = 1
w_23: arc (2, 22) = 1
w_24: arc (2, 31) = 1
w_25: arc (2, 38) = 1
w_26: arc (2, 42) = 1
w_27: arc (2, 44) = 1
w_29: arc (2, 47) = 1
w_30: arc (2, 48) = 1
w_31: arc (2, 50) = 1
w_32: arc (3, 1) = 1
w_34: arc (3, 5) = 1
w_37: arc (3, 10) = 1
w_38: arc (3, 12) = 1
w_40: arc (3, 21) = 1
w_42: arc (3, 30) = 1
w_47: arc (3, 49) = 1
w_48: arc (4, 1) = 1
w_49: arc (4, 3) = 1
w_50: arc (4, 5) = 1
w_60: arc (4, 32) = 1
w_64: arc (4, 39) = 1
w_68: arc (5, 3) = 1
w_74: arc (5, 30) = 1
w_75: arc (5, 34) = 1
w_77: arc (5, 39) = 1
w_78: arc (5, 45) = 1
w_79: arc (5, 49) = 1
w_81: arc (6, 17) = 1
w_86: arc (6, 33) = 1
w_87: arc (6, 37) = 1
w_88: arc (6, 40) = 1
w_90: arc (6, 46) = 1
w_91: arc (7, 1) = 1
w_94: arc (7, 11) = 1
w_95: arc (7, 14) = 1
w_98: arc (7, 18) = 1
w_99: arc (7, 19) = 1
w_101: arc (7, 24) = 1
w_103: arc (7, 27) = 1
w_104: arc (7, 28) = 1
w_105: arc (7, 32) = 1
w_106: arc (7, 33) = 1
w_107: arc (7, 37) = 1
w_108: arc (7, 39) = 1
w_110: arc (8, 2) = 1
w_111: arc (8, 11) = 1
w_112: arc (8, 16) = 1
w_114: arc (8, 22) = 1
w_116: arc (8, 32) = 1
w_117: arc (8, 38) = 1
w_119: arc (8, 42) = 1
w_120: arc (8, 44) = 1
w_121: arc (8, 46) = 1
w_123: arc (8, 48) = 1
w_128: arc (9, 12) = 1
w_135: arc (10, 4) = 1
w_136: arc (10, 5) = 1
w_145: arc (10, 34) = 1
w_150: arc (11, 7) = 1
w_159: arc (11, 27) = 1
w_160: arc (11, 31) = 1
w_163: arc (11, 36) = 1
w_164: arc (11, 39) = 1
w_165: arc (11, 41) = 1
w_168: arc (11, 50) = 1
w_169: arc (12, 3) = 1
w_180: arc (12, 49) = 1
w_181: arc (13, 10) = 1
w_182: arc (13, 14) = 1
w_183: arc (13, 19) = 1
w_186: arc (13, 37) = 1
w_187: arc (13, 40) = 1
w_190: arc (14, 7) = 1
w_191: arc (14, 10) = 1
w_194: arc (14, 21) = 1
w_199: arc (14, 39) = 1
w_201: arc (14, 41) = 1
w_205: arc (15, 16) = 1
w_206: arc (15, 18) = 1
w_208: arc (15, 22) = 1
w_209: arc (15, 23) = 1
w_210: arc (15, 25) = 1
w_211: arc (15, 27) = 1
w_212: arc (15, 36) = 1
w_213: arc (15, 43) = 1
w_214: arc (15, 44) = 1
w_215: arc (15, 48) = 1
w_216: arc (15, 50) = 1
w_217: arc (16, 1) = 1
w_218: arc (16, 2) = 1
w_220: arc (16, 8) = 1
w_222: arc (16, 15) = 1
w_223: arc (16, 18) = 1
w_227: arc (16, 27) = 1
w_228: arc (16, 31) = 1
w_231: arc (16, 41) = 1
w_232: arc (16, 44) = 1
w_233: arc (16, 48) = 1
w_234: arc (16, 50) = 1
w_235: arc (17, 6) = 1
w_237: arc (17, 8) = 1
w_238: arc (17, 11) = 1
w_239: arc (17, 19) = 1
w_240: arc (17, 21) = 1
w_242: arc (17, 29) = 1
w_243: arc (17, 31) = 1
w_244: arc (17, 32) = 1
w_246: arc (17, 38) = 1
w_247: arc (17, 41) = 1
w_248: arc (17, 42) = 1
w_250: arc (17, 47) = 1
w_251: arc (17, 50) = 1
w_252: arc (18, 1) = 1
w_254: arc (18, 4) = 1
w_255: arc (18, 7) = 1
w_260: arc (18, 21) = 1
w_261: arc (18, 24) = 1
w_262: arc (18, 25) = 1
w_263: arc (18, 27) = 1
w_264: arc (18, 32) = 1
w_266: arc (18, 36) = 1
w_267: arc (18, 39) = 1
w_273: arc (18, 50) = 1
w_279: arc (19, 14) = 1
w_285: arc (19, 26) = 1
w_286: arc (19, 28) = 1
w_287: arc (19, 29) = 1
w_288: arc (19, 32) = 1
w_290: arc (19, 37) = 1
w_292: arc (19, 40) = 1
w_294: arc (20, 15) = 1
w_295: arc (20, 23) = 1
w_297: arc (20, 36) = 1
w_301: arc (21, 4) = 1
w_302: arc (21, 7) = 1
w_304: arc (21, 11) = 1
w_308: arc (21, 17) = 1
w_309: arc (21, 18) = 1
w_310: arc (21, 19) = 1
w_311: arc (21, 24) = 1
w_312: arc (21, 27) = 1
w_313: arc (21, 28) = 1
w_314: arc (21, 32) = 1
w_318: arc (21, 41) = 1
w_321: arc (22, 2) = 1
w_323: arc (22, 15) = 1
w_324: arc (22, 16) = 1
w_325: arc (22, 31) = 1
w_327: arc (22, 44) = 1
w_331: arc (23, 20) = 1
w_334: arc (23, 36) = 1
w_335: arc (23, 43) = 1
w_336: arc (24, 1) = 1
w_342: arc (24, 10) = 1
w_345: arc (24, 18) = 1
w_347: arc (24, 21) = 1
w_348: arc (24, 27) = 1
w_352: arc (24, 35) = 1
w_360: arc (25, 23) = 1
w_362: arc (25, 35) = 1
w_365: arc (25, 49) = 1
w_366: arc (26, 6) = 1
w_369: arc (26, 19) = 1
w_375: arc (26, 38) = 1
w_379: arc (26, 46) = 1
w_380: arc (26, 47) = 1
w_382: arc (27, 4) = 1
w_383: arc (27, 7) = 1
w_388: arc (27, 20) = 1
w_392: arc (27, 25) = 1
w_393: arc (27, 32) = 1
w_394: arc (27, 35) = 1
w_403: arc (28, 6) = 1
w_404: arc (28, 7) = 1
w_408: arc (28, 19) = 1
w_410: arc (28, 26) = 1
w_411: arc (28, 29) = 1
w_412: arc (28, 33) = 1
w_415: arc (28, 40) = 1
w_416: arc (28, 41) = 1
w_419: arc (29, 14) = 1
w_420: arc (29, 17) = 1
w_421: arc (29, 19) = 1
w_423: arc (29, 28) = 1
w_426: arc (29, 40) = 1
w_429: arc (30, 4) = 1
w_430: arc (30, 5) = 1
w_431: arc (30, 9) = 1
w_432: arc (30, 10) = 1
w_433: arc (30, 12) = 1
w_434: arc (30, 24) = 1
w_435: arc (30, 34) = 1
w_437: arc (30, 39) = 1
w_439: arc (30, 49) = 1
w_441: arc (31, 8) = 1
w_442: arc (31, 11) = 1
w_443: arc (31, 16) = 1
w_444: arc (31, 17) = 1
w_446: arc (31, 26) = 1
w_449: arc (31, 38) = 1
w_450: arc (31, 41) = 1
w_451: arc (31, 42) = 1
w_452: arc (31, 44) = 1
w_453: arc (31, 46) = 1
w_454: arc (31, 47) = 1
w_455: arc (31, 48) = 1
w_456: arc (31, 50) = 1
w_457: arc (32, 1) = 1
w_459: arc (32, 7) = 1
w_460: arc (32, 8) = 1
w_462: arc (32, 16) = 1
w_463: arc (32, 17) = 1
w_464: arc (32, 18) = 1
w_465: arc (32, 19) = 1
w_473: arc (32, 41) = 1
w_474: arc (32, 44) = 1
w_475: arc (32, 48) = 1
w_477: arc (33, 6) = 1
w_478: arc (33, 7) = 1
w_480: arc (33, 14) = 1
w_481: arc (33, 17) = 1
w_482: arc (33, 19) = 1
w_485: arc (33, 28) = 1
w_486: arc (33, 29) = 1
w_488: arc (33, 32) = 1
w_489: arc (33, 37) = 1
w_490: arc (33, 40) = 1
w_491: arc (33, 41) = 1
w_493: arc (33, 46) = 1
w_495: arc (34, 1) = 1
w_497: arc (34, 4) = 1
w_499: arc (34, 9) = 1
w_501: arc (34, 12) = 1
w_504: arc (34, 35) = 1
w_514: arc (35, 24) = 1
w_517: arc (35, 30) = 1
w_520: arc (35, 39) = 1
w_523: arc (36, 1) = 1
w_525: arc (36, 11) = 1
w_526: arc (36, 15) = 1
w_527: arc (36, 16) = 1
w_530: arc (36, 23) = 1
w_537: arc (37, 6) = 1
w_541: arc (37, 19) = 1
w_542: arc (37, 21) = 1
w_546: arc (37, 40) = 1
w_548: arc (38, 2) = 1
w_549: arc (38, 8) = 1
w_550: arc (38, 17) = 1
w_553: arc (38, 42) = 1
w_554: arc (38, 46) = 1
w_557: arc (39, 1) = 1
w_559: arc (39, 4) = 1
w_560: arc (39, 5) = 1
w_561: arc (39, 7) = 1
w_565: arc (39, 12) = 1
w_567: arc (39, 18) = 1
w_569: arc (39, 21) = 1
w_572: arc (39, 28) = 1
w_574: arc (39, 32) = 1
w_575: arc (39, 34) = 1
w_576: arc (39, 35) = 1
w_579: arc (39, 49) = 1
w_583: arc (40, 19) = 1
w_587: arc (40, 33) = 1
w_594: arc (41, 14) = 1
w_599: arc (41, 21) = 1
w_600: arc (41, 24) = 1
w_603: arc (41, 28) = 1
w_606: arc (41, 33) = 1
w_609: arc (41, 44) = 1
w_610: arc (41, 46) = 1
w_618: arc (42, 33) = 1
w_619: arc (42, 38) = 1
w_623: arc (42, 50) = 1
w_624: arc (43, 1) = 1
w_626: arc (43, 15) = 1
w_629: arc (43, 23) = 1
w_630: arc (43, 25) = 1
w_633: arc (43, 36) = 1
w_637: arc (44, 8) = 1
w_639: arc (44, 15) = 1
w_643: arc (44, 27) = 1
w_645: arc (44, 32) = 1
w_646: arc (44, 36) = 1
w_662: arc (45, 34) = 1
w_665: arc (46, 2) = 1
w_673: arc (46, 38) = 1
w_676: arc (46, 47) = 1
w_677: arc (47, 2) = 1
w_679: arc (47, 17) = 1
w_682: arc (47, 33) = 1
w_683: arc (47, 38) = 1
w_685: arc (47, 46) = 1
w_691: arc (48, 16) = 1
w_693: arc (48, 22) = 1
w_696: arc (48, 32) = 1
w_700: arc (49, 1) = 1
w_701: arc (49, 3) = 1
w_703: arc (49, 5) = 1
w_710: arc (49, 30) = 1
w_713: arc (49, 36) = 1
w_714: arc (49, 39) = 1
w_718: arc (50, 2) = 1
w_720: arc (50, 11) = 1
w_721: arc (50, 15) = 1
w_723: arc (50, 17) = 1
w_724: arc (50, 18) = 1
w_726: arc (50, 27) = 1
w_727: arc (50, 31) = 1
w_729: arc (50, 38) = 1
w_730: arc (50, 41) = 1
w_731: arc (50, 42) = 1
w_732: arc (50, 44) = 1
w_733: arc (50, 47) = 1

**********************
y_k[] variables:
y_k0_i45: arc (3, 39) = 1
y_k0_i428: arc (30, 3) = 1
y_k0_i449: arc (31, 38) = 1
y_k0_i470: arc (32, 31) = 1
y_k0_i574: arc (39, 32) = 1
y_k1_i3: arc (1, 11) = 1
y_k1_i48: arc (4, 1) = 1
y_k1_i160: arc (11, 31) = 1
y_k1_i435: arc (30, 34) = 1
y_k1_i454: arc (31, 47) = 1
y_k1_i497: arc (34, 4) = 1
y_k1_i683: arc (47, 38) = 1


------------------------

Legenda:Instance_Name   K   Num_Nodes   Num_Archs Seed  U_budget    Max_Num_Discoveries    DDDI_Version Delta    BUB BLB Gap Elapsed_Time
Table:SPP_n50_s3_K2_B3_D1_d50.log   2  50 735 3 3    368  1 0.5 13.6395 2.86003   0.790312 7200.08 
