Instance_Name: SPP_n20_s3_K3_B6_D1_d50.log
K: 3
U_Budget: 6
Num_Nodes: 20
Num_Archs: 114
Max_Num_Discoveries: 57
DDDI_Version: 1
BUB: 17.5453
BLB: 16.1847
Gap: 0.0775479
Elapsed_Time 7200.02


Solution:

w[] variables
:w_4: arc (1, 15) = 1
w_27: arc (5, 4) = 1
w_31: arc (6, 14) = 1
w_32: arc (6, 17) = 1
w_33: arc (6, 19) = 1
w_37: arc (7, 11) = 1
w_41: arc (7, 18) = 1
w_62: arc (11, 15) = 1
w_63: arc (11, 16) = 1
w_84: arc (15, 20) = 1
w_90: arc (16, 15) = 1
w_93: arc (17, 7) = 1
w_95: arc (17, 11) = 1
w_102: arc (18, 15) = 1
w_107: arc (19, 7) = 1

**********************
y_k[] variables:
y_k0_i33: arc (6, 19) = 1
y_k0_i41: arc (7, 18) = 1
y_k0_i84: arc (15, 20) = 1
y_k0_i102: arc (18, 15) = 1
y_k0_i107: arc (19, 7) = 1
y_k1_i32: arc (6, 17) = 1
y_k1_i63: arc (11, 16) = 1
y_k1_i84: arc (15, 20) = 1
y_k1_i90: arc (16, 15) = 1
y_k1_i95: arc (17, 11) = 1
y_k2_i33: arc (6, 19) = 1
y_k2_i62: arc (11, 15) = 1
y_k2_i84: arc (15, 20) = 1
y_k2_i108: arc (19, 11) = 1


------------------------

Legenda:Instance_Name   K   Num_Nodes   Num_Archs Seed  U_budget    Max_Num_Discoveries    DDDI_Version Delta    BUB BLB Gap Elapsed_Time
Table:SPP_n20_s3_K3_B6_D1_d50.log   3  20 114 3 6    57  1 0.5 17.5453 16.1847   0.0775479 7200.02 
