Instance_Name: SPP_n20_s3_K2_B3_D1_d50.log
K: 2
U_Budget: 3
Num_Nodes: 20
Num_Archs: 114
Max_Num_Discoveries: 57
DDDI_Version: 1
BUB: 16.0262
BLB: 16.0262
Gap: 0
Elapsed_Time 108.985


Solution:

w[] variables
:w_31: arc (6, 14) = 1
w_32: arc (6, 17) = 1
w_33: arc (6, 19) = 1
w_62: arc (11, 15) = 1
w_84: arc (15, 20) = 1
w_90: arc (16, 15) = 1
w_95: arc (17, 11) = 1
w_102: arc (18, 15) = 1

**********************
y_k[] variables:
y_k0_i32: arc (6, 17) = 1
y_k0_i62: arc (11, 15) = 1
y_k0_i84: arc (15, 20) = 1
y_k0_i95: arc (17, 11) = 1
y_k1_i33: arc (6, 19) = 1
y_k1_i41: arc (7, 18) = 1
y_k1_i84: arc (15, 20) = 1
y_k1_i102: arc (18, 15) = 1
y_k1_i107: arc (19, 7) = 1


------------------------

Legenda:Instance_Name   K   Num_Nodes   Num_Archs Seed  U_budget    Max_Num_Discoveries    DDDI_Version Delta    BUB BLB Gap Elapsed_Time
Table:SPP_n20_s3_K2_B3_D1_d50.log   2  20 114 3 3    57  1 0.5 16.0262 16.0262   0 108.985 
