Instance_Name: SPP_n50_s2_K2_B6_D1_d50.log
K: 2
U_Budget: 6
Num_Nodes: 50
Num_Archs: 735
Max_Num_Discoveries: 368
DDDI_Version: 1
BUB: 16.1108
BLB: 9.09557
Gap: 0.435438
Elapsed_Time 7200.06


Solution:

w[] variables
:w_1: arc (1, 9) = 1
w_2: arc (1, 10) = 1
w_3: arc (1, 13) = 1
w_5: arc (1, 21) = 1
w_7: arc (1, 24) = 1
w_8: arc (1, 28) = 1
w_9: arc (1, 32) = 1
w_10: arc (1, 33) = 1
w_11: arc (1, 40) = 1
w_13: arc (1, 46) = 1
w_15: arc (2, 9) = 1
w_18: arc (2, 12) = 1
w_21: arc (2, 19) = 1
w_30: arc (2, 36) = 1
w_32: arc (2, 40) = 1
w_34: arc (2, 46) = 1
w_36: arc (3, 6) = 1
w_37: arc (3, 15) = 1
w_38: arc (3, 21) = 1
w_40: arc (3, 29) = 1
w_43: arc (3, 49) = 1
w_46: arc (4, 8) = 1
w_50: arc (4, 13) = 1
w_51: arc (4, 18) = 1
w_55: arc (4, 29) = 1
w_56: arc (4, 34) = 1
w_58: arc (4, 40) = 1
w_63: arc (5, 7) = 1
w_67: arc (5, 12) = 1
w_69: arc (5, 19) = 1
w_73: arc (5, 36) = 1
w_74: arc (5, 39) = 1
w_75: arc (5, 40) = 1
w_78: arc (5, 45) = 1
w_79: arc (5, 50) = 1
w_93: arc (7, 15) = 1
w_94: arc (7, 18) = 1
w_95: arc (7, 24) = 1
w_96: arc (7, 26) = 1
w_99: arc (7, 34) = 1
w_101: arc (7, 40) = 1
w_103: arc (7, 43) = 1
w_107: arc (8, 5) = 1
w_112: arc (8, 27) = 1
w_114: arc (8, 39) = 1
w_116: arc (8, 41) = 1
w_117: arc (8, 43) = 1
w_119: arc (8, 50) = 1
w_120: arc (9, 1) = 1
w_121: arc (9, 2) = 1
w_123: arc (9, 5) = 1
w_124: arc (9, 7) = 1
w_126: arc (9, 11) = 1
w_130: arc (9, 24) = 1
w_135: arc (9, 36) = 1
w_136: arc (9, 37) = 1
w_137: arc (9, 40) = 1
w_138: arc (9, 42) = 1
w_139: arc (9, 43) = 1
w_140: arc (9, 45) = 1
w_141: arc (9, 46) = 1
w_150: arc (10, 9) = 1
w_154: arc (10, 24) = 1
w_157: arc (10, 31) = 1
w_161: arc (10, 37) = 1
w_163: arc (10, 43) = 1
w_164: arc (10, 45) = 1
w_168: arc (11, 9) = 1
w_171: arc (11, 14) = 1
w_176: arc (11, 24) = 1
w_184: arc (11, 46) = 1
w_187: arc (12, 4) = 1
w_193: arc (12, 19) = 1
w_196: arc (12, 26) = 1
w_202: arc (12, 37) = 1
w_203: arc (12, 40) = 1
w_205: arc (12, 47) = 1
w_208: arc (13, 1) = 1
w_209: arc (13, 2) = 1
w_212: arc (13, 10) = 1
w_213: arc (13, 11) = 1
w_216: arc (13, 20) = 1
w_218: arc (13, 28) = 1
w_221: arc (13, 34) = 1
w_225: arc (13, 40) = 1
w_226: arc (13, 43) = 1
w_228: arc (13, 48) = 1
w_230: arc (14, 16) = 1
w_231: arc (14, 17) = 1
w_234: arc (14, 30) = 1
w_237: arc (14, 38) = 1
w_241: arc (15, 7) = 1
w_250: arc (15, 40) = 1
w_252: arc (15, 46) = 1
w_256: arc (16, 17) = 1
w_259: arc (16, 30) = 1
w_260: arc (16, 33) = 1
w_262: arc (17, 2) = 1
w_263: arc (17, 11) = 1
w_271: arc (17, 37) = 1
w_272: arc (17, 38) = 1
w_273: arc (18, 4) = 1
w_274: arc (18, 5) = 1
w_275: arc (18, 7) = 1
w_276: arc (18, 8) = 1
w_277: arc (18, 26) = 1
w_279: arc (18, 29) = 1
w_281: arc (18, 39) = 1
w_282: arc (18, 40) = 1
w_284: arc (18, 45) = 1
w_286: arc (19, 2) = 1
w_288: arc (19, 10) = 1
w_292: arc (19, 25) = 1
w_294: arc (19, 30) = 1
w_296: arc (19, 34) = 1
w_297: arc (19, 35) = 1
w_304: arc (20, 2) = 1
w_308: arc (20, 16) = 1
w_309: arc (20, 17) = 1
w_311: arc (20, 30) = 1
w_320: arc (21, 22) = 1
w_321: arc (21, 32) = 1
w_325: arc (22, 6) = 1
w_331: arc (22, 33) = 1
w_334: arc (22, 49) = 1
w_335: arc (23, 11) = 1
w_336: arc (23, 14) = 1
w_338: arc (23, 17) = 1
w_339: arc (23, 20) = 1
w_343: arc (24, 2) = 1
w_346: arc (24, 9) = 1
w_348: arc (24, 11) = 1
w_350: arc (24, 13) = 1
w_351: arc (24, 15) = 1
w_352: arc (24, 22) = 1
w_353: arc (24, 28) = 1
w_354: arc (24, 31) = 1
w_358: arc (24, 40) = 1
w_359: arc (24, 42) = 1
w_360: arc (24, 43) = 1
w_361: arc (24, 46) = 1
w_362: arc (24, 49) = 1
w_365: arc (25, 19) = 1
w_366: arc (25, 30) = 1
w_368: arc (25, 34) = 1
w_370: arc (25, 37) = 1
w_371: arc (25, 47) = 1
w_376: arc (26, 8) = 1
w_378: arc (26, 10) = 1
w_379: arc (26, 12) = 1
w_381: arc (26, 19) = 1
w_383: arc (26, 36) = 1
w_384: arc (26, 37) = 1
w_385: arc (26, 39) = 1
w_388: arc (26, 43) = 1
w_391: arc (26, 50) = 1
w_392: arc (27, 3) = 1
w_397: arc (27, 9) = 1
w_398: arc (27, 10) = 1
w_399: arc (27, 15) = 1
w_400: arc (27, 18) = 1
w_401: arc (27, 29) = 1
w_403: arc (27, 40) = 1
w_405: arc (27, 43) = 1
w_406: arc (27, 45) = 1
w_409: arc (28, 1) = 1
w_410: arc (28, 2) = 1
w_413: arc (28, 13) = 1
w_418: arc (28, 33) = 1
w_419: arc (28, 44) = 1
w_422: arc (29, 3) = 1
w_423: arc (29, 4) = 1
w_425: arc (29, 15) = 1
w_426: arc (29, 18) = 1
w_428: arc (29, 32) = 1
w_429: arc (29, 40) = 1
w_432: arc (29, 49) = 1
w_435: arc (30, 12) = 1
w_436: arc (30, 13) = 1
w_437: arc (30, 14) = 1
w_443: arc (30, 31) = 1
w_446: arc (30, 37) = 1
w_448: arc (30, 47) = 1
w_451: arc (31, 10) = 1
w_452: arc (31, 11) = 1
w_454: arc (31, 13) = 1
w_460: arc (31, 25) = 1
w_463: arc (31, 35) = 1
w_466: arc (31, 43) = 1
w_470: arc (32, 3) = 1
w_471: arc (32, 6) = 1
w_472: arc (32, 15) = 1
w_474: arc (32, 22) = 1
w_477: arc (32, 49) = 1
w_478: arc (33, 1) = 1
w_481: arc (33, 23) = 1
w_482: arc (33, 28) = 1
w_483: arc (33, 44) = 1
w_485: arc (34, 2) = 1
w_487: arc (34, 5) = 1
w_488: arc (34, 7) = 1
w_489: arc (34, 9) = 1
w_490: arc (34, 10) = 1
w_491: arc (34, 11) = 1
w_494: arc (34, 19) = 1
w_497: arc (34, 26) = 1
w_499: arc (34, 31) = 1
w_501: arc (34, 36) = 1
w_502: arc (34, 37) = 1
w_503: arc (34, 40) = 1
w_504: arc (34, 43) = 1
w_505: arc (34, 48) = 1
w_509: arc (35, 11) = 1
w_510: arc (35, 12) = 1
w_512: arc (35, 14) = 1
w_514: arc (35, 19) = 1
w_516: arc (35, 25) = 1
w_517: arc (35, 30) = 1
w_523: arc (35, 43) = 1
w_530: arc (36, 8) = 1
w_531: arc (36, 9) = 1
w_532: arc (36, 10) = 1
w_536: arc (36, 19) = 1
w_538: arc (36, 26) = 1
w_541: arc (36, 35) = 1
w_545: arc (36, 45) = 1
w_551: arc (37, 11) = 1
w_552: arc (37, 12) = 1
w_554: arc (37, 17) = 1
w_562: arc (37, 34) = 1
w_564: arc (37, 36) = 1
w_567: arc (37, 48) = 1
w_569: arc (38, 14) = 1
w_571: arc (38, 17) = 1
w_574: arc (38, 31) = 1
w_575: arc (38, 35) = 1
w_576: arc (39, 5) = 1
w_577: arc (39, 8) = 1
w_578: arc (39, 18) = 1
w_579: arc (39, 26) = 1
w_580: arc (39, 41) = 1
w_581: arc (39, 50) = 1
w_583: arc (40, 2) = 1
w_584: arc (40, 4) = 1
w_585: arc (40, 5) = 1
w_586: arc (40, 7) = 1
w_588: arc (40, 9) = 1
w_590: arc (40, 12) = 1
w_592: arc (40, 15) = 1
w_593: arc (40, 18) = 1
w_600: arc (40, 42) = 1
w_602: arc (40, 45) = 1
w_605: arc (41, 5) = 1
w_606: arc (41, 8) = 1
w_607: arc (41, 18) = 1
w_608: arc (41, 26) = 1
w_609: arc (41, 39) = 1
w_614: arc (42, 7) = 1
w_615: arc (42, 9) = 1
w_617: arc (42, 21) = 1
w_618: arc (42, 22) = 1
w_623: arc (42, 40) = 1
w_625: arc (42, 49) = 1
w_633: arc (43, 12) = 1
w_634: arc (43, 13) = 1
w_636: arc (43, 24) = 1
w_640: arc (43, 34) = 1
w_641: arc (43, 35) = 1
w_649: arc (44, 33) = 1
w_655: arc (45, 10) = 1
w_657: arc (45, 26) = 1
w_667: arc (46, 11) = 1
w_668: arc (46, 13) = 1
w_669: arc (46, 15) = 1
w_672: arc (46, 28) = 1
w_673: arc (46, 33) = 1
w_675: arc (46, 49) = 1
w_677: arc (47, 19) = 1
w_678: arc (47, 25) = 1
w_681: arc (47, 35) = 1
w_682: arc (47, 37) = 1
w_685: arc (48, 10) = 1
w_686: arc (48, 11) = 1
w_687: arc (48, 12) = 1
w_688: arc (48, 13) = 1
w_689: arc (48, 19) = 1
w_691: arc (48, 26) = 1
w_693: arc (48, 31) = 1
w_703: arc (49, 6) = 1
w_707: arc (49, 22) = 1
w_710: arc (49, 28) = 1
w_711: arc (49, 29) = 1
w_712: arc (49, 32) = 1
w_713: arc (49, 40) = 1
w_715: arc (49, 46) = 1
w_717: arc (50, 5) = 1
w_719: arc (50, 8) = 1
w_728: arc (50, 36) = 1
w_730: arc (50, 40) = 1
w_731: arc (50, 41) = 1
w_732: arc (50, 43) = 1

**********************
y_k[] variables:
y_k0_i130: arc (9, 24) = 1
y_k0_i361: arc (24, 46) = 1
y_k0_i418: arc (28, 33) = 1
y_k0_i483: arc (33, 44) = 1
y_k0_i531: arc (36, 9) = 1
y_k0_i581: arc (39, 50) = 1
y_k0_i609: arc (41, 39) = 1
y_k0_i672: arc (46, 28) = 1
y_k0_i728: arc (50, 36) = 1
y_k1_i154: arc (10, 24) = 1
y_k1_i353: arc (24, 28) = 1
y_k1_i378: arc (26, 10) = 1
y_k1_i419: arc (28, 44) = 1
y_k1_i579: arc (39, 26) = 1
y_k1_i609: arc (41, 39) = 1


------------------------

Legenda:Instance_Name   K   Num_Nodes   Num_Archs Seed  U_budget    Max_Num_Discoveries    DDDI_Version Delta    BUB BLB Gap Elapsed_Time
Table:SPP_n50_s2_K2_B6_D1_d50.log   2  50 735 2 6    368  1 0.5 16.1108 9.09557   0.435438 7200.06 
