Instance_Name: SPP_n20_s5_K2_B3_D1_d50.log
K: 2
U_Budget: 3
Num_Nodes: 20
Num_Archs: 114
Max_Num_Discoveries: 57
DDDI_Version: 1
BUB: 12.6534
BLB: 12.6534
Gap: 7.56389e-08
Elapsed_Time 1384.28


Solution:

w[] variables
:w_15: arc (3, 17) = 1
w_48: arc (8, 13) = 1
w_51: arc (9, 8) = 1
w_73: arc (12, 15) = 1
w_74: arc (13, 3) = 1
w_88: arc (15, 3) = 1

**********************
y_k[] variables:
y_k0_i15: arc (3, 17) = 1
y_k0_i48: arc (8, 13) = 1
y_k0_i51: arc (9, 8) = 1
y_k0_i74: arc (13, 3) = 1
y_k1_i15: arc (3, 17) = 1
y_k1_i53: arc (9, 12) = 1
y_k1_i73: arc (12, 15) = 1
y_k1_i88: arc (15, 3) = 1


------------------------

Legenda:Instance_Name   K   Num_Nodes   Num_Archs Seed  U_budget    Max_Num_Discoveries    DDDI_Version Delta    BUB BLB Gap Elapsed_Time
Table:SPP_n20_s5_K2_B3_D1_d50.log   2  20 114 5 3    57  1 0.5 12.6534 12.6534   7.56389e-08 1384.28 
