Instance_Name: SPP_n20_s4_K3_B3_D1_d25.log
K: 3
U_Budget: 3
Num_Nodes: 20
Num_Archs: 114
Max_Num_Discoveries: 29
DDDI_Version: 1
BUB: 20.718
BLB: 17.0218
Gap: 0.178404
Elapsed_Time 7200.01


Solution:

w[] variables
:w_2: arc (1, 7) = 1
w_3: arc (1, 11) = 1
w_6: arc (1, 14) = 1
w_11: arc (2, 1) = 1
w_17: arc (3, 14) = 1
w_19: arc (4, 8) = 1
w_29: arc (6, 15) = 1
w_33: arc (7, 1) = 1
w_34: arc (7, 2) = 1
w_35: arc (7, 6) = 1
w_41: arc (9, 17) = 1
w_77: arc (15, 9) = 1
w_78: arc (15, 12) = 1
w_93: arc (17, 4) = 1
w_95: arc (17, 18) = 1
w_97: arc (18, 8) = 1

**********************
y_k[] variables:
y_k0_i7: arc (1, 15) = 1
y_k0_i19: arc (4, 8) = 1
y_k0_i33: arc (7, 1) = 1
y_k0_i41: arc (9, 17) = 1
y_k0_i77: arc (15, 9) = 1
y_k0_i93: arc (17, 4) = 1
y_k1_i7: arc (1, 15) = 1
y_k1_i19: arc (4, 8) = 1
y_k1_i23: arc (6, 1) = 1
y_k1_i35: arc (7, 6) = 1
y_k1_i41: arc (9, 17) = 1
y_k1_i77: arc (15, 9) = 1
y_k1_i93: arc (17, 4) = 1
y_k2_i29: arc (6, 15) = 1
y_k2_i35: arc (7, 6) = 1
y_k2_i41: arc (9, 17) = 1
y_k2_i77: arc (15, 9) = 1
y_k2_i95: arc (17, 18) = 1
y_k2_i97: arc (18, 8) = 1


------------------------

Legenda:Instance_Name   K   Num_Nodes   Num_Archs Seed  U_budget    Max_Num_Discoveries    DDDI_Version Delta    BUB BLB Gap Elapsed_Time
Table:SPP_n20_s4_K3_B3_D1_d25.log   3  20 114 4 3    29  1 0.25 20.718 17.0218   0.178404 7200.01 
