Instance_Name: SPP_n40_s7_K4_B6_D1_d50.log
K: 4
U_Budget: 6
Num_Nodes: 40
Num_Archs: 468
Max_Num_Discoveries: 234
DDDI_Version: 1
BUB: 15.8559
BLB: 2.85228
Gap: 0.820113
Elapsed_Time 7200.1


Solution:

w[] variables
:w_0: arc (1, 4) = 1
w_3: arc (1, 18) = 1
w_4: arc (1, 21) = 1
w_5: arc (1, 22) = 1
w_6: arc (1, 29) = 1
w_8: arc (1, 34) = 1
w_11: arc (2, 7) = 1
w_12: arc (2, 9) = 1
w_13: arc (2, 13) = 1
w_14: arc (2, 14) = 1
w_18: arc (2, 28) = 1
w_22: arc (2, 35) = 1
w_23: arc (2, 36) = 1
w_24: arc (2, 39) = 1
w_27: arc (3, 11) = 1
w_28: arc (3, 13) = 1
w_29: arc (3, 15) = 1
w_31: arc (3, 20) = 1
w_32: arc (3, 23) = 1
w_37: arc (4, 15) = 1
w_40: arc (4, 19) = 1
w_47: arc (5, 9) = 1
w_51: arc (5, 26) = 1
w_52: arc (5, 28) = 1
w_53: arc (5, 30) = 1
w_55: arc (5, 35) = 1
w_56: arc (5, 36) = 1
w_57: arc (6, 3) = 1
w_60: arc (6, 19) = 1
w_61: arc (6, 20) = 1
w_62: arc (6, 25) = 1
w_63: arc (7, 2) = 1
w_65: arc (7, 9) = 1
w_67: arc (7, 13) = 1
w_68: arc (7, 14) = 1
w_69: arc (7, 19) = 1
w_71: arc (7, 24) = 1
w_74: arc (7, 29) = 1
w_75: arc (7, 31) = 1
w_81: arc (8, 17) = 1
w_82: arc (8, 22) = 1
w_87: arc (8, 39) = 1
w_90: arc (9, 5) = 1
w_91: arc (9, 7) = 1
w_99: arc (9, 29) = 1
w_100: arc (9, 30) = 1
w_104: arc (9, 39) = 1
w_105: arc (9, 40) = 1
w_107: arc (10, 8) = 1
w_109: arc (10, 17) = 1
w_110: arc (10, 22) = 1
w_112: arc (10, 27) = 1
w_114: arc (10, 31) = 1
w_116: arc (10, 36) = 1
w_119: arc (10, 40) = 1
w_122: arc (11, 13) = 1
w_123: arc (11, 14) = 1
w_127: arc (11, 23) = 1
w_128: arc (11, 25) = 1
w_134: arc (12, 18) = 1
w_140: arc (12, 34) = 1
w_142: arc (13, 2) = 1
w_143: arc (13, 3) = 1
w_146: arc (13, 9) = 1
w_148: arc (13, 14) = 1
w_153: arc (13, 29) = 1
w_155: arc (13, 31) = 1
w_156: arc (13, 35) = 1
w_158: arc (14, 2) = 1
w_161: arc (14, 9) = 1
w_164: arc (14, 23) = 1
w_166: arc (14, 26) = 1
w_167: arc (14, 28) = 1
w_168: arc (14, 29) = 1
w_169: arc (14, 30) = 1
w_170: arc (14, 31) = 1
w_171: arc (14, 35) = 1
w_173: arc (15, 3) = 1
w_174: arc (15, 4) = 1
w_176: arc (15, 11) = 1
w_177: arc (15, 19) = 1
w_178: arc (15, 20) = 1
w_179: arc (15, 21) = 1
w_186: arc (16, 21) = 1
w_187: arc (16, 22) = 1
w_193: arc (17, 33) = 1
w_194: arc (17, 38) = 1
w_197: arc (18, 4) = 1
w_199: arc (18, 16) = 1
w_200: arc (18, 19) = 1
w_201: arc (18, 21) = 1
w_206: arc (18, 34) = 1
w_210: arc (19, 7) = 1
w_212: arc (19, 15) = 1
w_213: arc (19, 18) = 1
w_214: arc (19, 20) = 1
w_216: arc (19, 23) = 1
w_218: arc (19, 29) = 1
w_220: arc (20, 3) = 1
w_221: arc (20, 6) = 1
w_222: arc (20, 11) = 1
w_226: arc (20, 25) = 1
w_227: arc (20, 30) = 1
w_231: arc (21, 15) = 1
w_232: arc (21, 16) = 1
w_233: arc (21, 18) = 1
w_234: arc (21, 19) = 1
w_236: arc (21, 23) = 1
w_237: arc (21, 29) = 1
w_239: arc (21, 34) = 1
w_240: arc (22, 1) = 1
w_243: arc (22, 12) = 1
w_244: arc (22, 16) = 1
w_246: arc (22, 21) = 1
w_249: arc (22, 34) = 1
w_252: arc (23, 2) = 1
w_255: arc (23, 7) = 1
w_256: arc (23, 9) = 1
w_260: arc (23, 18) = 1
w_263: arc (23, 21) = 1
w_264: arc (23, 29) = 1
w_265: arc (23, 31) = 1
w_267: arc (23, 36) = 1
w_268: arc (23, 40) = 1
w_269: arc (24, 2) = 1
w_271: arc (24, 7) = 1
w_272: arc (24, 9) = 1
w_273: arc (24, 10) = 1
w_278: arc (24, 31) = 1
w_279: arc (24, 35) = 1
w_288: arc (25, 19) = 1
w_290: arc (26, 2) = 1
w_292: arc (26, 7) = 1
w_294: arc (26, 13) = 1
w_300: arc (26, 35) = 1
w_301: arc (26, 36) = 1
w_303: arc (27, 10) = 1
w_305: arc (27, 22) = 1
w_307: arc (27, 34) = 1
w_312: arc (28, 7) = 1
w_323: arc (28, 39) = 1
w_328: arc (29, 7) = 1
w_329: arc (29, 9) = 1
w_330: arc (29, 11) = 1
w_332: arc (29, 13) = 1
w_333: arc (29, 14) = 1
w_334: arc (29, 18) = 1
w_335: arc (29, 19) = 1
w_340: arc (29, 36) = 1
w_341: arc (29, 40) = 1
w_342: arc (30, 2) = 1
w_348: arc (30, 14) = 1
w_350: arc (30, 26) = 1
w_351: arc (31, 2) = 1
w_353: arc (31, 7) = 1
w_354: arc (31, 9) = 1
w_362: arc (31, 29) = 1
w_363: arc (31, 35) = 1
w_365: arc (31, 39) = 1
w_374: arc (32, 21) = 1
w_375: arc (32, 23) = 1
w_378: arc (33, 10) = 1
w_379: arc (33, 17) = 1
w_380: arc (33, 22) = 1
w_384: arc (33, 40) = 1
w_386: arc (34, 8) = 1
w_390: arc (34, 21) = 1
w_394: arc (34, 40) = 1
w_395: arc (35, 2) = 1
w_397: arc (35, 7) = 1
w_405: arc (35, 36) = 1
w_407: arc (36, 2) = 1
w_408: arc (36, 5) = 1
w_409: arc (36, 7) = 1
w_416: arc (36, 26) = 1
w_417: arc (36, 28) = 1
w_418: arc (36, 29) = 1
w_420: arc (36, 35) = 1
w_422: arc (36, 39) = 1
w_425: arc (37, 12) = 1
w_426: arc (37, 16) = 1
w_427: arc (37, 22) = 1
w_429: arc (37, 34) = 1
w_430: arc (38, 8) = 1
w_432: arc (38, 17) = 1
w_434: arc (38, 28) = 1
w_438: arc (39, 2) = 1
w_443: arc (39, 17) = 1
w_444: arc (39, 24) = 1
w_445: arc (39, 28) = 1
w_446: arc (39, 31) = 1
w_449: arc (39, 36) = 1
w_450: arc (39, 38) = 1
w_453: arc (40, 7) = 1
w_454: arc (40, 8) = 1
w_455: arc (40, 9) = 1
w_456: arc (40, 10) = 1
w_460: arc (40, 27) = 1
w_462: arc (40, 29) = 1
w_463: arc (40, 31) = 1
w_466: arc (40, 36) = 1
w_467: arc (40, 39) = 1

**********************
y_k[] variables:
y_k0_i62: arc (6, 25) = 1
y_k0_i75: arc (7, 31) = 1
y_k0_i216: arc (19, 23) = 1
y_k0_i255: arc (23, 7) = 1
y_k0_i288: arc (25, 19) = 1
y_k0_i365: arc (31, 39) = 1
y_k0_i443: arc (39, 17) = 1
y_k1_i60: arc (6, 19) = 1
y_k1_i109: arc (10, 17) = 1
y_k1_i218: arc (19, 29) = 1
y_k1_i341: arc (29, 40) = 1
y_k1_i456: arc (40, 10) = 1
y_k2_i32: arc (3, 23) = 1
y_k2_i57: arc (6, 3) = 1
y_k2_i81: arc (8, 17) = 1
y_k2_i268: arc (23, 40) = 1
y_k2_i454: arc (40, 8) = 1
y_k3_i23: arc (2, 36) = 1
y_k3_i61: arc (6, 20) = 1
y_k3_i122: arc (11, 13) = 1
y_k3_i142: arc (13, 2) = 1
y_k3_i222: arc (20, 11) = 1
y_k3_i422: arc (36, 39) = 1
y_k3_i432: arc (38, 17) = 1
y_k3_i450: arc (39, 38) = 1


------------------------

Legenda:Instance_Name   K   Num_Nodes   Num_Archs Seed  U_budget    Max_Num_Discoveries    DDDI_Version Delta    BUB BLB Gap Elapsed_Time
Table:SPP_n40_s7_K4_B6_D1_d50.log   4  40 468 7 6    234  1 0.5 15.8559 2.85228   0.820113 7200.1 
