Instance_Name: SPP_n20_s8_K2_B6_D1_d25.log
K: 2
U_Budget: 6
Num_Nodes: 20
Num_Archs: 114
Max_Num_Discoveries: 29
DDDI_Version: 1
BUB: 19.355
BLB: 16.1219
Gap: 0.167044
Elapsed_Time 7200.02


Solution:

w[] variables
:w_2: arc (1, 10) = 1
w_5: arc (1, 15) = 1
w_14: arc (3, 7) = 1
w_15: arc (3, 14) = 1
w_19: arc (4, 3) = 1
w_27: arc (5, 13) = 1
w_44: arc (9, 1) = 1
w_46: arc (9, 11) = 1
w_48: arc (9, 16) = 1
w_55: arc (10, 18) = 1
w_59: arc (11, 10) = 1
w_61: arc (11, 15) = 1
w_79: arc (14, 13) = 1
w_86: arc (15, 18) = 1
w_91: arc (16, 11) = 1
w_96: arc (17, 6) = 1
w_100: arc (18, 3) = 1
w_105: arc (18, 17) = 1

**********************
y_k[] variables:
y_k0_i5: arc (1, 15) = 1
y_k0_i15: arc (3, 14) = 1
y_k0_i44: arc (9, 1) = 1
y_k0_i79: arc (14, 13) = 1
y_k0_i86: arc (15, 18) = 1
y_k0_i100: arc (18, 3) = 1
y_k1_i27: arc (5, 13) = 1
y_k1_i31: arc (6, 5) = 1
y_k1_i46: arc (9, 11) = 1
y_k1_i55: arc (10, 18) = 1
y_k1_i59: arc (11, 10) = 1
y_k1_i96: arc (17, 6) = 1
y_k1_i105: arc (18, 17) = 1


------------------------

Legenda:Instance_Name   K   Num_Nodes   Num_Archs Seed  U_budget    Max_Num_Discoveries    DDDI_Version Delta    BUB BLB Gap Elapsed_Time
Table:SPP_n20_s8_K2_B6_D1_d25.log   2  20 114 8 6    29  1 0.25 19.355 16.1219   0.167044 7200.02 
