Instance_Name: SPP_n20_s9_K3_B6_D1_d25.log
K: 3
U_Budget: 6
Num_Nodes: 20
Num_Archs: 114
Max_Num_Discoveries: 29
DDDI_Version: 1
BUB: 17.861
BLB: 13.8503
Gap: 0.224551
Elapsed_Time 0


Solution:

w[] variables
:w_13: arc (3, 9) = 1
w_28: arc (5, 14) = 1
w_35: arc (6, 18) = 1
w_40: arc (7, 9) = 1
w_42: arc (7, 17) = 1
w_58: arc (12, 2) = 1
w_59: arc (12, 3) = 1
w_61: arc (12, 13) = 1
w_65: arc (12, 20) = 1
w_67: arc (13, 3) = 1
w_70: arc (13, 7) = 1
w_77: arc (14, 12) = 1
w_78: arc (14, 15) = 1
w_79: arc (14, 20) = 1
w_81: arc (15, 12) = 1
w_83: arc (15, 20) = 1
w_91: arc (17, 9) = 1
w_109: arc (20, 3) = 1
w_111: arc (20, 13) = 1

**********************
y_k[] variables:
y_k0_i13: arc (3, 9) = 1
y_k0_i28: arc (5, 14) = 1
y_k0_i59: arc (12, 3) = 1
y_k0_i78: arc (14, 15) = 1
y_k0_i81: arc (15, 12) = 1
y_k1_i10: arc (3, 4) = 1
y_k1_i23: arc (4, 9) = 1
y_k1_i28: arc (5, 14) = 1
y_k1_i61: arc (12, 13) = 1
y_k1_i67: arc (13, 3) = 1
y_k1_i77: arc (14, 12) = 1
y_k2_i28: arc (5, 14) = 1
y_k2_i40: arc (7, 9) = 1
y_k2_i70: arc (13, 7) = 1
y_k2_i79: arc (14, 20) = 1
y_k2_i111: arc (20, 13) = 1


------------------------

Legenda:Instance_Name   K   Num_Nodes   Num_Archs Seed  U_budget    Max_Num_Discoveries    DDDI_Version Delta    BUB BLB Gap Elapsed_Time
Table:SPP_n20_s9_K3_B6_D1_d25.log   3  20 114 9 6    29  1 0.25 17.861 13.8503   0.224551 0 
