Instance_Name: SPP_n20_s3_K2_B3_D1_d25.log
K: 2
U_Budget: 3
Num_Nodes: 20
Num_Archs: 114
Max_Num_Discoveries: 29
DDDI_Version: 1
BUB: 16.0262
BLB: 16.0262
Gap: 0
Elapsed_Time 148.104


Solution:

w[] variables
:w_23: arc (4, 11) = 1
w_26: arc (5, 3) = 1
w_31: arc (6, 14) = 1
w_32: arc (6, 17) = 1
w_33: arc (6, 19) = 1
w_38: arc (7, 14) = 1
w_42: arc (7, 19) = 1
w_44: arc (8, 11) = 1
w_61: arc (11, 8) = 1
w_62: arc (11, 15) = 1
w_64: arc (11, 17) = 1
w_75: arc (14, 6) = 1
w_77: arc (14, 10) = 1
w_80: arc (15, 1) = 1
w_84: arc (15, 20) = 1
w_89: arc (16, 11) = 1
w_90: arc (16, 15) = 1
w_92: arc (17, 6) = 1
w_94: arc (17, 8) = 1
w_95: arc (17, 11) = 1
w_102: arc (18, 15) = 1

**********************
y_k[] variables:
y_k0_i33: arc (6, 19) = 1
y_k0_i41: arc (7, 18) = 1
y_k0_i84: arc (15, 20) = 1
y_k0_i102: arc (18, 15) = 1
y_k0_i107: arc (19, 7) = 1
y_k1_i32: arc (6, 17) = 1
y_k1_i62: arc (11, 15) = 1
y_k1_i84: arc (15, 20) = 1
y_k1_i95: arc (17, 11) = 1


------------------------

Legenda:Instance_Name   K   Num_Nodes   Num_Archs Seed  U_budget    Max_Num_Discoveries    DDDI_Version Delta    BUB BLB Gap Elapsed_Time
Table:SPP_n20_s3_K2_B3_D1_d25.log   2  20 114 3 3    29  1 0.25 16.0262 16.0262   0 148.104 
