Instance_Name: SPP_n30_s5_K3_B3_D1_d25.log
K: 3
U_Budget: 3
Num_Nodes: 30
Num_Archs: 261
Max_Num_Discoveries: 66
DDDI_Version: 1
BUB: 13.2772
BLB: 5.47776
Gap: 0.587432
Elapsed_Time 7200.04


Solution:

w[] variables
:w_20: arc (3, 13) = 1
w_24: arc (3, 17) = 1
w_26: arc (3, 28) = 1
w_30: arc (4, 9) = 1
w_34: arc (4, 25) = 1
w_35: arc (4, 26) = 1
w_66: arc (8, 9) = 1
w_82: arc (9, 26) = 1
w_89: arc (10, 12) = 1
w_111: arc (12, 21) = 1
w_118: arc (13, 8) = 1
w_133: arc (14, 18) = 1
w_153: arc (17, 3) = 1
w_154: arc (17, 14) = 1
w_155: arc (17, 28) = 1
w_156: arc (18, 4) = 1
w_185: arc (21, 9) = 1
w_240: arc (28, 18) = 1

**********************
y_k[] variables:
y_k0_i82: arc (9, 26) = 1
y_k0_i123: arc (13, 21) = 1
y_k0_i155: arc (17, 28) = 1
y_k0_i185: arc (21, 9) = 1
y_k0_i235: arc (28, 13) = 1
y_k1_i35: arc (4, 26) = 1
y_k1_i133: arc (14, 18) = 1
y_k1_i154: arc (17, 14) = 1
y_k1_i156: arc (18, 4) = 1
y_k2_i20: arc (3, 13) = 1
y_k2_i66: arc (8, 9) = 1
y_k2_i82: arc (9, 26) = 1
y_k2_i118: arc (13, 8) = 1
y_k2_i153: arc (17, 3) = 1


------------------------

Legenda:Instance_Name   K   Num_Nodes   Num_Archs Seed  U_budget    Max_Num_Discoveries    DDDI_Version Delta    BUB BLB Gap Elapsed_Time
Table:SPP_n30_s5_K3_B3_D1_d25.log   3  30 261 5 3    66  1 0.25 13.2772 5.47776   0.587432 7200.04 
