Instance_Name: SPP_n50_s3_K3_B6_D1_d50.log
K: 3
U_Budget: 6
Num_Nodes: 50
Num_Archs: 735
Max_Num_Discoveries: 368
DDDI_Version: 1
BUB: 14.6797
BLB: 1.14816
Gap: 0.921786
Elapsed_Time 7200.2


Solution:

w[] variables
:w_0: arc (1, 3) = 1
w_2: arc (1, 7) = 1
w_3: arc (1, 11) = 1
w_4: arc (1, 15) = 1
w_5: arc (1, 16) = 1
w_6: arc (1, 18) = 1
w_7: arc (1, 19) = 1
w_9: arc (1, 24) = 1
w_10: arc (1, 27) = 1
w_11: arc (1, 32) = 1
w_12: arc (1, 34) = 1
w_13: arc (1, 35) = 1
w_15: arc (1, 39) = 1
w_16: arc (1, 41) = 1
w_17: arc (1, 43) = 1
w_18: arc (1, 44) = 1
w_20: arc (1, 50) = 1
w_25: arc (2, 38) = 1
w_27: arc (2, 44) = 1
w_30: arc (2, 48) = 1
w_33: arc (3, 4) = 1
w_34: arc (3, 5) = 1
w_37: arc (3, 10) = 1
w_38: arc (3, 12) = 1
w_39: arc (3, 18) = 1
w_40: arc (3, 21) = 1
w_41: arc (3, 24) = 1
w_43: arc (3, 34) = 1
w_44: arc (3, 35) = 1
w_45: arc (3, 39) = 1
w_46: arc (3, 45) = 1
w_47: arc (3, 49) = 1
w_48: arc (4, 1) = 1
w_49: arc (4, 3) = 1
w_50: arc (4, 5) = 1
w_51: arc (4, 7) = 1
w_54: arc (4, 12) = 1
w_55: arc (4, 18) = 1
w_56: arc (4, 21) = 1
w_59: arc (4, 30) = 1
w_60: arc (4, 32) = 1
w_62: arc (4, 35) = 1
w_64: arc (4, 39) = 1
w_66: arc (4, 45) = 1
w_67: arc (4, 49) = 1
w_68: arc (5, 3) = 1
w_69: arc (5, 4) = 1
w_72: arc (5, 12) = 1
w_73: arc (5, 24) = 1
w_76: arc (5, 35) = 1
w_77: arc (5, 39) = 1
w_79: arc (5, 49) = 1
w_83: arc (6, 26) = 1
w_88: arc (6, 40) = 1
w_89: arc (6, 41) = 1
w_92: arc (7, 3) = 1
w_96: arc (7, 16) = 1
w_97: arc (7, 17) = 1
w_98: arc (7, 18) = 1
w_99: arc (7, 19) = 1
w_100: arc (7, 21) = 1
w_101: arc (7, 24) = 1
w_103: arc (7, 27) = 1
w_105: arc (7, 32) = 1
w_106: arc (7, 33) = 1
w_108: arc (7, 39) = 1
w_110: arc (8, 2) = 1
w_111: arc (8, 11) = 1
w_116: arc (8, 32) = 1
w_117: arc (8, 38) = 1
w_118: arc (8, 41) = 1
w_119: arc (8, 42) = 1
w_120: arc (8, 44) = 1
w_121: arc (8, 46) = 1
w_122: arc (8, 47) = 1
w_123: arc (8, 48) = 1
w_126: arc (9, 5) = 1
w_127: arc (9, 10) = 1
w_130: arc (9, 30) = 1
w_132: arc (9, 39) = 1
w_138: arc (10, 12) = 1
w_140: arc (10, 14) = 1
w_141: arc (10, 21) = 1
w_145: arc (10, 34) = 1
w_146: arc (10, 39) = 1
w_149: arc (11, 4) = 1
w_151: arc (11, 8) = 1
w_152: arc (11, 15) = 1
w_154: arc (11, 17) = 1
w_156: arc (11, 19) = 1
w_157: arc (11, 21) = 1
w_158: arc (11, 24) = 1
w_159: arc (11, 27) = 1
w_161: arc (11, 32) = 1
w_164: arc (11, 39) = 1
w_166: arc (11, 44) = 1
w_171: arc (12, 5) = 1
w_173: arc (12, 10) = 1
w_175: arc (12, 30) = 1
w_178: arc (12, 39) = 1
w_184: arc (13, 21) = 1
w_185: arc (13, 28) = 1
w_186: arc (13, 37) = 1
w_187: arc (13, 40) = 1
w_189: arc (14, 6) = 1
w_193: arc (14, 19) = 1
w_194: arc (14, 21) = 1
w_195: arc (14, 28) = 1
w_197: arc (14, 33) = 1
w_202: arc (14, 45) = 1
w_203: arc (15, 1) = 1
w_204: arc (15, 11) = 1
w_215: arc (15, 48) = 1
w_217: arc (16, 1) = 1
w_218: arc (16, 2) = 1
w_219: arc (16, 7) = 1
w_220: arc (16, 8) = 1
w_221: arc (16, 11) = 1
w_223: arc (16, 18) = 1
w_228: arc (16, 31) = 1
w_229: arc (16, 32) = 1
w_230: arc (16, 36) = 1
w_232: arc (16, 44) = 1
w_233: arc (16, 48) = 1
w_235: arc (17, 6) = 1
w_240: arc (17, 21) = 1
w_242: arc (17, 29) = 1
w_243: arc (17, 31) = 1
w_245: arc (17, 33) = 1
w_248: arc (17, 42) = 1
w_250: arc (17, 47) = 1
w_251: arc (17, 50) = 1
w_255: arc (18, 7) = 1
w_257: arc (18, 15) = 1
w_258: arc (18, 16) = 1
w_260: arc (18, 21) = 1
w_261: arc (18, 24) = 1
w_263: arc (18, 27) = 1
w_264: arc (18, 32) = 1
w_265: arc (18, 35) = 1
w_266: arc (18, 36) = 1
w_267: arc (18, 39) = 1
w_269: arc (18, 43) = 1
w_270: arc (18, 44) = 1
w_271: arc (18, 48) = 1
w_273: arc (18, 50) = 1
w_279: arc (19, 14) = 1
w_283: arc (19, 21) = 1
w_284: arc (19, 24) = 1
w_287: arc (19, 29) = 1
w_288: arc (19, 32) = 1
w_289: arc (19, 33) = 1
w_291: arc (19, 39) = 1
w_292: arc (19, 40) = 1
w_294: arc (20, 15) = 1
w_295: arc (20, 23) = 1
w_300: arc (21, 3) = 1
w_303: arc (21, 10) = 1
w_304: arc (21, 11) = 1
w_308: arc (21, 17) = 1
w_309: arc (21, 18) = 1
w_310: arc (21, 19) = 1
w_311: arc (21, 24) = 1
w_312: arc (21, 27) = 1
w_316: arc (21, 37) = 1
w_318: arc (21, 41) = 1
w_319: arc (21, 45) = 1
w_321: arc (22, 2) = 1
w_322: arc (22, 8) = 1
w_323: arc (22, 15) = 1
w_324: arc (22, 16) = 1
w_327: arc (22, 44) = 1
w_329: arc (22, 50) = 1
w_332: arc (23, 25) = 1
w_333: arc (23, 27) = 1
w_336: arc (24, 1) = 1
w_337: arc (24, 3) = 1
w_338: arc (24, 4) = 1
w_340: arc (24, 7) = 1
w_341: arc (24, 9) = 1
w_342: arc (24, 10) = 1
w_343: arc (24, 11) = 1
w_345: arc (24, 18) = 1
w_348: arc (24, 27) = 1
w_350: arc (24, 32) = 1
w_351: arc (24, 34) = 1
w_352: arc (24, 35) = 1
w_358: arc (25, 18) = 1
w_360: arc (25, 23) = 1
w_365: arc (25, 49) = 1
w_367: arc (26, 7) = 1
w_368: arc (26, 17) = 1
w_369: arc (26, 19) = 1
w_372: arc (26, 31) = 1
w_373: arc (26, 32) = 1
w_374: arc (26, 33) = 1
w_376: arc (26, 40) = 1
w_377: arc (26, 41) = 1
w_379: arc (26, 46) = 1
w_384: arc (27, 11) = 1
w_386: arc (27, 16) = 1
w_389: arc (27, 21) = 1
w_394: arc (27, 35) = 1
w_398: arc (27, 43) = 1
w_400: arc (27, 48) = 1
w_401: arc (27, 49) = 1
w_403: arc (28, 6) = 1
w_405: arc (28, 10) = 1
w_410: arc (28, 26) = 1
w_411: arc (28, 29) = 1
w_412: arc (28, 33) = 1
w_415: arc (28, 40) = 1
w_419: arc (29, 14) = 1
w_420: arc (29, 17) = 1
w_421: arc (29, 19) = 1
w_428: arc (30, 3) = 1
w_429: arc (30, 4) = 1
w_430: arc (30, 5) = 1
w_431: arc (30, 9) = 1
w_432: arc (30, 10) = 1
w_435: arc (30, 34) = 1
w_436: arc (30, 35) = 1
w_437: arc (30, 39) = 1
w_438: arc (30, 45) = 1
w_439: arc (30, 49) = 1
w_441: arc (31, 8) = 1
w_447: arc (31, 32) = 1
w_449: arc (31, 38) = 1
w_453: arc (31, 46) = 1
w_454: arc (31, 47) = 1
w_460: arc (32, 8) = 1
w_462: arc (32, 16) = 1
w_464: arc (32, 18) = 1
w_467: arc (32, 24) = 1
w_468: arc (32, 26) = 1
w_469: arc (32, 27) = 1
w_470: arc (32, 31) = 1
w_471: arc (32, 33) = 1
w_472: arc (32, 39) = 1
w_476: arc (32, 50) = 1
w_477: arc (33, 6) = 1
w_478: arc (33, 7) = 1
w_482: arc (33, 19) = 1
w_483: arc (33, 21) = 1
w_485: arc (33, 28) = 1
w_487: arc (33, 31) = 1
w_488: arc (33, 32) = 1
w_490: arc (33, 40) = 1
w_491: arc (33, 41) = 1
w_492: arc (33, 42) = 1
w_495: arc (34, 1) = 1
w_497: arc (34, 4) = 1
w_500: arc (34, 10) = 1
w_502: arc (34, 24) = 1
w_503: arc (34, 30) = 1
w_504: arc (34, 35) = 1
w_505: arc (34, 39) = 1
w_507: arc (34, 49) = 1
w_508: arc (35, 1) = 1
w_515: arc (35, 25) = 1
w_517: arc (35, 30) = 1
w_518: arc (35, 34) = 1
w_521: arc (35, 43) = 1
w_522: arc (35, 49) = 1
w_523: arc (36, 1) = 1
w_528: arc (36, 18) = 1
w_529: arc (36, 20) = 1
w_531: arc (36, 25) = 1
w_532: arc (36, 27) = 1
w_536: arc (36, 49) = 1
w_538: arc (37, 7) = 1
w_540: arc (37, 14) = 1
w_541: arc (37, 19) = 1
w_542: arc (37, 21) = 1
w_543: arc (37, 28) = 1
w_544: arc (37, 29) = 1
w_546: arc (37, 40) = 1
w_547: arc (37, 41) = 1
w_550: arc (38, 17) = 1
w_556: arc (38, 50) = 1
w_557: arc (39, 1) = 1
w_559: arc (39, 4) = 1
w_560: arc (39, 5) = 1
w_561: arc (39, 7) = 1
w_562: arc (39, 9) = 1
w_563: arc (39, 10) = 1
w_565: arc (39, 12) = 1
w_568: arc (39, 19) = 1
w_569: arc (39, 21) = 1
w_570: arc (39, 24) = 1
w_571: arc (39, 27) = 1
w_572: arc (39, 28) = 1
w_573: arc (39, 30) = 1
w_574: arc (39, 32) = 1
w_575: arc (39, 34) = 1
w_577: arc (39, 41) = 1
w_578: arc (39, 45) = 1
w_579: arc (39, 49) = 1
w_581: arc (40, 13) = 1
w_582: arc (40, 14) = 1
w_583: arc (40, 19) = 1
w_585: arc (40, 28) = 1
w_586: arc (40, 29) = 1
w_588: arc (40, 37) = 1
w_590: arc (41, 6) = 1
w_592: arc (41, 8) = 1
w_593: arc (41, 11) = 1
w_594: arc (41, 14) = 1
w_595: arc (41, 16) = 1
w_601: arc (41, 26) = 1
w_606: arc (41, 33) = 1
w_607: arc (41, 37) = 1
w_608: arc (41, 39) = 1
w_609: arc (41, 44) = 1
w_613: arc (42, 8) = 1
w_614: arc (42, 17) = 1
w_617: arc (42, 31) = 1
w_619: arc (42, 38) = 1
w_621: arc (42, 47) = 1
w_622: arc (42, 48) = 1
w_623: arc (42, 50) = 1
w_625: arc (43, 4) = 1
w_626: arc (43, 15) = 1
w_633: arc (43, 36) = 1
w_637: arc (44, 8) = 1
w_638: arc (44, 11) = 1
w_640: arc (44, 16) = 1
w_642: arc (44, 22) = 1
w_643: arc (44, 27) = 1
w_644: arc (44, 31) = 1
w_650: arc (45, 3) = 1
w_652: arc (45, 5) = 1
w_656: arc (45, 13) = 1
w_660: arc (45, 28) = 1
w_662: arc (45, 34) = 1
w_663: arc (45, 39) = 1
w_666: arc (46, 6) = 1
w_667: arc (46, 8) = 1
w_668: arc (46, 17) = 1
w_672: arc (46, 33) = 1
w_676: arc (46, 47) = 1
w_677: arc (47, 2) = 1
w_678: arc (47, 8) = 1
w_679: arc (47, 17) = 1
w_680: arc (47, 26) = 1
w_681: arc (47, 31) = 1
w_683: arc (47, 38) = 1
w_685: arc (47, 46) = 1
w_686: arc (47, 50) = 1
w_687: arc (48, 2) = 1
w_697: arc (48, 42) = 1
w_698: arc (48, 44) = 1
w_706: arc (49, 21) = 1
w_707: arc (49, 24) = 1
w_708: arc (49, 25) = 1
w_710: arc (49, 30) = 1
w_717: arc (50, 1) = 1
w_719: arc (50, 8) = 1
w_720: arc (50, 11) = 1
w_721: arc (50, 15) = 1
w_723: arc (50, 17) = 1
w_724: arc (50, 18) = 1
w_728: arc (50, 32) = 1
w_729: arc (50, 38) = 1
w_730: arc (50, 41) = 1
w_731: arc (50, 42) = 1
w_733: arc (50, 47) = 1
w_734: arc (50, 48) = 1

**********************
y_k[] variables:
y_k0_i122: arc (8, 47) = 1
y_k0_i437: arc (30, 39) = 1
y_k0_i476: arc (32, 50) = 1
y_k0_i574: arc (39, 32) = 1
y_k0_i683: arc (47, 38) = 1
y_k0_i719: arc (50, 8) = 1
y_k1_i6: arc (1, 18) = 1
y_k1_i48: arc (4, 1) = 1
y_k1_i119: arc (8, 42) = 1
y_k1_i168: arc (11, 50) = 1
y_k1_i256: arc (18, 11) = 1
y_k1_i435: arc (30, 34) = 1
y_k1_i497: arc (34, 4) = 1
y_k1_i619: arc (42, 38) = 1
y_k1_i719: arc (50, 8) = 1
y_k2_i41: arc (3, 24) = 1
y_k2_i350: arc (24, 32) = 1
y_k2_i428: arc (30, 3) = 1
y_k2_i449: arc (31, 38) = 1
y_k2_i470: arc (32, 31) = 1


------------------------

Legenda:Instance_Name   K   Num_Nodes   Num_Archs Seed  U_budget    Max_Num_Discoveries    DDDI_Version Delta    BUB BLB Gap Elapsed_Time
Table:SPP_n50_s3_K3_B6_D1_d50.log   3  50 735 3 6    368  1 0.5 14.6797 1.14816   0.921786 7200.2 
