Instance_Name: SPP_n50_s3_K4_B6_D1_d50.log
K: 4
U_Budget: 6
Num_Nodes: 50
Num_Archs: 735
Max_Num_Discoveries: 368
DDDI_Version: 1
BUB: 14.0626
BLB: 0
Gap: 1
Elapsed_Time 7200.25


Solution:

w[] variables
:w_0: arc (1, 3) = 1
w_1: arc (1, 4) = 1
w_2: arc (1, 7) = 1
w_3: arc (1, 11) = 1
w_4: arc (1, 15) = 1
w_5: arc (1, 16) = 1
w_6: arc (1, 18) = 1
w_7: arc (1, 19) = 1
w_8: arc (1, 21) = 1
w_9: arc (1, 24) = 1
w_11: arc (1, 32) = 1
w_12: arc (1, 34) = 1
w_13: arc (1, 35) = 1
w_14: arc (1, 36) = 1
w_16: arc (1, 41) = 1
w_18: arc (1, 44) = 1
w_20: arc (1, 50) = 1
w_21: arc (2, 8) = 1
w_22: arc (2, 16) = 1
w_24: arc (2, 31) = 1
w_25: arc (2, 38) = 1
w_27: arc (2, 44) = 1
w_33: arc (3, 4) = 1
w_34: arc (3, 5) = 1
w_35: arc (3, 7) = 1
w_36: arc (3, 9) = 1
w_37: arc (3, 10) = 1
w_39: arc (3, 18) = 1
w_40: arc (3, 21) = 1
w_41: arc (3, 24) = 1
w_42: arc (3, 30) = 1
w_47: arc (3, 49) = 1
w_48: arc (4, 1) = 1
w_52: arc (4, 10) = 1
w_53: arc (4, 11) = 1
w_54: arc (4, 12) = 1
w_55: arc (4, 18) = 1
w_56: arc (4, 21) = 1
w_57: arc (4, 24) = 1
w_58: arc (4, 27) = 1
w_59: arc (4, 30) = 1
w_64: arc (4, 39) = 1
w_69: arc (5, 4) = 1
w_73: arc (5, 24) = 1
w_75: arc (5, 34) = 1
w_77: arc (5, 39) = 1
w_80: arc (6, 14) = 1
w_81: arc (6, 17) = 1
w_82: arc (6, 19) = 1
w_83: arc (6, 26) = 1
w_87: arc (6, 37) = 1
w_89: arc (6, 41) = 1
w_90: arc (6, 46) = 1
w_93: arc (7, 4) = 1
w_94: arc (7, 11) = 1
w_96: arc (7, 16) = 1
w_97: arc (7, 17) = 1
w_101: arc (7, 24) = 1
w_102: arc (7, 26) = 1
w_103: arc (7, 27) = 1
w_110: arc (8, 2) = 1
w_111: arc (8, 11) = 1
w_112: arc (8, 16) = 1
w_113: arc (8, 17) = 1
w_115: arc (8, 31) = 1
w_117: arc (8, 38) = 1
w_119: arc (8, 42) = 1
w_120: arc (8, 44) = 1
w_121: arc (8, 46) = 1
w_122: arc (8, 47) = 1
w_125: arc (9, 3) = 1
w_129: arc (9, 24) = 1
w_130: arc (9, 30) = 1
w_131: arc (9, 34) = 1
w_132: arc (9, 39) = 1
w_134: arc (10, 3) = 1
w_139: arc (10, 13) = 1
w_140: arc (10, 14) = 1
w_143: arc (10, 28) = 1
w_144: arc (10, 30) = 1
w_146: arc (10, 39) = 1
w_151: arc (11, 8) = 1
w_153: arc (11, 16) = 1
w_154: arc (11, 17) = 1
w_155: arc (11, 18) = 1
w_158: arc (11, 24) = 1
w_159: arc (11, 27) = 1
w_162: arc (11, 33) = 1
w_163: arc (11, 36) = 1
w_169: arc (12, 3) = 1
w_174: arc (12, 24) = 1
w_175: arc (12, 30) = 1
w_177: arc (12, 35) = 1
w_178: arc (12, 39) = 1
w_181: arc (13, 10) = 1
w_186: arc (13, 37) = 1
w_187: arc (13, 40) = 1
w_188: arc (13, 45) = 1
w_191: arc (14, 10) = 1
w_192: arc (14, 13) = 1
w_193: arc (14, 19) = 1
w_197: arc (14, 33) = 1
w_198: arc (14, 37) = 1
w_199: arc (14, 39) = 1
w_203: arc (15, 1) = 1
w_205: arc (15, 16) = 1
w_209: arc (15, 23) = 1
w_212: arc (15, 36) = 1
w_214: arc (15, 44) = 1
w_222: arc (16, 15) = 1
w_227: arc (16, 27) = 1
w_228: arc (16, 31) = 1
w_229: arc (16, 32) = 1
w_230: arc (16, 36) = 1
w_231: arc (16, 41) = 1
w_232: arc (16, 44) = 1
w_233: arc (16, 48) = 1
w_234: arc (16, 50) = 1
w_235: arc (17, 6) = 1
w_236: arc (17, 7) = 1
w_237: arc (17, 8) = 1
w_239: arc (17, 19) = 1
w_240: arc (17, 21) = 1
w_242: arc (17, 29) = 1
w_243: arc (17, 31) = 1
w_244: arc (17, 32) = 1
w_245: arc (17, 33) = 1
w_246: arc (17, 38) = 1
w_247: arc (17, 41) = 1
w_248: arc (17, 42) = 1
w_249: arc (17, 46) = 1
w_250: arc (17, 47) = 1
w_251: arc (17, 50) = 1
w_252: arc (18, 1) = 1
w_257: arc (18, 15) = 1
w_260: arc (18, 21) = 1
w_261: arc (18, 24) = 1
w_269: arc (18, 43) = 1
w_271: arc (18, 48) = 1
w_272: arc (18, 49) = 1
w_273: arc (18, 50) = 1
w_274: arc (19, 1) = 1
w_276: arc (19, 7) = 1
w_283: arc (19, 21) = 1
w_286: arc (19, 28) = 1
w_287: arc (19, 29) = 1
w_289: arc (19, 33) = 1
w_290: arc (19, 37) = 1
w_293: arc (19, 41) = 1
w_294: arc (20, 15) = 1
w_295: arc (20, 23) = 1
w_296: arc (20, 25) = 1
w_297: arc (20, 36) = 1
w_301: arc (21, 4) = 1
w_304: arc (21, 11) = 1
w_306: arc (21, 14) = 1
w_311: arc (21, 24) = 1
w_312: arc (21, 27) = 1
w_313: arc (21, 28) = 1
w_314: arc (21, 32) = 1
w_316: arc (21, 37) = 1
w_320: arc (21, 49) = 1
w_322: arc (22, 8) = 1
w_324: arc (22, 16) = 1
w_326: arc (22, 42) = 1
w_329: arc (22, 50) = 1
w_331: arc (23, 20) = 1
w_332: arc (23, 25) = 1
w_335: arc (23, 43) = 1
w_336: arc (24, 1) = 1
w_339: arc (24, 5) = 1
w_343: arc (24, 11) = 1
w_351: arc (24, 34) = 1
w_356: arc (24, 49) = 1
w_357: arc (25, 15) = 1
w_358: arc (25, 18) = 1
w_361: arc (25, 27) = 1
w_364: arc (25, 43) = 1
w_366: arc (26, 6) = 1
w_367: arc (26, 7) = 1
w_368: arc (26, 17) = 1
w_372: arc (26, 31) = 1
w_379: arc (26, 46) = 1
w_380: arc (26, 47) = 1
w_383: arc (27, 7) = 1
w_386: arc (27, 16) = 1
w_388: arc (27, 20) = 1
w_389: arc (27, 21) = 1
w_393: arc (27, 32) = 1
w_395: arc (27, 36) = 1
w_404: arc (28, 7) = 1
w_408: arc (28, 19) = 1
w_412: arc (28, 33) = 1
w_414: arc (28, 39) = 1
w_415: arc (28, 40) = 1
w_416: arc (28, 41) = 1
w_418: arc (29, 6) = 1
w_420: arc (29, 17) = 1
w_421: arc (29, 19) = 1
w_423: arc (29, 28) = 1
w_426: arc (29, 40) = 1
w_427: arc (29, 46) = 1
w_428: arc (30, 3) = 1
w_429: arc (30, 4) = 1
w_430: arc (30, 5) = 1
w_431: arc (30, 9) = 1
w_433: arc (30, 12) = 1
w_434: arc (30, 24) = 1
w_435: arc (30, 34) = 1
w_436: arc (30, 35) = 1
w_437: arc (30, 39) = 1
w_438: arc (30, 45) = 1
w_440: arc (31, 2) = 1
w_442: arc (31, 11) = 1
w_445: arc (31, 22) = 1
w_447: arc (31, 32) = 1
w_448: arc (31, 33) = 1
w_449: arc (31, 38) = 1
w_451: arc (31, 42) = 1
w_455: arc (31, 48) = 1
w_458: arc (32, 4) = 1
w_462: arc (32, 16) = 1
w_463: arc (32, 17) = 1
w_464: arc (32, 18) = 1
w_465: arc (32, 19) = 1
w_466: arc (32, 21) = 1
w_467: arc (32, 24) = 1
w_468: arc (32, 26) = 1
w_469: arc (32, 27) = 1
w_470: arc (32, 31) = 1
w_471: arc (32, 33) = 1
w_472: arc (32, 39) = 1
w_473: arc (32, 41) = 1
w_474: arc (32, 44) = 1
w_476: arc (32, 50) = 1
w_477: arc (33, 6) = 1
w_478: arc (33, 7) = 1
w_479: arc (33, 11) = 1
w_480: arc (33, 14) = 1
w_482: arc (33, 19) = 1
w_483: arc (33, 21) = 1
w_484: arc (33, 26) = 1
w_485: arc (33, 28) = 1
w_486: arc (33, 29) = 1
w_487: arc (33, 31) = 1
w_488: arc (33, 32) = 1
w_490: arc (33, 40) = 1
w_491: arc (33, 41) = 1
w_492: arc (33, 42) = 1
w_493: arc (33, 46) = 1
w_494: arc (33, 47) = 1
w_495: arc (34, 1) = 1
w_496: arc (34, 3) = 1
w_497: arc (34, 4) = 1
w_499: arc (34, 9) = 1
w_500: arc (34, 10) = 1
w_501: arc (34, 12) = 1
w_502: arc (34, 24) = 1
w_504: arc (34, 35) = 1
w_505: arc (34, 39) = 1
w_507: arc (34, 49) = 1
w_508: arc (35, 1) = 1
w_509: arc (35, 3) = 1
w_510: arc (35, 4) = 1
w_517: arc (35, 30) = 1
w_522: arc (35, 49) = 1
w_523: arc (36, 1) = 1
w_527: arc (36, 16) = 1
w_530: arc (36, 23) = 1
w_536: arc (36, 49) = 1
w_539: arc (37, 13) = 1
w_540: arc (37, 14) = 1
w_542: arc (37, 21) = 1
w_543: arc (37, 28) = 1
w_544: arc (37, 29) = 1
w_545: arc (37, 33) = 1
w_547: arc (37, 41) = 1
w_552: arc (38, 31) = 1
w_555: arc (38, 47) = 1
w_556: arc (38, 50) = 1
w_557: arc (39, 1) = 1
w_561: arc (39, 7) = 1
w_562: arc (39, 9) = 1
w_563: arc (39, 10) = 1
w_564: arc (39, 11) = 1
w_565: arc (39, 12) = 1
w_567: arc (39, 18) = 1
w_568: arc (39, 19) = 1
w_571: arc (39, 27) = 1
w_576: arc (39, 35) = 1
w_579: arc (39, 49) = 1
w_580: arc (40, 6) = 1
w_581: arc (40, 13) = 1
w_583: arc (40, 19) = 1
w_584: arc (40, 26) = 1
w_585: arc (40, 28) = 1
w_588: arc (40, 37) = 1
w_593: arc (41, 11) = 1
w_595: arc (41, 16) = 1
w_596: arc (41, 17) = 1
w_600: arc (41, 24) = 1
w_601: arc (41, 26) = 1
w_604: arc (41, 31) = 1
w_605: arc (41, 32) = 1
w_607: arc (41, 37) = 1
w_608: arc (41, 39) = 1
w_611: arc (41, 50) = 1
w_618: arc (42, 33) = 1
w_619: arc (42, 38) = 1
w_621: arc (42, 47) = 1
w_625: arc (43, 4) = 1
w_626: arc (43, 15) = 1
w_627: arc (43, 18) = 1
w_630: arc (43, 25) = 1
w_633: arc (43, 36) = 1
w_635: arc (44, 1) = 1
w_637: arc (44, 8) = 1
w_638: arc (44, 11) = 1
w_639: arc (44, 15) = 1
w_640: arc (44, 16) = 1
w_641: arc (44, 18) = 1
w_643: arc (44, 27) = 1
w_645: arc (44, 32) = 1
w_646: arc (44, 36) = 1
w_649: arc (44, 50) = 1
w_651: arc (45, 4) = 1
w_652: arc (45, 5) = 1
w_653: arc (45, 9) = 1
w_656: arc (45, 13) = 1
w_657: arc (45, 14) = 1
w_658: arc (45, 21) = 1
w_659: arc (45, 24) = 1
w_660: arc (45, 28) = 1
w_661: arc (45, 30) = 1
w_665: arc (46, 2) = 1
w_666: arc (46, 6) = 1
w_668: arc (46, 17) = 1
w_670: arc (46, 29) = 1
w_671: arc (46, 31) = 1
w_672: arc (46, 33) = 1
w_673: arc (46, 38) = 1
w_674: arc (46, 41) = 1
w_675: arc (46, 42) = 1
w_676: arc (46, 47) = 1
w_677: arc (47, 2) = 1
w_681: arc (47, 31) = 1
w_683: arc (47, 38) = 1
w_686: arc (47, 50) = 1
w_690: arc (48, 15) = 1
w_691: arc (48, 16) = 1
w_695: arc (48, 31) = 1
w_696: arc (48, 32) = 1
w_698: arc (48, 44) = 1
w_700: arc (49, 1) = 1
w_701: arc (49, 3) = 1
w_708: arc (49, 25) = 1
w_709: arc (49, 27) = 1
w_712: arc (49, 35) = 1
w_719: arc (50, 8) = 1
w_721: arc (50, 15) = 1
w_724: arc (50, 18) = 1
w_729: arc (50, 38) = 1
w_730: arc (50, 41) = 1
w_732: arc (50, 44) = 1

**********************
y_k[] variables:
y_k0_i45: arc (3, 39) = 1
y_k0_i246: arc (17, 38) = 1
y_k0_i428: arc (30, 3) = 1
y_k0_i577: arc (39, 41) = 1
y_k0_i596: arc (41, 17) = 1
y_k1_i3: arc (1, 11) = 1
y_k1_i48: arc (4, 1) = 1
y_k1_i117: arc (8, 38) = 1
y_k1_i151: arc (11, 8) = 1
y_k1_i429: arc (30, 4) = 1
y_k2_i55: arc (4, 18) = 1
y_k2_i122: arc (8, 47) = 1
y_k2_i273: arc (18, 50) = 1
y_k2_i435: arc (30, 34) = 1
y_k2_i497: arc (34, 4) = 1
y_k2_i683: arc (47, 38) = 1
y_k2_i719: arc (50, 8) = 1
y_k3_i5: arc (1, 16) = 1
y_k3_i228: arc (16, 31) = 1
y_k3_i336: arc (24, 1) = 1
y_k3_i435: arc (30, 34) = 1
y_k3_i449: arc (31, 38) = 1
y_k3_i502: arc (34, 24) = 1


------------------------

Legenda:Instance_Name   K   Num_Nodes   Num_Archs Seed  U_budget    Max_Num_Discoveries    DDDI_Version Delta    BUB BLB Gap Elapsed_Time
Table:SPP_n50_s3_K4_B6_D1_d50.log   4  50 735 3 6    368  1 0.5 14.0626 0   1 7200.25 
