Instance_Name: SPP_n50_s4_K2_B6_D1_d50.log
K: 2
U_Budget: 6
Num_Nodes: 50
Num_Archs: 735
Max_Num_Discoveries: 368
DDDI_Version: 1
BUB: 15.7357
BLB: 3.47155
Gap: 0.779384
Elapsed_Time 7200.07


Solution:

w[] variables
:w_0: arc (1, 2) = 1
w_2: arc (1, 7) = 1
w_9: arc (1, 19) = 1
w_11: arc (1, 22) = 1
w_14: arc (1, 31) = 1
w_17: arc (1, 35) = 1
w_18: arc (1, 36) = 1
w_21: arc (1, 50) = 1
w_23: arc (2, 6) = 1
w_24: arc (2, 7) = 1
w_26: arc (2, 20) = 1
w_27: arc (2, 22) = 1
w_28: arc (2, 26) = 1
w_29: arc (2, 31) = 1
w_31: arc (2, 36) = 1
w_32: arc (3, 10) = 1
w_35: arc (3, 29) = 1
w_39: arc (3, 50) = 1
w_40: arc (4, 8) = 1
w_42: arc (4, 18) = 1
w_44: arc (4, 23) = 1
w_46: arc (4, 28) = 1
w_47: arc (4, 33) = 1
w_52: arc (5, 21) = 1
w_59: arc (5, 43) = 1
w_60: arc (5, 46) = 1
w_66: arc (6, 12) = 1
w_68: arc (6, 15) = 1
w_69: arc (6, 16) = 1
w_70: arc (6, 19) = 1
w_73: arc (6, 26) = 1
w_75: arc (6, 31) = 1
w_76: arc (6, 32) = 1
w_81: arc (6, 50) = 1
w_82: arc (7, 1) = 1
w_83: arc (7, 2) = 1
w_84: arc (7, 6) = 1
w_85: arc (7, 11) = 1
w_86: arc (7, 20) = 1
w_87: arc (7, 22) = 1
w_88: arc (7, 26) = 1
w_89: arc (7, 34) = 1
w_90: arc (7, 36) = 1
w_91: arc (8, 4) = 1
w_92: arc (8, 18) = 1
w_101: arc (9, 33) = 1
w_103: arc (9, 37) = 1
w_104: arc (9, 38) = 1
w_115: arc (10, 24) = 1
w_118: arc (10, 39) = 1
w_121: arc (10, 46) = 1
w_122: arc (10, 47) = 1
w_124: arc (11, 1) = 1
w_125: arc (11, 2) = 1
w_126: arc (11, 6) = 1
w_127: arc (11, 7) = 1
w_128: arc (11, 20) = 1
w_129: arc (11, 22) = 1
w_132: arc (11, 32) = 1
w_134: arc (11, 36) = 1
w_136: arc (12, 6) = 1
w_137: arc (12, 13) = 1
w_138: arc (12, 14) = 1
w_139: arc (12, 15) = 1
w_144: arc (12, 24) = 1
w_146: arc (12, 31) = 1
w_148: arc (12, 33) = 1
w_149: arc (12, 35) = 1
w_150: arc (12, 36) = 1
w_153: arc (12, 40) = 1
w_155: arc (12, 43) = 1
w_157: arc (12, 45) = 1
w_158: arc (12, 46) = 1
w_160: arc (13, 1) = 1
w_161: arc (13, 12) = 1
w_162: arc (13, 14) = 1
w_164: arc (13, 16) = 1
w_165: arc (13, 19) = 1
w_167: arc (13, 23) = 1
w_168: arc (13, 24) = 1
w_169: arc (13, 30) = 1
w_170: arc (13, 31) = 1
w_171: arc (13, 32) = 1
w_172: arc (13, 33) = 1
w_173: arc (13, 35) = 1
w_177: arc (13, 43) = 1
w_178: arc (13, 44) = 1
w_180: arc (13, 46) = 1
w_182: arc (14, 1) = 1
w_184: arc (14, 10) = 1
w_185: arc (14, 12) = 1
w_190: arc (14, 20) = 1
w_191: arc (14, 24) = 1
w_193: arc (14, 30) = 1
w_194: arc (14, 31) = 1
w_196: arc (14, 36) = 1
w_198: arc (14, 44) = 1
w_201: arc (15, 1) = 1
w_203: arc (15, 9) = 1
w_209: arc (15, 23) = 1
w_210: arc (15, 30) = 1
w_211: arc (15, 31) = 1
w_213: arc (15, 33) = 1
w_214: arc (15, 35) = 1
w_215: arc (15, 36) = 1
w_216: arc (15, 37) = 1
w_218: arc (15, 42) = 1
w_219: arc (15, 44) = 1
w_221: arc (15, 46) = 1
w_222: arc (15, 50) = 1
w_225: arc (16, 6) = 1
w_226: arc (16, 10) = 1
w_228: arc (16, 13) = 1
w_229: arc (16, 14) = 1
w_231: arc (16, 19) = 1
w_232: arc (16, 20) = 1
w_233: arc (16, 24) = 1
w_234: arc (16, 29) = 1
w_236: arc (16, 32) = 1
w_239: arc (16, 44) = 1
w_240: arc (16, 46) = 1
w_241: arc (16, 50) = 1
w_243: arc (17, 9) = 1
w_244: arc (17, 18) = 1
w_246: arc (17, 23) = 1
w_248: arc (17, 37) = 1
w_250: arc (17, 42) = 1
w_254: arc (18, 8) = 1
w_255: arc (18, 17) = 1
w_256: arc (18, 21) = 1
w_257: arc (18, 42) = 1
w_260: arc (19, 6) = 1
w_261: arc (19, 10) = 1
w_262: arc (19, 12) = 1
w_263: arc (19, 13) = 1
w_266: arc (19, 16) = 1
w_267: arc (19, 21) = 1
w_268: arc (19, 23) = 1
w_269: arc (19, 24) = 1
w_270: arc (19, 30) = 1
w_274: arc (19, 35) = 1
w_276: arc (19, 37) = 1
w_277: arc (19, 39) = 1
w_279: arc (19, 43) = 1
w_282: arc (19, 50) = 1
w_283: arc (20, 1) = 1
w_284: arc (20, 2) = 1
w_285: arc (20, 6) = 1
w_286: arc (20, 7) = 1
w_287: arc (20, 11) = 1
w_288: arc (20, 14) = 1
w_289: arc (20, 16) = 1
w_291: arc (20, 26) = 1
w_292: arc (20, 32) = 1
w_294: arc (20, 36) = 1
w_295: arc (20, 50) = 1
w_296: arc (21, 4) = 1
w_298: arc (21, 8) = 1
w_299: arc (21, 12) = 1
w_302: arc (21, 18) = 1
w_304: arc (21, 23) = 1
w_306: arc (21, 27) = 1
w_313: arc (21, 49) = 1
w_314: arc (22, 1) = 1
w_317: arc (22, 7) = 1
w_318: arc (22, 11) = 1
w_319: arc (22, 20) = 1
w_321: arc (22, 31) = 1
w_323: arc (22, 34) = 1
w_324: arc (22, 36) = 1
w_325: arc (23, 4) = 1
w_326: arc (23, 5) = 1
w_329: arc (23, 15) = 1
w_330: arc (23, 17) = 1
w_332: arc (23, 21) = 1
w_335: arc (23, 28) = 1
w_336: arc (23, 33) = 1
w_340: arc (23, 43) = 1
w_341: arc (23, 44) = 1
w_343: arc (23, 46) = 1
w_345: arc (24, 5) = 1
w_346: arc (24, 10) = 1
w_348: arc (24, 13) = 1
w_349: arc (24, 14) = 1
w_352: arc (24, 21) = 1
w_357: arc (24, 39) = 1
w_359: arc (24, 44) = 1
w_360: arc (24, 46) = 1
w_361: arc (24, 47) = 1
w_362: arc (24, 50) = 1
w_364: arc (25, 10) = 1
w_370: arc (25, 47) = 1
w_371: arc (26, 1) = 1
w_372: arc (26, 2) = 1
w_373: arc (26, 6) = 1
w_376: arc (26, 20) = 1
w_378: arc (26, 32) = 1
w_381: arc (27, 4) = 1
w_383: arc (27, 8) = 1
w_385: arc (27, 23) = 1
w_389: arc (27, 39) = 1
w_394: arc (28, 8) = 1
w_395: arc (28, 21) = 1
w_396: arc (28, 23) = 1
w_398: arc (28, 25) = 1
w_399: arc (28, 27) = 1
w_400: arc (28, 39) = 1
w_402: arc (29, 3) = 1
w_403: arc (29, 10) = 1
w_409: arc (29, 47) = 1
w_410: arc (29, 50) = 1
w_411: arc (30, 1) = 1
w_415: arc (30, 13) = 1
w_424: arc (30, 37) = 1
w_428: arc (30, 44) = 1
w_430: arc (30, 48) = 1
w_431: arc (31, 1) = 1
w_435: arc (31, 12) = 1
w_436: arc (31, 13) = 1
w_441: arc (31, 22) = 1
w_442: arc (31, 30) = 1
w_443: arc (31, 32) = 1
w_445: arc (31, 36) = 1
w_446: arc (31, 37) = 1
w_448: arc (31, 44) = 1
w_452: arc (32, 11) = 1
w_455: arc (32, 14) = 1
w_458: arc (32, 19) = 1
w_459: arc (32, 20) = 1
w_461: arc (32, 26) = 1
w_462: arc (32, 29) = 1
w_463: arc (32, 30) = 1
w_464: arc (32, 31) = 1
w_472: arc (33, 9) = 1
w_474: arc (33, 13) = 1
w_479: arc (33, 23) = 1
w_482: arc (33, 37) = 1
w_485: arc (33, 42) = 1
w_486: arc (33, 44) = 1
w_487: arc (33, 45) = 1
w_488: arc (33, 49) = 1
w_489: arc (34, 1) = 1
w_492: arc (34, 7) = 1
w_494: arc (34, 20) = 1
w_495: arc (34, 22) = 1
w_496: arc (34, 26) = 1
w_497: arc (34, 32) = 1
w_498: arc (34, 36) = 1
w_500: arc (35, 9) = 1
w_502: arc (35, 13) = 1
w_504: arc (35, 19) = 1
w_505: arc (35, 30) = 1
w_506: arc (35, 31) = 1
w_507: arc (35, 33) = 1
w_509: arc (35, 37) = 1
w_511: arc (35, 40) = 1
w_513: arc (35, 42) = 1
w_514: arc (35, 44) = 1
w_516: arc (35, 48) = 1
w_517: arc (36, 1) = 1
w_521: arc (36, 11) = 1
w_522: arc (36, 12) = 1
w_525: arc (36, 16) = 1
w_526: arc (36, 19) = 1
w_532: arc (36, 32) = 1
w_538: arc (37, 12) = 1
w_541: arc (37, 17) = 1
w_542: arc (37, 19) = 1
w_544: arc (37, 30) = 1
w_546: arc (37, 33) = 1
w_549: arc (37, 42) = 1
w_551: arc (37, 45) = 1
w_556: arc (38, 45) = 1
w_560: arc (39, 8) = 1
w_561: arc (39, 10) = 1
w_562: arc (39, 12) = 1
w_563: arc (39, 13) = 1
w_565: arc (39, 21) = 1
w_566: arc (39, 23) = 1
w_568: arc (39, 25) = 1
w_569: arc (39, 27) = 1
w_570: arc (39, 28) = 1
w_571: arc (39, 33) = 1
w_572: arc (39, 42) = 1
w_573: arc (39, 43) = 1
w_574: arc (39, 44) = 1
w_578: arc (40, 15) = 1
w_583: arc (40, 37) = 1
w_584: arc (40, 38) = 1
w_590: arc (41, 30) = 1
w_595: arc (41, 48) = 1
w_597: arc (42, 9) = 1
w_598: arc (42, 12) = 1
w_604: arc (42, 21) = 1
w_607: arc (42, 30) = 1
w_608: arc (42, 33) = 1
w_609: arc (42, 35) = 1
w_610: arc (42, 37) = 1
w_612: arc (42, 40) = 1
w_613: arc (42, 44) = 1
w_616: arc (43, 3) = 1
w_618: arc (43, 10) = 1
w_619: arc (43, 12) = 1
w_624: arc (43, 21) = 1
w_626: arc (43, 24) = 1
w_629: arc (43, 28) = 1
w_630: arc (43, 32) = 1
w_633: arc (43, 46) = 1
w_637: arc (44, 6) = 1
w_640: arc (44, 13) = 1
w_641: arc (44, 14) = 1
w_643: arc (44, 16) = 1
w_644: arc (44, 19) = 1
w_648: arc (44, 30) = 1
w_649: arc (44, 31) = 1
w_650: arc (44, 32) = 1
w_653: arc (44, 36) = 1
w_656: arc (44, 42) = 1
w_658: arc (44, 46) = 1
w_664: arc (45, 17) = 1
w_665: arc (45, 23) = 1
w_666: arc (45, 30) = 1
w_667: arc (45, 33) = 1
w_668: arc (45, 35) = 1
w_670: arc (45, 38) = 1
w_671: arc (45, 40) = 1
w_674: arc (46, 1) = 1
w_680: arc (46, 13) = 1
w_681: arc (46, 14) = 1
w_683: arc (46, 16) = 1
w_684: arc (46, 19) = 1
w_686: arc (46, 24) = 1
w_689: arc (46, 39) = 1
w_690: arc (46, 43) = 1
w_697: arc (47, 24) = 1
w_698: arc (47, 25) = 1
w_701: arc (47, 46) = 1
w_702: arc (48, 9) = 1
w_706: arc (48, 40) = 1
w_709: arc (49, 8) = 1
w_711: arc (49, 18) = 1
w_712: arc (49, 21) = 1
w_713: arc (49, 33) = 1
w_717: arc (50, 3) = 1
w_718: arc (50, 6) = 1
w_720: arc (50, 12) = 1
w_722: arc (50, 14) = 1
w_724: arc (50, 16) = 1
w_725: arc (50, 19) = 1
w_726: arc (50, 20) = 1
w_733: arc (50, 44) = 1

**********************
y_k[] variables:
y_k0_i70: arc (6, 19) = 1
y_k0_i84: arc (7, 6) = 1
y_k0_i268: arc (19, 23) = 1
y_k0_i298: arc (21, 8) = 1
y_k0_i332: arc (23, 21) = 1
y_k1_i40: arc (4, 8) = 1
y_k1_i86: arc (7, 20) = 1
y_k1_i167: arc (13, 23) = 1
y_k1_i263: arc (19, 13) = 1
y_k1_i292: arc (20, 32) = 1
y_k1_i296: arc (21, 4) = 1
y_k1_i332: arc (23, 21) = 1
y_k1_i458: arc (32, 19) = 1


------------------------

Legenda:Instance_Name   K   Num_Nodes   Num_Archs Seed  U_budget    Max_Num_Discoveries    DDDI_Version Delta    BUB BLB Gap Elapsed_Time
Table:SPP_n50_s4_K2_B6_D1_d50.log   2  50 735 4 6    368  1 0.5 15.7357 3.47155   0.779384 7200.07 
