Instance_Name: SPP_n20_s5_K2_B6_D1_d75.log
K: 2
U_Budget: 6
Num_Nodes: 20
Num_Archs: 114
Max_Num_Discoveries: 86
DDDI_Version: 1
BUB: 14.6353
BLB: 14.6353
Gap: 5.32846e-08
Elapsed_Time 2898.31


Solution:

w[] variables
:w_15: arc (3, 17) = 1
w_28: arc (5, 18) = 1
w_48: arc (8, 13) = 1
w_50: arc (9, 4) = 1
w_51: arc (9, 8) = 1
w_53: arc (9, 12) = 1
w_72: arc (12, 13) = 1
w_79: arc (13, 15) = 1
w_88: arc (15, 3) = 1

**********************
y_k[] variables:
y_k0_i15: arc (3, 17) = 1
y_k0_i53: arc (9, 12) = 1
y_k0_i72: arc (12, 13) = 1
y_k0_i74: arc (13, 3) = 1
y_k1_i15: arc (3, 17) = 1
y_k1_i48: arc (8, 13) = 1
y_k1_i51: arc (9, 8) = 1
y_k1_i79: arc (13, 15) = 1
y_k1_i88: arc (15, 3) = 1


------------------------

Legenda:Instance_Name   K   Num_Nodes   Num_Archs Seed  U_budget    Max_Num_Discoveries    DDDI_Version Delta    BUB BLB Gap Elapsed_Time
Table:SPP_n20_s5_K2_B6_D1_d75.log   2  20 114 5 6    86  1 0.75 14.6353 14.6353   5.32846e-08 2898.31 
