Instance_Name: SPP_n30_s7_K2_B6_D1_d75.log
K: 2
U_Budget: 6
Num_Nodes: 30
Num_Archs: 261
Max_Num_Discoveries: 196
DDDI_Version: 1
BUB: 18.6782
BLB: 7.40593
Gap: 0.603499
Elapsed_Time 7200.02


Solution:

w[] variables
:w_2: arc (1, 16) = 1
w_7: arc (2, 5) = 1
w_8: arc (2, 7) = 1
w_10: arc (2, 13) = 1
w_11: arc (2, 14) = 1
w_13: arc (2, 24) = 1
w_15: arc (2, 28) = 1
w_16: arc (2, 29) = 1
w_18: arc (3, 6) = 1
w_19: arc (3, 11) = 1
w_20: arc (3, 13) = 1
w_22: arc (3, 19) = 1
w_23: arc (3, 20) = 1
w_24: arc (3, 23) = 1
w_25: arc (3, 25) = 1
w_28: arc (4, 12) = 1
w_30: arc (4, 16) = 1
w_32: arc (4, 19) = 1
w_33: arc (4, 21) = 1
w_36: arc (5, 2) = 1
w_37: arc (5, 7) = 1
w_38: arc (5, 9) = 1
w_40: arc (5, 14) = 1
w_41: arc (5, 24) = 1
w_42: arc (5, 26) = 1
w_43: arc (5, 28) = 1
w_44: arc (5, 30) = 1
w_46: arc (6, 11) = 1
w_47: arc (6, 15) = 1
w_49: arc (6, 20) = 1
w_50: arc (6, 25) = 1
w_54: arc (7, 10) = 1
w_57: arc (7, 23) = 1
w_60: arc (7, 28) = 1
w_61: arc (7, 29) = 1
w_62: arc (8, 10) = 1
w_63: arc (8, 17) = 1
w_67: arc (9, 5) = 1
w_70: arc (9, 13) = 1
w_72: arc (9, 23) = 1
w_73: arc (9, 24) = 1
w_74: arc (9, 26) = 1
w_76: arc (9, 29) = 1
w_77: arc (9, 30) = 1
w_79: arc (10, 8) = 1
w_81: arc (10, 17) = 1
w_83: arc (10, 24) = 1
w_85: arc (10, 28) = 1
w_86: arc (11, 3) = 1
w_88: arc (11, 13) = 1
w_89: arc (11, 14) = 1
w_91: arc (11, 19) = 1
w_92: arc (11, 20) = 1
w_93: arc (11, 23) = 1
w_94: arc (11, 25) = 1
w_96: arc (11, 30) = 1
w_98: arc (12, 4) = 1
w_102: arc (12, 22) = 1
w_103: arc (12, 27) = 1
w_105: arc (13, 2) = 1
w_106: arc (13, 3) = 1
w_107: arc (13, 5) = 1
w_108: arc (13, 7) = 1
w_109: arc (13, 9) = 1
w_112: arc (13, 23) = 1
w_114: arc (13, 26) = 1
w_117: arc (13, 30) = 1
w_119: arc (14, 5) = 1
w_120: arc (14, 7) = 1
w_121: arc (14, 9) = 1
w_123: arc (14, 13) = 1
w_127: arc (14, 28) = 1
w_128: arc (14, 29) = 1
w_129: arc (14, 30) = 1
w_130: arc (15, 3) = 1
w_131: arc (15, 4) = 1
w_134: arc (15, 19) = 1
w_136: arc (15, 25) = 1
w_137: arc (16, 1) = 1
w_138: arc (16, 4) = 1
w_139: arc (16, 12) = 1
w_141: arc (16, 21) = 1
w_143: arc (17, 8) = 1
w_144: arc (17, 10) = 1
w_146: arc (18, 4) = 1
w_147: arc (18, 12) = 1
w_149: arc (18, 19) = 1
w_153: arc (18, 29) = 1
w_154: arc (19, 3) = 1
w_157: arc (19, 11) = 1
w_158: arc (19, 15) = 1
w_159: arc (19, 18) = 1
w_160: arc (19, 20) = 1
w_161: arc (19, 21) = 1
w_162: arc (19, 23) = 1
w_164: arc (19, 29) = 1
w_165: arc (20, 3) = 1
w_167: arc (20, 11) = 1
w_168: arc (20, 15) = 1
w_172: arc (20, 30) = 1
w_173: arc (21, 1) = 1
w_174: arc (21, 4) = 1
w_175: arc (21, 12) = 1
w_177: arc (21, 16) = 1
w_178: arc (21, 18) = 1
w_180: arc (21, 22) = 1
w_181: arc (21, 23) = 1
w_186: arc (22, 12) = 1
w_189: arc (22, 21) = 1
w_190: arc (22, 27) = 1
w_191: arc (23, 2) = 1
w_199: arc (23, 18) = 1
w_203: arc (23, 29) = 1
w_205: arc (24, 5) = 1
w_208: arc (24, 10) = 1
w_209: arc (24, 13) = 1
w_210: arc (24, 14) = 1
w_211: arc (24, 26) = 1
w_212: arc (24, 28) = 1
w_213: arc (25, 3) = 1
w_214: arc (25, 6) = 1
w_215: arc (25, 11) = 1
w_216: arc (25, 15) = 1
w_217: arc (25, 19) = 1
w_218: arc (25, 20) = 1
w_219: arc (26, 2) = 1
w_220: arc (26, 5) = 1
w_222: arc (26, 9) = 1
w_223: arc (26, 13) = 1
w_225: arc (26, 24) = 1
w_227: arc (27, 8) = 1
w_228: arc (27, 10) = 1
w_231: arc (28, 2) = 1
w_233: arc (28, 7) = 1
w_234: arc (28, 9) = 1
w_235: arc (28, 10) = 1
w_240: arc (29, 1) = 1
w_241: arc (29, 2) = 1
w_245: arc (29, 11) = 1
w_247: arc (29, 13) = 1
w_249: arc (29, 18) = 1
w_250: arc (29, 19) = 1
w_251: arc (29, 21) = 1
w_253: arc (30, 2) = 1
w_254: arc (30, 3) = 1
w_257: arc (30, 11) = 1
w_258: arc (30, 13) = 1

**********************
y_k[] variables:
y_k0_i50: arc (6, 25) = 1
y_k0_i54: arc (7, 10) = 1
y_k0_i81: arc (10, 17) = 1
y_k0_i162: arc (19, 23) = 1
y_k0_i194: arc (23, 7) = 1
y_k0_i217: arc (25, 19) = 1
y_k1_i15: arc (2, 28) = 1
y_k1_i49: arc (6, 20) = 1
y_k1_i63: arc (8, 17) = 1
y_k1_i79: arc (10, 8) = 1
y_k1_i88: arc (11, 13) = 1
y_k1_i105: arc (13, 2) = 1
y_k1_i167: arc (20, 11) = 1
y_k1_i235: arc (28, 10) = 1


------------------------

Legenda:Instance_Name   K   Num_Nodes   Num_Archs Seed  U_budget    Max_Num_Discoveries    DDDI_Version Delta    BUB BLB Gap Elapsed_Time
Table:SPP_n30_s7_K2_B6_D1_d75.log   2  30 261 7 6    196  1 0.75 18.6782 7.40593   0.603499 7200.02 
