Instance_Name: SPP_n20_s10_K2_B3_D1_d75.log
K: 2
U_Budget: 3
Num_Nodes: 20
Num_Archs: 114
Max_Num_Discoveries: 86
DDDI_Version: 1
BUB: 14.4814
BLB: 14.4814
Gap: 0
Elapsed_Time 0


Solution:

w[] variables
:w_0: arc (1, 2) = 1
w_4: arc (1, 18) = 1
w_12: arc (2, 16) = 1
w_16: arc (3, 4) = 1
w_23: arc (5, 12) = 1
w_25: arc (6, 5) = 1
w_27: arc (6, 13) = 1
w_37: arc (7, 20) = 1
w_38: arc (8, 1) = 1
w_61: arc (11, 6) = 1
w_62: arc (11, 13) = 1
w_70: arc (13, 12) = 1
w_83: arc (16, 11) = 1
w_84: arc (16, 13) = 1
w_107: arc (20, 6) = 1
w_111: arc (20, 11) = 1
w_113: arc (20, 16) = 1

**********************
y_k[] variables:
y_k0_i0: arc (1, 2) = 1
y_k0_i12: arc (2, 16) = 1
y_k0_i70: arc (13, 12) = 1
y_k0_i84: arc (16, 13) = 1
y_k1_i2: arc (1, 9) = 1
y_k1_i52: arc (9, 20) = 1
y_k1_i62: arc (11, 13) = 1
y_k1_i70: arc (13, 12) = 1
y_k1_i111: arc (20, 11) = 1


------------------------

Legenda:Instance_Name   K   Num_Nodes   Num_Archs Seed  U_budget    Max_Num_Discoveries    DDDI_Version Delta    BUB BLB Gap Elapsed_Time
Table:SPP_n20_s10_K2_B3_D1_d75.log   2  20 114 10 3    86  1 0.75 14.4814 14.4814   0 0 
