Instance_Name: SPP_n50_s0_K2_B3_D1_d75.log
K: 2
U_Budget: 3
Num_Nodes: 50
Num_Archs: 735
Max_Num_Discoveries: 552
DDDI_Version: 1
BUB: 15.4804
BLB: 4.64974
Gap: 0.699637
Elapsed_Time 7200.03


Solution:

w[] variables
:w_4: arc (1, 10) = 1
w_5: arc (1, 13) = 1
w_10: arc (1, 28) = 1
w_12: arc (1, 31) = 1
w_15: arc (1, 37) = 1
w_16: arc (1, 40) = 1
w_17: arc (1, 42) = 1
w_18: arc (1, 50) = 1
w_19: arc (2, 3) = 1
w_20: arc (2, 4) = 1
w_22: arc (2, 11) = 1
w_24: arc (2, 18) = 1
w_25: arc (2, 30) = 1
w_30: arc (2, 47) = 1
w_31: arc (2, 48) = 1
w_32: arc (3, 2) = 1
w_33: arc (3, 4) = 1
w_34: arc (3, 7) = 1
w_36: arc (3, 14) = 1
w_37: arc (3, 16) = 1
w_38: arc (3, 30) = 1
w_40: arc (3, 38) = 1
w_41: arc (3, 40) = 1
w_42: arc (3, 41) = 1
w_43: arc (3, 48) = 1
w_44: arc (4, 1) = 1
w_45: arc (4, 2) = 1
w_46: arc (4, 3) = 1
w_47: arc (4, 6) = 1
w_49: arc (4, 10) = 1
w_51: arc (4, 14) = 1
w_52: arc (4, 16) = 1
w_54: arc (4, 27) = 1
w_55: arc (4, 28) = 1
w_56: arc (4, 30) = 1
w_57: arc (4, 31) = 1
w_58: arc (4, 33) = 1
w_59: arc (4, 35) = 1
w_62: arc (4, 41) = 1
w_63: arc (4, 42) = 1
w_64: arc (4, 48) = 1
w_65: arc (4, 50) = 1
w_66: arc (5, 1) = 1
w_68: arc (5, 8) = 1
w_69: arc (5, 9) = 1
w_70: arc (5, 10) = 1
w_73: arc (5, 23) = 1
w_74: arc (5, 25) = 1
w_75: arc (5, 27) = 1
w_78: arc (5, 31) = 1
w_79: arc (5, 35) = 1
w_80: arc (5, 37) = 1
w_81: arc (6, 1) = 1
w_82: arc (6, 4) = 1
w_83: arc (6, 5) = 1
w_84: arc (6, 8) = 1
w_86: arc (6, 10) = 1
w_88: arc (6, 13) = 1
w_89: arc (6, 15) = 1
w_90: arc (6, 20) = 1
w_91: arc (6, 21) = 1
w_93: arc (6, 23) = 1
w_95: arc (6, 27) = 1
w_96: arc (6, 28) = 1
w_98: arc (6, 32) = 1
w_101: arc (6, 39) = 1
w_102: arc (6, 40) = 1
w_103: arc (6, 42) = 1
w_104: arc (6, 44) = 1
w_105: arc (6, 50) = 1
w_107: arc (7, 3) = 1
w_108: arc (7, 11) = 1
w_109: arc (7, 16) = 1
w_113: arc (7, 47) = 1
w_115: arc (8, 5) = 1
w_116: arc (8, 6) = 1
w_117: arc (8, 10) = 1
w_118: arc (8, 12) = 1
w_119: arc (8, 17) = 1
w_120: arc (8, 20) = 1
w_122: arc (8, 25) = 1
w_123: arc (8, 27) = 1
w_126: arc (9, 1) = 1
w_127: arc (9, 4) = 1
w_128: arc (9, 5) = 1
w_129: arc (9, 6) = 1
w_130: arc (9, 10) = 1
w_131: arc (9, 13) = 1
w_133: arc (9, 23) = 1
w_135: arc (9, 27) = 1
w_136: arc (9, 28) = 1
w_137: arc (9, 30) = 1
w_138: arc (9, 31) = 1
w_143: arc (9, 40) = 1
w_145: arc (9, 42) = 1
w_149: arc (10, 5) = 1
w_151: arc (10, 8) = 1
w_152: arc (10, 9) = 1
w_155: arc (10, 14) = 1
w_156: arc (10, 23) = 1
w_157: arc (10, 25) = 1
w_158: arc (10, 27) = 1
w_159: arc (10, 28) = 1
w_160: arc (10, 30) = 1
w_162: arc (10, 33) = 1
w_163: arc (10, 35) = 1
w_166: arc (10, 50) = 1
w_167: arc (11, 2) = 1
w_168: arc (11, 3) = 1
w_169: arc (11, 7) = 1
w_170: arc (11, 16) = 1
w_171: arc (11, 18) = 1
w_172: arc (11, 48) = 1
w_173: arc (12, 6) = 1
w_177: arc (12, 17) = 1
w_178: arc (12, 20) = 1
w_179: arc (12, 22) = 1
w_182: arc (12, 27) = 1
w_184: arc (12, 35) = 1
w_186: arc (13, 1) = 1
w_187: arc (13, 4) = 1
w_189: arc (13, 6) = 1
w_191: arc (13, 10) = 1
w_192: arc (13, 14) = 1
w_194: arc (13, 25) = 1
w_195: arc (13, 27) = 1
w_196: arc (13, 28) = 1
w_198: arc (13, 31) = 1
w_200: arc (13, 35) = 1
w_201: arc (13, 37) = 1
w_202: arc (13, 40) = 1
w_206: arc (14, 1) = 1
w_207: arc (14, 3) = 1
w_208: arc (14, 4) = 1
w_209: arc (14, 5) = 1
w_210: arc (14, 9) = 1
w_211: arc (14, 10) = 1
w_212: arc (14, 13) = 1
w_213: arc (14, 23) = 1
w_215: arc (14, 28) = 1
w_216: arc (14, 30) = 1
w_217: arc (14, 31) = 1
w_218: arc (14, 33) = 1
w_219: arc (14, 34) = 1
w_220: arc (14, 37) = 1
w_221: arc (14, 38) = 1
w_222: arc (14, 40) = 1
w_223: arc (14, 41) = 1
w_225: arc (15, 6) = 1
w_227: arc (15, 20) = 1
w_228: arc (15, 21) = 1
w_230: arc (15, 32) = 1
w_231: arc (15, 39) = 1
w_232: arc (15, 44) = 1
w_234: arc (15, 46) = 1
w_235: arc (15, 49) = 1
w_236: arc (16, 2) = 1
w_240: arc (16, 11) = 1
w_241: arc (16, 18) = 1
w_243: arc (16, 38) = 1
w_244: arc (16, 40) = 1
w_245: arc (16, 41) = 1
w_247: arc (16, 48) = 1
w_248: arc (17, 8) = 1
w_249: arc (17, 12) = 1
w_250: arc (17, 20) = 1
w_252: arc (17, 39) = 1
w_253: arc (18, 2) = 1
w_254: arc (18, 7) = 1
w_255: arc (18, 11) = 1
w_256: arc (18, 16) = 1
w_257: arc (18, 36) = 1
w_258: arc (18, 47) = 1
w_259: arc (18, 48) = 1
w_260: arc (19, 21) = 1
w_262: arc (19, 26) = 1
w_265: arc (19, 45) = 1
w_267: arc (19, 49) = 1
w_268: arc (20, 6) = 1
w_269: arc (20, 8) = 1
w_271: arc (20, 15) = 1
w_273: arc (20, 22) = 1
w_274: arc (20, 23) = 1
w_275: arc (20, 25) = 1
w_276: arc (20, 27) = 1
w_277: arc (20, 32) = 1
w_279: arc (20, 39) = 1
w_280: arc (20, 44) = 1
w_283: arc (21, 6) = 1
w_284: arc (21, 15) = 1
w_285: arc (21, 19) = 1
w_288: arc (21, 29) = 1
w_289: arc (21, 32) = 1
w_290: arc (21, 33) = 1
w_291: arc (21, 42) = 1
w_293: arc (21, 44) = 1
w_296: arc (21, 49) = 1
w_297: arc (21, 50) = 1
w_300: arc (22, 15) = 1
w_303: arc (22, 32) = 1
w_304: arc (22, 35) = 1
w_305: arc (22, 39) = 1
w_307: arc (22, 45) = 1
w_308: arc (22, 49) = 1
w_309: arc (22, 50) = 1
w_310: arc (23, 1) = 1
w_311: arc (23, 4) = 1
w_312: arc (23, 5) = 1
w_316: arc (23, 10) = 1
w_317: arc (23, 12) = 1
w_321: arc (23, 25) = 1
w_323: arc (23, 28) = 1
w_326: arc (23, 33) = 1
w_327: arc (23, 35) = 1
w_331: arc (23, 44) = 1
w_332: arc (23, 50) = 1
w_334: arc (24, 26) = 1
w_335: arc (24, 29) = 1
w_336: arc (24, 36) = 1
w_338: arc (24, 46) = 1
w_339: arc (24, 47) = 1
w_340: arc (25, 1) = 1
w_341: arc (25, 5) = 1
w_342: arc (25, 6) = 1
w_343: arc (25, 8) = 1
w_344: arc (25, 9) = 1
w_345: arc (25, 10) = 1
w_346: arc (25, 12) = 1
w_347: arc (25, 13) = 1
w_348: arc (25, 17) = 1
w_350: arc (25, 23) = 1
w_351: arc (25, 27) = 1
w_352: arc (25, 28) = 1
w_353: arc (25, 31) = 1
w_354: arc (25, 32) = 1
w_355: arc (25, 33) = 1
w_356: arc (25, 35) = 1
w_357: arc (25, 37) = 1
w_358: arc (25, 39) = 1
w_359: arc (25, 42) = 1
w_363: arc (26, 21) = 1
w_364: arc (26, 24) = 1
w_367: arc (26, 45) = 1
w_369: arc (26, 49) = 1
w_370: arc (27, 1) = 1
w_371: arc (27, 4) = 1
w_373: arc (27, 6) = 1
w_374: arc (27, 8) = 1
w_376: arc (27, 10) = 1
w_377: arc (27, 12) = 1
w_378: arc (27, 13) = 1
w_379: arc (27, 14) = 1
w_380: arc (27, 20) = 1
w_381: arc (27, 23) = 1
w_383: arc (27, 28) = 1
w_384: arc (27, 30) = 1
w_385: arc (27, 31) = 1
w_388: arc (27, 37) = 1
w_390: arc (27, 40) = 1
w_393: arc (28, 1) = 1
w_394: arc (28, 4) = 1
w_395: arc (28, 5) = 1
w_396: arc (28, 6) = 1
w_397: arc (28, 9) = 1
w_398: arc (28, 10) = 1
w_400: arc (28, 14) = 1
w_401: arc (28, 23) = 1
w_402: arc (28, 25) = 1
w_403: arc (28, 27) = 1
w_404: arc (28, 30) = 1
w_406: arc (28, 33) = 1
w_409: arc (28, 38) = 1
w_410: arc (28, 40) = 1
w_411: arc (28, 41) = 1
w_413: arc (28, 44) = 1
w_414: arc (28, 50) = 1
w_415: arc (29, 19) = 1
w_416: arc (29, 21) = 1
w_417: arc (29, 24) = 1
w_418: arc (29, 26) = 1
w_419: arc (29, 43) = 1
w_420: arc (29, 45) = 1
w_421: arc (29, 46) = 1
w_422: arc (29, 47) = 1
w_423: arc (29, 49) = 1
w_424: arc (30, 1) = 1
w_425: arc (30, 2) = 1
w_426: arc (30, 3) = 1
w_427: arc (30, 4) = 1
w_428: arc (30, 5) = 1
w_429: arc (30, 6) = 1
w_430: arc (30, 9) = 1
w_431: arc (30, 10) = 1
w_432: arc (30, 13) = 1
w_433: arc (30, 14) = 1
w_434: arc (30, 23) = 1
w_435: arc (30, 27) = 1
w_437: arc (30, 31) = 1
w_438: arc (30, 33) = 1
w_439: arc (30, 35) = 1
w_440: arc (30, 38) = 1
w_442: arc (30, 41) = 1
w_443: arc (30, 42) = 1
w_444: arc (30, 44) = 1
w_445: arc (30, 48) = 1
w_446: arc (30, 50) = 1
w_447: arc (31, 1) = 1
w_450: arc (31, 9) = 1
w_451: arc (31, 10) = 1
w_452: arc (31, 13) = 1
w_453: arc (31, 14) = 1
w_454: arc (31, 23) = 1
w_455: arc (31, 25) = 1
w_456: arc (31, 27) = 1
w_457: arc (31, 28) = 1
w_458: arc (31, 30) = 1
w_460: arc (31, 35) = 1
w_463: arc (32, 6) = 1
w_467: arc (32, 21) = 1
w_468: arc (32, 22) = 1
w_469: arc (32, 25) = 1
w_470: arc (32, 35) = 1
w_471: arc (32, 39) = 1
w_474: arc (32, 46) = 1
w_475: arc (32, 49) = 1
w_476: arc (32, 50) = 1
w_477: arc (33, 1) = 1
w_478: arc (33, 4) = 1
w_479: arc (33, 6) = 1
w_480: arc (33, 9) = 1
w_482: arc (33, 13) = 1
w_486: arc (33, 25) = 1
w_487: arc (33, 27) = 1
w_491: arc (33, 38) = 1
w_493: arc (33, 42) = 1
w_497: arc (34, 14) = 1
w_499: arc (34, 38) = 1
w_500: arc (34, 41) = 1
w_501: arc (34, 48) = 1
w_503: arc (35, 4) = 1
w_504: arc (35, 5) = 1
w_506: arc (35, 8) = 1
w_509: arc (35, 12) = 1
w_510: arc (35, 13) = 1
w_512: arc (35, 22) = 1
w_516: arc (35, 28) = 1
w_518: arc (35, 31) = 1
w_520: arc (35, 33) = 1
w_522: arc (35, 40) = 1
w_523: arc (35, 42) = 1
w_524: arc (35, 44) = 1
w_526: arc (36, 2) = 1
w_527: arc (36, 7) = 1
w_528: arc (36, 16) = 1
w_530: arc (36, 24) = 1
w_531: arc (36, 38) = 1
w_532: arc (36, 47) = 1
w_533: arc (36, 48) = 1
w_534: arc (37, 1) = 1
w_535: arc (37, 5) = 1
w_536: arc (37, 9) = 1
w_537: arc (37, 10) = 1
w_538: arc (37, 13) = 1
w_539: arc (37, 14) = 1
w_540: arc (37, 23) = 1
w_541: arc (37, 25) = 1
w_544: arc (37, 31) = 1
w_545: arc (38, 2) = 1
w_546: arc (38, 3) = 1
w_547: arc (38, 4) = 1
w_548: arc (38, 7) = 1
w_549: arc (38, 9) = 1
w_550: arc (38, 14) = 1
w_551: arc (38, 16) = 1
w_552: arc (38, 28) = 1
w_553: arc (38, 30) = 1
w_554: arc (38, 33) = 1
w_558: arc (38, 41) = 1
w_560: arc (38, 48) = 1
w_562: arc (39, 8) = 1
w_563: arc (39, 12) = 1
w_565: arc (39, 17) = 1
w_566: arc (39, 20) = 1
w_567: arc (39, 22) = 1
w_570: arc (39, 32) = 1
w_571: arc (39, 35) = 1
w_572: arc (40, 1) = 1
w_573: arc (40, 2) = 1
w_574: arc (40, 3) = 1
w_575: arc (40, 4) = 1
w_576: arc (40, 6) = 1
w_578: arc (40, 13) = 1
w_580: arc (40, 16) = 1
w_582: arc (40, 27) = 1
w_583: arc (40, 28) = 1
w_584: arc (40, 30) = 1
w_585: arc (40, 33) = 1
w_586: arc (40, 35) = 1
w_588: arc (40, 41) = 1
w_591: arc (40, 48) = 1
w_592: arc (40, 50) = 1
w_594: arc (41, 3) = 1
w_597: arc (41, 14) = 1
w_598: arc (41, 16) = 1
w_599: arc (41, 28) = 1
w_600: arc (41, 30) = 1
w_601: arc (41, 31) = 1
w_603: arc (41, 38) = 1
w_604: arc (41, 40) = 1
w_608: arc (42, 6) = 1
w_609: arc (42, 9) = 1
w_610: arc (42, 10) = 1
w_611: arc (42, 13) = 1
w_612: arc (42, 14) = 1
w_613: arc (42, 21) = 1
w_614: arc (42, 23) = 1
w_615: arc (42, 25) = 1
w_616: arc (42, 27) = 1
w_617: arc (42, 28) = 1
w_618: arc (42, 30) = 1
w_619: arc (42, 33) = 1
w_620: arc (42, 35) = 1
w_621: arc (42, 38) = 1
w_622: arc (42, 40) = 1
w_625: arc (43, 19) = 1
w_627: arc (43, 24) = 1
w_629: arc (43, 29) = 1
w_630: arc (43, 44) = 1
w_633: arc (43, 47) = 1
w_636: arc (44, 13) = 1
w_637: arc (44, 15) = 1
w_638: arc (44, 20) = 1
w_639: arc (44, 21) = 1
w_640: arc (44, 22) = 1
w_641: arc (44, 23) = 1
w_642: arc (44, 25) = 1
w_643: arc (44, 28) = 1
w_645: arc (44, 32) = 1
w_646: arc (44, 33) = 1
w_647: arc (44, 35) = 1
w_648: arc (44, 40) = 1
w_649: arc (44, 42) = 1
w_650: arc (44, 43) = 1
w_651: arc (44, 45) = 1
w_652: arc (44, 46) = 1
w_653: arc (44, 49) = 1
w_654: arc (44, 50) = 1
w_657: arc (45, 21) = 1
w_659: arc (45, 26) = 1
w_660: arc (45, 29) = 1
w_661: arc (45, 32) = 1
w_663: arc (45, 44) = 1
w_664: arc (45, 46) = 1
w_665: arc (45, 49) = 1
w_666: arc (45, 50) = 1
w_667: arc (46, 15) = 1
w_668: arc (46, 19) = 1
w_669: arc (46, 21) = 1
w_671: arc (46, 26) = 1
w_672: arc (46, 29) = 1
w_673: arc (46, 32) = 1
w_674: arc (46, 43) = 1
w_675: arc (46, 44) = 1
w_677: arc (46, 49) = 1
w_678: arc (46, 50) = 1
w_679: arc (47, 2) = 1
w_680: arc (47, 7) = 1
w_681: arc (47, 16) = 1
w_682: arc (47, 18) = 1
w_684: arc (47, 29) = 1
w_686: arc (47, 43) = 1
w_688: arc (48, 3) = 1
w_689: arc (48, 4) = 1
w_690: arc (48, 7) = 1
w_691: arc (48, 11) = 1
w_692: arc (48, 16) = 1
w_693: arc (48, 18) = 1
w_694: arc (48, 30) = 1
w_695: arc (48, 34) = 1
w_696: arc (48, 36) = 1
w_697: arc (48, 38) = 1
w_698: arc (48, 40) = 1
w_699: arc (48, 41) = 1
w_701: arc (49, 19) = 1
w_702: arc (49, 20) = 1
w_703: arc (49, 21) = 1
w_706: arc (49, 29) = 1
w_707: arc (49, 32) = 1
w_708: arc (49, 43) = 1
w_709: arc (49, 44) = 1
w_710: arc (49, 45) = 1
w_711: arc (49, 46) = 1
w_712: arc (50, 1) = 1
w_714: arc (50, 6) = 1
w_715: arc (50, 9) = 1
w_718: arc (50, 15) = 1
w_719: arc (50, 20) = 1
w_721: arc (50, 22) = 1
w_722: arc (50, 23) = 1
w_723: arc (50, 25) = 1
w_725: arc (50, 28) = 1
w_726: arc (50, 30) = 1
w_728: arc (50, 33) = 1
w_729: arc (50, 35) = 1
w_731: arc (50, 42) = 1
w_734: arc (50, 46) = 1

**********************
y_k[] variables:
y_k0_i56: arc (4, 30) = 1
y_k0_i172: arc (11, 48) = 1
y_k0_i177: arc (12, 17) = 1
y_k0_i439: arc (30, 35) = 1
y_k0_i509: arc (35, 12) = 1
y_k0_i689: arc (48, 4) = 1
y_k1_i20: arc (2, 4) = 1
y_k1_i50: arc (4, 13) = 1
y_k1_i167: arc (11, 2) = 1
y_k1_i177: arc (12, 17) = 1
y_k1_i194: arc (13, 25) = 1
y_k1_i346: arc (25, 12) = 1


------------------------

Legenda:Instance_Name   K   Num_Nodes   Num_Archs Seed  U_budget    Max_Num_Discoveries    DDDI_Version Delta    BUB BLB Gap Elapsed_Time
Table:SPP_n50_s0_K2_B3_D1_d75.log   2  50 735 0 3    552  1 0.75 15.4804 4.64974   0.699637 7200.03 
