Instance_Name: SPP_n50_s4_K3_B6_D1_d25.log
K: 3
U_Budget: 6
Num_Nodes: 50
Num_Archs: 735
Max_Num_Discoveries: 184
DDDI_Version: 1
BUB: 15.1991
BLB: 2.30594
Gap: 0.848284
Elapsed_Time 7200.09


Solution:

w[] variables
:w_1: arc (1, 6) = 1
w_3: arc (1, 11) = 1
w_6: arc (1, 14) = 1
w_15: arc (1, 32) = 1
w_17: arc (1, 35) = 1
w_18: arc (1, 36) = 1
w_20: arc (1, 46) = 1
w_23: arc (2, 6) = 1
w_28: arc (2, 26) = 1
w_31: arc (2, 36) = 1
w_40: arc (4, 8) = 1
w_47: arc (4, 33) = 1
w_51: arc (5, 10) = 1
w_52: arc (5, 21) = 1
w_66: arc (6, 12) = 1
w_69: arc (6, 16) = 1
w_70: arc (6, 19) = 1
w_73: arc (6, 26) = 1
w_76: arc (6, 32) = 1
w_79: arc (6, 44) = 1
w_80: arc (6, 46) = 1
w_81: arc (6, 50) = 1
w_82: arc (7, 1) = 1
w_84: arc (7, 6) = 1
w_85: arc (7, 11) = 1
w_86: arc (7, 20) = 1
w_88: arc (7, 26) = 1
w_89: arc (7, 34) = 1
w_90: arc (7, 36) = 1
w_98: arc (9, 15) = 1
w_103: arc (9, 37) = 1
w_115: arc (10, 24) = 1
w_116: arc (10, 25) = 1
w_117: arc (10, 29) = 1
w_120: arc (10, 44) = 1
w_122: arc (10, 47) = 1
w_124: arc (11, 1) = 1
w_128: arc (11, 20) = 1
w_136: arc (12, 6) = 1
w_142: arc (12, 21) = 1
w_144: arc (12, 24) = 1
w_146: arc (12, 31) = 1
w_150: arc (12, 36) = 1
w_151: arc (12, 37) = 1
w_152: arc (12, 39) = 1
w_154: arc (12, 42) = 1
w_177: arc (13, 43) = 1
w_178: arc (13, 44) = 1
w_180: arc (13, 46) = 1
w_183: arc (14, 6) = 1
w_189: arc (14, 19) = 1
w_191: arc (14, 24) = 1
w_192: arc (14, 29) = 1
w_195: arc (14, 32) = 1
w_196: arc (14, 36) = 1
w_199: arc (14, 46) = 1
w_204: arc (15, 12) = 1
w_206: arc (15, 14) = 1
w_214: arc (15, 35) = 1
w_215: arc (15, 36) = 1
w_235: arc (16, 31) = 1
w_238: arc (16, 43) = 1
w_239: arc (16, 44) = 1
w_240: arc (16, 46) = 1
w_242: arc (17, 4) = 1
w_243: arc (17, 9) = 1
w_244: arc (17, 18) = 1
w_245: arc (17, 21) = 1
w_247: arc (17, 33) = 1
w_248: arc (17, 37) = 1
w_250: arc (17, 42) = 1
w_254: arc (18, 8) = 1
w_258: arc (18, 49) = 1
w_277: arc (19, 39) = 1
w_280: arc (19, 44) = 1
w_281: arc (19, 46) = 1
w_287: arc (20, 11) = 1
w_288: arc (20, 14) = 1
w_289: arc (20, 16) = 1
w_298: arc (21, 8) = 1
w_300: arc (21, 13) = 1
w_304: arc (21, 23) = 1
w_311: arc (21, 43) = 1
w_314: arc (22, 1) = 1
w_315: arc (22, 2) = 1
w_328: arc (23, 13) = 1
w_340: arc (23, 43) = 1
w_341: arc (23, 44) = 1
w_346: arc (24, 10) = 1
w_357: arc (24, 39) = 1
w_364: arc (25, 10) = 1
w_365: arc (25, 24) = 1
w_367: arc (25, 28) = 1
w_370: arc (25, 47) = 1
w_388: arc (27, 28) = 1
w_394: arc (28, 8) = 1
w_398: arc (28, 25) = 1
w_412: arc (30, 6) = 1
w_413: arc (30, 9) = 1
w_421: arc (30, 33) = 1
w_424: arc (30, 37) = 1
w_428: arc (30, 44) = 1
w_437: arc (31, 14) = 1
w_439: arc (31, 16) = 1
w_464: arc (32, 31) = 1
w_470: arc (32, 50) = 1
w_474: arc (33, 13) = 1
w_477: arc (33, 19) = 1
w_478: arc (33, 21) = 1
w_482: arc (33, 37) = 1
w_490: arc (34, 2) = 1
w_491: arc (34, 6) = 1
w_492: arc (34, 7) = 1
w_493: arc (34, 11) = 1
w_494: arc (34, 20) = 1
w_496: arc (34, 26) = 1
w_497: arc (34, 32) = 1
w_498: arc (34, 36) = 1
w_499: arc (35, 1) = 1
w_500: arc (35, 9) = 1
w_501: arc (35, 12) = 1
w_502: arc (35, 13) = 1
w_503: arc (35, 15) = 1
w_504: arc (35, 19) = 1
w_505: arc (35, 30) = 1
w_506: arc (35, 31) = 1
w_507: arc (35, 33) = 1
w_509: arc (35, 37) = 1
w_510: arc (35, 38) = 1
w_514: arc (35, 44) = 1
w_517: arc (36, 1) = 1
w_518: arc (36, 2) = 1
w_519: arc (36, 6) = 1
w_522: arc (36, 12) = 1
w_525: arc (36, 16) = 1
w_528: arc (36, 22) = 1
w_532: arc (36, 32) = 1
w_535: arc (36, 44) = 1
w_536: arc (36, 50) = 1
w_540: arc (37, 15) = 1
w_544: arc (37, 30) = 1
w_546: arc (37, 33) = 1
w_548: arc (37, 40) = 1
w_550: arc (37, 44) = 1
w_554: arc (38, 40) = 1
w_560: arc (39, 8) = 1
w_565: arc (39, 21) = 1
w_566: arc (39, 23) = 1
w_567: arc (39, 24) = 1
w_570: arc (39, 28) = 1
w_574: arc (39, 44) = 1
w_580: arc (40, 30) = 1
w_595: arc (41, 48) = 1
w_600: arc (42, 15) = 1
w_610: arc (42, 37) = 1
w_617: arc (43, 5) = 1
w_624: arc (43, 21) = 1
w_641: arc (44, 14) = 1
w_642: arc (44, 15) = 1
w_645: arc (44, 21) = 1
w_651: arc (44, 33) = 1
w_654: arc (44, 37) = 1
w_666: arc (45, 30) = 1
w_671: arc (45, 40) = 1
w_680: arc (46, 13) = 1
w_681: arc (46, 14) = 1
w_683: arc (46, 16) = 1
w_686: arc (46, 24) = 1
w_689: arc (46, 39) = 1
w_690: arc (46, 43) = 1
w_693: arc (46, 50) = 1
w_699: arc (47, 29) = 1
w_706: arc (48, 40) = 1
w_708: arc (49, 4) = 1
w_711: arc (49, 18) = 1
w_712: arc (49, 21) = 1
w_713: arc (49, 33) = 1
w_716: arc (50, 1) = 1
w_726: arc (50, 20) = 1
w_727: arc (50, 24) = 1
w_728: arc (50, 29) = 1
w_731: arc (50, 36) = 1

**********************
y_k[] variables:
y_k0_i79: arc (6, 44) = 1
y_k0_i84: arc (7, 6) = 1
y_k0_i298: arc (21, 8) = 1
y_k0_i645: arc (44, 21) = 1
y_k1_i86: arc (7, 20) = 1
y_k1_i240: arc (16, 46) = 1
y_k1_i289: arc (20, 16) = 1
y_k1_i560: arc (39, 8) = 1
y_k1_i689: arc (46, 39) = 1
y_k2_i9: arc (1, 19) = 1
y_k2_i40: arc (4, 8) = 1
y_k2_i85: arc (7, 11) = 1
y_k2_i124: arc (11, 1) = 1
y_k2_i268: arc (19, 23) = 1
y_k2_i325: arc (23, 4) = 1


------------------------

Legenda:Instance_Name   K   Num_Nodes   Num_Archs Seed  U_budget    Max_Num_Discoveries    DDDI_Version Delta    BUB BLB Gap Elapsed_Time
Table:SPP_n50_s4_K3_B6_D1_d25.log   3  50 735 4 6    184  1 0.25 15.1991 2.30594   0.848284 7200.09 
