Instance_Name: SPP_n50_s1_K2_B3_D1_d75.log
K: 2
U_Budget: 3
Num_Nodes: 50
Num_Archs: 735
Max_Num_Discoveries: 552
DDDI_Version: 1
BUB: 14.3289
BLB: 14.3289
Gap: 0
Elapsed_Time 272.936


Solution:

w[] variables
:w_1: arc (1, 10) = 1
w_2: arc (1, 11) = 1
w_4: arc (1, 19) = 1
w_6: arc (1, 26) = 1
w_7: arc (1, 28) = 1
w_9: arc (1, 31) = 1
w_13: arc (1, 37) = 1
w_14: arc (1, 40) = 1
w_15: arc (1, 44) = 1
w_18: arc (2, 5) = 1
w_19: arc (2, 7) = 1
w_21: arc (2, 12) = 1
w_23: arc (2, 16) = 1
w_25: arc (2, 25) = 1
w_30: arc (2, 41) = 1
w_32: arc (2, 47) = 1
w_33: arc (3, 13) = 1
w_34: arc (3, 15) = 1
w_36: arc (3, 18) = 1
w_37: arc (3, 24) = 1
w_41: arc (3, 35) = 1
w_42: arc (3, 38) = 1
w_44: arc (3, 48) = 1
w_46: arc (4, 2) = 1
w_47: arc (4, 5) = 1
w_48: arc (4, 7) = 1
w_50: arc (4, 12) = 1
w_52: arc (4, 16) = 1
w_62: arc (4, 41) = 1
w_63: arc (4, 47) = 1
w_64: arc (5, 2) = 1
w_65: arc (5, 4) = 1
w_66: arc (5, 7) = 1
w_68: arc (5, 12) = 1
w_70: arc (5, 16) = 1
w_73: arc (5, 25) = 1
w_78: arc (5, 41) = 1
w_80: arc (5, 47) = 1
w_87: arc (6, 45) = 1
w_88: arc (7, 2) = 1
w_89: arc (7, 4) = 1
w_90: arc (7, 5) = 1
w_92: arc (7, 12) = 1
w_94: arc (7, 16) = 1
w_96: arc (7, 19) = 1
w_97: arc (7, 25) = 1
w_99: arc (7, 28) = 1
w_101: arc (7, 40) = 1
w_102: arc (7, 41) = 1
w_104: arc (7, 47) = 1
w_106: arc (8, 13) = 1
w_107: arc (8, 17) = 1
w_111: arc (8, 29) = 1
w_112: arc (8, 33) = 1
w_113: arc (8, 34) = 1
w_115: arc (8, 43) = 1
w_116: arc (8, 46) = 1
w_117: arc (8, 48) = 1
w_119: arc (8, 50) = 1
w_120: arc (9, 8) = 1
w_121: arc (9, 14) = 1
w_122: arc (9, 21) = 1
w_123: arc (9, 22) = 1
w_124: arc (9, 23) = 1
w_125: arc (9, 27) = 1
w_126: arc (9, 33) = 1
w_127: arc (9, 42) = 1
w_128: arc (9, 46) = 1
w_129: arc (9, 49) = 1
w_130: arc (10, 1) = 1
w_140: arc (11, 2) = 1
w_141: arc (11, 4) = 1
w_142: arc (11, 5) = 1
w_143: arc (11, 7) = 1
w_144: arc (11, 12) = 1
w_146: arc (11, 16) = 1
w_148: arc (11, 19) = 1
w_150: arc (11, 25) = 1
w_151: arc (11, 26) = 1
w_152: arc (11, 28) = 1
w_154: arc (11, 31) = 1
w_158: arc (11, 40) = 1
w_159: arc (11, 44) = 1
w_160: arc (12, 2) = 1
w_162: arc (12, 5) = 1
w_165: arc (12, 16) = 1
w_170: arc (12, 41) = 1
w_171: arc (12, 47) = 1
w_172: arc (13, 3) = 1
w_174: arc (13, 17) = 1
w_175: arc (13, 18) = 1
w_176: arc (13, 20) = 1
w_177: arc (13, 24) = 1
w_180: arc (13, 32) = 1
w_182: arc (13, 34) = 1
w_183: arc (13, 35) = 1
w_184: arc (13, 38) = 1
w_185: arc (13, 43) = 1
w_187: arc (13, 48) = 1
w_190: arc (14, 9) = 1
w_191: arc (14, 21) = 1
w_192: arc (14, 22) = 1
w_193: arc (14, 23) = 1
w_194: arc (14, 27) = 1
w_195: arc (14, 42) = 1
w_196: arc (15, 2) = 1
w_198: arc (15, 4) = 1
w_199: arc (15, 5) = 1
w_200: arc (15, 7) = 1
w_211: arc (16, 2) = 1
w_213: arc (16, 5) = 1
w_216: arc (16, 12) = 1
w_218: arc (16, 25) = 1
w_223: arc (16, 41) = 1
w_225: arc (16, 47) = 1
w_226: arc (17, 3) = 1
w_228: arc (17, 13) = 1
w_229: arc (17, 18) = 1
w_232: arc (17, 24) = 1
w_233: arc (17, 29) = 1
w_235: arc (17, 32) = 1
w_237: arc (17, 34) = 1
w_238: arc (17, 35) = 1
w_239: arc (17, 38) = 1
w_241: arc (17, 43) = 1
w_243: arc (17, 48) = 1
w_245: arc (17, 50) = 1
w_248: arc (18, 4) = 1
w_249: arc (18, 5) = 1
w_250: arc (18, 7) = 1
w_251: arc (18, 11) = 1
w_253: arc (18, 15) = 1
w_255: arc (18, 19) = 1
w_256: arc (18, 20) = 1
w_258: arc (18, 26) = 1
w_259: arc (18, 28) = 1
w_261: arc (18, 31) = 1
w_262: arc (18, 32) = 1
w_264: arc (18, 35) = 1
w_265: arc (18, 37) = 1
w_267: arc (18, 40) = 1
w_270: arc (19, 2) = 1
w_272: arc (19, 5) = 1
w_273: arc (19, 7) = 1
w_275: arc (19, 12) = 1
w_276: arc (19, 16) = 1
w_278: arc (19, 25) = 1
w_280: arc (19, 28) = 1
w_283: arc (19, 40) = 1
w_284: arc (19, 41) = 1
w_285: arc (19, 44) = 1
w_286: arc (19, 47) = 1
w_287: arc (20, 1) = 1
w_289: arc (20, 11) = 1
w_291: arc (20, 18) = 1
w_292: arc (20, 26) = 1
w_293: arc (20, 28) = 1
w_295: arc (20, 31) = 1
w_296: arc (20, 32) = 1
w_298: arc (20, 35) = 1
w_299: arc (20, 37) = 1
w_300: arc (20, 40) = 1
w_301: arc (21, 8) = 1
w_302: arc (21, 9) = 1
w_304: arc (21, 22) = 1
w_305: arc (21, 23) = 1
w_306: arc (21, 33) = 1
w_307: arc (21, 42) = 1
w_308: arc (21, 46) = 1
w_309: arc (21, 49) = 1
w_313: arc (22, 17) = 1
w_316: arc (22, 27) = 1
w_317: arc (22, 30) = 1
w_318: arc (22, 33) = 1
w_319: arc (22, 34) = 1
w_320: arc (22, 42) = 1
w_321: arc (22, 43) = 1
w_322: arc (22, 46) = 1
w_323: arc (22, 49) = 1
w_324: arc (23, 8) = 1
w_327: arc (23, 17) = 1
w_328: arc (23, 21) = 1
w_329: arc (23, 22) = 1
w_331: arc (23, 33) = 1
w_332: arc (23, 34) = 1
w_333: arc (23, 42) = 1
w_334: arc (23, 43) = 1
w_335: arc (23, 46) = 1
w_336: arc (23, 49) = 1
w_337: arc (23, 50) = 1
w_339: arc (24, 4) = 1
w_341: arc (24, 15) = 1
w_346: arc (24, 38) = 1
w_350: arc (25, 2) = 1
w_352: arc (25, 5) = 1
w_353: arc (25, 7) = 1
w_355: arc (25, 12) = 1
w_356: arc (25, 16) = 1
w_357: arc (25, 19) = 1
w_359: arc (25, 28) = 1
w_363: arc (25, 41) = 1
w_364: arc (25, 44) = 1
w_365: arc (25, 47) = 1
w_367: arc (26, 2) = 1
w_368: arc (26, 4) = 1
w_369: arc (26, 5) = 1
w_370: arc (26, 7) = 1
w_371: arc (26, 11) = 1
w_372: arc (26, 15) = 1
w_373: arc (26, 16) = 1
w_374: arc (26, 18) = 1
w_375: arc (26, 19) = 1
w_377: arc (26, 25) = 1
w_378: arc (26, 28) = 1
w_380: arc (26, 31) = 1
w_385: arc (26, 40) = 1
w_386: arc (26, 44) = 1
w_389: arc (27, 22) = 1
w_393: arc (27, 49) = 1
w_395: arc (28, 2) = 1
w_396: arc (28, 4) = 1
w_397: arc (28, 5) = 1
w_398: arc (28, 7) = 1
w_399: arc (28, 11) = 1
w_400: arc (28, 12) = 1
w_402: arc (28, 16) = 1
w_404: arc (28, 19) = 1
w_406: arc (28, 25) = 1
w_408: arc (28, 31) = 1
w_412: arc (28, 40) = 1
w_413: arc (28, 41) = 1
w_414: arc (28, 44) = 1
w_415: arc (28, 47) = 1
w_416: arc (29, 3) = 1
w_421: arc (29, 48) = 1
w_423: arc (30, 1) = 1
w_424: arc (30, 10) = 1
w_425: arc (30, 11) = 1
w_428: arc (30, 18) = 1
w_429: arc (30, 20) = 1
w_431: arc (30, 26) = 1
w_432: arc (30, 31) = 1
w_433: arc (30, 32) = 1
w_436: arc (30, 35) = 1
w_438: arc (30, 37) = 1
w_442: arc (31, 2) = 1
w_443: arc (31, 4) = 1
w_444: arc (31, 5) = 1
w_445: arc (31, 7) = 1
w_446: arc (31, 11) = 1
w_448: arc (31, 16) = 1
w_450: arc (31, 19) = 1
w_452: arc (31, 25) = 1
w_453: arc (31, 26) = 1
w_454: arc (31, 28) = 1
w_459: arc (31, 40) = 1
w_460: arc (31, 44) = 1
w_461: arc (32, 1) = 1
w_464: arc (32, 11) = 1
w_466: arc (32, 15) = 1
w_468: arc (32, 18) = 1
w_469: arc (32, 20) = 1
w_470: arc (32, 24) = 1
w_471: arc (32, 26) = 1
w_472: arc (32, 28) = 1
w_474: arc (32, 31) = 1
w_476: arc (32, 35) = 1
w_477: arc (32, 37) = 1
w_478: arc (32, 38) = 1
w_479: arc (32, 40) = 1
w_484: arc (33, 8) = 1
w_486: arc (33, 13) = 1
w_487: arc (33, 17) = 1
w_489: arc (33, 22) = 1
w_492: arc (33, 30) = 1
w_493: arc (33, 34) = 1
w_494: arc (33, 42) = 1
w_495: arc (33, 43) = 1
w_496: arc (33, 46) = 1
w_497: arc (33, 49) = 1
w_498: arc (33, 50) = 1
w_499: arc (34, 3) = 1
w_501: arc (34, 13) = 1
w_502: arc (34, 17) = 1
w_503: arc (34, 18) = 1
w_504: arc (34, 20) = 1
w_507: arc (34, 30) = 1
w_508: arc (34, 32) = 1
w_510: arc (34, 35) = 1
w_511: arc (34, 37) = 1
w_515: arc (34, 48) = 1
w_518: arc (35, 1) = 1
w_520: arc (35, 11) = 1
w_522: arc (35, 15) = 1
w_524: arc (35, 18) = 1
w_525: arc (35, 20) = 1
w_526: arc (35, 24) = 1
w_527: arc (35, 26) = 1
w_528: arc (35, 28) = 1
w_530: arc (35, 31) = 1
w_531: arc (35, 32) = 1
w_533: arc (35, 37) = 1
w_534: arc (35, 38) = 1
w_535: arc (35, 40) = 1
w_545: arc (37, 1) = 1
w_547: arc (37, 10) = 1
w_548: arc (37, 11) = 1
w_549: arc (37, 18) = 1
w_550: arc (37, 19) = 1
w_551: arc (37, 20) = 1
w_552: arc (37, 25) = 1
w_553: arc (37, 26) = 1
w_554: arc (37, 28) = 1
w_556: arc (37, 31) = 1
w_560: arc (37, 40) = 1
w_561: arc (37, 44) = 1
w_563: arc (38, 4) = 1
w_565: arc (38, 15) = 1
w_568: arc (38, 24) = 1
w_578: arc (39, 45) = 1
w_580: arc (40, 2) = 1
w_581: arc (40, 4) = 1
w_582: arc (40, 5) = 1
w_583: arc (40, 7) = 1
w_584: arc (40, 11) = 1
w_585: arc (40, 12) = 1
w_587: arc (40, 16) = 1
w_589: arc (40, 19) = 1
w_591: arc (40, 25) = 1
w_592: arc (40, 26) = 1
w_593: arc (40, 28) = 1
w_594: arc (40, 31) = 1
w_598: arc (40, 41) = 1
w_599: arc (40, 44) = 1
w_600: arc (40, 47) = 1
w_605: arc (41, 12) = 1
w_606: arc (41, 16) = 1
w_611: arc (41, 47) = 1
w_612: arc (42, 8) = 1
w_615: arc (42, 17) = 1
w_617: arc (42, 22) = 1
w_618: arc (42, 23) = 1
w_619: arc (42, 27) = 1
w_620: arc (42, 33) = 1
w_621: arc (42, 34) = 1
w_622: arc (42, 43) = 1
w_623: arc (42, 46) = 1
w_624: arc (42, 49) = 1
w_625: arc (43, 3) = 1
w_627: arc (43, 13) = 1
w_628: arc (43, 17) = 1
w_631: arc (43, 24) = 1
w_632: arc (43, 29) = 1
w_633: arc (43, 32) = 1
w_635: arc (43, 34) = 1
w_636: arc (43, 35) = 1
w_637: arc (43, 38) = 1
w_640: arc (43, 48) = 1
w_642: arc (43, 50) = 1
w_644: arc (44, 2) = 1
w_649: arc (44, 16) = 1
w_650: arc (44, 19) = 1
w_651: arc (44, 25) = 1
w_658: arc (45, 6) = 1
w_661: arc (45, 39) = 1
w_662: arc (46, 8) = 1
w_664: arc (46, 13) = 1
w_665: arc (46, 17) = 1
w_669: arc (46, 30) = 1
w_670: arc (46, 32) = 1
w_671: arc (46, 33) = 1
w_672: arc (46, 34) = 1
w_673: arc (46, 35) = 1
w_675: arc (46, 43) = 1
w_676: arc (46, 48) = 1
w_677: arc (46, 49) = 1
w_678: arc (46, 50) = 1
w_683: arc (47, 12) = 1
w_689: arc (47, 41) = 1
w_690: arc (48, 3) = 1
w_692: arc (48, 13) = 1
w_693: arc (48, 15) = 1
w_695: arc (48, 18) = 1
w_696: arc (48, 24) = 1
w_700: arc (48, 35) = 1
w_701: arc (48, 38) = 1
w_707: arc (49, 13) = 1
w_708: arc (49, 17) = 1
w_710: arc (49, 22) = 1
w_713: arc (49, 30) = 1
w_714: arc (49, 32) = 1
w_715: arc (49, 33) = 1
w_716: arc (49, 34) = 1
w_718: arc (49, 43) = 1
w_719: arc (49, 46) = 1
w_720: arc (49, 50) = 1
w_721: arc (50, 3) = 1
w_723: arc (50, 13) = 1
w_724: arc (50, 17) = 1
w_726: arc (50, 24) = 1
w_727: arc (50, 29) = 1
w_729: arc (50, 34) = 1
w_730: arc (50, 38) = 1
w_731: arc (50, 43) = 1
w_733: arc (50, 48) = 1

**********************
y_k[] variables:
y_k0_i32: arc (2, 47) = 1
y_k0_i124: arc (9, 23) = 1
y_k0_i190: arc (14, 9) = 1
y_k0_i258: arc (18, 26) = 1
y_k0_i335: arc (23, 46) = 1
y_k0_i385: arc (26, 40) = 1
y_k0_i510: arc (34, 35) = 1
y_k0_i524: arc (35, 18) = 1
y_k0_i580: arc (40, 2) = 1
y_k0_i672: arc (46, 34) = 1
y_k1_i127: arc (9, 42) = 1
y_k1_i190: arc (14, 9) = 1
y_k1_i225: arc (16, 47) = 1
y_k1_i378: arc (26, 28) = 1
y_k1_i402: arc (28, 16) = 1
y_k1_i471: arc (32, 26) = 1
y_k1_i508: arc (34, 32) = 1
y_k1_i624: arc (42, 49) = 1
y_k1_i716: arc (49, 34) = 1


------------------------

Legenda:Instance_Name   K   Num_Nodes   Num_Archs Seed  U_budget    Max_Num_Discoveries    DDDI_Version Delta    BUB BLB Gap Elapsed_Time
Table:SPP_n50_s1_K2_B3_D1_d75.log   2  50 735 1 3    552  1 0.75 14.3289 14.3289   0 272.936 
