Instance_Name: SPP_n40_s1_K4_B6_D1_d75.log
K: 4
U_Budget: 6
Num_Nodes: 40
Num_Archs: 468
Max_Num_Discoveries: 351
DDDI_Version: 1
BUB: 14.2915
BLB: 14.2915
Gap: 0
Elapsed_Time 1081.67


Solution:

w[] variables
:w_0: arc (1, 6) = 1
w_1: arc (1, 10) = 1
w_2: arc (1, 11) = 1
w_3: arc (1, 18) = 1
w_4: arc (1, 20) = 1
w_6: arc (1, 28) = 1
w_7: arc (1, 30) = 1
w_14: arc (2, 4) = 1
w_15: arc (2, 5) = 1
w_16: arc (2, 7) = 1
w_20: arc (2, 16) = 1
w_22: arc (2, 25) = 1
w_23: arc (2, 26) = 1
w_25: arc (2, 31) = 1
w_26: arc (2, 40) = 1
w_32: arc (3, 29) = 1
w_33: arc (3, 32) = 1
w_37: arc (4, 2) = 1
w_39: arc (4, 7) = 1
w_46: arc (4, 24) = 1
w_50: arc (4, 31) = 1
w_51: arc (4, 38) = 1
w_52: arc (4, 40) = 1
w_55: arc (5, 7) = 1
w_56: arc (5, 11) = 1
w_58: arc (5, 15) = 1
w_60: arc (5, 19) = 1
w_62: arc (5, 26) = 1
w_64: arc (5, 31) = 1
w_65: arc (5, 40) = 1
w_72: arc (7, 4) = 1
w_73: arc (7, 5) = 1
w_76: arc (7, 15) = 1
w_78: arc (7, 18) = 1
w_81: arc (7, 26) = 1
w_84: arc (7, 40) = 1
w_85: arc (8, 9) = 1
w_86: arc (8, 13) = 1
w_88: arc (8, 21) = 1
w_90: arc (8, 23) = 1
w_95: arc (9, 14) = 1
w_96: arc (9, 21) = 1
w_98: arc (9, 23) = 1
w_100: arc (9, 33) = 1
w_104: arc (10, 30) = 1
w_109: arc (11, 2) = 1
w_111: arc (11, 5) = 1
w_113: arc (11, 15) = 1
w_115: arc (11, 18) = 1
w_116: arc (11, 19) = 1
w_121: arc (11, 30) = 1
w_122: arc (11, 31) = 1
w_124: arc (11, 35) = 1
w_127: arc (12, 2) = 1
w_128: arc (12, 4) = 1
w_129: arc (12, 5) = 1
w_130: arc (12, 7) = 1
w_135: arc (12, 40) = 1
w_137: arc (13, 8) = 1
w_142: arc (13, 29) = 1
w_144: arc (13, 33) = 1
w_145: arc (13, 34) = 1
w_147: arc (13, 38) = 1
w_148: arc (14, 9) = 1
w_149: arc (14, 21) = 1
w_152: arc (15, 2) = 1
w_155: arc (15, 5) = 1
w_156: arc (15, 7) = 1
w_159: arc (15, 24) = 1
w_160: arc (15, 26) = 1
w_164: arc (15, 38) = 1
w_167: arc (16, 4) = 1
w_170: arc (16, 11) = 1
w_174: arc (16, 26) = 1
w_176: arc (16, 31) = 1
w_177: arc (16, 40) = 1
w_179: arc (17, 8) = 1
w_181: arc (17, 22) = 1
w_182: arc (17, 23) = 1
w_185: arc (17, 33) = 1
w_190: arc (18, 3) = 1
w_193: arc (18, 11) = 1
w_195: arc (18, 15) = 1
w_198: arc (18, 24) = 1
w_202: arc (18, 31) = 1
w_204: arc (18, 34) = 1
w_205: arc (18, 35) = 1
w_208: arc (18, 40) = 1
w_210: arc (19, 4) = 1
w_213: arc (19, 11) = 1
w_221: arc (19, 37) = 1
w_223: arc (20, 1) = 1
w_230: arc (20, 30) = 1
w_233: arc (20, 34) = 1
w_234: arc (20, 35) = 1
w_235: arc (20, 37) = 1
w_239: arc (21, 14) = 1
w_244: arc (22, 9) = 1
w_245: arc (22, 14) = 1
w_246: arc (22, 17) = 1
w_247: arc (22, 21) = 1
w_248: arc (22, 23) = 1
w_249: arc (22, 27) = 1
w_251: arc (22, 33) = 1
w_253: arc (23, 8) = 1
w_254: arc (23, 9) = 1
w_255: arc (23, 14) = 1
w_259: arc (23, 27) = 1
w_261: arc (23, 34) = 1
w_266: arc (24, 18) = 1
w_267: arc (24, 35) = 1
w_269: arc (25, 2) = 1
w_273: arc (25, 11) = 1
w_277: arc (25, 26) = 1
w_280: arc (25, 40) = 1
w_287: arc (26, 15) = 1
w_289: arc (26, 18) = 1
w_291: arc (26, 20) = 1
w_294: arc (26, 30) = 1
w_296: arc (26, 32) = 1
w_297: arc (26, 35) = 1
w_298: arc (26, 37) = 1
w_304: arc (28, 1) = 1
w_318: arc (28, 31) = 1
w_321: arc (28, 37) = 1
w_322: arc (28, 40) = 1
w_323: arc (29, 3) = 1
w_325: arc (29, 13) = 1
w_326: arc (29, 17) = 1
w_329: arc (30, 11) = 1
w_332: arc (30, 22) = 1
w_333: arc (30, 26) = 1
w_336: arc (30, 33) = 1
w_337: arc (30, 34) = 1
w_339: arc (30, 36) = 1
w_340: arc (30, 37) = 1
w_341: arc (31, 1) = 1
w_345: arc (31, 7) = 1
w_349: arc (31, 18) = 1
w_350: arc (31, 19) = 1
w_355: arc (31, 30) = 1
w_356: arc (31, 32) = 1
w_357: arc (31, 35) = 1
w_358: arc (31, 37) = 1
w_359: arc (31, 40) = 1
w_364: arc (32, 17) = 1
w_366: arc (32, 20) = 1
w_368: arc (32, 28) = 1
w_371: arc (32, 34) = 1
w_375: arc (32, 40) = 1
w_376: arc (33, 8) = 1
w_377: arc (33, 9) = 1
w_380: arc (33, 21) = 1
w_381: arc (33, 22) = 1
w_382: arc (33, 23) = 1
w_383: arc (33, 27) = 1
w_387: arc (34, 8) = 1
w_389: arc (34, 17) = 1
w_392: arc (34, 22) = 1
w_393: arc (34, 23) = 1
w_396: arc (34, 33) = 1
w_397: arc (34, 35) = 1
w_398: arc (34, 37) = 1
w_401: arc (35, 11) = 1
w_403: arc (35, 15) = 1
w_404: arc (35, 17) = 1
w_406: arc (35, 20) = 1
w_410: arc (35, 30) = 1
w_413: arc (35, 34) = 1
w_417: arc (36, 1) = 1
w_420: arc (36, 30) = 1
w_426: arc (37, 18) = 1
w_427: arc (37, 19) = 1
w_428: arc (37, 20) = 1
w_431: arc (37, 30) = 1
w_433: arc (37, 32) = 1
w_434: arc (37, 34) = 1
w_435: arc (37, 35) = 1
w_439: arc (38, 13) = 1
w_441: arc (38, 17) = 1
w_445: arc (38, 35) = 1
w_447: arc (39, 10) = 1
w_453: arc (40, 7) = 1
w_458: arc (40, 18) = 1
w_462: arc (40, 26) = 1
w_465: arc (40, 32) = 1
w_466: arc (40, 35) = 1

**********************
y_k[] variables:
y_k0_i81: arc (7, 26) = 1
y_k0_i95: arc (9, 14) = 1
y_k0_i130: arc (12, 7) = 1
y_k0_i254: arc (23, 9) = 1
y_k0_i296: arc (26, 32) = 1
y_k0_i371: arc (32, 34) = 1
y_k0_i382: arc (33, 23) = 1
y_k0_i396: arc (34, 33) = 1
y_k1_i26: arc (2, 40) = 1
y_k1_i95: arc (9, 14) = 1
y_k1_i127: arc (12, 2) = 1
y_k1_i205: arc (18, 35) = 1
y_k1_i244: arc (22, 9) = 1
y_k1_i392: arc (34, 22) = 1
y_k1_i413: arc (35, 34) = 1
y_k1_i458: arc (40, 18) = 1
y_k2_i55: arc (5, 7) = 1
y_k2_i78: arc (7, 18) = 1
y_k2_i129: arc (12, 5) = 1
y_k2_i204: arc (18, 34) = 1
y_k2_i255: arc (23, 14) = 1
y_k2_i393: arc (34, 23) = 1
y_k3_i135: arc (12, 40) = 1
y_k3_i245: arc (22, 14) = 1
y_k3_i332: arc (30, 22) = 1
y_k3_i355: arc (31, 30) = 1
y_k3_i464: arc (40, 31) = 1


------------------------

Legenda:Instance_Name   K   Num_Nodes   Num_Archs Seed  U_budget    Max_Num_Discoveries    DDDI_Version Delta    BUB BLB Gap Elapsed_Time
Table:SPP_n40_s1_K4_B6_D1_d75.log   4  40 468 1 6    351  1 0.75 14.2915 14.2915   0 1081.67 
