Instance_Name: SPP_n30_s6_K2_B6_D1_d75.log
K: 2
U_Budget: 6
Num_Nodes: 30
Num_Archs: 261
Max_Num_Discoveries: 196
DDDI_Version: 1
BUB: 17.3868
BLB: 17.3868
Gap: 0
Elapsed_Time 13.387


Solution:

w[] variables
:w_2: arc (1, 5) = 1
w_4: arc (1, 10) = 1
w_5: arc (1, 13) = 1
w_6: arc (1, 21) = 1
w_8: arc (1, 30) = 1
w_10: arc (2, 11) = 1
w_11: arc (2, 12) = 1
w_12: arc (2, 14) = 1
w_13: arc (2, 18) = 1
w_14: arc (2, 19) = 1
w_15: arc (2, 20) = 1
w_16: arc (2, 26) = 1
w_17: arc (2, 29) = 1
w_18: arc (3, 1) = 1
w_19: arc (3, 4) = 1
w_20: arc (3, 5) = 1
w_21: arc (3, 6) = 1
w_22: arc (3, 10) = 1
w_23: arc (3, 13) = 1
w_25: arc (3, 30) = 1
w_28: arc (4, 6) = 1
w_29: arc (4, 10) = 1
w_30: arc (4, 13) = 1
w_31: arc (4, 21) = 1
w_32: arc (4, 28) = 1
w_33: arc (4, 30) = 1
w_34: arc (5, 1) = 1
w_35: arc (5, 3) = 1
w_36: arc (5, 6) = 1
w_37: arc (5, 7) = 1
w_38: arc (5, 10) = 1
w_39: arc (5, 13) = 1
w_40: arc (5, 20) = 1
w_41: arc (5, 21) = 1
w_42: arc (5, 22) = 1
w_43: arc (5, 24) = 1
w_44: arc (5, 30) = 1
w_45: arc (6, 1) = 1
w_46: arc (6, 3) = 1
w_47: arc (6, 4) = 1
w_48: arc (6, 5) = 1
w_50: arc (6, 13) = 1
w_51: arc (6, 19) = 1
w_52: arc (6, 20) = 1
w_53: arc (6, 21) = 1
w_54: arc (6, 25) = 1
w_55: arc (6, 26) = 1
w_56: arc (6, 28) = 1
w_57: arc (7, 5) = 1
w_58: arc (7, 22) = 1
w_59: arc (7, 24) = 1
w_60: arc (8, 2) = 1
w_61: arc (8, 11) = 1
w_63: arc (8, 14) = 1
w_64: arc (8, 18) = 1
w_65: arc (8, 29) = 1
w_66: arc (9, 11) = 1
w_67: arc (9, 14) = 1
w_69: arc (9, 16) = 1
w_71: arc (9, 19) = 1
w_72: arc (9, 23) = 1
w_74: arc (9, 26) = 1
w_75: arc (9, 27) = 1
w_76: arc (9, 28) = 1
w_77: arc (10, 1) = 1
w_78: arc (10, 3) = 1
w_79: arc (10, 4) = 1
w_80: arc (10, 5) = 1
w_83: arc (10, 19) = 1
w_84: arc (10, 20) = 1
w_85: arc (10, 21) = 1
w_86: arc (10, 25) = 1
w_87: arc (10, 28) = 1
w_88: arc (10, 30) = 1
w_89: arc (11, 2) = 1
w_90: arc (11, 8) = 1
w_91: arc (11, 9) = 1
w_92: arc (11, 12) = 1
w_95: arc (11, 19) = 1
w_98: arc (12, 2) = 1
w_99: arc (12, 8) = 1
w_100: arc (12, 11) = 1
w_101: arc (12, 14) = 1
w_102: arc (12, 29) = 1
w_103: arc (13, 1) = 1
w_104: arc (13, 3) = 1
w_105: arc (13, 4) = 1
w_106: arc (13, 5) = 1
w_107: arc (13, 6) = 1
w_108: arc (13, 10) = 1
w_109: arc (13, 20) = 1
w_111: arc (13, 22) = 1
w_112: arc (13, 28) = 1
w_113: arc (13, 30) = 1
w_115: arc (14, 8) = 1
w_116: arc (14, 9) = 1
w_117: arc (14, 11) = 1
w_118: arc (14, 12) = 1
w_119: arc (14, 15) = 1
w_120: arc (14, 18) = 1
w_121: arc (14, 19) = 1
w_123: arc (14, 27) = 1
w_125: arc (15, 11) = 1
w_127: arc (15, 16) = 1
w_128: arc (15, 17) = 1
w_129: arc (15, 19) = 1
w_130: arc (15, 23) = 1
w_131: arc (15, 25) = 1
w_132: arc (15, 26) = 1
w_133: arc (15, 27) = 1
w_137: arc (16, 23) = 1
w_139: arc (16, 27) = 1
w_141: arc (17, 15) = 1
w_142: arc (17, 16) = 1
w_143: arc (17, 23) = 1
w_145: arc (17, 27) = 1
w_146: arc (17, 28) = 1
w_148: arc (18, 8) = 1
w_149: arc (18, 14) = 1
w_150: arc (18, 19) = 1
w_152: arc (18, 22) = 1
w_154: arc (18, 29) = 1
w_155: arc (19, 2) = 1
w_157: arc (19, 9) = 1
w_158: arc (19, 10) = 1
w_160: arc (19, 14) = 1
w_162: arc (19, 18) = 1
w_164: arc (19, 25) = 1
w_167: arc (19, 28) = 1
w_168: arc (20, 2) = 1
w_169: arc (20, 5) = 1
w_170: arc (20, 6) = 1
w_171: arc (20, 10) = 1
w_174: arc (20, 19) = 1
w_175: arc (20, 21) = 1
w_176: arc (20, 22) = 1
w_178: arc (21, 1) = 1
w_179: arc (21, 3) = 1
w_180: arc (21, 4) = 1
w_181: arc (21, 5) = 1
w_184: arc (21, 13) = 1
w_185: arc (21, 20) = 1
w_187: arc (21, 28) = 1
w_188: arc (21, 30) = 1
w_189: arc (22, 5) = 1
w_190: arc (22, 7) = 1
w_191: arc (22, 13) = 1
w_192: arc (22, 18) = 1
w_193: arc (22, 20) = 1
w_194: arc (22, 21) = 1
w_195: arc (22, 24) = 1
w_196: arc (22, 30) = 1
w_197: arc (23, 9) = 1
w_198: arc (23, 15) = 1
w_202: arc (24, 5) = 1
w_203: arc (24, 7) = 1
w_204: arc (24, 18) = 1
w_205: arc (24, 20) = 1
w_206: arc (24, 22) = 1
w_207: arc (25, 6) = 1
w_208: arc (25, 9) = 1
w_209: arc (25, 10) = 1
w_210: arc (25, 15) = 1
w_211: arc (25, 16) = 1
w_212: arc (25, 17) = 1
w_213: arc (25, 19) = 1
w_214: arc (25, 23) = 1
w_215: arc (25, 26) = 1
w_216: arc (25, 27) = 1
w_218: arc (26, 2) = 1
w_221: arc (26, 11) = 1
w_224: arc (26, 18) = 1
w_226: arc (26, 25) = 1
w_227: arc (26, 27) = 1
w_228: arc (26, 28) = 1
w_233: arc (27, 16) = 1
w_234: arc (27, 17) = 1
w_235: arc (27, 19) = 1
w_236: arc (27, 25) = 1
w_237: arc (27, 26) = 1
w_239: arc (28, 4) = 1
w_241: arc (28, 9) = 1
w_243: arc (28, 13) = 1
w_244: arc (28, 17) = 1
w_246: arc (28, 21) = 1
w_247: arc (28, 25) = 1
w_248: arc (28, 26) = 1
w_250: arc (29, 8) = 1
w_251: arc (29, 12) = 1
w_253: arc (30, 1) = 1
w_256: arc (30, 5) = 1
w_258: arc (30, 13) = 1
w_260: arc (30, 22) = 1

**********************
y_k[] variables:
y_k0_i39: arc (5, 13) = 1
y_k0_i57: arc (7, 5) = 1
y_k0_i87: arc (10, 28) = 1
y_k0_i108: arc (13, 10) = 1
y_k0_i211: arc (25, 16) = 1
y_k0_i247: arc (28, 25) = 1
y_k1_i58: arc (7, 22) = 1
y_k1_i69: arc (9, 16) = 1
y_k1_i157: arc (19, 9) = 1
y_k1_i174: arc (20, 19) = 1
y_k1_i193: arc (22, 20) = 1


------------------------

Legenda:Instance_Name   K   Num_Nodes   Num_Archs Seed  U_budget    Max_Num_Discoveries    DDDI_Version Delta    BUB BLB Gap Elapsed_Time
Table:SPP_n30_s6_K2_B6_D1_d75.log   2  30 261 6 6    196  1 0.75 17.3868 17.3868   0 13.387 
