Instance_Name: SPP_n40_s8_K3_B6_D1_d75.log
K: 3
U_Budget: 6
Num_Nodes: 40
Num_Archs: 468
Max_Num_Discoveries: 351
DDDI_Version: 1
BUB: 15.5737
BLB: 15.5737
Gap: 0
Elapsed_Time 650.091


Solution:

w[] variables
:w_0: arc (1, 4) = 1
w_2: arc (1, 10) = 1
w_3: arc (1, 11) = 1
w_4: arc (1, 12) = 1
w_5: arc (1, 15) = 1
w_7: arc (1, 19) = 1
w_8: arc (1, 24) = 1
w_9: arc (1, 25) = 1
w_10: arc (1, 27) = 1
w_11: arc (1, 37) = 1
w_12: arc (2, 8) = 1
w_13: arc (2, 12) = 1
w_14: arc (2, 19) = 1
w_15: arc (2, 20) = 1
w_16: arc (2, 22) = 1
w_17: arc (2, 23) = 1
w_18: arc (2, 24) = 1
w_19: arc (2, 25) = 1
w_20: arc (2, 26) = 1
w_21: arc (2, 27) = 1
w_22: arc (2, 29) = 1
w_23: arc (2, 36) = 1
w_24: arc (3, 6) = 1
w_25: arc (3, 7) = 1
w_26: arc (3, 14) = 1
w_28: arc (3, 18) = 1
w_29: arc (3, 34) = 1
w_31: arc (3, 39) = 1
w_32: arc (4, 1) = 1
w_33: arc (4, 10) = 1
w_34: arc (4, 11) = 1
w_37: arc (4, 18) = 1
w_38: arc (4, 27) = 1
w_39: arc (4, 37) = 1
w_40: arc (4, 38) = 1
w_41: arc (5, 6) = 1
w_42: arc (5, 7) = 1
w_43: arc (5, 13) = 1
w_44: arc (5, 14) = 1
w_45: arc (5, 17) = 1
w_46: arc (5, 21) = 1
w_47: arc (5, 31) = 1
w_48: arc (5, 32) = 1
w_49: arc (5, 33) = 1
w_50: arc (5, 34) = 1
w_51: arc (5, 35) = 1
w_52: arc (5, 39) = 1
w_53: arc (5, 40) = 1
w_54: arc (6, 3) = 1
w_55: arc (6, 5) = 1
w_56: arc (6, 7) = 1
w_57: arc (6, 13) = 1
w_59: arc (6, 17) = 1
w_60: arc (6, 21) = 1
w_61: arc (6, 29) = 1
w_62: arc (6, 31) = 1
w_65: arc (6, 35) = 1
w_68: arc (6, 40) = 1
w_69: arc (7, 3) = 1
w_70: arc (7, 5) = 1
w_71: arc (7, 6) = 1
w_72: arc (7, 13) = 1
w_74: arc (7, 17) = 1
w_75: arc (7, 21) = 1
w_77: arc (7, 35) = 1
w_78: arc (7, 38) = 1
w_80: arc (7, 40) = 1
w_81: arc (8, 2) = 1
w_82: arc (8, 19) = 1
w_83: arc (8, 22) = 1
w_84: arc (8, 23) = 1
w_85: arc (8, 24) = 1
w_86: arc (8, 26) = 1
w_87: arc (8, 28) = 1
w_88: arc (8, 29) = 1
w_89: arc (8, 30) = 1
w_90: arc (8, 31) = 1
w_91: arc (8, 32) = 1
w_92: arc (8, 35) = 1
w_93: arc (8, 36) = 1
w_94: arc (8, 39) = 1
w_95: arc (9, 1) = 1
w_96: arc (9, 11) = 1
w_97: arc (9, 12) = 1
w_98: arc (9, 16) = 1
w_99: arc (9, 25) = 1
w_100: arc (9, 27) = 1
w_102: arc (10, 1) = 1
w_104: arc (10, 11) = 1
w_106: arc (10, 16) = 1
w_107: arc (10, 18) = 1
w_108: arc (10, 27) = 1
w_109: arc (10, 37) = 1
w_111: arc (11, 4) = 1
w_113: arc (11, 10) = 1
w_114: arc (11, 15) = 1
w_115: arc (11, 16) = 1
w_116: arc (11, 18) = 1
w_117: arc (11, 27) = 1
w_118: arc (11, 37) = 1
w_119: arc (12, 1) = 1
w_120: arc (12, 2) = 1
w_122: arc (12, 19) = 1
w_123: arc (12, 20) = 1
w_124: arc (12, 22) = 1
w_125: arc (12, 24) = 1
w_127: arc (12, 26) = 1
w_128: arc (12, 27) = 1
w_129: arc (13, 5) = 1
w_130: arc (13, 6) = 1
w_131: arc (13, 7) = 1
w_132: arc (13, 14) = 1
w_133: arc (13, 21) = 1
w_134: arc (13, 31) = 1
w_135: arc (13, 33) = 1
w_137: arc (13, 35) = 1
w_138: arc (13, 40) = 1
w_139: arc (14, 3) = 1
w_140: arc (14, 5) = 1
w_142: arc (14, 7) = 1
w_143: arc (14, 13) = 1
w_145: arc (14, 21) = 1
w_146: arc (14, 31) = 1
w_147: arc (14, 32) = 1
w_149: arc (14, 35) = 1
w_150: arc (14, 38) = 1
w_151: arc (14, 39) = 1
w_152: arc (14, 40) = 1
w_153: arc (15, 1) = 1
w_156: arc (15, 11) = 1
w_157: arc (15, 16) = 1
w_158: arc (15, 18) = 1
w_159: arc (15, 27) = 1
w_160: arc (15, 37) = 1
w_161: arc (15, 38) = 1
w_162: arc (16, 1) = 1
w_163: arc (16, 4) = 1
w_164: arc (16, 9) = 1
w_165: arc (16, 10) = 1
w_167: arc (16, 15) = 1
w_168: arc (16, 27) = 1
w_169: arc (16, 37) = 1
w_170: arc (17, 3) = 1
w_171: arc (17, 5) = 1
w_172: arc (17, 6) = 1
w_173: arc (17, 7) = 1
w_174: arc (17, 14) = 1
w_175: arc (17, 29) = 1
w_176: arc (17, 32) = 1
w_178: arc (17, 35) = 1
w_179: arc (17, 38) = 1
w_180: arc (17, 39) = 1
w_181: arc (17, 40) = 1
w_182: arc (18, 3) = 1
w_184: arc (18, 10) = 1
w_185: arc (18, 11) = 1
w_186: arc (18, 15) = 1
w_187: arc (18, 37) = 1
w_188: arc (18, 38) = 1
w_189: arc (19, 1) = 1
w_190: arc (19, 2) = 1
w_191: arc (19, 8) = 1
w_193: arc (19, 20) = 1
w_194: arc (19, 22) = 1
w_195: arc (19, 23) = 1
w_197: arc (19, 25) = 1
w_198: arc (19, 26) = 1
w_199: arc (19, 27) = 1
w_200: arc (19, 28) = 1
w_201: arc (19, 29) = 1
w_202: arc (19, 30) = 1
w_203: arc (19, 32) = 1
w_204: arc (19, 39) = 1
w_205: arc (20, 2) = 1
w_206: arc (20, 12) = 1
w_207: arc (20, 19) = 1
w_208: arc (20, 22) = 1
w_209: arc (20, 25) = 1
w_210: arc (20, 27) = 1
w_211: arc (21, 5) = 1
w_213: arc (21, 7) = 1
w_214: arc (21, 13) = 1
w_215: arc (21, 14) = 1
w_217: arc (21, 30) = 1
w_220: arc (21, 33) = 1
w_221: arc (21, 34) = 1
w_223: arc (21, 40) = 1
w_224: arc (22, 2) = 1
w_225: arc (22, 8) = 1
w_227: arc (22, 19) = 1
w_228: arc (22, 20) = 1
w_229: arc (22, 23) = 1
w_230: arc (22, 24) = 1
w_232: arc (22, 26) = 1
w_233: arc (22, 27) = 1
w_234: arc (22, 29) = 1
w_235: arc (22, 30) = 1
w_236: arc (22, 32) = 1
w_237: arc (23, 2) = 1
w_238: arc (23, 8) = 1
w_239: arc (23, 19) = 1
w_241: arc (23, 24) = 1
w_243: arc (23, 28) = 1
w_244: arc (23, 29) = 1
w_245: arc (23, 30) = 1
w_246: arc (23, 32) = 1
w_247: arc (23, 36) = 1
w_248: arc (24, 1) = 1
w_249: arc (24, 2) = 1
w_250: arc (24, 8) = 1
w_251: arc (24, 12) = 1
w_252: arc (24, 19) = 1
w_253: arc (24, 22) = 1
w_254: arc (24, 23) = 1
w_255: arc (24, 25) = 1
w_256: arc (24, 26) = 1
w_257: arc (24, 27) = 1
w_258: arc (24, 28) = 1
w_259: arc (24, 29) = 1
w_260: arc (24, 30) = 1
w_261: arc (24, 32) = 1
w_262: arc (24, 39) = 1
w_265: arc (25, 9) = 1
w_267: arc (25, 19) = 1
w_268: arc (25, 20) = 1
w_269: arc (25, 22) = 1
w_270: arc (25, 24) = 1
w_271: arc (25, 26) = 1
w_272: arc (25, 27) = 1
w_273: arc (26, 2) = 1
w_274: arc (26, 8) = 1
w_275: arc (26, 12) = 1
w_276: arc (26, 19) = 1
w_278: arc (26, 23) = 1
w_280: arc (26, 25) = 1
w_281: arc (26, 27) = 1
w_282: arc (26, 28) = 1
w_283: arc (26, 29) = 1
w_284: arc (26, 30) = 1
w_285: arc (26, 32) = 1
w_286: arc (26, 35) = 1
w_287: arc (26, 39) = 1
w_289: arc (27, 2) = 1
w_290: arc (27, 4) = 1
w_291: arc (27, 9) = 1
w_292: arc (27, 10) = 1
w_293: arc (27, 11) = 1
w_294: arc (27, 12) = 1
w_295: arc (27, 15) = 1
w_296: arc (27, 16) = 1
w_297: arc (27, 19) = 1
w_298: arc (27, 20) = 1
w_299: arc (27, 22) = 1
w_300: arc (27, 24) = 1
w_301: arc (27, 25) = 1
w_302: arc (27, 26) = 1
w_303: arc (27, 29) = 1
w_304: arc (27, 37) = 1
w_305: arc (27, 39) = 1
w_307: arc (28, 19) = 1
w_308: arc (28, 21) = 1
w_309: arc (28, 23) = 1
w_310: arc (28, 24) = 1
w_311: arc (28, 26) = 1
w_313: arc (28, 30) = 1
w_314: arc (28, 31) = 1
w_315: arc (28, 32) = 1
w_316: arc (28, 35) = 1
w_318: arc (28, 39) = 1
w_319: arc (29, 2) = 1
w_320: arc (29, 6) = 1
w_321: arc (29, 8) = 1
w_322: arc (29, 17) = 1
w_323: arc (29, 19) = 1
w_324: arc (29, 22) = 1
w_325: arc (29, 23) = 1
w_326: arc (29, 24) = 1
w_327: arc (29, 26) = 1
w_328: arc (29, 27) = 1
w_329: arc (29, 28) = 1
w_331: arc (29, 32) = 1
w_332: arc (29, 34) = 1
w_333: arc (29, 35) = 1
w_334: arc (29, 39) = 1
w_335: arc (30, 8) = 1
w_336: arc (30, 19) = 1
w_337: arc (30, 21) = 1
w_338: arc (30, 22) = 1
w_339: arc (30, 23) = 1
w_340: arc (30, 24) = 1
w_343: arc (30, 29) = 1
w_344: arc (30, 31) = 1
w_345: arc (30, 32) = 1
w_346: arc (30, 35) = 1
w_347: arc (30, 39) = 1
w_348: arc (31, 5) = 1
w_349: arc (31, 6) = 1
w_350: arc (31, 8) = 1
w_351: arc (31, 13) = 1
w_352: arc (31, 14) = 1
w_354: arc (31, 28) = 1
w_355: arc (31, 30) = 1
w_356: arc (31, 32) = 1
w_357: arc (31, 33) = 1
w_359: arc (31, 40) = 1
w_360: arc (32, 5) = 1
w_361: arc (32, 6) = 1
w_362: arc (32, 8) = 1
w_363: arc (32, 14) = 1
w_364: arc (32, 17) = 1
w_365: arc (32, 19) = 1
w_366: arc (32, 21) = 1
w_367: arc (32, 22) = 1
w_368: arc (32, 23) = 1
w_369: arc (32, 24) = 1
w_370: arc (32, 26) = 1
w_371: arc (32, 28) = 1
w_372: arc (32, 29) = 1
w_373: arc (32, 30) = 1
w_374: arc (32, 31) = 1
w_375: arc (32, 34) = 1
w_376: arc (32, 35) = 1
w_377: arc (32, 39) = 1
w_378: arc (33, 5) = 1
w_381: arc (33, 31) = 1
w_383: arc (33, 40) = 1
w_387: arc (34, 7) = 1
w_388: arc (34, 13) = 1
w_389: arc (34, 14) = 1
w_391: arc (34, 21) = 1
w_392: arc (34, 29) = 1
w_393: arc (34, 32) = 1
w_394: arc (34, 35) = 1
w_395: arc (34, 38) = 1
w_397: arc (34, 40) = 1
w_398: arc (35, 5) = 1
w_399: arc (35, 6) = 1
w_400: arc (35, 7) = 1
w_401: arc (35, 8) = 1
w_402: arc (35, 13) = 1
w_403: arc (35, 14) = 1
w_405: arc (35, 21) = 1
w_412: arc (35, 33) = 1
w_440: arc (39, 5) = 1
w_455: arc (39, 35) = 1

**********************
y_k[] variables:
y_k0_i100: arc (9, 27) = 1
y_k0_i220: arc (21, 33) = 1
y_k0_i259: arc (24, 29) = 1
y_k0_i300: arc (27, 24) = 1
y_k0_i331: arc (29, 32) = 1
y_k0_i366: arc (32, 21) = 1
y_k1_i10: arc (1, 27) = 1
y_k1_i95: arc (9, 1) = 1
y_k1_i285: arc (26, 32) = 1
y_k1_i302: arc (27, 26) = 1
y_k1_i357: arc (31, 33) = 1
y_k1_i374: arc (32, 31) = 1
y_k2_i97: arc (9, 12) = 1
y_k2_i122: arc (12, 19) = 1
y_k2_i202: arc (19, 30) = 1
y_k2_i344: arc (30, 31) = 1
y_k2_i357: arc (31, 33) = 1


------------------------

Legenda:Instance_Name   K   Num_Nodes   Num_Archs Seed  U_budget    Max_Num_Discoveries    DDDI_Version Delta    BUB BLB Gap Elapsed_Time
Table:SPP_n40_s8_K3_B6_D1_d75.log   3  40 468 8 6    351  1 0.75 15.5737 15.5737   0 650.091 
