Instance_Name: SPP_n50_s0_K3_B6_D1_d75.log
K: 3
U_Budget: 6
Num_Nodes: 50
Num_Archs: 735
Max_Num_Discoveries: 552
DDDI_Version: 1
BUB: 16.2212
BLB: 16.1977
Gap: 0.00145141
Elapsed_Time 7200.03


Solution:

w[] variables
:w_1: arc (1, 5) = 1
w_2: arc (1, 6) = 1
w_3: arc (1, 9) = 1
w_4: arc (1, 10) = 1
w_7: arc (1, 23) = 1
w_8: arc (1, 25) = 1
w_9: arc (1, 27) = 1
w_10: arc (1, 28) = 1
w_14: arc (1, 35) = 1
w_15: arc (1, 37) = 1
w_18: arc (1, 50) = 1
w_19: arc (2, 3) = 1
w_20: arc (2, 4) = 1
w_22: arc (2, 11) = 1
w_23: arc (2, 16) = 1
w_25: arc (2, 30) = 1
w_28: arc (2, 40) = 1
w_29: arc (2, 41) = 1
w_30: arc (2, 47) = 1
w_31: arc (2, 48) = 1
w_32: arc (3, 2) = 1
w_33: arc (3, 4) = 1
w_36: arc (3, 14) = 1
w_38: arc (3, 30) = 1
w_39: arc (3, 34) = 1
w_41: arc (3, 40) = 1
w_42: arc (3, 41) = 1
w_44: arc (4, 1) = 1
w_47: arc (4, 6) = 1
w_49: arc (4, 10) = 1
w_50: arc (4, 13) = 1
w_53: arc (4, 23) = 1
w_55: arc (4, 28) = 1
w_56: arc (4, 30) = 1
w_57: arc (4, 31) = 1
w_59: arc (4, 35) = 1
w_61: arc (4, 40) = 1
w_63: arc (4, 42) = 1
w_69: arc (5, 9) = 1
w_71: arc (5, 13) = 1
w_72: arc (5, 14) = 1
w_75: arc (5, 27) = 1
w_76: arc (5, 28) = 1
w_77: arc (5, 30) = 1
w_83: arc (6, 5) = 1
w_87: arc (6, 12) = 1
w_88: arc (6, 13) = 1
w_89: arc (6, 15) = 1
w_90: arc (6, 20) = 1
w_91: arc (6, 21) = 1
w_92: arc (6, 22) = 1
w_94: arc (6, 25) = 1
w_95: arc (6, 27) = 1
w_98: arc (6, 32) = 1
w_101: arc (6, 39) = 1
w_104: arc (6, 44) = 1
w_105: arc (6, 50) = 1
w_106: arc (7, 2) = 1
w_109: arc (7, 16) = 1
w_112: arc (7, 38) = 1
w_113: arc (7, 47) = 1
w_114: arc (7, 48) = 1
w_117: arc (8, 10) = 1
w_119: arc (8, 17) = 1
w_128: arc (9, 5) = 1
w_129: arc (9, 6) = 1
w_130: arc (9, 10) = 1
w_132: arc (9, 14) = 1
w_133: arc (9, 23) = 1
w_134: arc (9, 25) = 1
w_135: arc (9, 27) = 1
w_136: arc (9, 28) = 1
w_139: arc (9, 33) = 1
w_140: arc (9, 35) = 1
w_141: arc (9, 37) = 1
w_142: arc (9, 38) = 1
w_143: arc (9, 40) = 1
w_144: arc (9, 41) = 1
w_148: arc (10, 4) = 1
w_149: arc (10, 5) = 1
w_151: arc (10, 8) = 1
w_153: arc (10, 12) = 1
w_157: arc (10, 25) = 1
w_158: arc (10, 27) = 1
w_162: arc (10, 33) = 1
w_165: arc (10, 42) = 1
w_167: arc (11, 2) = 1
w_168: arc (11, 3) = 1
w_169: arc (11, 7) = 1
w_170: arc (11, 16) = 1
w_171: arc (11, 18) = 1
w_172: arc (11, 48) = 1
w_173: arc (12, 6) = 1
w_174: arc (12, 8) = 1
w_177: arc (12, 17) = 1
w_180: arc (12, 23) = 1
w_181: arc (12, 25) = 1
w_182: arc (12, 27) = 1
w_185: arc (12, 39) = 1
w_188: arc (13, 5) = 1
w_191: arc (13, 10) = 1
w_193: arc (13, 23) = 1
w_194: arc (13, 25) = 1
w_196: arc (13, 28) = 1
w_198: arc (13, 31) = 1
w_200: arc (13, 35) = 1
w_201: arc (13, 37) = 1
w_203: arc (13, 42) = 1
w_204: arc (13, 44) = 1
w_206: arc (14, 1) = 1
w_208: arc (14, 4) = 1
w_209: arc (14, 5) = 1
w_210: arc (14, 9) = 1
w_211: arc (14, 10) = 1
w_213: arc (14, 23) = 1
w_215: arc (14, 28) = 1
w_216: arc (14, 30) = 1
w_224: arc (14, 42) = 1
w_225: arc (15, 6) = 1
w_227: arc (15, 20) = 1
w_228: arc (15, 21) = 1
w_230: arc (15, 32) = 1
w_231: arc (15, 39) = 1
w_233: arc (15, 45) = 1
w_234: arc (15, 46) = 1
w_236: arc (16, 2) = 1
w_238: arc (16, 4) = 1
w_242: arc (16, 36) = 1
w_243: arc (16, 38) = 1
w_244: arc (16, 40) = 1
w_245: arc (16, 41) = 1
w_246: arc (16, 47) = 1
w_247: arc (16, 48) = 1
w_249: arc (17, 12) = 1
w_251: arc (17, 25) = 1
w_253: arc (18, 2) = 1
w_254: arc (18, 7) = 1
w_256: arc (18, 16) = 1
w_257: arc (18, 36) = 1
w_261: arc (19, 24) = 1
w_264: arc (19, 43) = 1
w_265: arc (19, 45) = 1
w_267: arc (19, 49) = 1
w_268: arc (20, 6) = 1
w_269: arc (20, 8) = 1
w_270: arc (20, 12) = 1
w_272: arc (20, 17) = 1
w_273: arc (20, 22) = 1
w_274: arc (20, 23) = 1
w_275: arc (20, 25) = 1
w_277: arc (20, 32) = 1
w_278: arc (20, 35) = 1
w_279: arc (20, 39) = 1
w_283: arc (21, 6) = 1
w_286: arc (21, 22) = 1
w_289: arc (21, 32) = 1
w_295: arc (21, 46) = 1
w_296: arc (21, 49) = 1
w_299: arc (22, 12) = 1
w_302: arc (22, 21) = 1
w_304: arc (22, 35) = 1
w_305: arc (22, 39) = 1
w_307: arc (22, 45) = 1
w_313: arc (23, 6) = 1
w_314: arc (23, 8) = 1
w_316: arc (23, 10) = 1
w_317: arc (23, 12) = 1
w_319: arc (23, 14) = 1
w_320: arc (23, 20) = 1
w_321: arc (23, 25) = 1
w_323: arc (23, 28) = 1
w_327: arc (23, 35) = 1
w_328: arc (23, 37) = 1
w_329: arc (23, 40) = 1
w_333: arc (24, 19) = 1
w_334: arc (24, 26) = 1
w_335: arc (24, 29) = 1
w_337: arc (24, 43) = 1
w_338: arc (24, 46) = 1
w_340: arc (25, 1) = 1
w_343: arc (25, 8) = 1
w_344: arc (25, 9) = 1
w_345: arc (25, 10) = 1
w_346: arc (25, 12) = 1
w_348: arc (25, 17) = 1
w_349: arc (25, 20) = 1
w_351: arc (25, 27) = 1
w_354: arc (25, 32) = 1
w_357: arc (25, 37) = 1
w_358: arc (25, 39) = 1
w_361: arc (25, 50) = 1
w_363: arc (26, 21) = 1
w_367: arc (26, 45) = 1
w_368: arc (26, 46) = 1
w_369: arc (26, 49) = 1
w_370: arc (27, 1) = 1
w_374: arc (27, 8) = 1
w_375: arc (27, 9) = 1
w_377: arc (27, 12) = 1
w_380: arc (27, 20) = 1
w_382: arc (27, 25) = 1
w_383: arc (27, 28) = 1
w_385: arc (27, 31) = 1
w_387: arc (27, 35) = 1
w_388: arc (27, 37) = 1
w_394: arc (28, 4) = 1
w_395: arc (28, 5) = 1
w_396: arc (28, 6) = 1
w_397: arc (28, 9) = 1
w_398: arc (28, 10) = 1
w_402: arc (28, 25) = 1
w_405: arc (28, 31) = 1
w_406: arc (28, 33) = 1
w_407: arc (28, 35) = 1
w_408: arc (28, 37) = 1
w_412: arc (28, 42) = 1
w_413: arc (28, 44) = 1
w_414: arc (28, 50) = 1
w_415: arc (29, 19) = 1
w_416: arc (29, 21) = 1
w_417: arc (29, 24) = 1
w_420: arc (29, 45) = 1
w_421: arc (29, 46) = 1
w_424: arc (30, 1) = 1
w_426: arc (30, 3) = 1
w_428: arc (30, 5) = 1
w_429: arc (30, 6) = 1
w_431: arc (30, 10) = 1
w_432: arc (30, 13) = 1
w_433: arc (30, 14) = 1
w_437: arc (30, 31) = 1
w_439: arc (30, 35) = 1
w_441: arc (30, 40) = 1
w_444: arc (30, 44) = 1
w_445: arc (30, 48) = 1
w_446: arc (30, 50) = 1
w_448: arc (31, 4) = 1
w_450: arc (31, 9) = 1
w_451: arc (31, 10) = 1
w_452: arc (31, 13) = 1
w_453: arc (31, 14) = 1
w_454: arc (31, 23) = 1
w_455: arc (31, 25) = 1
w_456: arc (31, 27) = 1
w_457: arc (31, 28) = 1
w_458: arc (31, 30) = 1
w_460: arc (31, 35) = 1
w_462: arc (31, 41) = 1
w_463: arc (32, 6) = 1
w_464: arc (32, 12) = 1
w_466: arc (32, 20) = 1
w_471: arc (32, 39) = 1
w_473: arc (32, 45) = 1
w_477: arc (33, 1) = 1
w_479: arc (33, 6) = 1
w_480: arc (33, 9) = 1
w_482: arc (33, 13) = 1
w_485: arc (33, 23) = 1
w_486: arc (33, 25) = 1
w_487: arc (33, 27) = 1
w_490: arc (33, 35) = 1
w_491: arc (33, 38) = 1
w_494: arc (33, 44) = 1
w_497: arc (34, 14) = 1
w_498: arc (34, 31) = 1
w_499: arc (34, 38) = 1
w_501: arc (34, 48) = 1
w_502: arc (35, 1) = 1
w_503: arc (35, 4) = 1
w_504: arc (35, 5) = 1
w_505: arc (35, 6) = 1
w_507: arc (35, 9) = 1
w_509: arc (35, 12) = 1
w_510: arc (35, 13) = 1
w_511: arc (35, 20) = 1
w_512: arc (35, 22) = 1
w_513: arc (35, 23) = 1
w_516: arc (35, 28) = 1
w_519: arc (35, 32) = 1
w_521: arc (35, 39) = 1
w_523: arc (35, 42) = 1
w_524: arc (35, 44) = 1
w_526: arc (36, 2) = 1
w_530: arc (36, 24) = 1
w_531: arc (36, 38) = 1
w_532: arc (36, 47) = 1
w_533: arc (36, 48) = 1
w_537: arc (37, 10) = 1
w_539: arc (37, 14) = 1
w_540: arc (37, 23) = 1
w_542: arc (37, 27) = 1
w_544: arc (37, 31) = 1
w_547: arc (38, 4) = 1
w_548: arc (38, 7) = 1
w_549: arc (38, 9) = 1
w_550: arc (38, 14) = 1
w_552: arc (38, 28) = 1
w_553: arc (38, 30) = 1
w_555: arc (38, 34) = 1
w_557: arc (38, 40) = 1
w_560: arc (38, 48) = 1
w_561: arc (39, 6) = 1
w_564: arc (39, 15) = 1
w_565: arc (39, 17) = 1
w_568: arc (39, 25) = 1
w_571: arc (39, 35) = 1
w_572: arc (40, 1) = 1
w_576: arc (40, 6) = 1
w_578: arc (40, 13) = 1
w_580: arc (40, 16) = 1
w_585: arc (40, 33) = 1
w_586: arc (40, 35) = 1
w_589: arc (40, 42) = 1
w_590: arc (40, 44) = 1
w_592: arc (40, 50) = 1
w_593: arc (41, 2) = 1
w_595: arc (41, 4) = 1
w_596: arc (41, 9) = 1
w_597: arc (41, 14) = 1
w_599: arc (41, 28) = 1
w_601: arc (41, 31) = 1
w_602: arc (41, 34) = 1
w_604: arc (41, 40) = 1
w_606: arc (42, 1) = 1
w_608: arc (42, 6) = 1
w_609: arc (42, 9) = 1
w_610: arc (42, 10) = 1
w_611: arc (42, 13) = 1
w_613: arc (42, 21) = 1
w_614: arc (42, 23) = 1
w_615: arc (42, 25) = 1
w_616: arc (42, 27) = 1
w_617: arc (42, 28) = 1
w_618: arc (42, 30) = 1
w_620: arc (42, 35) = 1
w_621: arc (42, 38) = 1
w_622: arc (42, 40) = 1
w_623: arc (42, 44) = 1
w_624: arc (42, 50) = 1
w_625: arc (43, 19) = 1
w_626: arc (43, 21) = 1
w_629: arc (43, 29) = 1
w_630: arc (43, 44) = 1
w_631: arc (43, 45) = 1
w_632: arc (43, 46) = 1
w_634: arc (43, 49) = 1
w_636: arc (44, 13) = 1
w_637: arc (44, 15) = 1
w_638: arc (44, 20) = 1
w_641: arc (44, 23) = 1
w_642: arc (44, 25) = 1
w_644: arc (44, 30) = 1
w_645: arc (44, 32) = 1
w_646: arc (44, 33) = 1
w_647: arc (44, 35) = 1
w_650: arc (44, 43) = 1
w_658: arc (45, 22) = 1
w_661: arc (45, 32) = 1
w_663: arc (45, 44) = 1
w_665: arc (45, 49) = 1
w_666: arc (45, 50) = 1
w_667: arc (46, 15) = 1
w_670: arc (46, 24) = 1
w_671: arc (46, 26) = 1
w_672: arc (46, 29) = 1
w_677: arc (46, 49) = 1
w_678: arc (46, 50) = 1
w_681: arc (47, 16) = 1
w_683: arc (47, 24) = 1
w_686: arc (47, 43) = 1
w_689: arc (48, 4) = 1
w_694: arc (48, 30) = 1
w_695: arc (48, 34) = 1
w_697: arc (48, 38) = 1
w_698: arc (48, 40) = 1
w_700: arc (49, 15) = 1
w_701: arc (49, 19) = 1
w_702: arc (49, 20) = 1
w_704: arc (49, 22) = 1
w_705: arc (49, 26) = 1
w_706: arc (49, 29) = 1
w_707: arc (49, 32) = 1
w_708: arc (49, 43) = 1
w_717: arc (50, 13) = 1
w_718: arc (50, 15) = 1
w_719: arc (50, 20) = 1
w_721: arc (50, 22) = 1
w_722: arc (50, 23) = 1
w_723: arc (50, 25) = 1
w_724: arc (50, 27) = 1
w_725: arc (50, 28) = 1
w_731: arc (50, 42) = 1
w_732: arc (50, 44) = 1
w_733: arc (50, 45) = 1

**********************
y_k[] variables:
y_k0_i50: arc (4, 13) = 1
y_k0_i172: arc (11, 48) = 1
y_k0_i177: arc (12, 17) = 1
y_k0_i194: arc (13, 25) = 1
y_k0_i346: arc (25, 12) = 1
y_k0_i547: arc (38, 4) = 1
y_k0_i697: arc (48, 38) = 1
y_k1_i20: arc (2, 4) = 1
y_k1_i56: arc (4, 30) = 1
y_k1_i167: arc (11, 2) = 1
y_k1_i177: arc (12, 17) = 1
y_k1_i200: arc (13, 35) = 1
y_k1_i432: arc (30, 13) = 1
y_k1_i509: arc (35, 12) = 1
y_k2_i42: arc (3, 41) = 1
y_k2_i134: arc (9, 25) = 1
y_k2_i168: arc (11, 3) = 1
y_k2_i348: arc (25, 17) = 1
y_k2_i596: arc (41, 9) = 1


------------------------

Legenda:Instance_Name   K   Num_Nodes   Num_Archs Seed  U_budget    Max_Num_Discoveries    DDDI_Version Delta    BUB BLB Gap Elapsed_Time
Table:SPP_n50_s0_K3_B6_D1_d75.log   3  50 735 0 6    552  1 0.75 16.2212 16.1977   0.00145141 7200.03 
