Instance_Name: SPP_n50_s8_K3_B6_D1_d75.log
K: 3
U_Budget: 6
Num_Nodes: 50
Num_Archs: 735
Max_Num_Discoveries: 552
DDDI_Version: 1
BUB: 14.9435
BLB: 14.4655
Gap: 0.0319853
Elapsed_Time 7200.37


Solution:

w[] variables
:w_1: arc (1, 9) = 1
w_2: arc (1, 10) = 1
w_3: arc (1, 11) = 1
w_4: arc (1, 12) = 1
w_5: arc (1, 15) = 1
w_7: arc (1, 25) = 1
w_8: arc (1, 27) = 1
w_10: arc (1, 42) = 1
w_11: arc (1, 45) = 1
w_12: arc (1, 46) = 1
w_13: arc (1, 48) = 1
w_14: arc (2, 8) = 1
w_15: arc (2, 12) = 1
w_16: arc (2, 19) = 1
w_17: arc (2, 20) = 1
w_18: arc (2, 22) = 1
w_20: arc (2, 24) = 1
w_21: arc (2, 25) = 1
w_22: arc (2, 26) = 1
w_23: arc (2, 27) = 1
w_25: arc (2, 42) = 1
w_27: arc (2, 45) = 1
w_28: arc (2, 47) = 1
w_31: arc (3, 14) = 1
w_32: arc (3, 17) = 1
w_33: arc (3, 18) = 1
w_36: arc (3, 48) = 1
w_37: arc (3, 50) = 1
w_38: arc (4, 1) = 1
w_40: arc (4, 11) = 1
w_41: arc (4, 15) = 1
w_42: arc (4, 16) = 1
w_43: arc (4, 18) = 1
w_44: arc (4, 37) = 1
w_45: arc (4, 38) = 1
w_46: arc (4, 48) = 1
w_48: arc (5, 6) = 1
w_50: arc (5, 13) = 1
w_51: arc (5, 14) = 1
w_52: arc (5, 17) = 1
w_54: arc (5, 31) = 1
w_55: arc (5, 33) = 1
w_56: arc (5, 34) = 1
w_57: arc (5, 35) = 1
w_58: arc (5, 39) = 1
w_59: arc (5, 40) = 1
w_60: arc (5, 44) = 1
w_61: arc (5, 49) = 1
w_62: arc (6, 3) = 1
w_63: arc (6, 5) = 1
w_65: arc (6, 13) = 1
w_67: arc (6, 17) = 1
w_68: arc (6, 21) = 1
w_70: arc (6, 32) = 1
w_72: arc (6, 35) = 1
w_73: arc (6, 38) = 1
w_74: arc (6, 39) = 1
w_75: arc (6, 40) = 1
w_76: arc (6, 44) = 1
w_77: arc (6, 49) = 1
w_78: arc (6, 50) = 1
w_80: arc (7, 5) = 1
w_84: arc (7, 17) = 1
w_85: arc (7, 34) = 1
w_86: arc (7, 35) = 1
w_87: arc (7, 38) = 1
w_88: arc (7, 39) = 1
w_89: arc (7, 40) = 1
w_90: arc (7, 44) = 1
w_91: arc (7, 49) = 1
w_92: arc (7, 50) = 1
w_93: arc (8, 2) = 1
w_94: arc (8, 19) = 1
w_95: arc (8, 22) = 1
w_96: arc (8, 23) = 1
w_97: arc (8, 24) = 1
w_98: arc (8, 26) = 1
w_100: arc (8, 29) = 1
w_101: arc (8, 30) = 1
w_102: arc (8, 31) = 1
w_103: arc (8, 32) = 1
w_104: arc (8, 36) = 1
w_105: arc (8, 39) = 1
w_106: arc (8, 41) = 1
w_107: arc (8, 43) = 1
w_108: arc (8, 47) = 1
w_109: arc (8, 49) = 1
w_110: arc (9, 1) = 1
w_111: arc (9, 11) = 1
w_112: arc (9, 12) = 1
w_113: arc (9, 16) = 1
w_114: arc (9, 25) = 1
w_116: arc (9, 37) = 1
w_118: arc (9, 45) = 1
w_119: arc (9, 46) = 1
w_120: arc (10, 1) = 1
w_121: arc (10, 4) = 1
w_122: arc (10, 11) = 1
w_124: arc (10, 16) = 1
w_125: arc (10, 18) = 1
w_127: arc (10, 37) = 1
w_128: arc (10, 48) = 1
w_129: arc (10, 50) = 1
w_131: arc (11, 4) = 1
w_132: arc (11, 9) = 1
w_133: arc (11, 10) = 1
w_134: arc (11, 15) = 1
w_135: arc (11, 16) = 1
w_136: arc (11, 27) = 1
w_137: arc (11, 37) = 1
w_138: arc (11, 42) = 1
w_139: arc (11, 45) = 1
w_140: arc (11, 46) = 1
w_141: arc (11, 48) = 1
w_142: arc (12, 1) = 1
w_143: arc (12, 2) = 1
w_144: arc (12, 9) = 1
w_145: arc (12, 19) = 1
w_146: arc (12, 20) = 1
w_147: arc (12, 22) = 1
w_148: arc (12, 24) = 1
w_150: arc (12, 27) = 1
w_151: arc (12, 42) = 1
w_152: arc (12, 43) = 1
w_153: arc (12, 45) = 1
w_154: arc (12, 46) = 1
w_155: arc (13, 5) = 1
w_156: arc (13, 6) = 1
w_157: arc (13, 7) = 1
w_158: arc (13, 14) = 1
w_160: arc (13, 31) = 1
w_162: arc (13, 34) = 1
w_163: arc (13, 35) = 1
w_166: arc (13, 49) = 1
w_167: arc (14, 3) = 1
w_168: arc (14, 5) = 1
w_170: arc (14, 7) = 1
w_171: arc (14, 13) = 1
w_172: arc (14, 17) = 1
w_173: arc (14, 21) = 1
w_174: arc (14, 32) = 1
w_175: arc (14, 34) = 1
w_177: arc (14, 38) = 1
w_178: arc (14, 39) = 1
w_179: arc (14, 40) = 1
w_181: arc (14, 49) = 1
w_182: arc (14, 50) = 1
w_183: arc (15, 1) = 1
w_185: arc (15, 10) = 1
w_186: arc (15, 11) = 1
w_187: arc (15, 16) = 1
w_188: arc (15, 18) = 1
w_189: arc (15, 27) = 1
w_190: arc (15, 37) = 1
w_191: arc (15, 38) = 1
w_192: arc (15, 48) = 1
w_194: arc (16, 1) = 1
w_195: arc (16, 4) = 1
w_196: arc (16, 9) = 1
w_197: arc (16, 10) = 1
w_199: arc (16, 15) = 1
w_200: arc (16, 27) = 1
w_201: arc (16, 37) = 1
w_203: arc (16, 45) = 1
w_204: arc (16, 46) = 1
w_205: arc (16, 48) = 1
w_206: arc (17, 3) = 1
w_207: arc (17, 5) = 1
w_209: arc (17, 7) = 1
w_210: arc (17, 14) = 1
w_211: arc (17, 29) = 1
w_212: arc (17, 32) = 1
w_214: arc (17, 35) = 1
w_215: arc (17, 38) = 1
w_216: arc (17, 39) = 1
w_217: arc (17, 40) = 1
w_218: arc (17, 48) = 1
w_220: arc (17, 50) = 1
w_221: arc (18, 3) = 1
w_222: arc (18, 4) = 1
w_223: arc (18, 10) = 1
w_224: arc (18, 15) = 1
w_225: arc (18, 37) = 1
w_226: arc (18, 38) = 1
w_229: arc (19, 2) = 1
w_230: arc (19, 8) = 1
w_231: arc (19, 12) = 1
w_232: arc (19, 20) = 1
w_233: arc (19, 22) = 1
w_234: arc (19, 23) = 1
w_235: arc (19, 24) = 1
w_236: arc (19, 25) = 1
w_237: arc (19, 26) = 1
w_238: arc (19, 27) = 1
w_239: arc (19, 29) = 1
w_240: arc (19, 30) = 1
w_241: arc (19, 32) = 1
w_243: arc (19, 42) = 1
w_244: arc (19, 43) = 1
w_245: arc (19, 45) = 1
w_246: arc (19, 47) = 1
w_247: arc (19, 48) = 1
w_248: arc (19, 50) = 1
w_249: arc (20, 2) = 1
w_250: arc (20, 12) = 1
w_251: arc (20, 19) = 1
w_252: arc (20, 22) = 1
w_253: arc (20, 25) = 1
w_255: arc (20, 42) = 1
w_256: arc (20, 43) = 1
w_257: arc (20, 45) = 1
w_258: arc (20, 46) = 1
w_260: arc (21, 6) = 1
w_262: arc (21, 14) = 1
w_263: arc (21, 28) = 1
w_264: arc (21, 30) = 1
w_266: arc (21, 32) = 1
w_267: arc (21, 33) = 1
w_268: arc (21, 35) = 1
w_269: arc (21, 40) = 1
w_271: arc (21, 49) = 1
w_272: arc (22, 2) = 1
w_273: arc (22, 8) = 1
w_274: arc (22, 12) = 1
w_275: arc (22, 19) = 1
w_276: arc (22, 20) = 1
w_278: arc (22, 24) = 1
w_279: arc (22, 25) = 1
w_280: arc (22, 26) = 1
w_281: arc (22, 27) = 1
w_282: arc (22, 29) = 1
w_283: arc (22, 30) = 1
w_284: arc (22, 41) = 1
w_285: arc (22, 42) = 1
w_287: arc (22, 45) = 1
w_289: arc (23, 2) = 1
w_290: arc (23, 8) = 1
w_291: arc (23, 19) = 1
w_292: arc (23, 22) = 1
w_293: arc (23, 26) = 1
w_294: arc (23, 28) = 1
w_295: arc (23, 29) = 1
w_296: arc (23, 30) = 1
w_297: arc (23, 32) = 1
w_298: arc (23, 36) = 1
w_300: arc (23, 43) = 1
w_301: arc (23, 47) = 1
w_302: arc (24, 2) = 1
w_303: arc (24, 8) = 1
w_304: arc (24, 12) = 1
w_305: arc (24, 19) = 1
w_306: arc (24, 22) = 1
w_307: arc (24, 25) = 1
w_309: arc (24, 27) = 1
w_311: arc (24, 29) = 1
w_312: arc (24, 30) = 1
w_313: arc (24, 32) = 1
w_315: arc (24, 42) = 1
w_316: arc (24, 43) = 1
w_317: arc (24, 47) = 1
w_318: arc (24, 48) = 1
w_319: arc (24, 49) = 1
w_320: arc (24, 50) = 1
w_321: arc (25, 1) = 1
w_323: arc (25, 9) = 1
w_325: arc (25, 19) = 1
w_327: arc (25, 22) = 1
w_328: arc (25, 24) = 1
w_329: arc (25, 26) = 1
w_330: arc (25, 27) = 1
w_331: arc (25, 42) = 1
w_333: arc (25, 45) = 1
w_334: arc (25, 46) = 1
w_335: arc (26, 2) = 1
w_336: arc (26, 8) = 1
w_337: arc (26, 19) = 1
w_338: arc (26, 22) = 1
w_339: arc (26, 23) = 1
w_341: arc (26, 25) = 1
w_342: arc (26, 27) = 1
w_343: arc (26, 28) = 1
w_345: arc (26, 30) = 1
w_346: arc (26, 32) = 1
w_347: arc (26, 35) = 1
w_348: arc (26, 39) = 1
w_349: arc (26, 41) = 1
w_350: arc (26, 42) = 1
w_351: arc (26, 43) = 1
w_352: arc (26, 47) = 1
w_353: arc (26, 48) = 1
w_355: arc (26, 50) = 1
w_356: arc (27, 1) = 1
w_357: arc (27, 2) = 1
w_358: arc (27, 9) = 1
w_359: arc (27, 10) = 1
w_360: arc (27, 11) = 1
w_362: arc (27, 15) = 1
w_363: arc (27, 16) = 1
w_364: arc (27, 19) = 1
w_365: arc (27, 20) = 1
w_366: arc (27, 22) = 1
w_368: arc (27, 25) = 1
w_370: arc (27, 29) = 1
w_371: arc (27, 37) = 1
w_372: arc (27, 39) = 1
w_373: arc (27, 42) = 1
w_374: arc (27, 43) = 1
w_375: arc (27, 45) = 1
w_376: arc (27, 46) = 1
w_377: arc (27, 48) = 1
w_379: arc (28, 8) = 1
w_381: arc (28, 23) = 1
w_382: arc (28, 24) = 1
w_383: arc (28, 26) = 1
w_384: arc (28, 29) = 1
w_385: arc (28, 30) = 1
w_387: arc (28, 32) = 1
w_388: arc (28, 35) = 1
w_390: arc (28, 39) = 1
w_391: arc (28, 41) = 1
w_392: arc (28, 44) = 1
w_393: arc (28, 47) = 1
w_394: arc (28, 49) = 1
w_395: arc (29, 8) = 1
w_397: arc (29, 19) = 1
w_398: arc (29, 22) = 1
w_400: arc (29, 24) = 1
w_401: arc (29, 26) = 1
w_402: arc (29, 27) = 1
w_403: arc (29, 28) = 1
w_406: arc (29, 34) = 1
w_408: arc (29, 39) = 1
w_409: arc (29, 41) = 1
w_410: arc (29, 42) = 1
w_411: arc (29, 47) = 1
w_413: arc (29, 50) = 1
w_414: arc (30, 8) = 1
w_415: arc (30, 19) = 1
w_416: arc (30, 21) = 1
w_417: arc (30, 22) = 1
w_420: arc (30, 26) = 1
w_422: arc (30, 29) = 1
w_423: arc (30, 31) = 1
w_425: arc (30, 35) = 1
w_426: arc (30, 39) = 1
w_427: arc (30, 41) = 1
w_428: arc (30, 47) = 1
w_429: arc (30, 49) = 1
w_430: arc (31, 5) = 1
w_431: arc (31, 6) = 1
w_432: arc (31, 8) = 1
w_435: arc (31, 28) = 1
w_436: arc (31, 30) = 1
w_437: arc (31, 32) = 1
w_439: arc (31, 35) = 1
w_440: arc (31, 40) = 1
w_441: arc (31, 44) = 1
w_442: arc (31, 49) = 1
w_444: arc (32, 8) = 1
w_445: arc (32, 14) = 1
w_446: arc (32, 17) = 1
w_447: arc (32, 19) = 1
w_449: arc (32, 23) = 1
w_450: arc (32, 24) = 1
w_451: arc (32, 26) = 1
w_453: arc (32, 29) = 1
w_454: arc (32, 30) = 1
w_455: arc (32, 31) = 1
w_456: arc (32, 34) = 1
w_457: arc (32, 35) = 1
w_459: arc (32, 41) = 1
w_461: arc (32, 47) = 1
w_463: arc (32, 50) = 1
w_464: arc (33, 5) = 1
w_465: arc (33, 13) = 1
w_466: arc (33, 21) = 1
w_467: arc (33, 31) = 1
w_468: arc (33, 35) = 1
w_469: arc (33, 40) = 1
w_470: arc (33, 44) = 1
w_471: arc (33, 49) = 1
w_479: arc (34, 29) = 1
w_480: arc (34, 32) = 1
w_481: arc (34, 35) = 1
w_483: arc (34, 39) = 1
w_484: arc (34, 40) = 1
w_487: arc (34, 50) = 1
w_488: arc (35, 5) = 1
w_490: arc (35, 7) = 1
w_491: arc (35, 13) = 1
w_492: arc (35, 14) = 1
w_495: arc (35, 26) = 1
w_496: arc (35, 28) = 1
w_497: arc (35, 29) = 1
w_498: arc (35, 30) = 1
w_499: arc (35, 31) = 1
w_500: arc (35, 32) = 1
w_502: arc (35, 34) = 1
w_503: arc (35, 39) = 1
w_504: arc (35, 40) = 1
w_506: arc (35, 49) = 1
w_507: arc (35, 50) = 1
w_508: arc (36, 8) = 1
w_509: arc (36, 23) = 1
w_510: arc (36, 28) = 1
w_511: arc (36, 41) = 1
w_514: arc (37, 1) = 1
w_515: arc (37, 4) = 1
w_516: arc (37, 9) = 1
w_517: arc (37, 10) = 1
w_518: arc (37, 11) = 1
w_519: arc (37, 15) = 1
w_520: arc (37, 16) = 1
w_522: arc (37, 27) = 1
w_523: arc (37, 42) = 1
w_525: arc (37, 50) = 1
w_526: arc (38, 3) = 1
w_527: arc (38, 4) = 1
w_530: arc (38, 14) = 1
w_531: arc (38, 15) = 1
w_533: arc (38, 18) = 1
w_534: arc (38, 34) = 1
w_535: arc (38, 48) = 1
w_536: arc (38, 50) = 1
w_538: arc (39, 6) = 1
w_539: arc (39, 7) = 1
w_541: arc (39, 14) = 1
w_543: arc (39, 19) = 1
w_544: arc (39, 24) = 1
w_546: arc (39, 27) = 1
w_547: arc (39, 28) = 1
w_548: arc (39, 29) = 1
w_549: arc (39, 30) = 1
w_550: arc (39, 32) = 1
w_551: arc (39, 34) = 1
w_554: arc (39, 48) = 1
w_555: arc (39, 49) = 1
w_556: arc (39, 50) = 1
w_557: arc (40, 5) = 1
w_558: arc (40, 6) = 1
w_559: arc (40, 7) = 1
w_560: arc (40, 13) = 1
w_561: arc (40, 14) = 1
w_562: arc (40, 17) = 1
w_563: arc (40, 21) = 1
w_565: arc (40, 33) = 1
w_566: arc (40, 34) = 1
w_567: arc (40, 35) = 1
w_569: arc (40, 49) = 1
w_570: arc (41, 2) = 1
w_571: arc (41, 8) = 1
w_573: arc (41, 23) = 1
w_577: arc (41, 30) = 1
w_578: arc (41, 32) = 1
w_580: arc (41, 43) = 1
w_582: arc (42, 1) = 1
w_583: arc (42, 2) = 1
w_584: arc (42, 9) = 1
w_585: arc (42, 11) = 1
w_586: arc (42, 12) = 1
w_587: arc (42, 16) = 1
w_589: arc (42, 20) = 1
w_592: arc (42, 25) = 1
w_594: arc (42, 27) = 1
w_595: arc (42, 29) = 1
w_596: arc (42, 37) = 1
w_597: arc (42, 43) = 1
w_598: arc (42, 45) = 1
w_599: arc (42, 46) = 1
w_602: arc (43, 8) = 1
w_603: arc (43, 12) = 1
w_604: arc (43, 19) = 1
w_605: arc (43, 20) = 1
w_608: arc (43, 24) = 1
w_609: arc (43, 25) = 1
w_610: arc (43, 26) = 1
w_615: arc (43, 42) = 1
w_616: arc (43, 45) = 1
w_617: arc (43, 47) = 1
w_618: arc (44, 5) = 1
w_619: arc (44, 6) = 1
w_620: arc (44, 7) = 1
w_624: arc (44, 28) = 1
w_625: arc (44, 31) = 1
w_626: arc (44, 32) = 1
w_627: arc (44, 33) = 1
w_628: arc (44, 34) = 1
w_629: arc (44, 35) = 1
w_630: arc (44, 40) = 1
w_631: arc (44, 49) = 1
w_633: arc (45, 2) = 1
w_634: arc (45, 9) = 1
w_639: arc (45, 20) = 1
w_641: arc (45, 25) = 1
w_644: arc (45, 43) = 1
w_645: arc (45, 46) = 1
w_648: arc (46, 11) = 1
w_649: arc (46, 12) = 1
w_650: arc (46, 16) = 1
w_652: arc (46, 25) = 1
w_653: arc (46, 27) = 1
w_656: arc (47, 2) = 1
w_658: arc (47, 19) = 1
w_659: arc (47, 22) = 1
w_661: arc (47, 24) = 1
w_662: arc (47, 26) = 1
w_663: arc (47, 28) = 1
w_664: arc (47, 29) = 1
w_666: arc (47, 32) = 1
w_667: arc (47, 36) = 1
w_669: arc (47, 41) = 1
w_670: arc (47, 43) = 1
w_671: arc (47, 49) = 1
w_672: arc (48, 1) = 1
w_674: arc (48, 4) = 1
w_676: arc (48, 11) = 1
w_677: arc (48, 15) = 1
w_678: arc (48, 16) = 1
w_679: arc (48, 17) = 1
w_680: arc (48, 18) = 1
w_681: arc (48, 19) = 1
w_682: arc (48, 24) = 1
w_683: arc (48, 26) = 1
w_684: arc (48, 27) = 1
w_685: arc (48, 37) = 1
w_686: arc (48, 38) = 1
w_693: arc (49, 8) = 1
w_694: arc (49, 13) = 1
w_695: arc (49, 14) = 1
w_696: arc (49, 17) = 1
w_698: arc (49, 24) = 1
w_699: arc (49, 26) = 1
w_701: arc (49, 29) = 1
w_702: arc (49, 30) = 1
w_703: arc (49, 31) = 1
w_704: arc (49, 32) = 1
w_706: arc (49, 34) = 1
w_707: arc (49, 35) = 1
w_708: arc (49, 39) = 1
w_710: arc (49, 44) = 1
w_711: arc (49, 47) = 1
w_714: arc (50, 4) = 1
w_715: arc (50, 6) = 1
w_716: arc (50, 7) = 1
w_719: arc (50, 15) = 1
w_724: arc (50, 26) = 1
w_725: arc (50, 27) = 1
w_726: arc (50, 29) = 1
w_728: arc (50, 34) = 1
w_730: arc (50, 37) = 1
w_732: arc (50, 39) = 1
w_733: arc (50, 48) = 1

**********************
y_k[] variables:
y_k0_i315: arc (24, 42) = 1
y_k0_i400: arc (29, 24) = 1
y_k0_i442: arc (31, 49) = 1
y_k0_i467: arc (33, 31) = 1
y_k0_i598: arc (42, 45) = 1
y_k0_i645: arc (45, 46) = 1
y_k0_i701: arc (49, 29) = 1
y_k1_i271: arc (21, 49) = 1
y_k1_i350: arc (26, 42) = 1
y_k1_i451: arc (32, 26) = 1
y_k1_i466: arc (33, 21) = 1
y_k1_i599: arc (42, 46) = 1
y_k1_i704: arc (49, 32) = 1
y_k2_i309: arc (24, 27) = 1
y_k2_i375: arc (27, 45) = 1
y_k2_i450: arc (32, 24) = 1
y_k2_i470: arc (33, 44) = 1
y_k2_i631: arc (44, 49) = 1
y_k2_i645: arc (45, 46) = 1
y_k2_i704: arc (49, 32) = 1


------------------------

Legenda:Instance_Name   K   Num_Nodes   Num_Archs Seed  U_budget    Max_Num_Discoveries    DDDI_Version Delta    BUB BLB Gap Elapsed_Time
Table:SPP_n50_s8_K3_B6_D1_d75.log   3  50 735 8 6    552  1 0.75 14.9435 14.4655   0.0319853 7200.37 
