Instance_Name: SPP_n50_s8_K2_B6_D1_d50.log
K: 2
U_Budget: 6
Num_Nodes: 50
Num_Archs: 735
Max_Num_Discoveries: 368
DDDI_Version: 1
BUB: 15.7246
BLB: 15.7246
Gap: 0
Elapsed_Time 3049.79


Solution:

w[] variables
:w_2: arc (1, 10) = 1
w_3: arc (1, 11) = 1
w_4: arc (1, 12) = 1
w_5: arc (1, 15) = 1
w_10: arc (1, 42) = 1
w_15: arc (2, 12) = 1
w_16: arc (2, 19) = 1
w_17: arc (2, 20) = 1
w_18: arc (2, 22) = 1
w_21: arc (2, 25) = 1
w_23: arc (2, 27) = 1
w_25: arc (2, 42) = 1
w_27: arc (2, 45) = 1
w_32: arc (3, 17) = 1
w_33: arc (3, 18) = 1
w_36: arc (3, 48) = 1
w_41: arc (4, 15) = 1
w_42: arc (4, 16) = 1
w_48: arc (5, 6) = 1
w_50: arc (5, 13) = 1
w_52: arc (5, 17) = 1
w_53: arc (5, 21) = 1
w_56: arc (5, 34) = 1
w_58: arc (5, 39) = 1
w_60: arc (5, 44) = 1
w_61: arc (5, 49) = 1
w_62: arc (6, 3) = 1
w_74: arc (6, 39) = 1
w_75: arc (6, 40) = 1
w_77: arc (6, 49) = 1
w_78: arc (6, 50) = 1
w_85: arc (7, 34) = 1
w_86: arc (7, 35) = 1
w_88: arc (7, 39) = 1
w_89: arc (7, 40) = 1
w_91: arc (7, 49) = 1
w_92: arc (7, 50) = 1
w_93: arc (8, 2) = 1
w_95: arc (8, 22) = 1
w_97: arc (8, 24) = 1
w_98: arc (8, 26) = 1
w_101: arc (8, 30) = 1
w_103: arc (8, 32) = 1
w_105: arc (8, 39) = 1
w_107: arc (8, 43) = 1
w_109: arc (8, 49) = 1
w_110: arc (9, 1) = 1
w_118: arc (9, 45) = 1
w_119: arc (9, 46) = 1
w_122: arc (10, 11) = 1
w_124: arc (10, 16) = 1
w_126: arc (10, 27) = 1
w_131: arc (11, 4) = 1
w_132: arc (11, 9) = 1
w_133: arc (11, 10) = 1
w_134: arc (11, 15) = 1
w_139: arc (11, 45) = 1
w_140: arc (11, 46) = 1
w_142: arc (12, 1) = 1
w_143: arc (12, 2) = 1
w_144: arc (12, 9) = 1
w_146: arc (12, 20) = 1
w_150: arc (12, 27) = 1
w_152: arc (12, 43) = 1
w_153: arc (12, 45) = 1
w_154: arc (12, 46) = 1
w_155: arc (13, 5) = 1
w_156: arc (13, 6) = 1
w_160: arc (13, 31) = 1
w_162: arc (13, 34) = 1
w_163: arc (13, 35) = 1
w_166: arc (13, 49) = 1
w_167: arc (14, 3) = 1
w_174: arc (14, 32) = 1
w_177: arc (14, 38) = 1
w_178: arc (14, 39) = 1
w_181: arc (14, 49) = 1
w_182: arc (14, 50) = 1
w_186: arc (15, 11) = 1
w_187: arc (15, 16) = 1
w_188: arc (15, 18) = 1
w_189: arc (15, 27) = 1
w_192: arc (15, 48) = 1
w_196: arc (16, 9) = 1
w_203: arc (16, 45) = 1
w_204: arc (16, 46) = 1
w_206: arc (17, 3) = 1
w_211: arc (17, 29) = 1
w_212: arc (17, 32) = 1
w_214: arc (17, 35) = 1
w_215: arc (17, 38) = 1
w_216: arc (17, 39) = 1
w_218: arc (17, 48) = 1
w_224: arc (18, 15) = 1
w_225: arc (18, 37) = 1
w_227: arc (18, 48) = 1
w_229: arc (19, 2) = 1
w_231: arc (19, 12) = 1
w_232: arc (19, 20) = 1
w_234: arc (19, 23) = 1
w_236: arc (19, 25) = 1
w_237: arc (19, 26) = 1
w_238: arc (19, 27) = 1
w_243: arc (19, 42) = 1
w_245: arc (19, 45) = 1
w_247: arc (19, 48) = 1
w_249: arc (20, 2) = 1
w_250: arc (20, 12) = 1
w_255: arc (20, 42) = 1
w_256: arc (20, 43) = 1
w_257: arc (20, 45) = 1
w_258: arc (20, 46) = 1
w_260: arc (21, 6) = 1
w_263: arc (21, 28) = 1
w_264: arc (21, 30) = 1
w_265: arc (21, 31) = 1
w_266: arc (21, 32) = 1
w_268: arc (21, 35) = 1
w_269: arc (21, 40) = 1
w_271: arc (21, 49) = 1
w_274: arc (22, 12) = 1
w_276: arc (22, 20) = 1
w_279: arc (22, 25) = 1
w_280: arc (22, 26) = 1
w_281: arc (22, 27) = 1
w_285: arc (22, 42) = 1
w_287: arc (22, 45) = 1
w_289: arc (23, 2) = 1
w_291: arc (23, 19) = 1
w_292: arc (23, 22) = 1
w_296: arc (23, 30) = 1
w_300: arc (23, 43) = 1
w_302: arc (24, 2) = 1
w_304: arc (24, 12) = 1
w_306: arc (24, 22) = 1
w_309: arc (24, 27) = 1
w_315: arc (24, 42) = 1
w_316: arc (24, 43) = 1
w_318: arc (24, 48) = 1
w_320: arc (24, 50) = 1
w_322: arc (25, 2) = 1
w_326: arc (25, 20) = 1
w_332: arc (25, 43) = 1
w_334: arc (25, 46) = 1
w_336: arc (26, 8) = 1
w_337: arc (26, 19) = 1
w_338: arc (26, 22) = 1
w_339: arc (26, 23) = 1
w_341: arc (26, 25) = 1
w_342: arc (26, 27) = 1
w_346: arc (26, 32) = 1
w_348: arc (26, 39) = 1
w_349: arc (26, 41) = 1
w_350: arc (26, 42) = 1
w_353: arc (26, 48) = 1
w_355: arc (26, 50) = 1
w_356: arc (27, 1) = 1
w_358: arc (27, 9) = 1
w_360: arc (27, 11) = 1
w_361: arc (27, 12) = 1
w_362: arc (27, 15) = 1
w_363: arc (27, 16) = 1
w_366: arc (27, 22) = 1
w_368: arc (27, 25) = 1
w_369: arc (27, 26) = 1
w_371: arc (27, 37) = 1
w_373: arc (27, 42) = 1
w_374: arc (27, 43) = 1
w_375: arc (27, 45) = 1
w_376: arc (27, 46) = 1
w_377: arc (27, 48) = 1
w_379: arc (28, 8) = 1
w_381: arc (28, 23) = 1
w_382: arc (28, 24) = 1
w_383: arc (28, 26) = 1
w_384: arc (28, 29) = 1
w_385: arc (28, 30) = 1
w_387: arc (28, 32) = 1
w_391: arc (28, 41) = 1
w_393: arc (28, 47) = 1
w_397: arc (29, 19) = 1
w_400: arc (29, 24) = 1
w_401: arc (29, 26) = 1
w_402: arc (29, 27) = 1
w_410: arc (29, 42) = 1
w_411: arc (29, 47) = 1
w_414: arc (30, 8) = 1
w_415: arc (30, 19) = 1
w_417: arc (30, 22) = 1
w_420: arc (30, 26) = 1
w_421: arc (30, 28) = 1
w_422: arc (30, 29) = 1
w_424: arc (30, 32) = 1
w_427: arc (30, 41) = 1
w_429: arc (30, 49) = 1
w_430: arc (31, 5) = 1
w_435: arc (31, 28) = 1
w_436: arc (31, 30) = 1
w_437: arc (31, 32) = 1
w_439: arc (31, 35) = 1
w_440: arc (31, 40) = 1
w_442: arc (31, 49) = 1
w_444: arc (32, 8) = 1
w_445: arc (32, 14) = 1
w_446: arc (32, 17) = 1
w_447: arc (32, 19) = 1
w_450: arc (32, 24) = 1
w_451: arc (32, 26) = 1
w_453: arc (32, 29) = 1
w_456: arc (32, 34) = 1
w_457: arc (32, 35) = 1
w_458: arc (32, 39) = 1
w_461: arc (32, 47) = 1
w_462: arc (32, 49) = 1
w_465: arc (33, 13) = 1
w_466: arc (33, 21) = 1
w_467: arc (33, 31) = 1
w_468: arc (33, 35) = 1
w_469: arc (33, 40) = 1
w_470: arc (33, 44) = 1
w_471: arc (33, 49) = 1
w_472: arc (34, 3) = 1
w_482: arc (34, 38) = 1
w_483: arc (34, 39) = 1
w_486: arc (34, 49) = 1
w_487: arc (34, 50) = 1
w_488: arc (35, 5) = 1
w_490: arc (35, 7) = 1
w_492: arc (35, 14) = 1
w_495: arc (35, 26) = 1
w_497: arc (35, 29) = 1
w_498: arc (35, 30) = 1
w_499: arc (35, 31) = 1
w_502: arc (35, 34) = 1
w_503: arc (35, 39) = 1
w_507: arc (35, 50) = 1
w_509: arc (36, 23) = 1
w_518: arc (37, 11) = 1
w_519: arc (37, 15) = 1
w_521: arc (37, 18) = 1
w_522: arc (37, 27) = 1
w_523: arc (37, 42) = 1
w_527: arc (38, 4) = 1
w_531: arc (38, 15) = 1
w_533: arc (38, 18) = 1
w_540: arc (39, 8) = 1
w_543: arc (39, 19) = 1
w_544: arc (39, 24) = 1
w_545: arc (39, 26) = 1
w_546: arc (39, 27) = 1
w_547: arc (39, 28) = 1
w_549: arc (39, 30) = 1
w_550: arc (39, 32) = 1
w_552: arc (39, 35) = 1
w_555: arc (39, 49) = 1
w_558: arc (40, 6) = 1
w_559: arc (40, 7) = 1
w_561: arc (40, 14) = 1
w_566: arc (40, 34) = 1
w_567: arc (40, 35) = 1
w_568: arc (40, 44) = 1
w_574: arc (41, 26) = 1
w_575: arc (41, 28) = 1
w_576: arc (41, 29) = 1
w_577: arc (41, 30) = 1
w_583: arc (42, 2) = 1
w_584: arc (42, 9) = 1
w_586: arc (42, 12) = 1
w_587: arc (42, 16) = 1
w_588: arc (42, 19) = 1
w_590: arc (42, 22) = 1
w_592: arc (42, 25) = 1
w_594: arc (42, 27) = 1
w_597: arc (42, 43) = 1
w_598: arc (42, 45) = 1
w_599: arc (42, 46) = 1
w_603: arc (43, 12) = 1
w_604: arc (43, 19) = 1
w_605: arc (43, 20) = 1
w_609: arc (43, 25) = 1
w_613: arc (43, 36) = 1
w_615: arc (43, 42) = 1
w_616: arc (43, 45) = 1
w_621: arc (44, 13) = 1
w_624: arc (44, 28) = 1
w_626: arc (44, 32) = 1
w_628: arc (44, 34) = 1
w_629: arc (44, 35) = 1
w_630: arc (44, 40) = 1
w_631: arc (44, 49) = 1
w_632: arc (45, 1) = 1
w_634: arc (45, 9) = 1
w_635: arc (45, 11) = 1
w_636: arc (45, 12) = 1
w_641: arc (45, 25) = 1
w_645: arc (45, 46) = 1
w_656: arc (47, 2) = 1
w_658: arc (47, 19) = 1
w_659: arc (47, 22) = 1
w_661: arc (47, 24) = 1
w_666: arc (47, 32) = 1
w_668: arc (47, 39) = 1
w_669: arc (47, 41) = 1
w_670: arc (47, 43) = 1
w_672: arc (48, 1) = 1
w_675: arc (48, 10) = 1
w_680: arc (48, 18) = 1
w_681: arc (48, 19) = 1
w_683: arc (48, 26) = 1
w_684: arc (48, 27) = 1
w_685: arc (48, 37) = 1
w_686: arc (48, 38) = 1
w_689: arc (48, 50) = 1
w_691: arc (49, 6) = 1
w_692: arc (49, 7) = 1
w_693: arc (49, 8) = 1
w_695: arc (49, 14) = 1
w_698: arc (49, 24) = 1
w_699: arc (49, 26) = 1
w_700: arc (49, 28) = 1
w_701: arc (49, 29) = 1
w_702: arc (49, 30) = 1
w_703: arc (49, 31) = 1
w_704: arc (49, 32) = 1
w_706: arc (49, 34) = 1
w_708: arc (49, 39) = 1
w_719: arc (50, 15) = 1
w_721: arc (50, 18) = 1
w_723: arc (50, 24) = 1
w_724: arc (50, 26) = 1
w_726: arc (50, 29) = 1
w_730: arc (50, 37) = 1
w_731: arc (50, 38) = 1
w_733: arc (50, 48) = 1

**********************
y_k[] variables:
y_k0_i243: arc (19, 42) = 1
y_k0_i271: arc (21, 49) = 1
y_k0_i337: arc (26, 19) = 1
y_k0_i401: arc (29, 26) = 1
y_k0_i453: arc (32, 29) = 1
y_k0_i466: arc (33, 21) = 1
y_k0_i598: arc (42, 45) = 1
y_k0_i645: arc (45, 46) = 1
y_k0_i704: arc (49, 32) = 1
y_k1_i315: arc (24, 42) = 1
y_k1_i400: arc (29, 24) = 1
y_k1_i442: arc (31, 49) = 1
y_k1_i467: arc (33, 31) = 1
y_k1_i599: arc (42, 46) = 1
y_k1_i701: arc (49, 29) = 1


------------------------

Legenda:Instance_Name   K   Num_Nodes   Num_Archs Seed  U_budget    Max_Num_Discoveries    DDDI_Version Delta    BUB BLB Gap Elapsed_Time
Table:SPP_n50_s8_K2_B6_D1_d50.log   2  50 735 8 6    368  1 0.5 15.7246 15.7246   0 3049.79 
