Instance_Name: SPP_n40_s6_K3_B6_D1_d50.log
K: 3
U_Budget: 6
Num_Nodes: 40
Num_Archs: 468
Max_Num_Discoveries: 234
DDDI_Version: 1
BUB: 15.8218
BLB: 15.8218
Gap: 0
Elapsed_Time 394.44


Solution:

w[] variables
:w_2: arc (1, 5) = 1
w_3: arc (1, 6) = 1
w_4: arc (1, 10) = 1
w_7: arc (1, 28) = 1
w_9: arc (1, 32) = 1
w_13: arc (2, 8) = 1
w_14: arc (2, 11) = 1
w_15: arc (2, 12) = 1
w_16: arc (2, 14) = 1
w_17: arc (2, 18) = 1
w_18: arc (2, 19) = 1
w_19: arc (2, 20) = 1
w_20: arc (2, 26) = 1
w_21: arc (2, 29) = 1
w_22: arc (2, 31) = 1
w_23: arc (2, 34) = 1
w_26: arc (2, 40) = 1
w_32: arc (3, 21) = 1
w_33: arc (3, 30) = 1
w_38: arc (4, 13) = 1
w_42: arc (4, 32) = 1
w_43: arc (5, 1) = 1
w_44: arc (5, 3) = 1
w_45: arc (5, 6) = 1
w_46: arc (5, 10) = 1
w_49: arc (5, 21) = 1
w_51: arc (5, 30) = 1
w_52: arc (5, 33) = 1
w_53: arc (5, 35) = 1
w_55: arc (6, 1) = 1
w_57: arc (6, 5) = 1
w_58: arc (6, 10) = 1
w_61: arc (6, 20) = 1
w_63: arc (6, 25) = 1
w_66: arc (6, 32) = 1
w_71: arc (7, 22) = 1
w_72: arc (7, 24) = 1
w_73: arc (7, 33) = 1
w_75: arc (8, 11) = 1
w_76: arc (8, 12) = 1
w_81: arc (8, 39) = 1
w_86: arc (9, 16) = 1
w_87: arc (9, 17) = 1
w_89: arc (9, 23) = 1
w_92: arc (9, 27) = 1
w_96: arc (9, 38) = 1
w_97: arc (10, 1) = 1
w_104: arc (10, 21) = 1
w_105: arc (10, 28) = 1
w_107: arc (10, 32) = 1
w_108: arc (10, 36) = 1
w_110: arc (10, 38) = 1
w_111: arc (11, 2) = 1
w_113: arc (11, 9) = 1
w_116: arc (11, 15) = 1
w_118: arc (11, 26) = 1
w_119: arc (11, 27) = 1
w_124: arc (12, 8) = 1
w_125: arc (12, 11) = 1
w_127: arc (12, 29) = 1
w_128: arc (12, 31) = 1
w_130: arc (12, 40) = 1
w_131: arc (13, 1) = 1
w_132: arc (13, 3) = 1
w_133: arc (13, 4) = 1
w_135: arc (13, 6) = 1
w_136: arc (13, 10) = 1
w_140: arc (13, 28) = 1
w_141: arc (13, 30) = 1
w_142: arc (13, 32) = 1
w_145: arc (13, 36) = 1
w_146: arc (13, 37) = 1
w_148: arc (14, 8) = 1
w_149: arc (14, 9) = 1
w_151: arc (14, 12) = 1
w_152: arc (14, 15) = 1
w_154: arc (14, 19) = 1
w_156: arc (14, 27) = 1
w_158: arc (14, 35) = 1
w_159: arc (14, 38) = 1
w_161: arc (15, 9) = 1
w_162: arc (15, 11) = 1
w_164: arc (15, 16) = 1
w_165: arc (15, 17) = 1
w_167: arc (15, 23) = 1
w_168: arc (15, 25) = 1
w_170: arc (15, 27) = 1
w_171: arc (15, 37) = 1
w_180: arc (17, 16) = 1
w_184: arc (17, 32) = 1
w_186: arc (18, 2) = 1
w_187: arc (18, 8) = 1
w_188: arc (18, 14) = 1
w_192: arc (18, 31) = 1
w_196: arc (18, 39) = 1
w_197: arc (18, 40) = 1
w_198: arc (19, 2) = 1
w_200: arc (19, 9) = 1
w_201: arc (19, 10) = 1
w_202: arc (19, 11) = 1
w_204: arc (19, 15) = 1
w_205: arc (19, 20) = 1
w_206: arc (19, 25) = 1
w_208: arc (19, 27) = 1
w_209: arc (19, 28) = 1
w_211: arc (19, 32) = 1
w_214: arc (19, 37) = 1
w_215: arc (19, 38) = 1
w_217: arc (20, 2) = 1
w_218: arc (20, 5) = 1
w_219: arc (20, 6) = 1
w_220: arc (20, 13) = 1
w_221: arc (20, 18) = 1
w_222: arc (20, 19) = 1
w_223: arc (20, 21) = 1
w_226: arc (20, 31) = 1
w_229: arc (20, 35) = 1
w_230: arc (20, 36) = 1
w_231: arc (20, 39) = 1
w_232: arc (21, 1) = 1
w_234: arc (21, 4) = 1
w_236: arc (21, 6) = 1
w_237: arc (21, 10) = 1
w_242: arc (21, 33) = 1
w_244: arc (22, 5) = 1
w_246: arc (22, 13) = 1
w_247: arc (22, 20) = 1
w_248: arc (22, 21) = 1
w_250: arc (22, 30) = 1
w_251: arc (22, 33) = 1
w_252: arc (22, 34) = 1
w_253: arc (22, 35) = 1
w_254: arc (22, 36) = 1
w_255: arc (23, 9) = 1
w_256: arc (23, 15) = 1
w_257: arc (23, 16) = 1
w_261: arc (24, 7) = 1
w_262: arc (24, 18) = 1
w_263: arc (24, 20) = 1
w_265: arc (24, 31) = 1
w_266: arc (24, 33) = 1
w_267: arc (24, 34) = 1
w_268: arc (24, 35) = 1
w_272: arc (25, 16) = 1
w_273: arc (25, 17) = 1
w_275: arc (25, 23) = 1
w_277: arc (25, 32) = 1
w_279: arc (25, 38) = 1
w_280: arc (26, 2) = 1
w_282: arc (26, 9) = 1
w_283: arc (26, 11) = 1
w_285: arc (26, 15) = 1
w_292: arc (26, 38) = 1
w_294: arc (27, 9) = 1
w_295: arc (27, 11) = 1
w_298: arc (27, 17) = 1
w_299: arc (27, 19) = 1
w_305: arc (28, 9) = 1
w_307: arc (28, 13) = 1
w_309: arc (28, 25) = 1
w_313: arc (28, 38) = 1
w_315: arc (29, 8) = 1
w_316: arc (29, 12) = 1
w_318: arc (29, 31) = 1
w_321: arc (29, 40) = 1
w_322: arc (30, 1) = 1
w_333: arc (31, 8) = 1
w_334: arc (31, 11) = 1
w_335: arc (31, 12) = 1
w_336: arc (31, 14) = 1
w_338: arc (31, 19) = 1
w_341: arc (31, 26) = 1
w_342: arc (31, 29) = 1
w_345: arc (31, 39) = 1
w_346: arc (31, 40) = 1
w_347: arc (32, 1) = 1
w_350: arc (32, 9) = 1
w_353: arc (32, 17) = 1
w_355: arc (32, 25) = 1
w_359: arc (32, 37) = 1
w_363: arc (33, 13) = 1
w_364: arc (33, 20) = 1
w_365: arc (33, 21) = 1
w_368: arc (33, 30) = 1
w_370: arc (33, 35) = 1
w_371: arc (33, 36) = 1
w_372: arc (34, 2) = 1
w_377: arc (34, 29) = 1
w_378: arc (34, 31) = 1
w_381: arc (34, 36) = 1
w_382: arc (34, 39) = 1
w_383: arc (35, 2) = 1
w_384: arc (35, 5) = 1
w_385: arc (35, 6) = 1
w_387: arc (35, 14) = 1
w_388: arc (35, 18) = 1
w_389: arc (35, 19) = 1
w_393: arc (35, 26) = 1
w_399: arc (36, 1) = 1
w_401: arc (36, 6) = 1
w_402: arc (36, 10) = 1
w_403: arc (36, 13) = 1
w_404: arc (36, 18) = 1
w_405: arc (36, 19) = 1
w_406: arc (36, 20) = 1
w_407: arc (36, 21) = 1
w_409: arc (36, 28) = 1
w_410: arc (36, 30) = 1
w_411: arc (36, 32) = 1
w_413: arc (36, 34) = 1
w_415: arc (36, 37) = 1
w_416: arc (36, 38) = 1
w_419: arc (37, 9) = 1
w_422: arc (37, 15) = 1
w_423: arc (37, 19) = 1
w_424: arc (37, 25) = 1
w_435: arc (38, 15) = 1
w_436: arc (38, 17) = 1
w_438: arc (38, 23) = 1
w_439: arc (38, 25) = 1
w_440: arc (38, 26) = 1
w_441: arc (38, 27) = 1
w_443: arc (38, 32) = 1
w_447: arc (39, 8) = 1
w_448: arc (39, 11) = 1
w_449: arc (39, 12) = 1
w_450: arc (39, 14) = 1
w_452: arc (39, 19) = 1
w_454: arc (39, 26) = 1
w_455: arc (39, 29) = 1
w_459: arc (39, 40) = 1
w_461: arc (40, 8) = 1
w_467: arc (40, 39) = 1

**********************
y_k[] variables:
y_k0_i66: arc (6, 32) = 1
y_k0_i71: arc (7, 22) = 1
y_k0_i254: arc (22, 36) = 1
y_k0_i272: arc (25, 16) = 1
y_k0_i355: arc (32, 25) = 1
y_k0_i401: arc (36, 6) = 1
y_k1_i72: arc (7, 24) = 1
y_k1_i86: arc (9, 16) = 1
y_k1_i200: arc (19, 9) = 1
y_k1_i268: arc (24, 35) = 1
y_k1_i389: arc (35, 19) = 1
y_k2_i73: arc (7, 33) = 1
y_k2_i180: arc (17, 16) = 1
y_k2_i371: arc (33, 36) = 1
y_k2_i416: arc (36, 38) = 1
y_k2_i436: arc (38, 17) = 1


------------------------

Legenda:Instance_Name   K   Num_Nodes   Num_Archs Seed  U_budget    Max_Num_Discoveries    DDDI_Version Delta    BUB BLB Gap Elapsed_Time
Table:SPP_n40_s6_K3_B6_D1_d50.log   3  40 468 6 6    234  1 0.5 15.8218 15.8218   0 394.44 
