Instance_Name: SPP_n50_s3_K2_B6_D1_d50.log
K: 2
U_Budget: 6
Num_Nodes: 50
Num_Archs: 735
Max_Num_Discoveries: 368
DDDI_Version: 1
BUB: 14.8548
BLB: 13.9026
Gap: 0.0641021
Elapsed_Time 7200.06


Solution:

w[] variables
:w_2: arc (1, 7) = 1
w_3: arc (1, 11) = 1
w_4: arc (1, 15) = 1
w_5: arc (1, 16) = 1
w_6: arc (1, 18) = 1
w_7: arc (1, 19) = 1
w_8: arc (1, 21) = 1
w_9: arc (1, 24) = 1
w_10: arc (1, 27) = 1
w_11: arc (1, 32) = 1
w_15: arc (1, 39) = 1
w_16: arc (1, 41) = 1
w_17: arc (1, 43) = 1
w_19: arc (1, 49) = 1
w_20: arc (1, 50) = 1
w_21: arc (2, 8) = 1
w_24: arc (2, 31) = 1
w_25: arc (2, 38) = 1
w_26: arc (2, 42) = 1
w_31: arc (2, 50) = 1
w_32: arc (3, 1) = 1
w_33: arc (3, 4) = 1
w_34: arc (3, 5) = 1
w_35: arc (3, 7) = 1
w_36: arc (3, 9) = 1
w_37: arc (3, 10) = 1
w_39: arc (3, 18) = 1
w_40: arc (3, 21) = 1
w_41: arc (3, 24) = 1
w_42: arc (3, 30) = 1
w_43: arc (3, 34) = 1
w_45: arc (3, 39) = 1
w_46: arc (3, 45) = 1
w_48: arc (4, 1) = 1
w_51: arc (4, 7) = 1
w_52: arc (4, 10) = 1
w_53: arc (4, 11) = 1
w_55: arc (4, 18) = 1
w_56: arc (4, 21) = 1
w_57: arc (4, 24) = 1
w_60: arc (4, 32) = 1
w_62: arc (4, 35) = 1
w_63: arc (4, 36) = 1
w_65: arc (4, 43) = 1
w_66: arc (4, 45) = 1
w_68: arc (5, 3) = 1
w_69: arc (5, 4) = 1
w_70: arc (5, 9) = 1
w_71: arc (5, 10) = 1
w_73: arc (5, 24) = 1
w_74: arc (5, 30) = 1
w_75: arc (5, 34) = 1
w_77: arc (5, 39) = 1
w_79: arc (5, 49) = 1
w_86: arc (6, 33) = 1
w_88: arc (6, 40) = 1
w_90: arc (6, 46) = 1
w_94: arc (7, 11) = 1
w_97: arc (7, 17) = 1
w_98: arc (7, 18) = 1
w_100: arc (7, 21) = 1
w_102: arc (7, 26) = 1
w_105: arc (7, 32) = 1
w_106: arc (7, 33) = 1
w_107: arc (7, 37) = 1
w_108: arc (7, 39) = 1
w_113: arc (8, 17) = 1
w_117: arc (8, 38) = 1
w_119: arc (8, 42) = 1
w_120: arc (8, 44) = 1
w_121: arc (8, 46) = 1
w_122: arc (8, 47) = 1
w_123: arc (8, 48) = 1
w_125: arc (9, 3) = 1
w_127: arc (9, 10) = 1
w_130: arc (9, 30) = 1
w_131: arc (9, 34) = 1
w_132: arc (9, 39) = 1
w_134: arc (10, 3) = 1
w_135: arc (10, 4) = 1
w_136: arc (10, 5) = 1
w_138: arc (10, 12) = 1
w_140: arc (10, 14) = 1
w_141: arc (10, 21) = 1
w_142: arc (10, 24) = 1
w_143: arc (10, 28) = 1
w_145: arc (10, 34) = 1
w_146: arc (10, 39) = 1
w_147: arc (10, 45) = 1
w_151: arc (11, 8) = 1
w_152: arc (11, 15) = 1
w_153: arc (11, 16) = 1
w_154: arc (11, 17) = 1
w_155: arc (11, 18) = 1
w_159: arc (11, 27) = 1
w_160: arc (11, 31) = 1
w_162: arc (11, 33) = 1
w_163: arc (11, 36) = 1
w_166: arc (11, 44) = 1
w_168: arc (11, 50) = 1
w_170: arc (12, 4) = 1
w_172: arc (12, 9) = 1
w_173: arc (12, 10) = 1
w_174: arc (12, 24) = 1
w_175: arc (12, 30) = 1
w_176: arc (12, 34) = 1
w_177: arc (12, 35) = 1
w_178: arc (12, 39) = 1
w_180: arc (12, 49) = 1
w_182: arc (13, 14) = 1
w_184: arc (13, 21) = 1
w_185: arc (13, 28) = 1
w_187: arc (13, 40) = 1
w_189: arc (14, 6) = 1
w_192: arc (14, 13) = 1
w_193: arc (14, 19) = 1
w_194: arc (14, 21) = 1
w_195: arc (14, 28) = 1
w_196: arc (14, 29) = 1
w_200: arc (14, 40) = 1
w_201: arc (14, 41) = 1
w_205: arc (15, 16) = 1
w_209: arc (15, 23) = 1
w_210: arc (15, 25) = 1
w_211: arc (15, 27) = 1
w_212: arc (15, 36) = 1
w_214: arc (15, 44) = 1
w_216: arc (15, 50) = 1
w_217: arc (16, 1) = 1
w_218: arc (16, 2) = 1
w_219: arc (16, 7) = 1
w_220: arc (16, 8) = 1
w_224: arc (16, 19) = 1
w_226: arc (16, 22) = 1
w_227: arc (16, 27) = 1
w_228: arc (16, 31) = 1
w_229: arc (16, 32) = 1
w_231: arc (16, 41) = 1
w_233: arc (16, 48) = 1
w_234: arc (16, 50) = 1
w_237: arc (17, 8) = 1
w_246: arc (17, 38) = 1
w_249: arc (17, 46) = 1
w_250: arc (17, 47) = 1
w_251: arc (17, 50) = 1
w_252: arc (18, 1) = 1
w_257: arc (18, 15) = 1
w_258: arc (18, 16) = 1
w_259: arc (18, 19) = 1
w_260: arc (18, 21) = 1
w_262: arc (18, 25) = 1
w_263: arc (18, 27) = 1
w_264: arc (18, 32) = 1
w_266: arc (18, 36) = 1
w_270: arc (18, 44) = 1
w_271: arc (18, 48) = 1
w_273: arc (18, 50) = 1
w_274: arc (19, 1) = 1
w_275: arc (19, 6) = 1
w_279: arc (19, 14) = 1
w_280: arc (19, 16) = 1
w_281: arc (19, 17) = 1
w_282: arc (19, 18) = 1
w_283: arc (19, 21) = 1
w_285: arc (19, 26) = 1
w_286: arc (19, 28) = 1
w_287: arc (19, 29) = 1
w_288: arc (19, 32) = 1
w_289: arc (19, 33) = 1
w_292: arc (19, 40) = 1
w_293: arc (19, 41) = 1
w_294: arc (20, 15) = 1
w_296: arc (20, 25) = 1
w_297: arc (20, 36) = 1
w_298: arc (20, 43) = 1
w_299: arc (21, 1) = 1
w_301: arc (21, 4) = 1
w_306: arc (21, 14) = 1
w_308: arc (21, 17) = 1
w_311: arc (21, 24) = 1
w_312: arc (21, 27) = 1
w_313: arc (21, 28) = 1
w_315: arc (21, 33) = 1
w_316: arc (21, 37) = 1
w_317: arc (21, 39) = 1
w_318: arc (21, 41) = 1
w_323: arc (22, 15) = 1
w_326: arc (22, 42) = 1
w_328: arc (22, 48) = 1
w_329: arc (22, 50) = 1
w_334: arc (23, 36) = 1
w_335: arc (23, 43) = 1
w_336: arc (24, 1) = 1
w_338: arc (24, 4) = 1
w_339: arc (24, 5) = 1
w_340: arc (24, 7) = 1
w_341: arc (24, 9) = 1
w_343: arc (24, 11) = 1
w_345: arc (24, 18) = 1
w_346: arc (24, 19) = 1
w_347: arc (24, 21) = 1
w_348: arc (24, 27) = 1
w_350: arc (24, 32) = 1
w_351: arc (24, 34) = 1
w_354: arc (24, 41) = 1
w_355: arc (24, 45) = 1
w_356: arc (24, 49) = 1
w_359: arc (25, 20) = 1
w_360: arc (25, 23) = 1
w_363: arc (25, 36) = 1
w_364: arc (25, 43) = 1
w_374: arc (26, 33) = 1
w_375: arc (26, 38) = 1
w_378: arc (26, 42) = 1
w_379: arc (26, 46) = 1
w_380: arc (26, 47) = 1
w_383: arc (27, 7) = 1
w_384: arc (27, 11) = 1
w_388: arc (27, 20) = 1
w_389: arc (27, 21) = 1
w_390: arc (27, 23) = 1
w_392: arc (27, 25) = 1
w_395: arc (27, 36) = 1
w_397: arc (27, 41) = 1
w_400: arc (27, 48) = 1
w_402: arc (27, 50) = 1
w_403: arc (28, 6) = 1
w_406: arc (28, 13) = 1
w_407: arc (28, 14) = 1
w_408: arc (28, 19) = 1
w_410: arc (28, 26) = 1
w_411: arc (28, 29) = 1
w_412: arc (28, 33) = 1
w_413: arc (28, 37) = 1
w_422: arc (29, 26) = 1
w_426: arc (29, 40) = 1
w_427: arc (29, 46) = 1
w_428: arc (30, 3) = 1
w_429: arc (30, 4) = 1
w_430: arc (30, 5) = 1
w_431: arc (30, 9) = 1
w_432: arc (30, 10) = 1
w_433: arc (30, 12) = 1
w_434: arc (30, 24) = 1
w_435: arc (30, 34) = 1
w_436: arc (30, 35) = 1
w_437: arc (30, 39) = 1
w_438: arc (30, 45) = 1
w_439: arc (30, 49) = 1
w_440: arc (31, 2) = 1
w_441: arc (31, 8) = 1
w_443: arc (31, 16) = 1
w_445: arc (31, 22) = 1
w_448: arc (31, 33) = 1
w_449: arc (31, 38) = 1
w_451: arc (31, 42) = 1
w_453: arc (31, 46) = 1
w_454: arc (31, 47) = 1
w_455: arc (31, 48) = 1
w_457: arc (32, 1) = 1
w_459: arc (32, 7) = 1
w_460: arc (32, 8) = 1
w_461: arc (32, 11) = 1
w_462: arc (32, 16) = 1
w_463: arc (32, 17) = 1
w_465: arc (32, 19) = 1
w_468: arc (32, 26) = 1
w_470: arc (32, 31) = 1
w_473: arc (32, 41) = 1
w_475: arc (32, 48) = 1
w_476: arc (32, 50) = 1
w_477: arc (33, 6) = 1
w_481: arc (33, 17) = 1
w_482: arc (33, 19) = 1
w_484: arc (33, 26) = 1
w_491: arc (33, 41) = 1
w_492: arc (33, 42) = 1
w_493: arc (33, 46) = 1
w_494: arc (33, 47) = 1
w_495: arc (34, 1) = 1
w_496: arc (34, 3) = 1
w_497: arc (34, 4) = 1
w_498: arc (34, 5) = 1
w_499: arc (34, 9) = 1
w_501: arc (34, 12) = 1
w_502: arc (34, 24) = 1
w_505: arc (34, 39) = 1
w_507: arc (34, 49) = 1
w_508: arc (35, 1) = 1
w_509: arc (35, 3) = 1
w_510: arc (35, 4) = 1
w_513: arc (35, 18) = 1
w_515: arc (35, 25) = 1
w_516: arc (35, 27) = 1
w_518: arc (35, 34) = 1
w_519: arc (35, 36) = 1
w_521: arc (35, 43) = 1
w_525: arc (36, 11) = 1
w_526: arc (36, 15) = 1
w_527: arc (36, 16) = 1
w_528: arc (36, 18) = 1
w_540: arc (37, 14) = 1
w_557: arc (39, 1) = 1
w_561: arc (39, 7) = 1
w_564: arc (39, 11) = 1
w_566: arc (39, 14) = 1
w_569: arc (39, 21) = 1
w_571: arc (39, 27) = 1
w_572: arc (39, 28) = 1
w_574: arc (39, 32) = 1
w_577: arc (39, 41) = 1
w_578: arc (39, 45) = 1
w_584: arc (40, 26) = 1
w_589: arc (41, 1) = 1
w_590: arc (41, 6) = 1
w_592: arc (41, 8) = 1
w_596: arc (41, 17) = 1
w_597: arc (41, 18) = 1
w_598: arc (41, 19) = 1
w_599: arc (41, 21) = 1
w_601: arc (41, 26) = 1
w_602: arc (41, 27) = 1
w_604: arc (41, 31) = 1
w_607: arc (41, 37) = 1
w_609: arc (41, 44) = 1
w_610: arc (41, 46) = 1
w_619: arc (42, 38) = 1
w_620: arc (42, 46) = 1
w_628: arc (43, 20) = 1
w_629: arc (43, 23) = 1
w_631: arc (43, 27) = 1
w_636: arc (44, 2) = 1
w_637: arc (44, 8) = 1
w_638: arc (44, 11) = 1
w_640: arc (44, 16) = 1
w_642: arc (44, 22) = 1
w_647: arc (44, 41) = 1
w_656: arc (45, 13) = 1
w_657: arc (45, 14) = 1
w_658: arc (45, 21) = 1
w_660: arc (45, 28) = 1
w_664: arc (45, 49) = 1
w_665: arc (46, 2) = 1
w_673: arc (46, 38) = 1
w_675: arc (46, 42) = 1
w_676: arc (46, 47) = 1
w_677: arc (47, 2) = 1
w_683: arc (47, 38) = 1
w_687: arc (48, 2) = 1
w_688: arc (48, 8) = 1
w_690: arc (48, 15) = 1
w_691: arc (48, 16) = 1
w_695: arc (48, 31) = 1
w_697: arc (48, 42) = 1
w_701: arc (49, 3) = 1
w_705: arc (49, 18) = 1
w_706: arc (49, 21) = 1
w_708: arc (49, 25) = 1
w_713: arc (49, 36) = 1
w_715: arc (49, 43) = 1
w_719: arc (50, 8) = 1
w_721: arc (50, 15) = 1
w_723: arc (50, 17) = 1
w_727: arc (50, 31) = 1
w_729: arc (50, 38) = 1
w_730: arc (50, 41) = 1
w_731: arc (50, 42) = 1
w_733: arc (50, 47) = 1

**********************
y_k[] variables:
y_k0_i6: arc (1, 18) = 1
y_k0_i48: arc (4, 1) = 1
y_k0_i234: arc (16, 50) = 1
y_k0_i258: arc (18, 16) = 1
y_k0_i435: arc (30, 34) = 1
y_k0_i451: arc (31, 42) = 1
y_k0_i497: arc (34, 4) = 1
y_k0_i619: arc (42, 38) = 1
y_k0_i727: arc (50, 31) = 1
y_k1_i45: arc (3, 39) = 1
y_k1_i249: arc (17, 46) = 1
y_k1_i318: arc (21, 41) = 1
y_k1_i428: arc (30, 3) = 1
y_k1_i569: arc (39, 21) = 1
y_k1_i596: arc (41, 17) = 1
y_k1_i673: arc (46, 38) = 1


------------------------

Legenda:Instance_Name   K   Num_Nodes   Num_Archs Seed  U_budget    Max_Num_Discoveries    DDDI_Version Delta    BUB BLB Gap Elapsed_Time
Table:SPP_n50_s3_K2_B6_D1_d50.log   2  50 735 3 6    368  1 0.5 14.8548 13.9026   0.0641021 7200.06 
