Instance_Name: SPP_n40_s3_K2_B6_D1_d50.log
K: 2
U_Budget: 6
Num_Nodes: 40
Num_Archs: 468
Max_Num_Discoveries: 234
DDDI_Version: 1
BUB: 15.3971
BLB: 15.3971
Gap: 0
Elapsed_Time 1893.1


Solution:

w[] variables
:w_0: arc (1, 3) = 1
w_2: arc (1, 7) = 1
w_3: arc (1, 11) = 1
w_4: arc (1, 15) = 1
w_5: arc (1, 16) = 1
w_6: arc (1, 18) = 1
w_7: arc (1, 19) = 1
w_8: arc (1, 21) = 1
w_11: arc (1, 32) = 1
w_13: arc (1, 35) = 1
w_14: arc (1, 36) = 1
w_20: arc (2, 38) = 1
w_21: arc (3, 1) = 1
w_22: arc (3, 4) = 1
w_23: arc (3, 5) = 1
w_24: arc (3, 7) = 1
w_25: arc (3, 9) = 1
w_28: arc (3, 18) = 1
w_29: arc (3, 21) = 1
w_32: arc (3, 34) = 1
w_33: arc (3, 35) = 1
w_35: arc (4, 1) = 1
w_36: arc (4, 3) = 1
w_38: arc (4, 7) = 1
w_39: arc (4, 10) = 1
w_40: arc (4, 11) = 1
w_42: arc (4, 18) = 1
w_43: arc (4, 21) = 1
w_44: arc (4, 24) = 1
w_45: arc (4, 27) = 1
w_47: arc (4, 32) = 1
w_50: arc (4, 36) = 1
w_53: arc (5, 4) = 1
w_55: arc (5, 10) = 1
w_56: arc (5, 12) = 1
w_57: arc (5, 24) = 1
w_60: arc (5, 35) = 1
w_61: arc (5, 39) = 1
w_63: arc (6, 17) = 1
w_65: arc (6, 26) = 1
w_71: arc (7, 1) = 1
w_74: arc (7, 11) = 1
w_75: arc (7, 14) = 1
w_76: arc (7, 16) = 1
w_77: arc (7, 17) = 1
w_78: arc (7, 18) = 1
w_79: arc (7, 19) = 1
w_83: arc (7, 27) = 1
w_84: arc (7, 28) = 1
w_86: arc (7, 33) = 1
w_87: arc (7, 37) = 1
w_88: arc (7, 39) = 1
w_89: arc (8, 2) = 1
w_91: arc (8, 16) = 1
w_92: arc (8, 17) = 1
w_96: arc (8, 38) = 1
w_97: arc (9, 3) = 1
w_99: arc (9, 10) = 1
w_101: arc (9, 24) = 1
w_103: arc (9, 34) = 1
w_104: arc (9, 39) = 1
w_105: arc (10, 3) = 1
w_106: arc (10, 4) = 1
w_108: arc (10, 9) = 1
w_110: arc (10, 13) = 1
w_111: arc (10, 14) = 1
w_112: arc (10, 21) = 1
w_113: arc (10, 24) = 1
w_114: arc (10, 28) = 1
w_116: arc (10, 34) = 1
w_117: arc (10, 39) = 1
w_120: arc (11, 7) = 1
w_121: arc (11, 8) = 1
w_122: arc (11, 15) = 1
w_124: arc (11, 17) = 1
w_126: arc (11, 19) = 1
w_129: arc (11, 27) = 1
w_130: arc (11, 31) = 1
w_132: arc (11, 33) = 1
w_133: arc (11, 36) = 1
w_135: arc (12, 3) = 1
w_136: arc (12, 4) = 1
w_138: arc (12, 9) = 1
w_139: arc (12, 10) = 1
w_140: arc (12, 24) = 1
w_143: arc (12, 35) = 1
w_144: arc (12, 39) = 1
w_147: arc (13, 19) = 1
w_149: arc (13, 28) = 1
w_150: arc (13, 37) = 1
w_151: arc (13, 40) = 1
w_153: arc (14, 7) = 1
w_156: arc (14, 19) = 1
w_157: arc (14, 21) = 1
w_159: arc (14, 29) = 1
w_160: arc (14, 33) = 1
w_163: arc (14, 40) = 1
w_166: arc (15, 16) = 1
w_168: arc (15, 20) = 1
w_169: arc (15, 22) = 1
w_170: arc (15, 23) = 1
w_171: arc (15, 25) = 1
w_172: arc (15, 27) = 1
w_173: arc (15, 36) = 1
w_175: arc (16, 2) = 1
w_177: arc (16, 8) = 1
w_178: arc (16, 11) = 1
w_179: arc (16, 15) = 1
w_183: arc (16, 22) = 1
w_184: arc (16, 27) = 1
w_185: arc (16, 31) = 1
w_188: arc (17, 6) = 1
w_190: arc (17, 8) = 1
w_195: arc (17, 29) = 1
w_196: arc (17, 31) = 1
w_199: arc (17, 38) = 1
w_203: arc (18, 7) = 1
w_204: arc (18, 11) = 1
w_205: arc (18, 15) = 1
w_206: arc (18, 16) = 1
w_207: arc (18, 19) = 1
w_208: arc (18, 21) = 1
w_210: arc (18, 25) = 1
w_214: arc (18, 36) = 1
w_217: arc (19, 6) = 1
w_219: arc (19, 11) = 1
w_220: arc (19, 13) = 1
w_221: arc (19, 14) = 1
w_222: arc (19, 16) = 1
w_223: arc (19, 17) = 1
w_224: arc (19, 18) = 1
w_227: arc (19, 26) = 1
w_228: arc (19, 28) = 1
w_229: arc (19, 29) = 1
w_230: arc (19, 32) = 1
w_231: arc (19, 33) = 1
w_232: arc (19, 37) = 1
w_234: arc (19, 40) = 1
w_235: arc (20, 15) = 1
w_237: arc (20, 25) = 1
w_239: arc (21, 1) = 1
w_244: arc (21, 11) = 1
w_245: arc (21, 13) = 1
w_246: arc (21, 14) = 1
w_247: arc (21, 16) = 1
w_248: arc (21, 17) = 1
w_249: arc (21, 18) = 1
w_250: arc (21, 19) = 1
w_251: arc (21, 24) = 1
w_252: arc (21, 27) = 1
w_253: arc (21, 28) = 1
w_254: arc (21, 32) = 1
w_255: arc (21, 33) = 1
w_256: arc (21, 37) = 1
w_257: arc (21, 39) = 1
w_258: arc (22, 2) = 1
w_259: arc (22, 8) = 1
w_260: arc (22, 15) = 1
w_262: arc (22, 31) = 1
w_263: arc (23, 15) = 1
w_268: arc (24, 1) = 1
w_271: arc (24, 5) = 1
w_273: arc (24, 9) = 1
w_275: arc (24, 11) = 1
w_277: arc (24, 18) = 1
w_278: arc (24, 19) = 1
w_279: arc (24, 21) = 1
w_280: arc (24, 27) = 1
w_282: arc (24, 32) = 1
w_284: arc (24, 35) = 1
w_286: arc (25, 15) = 1
w_288: arc (25, 20) = 1
w_290: arc (25, 27) = 1
w_291: arc (25, 36) = 1
w_292: arc (26, 6) = 1
w_297: arc (26, 29) = 1
w_298: arc (26, 31) = 1
w_301: arc (26, 38) = 1
w_302: arc (26, 40) = 1
w_305: arc (27, 7) = 1
w_306: arc (27, 11) = 1
w_307: arc (27, 15) = 1
w_310: arc (27, 21) = 1
w_311: arc (27, 23) = 1
w_313: arc (27, 25) = 1
w_314: arc (27, 32) = 1
w_318: arc (28, 6) = 1
w_319: arc (28, 7) = 1
w_325: arc (28, 26) = 1
w_326: arc (28, 29) = 1
w_327: arc (28, 33) = 1
w_330: arc (28, 40) = 1
w_333: arc (29, 17) = 1
w_335: arc (29, 26) = 1
w_339: arc (29, 40) = 1
w_340: arc (30, 3) = 1
w_341: arc (30, 4) = 1
w_342: arc (30, 5) = 1
w_343: arc (30, 9) = 1
w_344: arc (30, 10) = 1
w_346: arc (30, 24) = 1
w_347: arc (30, 34) = 1
w_348: arc (30, 35) = 1
w_349: arc (30, 39) = 1
w_354: arc (31, 17) = 1
w_355: arc (31, 22) = 1
w_356: arc (31, 26) = 1
w_358: arc (31, 33) = 1
w_359: arc (31, 38) = 1
w_360: arc (32, 1) = 1
w_362: arc (32, 7) = 1
w_363: arc (32, 8) = 1
w_366: arc (32, 17) = 1
w_368: arc (32, 19) = 1
w_371: arc (32, 26) = 1
w_372: arc (32, 27) = 1
w_373: arc (32, 31) = 1
w_374: arc (32, 33) = 1
w_381: arc (33, 19) = 1
w_383: arc (33, 26) = 1
w_385: arc (33, 29) = 1
w_386: arc (33, 31) = 1
w_389: arc (33, 40) = 1
w_390: arc (34, 1) = 1
w_392: arc (34, 4) = 1
w_407: arc (35, 24) = 1
w_417: arc (36, 16) = 1
w_419: arc (36, 20) = 1
w_425: arc (37, 7) = 1
w_444: arc (39, 9) = 1
w_448: arc (39, 14) = 1
w_452: arc (39, 24) = 1
w_454: arc (39, 28) = 1
w_456: arc (39, 32) = 1

**********************
y_k[] variables:
y_k0_i6: arc (1, 18) = 1
y_k0_i35: arc (4, 1) = 1
y_k0_i185: arc (16, 31) = 1
y_k0_i206: arc (18, 16) = 1
y_k0_i347: arc (30, 34) = 1
y_k0_i359: arc (31, 38) = 1
y_k0_i392: arc (34, 4) = 1
y_k1_i34: arc (3, 39) = 1
y_k1_i77: arc (7, 17) = 1
y_k1_i199: arc (17, 38) = 1
y_k1_i242: arc (21, 7) = 1
y_k1_i340: arc (30, 3) = 1
y_k1_i451: arc (39, 21) = 1


------------------------

Legenda:Instance_Name   K   Num_Nodes   Num_Archs Seed  U_budget    Max_Num_Discoveries    DDDI_Version Delta    BUB BLB Gap Elapsed_Time
Table:SPP_n40_s3_K2_B6_D1_d50.log   2  40 468 3 6    234  1 0.5 15.3971 15.3971   0 1893.1 
