Instance_Name: SPP_n40_s1_K3_B3_D1_d75.log
K: 3
U_Budget: 3
Num_Nodes: 40
Num_Archs: 468
Max_Num_Discoveries: 351
DDDI_Version: 1
BUB: 13.6065
BLB: 13.6065
Gap: 0
Elapsed_Time 84.389


Solution:

w[] variables
:w_2: arc (1, 11) = 1
w_3: arc (1, 18) = 1
w_4: arc (1, 20) = 1
w_7: arc (1, 30) = 1
w_10: arc (1, 35) = 1
w_14: arc (2, 4) = 1
w_16: arc (2, 7) = 1
w_17: arc (2, 11) = 1
w_19: arc (2, 15) = 1
w_21: arc (2, 19) = 1
w_22: arc (2, 25) = 1
w_23: arc (2, 26) = 1
w_24: arc (2, 28) = 1
w_25: arc (2, 31) = 1
w_26: arc (2, 40) = 1
w_29: arc (3, 17) = 1
w_32: arc (3, 29) = 1
w_33: arc (3, 32) = 1
w_34: arc (3, 34) = 1
w_40: arc (4, 11) = 1
w_42: arc (4, 15) = 1
w_44: arc (4, 18) = 1
w_46: arc (4, 24) = 1
w_48: arc (4, 26) = 1
w_51: arc (4, 38) = 1
w_52: arc (4, 40) = 1
w_56: arc (5, 11) = 1
w_58: arc (5, 15) = 1
w_60: arc (5, 19) = 1
w_61: arc (5, 25) = 1
w_62: arc (5, 26) = 1
w_63: arc (5, 28) = 1
w_64: arc (5, 31) = 1
w_72: arc (7, 4) = 1
w_74: arc (7, 11) = 1
w_76: arc (7, 15) = 1
w_77: arc (7, 16) = 1
w_78: arc (7, 18) = 1
w_79: arc (7, 19) = 1
w_81: arc (7, 26) = 1
w_82: arc (7, 28) = 1
w_83: arc (7, 31) = 1
w_84: arc (7, 40) = 1
w_85: arc (8, 9) = 1
w_88: arc (8, 21) = 1
w_89: arc (8, 22) = 1
w_90: arc (8, 23) = 1
w_92: arc (8, 33) = 1
w_95: arc (9, 14) = 1
w_100: arc (9, 33) = 1
w_102: arc (10, 6) = 1
w_104: arc (10, 30) = 1
w_108: arc (11, 1) = 1
w_111: arc (11, 5) = 1
w_113: arc (11, 15) = 1
w_115: arc (11, 18) = 1
w_117: arc (11, 20) = 1
w_121: arc (11, 30) = 1
w_123: arc (11, 32) = 1
w_124: arc (11, 35) = 1
w_125: arc (11, 37) = 1
w_127: arc (12, 2) = 1
w_129: arc (12, 5) = 1
w_130: arc (12, 7) = 1
w_132: arc (12, 19) = 1
w_133: arc (12, 25) = 1
w_134: arc (12, 28) = 1
w_135: arc (12, 40) = 1
w_137: arc (13, 8) = 1
w_138: arc (13, 17) = 1
w_142: arc (13, 29) = 1
w_144: arc (13, 33) = 1
w_145: arc (13, 34) = 1
w_146: arc (13, 35) = 1
w_147: arc (13, 38) = 1
w_149: arc (14, 21) = 1
w_153: arc (15, 3) = 1
w_158: arc (15, 18) = 1
w_159: arc (15, 24) = 1
w_163: arc (15, 35) = 1
w_164: arc (15, 38) = 1
w_169: arc (16, 7) = 1
w_170: arc (16, 11) = 1
w_173: arc (16, 25) = 1
w_174: arc (16, 26) = 1
w_175: arc (16, 28) = 1
w_176: arc (16, 31) = 1
w_177: arc (16, 40) = 1
w_178: arc (17, 3) = 1
w_179: arc (17, 8) = 1
w_181: arc (17, 22) = 1
w_182: arc (17, 23) = 1
w_183: arc (17, 29) = 1
w_189: arc (18, 1) = 1
w_190: arc (18, 3) = 1
w_194: arc (18, 13) = 1
w_196: arc (18, 19) = 1
w_197: arc (18, 20) = 1
w_198: arc (18, 24) = 1
w_199: arc (18, 26) = 1
w_200: arc (18, 28) = 1
w_201: arc (18, 30) = 1
w_203: arc (18, 32) = 1
w_204: arc (18, 34) = 1
w_205: arc (18, 35) = 1
w_206: arc (18, 37) = 1
w_208: arc (18, 40) = 1
w_212: arc (19, 7) = 1
w_216: arc (19, 18) = 1
w_218: arc (19, 26) = 1
w_219: arc (19, 28) = 1
w_220: arc (19, 31) = 1
w_221: arc (19, 37) = 1
w_222: arc (19, 40) = 1
w_224: arc (20, 10) = 1
w_226: arc (20, 13) = 1
w_227: arc (20, 18) = 1
w_230: arc (20, 30) = 1
w_233: arc (20, 34) = 1
w_234: arc (20, 35) = 1
w_236: arc (20, 40) = 1
w_238: arc (21, 9) = 1
w_239: arc (21, 14) = 1
w_244: arc (22, 9) = 1
w_245: arc (22, 14) = 1
w_247: arc (22, 21) = 1
w_248: arc (22, 23) = 1
w_251: arc (22, 33) = 1
w_254: arc (23, 9) = 1
w_255: arc (23, 14) = 1
w_257: arc (23, 21) = 1
w_259: arc (23, 27) = 1
w_261: arc (23, 34) = 1
w_262: arc (24, 3) = 1
w_264: arc (24, 13) = 1
w_267: arc (24, 35) = 1
w_270: arc (25, 4) = 1
w_273: arc (25, 11) = 1
w_277: arc (25, 26) = 1
w_280: arc (25, 40) = 1
w_281: arc (26, 1) = 1
w_286: arc (26, 11) = 1
w_287: arc (26, 15) = 1
w_288: arc (26, 16) = 1
w_289: arc (26, 18) = 1
w_291: arc (26, 20) = 1
w_292: arc (26, 25) = 1
w_293: arc (26, 28) = 1
w_294: arc (26, 30) = 1
w_295: arc (26, 31) = 1
w_296: arc (26, 32) = 1
w_297: arc (26, 35) = 1
w_298: arc (26, 37) = 1
w_300: arc (27, 9) = 1
w_301: arc (27, 22) = 1
w_304: arc (28, 1) = 1
w_313: arc (28, 18) = 1
w_314: arc (28, 19) = 1
w_315: arc (28, 20) = 1
w_316: arc (28, 25) = 1
w_320: arc (28, 35) = 1
w_321: arc (28, 37) = 1
w_324: arc (29, 8) = 1
w_326: arc (29, 17) = 1
w_328: arc (30, 10) = 1
w_332: arc (30, 22) = 1
w_336: arc (30, 33) = 1
w_337: arc (30, 34) = 1
w_340: arc (30, 37) = 1
w_341: arc (31, 1) = 1
w_346: arc (31, 11) = 1
w_347: arc (31, 15) = 1
w_349: arc (31, 18) = 1
w_351: arc (31, 20) = 1
w_355: arc (31, 30) = 1
w_356: arc (31, 32) = 1
w_357: arc (31, 35) = 1
w_358: arc (31, 37) = 1
w_364: arc (32, 17) = 1
w_369: arc (32, 30) = 1
w_371: arc (32, 34) = 1
w_373: arc (32, 37) = 1
w_374: arc (32, 38) = 1
w_375: arc (32, 40) = 1
w_376: arc (33, 8) = 1
w_377: arc (33, 9) = 1
w_379: arc (33, 17) = 1
w_380: arc (33, 21) = 1
w_381: arc (33, 22) = 1
w_382: arc (33, 23) = 1
w_383: arc (33, 27) = 1
w_385: arc (33, 34) = 1
w_387: arc (34, 8) = 1
w_388: arc (34, 13) = 1
w_389: arc (34, 17) = 1
w_392: arc (34, 22) = 1
w_393: arc (34, 23) = 1
w_396: arc (34, 33) = 1
w_400: arc (35, 3) = 1
w_402: arc (35, 13) = 1
w_404: arc (35, 17) = 1
w_406: arc (35, 20) = 1
w_410: arc (35, 30) = 1
w_411: arc (35, 31) = 1
w_413: arc (35, 34) = 1
w_414: arc (35, 37) = 1
w_415: arc (35, 38) = 1
w_422: arc (37, 1) = 1
w_425: arc (37, 11) = 1
w_426: arc (37, 18) = 1
w_431: arc (37, 30) = 1
w_433: arc (37, 32) = 1
w_434: arc (37, 34) = 1
w_439: arc (38, 13) = 1
w_440: arc (38, 15) = 1
w_441: arc (38, 17) = 1
w_443: arc (38, 24) = 1
w_449: arc (40, 1) = 1
w_454: arc (40, 11) = 1
w_456: arc (40, 15) = 1
w_458: arc (40, 18) = 1
w_459: arc (40, 19) = 1
w_460: arc (40, 20) = 1
w_461: arc (40, 25) = 1
w_462: arc (40, 26) = 1
w_465: arc (40, 32) = 1
w_466: arc (40, 35) = 1
w_467: arc (40, 37) = 1

**********************
y_k[] variables:
y_k0_i81: arc (7, 26) = 1
y_k0_i95: arc (9, 14) = 1
y_k0_i130: arc (12, 7) = 1
y_k0_i254: arc (23, 9) = 1
y_k0_i296: arc (26, 32) = 1
y_k0_i371: arc (32, 34) = 1
y_k0_i382: arc (33, 23) = 1
y_k0_i396: arc (34, 33) = 1
y_k1_i95: arc (9, 14) = 1
y_k1_i135: arc (12, 40) = 1
y_k1_i204: arc (18, 34) = 1
y_k1_i244: arc (22, 9) = 1
y_k1_i392: arc (34, 22) = 1
y_k1_i458: arc (40, 18) = 1
y_k2_i55: arc (5, 7) = 1
y_k2_i78: arc (7, 18) = 1
y_k2_i129: arc (12, 5) = 1
y_k2_i205: arc (18, 35) = 1
y_k2_i255: arc (23, 14) = 1
y_k2_i393: arc (34, 23) = 1
y_k2_i413: arc (35, 34) = 1


------------------------

Legenda:Instance_Name   K   Num_Nodes   Num_Archs Seed  U_budget    Max_Num_Discoveries    DDDI_Version Delta    BUB BLB Gap Elapsed_Time
Table:SPP_n40_s1_K3_B3_D1_d75.log   3  40 468 1 3    351  1 0.75 13.6065 13.6065   0 84.389 
