Instance_Name: SPP_n50_s5_K4_B6_D1_d50.log
K: 4
U_Budget: 6
Num_Nodes: 50
Num_Archs: 735
Max_Num_Discoveries: 368
DDDI_Version: 1
BUB: 14.9296
BLB: 14.9296
Gap: 2.29898e-08
Elapsed_Time 3437.01


Solution:

w[] variables
:w_0: arc (1, 2) = 1
w_1: arc (1, 11) = 1
w_2: arc (1, 12) = 1
w_3: arc (1, 19) = 1
w_5: arc (1, 21) = 1
w_10: arc (1, 36) = 1
w_11: arc (1, 37) = 1
w_13: arc (1, 44) = 1
w_14: arc (1, 50) = 1
w_16: arc (2, 8) = 1
w_17: arc (2, 9) = 1
w_21: arc (2, 21) = 1
w_27: arc (2, 34) = 1
w_28: arc (2, 35) = 1
w_32: arc (2, 50) = 1
w_33: arc (3, 7) = 1
w_41: arc (3, 41) = 1
w_45: arc (4, 5) = 1
w_51: arc (4, 21) = 1
w_57: arc (4, 47) = 1
w_58: arc (4, 49) = 1
w_61: arc (5, 7) = 1
w_66: arc (5, 22) = 1
w_71: arc (5, 43) = 1
w_72: arc (5, 45) = 1
w_74: arc (5, 48) = 1
w_77: arc (6, 5) = 1
w_86: arc (6, 47) = 1
w_91: arc (7, 14) = 1
w_93: arc (7, 16) = 1
w_97: arc (7, 29) = 1
w_98: arc (7, 42) = 1
w_100: arc (7, 46) = 1
w_102: arc (8, 4) = 1
w_103: arc (8, 5) = 1
w_104: arc (8, 6) = 1
w_106: arc (8, 10) = 1
w_109: arc (8, 21) = 1
w_110: arc (8, 22) = 1
w_111: arc (8, 30) = 1
w_115: arc (8, 37) = 1
w_117: arc (8, 42) = 1
w_120: arc (8, 45) = 1
w_121: arc (8, 46) = 1
w_122: arc (8, 49) = 1
w_123: arc (9, 2) = 1
w_124: arc (9, 4) = 1
w_128: arc (9, 21) = 1
w_130: arc (9, 25) = 1
w_131: arc (9, 26) = 1
w_132: arc (9, 30) = 1
w_137: arc (9, 38) = 1
w_138: arc (9, 43) = 1
w_140: arc (10, 5) = 1
w_142: arc (10, 8) = 1
w_143: arc (10, 9) = 1
w_145: arc (10, 18) = 1
w_149: arc (10, 38) = 1
w_152: arc (10, 47) = 1
w_153: arc (10, 49) = 1
w_156: arc (11, 12) = 1
w_161: arc (11, 30) = 1
w_165: arc (11, 35) = 1
w_169: arc (12, 1) = 1
w_170: arc (12, 2) = 1
w_171: arc (12, 8) = 1
w_172: arc (12, 9) = 1
w_173: arc (12, 10) = 1
w_174: arc (12, 11) = 1
w_185: arc (12, 34) = 1
w_188: arc (12, 38) = 1
w_190: arc (12, 42) = 1
w_193: arc (12, 45) = 1
w_194: arc (12, 46) = 1
w_195: arc (13, 3) = 1
w_199: arc (13, 14) = 1
w_201: arc (13, 18) = 1
w_202: arc (13, 21) = 1
w_203: arc (13, 22) = 1
w_206: arc (13, 31) = 1
w_213: arc (13, 45) = 1
w_214: arc (13, 46) = 1
w_223: arc (14, 28) = 1
w_224: arc (14, 29) = 1
w_228: arc (15, 3) = 1
w_229: arc (15, 7) = 1
w_232: arc (15, 14) = 1
w_233: arc (15, 21) = 1
w_234: arc (15, 22) = 1
w_239: arc (15, 39) = 1
w_240: arc (15, 40) = 1
w_246: arc (16, 5) = 1
w_249: arc (16, 18) = 1
w_253: arc (16, 45) = 1
w_254: arc (16, 48) = 1
w_256: arc (17, 14) = 1
w_261: arc (18, 5) = 1
w_267: arc (18, 16) = 1
w_269: arc (18, 29) = 1
w_270: arc (18, 34) = 1
w_273: arc (18, 43) = 1
w_274: arc (18, 45) = 1
w_277: arc (18, 48) = 1
w_280: arc (19, 2) = 1
w_281: arc (19, 11) = 1
w_282: arc (19, 12) = 1
w_285: arc (19, 24) = 1
w_286: arc (19, 30) = 1
w_287: arc (19, 31) = 1
w_289: arc (19, 33) = 1
w_290: arc (19, 35) = 1
w_291: arc (19, 36) = 1
w_293: arc (19, 44) = 1
w_294: arc (19, 50) = 1
w_295: arc (20, 1) = 1
w_297: arc (20, 19) = 1
w_298: arc (20, 23) = 1
w_299: arc (20, 31) = 1
w_301: arc (20, 39) = 1
w_302: arc (20, 44) = 1
w_303: arc (20, 50) = 1
w_304: arc (21, 1) = 1
w_305: arc (21, 2) = 1
w_306: arc (21, 4) = 1
w_309: arc (21, 10) = 1
w_312: arc (21, 15) = 1
w_321: arc (21, 38) = 1
w_323: arc (21, 42) = 1
w_326: arc (21, 45) = 1
w_329: arc (22, 5) = 1
w_333: arc (22, 13) = 1
w_334: arc (22, 14) = 1
w_336: arc (22, 16) = 1
w_337: arc (22, 18) = 1
w_339: arc (22, 28) = 1
w_345: arc (22, 45) = 1
w_348: arc (23, 11) = 1
w_349: arc (23, 12) = 1
w_352: arc (23, 27) = 1
w_354: arc (23, 31) = 1
w_355: arc (23, 36) = 1
w_356: arc (23, 37) = 1
w_357: arc (23, 39) = 1
w_358: arc (23, 44) = 1
w_359: arc (23, 50) = 1
w_361: arc (24, 9) = 1
w_362: arc (24, 11) = 1
w_366: arc (24, 32) = 1
w_367: arc (24, 33) = 1
w_369: arc (24, 50) = 1
w_370: arc (25, 4) = 1
w_372: arc (25, 9) = 1
w_376: arc (25, 38) = 1
w_377: arc (25, 43) = 1
w_386: arc (26, 43) = 1
w_388: arc (27, 15) = 1
w_392: arc (27, 37) = 1
w_398: arc (28, 7) = 1
w_399: arc (28, 13) = 1
w_400: arc (28, 14) = 1
w_402: arc (28, 17) = 1
w_406: arc (28, 37) = 1
w_410: arc (28, 45) = 1
w_419: arc (29, 48) = 1
w_420: arc (29, 49) = 1
w_422: arc (30, 2) = 1
w_423: arc (30, 8) = 1
w_424: arc (30, 9) = 1
w_431: arc (30, 31) = 1
w_432: arc (30, 32) = 1
w_434: arc (30, 34) = 1
w_438: arc (30, 43) = 1
w_440: arc (31, 1) = 1
w_444: arc (31, 13) = 1
w_445: arc (31, 15) = 1
w_448: arc (31, 21) = 1
w_451: arc (31, 30) = 1
w_452: arc (31, 32) = 1
w_454: arc (31, 37) = 1
w_457: arc (31, 50) = 1
w_459: arc (32, 2) = 1
w_460: arc (32, 8) = 1
w_463: arc (32, 12) = 1
w_471: arc (32, 34) = 1
w_475: arc (33, 9) = 1
w_479: arc (33, 30) = 1
w_480: arc (33, 32) = 1
w_484: arc (34, 4) = 1
w_485: arc (34, 5) = 1
w_486: arc (34, 6) = 1
w_487: arc (34, 8) = 1
w_489: arc (34, 10) = 1
w_491: arc (34, 13) = 1
w_492: arc (34, 18) = 1
w_495: arc (34, 25) = 1
w_498: arc (34, 35) = 1
w_504: arc (34, 45) = 1
w_505: arc (34, 46) = 1
w_506: arc (34, 49) = 1
w_509: arc (35, 9) = 1
w_510: arc (35, 11) = 1
w_511: arc (35, 12) = 1
w_513: arc (35, 21) = 1
w_514: arc (35, 24) = 1
w_518: arc (35, 33) = 1
w_519: arc (35, 34) = 1
w_521: arc (36, 1) = 1
w_522: arc (36, 19) = 1
w_523: arc (36, 20) = 1
w_524: arc (36, 23) = 1
w_525: arc (36, 31) = 1
w_526: arc (36, 50) = 1
w_529: arc (37, 8) = 1
w_532: arc (37, 15) = 1
w_535: arc (37, 23) = 1
w_538: arc (37, 30) = 1
w_539: arc (37, 31) = 1
w_540: arc (37, 34) = 1
w_542: arc (37, 41) = 1
w_543: arc (37, 42) = 1
w_545: arc (37, 45) = 1
w_546: arc (37, 46) = 1
w_547: arc (38, 4) = 1
w_548: arc (38, 5) = 1
w_549: arc (38, 6) = 1
w_551: arc (38, 9) = 1
w_552: arc (38, 10) = 1
w_553: arc (38, 12) = 1
w_554: arc (38, 18) = 1
w_556: arc (38, 25) = 1
w_560: arc (38, 47) = 1
w_561: arc (38, 49) = 1
w_562: arc (39, 1) = 1
w_563: arc (39, 2) = 1
w_564: arc (39, 11) = 1
w_565: arc (39, 12) = 1
w_566: arc (39, 13) = 1
w_567: arc (39, 15) = 1
w_570: arc (39, 21) = 1
w_572: arc (39, 27) = 1
w_573: arc (39, 30) = 1
w_575: arc (39, 37) = 1
w_576: arc (39, 41) = 1
w_577: arc (39, 44) = 1
w_580: arc (40, 15) = 1
w_582: arc (40, 27) = 1
w_584: arc (41, 3) = 1
w_587: arc (41, 17) = 1
w_588: arc (41, 22) = 1
w_589: arc (41, 27) = 1
w_590: arc (41, 28) = 1
w_592: arc (41, 39) = 1
w_593: arc (41, 40) = 1
w_594: arc (41, 42) = 1
w_595: arc (41, 45) = 1
w_597: arc (42, 3) = 1
w_598: arc (42, 5) = 1
w_599: arc (42, 7) = 1
w_600: arc (42, 8) = 1
w_601: arc (42, 10) = 1
w_602: arc (42, 12) = 1
w_604: arc (42, 14) = 1
w_606: arc (42, 16) = 1
w_607: arc (42, 18) = 1
w_608: arc (42, 21) = 1
w_609: arc (42, 22) = 1
w_610: arc (42, 28) = 1
w_612: arc (42, 37) = 1
w_613: arc (42, 41) = 1
w_615: arc (42, 45) = 1
w_617: arc (43, 4) = 1
w_622: arc (43, 10) = 1
w_624: arc (43, 18) = 1
w_625: arc (43, 21) = 1
w_627: arc (43, 26) = 1
w_629: arc (43, 34) = 1
w_631: arc (43, 45) = 1
w_632: arc (43, 47) = 1
w_640: arc (44, 15) = 1
w_644: arc (44, 22) = 1
w_645: arc (44, 23) = 1
w_646: arc (44, 28) = 1
w_650: arc (44, 34) = 1
w_652: arc (44, 37) = 1
w_654: arc (44, 42) = 1
w_656: arc (44, 46) = 1
w_659: arc (45, 7) = 1
w_662: arc (45, 12) = 1
w_663: arc (45, 13) = 1
w_666: arc (45, 16) = 1
w_667: arc (45, 18) = 1
w_668: arc (45, 21) = 1
w_669: arc (45, 22) = 1
w_670: arc (45, 28) = 1
w_671: arc (45, 34) = 1
w_672: arc (45, 37) = 1
w_679: arc (46, 7) = 1
w_680: arc (46, 8) = 1
w_683: arc (46, 14) = 1
w_686: arc (46, 21) = 1
w_688: arc (46, 27) = 1
w_696: arc (46, 45) = 1
w_697: arc (47, 4) = 1
w_699: arc (47, 6) = 1
w_700: arc (47, 10) = 1
w_701: arc (47, 18) = 1
w_706: arc (47, 48) = 1
w_714: arc (49, 5) = 1
w_716: arc (49, 8) = 1
w_717: arc (49, 10) = 1
w_719: arc (49, 25) = 1
w_720: arc (49, 29) = 1
w_724: arc (49, 47) = 1
w_725: arc (50, 1) = 1
w_726: arc (50, 2) = 1
w_727: arc (50, 11) = 1
w_731: arc (50, 24) = 1

**********************
y_k[] variables:
y_k0_i153: arc (10, 49) = 1
y_k0_i299: arc (20, 31) = 1
y_k0_i318: arc (21, 34) = 1
y_k0_i456: arc (31, 44) = 1
y_k0_i489: arc (34, 10) = 1
y_k0_i523: arc (36, 20) = 1
y_k0_i643: arc (44, 21) = 1
y_k0_i706: arc (47, 48) = 1
y_k0_i724: arc (49, 47) = 1
y_k1_i269: arc (18, 29) = 1
y_k1_i357: arc (23, 39) = 1
y_k1_i419: arc (29, 48) = 1
y_k1_i524: arc (36, 23) = 1
y_k1_i545: arc (37, 45) = 1
y_k1_i575: arc (39, 37) = 1
y_k1_i667: arc (45, 18) = 1
y_k2_i2: arc (1, 12) = 1
y_k2_i74: arc (5, 48) = 1
y_k2_i185: arc (12, 34) = 1
y_k2_i485: arc (34, 5) = 1
y_k2_i521: arc (36, 1) = 1
y_k3_i277: arc (18, 48) = 1
y_k3_i454: arc (31, 37) = 1
y_k3_i525: arc (36, 31) = 1
y_k3_i543: arc (37, 42) = 1
y_k3_i607: arc (42, 18) = 1


------------------------

Legenda:Instance_Name   K   Num_Nodes   Num_Archs Seed  U_budget    Max_Num_Discoveries    DDDI_Version Delta    BUB BLB Gap Elapsed_Time
Table:SPP_n50_s5_K4_B6_D1_d50.log   4  50 735 5 6    368  1 0.5 14.9296 14.9296   2.29898e-08 3437.01 
