++++ Instance Info ++++
Instance name: tsi_prob_1_mod_1_budget_30_K3_D1_md075_US2_USpar5
Network name: tsi_prob_1_mod_1_budget_30
Number of nodes: 32
Number of profitable nodes: 30
Max number of discovery: 23
Max duration: 3000
Alrijne Collecting Time: 360.000000
++++ Uncertainty  ++++
Number of K-policy: 3
Uncertainty Set Type: 2
Uncertainty Set Parameter: 0.050000
Total Deterministic Profit in the Network: 285.000000
++++ Solution of the Model ++++
-----------------------------------------------
Objective:
Best Lower Bound: -0.335161
Best upper bound: -0.300000
Elapsed time: 7200.033000
Cplex Gap: 0.117205
Exact W evaluation: -0.304545
B&C nodes: 9300
Number Added VI on integer variables: 9077
Number Added VI on tilde variables: 3798
Number Added McCormick VI: 1528

Variables:

Discoveries: w_i (i is a profitable node). 
 w_[node:7] = 1.000000
 w_[node:8] = 1.000000
 w_[node:9] = 1.000000
 w_[node:10] = 1.000000
 w_[node:11] = 1.000000
 w_[node:12] = 1.000000
 w_[node:13] = 1.000000
 w_[node:14] = 1.000000
 w_[node:15] = 1.000000
 w_[node:16] = 1.000000
 w_[node:17] = 1.000000
 w_[node:18] = 1.000000
 w_[node:19] = 1.000000
 w_[node:20] = 1.000000
 w_[node:21] = 1.000000
 w_[node:22] = 1.000000
 w_[node:23] = 1.000000
 w_[node:24] = 1.000000
 w_[node:25] = 1.000000
 w_[node:26] = 1.000000
 w_[node:28] = 1.000000
 w_[node:29] = 1.000000
 w_[node:30] = 1.000000
Beta Variables. 
beta_l[0] = 0.000000
beta_l[1] = 0.000000
beta_l[2] = 0.000000
beta_l[3] = 0.000000
beta_l[4] = 0.000000
beta_l[5] = 0.000000
beta_l[6] = 0.000000
beta_l[7] = 0.000000
beta_l[8] = 0.000000
beta_l[9] = 0.000000
beta_l[10] = 0.000000
beta_l[11] = 0.000000
beta_l[12] = 0.500000
beta_l[13] = 0.500000
beta_l[14] = 0.500000
beta_l[15] = 0.500000
beta_l[16] = 0.000000
beta_l[17] = 0.000000
beta_l[18] = 0.000000
beta_l[19] = 0.000000
beta_l[20] = 0.000000
beta_l[21] = 0.000000
beta_l[22] = 0.500000
beta_l[23] = 0.000000
beta_l[24] = 0.000000
beta_l[25] = 0.000000
beta_l[26] = 0.000000
beta_l[27] = 0.500000
beta_l[28] = 0.000000
beta_l[29] = 0.000000
beta_l[30] = 0.000000
beta_l[31] = 0.000000
beta_l[32] = 0.000000
beta_l[33] = 0.000000
beta_l[34] = 0.000000
beta_l[35] = 0.000000
beta_l[36] = 0.000000
beta_l[37] = 0.000000
beta_l[38] = 0.000000
beta_l[39] = 0.000000
beta_l[40] = 0.000000
beta_l[41] = 0.000000
beta_l[42] = 0.000000
beta_l[43] = 0.000000
beta_l[44] = 0.000000
beta_l[45] = 0.000000
beta_l[46] = 0.000000
beta_l[47] = 0.000000
beta_l[48] = 0.000000
beta_l[49] = 0.000000
beta_l[50] = 0.000000
beta_l[51] = 0.000000
beta_l[52] = 0.000000
beta_l[53] = 0.000000
beta_l[54] = 0.000000
beta_l[55] = 0.000000
beta_l[56] = 0.000000
beta_l[57] = 0.000000
beta_l[58] = 0.000000
beta_l[59] = 0.000000
beta_l[60] = 0.000000
beta_l[61] = 0.000000
K-policies. 
Visited nodes:
y_k[0]_i[7] = 1
tilde_y_k[0]_i[7] = 0.50 
y_k[0]_i[8] = 1
tilde_y_k[0]_i[8] = 0.50 
y_k[0]_i[9] = 1
tilde_y_k[0]_i[9] = 0.50 
y_k[0]_i[10] = 1
tilde_y_k[0]_i[10] = 0.50 
y_k[0]_i[11] = 1
tilde_y_k[0]_i[11] = 0.50 
y_k[0]_i[18] = 1
tilde_y_k[0]_i[18] = 0.50 
y_k[0]_i[19] = 1
tilde_y_k[0]_i[19] = 0.50 
y_k[0]_i[20] = 1
tilde_y_k[0]_i[20] = 0.50 
y_k[0]_i[21] = 1
tilde_y_k[0]_i[21] = 0.50 
y_k[0]_i[22] = 1
tilde_y_k[0]_i[22] = 0.50 
y_k[0]_i[25] = 1
tilde_y_k[0]_i[25] = 0.50 
y_k[0]_i[26] = 1
tilde_y_k[0]_i[26] = 0.50 
y_k[0]_i[30] = 1
tilde_y_k[0]_i[30] = 0.50 
Duals:
alpha_k[0] = 0.500000
gamma_k[0]_n[1] = 0.000000
gamma_k[0]_n[2] = 0.000000
gamma_k[0]_n[3] = 0.000000
gamma_k[0]_n[4] = 0.000000
gamma_k[0]_n[5] = 0.000000
gamma_k[0]_n[6] = 0.000000
gamma_k[0]_n[7] = 0.500000
gamma_k[0]_n[8] = 0.500000
gamma_k[0]_n[9] = 0.500000
gamma_k[0]_n[10] = 0.500000
gamma_k[0]_n[11] = 0.500000
gamma_k[0]_n[12] = 0.000000
gamma_k[0]_n[13] = 0.000000
gamma_k[0]_n[14] = 0.000000
gamma_k[0]_n[15] = 0.000000
gamma_k[0]_n[16] = 0.000000
gamma_k[0]_n[17] = 0.000000
gamma_k[0]_n[18] = 0.500000
gamma_k[0]_n[19] = 0.500000
gamma_k[0]_n[20] = 0.500000
gamma_k[0]_n[21] = 0.500000
gamma_k[0]_n[22] = 0.500000
gamma_k[0]_n[23] = 0.000000
gamma_k[0]_n[24] = 0.000000
gamma_k[0]_n[25] = 0.500000
gamma_k[0]_n[26] = 0.500000
gamma_k[0]_n[27] = 0.000000
gamma_k[0]_n[28] = 0.000000
gamma_k[0]_n[29] = 0.500000
gamma_k[0]_n[30] = 0.500000
Policy-0 description
<0-18-19-26-30-25-22-21-20-11-10-9-7-8-31> : Length = 2907.000000
_________________________________________________
Visited nodes:
y_k[1]_i[1] = 1
tilde_y_k[1]_i[1] = 0.50 
y_k[1]_i[2] = 1
tilde_y_k[1]_i[2] = 0.50 
y_k[1]_i[3] = 1
tilde_y_k[1]_i[3] = 0.50 
y_k[1]_i[4] = 1
tilde_y_k[1]_i[4] = 0.50 
y_k[1]_i[5] = 1
tilde_y_k[1]_i[5] = 0.50 
y_k[1]_i[6] = 1
tilde_y_k[1]_i[6] = 0.50 
y_k[1]_i[12] = 1
tilde_y_k[1]_i[12] = 0.50 
y_k[1]_i[17] = 1
tilde_y_k[1]_i[17] = 0.50 
y_k[1]_i[27] = 1
tilde_y_k[1]_i[27] = 0.50 
Duals:
alpha_k[1] = 0.500000
gamma_k[1]_n[1] = 0.000000
gamma_k[1]_n[2] = 0.000000
gamma_k[1]_n[3] = 0.000000
gamma_k[1]_n[4] = 0.000000
gamma_k[1]_n[5] = 0.000000
gamma_k[1]_n[6] = 0.000000
gamma_k[1]_n[7] = -0.500000
gamma_k[1]_n[8] = -0.500000
gamma_k[1]_n[9] = -0.500000
gamma_k[1]_n[10] = -0.500000
gamma_k[1]_n[11] = -0.500000
gamma_k[1]_n[12] = 0.000000
gamma_k[1]_n[13] = -0.500000
gamma_k[1]_n[14] = -0.500000
gamma_k[1]_n[15] = -0.500000
gamma_k[1]_n[16] = -0.500000
gamma_k[1]_n[17] = 0.000000
gamma_k[1]_n[18] = -0.500000
gamma_k[1]_n[19] = -0.500000
gamma_k[1]_n[20] = -0.500000
gamma_k[1]_n[21] = -0.500000
gamma_k[1]_n[22] = -0.500000
gamma_k[1]_n[23] = -0.500000
gamma_k[1]_n[24] = 0.000000
gamma_k[1]_n[25] = -0.500000
gamma_k[1]_n[26] = -0.500000
gamma_k[1]_n[27] = 0.000000
gamma_k[1]_n[28] = -0.500000
gamma_k[1]_n[29] = -0.500000
gamma_k[1]_n[30] = -0.500000
Policy-1 description
<0-27-17-3-4-5-6-2-1-12-31> : Length = 2889.000000
_________________________________________________
Visited nodes:
y_k[2]_i[8] = 1
tilde_y_k[2]_i[8] = 0.00 
y_k[2]_i[9] = 1
tilde_y_k[2]_i[9] = 0.00 
y_k[2]_i[10] = 1
tilde_y_k[2]_i[10] = 0.00 
y_k[2]_i[12] = 1
tilde_y_k[2]_i[12] = 0.00 
y_k[2]_i[18] = 1
tilde_y_k[2]_i[18] = 0.00 
y_k[2]_i[22] = 1
tilde_y_k[2]_i[22] = 0.00 
y_k[2]_i[23] = 1
tilde_y_k[2]_i[23] = 0.00 
Duals:
alpha_k[2] = 0.000000
gamma_k[2]_n[1] = 0.000000
gamma_k[2]_n[2] = 0.000000
gamma_k[2]_n[3] = 0.000000
gamma_k[2]_n[4] = 0.000000
gamma_k[2]_n[5] = 0.000000
gamma_k[2]_n[6] = 0.000000
gamma_k[2]_n[7] = 0.000000
gamma_k[2]_n[8] = 0.000000
gamma_k[2]_n[9] = 0.000000
gamma_k[2]_n[10] = 0.000000
gamma_k[2]_n[11] = 0.000000
gamma_k[2]_n[12] = 0.000000
gamma_k[2]_n[13] = 0.000000
gamma_k[2]_n[14] = 0.000000
gamma_k[2]_n[15] = 0.000000
gamma_k[2]_n[16] = 0.000000
gamma_k[2]_n[17] = 0.000000
gamma_k[2]_n[18] = 0.000000
gamma_k[2]_n[19] = 0.000000
gamma_k[2]_n[20] = 0.000000
gamma_k[2]_n[21] = 0.000000
gamma_k[2]_n[22] = 0.000000
gamma_k[2]_n[23] = 0.000000
gamma_k[2]_n[24] = 0.000000
gamma_k[2]_n[25] = 0.000000
gamma_k[2]_n[26] = 0.000000
gamma_k[2]_n[27] = 0.000000
gamma_k[2]_n[28] = 0.000000
gamma_k[2]_n[29] = 0.000000
gamma_k[2]_n[30] = 0.000000
Policy-2 description
<0-18-22-23-10-9-8-12-31> : Length = 2750.000000
_________________________________________________
Legenda_Model:Instance_Name	Network_Name	Num_K	Num_Nodes	Num_Prof_Nodes	Max_Tour_Duration	Max_Num_Discoveries	Max_Discoveries_Fraction	Best_LB	Best_Ub	Cplex_Gap	Root_Node_LB	Elapsed_Time	Num_VI_int_var	Num_VI_tilde_var	Num_Dyn_McCormick	Num_BandC_Nodes	Number_Discoveries	Profit_cost	Discovery_cost	US_Type	US_Param	US_Tot_Det_Profit	Exact_W_Evaluation
Table_Model:tsi_prob_1_mod_1_budget_30_K3_D1_md075_US2_USpar5	tsi_prob_1_mod_1_budget_30	3	32	30	3000	23	0.750000	-0.335161	-0.300000	0.117205	-0.369028	7200.033000	9077	3798	1528	9300	23	-0.300000	0.000000	2	0.050000	285.000000	-0.304545
