++++ Instance Info ++++
Instance name: tsi_prob_2_mod_budget_35_K4_D1_md025_US2_USpar15
Network name: tsi_prob_2_mod_budget_35
Number of nodes: 21
Number of profitable nodes: 19
Max number of discovery: 5
Max duration: 3500
Alrijne Collecting Time: 360.000000
++++ Uncertainty  ++++
Number of K-policy: 4
Uncertainty Set Type: 2
Uncertainty Set Parameter: 0.150000
Total Deterministic Profit in the Network: 450.000000
++++ Solution of the Model ++++
-----------------------------------------------
Objective:
Best Lower Bound: -0.755912
Best upper bound: -0.516667
Elapsed time: 7200.022000
Cplex Gap: 0.463056
Exact W evaluation: -0.516667
B&C nodes: 26979
Number Added VI on integer variables: 3813
Number Added VI on tilde variables: 2194
Number Added McCormick VI: 1404

Variables:

Discoveries: w_i (i is a profitable node). 
 w_[node:1] = 1.000000
 w_[node:3] = 1.000000
 w_[node:15] = 1.000000
 w_[node:17] = 1.000000
 w_[node:19] = 1.000000
Beta Variables. 
beta_l[0] = 0.000000
beta_l[1] = 0.000000
beta_l[2] = 0.000000
beta_l[3] = 0.000000
beta_l[4] = 0.000000
beta_l[5] = 0.000000
beta_l[6] = 0.000000
beta_l[7] = 0.000000
beta_l[8] = 0.000000
beta_l[9] = 0.000000
beta_l[10] = 0.000000
beta_l[11] = 0.000000
beta_l[12] = 0.000000
beta_l[13] = 0.000000
beta_l[14] = 0.000000
beta_l[15] = 0.000000
beta_l[16] = 0.000000
beta_l[17] = 0.000000
beta_l[18] = 0.000000
beta_l[19] = -0.000000
beta_l[20] = 0.000000
beta_l[21] = 0.000000
beta_l[22] = 0.000000
beta_l[23] = 0.000000
beta_l[24] = 0.000000
beta_l[25] = 0.000000
beta_l[26] = 0.000000
beta_l[27] = 0.000000
beta_l[28] = 0.000000
beta_l[29] = 0.000000
beta_l[30] = 0.000000
beta_l[31] = 0.000000
beta_l[32] = 0.000000
beta_l[33] = 0.000000
beta_l[34] = 0.000000
beta_l[35] = 0.000000
beta_l[36] = 0.000000
beta_l[37] = 0.000000
beta_l[38] = 0.000000
beta_l[39] = 0.000000
K-policies. 
Visited nodes:
y_k[0]_i[1] = 1
tilde_y_k[0]_i[1] = 0.33 
y_k[0]_i[3] = 1
tilde_y_k[0]_i[3] = 0.33 
y_k[0]_i[6] = 1
tilde_y_k[0]_i[6] = 0.33 
y_k[0]_i[8] = 1
tilde_y_k[0]_i[8] = 0.33 
y_k[0]_i[11] = 1
tilde_y_k[0]_i[11] = 0.33 
y_k[0]_i[14] = 1
tilde_y_k[0]_i[14] = 0.33 
y_k[0]_i[15] = 1
tilde_y_k[0]_i[15] = 0.33 
y_k[0]_i[17] = 1
tilde_y_k[0]_i[17] = 0.33 
y_k[0]_i[19] = 1
tilde_y_k[0]_i[19] = 0.33 
Duals:
alpha_k[0] = 0.333333
gamma_k[0]_n[1] = 0.333333
gamma_k[0]_n[2] = 0.000000
gamma_k[0]_n[3] = 0.333333
gamma_k[0]_n[4] = 0.000000
gamma_k[0]_n[5] = 0.000000
gamma_k[0]_n[6] = 0.000000
gamma_k[0]_n[7] = 0.000000
gamma_k[0]_n[8] = 0.000000
gamma_k[0]_n[9] = 0.000000
gamma_k[0]_n[10] = 0.000000
gamma_k[0]_n[11] = 0.000000
gamma_k[0]_n[12] = 0.000000
gamma_k[0]_n[13] = 0.000000
gamma_k[0]_n[14] = 0.000000
gamma_k[0]_n[15] = 0.333333
gamma_k[0]_n[16] = 0.000000
gamma_k[0]_n[17] = 0.333333
gamma_k[0]_n[18] = 0.000000
gamma_k[0]_n[19] = 0.333333
Policy-0 description
<0-8-11-6-1-3-19-17-15-14-20> : Length = 3419.000000
_________________________________________________
Visited nodes:
y_k[1]_i[1] = 1
tilde_y_k[1]_i[1] = 0.33 
y_k[1]_i[2] = 1
tilde_y_k[1]_i[2] = 0.33 
y_k[1]_i[4] = 1
tilde_y_k[1]_i[4] = 0.33 
y_k[1]_i[5] = 1
tilde_y_k[1]_i[5] = 0.33 
y_k[1]_i[6] = 1
tilde_y_k[1]_i[6] = 0.33 
y_k[1]_i[7] = 1
tilde_y_k[1]_i[7] = 0.33 
y_k[1]_i[8] = 1
tilde_y_k[1]_i[8] = 0.33 
y_k[1]_i[9] = 1
tilde_y_k[1]_i[9] = 0.33 
y_k[1]_i[10] = 1
tilde_y_k[1]_i[10] = 0.33 
y_k[1]_i[11] = 1
tilde_y_k[1]_i[11] = 0.33 
y_k[1]_i[12] = 1
tilde_y_k[1]_i[12] = 0.33 
y_k[1]_i[13] = 1
tilde_y_k[1]_i[13] = 0.33 
y_k[1]_i[14] = 1
tilde_y_k[1]_i[14] = 0.33 
y_k[1]_i[15] = 1
tilde_y_k[1]_i[15] = 0.33 
y_k[1]_i[16] = 1
tilde_y_k[1]_i[16] = 0.33 
Duals:
alpha_k[1] = 0.333333
gamma_k[1]_n[1] = 0.000000
gamma_k[1]_n[2] = 0.000000
gamma_k[1]_n[3] = -0.333333
gamma_k[1]_n[4] = 0.000000
gamma_k[1]_n[5] = 0.000000
gamma_k[1]_n[6] = 0.000000
gamma_k[1]_n[7] = 0.000000
gamma_k[1]_n[8] = 0.000000
gamma_k[1]_n[9] = 0.000000
gamma_k[1]_n[10] = 0.000000
gamma_k[1]_n[11] = 0.000000
gamma_k[1]_n[12] = 0.000000
gamma_k[1]_n[13] = 0.000000
gamma_k[1]_n[14] = 0.000000
gamma_k[1]_n[15] = 0.000000
gamma_k[1]_n[16] = 0.000000
gamma_k[1]_n[17] = -0.333333
gamma_k[1]_n[18] = 0.000000
gamma_k[1]_n[19] = -0.333333
Policy-1 description
<0-7-1-2-4-5-6-11-10-12-13-9-8-14-15-16-20> : Length = 3185.000000
_________________________________________________
Visited nodes:
y_k[2]_i[2] = 1
tilde_y_k[2]_i[2] = 0.33 
y_k[2]_i[3] = 1
tilde_y_k[2]_i[3] = 0.33 
y_k[2]_i[4] = 1
tilde_y_k[2]_i[4] = 0.33 
y_k[2]_i[5] = 1
tilde_y_k[2]_i[5] = 0.33 
y_k[2]_i[6] = 1
tilde_y_k[2]_i[6] = 0.33 
y_k[2]_i[7] = 1
tilde_y_k[2]_i[7] = 0.33 
y_k[2]_i[8] = 1
tilde_y_k[2]_i[8] = 0.33 
y_k[2]_i[9] = 1
tilde_y_k[2]_i[9] = 0.33 
y_k[2]_i[10] = 1
tilde_y_k[2]_i[10] = 0.33 
y_k[2]_i[11] = 1
tilde_y_k[2]_i[11] = 0.33 
y_k[2]_i[12] = 1
tilde_y_k[2]_i[12] = 0.33 
y_k[2]_i[13] = 1
tilde_y_k[2]_i[13] = 0.33 
y_k[2]_i[16] = 1
tilde_y_k[2]_i[16] = 0.33 
y_k[2]_i[17] = 1
tilde_y_k[2]_i[17] = 0.33 
y_k[2]_i[19] = 1
tilde_y_k[2]_i[19] = 0.33 
Duals:
alpha_k[2] = 0.333333
gamma_k[2]_n[1] = -0.333333
gamma_k[2]_n[2] = 0.000000
gamma_k[2]_n[3] = 0.000000
gamma_k[2]_n[4] = 0.000000
gamma_k[2]_n[5] = 0.000000
gamma_k[2]_n[6] = 0.000000
gamma_k[2]_n[7] = 0.000000
gamma_k[2]_n[8] = 0.000000
gamma_k[2]_n[9] = 0.000000
gamma_k[2]_n[10] = 0.000000
gamma_k[2]_n[11] = 0.000000
gamma_k[2]_n[12] = 0.000000
gamma_k[2]_n[13] = 0.000000
gamma_k[2]_n[14] = 0.000000
gamma_k[2]_n[15] = -0.333333
gamma_k[2]_n[16] = 0.000000
gamma_k[2]_n[17] = 0.000000
gamma_k[2]_n[18] = 0.000000
gamma_k[2]_n[19] = 0.000000
Policy-2 description
<0-16-17-19-3-2-4-5-6-10-11-12-13-9-8-7-20> : Length = 3469.000000
_________________________________________________
Visited nodes:
y_k[3]_i[1] = 1
tilde_y_k[3]_i[1] = 0.00 
y_k[3]_i[4] = 1
tilde_y_k[3]_i[4] = 0.00 
y_k[3]_i[5] = 1
tilde_y_k[3]_i[5] = 0.00 
y_k[3]_i[6] = 1
tilde_y_k[3]_i[6] = 0.00 
y_k[3]_i[8] = 1
tilde_y_k[3]_i[8] = 0.00 
y_k[3]_i[9] = 1
tilde_y_k[3]_i[9] = 0.00 
y_k[3]_i[15] = 1
tilde_y_k[3]_i[15] = 0.00 
y_k[3]_i[16] = 1
tilde_y_k[3]_i[16] = 0.00 
Duals:
alpha_k[3] = 0.000000
gamma_k[3]_n[1] = 0.000000
gamma_k[3]_n[2] = 0.000000
gamma_k[3]_n[3] = 0.000000
gamma_k[3]_n[4] = 0.000000
gamma_k[3]_n[5] = 0.000000
gamma_k[3]_n[6] = 0.000000
gamma_k[3]_n[7] = 0.000000
gamma_k[3]_n[8] = 0.000000
gamma_k[3]_n[9] = 0.000000
gamma_k[3]_n[10] = 0.000000
gamma_k[3]_n[11] = 0.000000
gamma_k[3]_n[12] = 0.000000
gamma_k[3]_n[13] = 0.000000
gamma_k[3]_n[14] = 0.000000
gamma_k[3]_n[15] = 0.000000
gamma_k[3]_n[16] = 0.000000
gamma_k[3]_n[17] = 0.000000
gamma_k[3]_n[18] = 0.000000
gamma_k[3]_n[19] = 0.000000
Policy-3 description
<0-8-9-1-4-6-5-15-16-20> : Length = 3227.000000
_________________________________________________
Legenda_Model:Instance_Name	Network_Name	Num_K	Num_Nodes	Num_Prof_Nodes	Max_Tour_Duration	Max_Num_Discoveries	Max_Discoveries_Fraction	Best_LB	Best_Ub	Cplex_Gap	Root_Node_LB	Elapsed_Time	Num_VI_int_var	Num_VI_tilde_var	Num_Dyn_McCormick	Num_BandC_Nodes	Number_Discoveries	Profit_cost	Discovery_cost	US_Type	US_Param	US_Tot_Det_Profit	Exact_W_Evaluation
Table_Model:tsi_prob_2_mod_budget_35_K4_D1_md025_US2_USpar15	tsi_prob_2_mod_budget_35	4	21	19	3500	5	0.250000	-0.755912	-0.516667	0.463056	-0.803121	7200.022000	3813	2194	1404	26979	5	-0.516667	0.000000	2	0.150000	450.000000	-0.516667
