++++ Instance Info ++++
Instance name: tsi1_15_budget_50_K3_D1_md050_US2_USpar10
Network name: tsi1_15_budget_50
Number of nodes: 17
Number of profitable nodes: 15
Max number of discovery: 8
Max duration: 5000
Alrijne Collecting Time: 360.000000
++++ Uncertainty  ++++
Number of K-policy: 3
Uncertainty Set Type: 2
Uncertainty Set Parameter: 0.100000
Total Deterministic Profit in the Network: 170.000000
++++ Solution of the Model ++++
-----------------------------------------------
Objective:
Best Lower Bound: -0.743737
Best upper bound: -0.600000
Elapsed time: 7200.014000
Cplex Gap: 0.239561
Exact W evaluation: -0.600000
B&C nodes: 641044
Number Added VI on integer variables: 7764
Number Added VI on tilde variables: 0
Number Added McCormick VI: 0

Variables:

Discoveries: w_i (i is a profitable node). 
 w_[node:6] = 1.000000
 w_[node:7] = 1.000000
 w_[node:8] = 1.000000
 w_[node:9] = 1.000000
 w_[node:10] = 1.000000
 w_[node:11] = 1.000000
 w_[node:13] = 1.000000
 w_[node:14] = 1.000000
Beta Variables. 
beta_l[0] = 0.000000
beta_l[1] = 0.000000
beta_l[2] = 0.000000
beta_l[3] = 0.000000
beta_l[4] = 0.000000
beta_l[5] = 0.000000
beta_l[6] = 0.000000
beta_l[7] = 0.000000
beta_l[8] = 0.000000
beta_l[9] = 0.000000
beta_l[10] = 0.000000
beta_l[11] = 0.000000
beta_l[12] = 0.000000
beta_l[13] = 0.000000
beta_l[14] = 0.000000
beta_l[15] = 0.000000
beta_l[16] = 0.000000
beta_l[17] = 0.000000
beta_l[18] = 0.000000
beta_l[19] = 0.000000
beta_l[20] = 0.000000
beta_l[21] = 0.000000
beta_l[22] = 0.000000
beta_l[23] = 0.000000
beta_l[24] = 0.000000
beta_l[25] = 0.000000
beta_l[26] = 0.000000
beta_l[27] = 0.000000
beta_l[28] = 0.000000
beta_l[29] = 0.000000
beta_l[30] = 0.000000
beta_l[31] = 0.000000
K-policies. 
Visited nodes:
y_k[0]_i[1] = 1
tilde_y_k[0]_i[1] = 0.33 
y_k[0]_i[2] = 1
tilde_y_k[0]_i[2] = 0.33 
y_k[0]_i[3] = 1
tilde_y_k[0]_i[3] = 0.33 
y_k[0]_i[4] = 1
tilde_y_k[0]_i[4] = 0.33 
y_k[0]_i[5] = 1
tilde_y_k[0]_i[5] = 0.33 
y_k[0]_i[6] = 1
tilde_y_k[0]_i[6] = 0.33 
y_k[0]_i[7] = 1
tilde_y_k[0]_i[7] = 0.33 
y_k[0]_i[8] = 1
tilde_y_k[0]_i[8] = 0.33 
y_k[0]_i[9] = 1
tilde_y_k[0]_i[9] = 0.33 
y_k[0]_i[14] = 1
tilde_y_k[0]_i[14] = 0.33 
Duals:
alpha_k[0] = 0.333333
gamma_k[0]_n[1] = 0.000000
gamma_k[0]_n[2] = 0.000000
gamma_k[0]_n[3] = 0.000000
gamma_k[0]_n[4] = 0.000000
gamma_k[0]_n[5] = 0.000000
gamma_k[0]_n[6] = 0.000000
gamma_k[0]_n[7] = 0.000000
gamma_k[0]_n[8] = 0.000000
gamma_k[0]_n[9] = 0.000000
gamma_k[0]_n[10] = -0.333333
gamma_k[0]_n[11] = -0.333333
gamma_k[0]_n[12] = 0.000000
gamma_k[0]_n[13] = -0.333333
gamma_k[0]_n[14] = 0.000000
gamma_k[0]_n[15] = 0.000000
Policy-0 description
<0-5-4-1-2-3-6-7-8-14-9-16> : Length = 4632.000000
_________________________________________________
Visited nodes:
y_k[1]_i[1] = 1
tilde_y_k[1]_i[1] = 0.33 
y_k[1]_i[2] = 1
tilde_y_k[1]_i[2] = 0.33 
y_k[1]_i[3] = 1
tilde_y_k[1]_i[3] = 0.33 
y_k[1]_i[4] = 1
tilde_y_k[1]_i[4] = 0.33 
y_k[1]_i[5] = 1
tilde_y_k[1]_i[5] = 0.33 
y_k[1]_i[10] = 1
tilde_y_k[1]_i[10] = 0.33 
y_k[1]_i[11] = 1
tilde_y_k[1]_i[11] = 0.33 
y_k[1]_i[12] = 1
tilde_y_k[1]_i[12] = 0.33 
y_k[1]_i[13] = 1
tilde_y_k[1]_i[13] = 0.33 
y_k[1]_i[15] = 1
tilde_y_k[1]_i[15] = 0.33 
Duals:
alpha_k[1] = 0.333333
gamma_k[1]_n[1] = 0.000000
gamma_k[1]_n[2] = 0.000000
gamma_k[1]_n[3] = 0.000000
gamma_k[1]_n[4] = 0.000000
gamma_k[1]_n[5] = 0.000000
gamma_k[1]_n[6] = -0.333333
gamma_k[1]_n[7] = -0.333333
gamma_k[1]_n[8] = -0.333333
gamma_k[1]_n[9] = -0.333333
gamma_k[1]_n[10] = 0.000000
gamma_k[1]_n[11] = 0.000000
gamma_k[1]_n[12] = 0.000000
gamma_k[1]_n[13] = 0.000000
gamma_k[1]_n[14] = -0.333333
gamma_k[1]_n[15] = 0.000000
Policy-1 description
<0-3-2-1-4-5-10-12-11-13-15-16> : Length = 4829.000000
_________________________________________________
Visited nodes:
y_k[2]_i[6] = 1
tilde_y_k[2]_i[6] = 0.33 
y_k[2]_i[7] = 1
tilde_y_k[2]_i[7] = 0.33 
y_k[2]_i[8] = 1
tilde_y_k[2]_i[8] = 0.33 
y_k[2]_i[9] = 1
tilde_y_k[2]_i[9] = 0.33 
y_k[2]_i[10] = 1
tilde_y_k[2]_i[10] = 0.33 
y_k[2]_i[11] = 1
tilde_y_k[2]_i[11] = 0.33 
y_k[2]_i[13] = 1
tilde_y_k[2]_i[13] = 0.33 
y_k[2]_i[14] = 1
tilde_y_k[2]_i[14] = 0.33 
Duals:
alpha_k[2] = 0.333333
gamma_k[2]_n[1] = 0.000000
gamma_k[2]_n[2] = 0.000000
gamma_k[2]_n[3] = 0.000000
gamma_k[2]_n[4] = 0.000000
gamma_k[2]_n[5] = 0.000000
gamma_k[2]_n[6] = 0.333333
gamma_k[2]_n[7] = 0.333333
gamma_k[2]_n[8] = 0.333333
gamma_k[2]_n[9] = 0.333333
gamma_k[2]_n[10] = 0.333333
gamma_k[2]_n[11] = 0.333333
gamma_k[2]_n[12] = 0.000000
gamma_k[2]_n[13] = 0.333333
gamma_k[2]_n[14] = 0.333333
gamma_k[2]_n[15] = 0.000000
Policy-2 description
<0-6-7-8-9-14-13-11-10-16> : Length = 4853.000000
_________________________________________________
Legenda_Model:Instance_Name	Network_Name	Num_K	Num_Nodes	Num_Prof_Nodes	Max_Tour_Duration	Max_Num_Discoveries	Max_Discoveries_Fraction	Best_LB	Best_Ub	Cplex_Gap	Root_Node_LB	Elapsed_Time	Num_VI_int_var	Num_VI_tilde_var	Num_Dyn_McCormick	Num_BandC_Nodes	Number_Discoveries	Profit_cost	Discovery_cost	US_Type	US_Param	US_Tot_Det_Profit	Exact_W_Evaluation
Table_Model:tsi1_15_budget_50_K3_D1_md050_US2_USpar10	tsi1_15_budget_50	3	17	15	5000	8	0.500000	-0.743737	-0.600000	0.239561	-1.000000	7200.014000	7764	0	0	641044	8	-0.600000	0.000000	2	0.100000	170.000000	-0.600000
