++++ Instance Info ++++
Instance name: tsi_prob_2_mod_budget_38_K4_D1_md050_US2_USpar15
Network name: tsi_prob_2_mod_budget_38
Number of nodes: 21
Number of profitable nodes: 19
Max number of discovery: 10
Max duration: 3800
Alrijne Collecting Time: 360.000000
++++ Uncertainty  ++++
Number of K-policy: 4
Uncertainty Set Type: 2
Uncertainty Set Parameter: 0.150000
Total Deterministic Profit in the Network: 450.000000
++++ Solution of the Model ++++
-----------------------------------------------
Objective:
Best Lower Bound: -0.900115
Best upper bound: -0.675000
Elapsed time: 7200.349000
Cplex Gap: 0.333504
Exact W evaluation: -0.700000
B&C nodes: 192455
Number Added VI on integer variables: 9926
Number Added VI on tilde variables: 0
Number Added McCormick VI: 0

Variables:

Discoveries: w_i (i is a profitable node). 
 w_[node:1] = 1.000000
 w_[node:3] = 1.000000
 w_[node:7] = 1.000000
 w_[node:9] = 1.000000
 w_[node:10] = 1.000000
 w_[node:12] = 1.000000
 w_[node:13] = 1.000000
 w_[node:17] = 1.000000
 w_[node:18] = 1.000000
 w_[node:19] = 1.000000
Beta Variables. 
beta_l[0] = 0.000000
beta_l[1] = 0.000000
beta_l[2] = 0.000000
beta_l[3] = 0.000000
beta_l[4] = 0.000000
beta_l[5] = 0.000000
beta_l[6] = 0.000000
beta_l[7] = 0.000000
beta_l[8] = 0.000000
beta_l[9] = 0.000000
beta_l[10] = 0.000000
beta_l[11] = 0.250000
beta_l[12] = 0.000000
beta_l[13] = 0.000000
beta_l[14] = 0.000000
beta_l[15] = 0.000000
beta_l[16] = 0.000000
beta_l[17] = 0.000000
beta_l[18] = 0.000000
beta_l[19] = 0.000000
beta_l[20] = 0.000000
beta_l[21] = 0.000000
beta_l[22] = 0.000000
beta_l[23] = 0.000000
beta_l[24] = 0.000000
beta_l[25] = 0.000000
beta_l[26] = 0.000000
beta_l[27] = 0.000000
beta_l[28] = 0.000000
beta_l[29] = 0.000000
beta_l[30] = 0.000000
beta_l[31] = 0.000000
beta_l[32] = 0.000000
beta_l[33] = 0.000000
beta_l[34] = 0.000000
beta_l[35] = 0.000000
beta_l[36] = 0.000000
beta_l[37] = 0.000000
beta_l[38] = 0.000000
beta_l[39] = 0.000000
K-policies. 
Visited nodes:
y_k[0]_i[1] = 1
tilde_y_k[0]_i[1] = 0.25 
y_k[0]_i[2] = 1
tilde_y_k[0]_i[2] = 0.25 
y_k[0]_i[4] = 1
tilde_y_k[0]_i[4] = 0.25 
y_k[0]_i[5] = 1
tilde_y_k[0]_i[5] = 0.25 
y_k[0]_i[6] = 1
tilde_y_k[0]_i[6] = 0.25 
y_k[0]_i[7] = 1
tilde_y_k[0]_i[7] = 0.25 
y_k[0]_i[8] = 1
tilde_y_k[0]_i[8] = 0.25 
y_k[0]_i[9] = 1
tilde_y_k[0]_i[9] = 0.25 
y_k[0]_i[10] = 1
tilde_y_k[0]_i[10] = 0.25 
y_k[0]_i[11] = 1
tilde_y_k[0]_i[11] = 0.25 
y_k[0]_i[12] = 1
tilde_y_k[0]_i[12] = 0.25 
y_k[0]_i[13] = 1
tilde_y_k[0]_i[13] = 0.25 
y_k[0]_i[14] = 1
tilde_y_k[0]_i[14] = 0.25 
y_k[0]_i[15] = 1
tilde_y_k[0]_i[15] = 0.25 
y_k[0]_i[16] = 1
tilde_y_k[0]_i[16] = 0.25 
y_k[0]_i[17] = 1
tilde_y_k[0]_i[17] = 0.25 
Duals:
alpha_k[0] = 0.250000
gamma_k[0]_n[1] = 0.000000
gamma_k[0]_n[2] = 0.000000
gamma_k[0]_n[3] = -0.250000
gamma_k[0]_n[4] = 0.000000
gamma_k[0]_n[5] = 0.000000
gamma_k[0]_n[6] = 0.000000
gamma_k[0]_n[7] = 0.000000
gamma_k[0]_n[8] = 0.000000
gamma_k[0]_n[9] = 0.000000
gamma_k[0]_n[10] = 0.000000
gamma_k[0]_n[11] = 0.000000
gamma_k[0]_n[12] = 0.000000
gamma_k[0]_n[13] = 0.000000
gamma_k[0]_n[14] = 0.000000
gamma_k[0]_n[15] = 0.000000
gamma_k[0]_n[16] = 0.000000
gamma_k[0]_n[17] = 0.000000
gamma_k[0]_n[18] = -0.250000
gamma_k[0]_n[19] = -0.250000
Policy-0 description
<0-17-15-14-16-8-9-10-13-12-11-6-5-4-2-1-7-20> : Length = 3650.000000
_________________________________________________
Visited nodes:
y_k[1]_i[1] = 1
tilde_y_k[1]_i[1] = 0.25 
y_k[1]_i[2] = 1
tilde_y_k[1]_i[2] = 0.25 
y_k[1]_i[3] = 1
tilde_y_k[1]_i[3] = 0.25 
y_k[1]_i[4] = 1
tilde_y_k[1]_i[4] = 0.25 
y_k[1]_i[5] = 1
tilde_y_k[1]_i[5] = 0.25 
y_k[1]_i[6] = 1
tilde_y_k[1]_i[6] = 0.25 
y_k[1]_i[7] = 1
tilde_y_k[1]_i[7] = 0.25 
y_k[1]_i[8] = 1
tilde_y_k[1]_i[8] = 0.25 
y_k[1]_i[9] = 1
tilde_y_k[1]_i[9] = 0.25 
y_k[1]_i[10] = 1
tilde_y_k[1]_i[10] = 0.25 
y_k[1]_i[11] = 1
tilde_y_k[1]_i[11] = 0.25 
y_k[1]_i[12] = 1
tilde_y_k[1]_i[12] = 0.25 
y_k[1]_i[13] = 1
tilde_y_k[1]_i[13] = 0.25 
y_k[1]_i[17] = 1
tilde_y_k[1]_i[17] = 0.25 
y_k[1]_i[18] = 1
tilde_y_k[1]_i[18] = 0.25 
y_k[1]_i[19] = 1
tilde_y_k[1]_i[19] = 0.25 
Duals:
alpha_k[1] = 0.250000
gamma_k[1]_n[1] = 0.250000
gamma_k[1]_n[2] = 0.000000
gamma_k[1]_n[3] = 0.250000
gamma_k[1]_n[4] = 0.000000
gamma_k[1]_n[5] = 0.000000
gamma_k[1]_n[6] = 0.000000
gamma_k[1]_n[7] = 0.250000
gamma_k[1]_n[8] = 0.000000
gamma_k[1]_n[9] = 0.250000
gamma_k[1]_n[10] = 0.250000
gamma_k[1]_n[11] = 0.000000
gamma_k[1]_n[12] = 0.250000
gamma_k[1]_n[13] = 0.250000
gamma_k[1]_n[14] = 0.000000
gamma_k[1]_n[15] = 0.000000
gamma_k[1]_n[16] = 0.000000
gamma_k[1]_n[17] = 0.250000
gamma_k[1]_n[18] = 0.250000
gamma_k[1]_n[19] = 0.250000
Policy-1 description
<0-7-8-9-13-12-10-11-6-5-4-1-2-3-19-18-17-20> : Length = 3617.000000
_________________________________________________
Visited nodes:
y_k[2]_i[1] = 1
tilde_y_k[2]_i[1] = 0.25 
y_k[2]_i[2] = 1
tilde_y_k[2]_i[2] = 0.25 
y_k[2]_i[3] = 1
tilde_y_k[2]_i[3] = 0.25 
y_k[2]_i[4] = 1
tilde_y_k[2]_i[4] = 0.25 
y_k[2]_i[5] = 1
tilde_y_k[2]_i[5] = 0.25 
y_k[2]_i[6] = 1
tilde_y_k[2]_i[6] = 0.25 
y_k[2]_i[8] = 1
tilde_y_k[2]_i[8] = 0.25 
y_k[2]_i[11] = 1
tilde_y_k[2]_i[11] = 0.25 
y_k[2]_i[14] = 1
tilde_y_k[2]_i[14] = 0.25 
y_k[2]_i[15] = 1
tilde_y_k[2]_i[15] = 0.25 
y_k[2]_i[16] = 1
tilde_y_k[2]_i[16] = 0.25 
y_k[2]_i[18] = 1
tilde_y_k[2]_i[18] = 0.25 
y_k[2]_i[19] = 1
tilde_y_k[2]_i[19] = 0.25 
Duals:
alpha_k[2] = 0.250000
gamma_k[2]_n[1] = 0.000000
gamma_k[2]_n[2] = 0.000000
gamma_k[2]_n[3] = 0.000000
gamma_k[2]_n[4] = 0.000000
gamma_k[2]_n[5] = 0.000000
gamma_k[2]_n[6] = 0.000000
gamma_k[2]_n[7] = -0.250000
gamma_k[2]_n[8] = 0.000000
gamma_k[2]_n[9] = -0.250000
gamma_k[2]_n[10] = -0.250000
gamma_k[2]_n[11] = 0.000000
gamma_k[2]_n[12] = -0.250000
gamma_k[2]_n[13] = -0.250000
gamma_k[2]_n[14] = 0.000000
gamma_k[2]_n[15] = 0.000000
gamma_k[2]_n[16] = 0.000000
gamma_k[2]_n[17] = -0.250000
gamma_k[2]_n[18] = 0.000000
gamma_k[2]_n[19] = 0.000000
Policy-2 description
<0-8-11-6-5-4-1-2-3-19-18-15-14-16-20> : Length = 3799.000000
_________________________________________________
Visited nodes:
y_k[3]_i[2] = 1
tilde_y_k[3]_i[2] = 0.25 
y_k[3]_i[3] = 1
tilde_y_k[3]_i[3] = 0.25 
y_k[3]_i[4] = 1
tilde_y_k[3]_i[4] = 0.25 
y_k[3]_i[5] = 1
tilde_y_k[3]_i[5] = 0.25 
y_k[3]_i[6] = 1
tilde_y_k[3]_i[6] = 0.25 
y_k[3]_i[7] = 1
tilde_y_k[3]_i[7] = 0.25 
y_k[3]_i[8] = 1
tilde_y_k[3]_i[8] = 0.25 
y_k[3]_i[9] = 1
tilde_y_k[3]_i[9] = 0.25 
y_k[3]_i[10] = 1
tilde_y_k[3]_i[10] = 0.25 
y_k[3]_i[11] = 1
tilde_y_k[3]_i[11] = 0.25 
y_k[3]_i[14] = 1
tilde_y_k[3]_i[14] = 0.25 
y_k[3]_i[15] = 1
tilde_y_k[3]_i[15] = 0.25 
y_k[3]_i[16] = 1
tilde_y_k[3]_i[16] = 0.25 
y_k[3]_i[17] = 1
tilde_y_k[3]_i[17] = 0.25 
y_k[3]_i[18] = 1
tilde_y_k[3]_i[18] = 0.25 
y_k[3]_i[19] = 1
tilde_y_k[3]_i[19] = 0.25 
Duals:
alpha_k[3] = 0.250000
gamma_k[3]_n[1] = -0.250000
gamma_k[3]_n[2] = 0.000000
gamma_k[3]_n[3] = 0.000000
gamma_k[3]_n[4] = 0.000000
gamma_k[3]_n[5] = 0.000000
gamma_k[3]_n[6] = 0.000000
gamma_k[3]_n[7] = 0.000000
gamma_k[3]_n[8] = 0.000000
gamma_k[3]_n[9] = 0.000000
gamma_k[3]_n[10] = 0.000000
gamma_k[3]_n[11] = 0.000000
gamma_k[3]_n[12] = -0.250000
gamma_k[3]_n[13] = 0.000000
gamma_k[3]_n[14] = 0.000000
gamma_k[3]_n[15] = 0.000000
gamma_k[3]_n[16] = 0.000000
gamma_k[3]_n[17] = 0.000000
gamma_k[3]_n[18] = 0.000000
gamma_k[3]_n[19] = 0.000000
Policy-3 description
<0-7-8-9-10-11-6-5-4-2-3-19-18-17-15-14-16-20> : Length = 3790.000000
_________________________________________________
Legenda_Model:Instance_Name	Network_Name	Num_K	Num_Nodes	Num_Prof_Nodes	Max_Tour_Duration	Max_Num_Discoveries	Max_Discoveries_Fraction	Best_LB	Best_Ub	Cplex_Gap	Root_Node_LB	Elapsed_Time	Num_VI_int_var	Num_VI_tilde_var	Num_Dyn_McCormick	Num_BandC_Nodes	Number_Discoveries	Profit_cost	Discovery_cost	US_Type	US_Param	US_Tot_Det_Profit	Exact_W_Evaluation
Table_Model:tsi_prob_2_mod_budget_38_K4_D1_md050_US2_USpar15	tsi_prob_2_mod_budget_38	4	21	19	3800	10	0.500000	-0.900115	-0.675000	0.333504	-1.000000	7200.349000	9926	0	0	192455	10	-0.675000	0.000000	2	0.150000	450.000000	-0.700000
