Instance_Name: SPP_n50_s10_B3_D1_d75
U_Budget: 3
Num_Nodes: 50
Num_Archs: 735
Max_Num_Discoveries: 552.000000
DDDI_Version: 1
BUB: 13.646703
BLB: 13.646703
Gap: 0.000000
Elapsed_Time: 313.658000
Branch_And_Cut_Time: 296.529000
Starting_Cuts_Time: 17.129000
Max_Num_Starting_Scenarios: 99
Problem_is_feasible: 1


-------------------------------



Solution:

w_1: arc (1, 8) = 1.000000
w_2: arc (1, 9) = 1.000000
w_3: arc (1, 10) = 1.000000
w_6: arc (1, 29) = 1.000000
w_8: arc (1, 36) = 1.000000
w_9: arc (1, 40) = 1.000000
w_12: arc (2, 1) = 1.000000
w_14: arc (2, 8) = 1.000000
w_16: arc (2, 10) = 1.000000
w_18: arc (2, 16) = 1.000000
w_19: arc (2, 17) = 1.000000
w_22: arc (2, 20) = 1.000000
w_23: arc (2, 26) = 1.000000
w_24: arc (2, 33) = 1.000000
w_27: arc (2, 42) = 1.000000
w_31: arc (3, 14) = 1.000000
w_33: arc (3, 24) = 1.000000
w_34: arc (3, 28) = 1.000000
w_36: arc (3, 41) = 1.000000
w_37: arc (3, 47) = 1.000000
w_39: arc (4, 3) = 1.000000
w_40: arc (4, 6) = 1.000000
w_41: arc (4, 14) = 1.000000
w_44: arc (4, 24) = 1.000000
w_47: arc (4, 41) = 1.000000
w_49: arc (4, 48) = 1.000000
w_50: arc (5, 6) = 1.000000
w_53: arc (5, 13) = 1.000000
w_56: arc (5, 25) = 1.000000
w_59: arc (5, 41) = 1.000000
w_61: arc (5, 44) = 1.000000
w_62: arc (5, 47) = 1.000000
w_64: arc (6, 5) = 1.000000
w_66: arc (6, 13) = 1.000000
w_67: arc (6, 14) = 1.000000
w_71: arc (6, 21) = 1.000000
w_72: arc (6, 24) = 1.000000
w_77: arc (6, 31) = 1.000000
w_79: arc (6, 35) = 1.000000
w_80: arc (6, 38) = 1.000000
w_85: arc (6, 48) = 1.000000
w_87: arc (7, 8) = 1.000000
w_88: arc (7, 10) = 1.000000
w_89: arc (7, 16) = 1.000000
w_92: arc (7, 20) = 1.000000
w_94: arc (7, 30) = 1.000000
w_99: arc (7, 46) = 1.000000
w_101: arc (7, 50) = 1.000000
w_103: arc (8, 2) = 1.000000
w_104: arc (8, 7) = 1.000000
w_105: arc (8, 9) = 1.000000
w_106: arc (8, 10) = 1.000000
w_109: arc (8, 18) = 1.000000
w_110: arc (8, 19) = 1.000000
w_111: arc (8, 20) = 1.000000
w_115: arc (8, 33) = 1.000000
w_116: arc (8, 35) = 1.000000
w_120: arc (9, 1) = 1.000000
w_122: arc (9, 8) = 1.000000
w_124: arc (9, 19) = 1.000000
w_125: arc (9, 20) = 1.000000
w_126: arc (9, 22) = 1.000000
w_127: arc (9, 26) = 1.000000
w_128: arc (9, 29) = 1.000000
w_130: arc (9, 36) = 1.000000
w_132: arc (9, 40) = 1.000000
w_133: arc (9, 42) = 1.000000
w_134: arc (9, 45) = 1.000000
w_135: arc (10, 1) = 1.000000
w_137: arc (10, 7) = 1.000000
w_138: arc (10, 8) = 1.000000
w_139: arc (10, 17) = 1.000000
w_141: arc (10, 19) = 1.000000
w_144: arc (10, 33) = 1.000000
w_146: arc (10, 45) = 1.000000
w_147: arc (11, 2) = 1.000000
w_148: arc (11, 5) = 1.000000
w_149: arc (11, 6) = 1.000000
w_151: arc (11, 16) = 1.000000
w_152: arc (11, 20) = 1.000000
w_153: arc (11, 21) = 1.000000
w_156: arc (11, 26) = 1.000000
w_157: arc (11, 27) = 1.000000
w_158: arc (11, 28) = 1.000000
w_161: arc (11, 35) = 1.000000
w_162: arc (11, 37) = 1.000000
w_163: arc (11, 38) = 1.000000
w_166: arc (11, 46) = 1.000000
w_169: arc (12, 5) = 1.000000
w_170: arc (12, 13) = 1.000000
w_172: arc (12, 23) = 1.000000
w_173: arc (12, 25) = 1.000000
w_174: arc (12, 27) = 1.000000
w_175: arc (12, 34) = 1.000000
w_177: arc (12, 43) = 1.000000
w_178: arc (12, 44) = 1.000000
w_180: arc (13, 6) = 1.000000
w_181: arc (13, 11) = 1.000000
w_182: arc (13, 12) = 1.000000
w_183: arc (13, 16) = 1.000000
w_186: arc (13, 24) = 1.000000
w_191: arc (13, 35) = 1.000000
w_193: arc (13, 41) = 1.000000
w_196: arc (13, 46) = 1.000000
w_198: arc (13, 50) = 1.000000
w_200: arc (14, 4) = 1.000000
w_202: arc (14, 15) = 1.000000
w_204: arc (14, 22) = 1.000000
w_205: arc (14, 24) = 1.000000
w_206: arc (14, 28) = 1.000000
w_207: arc (14, 38) = 1.000000
w_208: arc (14, 39) = 1.000000
w_211: arc (14, 48) = 1.000000
w_213: arc (15, 4) = 1.000000
w_219: arc (15, 39) = 1.000000
w_224: arc (16, 2) = 1.000000
w_225: arc (16, 6) = 1.000000
w_226: arc (16, 7) = 1.000000
w_227: arc (16, 8) = 1.000000
w_228: arc (16, 11) = 1.000000
w_229: arc (16, 13) = 1.000000
w_230: arc (16, 17) = 1.000000
w_231: arc (16, 20) = 1.000000
w_235: arc (16, 27) = 1.000000
w_236: arc (16, 28) = 1.000000
w_237: arc (16, 31) = 1.000000
w_238: arc (16, 32) = 1.000000
w_239: arc (16, 35) = 1.000000
w_241: arc (16, 38) = 1.000000
w_245: arc (17, 2) = 1.000000
w_246: arc (17, 7) = 1.000000
w_247: arc (17, 8) = 1.000000
w_249: arc (17, 16) = 1.000000
w_251: arc (17, 19) = 1.000000
w_253: arc (17, 30) = 1.000000
w_254: arc (17, 31) = 1.000000
w_256: arc (17, 35) = 1.000000
w_257: arc (17, 45) = 1.000000
w_260: arc (18, 1) = 1.000000
w_264: arc (18, 9) = 1.000000
w_266: arc (18, 17) = 1.000000
w_271: arc (18, 33) = 1.000000
w_276: arc (19, 2) = 1.000000
w_278: arc (19, 9) = 1.000000
w_281: arc (19, 18) = 1.000000
w_287: arc (19, 38) = 1.000000
w_288: arc (19, 40) = 1.000000
w_289: arc (19, 42) = 1.000000
w_295: arc (20, 9) = 1.000000
w_297: arc (20, 14) = 1.000000
w_301: arc (20, 27) = 1.000000
w_303: arc (20, 31) = 1.000000
w_305: arc (20, 38) = 1.000000
w_307: arc (20, 42) = 1.000000
w_308: arc (20, 46) = 1.000000
w_311: arc (21, 11) = 1.000000
w_317: arc (21, 31) = 1.000000
w_319: arc (21, 37) = 1.000000
w_320: arc (21, 43) = 1.000000
w_323: arc (21, 50) = 1.000000
w_324: arc (22, 4) = 1.000000
w_328: arc (22, 33) = 1.000000
w_329: arc (22, 38) = 1.000000
w_330: arc (22, 40) = 1.000000
w_332: arc (23, 5) = 1.000000
w_334: arc (23, 13) = 1.000000
w_335: arc (23, 21) = 1.000000
w_337: arc (23, 27) = 1.000000
w_338: arc (23, 34) = 1.000000
w_344: arc (24, 6) = 1.000000
w_350: arc (24, 20) = 1.000000
w_351: arc (24, 26) = 1.000000
w_352: arc (24, 27) = 1.000000
w_354: arc (24, 35) = 1.000000
w_355: arc (24, 38) = 1.000000
w_358: arc (24, 46) = 1.000000
w_359: arc (24, 47) = 1.000000
w_362: arc (25, 6) = 1.000000
w_363: arc (25, 11) = 1.000000
w_365: arc (25, 13) = 1.000000
w_366: arc (25, 16) = 1.000000
w_368: arc (25, 23) = 1.000000
w_369: arc (25, 27) = 1.000000
w_371: arc (25, 34) = 1.000000
w_372: arc (25, 35) = 1.000000
w_376: arc (25, 46) = 1.000000
w_377: arc (25, 50) = 1.000000
w_378: arc (26, 2) = 1.000000
w_379: arc (26, 6) = 1.000000
w_380: arc (26, 7) = 1.000000
w_382: arc (26, 9) = 1.000000
w_384: arc (26, 16) = 1.000000
w_386: arc (26, 18) = 1.000000
w_387: arc (26, 19) = 1.000000
w_391: arc (26, 31) = 1.000000
w_392: arc (26, 32) = 1.000000
w_393: arc (26, 35) = 1.000000
w_395: arc (26, 42) = 1.000000
w_397: arc (27, 5) = 1.000000
w_398: arc (27, 6) = 1.000000
w_402: arc (27, 15) = 1.000000
w_404: arc (27, 20) = 1.000000
w_405: arc (27, 21) = 1.000000
w_407: arc (27, 24) = 1.000000
w_409: arc (27, 28) = 1.000000
w_416: arc (27, 44) = 1.000000
w_419: arc (28, 2) = 1.000000
w_420: arc (28, 3) = 1.000000
w_421: arc (28, 4) = 1.000000
w_423: arc (28, 11) = 1.000000
w_424: arc (28, 14) = 1.000000
w_425: arc (28, 15) = 1.000000
w_427: arc (28, 20) = 1.000000
w_438: arc (29, 1) = 1.000000
w_440: arc (29, 19) = 1.000000
w_442: arc (29, 36) = 1.000000
w_446: arc (30, 7) = 1.000000
w_449: arc (30, 17) = 1.000000
w_450: arc (30, 18) = 1.000000
w_453: arc (30, 45) = 1.000000
w_455: arc (31, 6) = 1.000000
w_456: arc (31, 7) = 1.000000
w_458: arc (31, 13) = 1.000000
w_461: arc (31, 20) = 1.000000
w_464: arc (31, 26) = 1.000000
w_468: arc (31, 37) = 1.000000
w_473: arc (32, 7) = 1.000000
w_475: arc (32, 10) = 1.000000
w_482: arc (32, 35) = 1.000000
w_483: arc (32, 45) = 1.000000
w_485: arc (32, 50) = 1.000000
w_487: arc (33, 2) = 1.000000
w_489: arc (33, 9) = 1.000000
w_493: arc (33, 22) = 1.000000
w_495: arc (33, 36) = 1.000000
w_497: arc (33, 42) = 1.000000
w_500: arc (34, 6) = 1.000000
w_501: arc (34, 11) = 1.000000
w_502: arc (34, 12) = 1.000000
w_504: arc (34, 21) = 1.000000
w_505: arc (34, 23) = 1.000000
w_508: arc (34, 37) = 1.000000
w_510: arc (34, 43) = 1.000000
w_511: arc (34, 44) = 1.000000
w_512: arc (34, 46) = 1.000000
w_513: arc (34, 47) = 1.000000
w_514: arc (35, 2) = 1.000000
w_516: arc (35, 7) = 1.000000
w_517: arc (35, 8) = 1.000000
w_518: arc (35, 11) = 1.000000
w_519: arc (35, 13) = 1.000000
w_522: arc (35, 20) = 1.000000
w_525: arc (35, 26) = 1.000000
w_526: arc (35, 27) = 1.000000
w_528: arc (35, 32) = 1.000000
w_532: arc (35, 46) = 1.000000
w_533: arc (35, 50) = 1.000000
w_534: arc (36, 1) = 1.000000
w_537: arc (36, 29) = 1.000000
w_541: arc (36, 45) = 1.000000
w_542: arc (37, 11) = 1.000000
w_543: arc (37, 12) = 1.000000
w_545: arc (37, 16) = 1.000000
w_554: arc (37, 44) = 1.000000
w_555: arc (37, 49) = 1.000000
w_556: arc (37, 50) = 1.000000
w_560: arc (38, 9) = 1.000000
w_561: arc (38, 11) = 1.000000
w_562: arc (38, 14) = 1.000000
w_563: arc (38, 16) = 1.000000
w_564: arc (38, 18) = 1.000000
w_567: arc (38, 22) = 1.000000
w_572: arc (38, 42) = 1.000000
w_574: arc (39, 3) = 1.000000
w_575: arc (39, 4) = 1.000000
w_576: arc (39, 14) = 1.000000
w_580: arc (39, 41) = 1.000000
w_582: arc (39, 48) = 1.000000
w_583: arc (40, 1) = 1.000000
w_584: arc (40, 9) = 1.000000
w_586: arc (40, 22) = 1.000000
w_593: arc (41, 5) = 1.000000
w_594: arc (41, 6) = 1.000000
w_595: arc (41, 11) = 1.000000
w_596: arc (41, 13) = 1.000000
w_598: arc (41, 15) = 1.000000
w_599: arc (41, 20) = 1.000000
w_601: arc (41, 27) = 1.000000
w_602: arc (41, 28) = 1.000000
w_606: arc (41, 47) = 1.000000
w_607: arc (41, 48) = 1.000000
w_608: arc (42, 1) = 1.000000
w_609: arc (42, 2) = 1.000000
w_611: arc (42, 9) = 1.000000
w_613: arc (42, 18) = 1.000000
w_614: arc (42, 19) = 1.000000
w_615: arc (42, 20) = 1.000000
w_618: arc (42, 29) = 1.000000
w_619: arc (42, 33) = 1.000000
w_620: arc (42, 36) = 1.000000
w_624: arc (43, 5) = 1.000000
w_626: arc (43, 11) = 1.000000
w_629: arc (43, 16) = 1.000000
w_633: arc (43, 27) = 1.000000
w_635: arc (43, 34) = 1.000000
w_636: arc (43, 35) = 1.000000
w_637: arc (43, 37) = 1.000000
w_638: arc (43, 44) = 1.000000
w_639: arc (43, 46) = 1.000000
w_642: arc (44, 12) = 1.000000
w_643: arc (44, 13) = 1.000000
w_645: arc (44, 23) = 1.000000
w_646: arc (44, 25) = 1.000000
w_648: arc (44, 34) = 1.000000
w_650: arc (44, 43) = 1.000000
w_653: arc (45, 7) = 1.000000
w_654: arc (45, 8) = 1.000000
w_656: arc (45, 10) = 1.000000
w_658: arc (45, 18) = 1.000000
w_659: arc (45, 19) = 1.000000
w_662: arc (45, 32) = 1.000000
w_664: arc (45, 36) = 1.000000
w_666: arc (46, 2) = 1.000000
w_667: arc (46, 6) = 1.000000
w_668: arc (46, 7) = 1.000000
w_669: arc (46, 11) = 1.000000
w_671: arc (46, 15) = 1.000000
w_673: arc (46, 20) = 1.000000
w_674: arc (46, 21) = 1.000000
w_677: arc (46, 26) = 1.000000
w_679: arc (46, 28) = 1.000000
w_683: arc (46, 38) = 1.000000
w_684: arc (46, 41) = 1.000000
w_685: arc (46, 43) = 1.000000
w_690: arc (47, 5) = 1.000000
w_691: arc (47, 6) = 1.000000
w_692: arc (47, 11) = 1.000000
w_693: arc (47, 13) = 1.000000
w_694: arc (47, 14) = 1.000000
w_702: arc (47, 46) = 1.000000
w_706: arc (48, 6) = 1.000000
w_708: arc (48, 15) = 1.000000
w_709: arc (48, 24) = 1.000000
w_710: arc (48, 28) = 1.000000
w_713: arc (48, 47) = 1.000000
w_715: arc (49, 17) = 1.000000
w_716: arc (49, 30) = 1.000000
w_720: arc (49, 50) = 1.000000
w_723: arc (50, 13) = 1.000000
w_725: arc (50, 17) = 1.000000
w_726: arc (50, 21) = 1.000000
w_730: arc (50, 35) = 1.000000
w_731: arc (50, 37) = 1.000000


-------------------------------

Legenda:Instance_Name	Num_Nodes	Num_Archs	Seed	U_budget	Discovery_Fraction	Max_Num_Discoveries	DDDI_Version	BUB	BLB	Gap	BandC_Time	Starting_Time	Num_Scenarios	Problem_Y_Feasible
Table	SPP_n50_s10_B3_D1_d75	50	735	10	3	0.750000	552.000000	1	13.646703	13.646703	0.000000	296.529000	17.129000	99	1
