Instance_Name: SPP_n50_s2_B6_D1_d75
U_Budget: 6
Num_Nodes: 50
Num_Archs: 735
Max_Num_Discoveries: 552.000000
DDDI_Version: 1
BUB: 14.801656
BLB: 14.801656
Gap: 0.000000
Elapsed_Time: 21.730000
Branch_And_Cut_Time: 14.184000
Starting_Cuts_Time: 7.546000
Max_Num_Starting_Scenarios: 53
Problem_is_feasible: 1


-------------------------------



Solution:

w_0: arc (1, 6) = 1.000000
w_1: arc (1, 9) = 1.000000
w_2: arc (1, 10) = 1.000000
w_3: arc (1, 13) = 1.000000
w_4: arc (1, 15) = 1.000000
w_5: arc (1, 21) = 1.000000
w_6: arc (1, 22) = 1.000000
w_7: arc (1, 24) = 1.000000
w_8: arc (1, 28) = 1.000000
w_9: arc (1, 32) = 1.000000
w_10: arc (1, 33) = 1.000000
w_11: arc (1, 40) = 1.000000
w_12: arc (1, 42) = 1.000000
w_15: arc (2, 9) = 1.000000
w_17: arc (2, 11) = 1.000000
w_18: arc (2, 12) = 1.000000
w_19: arc (2, 13) = 1.000000
w_20: arc (2, 17) = 1.000000
w_22: arc (2, 20) = 1.000000
w_23: arc (2, 24) = 1.000000
w_24: arc (2, 25) = 1.000000
w_25: arc (2, 28) = 1.000000
w_26: arc (2, 30) = 1.000000
w_29: arc (2, 35) = 1.000000
w_30: arc (2, 36) = 1.000000
w_32: arc (2, 40) = 1.000000
w_34: arc (2, 46) = 1.000000
w_36: arc (3, 6) = 1.000000
w_38: arc (3, 21) = 1.000000
w_39: arc (3, 27) = 1.000000
w_40: arc (3, 29) = 1.000000
w_43: arc (3, 49) = 1.000000
w_44: arc (4, 5) = 1.000000
w_47: arc (4, 9) = 1.000000
w_49: arc (4, 12) = 1.000000
w_50: arc (4, 13) = 1.000000
w_51: arc (4, 18) = 1.000000
w_52: arc (4, 24) = 1.000000
w_53: arc (4, 26) = 1.000000
w_55: arc (4, 29) = 1.000000
w_56: arc (4, 34) = 1.000000
w_57: arc (4, 36) = 1.000000
w_58: arc (4, 40) = 1.000000
w_59: arc (4, 43) = 1.000000
w_63: arc (5, 7) = 1.000000
w_65: arc (5, 9) = 1.000000
w_66: arc (5, 10) = 1.000000
w_68: arc (5, 18) = 1.000000
w_69: arc (5, 19) = 1.000000
w_71: arc (5, 27) = 1.000000
w_72: arc (5, 34) = 1.000000
w_75: arc (5, 40) = 1.000000
w_77: arc (5, 43) = 1.000000
w_79: arc (5, 50) = 1.000000
w_81: arc (6, 3) = 1.000000
w_83: arc (6, 21) = 1.000000
w_85: arc (6, 32) = 1.000000
w_86: arc (6, 42) = 1.000000
w_87: arc (6, 49) = 1.000000
w_89: arc (7, 5) = 1.000000
w_90: arc (7, 8) = 1.000000
w_92: arc (7, 10) = 1.000000
w_93: arc (7, 15) = 1.000000
w_94: arc (7, 18) = 1.000000
w_95: arc (7, 24) = 1.000000
w_96: arc (7, 26) = 1.000000
w_98: arc (7, 29) = 1.000000
w_99: arc (7, 34) = 1.000000
w_100: arc (7, 36) = 1.000000
w_102: arc (7, 42) = 1.000000
w_103: arc (7, 43) = 1.000000
w_104: arc (7, 45) = 1.000000
w_105: arc (7, 50) = 1.000000
w_106: arc (8, 4) = 1.000000
w_107: arc (8, 5) = 1.000000
w_108: arc (8, 7) = 1.000000
w_109: arc (8, 10) = 1.000000
w_111: arc (8, 26) = 1.000000
w_112: arc (8, 27) = 1.000000
w_113: arc (8, 36) = 1.000000
w_114: arc (8, 39) = 1.000000
w_115: arc (8, 40) = 1.000000
w_116: arc (8, 41) = 1.000000
w_118: arc (8, 45) = 1.000000
w_119: arc (8, 50) = 1.000000
w_120: arc (9, 1) = 1.000000
w_121: arc (9, 2) = 1.000000
w_122: arc (9, 4) = 1.000000
w_123: arc (9, 5) = 1.000000
w_124: arc (9, 7) = 1.000000
w_125: arc (9, 10) = 1.000000
w_126: arc (9, 11) = 1.000000
w_128: arc (9, 13) = 1.000000
w_129: arc (9, 15) = 1.000000
w_130: arc (9, 24) = 1.000000
w_132: arc (9, 27) = 1.000000
w_133: arc (9, 28) = 1.000000
w_134: arc (9, 34) = 1.000000
w_136: arc (9, 37) = 1.000000
w_137: arc (9, 40) = 1.000000
w_139: arc (9, 43) = 1.000000
w_141: arc (9, 46) = 1.000000
w_142: arc (9, 49) = 1.000000
w_143: arc (9, 50) = 1.000000
w_144: arc (10, 1) = 1.000000
w_145: arc (10, 2) = 1.000000
w_149: arc (10, 8) = 1.000000
w_150: arc (10, 9) = 1.000000
w_151: arc (10, 12) = 1.000000
w_153: arc (10, 19) = 1.000000
w_154: arc (10, 24) = 1.000000
w_157: arc (10, 31) = 1.000000
w_158: arc (10, 34) = 1.000000
w_159: arc (10, 35) = 1.000000
w_160: arc (10, 36) = 1.000000
w_161: arc (10, 37) = 1.000000
w_162: arc (10, 40) = 1.000000
w_165: arc (10, 48) = 1.000000
w_167: arc (11, 2) = 1.000000
w_168: arc (11, 9) = 1.000000
w_169: arc (11, 12) = 1.000000
w_172: arc (11, 16) = 1.000000
w_173: arc (11, 17) = 1.000000
w_174: arc (11, 20) = 1.000000
w_175: arc (11, 23) = 1.000000
w_180: arc (11, 34) = 1.000000
w_181: arc (11, 35) = 1.000000
w_182: arc (11, 37) = 1.000000
w_185: arc (11, 48) = 1.000000
w_186: arc (12, 2) = 1.000000
w_187: arc (12, 4) = 1.000000
w_188: arc (12, 5) = 1.000000
w_191: arc (12, 11) = 1.000000
w_192: arc (12, 13) = 1.000000
w_193: arc (12, 19) = 1.000000
w_195: arc (12, 25) = 1.000000
w_197: arc (12, 30) = 1.000000
w_198: arc (12, 31) = 1.000000
w_200: arc (12, 35) = 1.000000
w_202: arc (12, 37) = 1.000000
w_204: arc (12, 43) = 1.000000
w_205: arc (12, 47) = 1.000000
w_206: arc (12, 48) = 1.000000
w_207: arc (12, 50) = 1.000000
w_208: arc (13, 1) = 1.000000
w_211: arc (13, 9) = 1.000000
w_213: arc (13, 11) = 1.000000
w_214: arc (13, 12) = 1.000000
w_215: arc (13, 19) = 1.000000
w_216: arc (13, 20) = 1.000000
w_217: arc (13, 24) = 1.000000
w_218: arc (13, 28) = 1.000000
w_219: arc (13, 30) = 1.000000
w_220: arc (13, 31) = 1.000000
w_221: arc (13, 34) = 1.000000
w_222: arc (13, 35) = 1.000000
w_223: arc (13, 36) = 1.000000
w_224: arc (13, 37) = 1.000000
w_225: arc (13, 40) = 1.000000
w_226: arc (13, 43) = 1.000000
w_227: arc (13, 46) = 1.000000
w_228: arc (13, 48) = 1.000000
w_229: arc (14, 11) = 1.000000
w_230: arc (14, 16) = 1.000000
w_231: arc (14, 17) = 1.000000
w_232: arc (14, 20) = 1.000000
w_233: arc (14, 23) = 1.000000
w_234: arc (14, 30) = 1.000000
w_235: arc (14, 31) = 1.000000
w_236: arc (14, 35) = 1.000000
w_237: arc (14, 38) = 1.000000
w_238: arc (15, 1) = 1.000000
w_239: arc (15, 3) = 1.000000
w_242: arc (15, 9) = 1.000000
w_243: arc (15, 21) = 1.000000
w_244: arc (15, 22) = 1.000000
w_246: arc (15, 27) = 1.000000
w_247: arc (15, 28) = 1.000000
w_248: arc (15, 29) = 1.000000
w_249: arc (15, 32) = 1.000000
w_251: arc (15, 42) = 1.000000
w_252: arc (15, 46) = 1.000000
w_255: arc (16, 14) = 1.000000
w_256: arc (16, 17) = 1.000000
w_257: arc (16, 20) = 1.000000
w_258: arc (16, 23) = 1.000000
w_259: arc (16, 30) = 1.000000
w_260: arc (16, 33) = 1.000000
w_261: arc (16, 38) = 1.000000
w_262: arc (17, 2) = 1.000000
w_263: arc (17, 11) = 1.000000
w_264: arc (17, 14) = 1.000000
w_265: arc (17, 16) = 1.000000
w_266: arc (17, 20) = 1.000000
w_267: arc (17, 23) = 1.000000
w_269: arc (17, 31) = 1.000000
w_271: arc (17, 37) = 1.000000
w_272: arc (17, 38) = 1.000000
w_273: arc (18, 4) = 1.000000
w_275: arc (18, 7) = 1.000000
w_276: arc (18, 8) = 1.000000
w_277: arc (18, 26) = 1.000000
w_280: arc (18, 36) = 1.000000
w_281: arc (18, 39) = 1.000000
w_282: arc (18, 40) = 1.000000
w_283: arc (18, 41) = 1.000000
w_284: arc (18, 45) = 1.000000
w_285: arc (18, 50) = 1.000000
w_286: arc (19, 2) = 1.000000
w_287: arc (19, 5) = 1.000000
w_288: arc (19, 10) = 1.000000
w_289: arc (19, 11) = 1.000000
w_290: arc (19, 12) = 1.000000
w_291: arc (19, 13) = 1.000000
w_292: arc (19, 25) = 1.000000
w_293: arc (19, 26) = 1.000000
w_294: arc (19, 30) = 1.000000
w_295: arc (19, 31) = 1.000000
w_297: arc (19, 35) = 1.000000
w_298: arc (19, 36) = 1.000000
w_299: arc (19, 37) = 1.000000
w_300: arc (19, 43) = 1.000000
w_302: arc (19, 48) = 1.000000
w_303: arc (19, 50) = 1.000000
w_305: arc (20, 11) = 1.000000
w_306: arc (20, 13) = 1.000000
w_308: arc (20, 16) = 1.000000
w_309: arc (20, 17) = 1.000000
w_311: arc (20, 30) = 1.000000
w_313: arc (20, 35) = 1.000000
w_314: arc (20, 37) = 1.000000
w_315: arc (20, 38) = 1.000000
w_318: arc (21, 6) = 1.000000
w_319: arc (21, 15) = 1.000000
w_320: arc (21, 22) = 1.000000
w_322: arc (21, 42) = 1.000000
w_323: arc (21, 49) = 1.000000
w_324: arc (22, 1) = 1.000000
w_325: arc (22, 6) = 1.000000
w_326: arc (22, 15) = 1.000000
w_327: arc (22, 21) = 1.000000
w_328: arc (22, 24) = 1.000000
w_329: arc (22, 28) = 1.000000
w_331: arc (22, 33) = 1.000000
w_332: arc (22, 42) = 1.000000
w_333: arc (22, 46) = 1.000000
w_334: arc (22, 49) = 1.000000
w_335: arc (23, 11) = 1.000000
w_337: arc (23, 16) = 1.000000
w_338: arc (23, 17) = 1.000000
w_340: arc (23, 28) = 1.000000
w_341: arc (23, 33) = 1.000000
w_342: arc (24, 1) = 1.000000
w_344: arc (24, 4) = 1.000000
w_345: arc (24, 7) = 1.000000
w_346: arc (24, 9) = 1.000000
w_347: arc (24, 10) = 1.000000
w_348: arc (24, 11) = 1.000000
w_349: arc (24, 12) = 1.000000
w_350: arc (24, 13) = 1.000000
w_352: arc (24, 22) = 1.000000
w_353: arc (24, 28) = 1.000000
w_354: arc (24, 31) = 1.000000
w_355: arc (24, 34) = 1.000000
w_356: arc (24, 36) = 1.000000
w_357: arc (24, 37) = 1.000000
w_359: arc (24, 42) = 1.000000
w_361: arc (24, 46) = 1.000000
w_362: arc (24, 49) = 1.000000
w_363: arc (25, 2) = 1.000000
w_364: arc (25, 12) = 1.000000
w_365: arc (25, 19) = 1.000000
w_366: arc (25, 30) = 1.000000
w_367: arc (25, 31) = 1.000000
w_368: arc (25, 34) = 1.000000
w_369: arc (25, 35) = 1.000000
w_370: arc (25, 37) = 1.000000
w_371: arc (25, 47) = 1.000000
w_372: arc (25, 48) = 1.000000
w_373: arc (26, 4) = 1.000000
w_374: arc (26, 5) = 1.000000
w_375: arc (26, 7) = 1.000000
w_376: arc (26, 8) = 1.000000
w_378: arc (26, 10) = 1.000000
w_380: arc (26, 18) = 1.000000
w_381: arc (26, 19) = 1.000000
w_383: arc (26, 36) = 1.000000
w_384: arc (26, 37) = 1.000000
w_385: arc (26, 39) = 1.000000
w_386: arc (26, 40) = 1.000000
w_387: arc (26, 41) = 1.000000
w_388: arc (26, 43) = 1.000000
w_389: arc (26, 45) = 1.000000
w_390: arc (26, 48) = 1.000000
w_391: arc (26, 50) = 1.000000
w_392: arc (27, 3) = 1.000000
w_393: arc (27, 4) = 1.000000
w_394: arc (27, 5) = 1.000000
w_395: arc (27, 7) = 1.000000
w_397: arc (27, 9) = 1.000000
w_398: arc (27, 10) = 1.000000
w_400: arc (27, 18) = 1.000000
w_401: arc (27, 29) = 1.000000
w_402: arc (27, 36) = 1.000000
w_403: arc (27, 40) = 1.000000
w_405: arc (27, 43) = 1.000000
w_406: arc (27, 45) = 1.000000
w_407: arc (27, 49) = 1.000000
w_409: arc (28, 1) = 1.000000
w_410: arc (28, 2) = 1.000000
w_412: arc (28, 11) = 1.000000
w_413: arc (28, 13) = 1.000000
w_414: arc (28, 15) = 1.000000
w_416: arc (28, 23) = 1.000000
w_417: arc (28, 24) = 1.000000
w_418: arc (28, 33) = 1.000000
w_419: arc (28, 44) = 1.000000
w_420: arc (28, 46) = 1.000000
w_421: arc (28, 49) = 1.000000
w_424: arc (29, 7) = 1.000000
w_427: arc (29, 27) = 1.000000
w_428: arc (29, 32) = 1.000000
w_429: arc (29, 40) = 1.000000
w_430: arc (29, 42) = 1.000000
w_431: arc (29, 45) = 1.000000
w_432: arc (29, 49) = 1.000000
w_433: arc (30, 2) = 1.000000
w_434: arc (30, 11) = 1.000000
w_437: arc (30, 14) = 1.000000
w_438: arc (30, 16) = 1.000000
w_439: arc (30, 17) = 1.000000
w_440: arc (30, 19) = 1.000000
w_442: arc (30, 25) = 1.000000
w_443: arc (30, 31) = 1.000000
w_444: arc (30, 34) = 1.000000
w_446: arc (30, 37) = 1.000000
w_451: arc (31, 10) = 1.000000
w_452: arc (31, 11) = 1.000000
w_454: arc (31, 13) = 1.000000
w_455: arc (31, 14) = 1.000000
w_457: arc (31, 19) = 1.000000
w_459: arc (31, 24) = 1.000000
w_460: arc (31, 25) = 1.000000
w_461: arc (31, 30) = 1.000000
w_462: arc (31, 34) = 1.000000
w_463: arc (31, 35) = 1.000000
w_465: arc (31, 38) = 1.000000
w_466: arc (31, 43) = 1.000000
w_468: arc (31, 48) = 1.000000
w_469: arc (32, 1) = 1.000000
w_471: arc (32, 6) = 1.000000
w_472: arc (32, 15) = 1.000000
w_473: arc (32, 21) = 1.000000
w_474: arc (32, 22) = 1.000000
w_475: arc (32, 29) = 1.000000
w_476: arc (32, 42) = 1.000000
w_478: arc (33, 1) = 1.000000
w_479: arc (33, 16) = 1.000000
w_480: arc (33, 22) = 1.000000
w_481: arc (33, 23) = 1.000000
w_482: arc (33, 28) = 1.000000
w_483: arc (33, 44) = 1.000000
w_484: arc (33, 46) = 1.000000
w_485: arc (34, 2) = 1.000000
w_486: arc (34, 4) = 1.000000
w_487: arc (34, 5) = 1.000000
w_489: arc (34, 9) = 1.000000
w_490: arc (34, 10) = 1.000000
w_491: arc (34, 11) = 1.000000
w_492: arc (34, 12) = 1.000000
w_493: arc (34, 13) = 1.000000
w_494: arc (34, 19) = 1.000000
w_495: arc (34, 24) = 1.000000
w_496: arc (34, 25) = 1.000000
w_497: arc (34, 26) = 1.000000
w_498: arc (34, 30) = 1.000000
w_499: arc (34, 31) = 1.000000
w_500: arc (34, 35) = 1.000000
w_501: arc (34, 36) = 1.000000
w_502: arc (34, 37) = 1.000000
w_503: arc (34, 40) = 1.000000
w_505: arc (34, 48) = 1.000000
w_506: arc (34, 50) = 1.000000
w_508: arc (35, 10) = 1.000000
w_511: arc (35, 13) = 1.000000
w_512: arc (35, 14) = 1.000000
w_517: arc (35, 30) = 1.000000
w_518: arc (35, 31) = 1.000000
w_519: arc (35, 34) = 1.000000
w_520: arc (35, 36) = 1.000000
w_521: arc (35, 37) = 1.000000
w_522: arc (35, 38) = 1.000000
w_523: arc (35, 43) = 1.000000
w_524: arc (35, 47) = 1.000000
w_525: arc (35, 48) = 1.000000
w_526: arc (36, 2) = 1.000000
w_527: arc (36, 4) = 1.000000
w_528: arc (36, 5) = 1.000000
w_530: arc (36, 8) = 1.000000
w_531: arc (36, 9) = 1.000000
w_532: arc (36, 10) = 1.000000
w_534: arc (36, 13) = 1.000000
w_535: arc (36, 18) = 1.000000
w_537: arc (36, 24) = 1.000000
w_538: arc (36, 26) = 1.000000
w_539: arc (36, 27) = 1.000000
w_540: arc (36, 34) = 1.000000
w_541: arc (36, 35) = 1.000000
w_542: arc (36, 37) = 1.000000
w_544: arc (36, 43) = 1.000000
w_545: arc (36, 45) = 1.000000
w_547: arc (36, 50) = 1.000000
w_548: arc (37, 2) = 1.000000
w_549: arc (37, 9) = 1.000000
w_550: arc (37, 10) = 1.000000
w_551: arc (37, 11) = 1.000000
w_552: arc (37, 12) = 1.000000
w_553: arc (37, 13) = 1.000000
w_554: arc (37, 17) = 1.000000
w_555: arc (37, 19) = 1.000000
w_558: arc (37, 25) = 1.000000
w_559: arc (37, 26) = 1.000000
w_560: arc (37, 30) = 1.000000
w_561: arc (37, 31) = 1.000000
w_562: arc (37, 34) = 1.000000
w_563: arc (37, 35) = 1.000000
w_564: arc (37, 36) = 1.000000
w_565: arc (37, 43) = 1.000000
w_566: arc (37, 47) = 1.000000
w_567: arc (37, 48) = 1.000000
w_568: arc (38, 11) = 1.000000
w_571: arc (38, 17) = 1.000000
w_573: arc (38, 30) = 1.000000
w_574: arc (38, 31) = 1.000000
w_575: arc (38, 35) = 1.000000
w_576: arc (39, 5) = 1.000000
w_577: arc (39, 8) = 1.000000
w_578: arc (39, 18) = 1.000000
w_579: arc (39, 26) = 1.000000
w_580: arc (39, 41) = 1.000000
w_581: arc (39, 50) = 1.000000
w_582: arc (40, 1) = 1.000000
w_583: arc (40, 2) = 1.000000
w_584: arc (40, 4) = 1.000000
w_585: arc (40, 5) = 1.000000
w_587: arc (40, 8) = 1.000000
w_588: arc (40, 9) = 1.000000
w_589: arc (40, 10) = 1.000000
w_590: arc (40, 12) = 1.000000
w_592: arc (40, 15) = 1.000000
w_593: arc (40, 18) = 1.000000
w_596: arc (40, 27) = 1.000000
w_597: arc (40, 29) = 1.000000
w_599: arc (40, 36) = 1.000000
w_602: arc (40, 45) = 1.000000
w_604: arc (40, 50) = 1.000000
w_605: arc (41, 5) = 1.000000
w_606: arc (41, 8) = 1.000000
w_607: arc (41, 18) = 1.000000
w_608: arc (41, 26) = 1.000000
w_609: arc (41, 39) = 1.000000
w_610: arc (41, 50) = 1.000000
w_613: arc (42, 6) = 1.000000
w_614: arc (42, 7) = 1.000000
w_616: arc (42, 15) = 1.000000
w_617: arc (42, 21) = 1.000000
w_618: arc (42, 22) = 1.000000
w_619: arc (42, 24) = 1.000000
w_621: arc (42, 29) = 1.000000
w_622: arc (42, 32) = 1.000000
w_623: arc (42, 40) = 1.000000
w_624: arc (42, 46) = 1.000000
w_625: arc (42, 49) = 1.000000
w_626: arc (43, 2) = 1.000000
w_627: arc (43, 4) = 1.000000
w_628: arc (43, 5) = 1.000000
w_629: arc (43, 7) = 1.000000
w_630: arc (43, 8) = 1.000000
w_631: arc (43, 9) = 1.000000
w_633: arc (43, 12) = 1.000000
w_634: arc (43, 13) = 1.000000
w_635: arc (43, 19) = 1.000000
w_636: arc (43, 24) = 1.000000
w_639: arc (43, 31) = 1.000000
w_640: arc (43, 34) = 1.000000
w_641: arc (43, 35) = 1.000000
w_642: arc (43, 36) = 1.000000
w_645: arc (43, 45) = 1.000000
w_646: arc (43, 48) = 1.000000
w_647: arc (43, 50) = 1.000000
w_648: arc (44, 28) = 1.000000
w_649: arc (44, 33) = 1.000000
w_650: arc (45, 4) = 1.000000
w_651: arc (45, 5) = 1.000000
w_652: arc (45, 7) = 1.000000
w_653: arc (45, 8) = 1.000000
w_654: arc (45, 9) = 1.000000
w_655: arc (45, 10) = 1.000000
w_658: arc (45, 27) = 1.000000
w_659: arc (45, 29) = 1.000000
w_662: arc (45, 43) = 1.000000
w_665: arc (46, 2) = 1.000000
w_667: arc (46, 11) = 1.000000
w_668: arc (46, 13) = 1.000000
w_669: arc (46, 15) = 1.000000
w_670: arc (46, 22) = 1.000000
w_671: arc (46, 24) = 1.000000
w_672: arc (46, 28) = 1.000000
w_673: arc (46, 33) = 1.000000
w_674: arc (46, 42) = 1.000000
w_675: arc (46, 49) = 1.000000
w_676: arc (47, 12) = 1.000000
w_677: arc (47, 19) = 1.000000
w_678: arc (47, 25) = 1.000000
w_679: arc (47, 30) = 1.000000
w_680: arc (47, 31) = 1.000000
w_681: arc (47, 35) = 1.000000
w_682: arc (47, 37) = 1.000000
w_683: arc (47, 48) = 1.000000
w_684: arc (48, 2) = 1.000000
w_686: arc (48, 11) = 1.000000
w_687: arc (48, 12) = 1.000000
w_688: arc (48, 13) = 1.000000
w_691: arc (48, 26) = 1.000000
w_692: arc (48, 30) = 1.000000
w_695: arc (48, 35) = 1.000000
w_696: arc (48, 36) = 1.000000
w_698: arc (48, 43) = 1.000000
w_699: arc (48, 47) = 1.000000
w_700: arc (48, 50) = 1.000000
w_701: arc (49, 1) = 1.000000
w_704: arc (49, 9) = 1.000000
w_705: arc (49, 15) = 1.000000
w_709: arc (49, 27) = 1.000000
w_710: arc (49, 28) = 1.000000
w_713: arc (49, 40) = 1.000000
w_714: arc (49, 42) = 1.000000
w_715: arc (49, 46) = 1.000000
w_717: arc (50, 5) = 1.000000
w_718: arc (50, 7) = 1.000000
w_719: arc (50, 8) = 1.000000
w_720: arc (50, 9) = 1.000000
w_721: arc (50, 10) = 1.000000
w_724: arc (50, 19) = 1.000000
w_725: arc (50, 26) = 1.000000
w_726: arc (50, 27) = 1.000000
w_727: arc (50, 34) = 1.000000
w_728: arc (50, 36) = 1.000000
w_729: arc (50, 39) = 1.000000
w_731: arc (50, 41) = 1.000000
w_732: arc (50, 43) = 1.000000
w_733: arc (50, 45) = 1.000000


-------------------------------

Legenda:Instance_Name	Num_Nodes	Num_Archs	Seed	U_budget	Discovery_Fraction	Max_Num_Discoveries	DDDI_Version	BUB	BLB	Gap	BandC_Time	Starting_Time	Num_Scenarios	Problem_Y_Feasible
Table	SPP_n50_s2_B6_D1_d75	50	735	2	6	0.750000	552.000000	1	14.801656	14.801656	0.000000	14.184000	7.546000	53	1
