Instance_Name: SPP_n30_s4_B6_D1_d75
U_Budget: 6
Num_Nodes: 30
Num_Archs: 261
Max_Num_Discoveries: 196.000000
DDDI_Version: 1
BUB: 13.819992
BLB: 13.819992
Gap: 0.000000
Elapsed_Time: 9.679000
Branch_And_Cut_Time: 8.015000
Starting_Cuts_Time: 1.664000
Max_Num_Starting_Scenarios: 56
Problem_is_feasible: 1


-------------------------------



Solution:

w_0: arc (1, 2) = 1.000000
w_1: arc (1, 6) = 1.000000
w_2: arc (1, 7) = 1.000000
w_3: arc (1, 11) = 1.000000
w_4: arc (1, 12) = 1.000000
w_5: arc (1, 13) = 1.000000
w_7: arc (1, 15) = 1.000000
w_8: arc (1, 16) = 1.000000
w_9: arc (1, 19) = 1.000000
w_10: arc (1, 20) = 1.000000
w_12: arc (1, 26) = 1.000000
w_13: arc (1, 30) = 1.000000
w_14: arc (2, 1) = 1.000000
w_15: arc (2, 6) = 1.000000
w_16: arc (2, 7) = 1.000000
w_18: arc (2, 20) = 1.000000
w_19: arc (2, 22) = 1.000000
w_20: arc (2, 26) = 1.000000
w_21: arc (3, 10) = 1.000000
w_25: arc (3, 29) = 1.000000
w_26: arc (4, 8) = 1.000000
w_27: arc (4, 17) = 1.000000
w_28: arc (4, 18) = 1.000000
w_29: arc (4, 21) = 1.000000
w_30: arc (4, 23) = 1.000000
w_31: arc (4, 27) = 1.000000
w_32: arc (4, 28) = 1.000000
w_33: arc (5, 10) = 1.000000
w_34: arc (5, 21) = 1.000000
w_35: arc (5, 23) = 1.000000
w_36: arc (5, 24) = 1.000000
w_38: arc (5, 27) = 1.000000
w_39: arc (5, 28) = 1.000000
w_41: arc (6, 2) = 1.000000
w_42: arc (6, 7) = 1.000000
w_43: arc (6, 11) = 1.000000
w_44: arc (6, 12) = 1.000000
w_45: arc (6, 14) = 1.000000
w_47: arc (6, 16) = 1.000000
w_48: arc (6, 19) = 1.000000
w_50: arc (6, 22) = 1.000000
w_51: arc (6, 26) = 1.000000
w_52: arc (6, 30) = 1.000000
w_53: arc (7, 1) = 1.000000
w_54: arc (7, 2) = 1.000000
w_55: arc (7, 6) = 1.000000
w_56: arc (7, 11) = 1.000000
w_57: arc (7, 20) = 1.000000
w_58: arc (7, 22) = 1.000000
w_59: arc (7, 26) = 1.000000
w_61: arc (8, 18) = 1.000000
w_63: arc (8, 27) = 1.000000
w_65: arc (9, 15) = 1.000000
w_66: arc (9, 17) = 1.000000
w_69: arc (10, 5) = 1.000000
w_72: arc (10, 19) = 1.000000
w_74: arc (10, 25) = 1.000000
w_76: arc (11, 1) = 1.000000
w_77: arc (11, 2) = 1.000000
w_78: arc (11, 6) = 1.000000
w_81: arc (11, 22) = 1.000000
w_84: arc (12, 6) = 1.000000
w_85: arc (12, 13) = 1.000000
w_86: arc (12, 14) = 1.000000
w_87: arc (12, 15) = 1.000000
w_88: arc (12, 16) = 1.000000
w_89: arc (12, 19) = 1.000000
w_90: arc (12, 21) = 1.000000
w_91: arc (12, 23) = 1.000000
w_92: arc (12, 24) = 1.000000
w_94: arc (13, 1) = 1.000000
w_95: arc (13, 12) = 1.000000
w_96: arc (13, 14) = 1.000000
w_98: arc (13, 16) = 1.000000
w_99: arc (13, 19) = 1.000000
w_100: arc (13, 21) = 1.000000
w_101: arc (13, 23) = 1.000000
w_102: arc (13, 24) = 1.000000
w_103: arc (13, 27) = 1.000000
w_105: arc (14, 1) = 1.000000
w_109: arc (14, 12) = 1.000000
w_110: arc (14, 13) = 1.000000
w_113: arc (14, 19) = 1.000000
w_114: arc (14, 20) = 1.000000
w_115: arc (14, 24) = 1.000000
w_117: arc (14, 29) = 1.000000
w_118: arc (14, 30) = 1.000000
w_119: arc (15, 1) = 1.000000
w_120: arc (15, 6) = 1.000000
w_121: arc (15, 9) = 1.000000
w_122: arc (15, 12) = 1.000000
w_123: arc (15, 13) = 1.000000
w_124: arc (15, 14) = 1.000000
w_125: arc (15, 16) = 1.000000
w_126: arc (15, 19) = 1.000000
w_127: arc (15, 23) = 1.000000
w_128: arc (15, 30) = 1.000000
w_129: arc (16, 1) = 1.000000
w_130: arc (16, 3) = 1.000000
w_132: arc (16, 10) = 1.000000
w_133: arc (16, 12) = 1.000000
w_134: arc (16, 13) = 1.000000
w_135: arc (16, 14) = 1.000000
w_136: arc (16, 15) = 1.000000
w_137: arc (16, 19) = 1.000000
w_138: arc (16, 20) = 1.000000
w_141: arc (17, 4) = 1.000000
w_142: arc (17, 9) = 1.000000
w_143: arc (17, 18) = 1.000000
w_144: arc (17, 21) = 1.000000
w_146: arc (18, 4) = 1.000000
w_148: arc (18, 17) = 1.000000
w_149: arc (18, 21) = 1.000000
w_150: arc (18, 27) = 1.000000
w_151: arc (19, 1) = 1.000000
w_153: arc (19, 10) = 1.000000
w_155: arc (19, 13) = 1.000000
w_156: arc (19, 14) = 1.000000
w_158: arc (19, 16) = 1.000000
w_159: arc (19, 21) = 1.000000
w_160: arc (19, 23) = 1.000000
w_161: arc (19, 24) = 1.000000
w_162: arc (19, 30) = 1.000000
w_165: arc (20, 6) = 1.000000
w_166: arc (20, 7) = 1.000000
w_167: arc (20, 11) = 1.000000
w_168: arc (20, 14) = 1.000000
w_169: arc (20, 16) = 1.000000
w_171: arc (20, 26) = 1.000000
w_172: arc (21, 4) = 1.000000
w_173: arc (21, 5) = 1.000000
w_174: arc (21, 8) = 1.000000
w_178: arc (21, 18) = 1.000000
w_180: arc (21, 23) = 1.000000
w_182: arc (21, 27) = 1.000000
w_183: arc (21, 28) = 1.000000
w_184: arc (22, 1) = 1.000000
w_186: arc (22, 6) = 1.000000
w_187: arc (22, 7) = 1.000000
w_190: arc (22, 26) = 1.000000
w_191: arc (23, 4) = 1.000000
w_193: arc (23, 8) = 1.000000
w_194: arc (23, 12) = 1.000000
w_195: arc (23, 13) = 1.000000
w_196: arc (23, 15) = 1.000000
w_198: arc (23, 19) = 1.000000
w_199: arc (23, 21) = 1.000000
w_200: arc (23, 24) = 1.000000
w_201: arc (23, 27) = 1.000000
w_202: arc (23, 28) = 1.000000
w_204: arc (24, 5) = 1.000000
w_205: arc (24, 10) = 1.000000
w_206: arc (24, 12) = 1.000000
w_207: arc (24, 13) = 1.000000
w_209: arc (24, 16) = 1.000000
w_210: arc (24, 19) = 1.000000
w_212: arc (24, 23) = 1.000000
w_213: arc (24, 25) = 1.000000
w_214: arc (24, 27) = 1.000000
w_215: arc (24, 28) = 1.000000
w_218: arc (25, 10) = 1.000000
w_219: arc (25, 24) = 1.000000
w_220: arc (25, 27) = 1.000000
w_221: arc (25, 28) = 1.000000
w_222: arc (26, 1) = 1.000000
w_223: arc (26, 2) = 1.000000
w_226: arc (26, 11) = 1.000000
w_227: arc (26, 14) = 1.000000
w_228: arc (26, 20) = 1.000000
w_229: arc (26, 22) = 1.000000
w_230: arc (27, 4) = 1.000000
w_231: arc (27, 5) = 1.000000
w_232: arc (27, 8) = 1.000000
w_233: arc (27, 13) = 1.000000
w_234: arc (27, 18) = 1.000000
w_236: arc (27, 23) = 1.000000
w_239: arc (27, 28) = 1.000000
w_240: arc (28, 4) = 1.000000
w_241: arc (28, 5) = 1.000000
w_242: arc (28, 8) = 1.000000
w_243: arc (28, 21) = 1.000000
w_244: arc (28, 23) = 1.000000
w_245: arc (28, 24) = 1.000000
w_246: arc (28, 25) = 1.000000
w_248: arc (29, 3) = 1.000000
w_249: arc (29, 10) = 1.000000
w_250: arc (29, 14) = 1.000000
w_251: arc (29, 16) = 1.000000
w_253: arc (30, 1) = 1.000000
w_255: arc (30, 9) = 1.000000
w_256: arc (30, 12) = 1.000000
w_257: arc (30, 13) = 1.000000
w_258: arc (30, 14) = 1.000000
w_259: arc (30, 15) = 1.000000
w_260: arc (30, 19) = 1.000000


-------------------------------

Legenda:Instance_Name	Num_Nodes	Num_Archs	Seed	U_budget	Discovery_Fraction	Max_Num_Discoveries	DDDI_Version	BUB	BLB	Gap	BandC_Time	Starting_Time	Num_Scenarios	Problem_Y_Feasible
Table	SPP_n30_s4_B6_D1_d75	30	261	4	6	0.750000	196.000000	1	13.819992	13.819992	0.000000	8.015000	1.664000	56	1
