Instance_Name: SPP_n50_s7_B6_D1_d75
U_Budget: 6
Num_Nodes: 50
Num_Archs: 735
Max_Num_Discoveries: 552.000000
DDDI_Version: 1
BUB: 14.757031
BLB: 14.757031
Gap: 0.000000
Elapsed_Time: 48.030000
Branch_And_Cut_Time: 36.743000
Starting_Cuts_Time: 11.287000
Max_Num_Starting_Scenarios: 75
Problem_is_feasible: 1


-------------------------------



Solution:

w_0: arc (1, 4) = 1.000000
w_1: arc (1, 12) = 1.000000
w_2: arc (1, 16) = 1.000000
w_3: arc (1, 18) = 1.000000
w_4: arc (1, 21) = 1.000000
w_5: arc (1, 22) = 1.000000
w_9: arc (1, 37) = 1.000000
w_11: arc (1, 46) = 1.000000
w_15: arc (2, 7) = 1.000000
w_17: arc (2, 13) = 1.000000
w_20: arc (2, 24) = 1.000000
w_21: arc (2, 26) = 1.000000
w_22: arc (2, 28) = 1.000000
w_23: arc (2, 29) = 1.000000
w_24: arc (2, 30) = 1.000000
w_25: arc (2, 31) = 1.000000
w_26: arc (2, 35) = 1.000000
w_27: arc (2, 36) = 1.000000
w_28: arc (2, 40) = 1.000000
w_29: arc (2, 41) = 1.000000
w_31: arc (2, 43) = 1.000000
w_33: arc (3, 6) = 1.000000
w_35: arc (3, 13) = 1.000000
w_36: arc (3, 15) = 1.000000
w_37: arc (3, 19) = 1.000000
w_38: arc (3, 20) = 1.000000
w_39: arc (3, 23) = 1.000000
w_42: arc (3, 42) = 1.000000
w_44: arc (3, 47) = 1.000000
w_45: arc (3, 48) = 1.000000
w_48: arc (4, 15) = 1.000000
w_51: arc (4, 19) = 1.000000
w_52: arc (4, 21) = 1.000000
w_53: arc (4, 23) = 1.000000
w_55: arc (4, 32) = 1.000000
w_56: arc (4, 45) = 1.000000
w_57: arc (4, 46) = 1.000000
w_58: arc (4, 47) = 1.000000
w_59: arc (4, 50) = 1.000000
w_60: arc (5, 2) = 1.000000
w_62: arc (5, 9) = 1.000000
w_63: arc (5, 13) = 1.000000
w_64: arc (5, 14) = 1.000000
w_65: arc (5, 24) = 1.000000
w_66: arc (5, 26) = 1.000000
w_68: arc (5, 30) = 1.000000
w_70: arc (5, 35) = 1.000000
w_71: arc (5, 36) = 1.000000
w_74: arc (6, 3) = 1.000000
w_75: arc (6, 11) = 1.000000
w_76: arc (6, 15) = 1.000000
w_77: arc (6, 19) = 1.000000
w_78: arc (6, 20) = 1.000000
w_79: arc (6, 25) = 1.000000
w_80: arc (6, 44) = 1.000000
w_82: arc (7, 2) = 1.000000
w_83: arc (7, 5) = 1.000000
w_84: arc (7, 9) = 1.000000
w_85: arc (7, 10) = 1.000000
w_86: arc (7, 13) = 1.000000
w_87: arc (7, 14) = 1.000000
w_88: arc (7, 23) = 1.000000
w_90: arc (7, 26) = 1.000000
w_91: arc (7, 28) = 1.000000
w_93: arc (7, 31) = 1.000000
w_94: arc (7, 35) = 1.000000
w_95: arc (7, 36) = 1.000000
w_96: arc (7, 39) = 1.000000
w_99: arc (7, 42) = 1.000000
w_100: arc (7, 43) = 1.000000
w_102: arc (7, 49) = 1.000000
w_104: arc (8, 10) = 1.000000
w_105: arc (8, 17) = 1.000000
w_106: arc (8, 22) = 1.000000
w_108: arc (8, 33) = 1.000000
w_109: arc (8, 38) = 1.000000
w_111: arc (8, 40) = 1.000000
w_113: arc (9, 2) = 1.000000
w_114: arc (9, 5) = 1.000000
w_116: arc (9, 13) = 1.000000
w_117: arc (9, 14) = 1.000000
w_118: arc (9, 23) = 1.000000
w_120: arc (9, 26) = 1.000000
w_122: arc (9, 29) = 1.000000
w_123: arc (9, 30) = 1.000000
w_124: arc (9, 31) = 1.000000
w_127: arc (9, 39) = 1.000000
w_128: arc (9, 40) = 1.000000
w_130: arc (9, 42) = 1.000000
w_131: arc (9, 43) = 1.000000
w_132: arc (9, 48) = 1.000000
w_133: arc (10, 7) = 1.000000
w_134: arc (10, 8) = 1.000000
w_135: arc (10, 17) = 1.000000
w_136: arc (10, 22) = 1.000000
w_139: arc (10, 28) = 1.000000
w_141: arc (10, 33) = 1.000000
w_142: arc (10, 36) = 1.000000
w_143: arc (10, 38) = 1.000000
w_145: arc (10, 40) = 1.000000
w_146: arc (10, 43) = 1.000000
w_147: arc (10, 49) = 1.000000
w_148: arc (11, 3) = 1.000000
w_149: arc (11, 6) = 1.000000
w_150: arc (11, 13) = 1.000000
w_151: arc (11, 14) = 1.000000
w_153: arc (11, 19) = 1.000000
w_155: arc (11, 23) = 1.000000
w_156: arc (11, 25) = 1.000000
w_157: arc (11, 29) = 1.000000
w_159: arc (11, 42) = 1.000000
w_161: arc (11, 48) = 1.000000
w_162: arc (12, 1) = 1.000000
w_164: arc (12, 16) = 1.000000
w_166: arc (12, 21) = 1.000000
w_167: arc (12, 22) = 1.000000
w_169: arc (12, 29) = 1.000000
w_170: arc (12, 32) = 1.000000
w_171: arc (12, 34) = 1.000000
w_173: arc (12, 45) = 1.000000
w_174: arc (12, 46) = 1.000000
w_175: arc (12, 50) = 1.000000
w_176: arc (13, 2) = 1.000000
w_179: arc (13, 7) = 1.000000
w_181: arc (13, 11) = 1.000000
w_182: arc (13, 14) = 1.000000
w_183: arc (13, 23) = 1.000000
w_184: arc (13, 24) = 1.000000
w_185: arc (13, 26) = 1.000000
w_186: arc (13, 28) = 1.000000
w_188: arc (13, 30) = 1.000000
w_189: arc (13, 31) = 1.000000
w_190: arc (13, 35) = 1.000000
w_193: arc (13, 42) = 1.000000
w_194: arc (13, 43) = 1.000000
w_195: arc (13, 48) = 1.000000
w_196: arc (14, 2) = 1.000000
w_197: arc (14, 5) = 1.000000
w_199: arc (14, 9) = 1.000000
w_201: arc (14, 13) = 1.000000
w_203: arc (14, 24) = 1.000000
w_204: arc (14, 26) = 1.000000
w_207: arc (14, 30) = 1.000000
w_208: arc (14, 31) = 1.000000
w_209: arc (14, 35) = 1.000000
w_210: arc (14, 36) = 1.000000
w_211: arc (14, 41) = 1.000000
w_212: arc (14, 42) = 1.000000
w_213: arc (14, 43) = 1.000000
w_214: arc (14, 48) = 1.000000
w_215: arc (15, 3) = 1.000000
w_218: arc (15, 11) = 1.000000
w_220: arc (15, 20) = 1.000000
w_221: arc (15, 25) = 1.000000
w_222: arc (15, 32) = 1.000000
w_223: arc (15, 44) = 1.000000
w_224: arc (15, 45) = 1.000000
w_225: arc (15, 46) = 1.000000
w_226: arc (15, 47) = 1.000000
w_227: arc (16, 1) = 1.000000
w_229: arc (16, 12) = 1.000000
w_231: arc (16, 21) = 1.000000
w_232: arc (16, 22) = 1.000000
w_233: arc (16, 32) = 1.000000
w_234: arc (16, 34) = 1.000000
w_235: arc (16, 37) = 1.000000
w_236: arc (16, 45) = 1.000000
w_237: arc (16, 46) = 1.000000
w_238: arc (16, 50) = 1.000000
w_239: arc (17, 8) = 1.000000
w_240: arc (17, 10) = 1.000000
w_241: arc (17, 33) = 1.000000
w_245: arc (18, 1) = 1.000000
w_247: arc (18, 12) = 1.000000
w_248: arc (18, 16) = 1.000000
w_249: arc (18, 19) = 1.000000
w_251: arc (18, 22) = 1.000000
w_253: arc (18, 29) = 1.000000
w_254: arc (18, 32) = 1.000000
w_255: arc (18, 34) = 1.000000
w_256: arc (18, 45) = 1.000000
w_257: arc (18, 46) = 1.000000
w_259: arc (18, 48) = 1.000000
w_261: arc (19, 3) = 1.000000
w_262: arc (19, 4) = 1.000000
w_263: arc (19, 6) = 1.000000
w_265: arc (19, 15) = 1.000000
w_266: arc (19, 18) = 1.000000
w_267: arc (19, 20) = 1.000000
w_268: arc (19, 21) = 1.000000
w_269: arc (19, 23) = 1.000000
w_270: arc (19, 25) = 1.000000
w_271: arc (19, 29) = 1.000000
w_272: arc (19, 32) = 1.000000
w_274: arc (19, 44) = 1.000000
w_276: arc (19, 46) = 1.000000
w_277: arc (19, 47) = 1.000000
w_278: arc (19, 48) = 1.000000
w_280: arc (20, 3) = 1.000000
w_281: arc (20, 6) = 1.000000
w_282: arc (20, 11) = 1.000000
w_283: arc (20, 15) = 1.000000
w_284: arc (20, 19) = 1.000000
w_285: arc (20, 25) = 1.000000
w_286: arc (20, 30) = 1.000000
w_287: arc (20, 42) = 1.000000
w_289: arc (20, 47) = 1.000000
w_290: arc (20, 48) = 1.000000
w_291: arc (21, 1) = 1.000000
w_292: arc (21, 4) = 1.000000
w_293: arc (21, 12) = 1.000000
w_294: arc (21, 16) = 1.000000
w_295: arc (21, 18) = 1.000000
w_296: arc (21, 19) = 1.000000
w_297: arc (21, 22) = 1.000000
w_298: arc (21, 23) = 1.000000
w_299: arc (21, 29) = 1.000000
w_300: arc (21, 32) = 1.000000
w_301: arc (21, 34) = 1.000000
w_302: arc (21, 42) = 1.000000
w_304: arc (21, 46) = 1.000000
w_305: arc (21, 47) = 1.000000
w_306: arc (21, 48) = 1.000000
w_307: arc (21, 50) = 1.000000
w_308: arc (22, 1) = 1.000000
w_309: arc (22, 8) = 1.000000
w_310: arc (22, 10) = 1.000000
w_311: arc (22, 12) = 1.000000
w_312: arc (22, 16) = 1.000000
w_313: arc (22, 18) = 1.000000
w_314: arc (22, 21) = 1.000000
w_318: arc (22, 37) = 1.000000
w_319: arc (22, 40) = 1.000000
w_320: arc (22, 50) = 1.000000
w_321: arc (23, 2) = 1.000000
w_323: arc (23, 4) = 1.000000
w_325: arc (23, 9) = 1.000000
w_326: arc (23, 11) = 1.000000
w_327: arc (23, 13) = 1.000000
w_329: arc (23, 18) = 1.000000
w_330: arc (23, 19) = 1.000000
w_331: arc (23, 21) = 1.000000
w_332: arc (23, 29) = 1.000000
w_333: arc (23, 31) = 1.000000
w_334: arc (23, 32) = 1.000000
w_336: arc (23, 40) = 1.000000
w_337: arc (23, 42) = 1.000000
w_338: arc (23, 45) = 1.000000
w_339: arc (23, 48) = 1.000000
w_340: arc (23, 50) = 1.000000
w_341: arc (24, 2) = 1.000000
w_343: arc (24, 7) = 1.000000
w_344: arc (24, 9) = 1.000000
w_345: arc (24, 10) = 1.000000
w_346: arc (24, 13) = 1.000000
w_347: arc (24, 14) = 1.000000
w_348: arc (24, 26) = 1.000000
w_349: arc (24, 28) = 1.000000
w_350: arc (24, 31) = 1.000000
w_351: arc (24, 35) = 1.000000
w_352: arc (24, 36) = 1.000000
w_353: arc (24, 38) = 1.000000
w_354: arc (24, 39) = 1.000000
w_355: arc (24, 40) = 1.000000
w_356: arc (24, 41) = 1.000000
w_357: arc (24, 43) = 1.000000
w_358: arc (24, 49) = 1.000000
w_359: arc (25, 3) = 1.000000
w_360: arc (25, 6) = 1.000000
w_361: arc (25, 11) = 1.000000
w_362: arc (25, 15) = 1.000000
w_363: arc (25, 19) = 1.000000
w_364: arc (25, 20) = 1.000000
w_365: arc (25, 44) = 1.000000
w_366: arc (25, 47) = 1.000000
w_367: arc (26, 2) = 1.000000
w_368: arc (26, 5) = 1.000000
w_369: arc (26, 7) = 1.000000
w_370: arc (26, 9) = 1.000000
w_371: arc (26, 13) = 1.000000
w_372: arc (26, 14) = 1.000000
w_373: arc (26, 24) = 1.000000
w_374: arc (26, 28) = 1.000000
w_375: arc (26, 31) = 1.000000
w_376: arc (26, 35) = 1.000000
w_377: arc (26, 36) = 1.000000
w_378: arc (26, 41) = 1.000000
w_380: arc (27, 8) = 1.000000
w_381: arc (27, 10) = 1.000000
w_382: arc (27, 12) = 1.000000
w_383: arc (27, 22) = 1.000000
w_385: arc (27, 34) = 1.000000
w_386: arc (27, 37) = 1.000000
w_387: arc (27, 40) = 1.000000
w_389: arc (28, 2) = 1.000000
w_390: arc (28, 5) = 1.000000
w_391: arc (28, 7) = 1.000000
w_392: arc (28, 9) = 1.000000
w_393: arc (28, 10) = 1.000000
w_394: arc (28, 13) = 1.000000
w_395: arc (28, 14) = 1.000000
w_396: arc (28, 24) = 1.000000
w_397: arc (28, 26) = 1.000000
w_400: arc (28, 36) = 1.000000
w_401: arc (28, 38) = 1.000000
w_404: arc (28, 41) = 1.000000
w_405: arc (28, 43) = 1.000000
w_406: arc (28, 49) = 1.000000
w_407: arc (29, 1) = 1.000000
w_409: arc (29, 4) = 1.000000
w_410: arc (29, 7) = 1.000000
w_411: arc (29, 9) = 1.000000
w_412: arc (29, 11) = 1.000000
w_413: arc (29, 12) = 1.000000
w_414: arc (29, 13) = 1.000000
w_415: arc (29, 14) = 1.000000
w_416: arc (29, 18) = 1.000000
w_418: arc (29, 21) = 1.000000
w_419: arc (29, 23) = 1.000000
w_420: arc (29, 31) = 1.000000
w_421: arc (29, 32) = 1.000000
w_422: arc (29, 36) = 1.000000
w_423: arc (29, 40) = 1.000000
w_424: arc (29, 42) = 1.000000
w_426: arc (29, 48) = 1.000000
w_427: arc (29, 50) = 1.000000
w_432: arc (30, 11) = 1.000000
w_434: arc (30, 14) = 1.000000
w_435: arc (30, 20) = 1.000000
w_436: arc (30, 42) = 1.000000
w_439: arc (31, 5) = 1.000000
w_440: arc (31, 7) = 1.000000
w_442: arc (31, 10) = 1.000000
w_444: arc (31, 14) = 1.000000
w_446: arc (31, 24) = 1.000000
w_447: arc (31, 26) = 1.000000
w_448: arc (31, 28) = 1.000000
w_450: arc (31, 35) = 1.000000
w_451: arc (31, 36) = 1.000000
w_452: arc (31, 39) = 1.000000
w_454: arc (31, 41) = 1.000000
w_455: arc (31, 42) = 1.000000
w_457: arc (31, 48) = 1.000000
w_460: arc (32, 1) = 1.000000
w_462: arc (32, 12) = 1.000000
w_463: arc (32, 15) = 1.000000
w_464: arc (32, 16) = 1.000000
w_466: arc (32, 19) = 1.000000
w_467: arc (32, 21) = 1.000000
w_468: arc (32, 23) = 1.000000
w_469: arc (32, 29) = 1.000000
w_470: arc (32, 45) = 1.000000
w_471: arc (32, 46) = 1.000000
w_472: arc (32, 47) = 1.000000
w_475: arc (33, 8) = 1.000000
w_477: arc (33, 17) = 1.000000
w_478: arc (33, 22) = 1.000000
w_479: arc (33, 27) = 1.000000
w_480: arc (33, 38) = 1.000000
w_481: arc (33, 39) = 1.000000
w_482: arc (33, 40) = 1.000000
w_483: arc (33, 49) = 1.000000
w_485: arc (34, 12) = 1.000000
w_486: arc (34, 16) = 1.000000
w_487: arc (34, 18) = 1.000000
w_488: arc (34, 21) = 1.000000
w_489: arc (34, 22) = 1.000000
w_491: arc (34, 37) = 1.000000
w_492: arc (34, 40) = 1.000000
w_494: arc (35, 5) = 1.000000
w_495: arc (35, 7) = 1.000000
w_496: arc (35, 9) = 1.000000
w_497: arc (35, 13) = 1.000000
w_499: arc (35, 24) = 1.000000
w_500: arc (35, 26) = 1.000000
w_501: arc (35, 28) = 1.000000
w_502: arc (35, 31) = 1.000000
w_503: arc (35, 36) = 1.000000
w_504: arc (35, 41) = 1.000000
w_507: arc (36, 2) = 1.000000
w_508: arc (36, 5) = 1.000000
w_511: arc (36, 10) = 1.000000
w_512: arc (36, 13) = 1.000000
w_513: arc (36, 14) = 1.000000
w_514: arc (36, 23) = 1.000000
w_517: arc (36, 28) = 1.000000
w_518: arc (36, 29) = 1.000000
w_521: arc (36, 39) = 1.000000
w_522: arc (36, 40) = 1.000000
w_523: arc (36, 41) = 1.000000
w_524: arc (36, 42) = 1.000000
w_525: arc (36, 43) = 1.000000
w_526: arc (36, 48) = 1.000000
w_527: arc (36, 49) = 1.000000
w_528: arc (37, 1) = 1.000000
w_529: arc (37, 12) = 1.000000
w_530: arc (37, 16) = 1.000000
w_531: arc (37, 22) = 1.000000
w_532: arc (37, 27) = 1.000000
w_533: arc (37, 34) = 1.000000
w_535: arc (38, 10) = 1.000000
w_536: arc (38, 17) = 1.000000
w_537: arc (38, 24) = 1.000000
w_539: arc (38, 33) = 1.000000
w_541: arc (38, 43) = 1.000000
w_543: arc (39, 7) = 1.000000
w_544: arc (39, 8) = 1.000000
w_545: arc (39, 9) = 1.000000
w_547: arc (39, 17) = 1.000000
w_548: arc (39, 24) = 1.000000
w_550: arc (39, 31) = 1.000000
w_551: arc (39, 33) = 1.000000
w_552: arc (39, 35) = 1.000000
w_553: arc (39, 36) = 1.000000
w_554: arc (39, 38) = 1.000000
w_555: arc (39, 40) = 1.000000
w_556: arc (39, 43) = 1.000000
w_557: arc (39, 49) = 1.000000
w_558: arc (40, 2) = 1.000000
w_560: arc (40, 8) = 1.000000
w_562: arc (40, 10) = 1.000000
w_564: arc (40, 23) = 1.000000
w_567: arc (40, 28) = 1.000000
w_569: arc (40, 31) = 1.000000
w_570: arc (40, 33) = 1.000000
w_571: arc (40, 34) = 1.000000
w_572: arc (40, 36) = 1.000000
w_573: arc (40, 39) = 1.000000
w_574: arc (40, 43) = 1.000000
w_575: arc (40, 48) = 1.000000
w_576: arc (40, 49) = 1.000000
w_577: arc (40, 50) = 1.000000
w_579: arc (41, 5) = 1.000000
w_580: arc (41, 7) = 1.000000
w_581: arc (41, 9) = 1.000000
w_582: arc (41, 13) = 1.000000
w_584: arc (41, 24) = 1.000000
w_585: arc (41, 26) = 1.000000
w_586: arc (41, 28) = 1.000000
w_588: arc (41, 35) = 1.000000
w_589: arc (41, 36) = 1.000000
w_590: arc (41, 42) = 1.000000
w_591: arc (41, 43) = 1.000000
w_592: arc (42, 2) = 1.000000
w_593: arc (42, 3) = 1.000000
w_594: arc (42, 7) = 1.000000
w_595: arc (42, 9) = 1.000000
w_596: arc (42, 11) = 1.000000
w_597: arc (42, 13) = 1.000000
w_598: arc (42, 14) = 1.000000
w_599: arc (42, 19) = 1.000000
w_600: arc (42, 20) = 1.000000
w_601: arc (42, 21) = 1.000000
w_604: arc (42, 30) = 1.000000
w_605: arc (42, 31) = 1.000000
w_607: arc (42, 36) = 1.000000
w_609: arc (42, 44) = 1.000000
w_610: arc (42, 48) = 1.000000
w_611: arc (42, 50) = 1.000000
w_612: arc (43, 2) = 1.000000
w_613: arc (43, 5) = 1.000000
w_614: arc (43, 7) = 1.000000
w_616: arc (43, 10) = 1.000000
w_617: arc (43, 13) = 1.000000
w_618: arc (43, 14) = 1.000000
w_619: arc (43, 24) = 1.000000
w_620: arc (43, 26) = 1.000000
w_621: arc (43, 28) = 1.000000
w_622: arc (43, 31) = 1.000000
w_623: arc (43, 35) = 1.000000
w_626: arc (43, 39) = 1.000000
w_627: arc (43, 40) = 1.000000
w_628: arc (43, 41) = 1.000000
w_629: arc (43, 49) = 1.000000
w_630: arc (44, 3) = 1.000000
w_631: arc (44, 6) = 1.000000
w_632: arc (44, 11) = 1.000000
w_634: arc (44, 19) = 1.000000
w_636: arc (44, 25) = 1.000000
w_637: arc (44, 30) = 1.000000
w_638: arc (44, 42) = 1.000000
w_639: arc (44, 48) = 1.000000
w_640: arc (45, 1) = 1.000000
w_641: arc (45, 4) = 1.000000
w_644: arc (45, 16) = 1.000000
w_645: arc (45, 18) = 1.000000
w_646: arc (45, 19) = 1.000000
w_647: arc (45, 21) = 1.000000
w_650: arc (45, 32) = 1.000000
w_652: arc (45, 47) = 1.000000
w_653: arc (45, 48) = 1.000000
w_655: arc (46, 1) = 1.000000
w_657: arc (46, 12) = 1.000000
w_659: arc (46, 16) = 1.000000
w_660: arc (46, 18) = 1.000000
w_662: arc (46, 21) = 1.000000
w_663: arc (46, 32) = 1.000000
w_664: arc (46, 45) = 1.000000
w_666: arc (46, 50) = 1.000000
w_667: arc (47, 1) = 1.000000
w_669: arc (47, 4) = 1.000000
w_670: arc (47, 6) = 1.000000
w_672: arc (47, 18) = 1.000000
w_673: arc (47, 19) = 1.000000
w_674: arc (47, 20) = 1.000000
w_675: arc (47, 21) = 1.000000
w_676: arc (47, 25) = 1.000000
w_677: arc (47, 32) = 1.000000
w_678: arc (47, 45) = 1.000000
w_679: arc (47, 46) = 1.000000
w_680: arc (47, 50) = 1.000000
w_681: arc (48, 2) = 1.000000
w_682: arc (48, 3) = 1.000000
w_683: arc (48, 7) = 1.000000
w_684: arc (48, 9) = 1.000000
w_685: arc (48, 11) = 1.000000
w_686: arc (48, 13) = 1.000000
w_688: arc (48, 18) = 1.000000
w_690: arc (48, 20) = 1.000000
w_691: arc (48, 21) = 1.000000
w_692: arc (48, 23) = 1.000000
w_693: arc (48, 29) = 1.000000
w_694: arc (48, 31) = 1.000000
w_695: arc (48, 32) = 1.000000
w_696: arc (48, 36) = 1.000000
w_697: arc (48, 40) = 1.000000
w_698: arc (48, 42) = 1.000000
w_699: arc (48, 44) = 1.000000
w_700: arc (48, 45) = 1.000000
w_701: arc (48, 50) = 1.000000
w_702: arc (49, 7) = 1.000000
w_703: arc (49, 8) = 1.000000
w_704: arc (49, 10) = 1.000000
w_705: arc (49, 17) = 1.000000
w_707: arc (49, 27) = 1.000000
w_708: arc (49, 28) = 1.000000
w_710: arc (49, 33) = 1.000000
w_711: arc (49, 36) = 1.000000
w_715: arc (49, 43) = 1.000000
w_717: arc (50, 4) = 1.000000
w_719: arc (50, 12) = 1.000000
w_720: arc (50, 16) = 1.000000
w_721: arc (50, 18) = 1.000000
w_722: arc (50, 19) = 1.000000
w_723: arc (50, 21) = 1.000000
w_725: arc (50, 23) = 1.000000
w_726: arc (50, 29) = 1.000000
w_728: arc (50, 32) = 1.000000
w_731: arc (50, 45) = 1.000000
w_732: arc (50, 46) = 1.000000
w_733: arc (50, 47) = 1.000000
w_734: arc (50, 48) = 1.000000


-------------------------------

Legenda:Instance_Name	Num_Nodes	Num_Archs	Seed	U_budget	Discovery_Fraction	Max_Num_Discoveries	DDDI_Version	BUB	BLB	Gap	BandC_Time	Starting_Time	Num_Scenarios	Problem_Y_Feasible
Table	SPP_n50_s7_B6_D1_d75	50	735	7	6	0.750000	552.000000	1	14.757031	14.757031	0.000000	36.743000	11.287000	75	1
