Instance_Name: SPP_n50_s3_B6_D1_d75
U_Budget: 6
Num_Nodes: 50
Num_Archs: 735
Max_Num_Discoveries: 552.000000
DDDI_Version: 1
BUB: 12.622926
BLB: 12.622926
Gap: 0.000000
Elapsed_Time: 63.772000
Branch_And_Cut_Time: 45.602000
Starting_Cuts_Time: 18.170000
Max_Num_Starting_Scenarios: 103
Problem_is_feasible: 1


-------------------------------



Solution:

w_1: arc (1, 4) = 1.000000
w_2: arc (1, 7) = 1.000000
w_4: arc (1, 15) = 1.000000
w_5: arc (1, 16) = 1.000000
w_6: arc (1, 18) = 1.000000
w_8: arc (1, 21) = 1.000000
w_10: arc (1, 27) = 1.000000
w_11: arc (1, 32) = 1.000000
w_14: arc (1, 36) = 1.000000
w_15: arc (1, 39) = 1.000000
w_20: arc (1, 50) = 1.000000
w_21: arc (2, 8) = 1.000000
w_22: arc (2, 16) = 1.000000
w_23: arc (2, 22) = 1.000000
w_25: arc (2, 38) = 1.000000
w_26: arc (2, 42) = 1.000000
w_27: arc (2, 44) = 1.000000
w_28: arc (2, 46) = 1.000000
w_29: arc (2, 47) = 1.000000
w_30: arc (2, 48) = 1.000000
w_31: arc (2, 50) = 1.000000
w_33: arc (3, 4) = 1.000000
w_35: arc (3, 7) = 1.000000
w_37: arc (3, 10) = 1.000000
w_38: arc (3, 12) = 1.000000
w_39: arc (3, 18) = 1.000000
w_40: arc (3, 21) = 1.000000
w_41: arc (3, 24) = 1.000000
w_43: arc (3, 34) = 1.000000
w_44: arc (3, 35) = 1.000000
w_47: arc (3, 49) = 1.000000
w_48: arc (4, 1) = 1.000000
w_49: arc (4, 3) = 1.000000
w_50: arc (4, 5) = 1.000000
w_52: arc (4, 10) = 1.000000
w_53: arc (4, 11) = 1.000000
w_55: arc (4, 18) = 1.000000
w_56: arc (4, 21) = 1.000000
w_57: arc (4, 24) = 1.000000
w_58: arc (4, 27) = 1.000000
w_59: arc (4, 30) = 1.000000
w_60: arc (4, 32) = 1.000000
w_61: arc (4, 34) = 1.000000
w_62: arc (4, 35) = 1.000000
w_63: arc (4, 36) = 1.000000
w_64: arc (4, 39) = 1.000000
w_66: arc (4, 45) = 1.000000
w_67: arc (4, 49) = 1.000000
w_68: arc (5, 3) = 1.000000
w_69: arc (5, 4) = 1.000000
w_72: arc (5, 12) = 1.000000
w_73: arc (5, 24) = 1.000000
w_74: arc (5, 30) = 1.000000
w_75: arc (5, 34) = 1.000000
w_77: arc (5, 39) = 1.000000
w_78: arc (5, 45) = 1.000000
w_80: arc (6, 14) = 1.000000
w_81: arc (6, 17) = 1.000000
w_82: arc (6, 19) = 1.000000
w_83: arc (6, 26) = 1.000000
w_85: arc (6, 29) = 1.000000
w_86: arc (6, 33) = 1.000000
w_88: arc (6, 40) = 1.000000
w_89: arc (6, 41) = 1.000000
w_91: arc (7, 1) = 1.000000
w_93: arc (7, 4) = 1.000000
w_94: arc (7, 11) = 1.000000
w_95: arc (7, 14) = 1.000000
w_96: arc (7, 16) = 1.000000
w_97: arc (7, 17) = 1.000000
w_100: arc (7, 21) = 1.000000
w_102: arc (7, 26) = 1.000000
w_103: arc (7, 27) = 1.000000
w_104: arc (7, 28) = 1.000000
w_105: arc (7, 32) = 1.000000
w_107: arc (7, 37) = 1.000000
w_108: arc (7, 39) = 1.000000
w_109: arc (7, 41) = 1.000000
w_110: arc (8, 2) = 1.000000
w_111: arc (8, 11) = 1.000000
w_113: arc (8, 17) = 1.000000
w_114: arc (8, 22) = 1.000000
w_116: arc (8, 32) = 1.000000
w_117: arc (8, 38) = 1.000000
w_118: arc (8, 41) = 1.000000
w_119: arc (8, 42) = 1.000000
w_121: arc (8, 46) = 1.000000
w_122: arc (8, 47) = 1.000000
w_123: arc (8, 48) = 1.000000
w_124: arc (8, 50) = 1.000000
w_127: arc (9, 10) = 1.000000
w_128: arc (9, 12) = 1.000000
w_129: arc (9, 24) = 1.000000
w_130: arc (9, 30) = 1.000000
w_131: arc (9, 34) = 1.000000
w_132: arc (9, 39) = 1.000000
w_134: arc (10, 3) = 1.000000
w_136: arc (10, 5) = 1.000000
w_138: arc (10, 12) = 1.000000
w_140: arc (10, 14) = 1.000000
w_141: arc (10, 21) = 1.000000
w_142: arc (10, 24) = 1.000000
w_143: arc (10, 28) = 1.000000
w_145: arc (10, 34) = 1.000000
w_146: arc (10, 39) = 1.000000
w_147: arc (10, 45) = 1.000000
w_148: arc (11, 1) = 1.000000
w_149: arc (11, 4) = 1.000000
w_150: arc (11, 7) = 1.000000
w_151: arc (11, 8) = 1.000000
w_152: arc (11, 15) = 1.000000
w_153: arc (11, 16) = 1.000000
w_154: arc (11, 17) = 1.000000
w_155: arc (11, 18) = 1.000000
w_156: arc (11, 19) = 1.000000
w_158: arc (11, 24) = 1.000000
w_159: arc (11, 27) = 1.000000
w_160: arc (11, 31) = 1.000000
w_161: arc (11, 32) = 1.000000
w_162: arc (11, 33) = 1.000000
w_163: arc (11, 36) = 1.000000
w_165: arc (11, 41) = 1.000000
w_166: arc (11, 44) = 1.000000
w_167: arc (11, 48) = 1.000000
w_168: arc (11, 50) = 1.000000
w_169: arc (12, 3) = 1.000000
w_173: arc (12, 10) = 1.000000
w_174: arc (12, 24) = 1.000000
w_176: arc (12, 34) = 1.000000
w_178: arc (12, 39) = 1.000000
w_179: arc (12, 45) = 1.000000
w_180: arc (12, 49) = 1.000000
w_181: arc (13, 10) = 1.000000
w_184: arc (13, 21) = 1.000000
w_187: arc (13, 40) = 1.000000
w_190: arc (14, 7) = 1.000000
w_192: arc (14, 13) = 1.000000
w_193: arc (14, 19) = 1.000000
w_194: arc (14, 21) = 1.000000
w_195: arc (14, 28) = 1.000000
w_196: arc (14, 29) = 1.000000
w_197: arc (14, 33) = 1.000000
w_198: arc (14, 37) = 1.000000
w_199: arc (14, 39) = 1.000000
w_202: arc (14, 45) = 1.000000
w_203: arc (15, 1) = 1.000000
w_204: arc (15, 11) = 1.000000
w_206: arc (15, 18) = 1.000000
w_207: arc (15, 20) = 1.000000
w_209: arc (15, 23) = 1.000000
w_210: arc (15, 25) = 1.000000
w_214: arc (15, 44) = 1.000000
w_216: arc (15, 50) = 1.000000
w_218: arc (16, 2) = 1.000000
w_219: arc (16, 7) = 1.000000
w_220: arc (16, 8) = 1.000000
w_221: arc (16, 11) = 1.000000
w_222: arc (16, 15) = 1.000000
w_223: arc (16, 18) = 1.000000
w_224: arc (16, 19) = 1.000000
w_225: arc (16, 21) = 1.000000
w_226: arc (16, 22) = 1.000000
w_227: arc (16, 27) = 1.000000
w_228: arc (16, 31) = 1.000000
w_229: arc (16, 32) = 1.000000
w_232: arc (16, 44) = 1.000000
w_233: arc (16, 48) = 1.000000
w_234: arc (16, 50) = 1.000000
w_235: arc (17, 6) = 1.000000
w_237: arc (17, 8) = 1.000000
w_238: arc (17, 11) = 1.000000
w_239: arc (17, 19) = 1.000000
w_240: arc (17, 21) = 1.000000
w_241: arc (17, 26) = 1.000000
w_244: arc (17, 32) = 1.000000
w_245: arc (17, 33) = 1.000000
w_246: arc (17, 38) = 1.000000
w_247: arc (17, 41) = 1.000000
w_248: arc (17, 42) = 1.000000
w_249: arc (17, 46) = 1.000000
w_250: arc (17, 47) = 1.000000
w_252: arc (18, 1) = 1.000000
w_253: arc (18, 3) = 1.000000
w_254: arc (18, 4) = 1.000000
w_255: arc (18, 7) = 1.000000
w_256: arc (18, 11) = 1.000000
w_257: arc (18, 15) = 1.000000
w_258: arc (18, 16) = 1.000000
w_259: arc (18, 19) = 1.000000
w_261: arc (18, 24) = 1.000000
w_263: arc (18, 27) = 1.000000
w_264: arc (18, 32) = 1.000000
w_265: arc (18, 35) = 1.000000
w_266: arc (18, 36) = 1.000000
w_267: arc (18, 39) = 1.000000
w_268: arc (18, 41) = 1.000000
w_269: arc (18, 43) = 1.000000
w_270: arc (18, 44) = 1.000000
w_271: arc (18, 48) = 1.000000
w_273: arc (18, 50) = 1.000000
w_274: arc (19, 1) = 1.000000
w_275: arc (19, 6) = 1.000000
w_280: arc (19, 16) = 1.000000
w_281: arc (19, 17) = 1.000000
w_282: arc (19, 18) = 1.000000
w_283: arc (19, 21) = 1.000000
w_284: arc (19, 24) = 1.000000
w_286: arc (19, 28) = 1.000000
w_287: arc (19, 29) = 1.000000
w_288: arc (19, 32) = 1.000000
w_289: arc (19, 33) = 1.000000
w_291: arc (19, 39) = 1.000000
w_292: arc (19, 40) = 1.000000
w_293: arc (19, 41) = 1.000000
w_294: arc (20, 15) = 1.000000
w_295: arc (20, 23) = 1.000000
w_297: arc (20, 36) = 1.000000
w_298: arc (20, 43) = 1.000000
w_299: arc (21, 1) = 1.000000
w_300: arc (21, 3) = 1.000000
w_302: arc (21, 7) = 1.000000
w_303: arc (21, 10) = 1.000000
w_304: arc (21, 11) = 1.000000
w_305: arc (21, 13) = 1.000000
w_306: arc (21, 14) = 1.000000
w_307: arc (21, 16) = 1.000000
w_308: arc (21, 17) = 1.000000
w_309: arc (21, 18) = 1.000000
w_311: arc (21, 24) = 1.000000
w_312: arc (21, 27) = 1.000000
w_313: arc (21, 28) = 1.000000
w_314: arc (21, 32) = 1.000000
w_315: arc (21, 33) = 1.000000
w_318: arc (21, 41) = 1.000000
w_320: arc (21, 49) = 1.000000
w_321: arc (22, 2) = 1.000000
w_322: arc (22, 8) = 1.000000
w_323: arc (22, 15) = 1.000000
w_324: arc (22, 16) = 1.000000
w_325: arc (22, 31) = 1.000000
w_326: arc (22, 42) = 1.000000
w_327: arc (22, 44) = 1.000000
w_328: arc (22, 48) = 1.000000
w_329: arc (22, 50) = 1.000000
w_331: arc (23, 20) = 1.000000
w_333: arc (23, 27) = 1.000000
w_334: arc (23, 36) = 1.000000
w_335: arc (23, 43) = 1.000000
w_337: arc (24, 3) = 1.000000
w_339: arc (24, 5) = 1.000000
w_340: arc (24, 7) = 1.000000
w_341: arc (24, 9) = 1.000000
w_342: arc (24, 10) = 1.000000
w_343: arc (24, 11) = 1.000000
w_344: arc (24, 12) = 1.000000
w_346: arc (24, 19) = 1.000000
w_347: arc (24, 21) = 1.000000
w_348: arc (24, 27) = 1.000000
w_349: arc (24, 30) = 1.000000
w_350: arc (24, 32) = 1.000000
w_351: arc (24, 34) = 1.000000
w_352: arc (24, 35) = 1.000000
w_354: arc (24, 41) = 1.000000
w_355: arc (24, 45) = 1.000000
w_356: arc (24, 49) = 1.000000
w_357: arc (25, 15) = 1.000000
w_358: arc (25, 18) = 1.000000
w_359: arc (25, 20) = 1.000000
w_360: arc (25, 23) = 1.000000
w_361: arc (25, 27) = 1.000000
w_362: arc (25, 35) = 1.000000
w_363: arc (25, 36) = 1.000000
w_365: arc (25, 49) = 1.000000
w_366: arc (26, 6) = 1.000000
w_367: arc (26, 7) = 1.000000
w_369: arc (26, 19) = 1.000000
w_372: arc (26, 31) = 1.000000
w_373: arc (26, 32) = 1.000000
w_374: arc (26, 33) = 1.000000
w_375: arc (26, 38) = 1.000000
w_376: arc (26, 40) = 1.000000
w_378: arc (26, 42) = 1.000000
w_380: arc (26, 47) = 1.000000
w_381: arc (27, 1) = 1.000000
w_382: arc (27, 4) = 1.000000
w_383: arc (27, 7) = 1.000000
w_385: arc (27, 15) = 1.000000
w_386: arc (27, 16) = 1.000000
w_387: arc (27, 18) = 1.000000
w_388: arc (27, 20) = 1.000000
w_389: arc (27, 21) = 1.000000
w_390: arc (27, 23) = 1.000000
w_391: arc (27, 24) = 1.000000
w_392: arc (27, 25) = 1.000000
w_393: arc (27, 32) = 1.000000
w_394: arc (27, 35) = 1.000000
w_395: arc (27, 36) = 1.000000
w_396: arc (27, 39) = 1.000000
w_397: arc (27, 41) = 1.000000
w_398: arc (27, 43) = 1.000000
w_399: arc (27, 44) = 1.000000
w_400: arc (27, 48) = 1.000000
w_402: arc (27, 50) = 1.000000
w_403: arc (28, 6) = 1.000000
w_405: arc (28, 10) = 1.000000
w_407: arc (28, 14) = 1.000000
w_408: arc (28, 19) = 1.000000
w_410: arc (28, 26) = 1.000000
w_411: arc (28, 29) = 1.000000
w_414: arc (28, 39) = 1.000000
w_415: arc (28, 40) = 1.000000
w_416: arc (28, 41) = 1.000000
w_417: arc (28, 45) = 1.000000
w_418: arc (29, 6) = 1.000000
w_419: arc (29, 14) = 1.000000
w_420: arc (29, 17) = 1.000000
w_421: arc (29, 19) = 1.000000
w_422: arc (29, 26) = 1.000000
w_423: arc (29, 28) = 1.000000
w_425: arc (29, 37) = 1.000000
w_426: arc (29, 40) = 1.000000
w_428: arc (30, 3) = 1.000000
w_429: arc (30, 4) = 1.000000
w_430: arc (30, 5) = 1.000000
w_432: arc (30, 10) = 1.000000
w_433: arc (30, 12) = 1.000000
w_434: arc (30, 24) = 1.000000
w_435: arc (30, 34) = 1.000000
w_436: arc (30, 35) = 1.000000
w_437: arc (30, 39) = 1.000000
w_438: arc (30, 45) = 1.000000
w_439: arc (30, 49) = 1.000000
w_440: arc (31, 2) = 1.000000
w_441: arc (31, 8) = 1.000000
w_442: arc (31, 11) = 1.000000
w_443: arc (31, 16) = 1.000000
w_444: arc (31, 17) = 1.000000
w_445: arc (31, 22) = 1.000000
w_448: arc (31, 33) = 1.000000
w_449: arc (31, 38) = 1.000000
w_450: arc (31, 41) = 1.000000
w_451: arc (31, 42) = 1.000000
w_452: arc (31, 44) = 1.000000
w_453: arc (31, 46) = 1.000000
w_454: arc (31, 47) = 1.000000
w_455: arc (31, 48) = 1.000000
w_458: arc (32, 4) = 1.000000
w_459: arc (32, 7) = 1.000000
w_460: arc (32, 8) = 1.000000
w_461: arc (32, 11) = 1.000000
w_463: arc (32, 17) = 1.000000
w_464: arc (32, 18) = 1.000000
w_466: arc (32, 21) = 1.000000
w_467: arc (32, 24) = 1.000000
w_469: arc (32, 27) = 1.000000
w_470: arc (32, 31) = 1.000000
w_471: arc (32, 33) = 1.000000
w_472: arc (32, 39) = 1.000000
w_473: arc (32, 41) = 1.000000
w_475: arc (32, 48) = 1.000000
w_476: arc (32, 50) = 1.000000
w_479: arc (33, 11) = 1.000000
w_480: arc (33, 14) = 1.000000
w_482: arc (33, 19) = 1.000000
w_484: arc (33, 26) = 1.000000
w_485: arc (33, 28) = 1.000000
w_487: arc (33, 31) = 1.000000
w_490: arc (33, 40) = 1.000000
w_491: arc (33, 41) = 1.000000
w_492: arc (33, 42) = 1.000000
w_493: arc (33, 46) = 1.000000
w_495: arc (34, 1) = 1.000000
w_496: arc (34, 3) = 1.000000
w_497: arc (34, 4) = 1.000000
w_498: arc (34, 5) = 1.000000
w_499: arc (34, 9) = 1.000000
w_500: arc (34, 10) = 1.000000
w_501: arc (34, 12) = 1.000000
w_502: arc (34, 24) = 1.000000
w_503: arc (34, 30) = 1.000000
w_504: arc (34, 35) = 1.000000
w_505: arc (34, 39) = 1.000000
w_506: arc (34, 45) = 1.000000
w_507: arc (34, 49) = 1.000000
w_508: arc (35, 1) = 1.000000
w_509: arc (35, 3) = 1.000000
w_511: arc (35, 5) = 1.000000
w_512: arc (35, 12) = 1.000000
w_513: arc (35, 18) = 1.000000
w_514: arc (35, 24) = 1.000000
w_515: arc (35, 25) = 1.000000
w_517: arc (35, 30) = 1.000000
w_519: arc (35, 36) = 1.000000
w_520: arc (35, 39) = 1.000000
w_523: arc (36, 1) = 1.000000
w_524: arc (36, 4) = 1.000000
w_525: arc (36, 11) = 1.000000
w_528: arc (36, 18) = 1.000000
w_529: arc (36, 20) = 1.000000
w_531: arc (36, 25) = 1.000000
w_532: arc (36, 27) = 1.000000
w_534: arc (36, 43) = 1.000000
w_535: arc (36, 44) = 1.000000
w_536: arc (36, 49) = 1.000000
w_537: arc (37, 6) = 1.000000
w_538: arc (37, 7) = 1.000000
w_539: arc (37, 13) = 1.000000
w_540: arc (37, 14) = 1.000000
w_542: arc (37, 21) = 1.000000
w_543: arc (37, 28) = 1.000000
w_544: arc (37, 29) = 1.000000
w_545: arc (37, 33) = 1.000000
w_546: arc (37, 40) = 1.000000
w_548: arc (38, 2) = 1.000000
w_550: arc (38, 17) = 1.000000
w_551: arc (38, 26) = 1.000000
w_552: arc (38, 31) = 1.000000
w_554: arc (38, 46) = 1.000000
w_555: arc (38, 47) = 1.000000
w_556: arc (38, 50) = 1.000000
w_557: arc (39, 1) = 1.000000
w_558: arc (39, 3) = 1.000000
w_560: arc (39, 5) = 1.000000
w_561: arc (39, 7) = 1.000000
w_562: arc (39, 9) = 1.000000
w_563: arc (39, 10) = 1.000000
w_564: arc (39, 11) = 1.000000
w_565: arc (39, 12) = 1.000000
w_567: arc (39, 18) = 1.000000
w_569: arc (39, 21) = 1.000000
w_572: arc (39, 28) = 1.000000
w_574: arc (39, 32) = 1.000000
w_577: arc (39, 41) = 1.000000
w_578: arc (39, 45) = 1.000000
w_579: arc (39, 49) = 1.000000
w_580: arc (40, 6) = 1.000000
w_581: arc (40, 13) = 1.000000
w_582: arc (40, 14) = 1.000000
w_583: arc (40, 19) = 1.000000
w_584: arc (40, 26) = 1.000000
w_585: arc (40, 28) = 1.000000
w_587: arc (40, 33) = 1.000000
w_588: arc (40, 37) = 1.000000
w_589: arc (41, 1) = 1.000000
w_590: arc (41, 6) = 1.000000
w_591: arc (41, 7) = 1.000000
w_592: arc (41, 8) = 1.000000
w_594: arc (41, 14) = 1.000000
w_596: arc (41, 17) = 1.000000
w_597: arc (41, 18) = 1.000000
w_598: arc (41, 19) = 1.000000
w_599: arc (41, 21) = 1.000000
w_600: arc (41, 24) = 1.000000
w_602: arc (41, 27) = 1.000000
w_604: arc (41, 31) = 1.000000
w_607: arc (41, 37) = 1.000000
w_608: arc (41, 39) = 1.000000
w_609: arc (41, 44) = 1.000000
w_610: arc (41, 46) = 1.000000
w_612: arc (42, 2) = 1.000000
w_613: arc (42, 8) = 1.000000
w_616: arc (42, 26) = 1.000000
w_619: arc (42, 38) = 1.000000
w_620: arc (42, 46) = 1.000000
w_621: arc (42, 47) = 1.000000
w_622: arc (42, 48) = 1.000000
w_623: arc (42, 50) = 1.000000
w_624: arc (43, 1) = 1.000000
w_625: arc (43, 4) = 1.000000
w_630: arc (43, 25) = 1.000000
w_631: arc (43, 27) = 1.000000
w_633: arc (43, 36) = 1.000000
w_634: arc (43, 49) = 1.000000
w_637: arc (44, 8) = 1.000000
w_638: arc (44, 11) = 1.000000
w_639: arc (44, 15) = 1.000000
w_640: arc (44, 16) = 1.000000
w_643: arc (44, 27) = 1.000000
w_645: arc (44, 32) = 1.000000
w_647: arc (44, 41) = 1.000000
w_648: arc (44, 48) = 1.000000
w_649: arc (44, 50) = 1.000000
w_650: arc (45, 3) = 1.000000
w_651: arc (45, 4) = 1.000000
w_652: arc (45, 5) = 1.000000
w_653: arc (45, 9) = 1.000000
w_654: arc (45, 10) = 1.000000
w_655: arc (45, 12) = 1.000000
w_657: arc (45, 14) = 1.000000
w_658: arc (45, 21) = 1.000000
w_661: arc (45, 30) = 1.000000
w_662: arc (45, 34) = 1.000000
w_663: arc (45, 39) = 1.000000
w_665: arc (46, 2) = 1.000000
w_667: arc (46, 8) = 1.000000
w_668: arc (46, 17) = 1.000000
w_669: arc (46, 26) = 1.000000
w_670: arc (46, 29) = 1.000000
w_671: arc (46, 31) = 1.000000
w_673: arc (46, 38) = 1.000000
w_674: arc (46, 41) = 1.000000
w_675: arc (46, 42) = 1.000000
w_677: arc (47, 2) = 1.000000
w_678: arc (47, 8) = 1.000000
w_681: arc (47, 31) = 1.000000
w_683: arc (47, 38) = 1.000000
w_684: arc (47, 42) = 1.000000
w_685: arc (47, 46) = 1.000000
w_686: arc (47, 50) = 1.000000
w_687: arc (48, 2) = 1.000000
w_688: arc (48, 8) = 1.000000
w_690: arc (48, 15) = 1.000000
w_691: arc (48, 16) = 1.000000
w_692: arc (48, 18) = 1.000000
w_693: arc (48, 22) = 1.000000
w_694: arc (48, 27) = 1.000000
w_695: arc (48, 31) = 1.000000
w_696: arc (48, 32) = 1.000000
w_697: arc (48, 42) = 1.000000
w_698: arc (48, 44) = 1.000000
w_699: arc (48, 50) = 1.000000
w_700: arc (49, 1) = 1.000000
w_701: arc (49, 3) = 1.000000
w_702: arc (49, 4) = 1.000000
w_703: arc (49, 5) = 1.000000
w_704: arc (49, 12) = 1.000000
w_705: arc (49, 18) = 1.000000
w_706: arc (49, 21) = 1.000000
w_707: arc (49, 24) = 1.000000
w_708: arc (49, 25) = 1.000000
w_709: arc (49, 27) = 1.000000
w_710: arc (49, 30) = 1.000000
w_711: arc (49, 34) = 1.000000
w_712: arc (49, 35) = 1.000000
w_714: arc (49, 39) = 1.000000
w_715: arc (49, 43) = 1.000000
w_716: arc (49, 45) = 1.000000
w_717: arc (50, 1) = 1.000000
w_719: arc (50, 8) = 1.000000
w_720: arc (50, 11) = 1.000000
w_721: arc (50, 15) = 1.000000
w_722: arc (50, 16) = 1.000000
w_723: arc (50, 17) = 1.000000
w_724: arc (50, 18) = 1.000000
w_725: arc (50, 22) = 1.000000
w_726: arc (50, 27) = 1.000000
w_727: arc (50, 31) = 1.000000
w_728: arc (50, 32) = 1.000000
w_729: arc (50, 38) = 1.000000
w_730: arc (50, 41) = 1.000000
w_731: arc (50, 42) = 1.000000
w_733: arc (50, 47) = 1.000000


-------------------------------

Legenda:Instance_Name	Num_Nodes	Num_Archs	Seed	U_budget	Discovery_Fraction	Max_Num_Discoveries	DDDI_Version	BUB	BLB	Gap	BandC_Time	Starting_Time	Num_Scenarios	Problem_Y_Feasible
Table	SPP_n50_s3_B6_D1_d75	50	735	3	6	0.750000	552.000000	1	12.622926	12.622926	0.000000	45.602000	18.170000	103	1
