Instance_Name: SPP_n50_s10_B6_D1_d50
U_Budget: 6
Num_Nodes: 50
Num_Archs: 735
Max_Num_Discoveries: 368.000000
DDDI_Version: 1
BUB: 14.072999
BLB: 14.072999
Gap: 0.000000
Elapsed_Time: 219.402000
Branch_And_Cut_Time: 188.674000
Starting_Cuts_Time: 30.728000
Max_Num_Starting_Scenarios: 109
Problem_is_feasible: 1


-------------------------------



Solution:

w_0: arc (1, 2) = 1.000000
w_1: arc (1, 8) = 1.000000
w_2: arc (1, 9) = 1.000000
w_3: arc (1, 10) = 1.000000
w_5: arc (1, 19) = 1.000000
w_6: arc (1, 29) = 1.000000
w_8: arc (1, 36) = 1.000000
w_9: arc (1, 40) = 1.000000
w_11: arc (1, 45) = 1.000000
w_12: arc (2, 1) = 1.000000
w_13: arc (2, 7) = 1.000000
w_15: arc (2, 9) = 1.000000
w_18: arc (2, 16) = 1.000000
w_22: arc (2, 20) = 1.000000
w_24: arc (2, 33) = 1.000000
w_27: arc (2, 42) = 1.000000
w_29: arc (2, 46) = 1.000000
w_30: arc (3, 4) = 1.000000
w_34: arc (3, 28) = 1.000000
w_35: arc (3, 39) = 1.000000
w_39: arc (4, 3) = 1.000000
w_41: arc (4, 14) = 1.000000
w_42: arc (4, 15) = 1.000000
w_43: arc (4, 22) = 1.000000
w_45: arc (4, 28) = 1.000000
w_49: arc (4, 48) = 1.000000
w_50: arc (5, 6) = 1.000000
w_52: arc (5, 12) = 1.000000
w_53: arc (5, 13) = 1.000000
w_55: arc (5, 23) = 1.000000
w_59: arc (5, 41) = 1.000000
w_65: arc (6, 11) = 1.000000
w_67: arc (6, 14) = 1.000000
w_70: arc (6, 20) = 1.000000
w_74: arc (6, 26) = 1.000000
w_79: arc (6, 35) = 1.000000
w_80: arc (6, 38) = 1.000000
w_87: arc (7, 8) = 1.000000
w_88: arc (7, 10) = 1.000000
w_89: arc (7, 16) = 1.000000
w_93: arc (7, 26) = 1.000000
w_94: arc (7, 30) = 1.000000
w_96: arc (7, 32) = 1.000000
w_98: arc (7, 45) = 1.000000
w_104: arc (8, 7) = 1.000000
w_105: arc (8, 9) = 1.000000
w_106: arc (8, 10) = 1.000000
w_108: arc (8, 17) = 1.000000
w_109: arc (8, 18) = 1.000000
w_113: arc (8, 30) = 1.000000
w_114: arc (8, 32) = 1.000000
w_116: arc (8, 35) = 1.000000
w_120: arc (9, 1) = 1.000000
w_121: arc (9, 2) = 1.000000
w_122: arc (9, 8) = 1.000000
w_123: arc (9, 18) = 1.000000
w_124: arc (9, 19) = 1.000000
w_126: arc (9, 22) = 1.000000
w_127: arc (9, 26) = 1.000000
w_128: arc (9, 29) = 1.000000
w_129: arc (9, 33) = 1.000000
w_130: arc (9, 36) = 1.000000
w_132: arc (9, 40) = 1.000000
w_134: arc (9, 45) = 1.000000
w_136: arc (10, 2) = 1.000000
w_137: arc (10, 7) = 1.000000
w_140: arc (10, 18) = 1.000000
w_141: arc (10, 19) = 1.000000
w_142: arc (10, 30) = 1.000000
w_143: arc (10, 32) = 1.000000
w_147: arc (11, 2) = 1.000000
w_148: arc (11, 5) = 1.000000
w_149: arc (11, 6) = 1.000000
w_150: arc (11, 13) = 1.000000
w_152: arc (11, 20) = 1.000000
w_154: arc (11, 24) = 1.000000
w_155: arc (11, 25) = 1.000000
w_156: arc (11, 26) = 1.000000
w_159: arc (11, 31) = 1.000000
w_160: arc (11, 34) = 1.000000
w_162: arc (11, 37) = 1.000000
w_163: arc (11, 38) = 1.000000
w_164: arc (11, 41) = 1.000000
w_165: arc (11, 43) = 1.000000
w_170: arc (12, 13) = 1.000000
w_171: arc (12, 21) = 1.000000
w_173: arc (12, 25) = 1.000000
w_174: arc (12, 27) = 1.000000
w_175: arc (12, 34) = 1.000000
w_176: arc (12, 37) = 1.000000
w_177: arc (12, 43) = 1.000000
w_179: arc (13, 5) = 1.000000
w_181: arc (13, 11) = 1.000000
w_183: arc (13, 16) = 1.000000
w_184: arc (13, 21) = 1.000000
w_186: arc (13, 24) = 1.000000
w_187: arc (13, 25) = 1.000000
w_191: arc (13, 35) = 1.000000
w_193: arc (13, 41) = 1.000000
w_195: arc (13, 44) = 1.000000
w_196: arc (13, 46) = 1.000000
w_199: arc (14, 3) = 1.000000
w_200: arc (14, 4) = 1.000000
w_202: arc (14, 15) = 1.000000
w_203: arc (14, 20) = 1.000000
w_204: arc (14, 22) = 1.000000
w_207: arc (14, 38) = 1.000000
w_210: arc (14, 47) = 1.000000
w_212: arc (15, 3) = 1.000000
w_215: arc (15, 14) = 1.000000
w_219: arc (15, 39) = 1.000000
w_220: arc (15, 41) = 1.000000
w_224: arc (16, 2) = 1.000000
w_226: arc (16, 7) = 1.000000
w_229: arc (16, 13) = 1.000000
w_230: arc (16, 17) = 1.000000
w_231: arc (16, 20) = 1.000000
w_233: arc (16, 25) = 1.000000
w_234: arc (16, 26) = 1.000000
w_236: arc (16, 28) = 1.000000
w_237: arc (16, 31) = 1.000000
w_239: arc (16, 35) = 1.000000
w_242: arc (16, 43) = 1.000000
w_244: arc (16, 50) = 1.000000
w_245: arc (17, 2) = 1.000000
w_246: arc (17, 7) = 1.000000
w_247: arc (17, 8) = 1.000000
w_251: arc (17, 19) = 1.000000
w_255: arc (17, 32) = 1.000000
w_257: arc (17, 45) = 1.000000
w_258: arc (17, 49) = 1.000000
w_261: arc (18, 2) = 1.000000
w_263: arc (18, 8) = 1.000000
w_267: arc (18, 19) = 1.000000
w_268: arc (18, 26) = 1.000000
w_269: arc (18, 30) = 1.000000
w_276: arc (19, 2) = 1.000000
w_277: arc (19, 8) = 1.000000
w_282: arc (19, 26) = 1.000000
w_283: arc (19, 29) = 1.000000
w_284: arc (19, 30) = 1.000000
w_285: arc (19, 33) = 1.000000
w_287: arc (19, 38) = 1.000000
w_288: arc (19, 40) = 1.000000
w_289: arc (19, 42) = 1.000000
w_294: arc (20, 8) = 1.000000
w_295: arc (20, 9) = 1.000000
w_297: arc (20, 14) = 1.000000
w_298: arc (20, 16) = 1.000000
w_299: arc (20, 24) = 1.000000
w_302: arc (20, 28) = 1.000000
w_305: arc (20, 38) = 1.000000
w_307: arc (20, 42) = 1.000000
w_309: arc (21, 5) = 1.000000
w_310: arc (21, 6) = 1.000000
w_312: arc (21, 12) = 1.000000
w_313: arc (21, 13) = 1.000000
w_315: arc (21, 25) = 1.000000
w_319: arc (21, 37) = 1.000000
w_328: arc (22, 33) = 1.000000
w_329: arc (22, 38) = 1.000000
w_333: arc (23, 12) = 1.000000
w_334: arc (23, 13) = 1.000000
w_335: arc (23, 21) = 1.000000
w_337: arc (23, 27) = 1.000000
w_338: arc (23, 34) = 1.000000
w_339: arc (23, 37) = 1.000000
w_340: arc (23, 43) = 1.000000
w_343: arc (24, 4) = 1.000000
w_344: arc (24, 6) = 1.000000
w_351: arc (24, 26) = 1.000000
w_352: arc (24, 27) = 1.000000
w_353: arc (24, 28) = 1.000000
w_355: arc (24, 38) = 1.000000
w_356: arc (24, 39) = 1.000000
w_359: arc (24, 47) = 1.000000
w_360: arc (24, 48) = 1.000000
w_363: arc (25, 11) = 1.000000
w_366: arc (25, 16) = 1.000000
w_367: arc (25, 21) = 1.000000
w_369: arc (25, 27) = 1.000000
w_370: arc (25, 31) = 1.000000
w_371: arc (25, 34) = 1.000000
w_372: arc (25, 35) = 1.000000
w_376: arc (25, 46) = 1.000000
w_377: arc (25, 50) = 1.000000
w_378: arc (26, 2) = 1.000000
w_379: arc (26, 6) = 1.000000
w_380: arc (26, 7) = 1.000000
w_382: arc (26, 9) = 1.000000
w_384: arc (26, 16) = 1.000000
w_386: arc (26, 18) = 1.000000
w_388: arc (26, 20) = 1.000000
w_391: arc (26, 31) = 1.000000
w_392: arc (26, 32) = 1.000000
w_395: arc (26, 42) = 1.000000
w_396: arc (26, 46) = 1.000000
w_397: arc (27, 5) = 1.000000
w_398: arc (27, 6) = 1.000000
w_401: arc (27, 13) = 1.000000
w_403: arc (27, 16) = 1.000000
w_404: arc (27, 20) = 1.000000
w_406: arc (27, 23) = 1.000000
w_407: arc (27, 24) = 1.000000
w_412: arc (27, 35) = 1.000000
w_415: arc (27, 43) = 1.000000
w_416: arc (27, 44) = 1.000000
w_417: arc (27, 46) = 1.000000
w_422: arc (28, 6) = 1.000000
w_425: arc (28, 15) = 1.000000
w_431: arc (28, 27) = 1.000000
w_434: arc (28, 41) = 1.000000
w_436: arc (28, 47) = 1.000000
w_439: arc (29, 9) = 1.000000
w_442: arc (29, 36) = 1.000000
w_443: arc (29, 40) = 1.000000
w_444: arc (29, 42) = 1.000000
w_451: arc (30, 19) = 1.000000
w_452: arc (30, 32) = 1.000000
w_453: arc (30, 45) = 1.000000
w_455: arc (31, 6) = 1.000000
w_459: arc (31, 16) = 1.000000
w_463: arc (31, 25) = 1.000000
w_464: arc (31, 26) = 1.000000
w_466: arc (31, 32) = 1.000000
w_467: arc (31, 35) = 1.000000
w_469: arc (31, 43) = 1.000000
w_470: arc (31, 46) = 1.000000
w_472: arc (31, 50) = 1.000000
w_473: arc (32, 7) = 1.000000
w_477: arc (32, 17) = 1.000000
w_480: arc (32, 30) = 1.000000
w_482: arc (32, 35) = 1.000000
w_483: arc (32, 45) = 1.000000
w_484: arc (32, 49) = 1.000000
w_485: arc (32, 50) = 1.000000
w_488: arc (33, 8) = 1.000000
w_494: arc (33, 29) = 1.000000
w_495: arc (33, 36) = 1.000000
w_496: arc (33, 40) = 1.000000
w_499: arc (34, 5) = 1.000000
w_500: arc (34, 6) = 1.000000
w_501: arc (34, 11) = 1.000000
w_503: arc (34, 13) = 1.000000
w_504: arc (34, 21) = 1.000000
w_506: arc (34, 25) = 1.000000
w_507: arc (34, 27) = 1.000000
w_508: arc (34, 37) = 1.000000
w_510: arc (34, 43) = 1.000000
w_511: arc (34, 44) = 1.000000
w_512: arc (34, 46) = 1.000000
w_513: arc (34, 47) = 1.000000
w_514: arc (35, 2) = 1.000000
w_515: arc (35, 6) = 1.000000
w_516: arc (35, 7) = 1.000000
w_517: arc (35, 8) = 1.000000
w_518: arc (35, 11) = 1.000000
w_520: arc (35, 16) = 1.000000
w_523: arc (35, 24) = 1.000000
w_524: arc (35, 25) = 1.000000
w_525: arc (35, 26) = 1.000000
w_529: arc (35, 37) = 1.000000
w_535: arc (36, 9) = 1.000000
w_537: arc (36, 29) = 1.000000
w_540: arc (36, 42) = 1.000000
w_542: arc (37, 11) = 1.000000
w_543: arc (37, 12) = 1.000000
w_546: arc (37, 21) = 1.000000
w_547: arc (37, 23) = 1.000000
w_550: arc (37, 31) = 1.000000
w_552: arc (37, 35) = 1.000000
w_557: arc (38, 2) = 1.000000
w_560: arc (38, 9) = 1.000000
w_562: arc (38, 14) = 1.000000
w_565: arc (38, 19) = 1.000000
w_566: arc (38, 20) = 1.000000
w_568: arc (38, 24) = 1.000000
w_570: arc (38, 28) = 1.000000
w_571: arc (38, 35) = 1.000000
w_572: arc (38, 42) = 1.000000
w_575: arc (39, 4) = 1.000000
w_576: arc (39, 14) = 1.000000
w_578: arc (39, 24) = 1.000000
w_579: arc (39, 28) = 1.000000
w_580: arc (39, 41) = 1.000000
w_581: arc (39, 47) = 1.000000
w_582: arc (39, 48) = 1.000000
w_583: arc (40, 1) = 1.000000
w_585: arc (40, 19) = 1.000000
w_588: arc (40, 33) = 1.000000
w_590: arc (40, 42) = 1.000000
w_593: arc (41, 5) = 1.000000
w_594: arc (41, 6) = 1.000000
w_595: arc (41, 11) = 1.000000
w_597: arc (41, 14) = 1.000000
w_599: arc (41, 20) = 1.000000
w_601: arc (41, 27) = 1.000000
w_604: arc (41, 39) = 1.000000
w_606: arc (41, 47) = 1.000000
w_608: arc (42, 1) = 1.000000
w_611: arc (42, 9) = 1.000000
w_614: arc (42, 19) = 1.000000
w_618: arc (42, 29) = 1.000000
w_619: arc (42, 33) = 1.000000
w_620: arc (42, 36) = 1.000000
w_622: arc (42, 40) = 1.000000
w_625: arc (43, 6) = 1.000000
w_626: arc (43, 11) = 1.000000
w_629: arc (43, 16) = 1.000000
w_630: arc (43, 21) = 1.000000
w_632: arc (43, 25) = 1.000000
w_636: arc (43, 35) = 1.000000
w_639: arc (43, 46) = 1.000000
w_641: arc (44, 5) = 1.000000
w_643: arc (44, 13) = 1.000000
w_644: arc (44, 21) = 1.000000
w_647: arc (44, 27) = 1.000000
w_649: arc (44, 37) = 1.000000
w_650: arc (44, 43) = 1.000000
w_651: arc (45, 1) = 1.000000
w_653: arc (45, 7) = 1.000000
w_654: arc (45, 8) = 1.000000
w_659: arc (45, 19) = 1.000000
w_661: arc (45, 30) = 1.000000
w_662: arc (45, 32) = 1.000000
w_663: arc (45, 33) = 1.000000
w_666: arc (46, 2) = 1.000000
w_668: arc (46, 7) = 1.000000
w_671: arc (46, 15) = 1.000000
w_672: arc (46, 16) = 1.000000
w_673: arc (46, 20) = 1.000000
w_675: arc (46, 24) = 1.000000
w_677: arc (46, 26) = 1.000000
w_678: arc (46, 27) = 1.000000
w_681: arc (46, 34) = 1.000000
w_682: arc (46, 35) = 1.000000
w_683: arc (46, 38) = 1.000000
w_686: arc (46, 47) = 1.000000
w_687: arc (46, 50) = 1.000000
w_688: arc (47, 3) = 1.000000
w_690: arc (47, 5) = 1.000000
w_692: arc (47, 11) = 1.000000
w_693: arc (47, 13) = 1.000000
w_694: arc (47, 14) = 1.000000
w_695: arc (47, 15) = 1.000000
w_697: arc (47, 27) = 1.000000
w_699: arc (47, 34) = 1.000000
w_700: arc (47, 39) = 1.000000
w_704: arc (48, 3) = 1.000000
w_705: arc (48, 4) = 1.000000
w_706: arc (48, 6) = 1.000000
w_707: arc (48, 14) = 1.000000
w_712: arc (48, 41) = 1.000000
w_713: arc (48, 47) = 1.000000
w_714: arc (49, 7) = 1.000000
w_715: arc (49, 17) = 1.000000
w_716: arc (49, 30) = 1.000000
w_717: arc (49, 31) = 1.000000
w_719: arc (49, 37) = 1.000000
w_722: arc (50, 11) = 1.000000
w_724: arc (50, 16) = 1.000000
w_725: arc (50, 17) = 1.000000
w_726: arc (50, 21) = 1.000000
w_727: arc (50, 25) = 1.000000
w_728: arc (50, 31) = 1.000000
w_729: arc (50, 32) = 1.000000
w_731: arc (50, 37) = 1.000000
w_732: arc (50, 43) = 1.000000


-------------------------------

Legenda:Instance_Name	Num_Nodes	Num_Archs	Seed	U_budget	Discovery_Fraction	Max_Num_Discoveries	DDDI_Version	BUB	BLB	Gap	BandC_Time	Starting_Time	Num_Scenarios	Problem_Y_Feasible
Table	SPP_n50_s10_B6_D1_d50	50	735	10	6	0.500000	368.000000	1	14.072999	14.072999	0.000000	188.674000	30.728000	109	1
